000.000 =============================================================
000.000                     Station A                               
000.000 -------------------------------------------------------------
000.000 Protocol.lib, version 4.0, jiangyanjun0718@bupt.edu.cn
000.000 Channel: 8000 bps, 270 ms propagation delay, bit error rate 1.0E-05
000.000 Log file "A.log", TCP port 30011, debug mask 0x00
000.000 Station A is waiting for station B on TCP port 30011 ... Done.
000.394 New epoch: Thu May 16 20:30:25 2019
000.394 =================================================================
000.394 
000.394 Designed by CJSoft, build: May 16 2019  20:29:14
003.438 .... 7 packets received, 6718 bps, 83.97%, Err 1 (5.3e-05)
005.555 .... 15 packets received, 7227 bps, 90.33%, Err 1 (2.8e-05)
007.684 .... 23 packets received, 7383 bps, 92.29%, Err 1 (1.9e-05)
009.802 .... 31 packets received, 7471 bps, 93.39%, Err 1 (1.4e-05)
011.911 .... 39 packets received, 7530 bps, 94.13%, Err 1 (1.2e-05)
014.048 .... 47 packets received, 7553 bps, 94.41%, Err 1 (9.6e-06)
016.146 .... 55 packets received, 7589 bps, 94.87%, Err 1 (8.3e-06)
018.285 .... 63 packets received, 7598 bps, 94.98%, Err 1 (7.3e-06)
020.399 .... 71 packets received, 7615 bps, 95.19%, Err 1 (6.5e-06)
022.536 .... 79 packets received, 7620 bps, 95.25%, Err 1 (5.8e-06)
024.653 .... 87 packets received, 7631 bps, 95.39%, Err 1 (5.3e-06)
026.759 .... 95 packets received, 7643 bps, 95.54%, Err 1 (4.9e-06)
028.895 .... 103 packets received, 7645 bps, 95.57%, Err 1 (4.5e-06)
031.003 .... 111 packets received, 7654 bps, 95.68%, Err 1 (4.2e-06)
033.138 .... 119 packets received, 7656 bps, 95.70%, Err 2 (7.8e-06)
035.276 .... 127 packets received, 7656 bps, 95.70%, Err 2 (7.3e-06)
037.391 .... 135 packets received, 7661 bps, 95.77%, Err 2 (6.9e-06)
039.509 .... 143 packets received, 7666 bps, 95.82%, Err 2 (6.5e-06)
041.638 .... 151 packets received, 7667 bps, 95.84%, Err 2 (6.2e-06)
043.741 .... 159 packets received, 7673 bps, 95.92%, Err 2 (5.9e-06)
045.862 .... 167 packets received, 7676 bps, 95.95%, Err 2 (5.6e-06)
047.988 .... 175 packets received, 7677 bps, 95.96%, Err 2 (5.3e-06)
050.105 .... 183 packets received, 7680 bps, 96.00%, Err 2 (5.1e-06)
052.236 .... 191 packets received, 7680 bps, 96.00%, Err 2 (4.9e-06)
054.347 .... 199 packets received, 7684 bps, 96.04%, Err 2 (4.7e-06)
056.465 .... 207 packets received, 7685 bps, 96.07%, Err 2 (4.5e-06)
058.593 .... 215 packets received, 7686 bps, 96.07%, Err 2 (4.3e-06)
060.709 .... 223 packets received, 7688 bps, 96.10%, Err 2 (4.2e-06)
062.847 .... 231 packets received, 7687 bps, 96.09%, Err 2 (4.0e-06)
065.498 .... 237 packets received, 7561 bps, 94.51%, Err 3 (5.8e-06)
067.871 .... 245 packets received, 7538 bps, 94.22%, Err 4 (7.5e-06)
069.995 .... 256 packets received, 7633 bps, 95.41%, Err 4 (7.3e-06)
072.117 .... 264 packets received, 7635 bps, 95.44%, Err 5 (8.8e-06)
074.247 .... 271 packets received, 7609 bps, 95.11%, Err 5 (8.5e-06)
076.355 .... 279 packets received, 7613 bps, 95.17%, Err 5 (8.3e-06)
078.467 .... 287 packets received, 7617 bps, 95.22%, Err 6 (9.7e-06)
080.873 .... 292 packets received, 7516 bps, 93.95%, Err 7 (1.1e-05)
082.985 .... 303 packets received, 7597 bps, 94.96%, Err 7 (1.1e-05)
085.107 .... 311 packets received, 7600 bps, 95.00%, Err 7 (1.0e-05)
087.221 .... 319 packets received, 7604 bps, 95.05%, Err 7 (1.0e-05)
089.343 .... 327 packets received, 7607 bps, 95.09%, Err 7 (9.9e-06)
091.454 .... 335 packets received, 7610 bps, 95.13%, Err 7 (9.7e-06)
093.598 .... 343 packets received, 7611 bps, 95.14%, Err 7 (9.5e-06)
095.710 .... 351 packets received, 7614 bps, 95.18%, Err 7 (9.2e-06)
098.891 .... 357 packets received, 7492 bps, 93.65%, Err 9 (1.1e-05)
104.568 .... 368 packets received, 7298 bps, 91.23%, Err 9 (1.1e-05)
108.733 .... 369 packets received, 7035 bps, 87.93%, Err 9 (1.1e-05)
112.757 .... 370 packets received, 6799 bps, 84.99%, Err 9 (1.1e-05)
116.851 .... 371 packets received, 6576 bps, 82.20%, Err 9 (1.1e-05)
120.894 .... 372 packets received, 6371 bps, 79.63%, Err 9 (1.1e-05)
124.926 .... 373 packets received, 6179 bps, 77.24%, Err 9 (1.1e-05)
128.957 .... 374 packets received, 6000 bps, 75.00%, Err 9 (1.1e-05)
133.045 .... 375 packets received, 5830 bps, 72.87%, Err 9 (1.1e-05)
137.219 .... 376 packets received, 5666 bps, 70.82%, Err 9 (1.1e-05)
141.378 .... 377 packets received, 5512 bps, 68.90%, Err 9 (1.1e-05)
145.560 .... 378 packets received, 5366 bps, 67.08%, Err 9 (1.1e-05)
149.650 .... 379 packets received, 5232 bps, 65.40%, Err 9 (1.1e-05)
153.807 .... 380 packets received, 5103 bps, 63.79%, Err 9 (1.1e-05)
157.918 .... 381 packets received, 4982 bps, 62.28%, Err 9 (1.1e-05)
161.959 .... 382 packets received, 4870 bps, 60.87%, Err 9 (1.1e-05)
166.054 .... 383 packets received, 4761 bps, 59.51%, Err 9 (1.1e-05)
170.161 .... 384 packets received, 4657 bps, 58.22%, Err 9 (1.1e-05)
174.232 .... 385 packets received, 4560 bps, 56.99%, Err 9 (1.1e-05)
178.291 .... 386 packets received, 4467 bps, 55.83%, Err 9 (1.1e-05)
182.438 .... 387 packets received, 4376 bps, 54.70%, Err 9 (1.1e-05)
186.461 .... 388 packets received, 4292 bps, 53.65%, Err 9 (1.1e-05)
190.581 .... 389 packets received, 4209 bps, 52.61%, Err 9 (1.1e-05)
194.680 .... 390 packets received, 4130 bps, 51.63%, Err 9 (1.0e-05)
198.757 .... 391 packets received, 4055 bps, 50.69%, Err 9 (1.0e-05)
200.794 .... 393 packets received, 4035 bps, 50.43%, Err 9 (1.0e-05)
202.937 .... 401 packets received, 4073 bps, 50.91%, Err 9 (1.0e-05)
205.063 .... 408 packets received, 4101 bps, 51.26%, Err 10 (1.1e-05)
207.175 .... 416 packets received, 4138 bps, 51.73%, Err 10 (1.1e-05)
209.301 .... 424 packets received, 4175 bps, 52.19%, Err 10 (1.1e-05)
211.415 .... 432 packets received, 4211 bps, 52.64%, Err 10 (1.0e-05)
213.532 .... 440 packets received, 4246 bps, 53.07%, Err 10 (1.0e-05)
215.643 .... 448 packets received, 4281 bps, 53.51%, Err 10 (1.0e-05)
217.775 .... 456 packets received, 4314 bps, 53.93%, Err 10 (1.0e-05)
219.880 .... 464 packets received, 4348 bps, 54.34%, Err 10 (9.8e-06)
222.006 .... 472 packets received, 4380 bps, 54.75%, Err 10 (9.6e-06)
224.133 .... 480 packets received, 4412 bps, 55.15%, Err 11 (1.0e-05)
226.265 .... 487 packets received, 4434 bps, 55.42%, Err 11 (1.0e-05)
228.367 .... 495 packets received, 4465 bps, 55.81%, Err 11 (1.0e-05)
230.502 .... 503 packets received, 4495 bps, 56.18%, Err 11 (9.9e-06)
232.615 .... 511 packets received, 4524 bps, 56.55%, Err 11 (9.8e-06)
235.529 .... 518 packets received, 4529 bps, 56.62%, Err 12 (1.0e-05)
237.643 .... 529 packets received, 4584 bps, 57.30%, Err 12 (1.0e-05)
239.771 .... 537 packets received, 4612 bps, 57.65%, Err 12 (1.0e-05)
241.883 .... 545 packets received, 4639 bps, 57.99%, Err 12 (1.0e-05)
244.010 .... 553 packets received, 4666 bps, 58.33%, Err 12 (9.9e-06)
246.154 .... 561 packets received, 4692 bps, 58.65%, Err 12 (9.7e-06)
248.265 .... 569 packets received, 4719 bps, 58.98%, Err 12 (9.6e-06)
250.375 .... 577 packets received, 4744 bps, 59.31%, Err 12 (9.5e-06)
252.751 .... 582 packets received, 4740 bps, 59.25%, Err 13 (1.0e-05)
254.884 .... 593 packets received, 4789 bps, 59.87%, Err 13 (1.0e-05)
256.987 .... 601 packets received, 4814 bps, 60.17%, Err 13 (9.9e-06)
259.115 .... 609 packets received, 4838 bps, 60.47%, Err 13 (9.7e-06)
261.233 .... 617 packets received, 4861 bps, 60.77%, Err 13 (9.6e-06)
263.373 .... 625 packets received, 4884 bps, 61.05%, Err 13 (9.5e-06)
265.497 .... 633 packets received, 4907 bps, 61.34%, Err 13 (9.4e-06)
267.617 .... 641 packets received, 4929 bps, 61.62%, Err 13 (9.3e-06)
269.724 .... 649 packets received, 4952 bps, 61.90%, Err 13 (9.2e-06)
271.840 .... 657 packets received, 4974 bps, 62.17%, Err 13 (9.1e-06)
273.962 .... 665 packets received, 4995 bps, 62.44%, Err 14 (9.6e-06)
276.086 .... 673 packets received, 5016 bps, 62.70%, Err 14 (9.5e-06)
278.212 .... 681 packets received, 5037 bps, 62.96%, Err 14 (9.4e-06)
280.334 .... 689 packets received, 5057 bps, 63.21%, Err 14 (9.3e-06)
283.255 .... 696 packets received, 5056 bps, 63.19%, Err 15 (9.8e-06)
285.384 .... 707 packets received, 5097 bps, 63.71%, Err 15 (9.7e-06)
288.293 .... 714 packets received, 5095 bps, 63.69%, Err 16 (1.0e-05)
290.421 .... 725 packets received, 5136 bps, 64.20%, Err 16 (1.0e-05)
292.550 .... 733 packets received, 5154 bps, 64.43%, Err 16 (1.0e-05)
294.644 .... 741 packets received, 5173 bps, 64.67%, Err 16 (9.9e-06)
296.788 .... 749 packets received, 5191 bps, 64.89%, Err 16 (9.8e-06)
298.906 .... 757 packets received, 5209 bps, 65.12%, Err 16 (9.7e-06)
304.596 .... 764 packets received, 5159 bps, 64.49%, Err 16 (9.6e-06)
308.663 .... 765 packets received, 5097 bps, 63.72%, Err 16 (9.6e-06)
312.794 .... 766 packets received, 5036 bps, 62.95%, Err 16 (9.6e-06)
316.923 .... 767 packets received, 4977 bps, 62.21%, Err 16 (9.6e-06)
321.007 .... 768 packets received, 4920 bps, 61.50%, Err 16 (9.5e-06)
325.243 .... 769 packets received, 4862 bps, 60.77%, Err 16 (9.5e-06)
329.314 .... 770 packets received, 4808 bps, 60.10%, Err 16 (9.5e-06)
333.447 ** WARNING: System too busy, sleep 15 ms, but be awakened 199 ms later
333.825 .... 771 packets received, 4749 bps, 59.36%, Err 16 (9.5e-06)
336.875 ** WARNING: System too busy, sleep 15 ms, but be awakened 153 ms later
337.666 .... 772 packets received, 4700 bps, 58.76%, Err 16 (9.5e-06)
338.086 ** WARNING: System too busy, sleep 15 ms, but be awakened 141 ms later
340.224 ** WARNING: System too busy, sleep 15 ms, but be awakened 69 ms later
341.891 .... 773 packets received, 4648 bps, 58.10%, Err 16 (9.5e-06)
343.131 ** WARNING: System too busy, sleep 15 ms, but be awakened 69 ms later
345.162 ** WARNING: System too busy, sleep 15 ms, but be awakened 220 ms later
345.890 .... 774 packets received, 4600 bps, 57.50%, Err 16 (9.4e-06)
347.047 ** WARNING: System too busy, sleep 15 ms, but be awakened 66 ms later
349.105 ** WARNING: System too busy, sleep 15 ms, but be awakened 673 ms later
350.746 .... 775 packets received, 4542 bps, 56.78%, Err 16 (9.4e-06)
352.152 ** WARNING: System too busy, sleep 15 ms, but be awakened 112 ms later
354.548 .... 776 packets received, 4499 bps, 56.24%, Err 16 (9.4e-06)
358.536 .... 777 packets received, 4455 bps, 55.68%, Err 16 (9.4e-06)
359.683 ** WARNING: System too busy, sleep 15 ms, but be awakened 78 ms later
362.634 .... 778 packets received, 4410 bps, 55.12%, Err 16 (9.4e-06)
365.422 ** WARNING: System too busy, sleep 15 ms, but be awakened 87 ms later
367.670 .... 779 packets received, 4355 bps, 54.43%, Err 17 (9.9e-06)
370.865 .... 780 packets received, 4323 bps, 54.03%, Err 17 (9.9e-06)
374.936 .... 781 packets received, 4281 bps, 53.51%, Err 17 (9.9e-06)
378.982 .... 782 packets received, 4240 bps, 53.01%, Err 17 (9.9e-06)
383.094 .... 783 packets received, 4200 bps, 52.50%, Err 17 (9.9e-06)
387.245 .... 784 packets received, 4160 bps, 52.00%, Err 17 (9.9e-06)
391.374 .... 785 packets received, 4122 bps, 51.52%, Err 17 (9.8e-06)
395.403 .... 786 packets received, 4085 bps, 51.06%, Err 17 (9.8e-06)
399.418 .... 787 packets received, 4049 bps, 50.61%, Err 17 (9.8e-06)
401.600 .... 792 packets received, 4052 bps, 50.65%, Err 17 (9.7e-06)
403.717 .... 800 packets received, 4071 bps, 50.89%, Err 17 (9.7e-06)
405.870 .... 808 packets received, 4090 bps, 51.13%, Err 17 (9.6e-06)
407.976 .... 816 packets received, 4109 bps, 51.37%, Err 17 (9.5e-06)
410.114 .... 824 packets received, 4128 bps, 51.60%, Err 17 (9.4e-06)
412.242 .... 832 packets received, 4146 bps, 51.83%, Err 17 (9.3e-06)
414.366 .... 840 packets received, 4165 bps, 52.06%, Err 17 (9.2e-06)
416.485 .... 847 packets received, 4178 bps, 52.23%, Err 18 (9.7e-06)
418.592 .... 855 packets received, 4196 bps, 52.45%, Err 18 (9.6e-06)
421.260 .... 861 packets received, 4199 bps, 52.49%, Err 19 (1.0e-05)
423.370 .... 872 packets received, 4231 bps, 52.89%, Err 19 (9.9e-06)
425.493 .... 880 packets received, 4249 bps, 53.11%, Err 19 (9.8e-06)
428.146 .... 886 packets received, 4251 bps, 53.14%, Err 20 (1.0e-05)
430.256 .... 897 packets received, 4283 bps, 53.53%, Err 20 (1.0e-05)
432.381 .... 905 packets received, 4300 bps, 53.74%, Err 20 (1.0e-05)
434.519 .... 909 packets received, 4297 bps, 53.72%, Err 22 (1.1e-05)
436.617 .... 919 packets received, 4324 bps, 54.04%, Err 22 (1.1e-05)
438.748 .... 925 packets received, 4331 bps, 54.13%, Err 22 (1.1e-05)
440.884 .... 931 packets received, 4338 bps, 54.22%, Err 22 (1.1e-05)
444.088 .... 938 packets received, 4339 bps, 54.23%, Err 23 (1.1e-05)
446.190 .... 948 packets received, 4364 bps, 54.55%, Err 23 (1.1e-05)
448.307 .... 956 packets received, 4380 bps, 54.75%, Err 23 (1.1e-05)
450.453 .... 964 packets received, 4396 bps, 54.94%, Err 23 (1.1e-05)
452.575 .... 972 packets received, 4411 bps, 55.14%, Err 23 (1.1e-05)
454.685 .... 980 packets received, 4427 bps, 55.34%, Err 23 (1.1e-05)
456.798 .... 988 packets received, 4442 bps, 55.53%, Err 23 (1.1e-05)
458.939 .... 996 packets received, 4457 bps, 55.72%, Err 23 (1.0e-05)
461.050 .... 1004 packets received, 4472 bps, 55.91%, Err 23 (1.0e-05)
463.174 .... 1012 packets received, 4487 bps, 56.09%, Err 23 (1.0e-05)
465.297 .... 1020 packets received, 4502 bps, 56.28%, Err 23 (1.0e-05)
467.414 .... 1028 packets received, 4517 bps, 56.46%, Err 23 (1.0e-05)
469.545 .... 1036 packets received, 4531 bps, 56.64%, Err 23 (1.0e-05)
471.670 .... 1044 packets received, 4546 bps, 56.82%, Err 23 (1.0e-05)
473.778 .... 1052 packets received, 4560 bps, 57.00%, Err 23 (9.9e-06)
475.902 .... 1060 packets received, 4574 bps, 57.18%, Err 23 (9.8e-06)
478.044 .... 1068 packets received, 4588 bps, 57.35%, Err 23 (9.8e-06)
480.150 .... 1076 packets received, 4602 bps, 57.52%, Err 23 (9.7e-06)
482.327 .... 1084 packets received, 4615 bps, 57.69%, Err 23 (9.6e-06)
484.390 .... 1092 packets received, 4629 bps, 57.87%, Err 23 (9.6e-06)
486.515 .... 1100 packets received, 4643 bps, 58.04%, Err 23 (9.5e-06)
488.616 .... 1108 packets received, 4657 bps, 58.21%, Err 23 (9.4e-06)
490.783 .... 1116 packets received, 4669 bps, 58.37%, Err 23 (9.4e-06)
492.890 .... 1124 packets received, 4683 bps, 58.53%, Err 23 (9.3e-06)
493.302 ** WARNING: System too busy, sleep 15 ms, but be awakened 76 ms later
495.297 .... 1132 packets received, 4693 bps, 58.66%, Err 23 (9.2e-06)
496.566 ** WARNING: System too busy, sleep 15 ms, but be awakened 76 ms later
498.785 .... 1141 packets received, 4697 bps, 58.72%, Err 24 (9.5e-06)
499.794 ** WARNING: System too busy, sleep 15 ms, but be awakened 69 ms later
501.398 ** WARNING: System too busy, sleep 15 ms, but be awakened 68 ms later
504.556 .... 1152 packets received, 4688 bps, 58.60%, Err 24 (9.5e-06)
505.796 ** WARNING: System too busy, sleep 15 ms, but be awakened 197 ms later
507.597 ** WARNING: System too busy, sleep 15 ms, but be awakened 72 ms later
508.681 .... 1153 packets received, 4654 bps, 58.18%, Err 24 (9.5e-06)
512.715 .... 1154 packets received, 4621 bps, 57.77%, Err 24 (9.4e-06)
514.897 ** WARNING: System too busy, sleep 15 ms, but be awakened 82 ms later
516.114 ** WARNING: System too busy, sleep 15 ms, but be awakened 78 ms later
516.896 .... 1155 packets received, 4588 bps, 57.35%, Err 24 (9.4e-06)
521.080 .... 1156 packets received, 4555 bps, 56.94%, Err 24 (9.4e-06)
521.219 ** WARNING: System too busy, sleep 15 ms, but be awakened 73 ms later
523.958 ** WARNING: System too busy, sleep 15 ms, but be awakened 86 ms later
525.259 .... 1157 packets received, 4522 bps, 56.53%, Err 24 (9.4e-06)
527.621 ** WARNING: System too busy, sleep 15 ms, but be awakened 91 ms later
529.395 ** WARNING: System too busy, sleep 15 ms, but be awakened 67 ms later
529.395 .... 1158 packets received, 4491 bps, 56.14%, Err 24 (9.4e-06)
533.451 .... 1159 packets received, 4460 bps, 55.76%, Err 24 (9.4e-06)
537.601 .... 1160 packets received, 4430 bps, 55.37%, Err 24 (9.4e-06)
541.649 .... 1161 packets received, 4400 bps, 55.00%, Err 24 (9.4e-06)
544.074 ** WARNING: System too busy, sleep 15 ms, but be awakened 68 ms later
545.813 .... 1162 packets received, 4370 bps, 54.63%, Err 24 (9.4e-06)
548.121 ** WARNING: System too busy, sleep 15 ms, but be awakened 79 ms later
550.032 .... 1163 packets received, 4341 bps, 54.26%, Err 24 (9.4e-06)
554.229 .... 1164 packets received, 4311 bps, 53.89%, Err 24 (9.3e-06)
557.219 ** WARNING: System too busy, sleep 15 ms, but be awakened 67 ms later
558.293 .... 1165 packets received, 4284 bps, 53.55%, Err 24 (9.3e-06)
562.458 .... 1166 packets received, 4255 bps, 53.19%, Err 24 (9.3e-06)
566.481 .... 1167 packets received, 4229 bps, 52.86%, Err 24 (9.3e-06)
570.569 .... 1168 packets received, 4202 bps, 52.53%, Err 24 (9.3e-06)
574.708 .... 1169 packets received, 4175 bps, 52.19%, Err 24 (9.3e-06)
578.736 .... 1170 packets received, 4150 bps, 51.87%, Err 24 (9.3e-06)
582.851 .... 1171 packets received, 4124 bps, 51.55%, Err 24 (9.3e-06)
586.890 .... 1172 packets received, 4099 bps, 51.24%, Err 24 (9.3e-06)
590.974 .... 1173 packets received, 4074 bps, 50.92%, Err 24 (9.3e-06)
595.038 .... 1174 packets received, 4050 bps, 50.62%, Err 24 (9.2e-06)
599.143 .... 1175 packets received, 4025 bps, 50.31%, Err 24 (9.2e-06)
601.333 .... 1179 packets received, 4024 bps, 50.30%, Err 24 (9.2e-06)
603.454 .... 1187 packets received, 4037 bps, 50.46%, Err 24 (9.1e-06)
605.572 .... 1195 packets received, 4050 bps, 50.63%, Err 24 (9.1e-06)
607.689 .... 1203 packets received, 4063 bps, 50.79%, Err 24 (9.0e-06)
609.820 .... 1211 packets received, 4076 bps, 50.95%, Err 24 (9.0e-06)
611.932 .... 1219 packets received, 4088 bps, 51.11%, Err 24 (8.9e-06)
614.066 .... 1227 packets received, 4101 bps, 51.26%, Err 24 (8.9e-06)
616.158 .... 1235 packets received, 4114 bps, 51.42%, Err 24 (8.8e-06)
617.363 ** WARNING: System too busy, sleep 15 ms, but be awakened 88 ms later
618.304 .... 1243 packets received, 4126 bps, 51.57%, Err 24 (8.7e-06)
620.426 .... 1251 packets received, 4138 bps, 51.73%, Err 24 (8.7e-06)
622.539 .... 1259 packets received, 4150 bps, 51.88%, Err 24 (8.6e-06)
624.662 .... 1267 packets received, 4163 bps, 52.03%, Err 24 (8.6e-06)
626.770 .... 1271 packets received, 4162 bps, 52.02%, Err 25 (8.9e-06)
628.898 .... 1282 packets received, 4183 bps, 52.29%, Err 25 (8.8e-06)
631.816 .... 1289 packets received, 4187 bps, 52.34%, Err 26 (9.1e-06)
633.942 .... 1300 packets received, 4208 bps, 52.61%, Err 26 (9.1e-06)
636.066 .... 1308 packets received, 4220 bps, 52.75%, Err 26 (9.0e-06)
639.229 .... 1316 packets received, 4225 bps, 52.81%, Err 27 (9.3e-06)
641.362 .... 1327 packets received, 4246 bps, 53.08%, Err 27 (9.2e-06)
643.479 .... 1335 packets received, 4258 bps, 53.22%, Err 27 (9.2e-06)
645.592 .... 1343 packets received, 4269 bps, 53.36%, Err 28 (9.5e-06)
647.713 .... 1350 packets received, 4277 bps, 53.46%, Err 28 (9.4e-06)
649.841 .... 1358 packets received, 4288 bps, 53.60%, Err 29 (9.7e-06)
651.962 .... 1366 packets received, 4300 bps, 53.74%, Err 29 (9.6e-06)
654.092 .... 1374 packets received, 4311 bps, 53.88%, Err 29 (9.6e-06)
656.213 .... 1382 packets received, 4322 bps, 54.02%, Err 29 (9.5e-06)
658.334 .... 1389 packets received, 4330 bps, 54.12%, Err 30 (9.8e-06)
660.969 .... 1395 packets received, 4331 bps, 54.14%, Err 31 (1.0e-05)
663.106 .... 1406 packets received, 4351 bps, 54.39%, Err 31 (1.0e-05)
665.226 .... 1414 packets received, 4362 bps, 54.52%, Err 31 (9.9e-06)
667.344 .... 1422 packets received, 4372 bps, 54.66%, Err 31 (9.9e-06)
669.469 .... 1426 packets received, 4371 bps, 54.64%, Err 32 (1.0e-05)
671.595 .... 1437 packets received, 4391 bps, 54.88%, Err 32 (1.0e-05)
673.699 .... 1445 packets received, 4401 bps, 55.02%, Err 32 (1.0e-05)
675.847 .... 1453 packets received, 4411 bps, 55.14%, Err 32 (1.0e-05)
678.216 .... 1458 packets received, 4411 bps, 55.14%, Err 33 (1.0e-05)
680.331 .... 1469 packets received, 4431 bps, 55.38%, Err 33 (1.0e-05)
682.454 .... 1477 packets received, 4441 bps, 55.51%, Err 33 (1.0e-05)
684.565 .... 1485 packets received, 4451 bps, 55.64%, Err 33 (1.0e-05)
686.692 .... 1493 packets received, 4461 bps, 55.77%, Err 33 (1.0e-05)
688.811 .... 1501 packets received, 4471 bps, 55.89%, Err 33 (1.0e-05)
690.951 .... 1509 packets received, 4481 bps, 56.01%, Err 33 (9.9e-06)
693.063 .... 1517 packets received, 4491 bps, 56.14%, Err 33 (9.9e-06)
695.188 .... 1525 packets received, 4501 bps, 56.26%, Err 33 (9.8e-06)
697.324 .... 1533 packets received, 4511 bps, 56.38%, Err 33 (9.8e-06)
700.240 .... 1540 packets received, 4512 bps, 56.41%, Err 35 (1.0e-05)
704.598 .... 1545 packets received, 4499 bps, 56.24%, Err 35 (1.0e-05)
708.754 .... 1546 packets received, 4476 bps, 55.94%, Err 35 (1.0e-05)
712.948 .... 1547 packets received, 4452 bps, 55.65%, Err 35 (1.0e-05)
717.018 .... 1548 packets received, 4430 bps, 55.37%, Err 35 (1.0e-05)
721.111 .... 1549 packets received, 4407 bps, 55.09%, Err 35 (1.0e-05)
725.208 .... 1550 packets received, 4385 bps, 54.81%, Err 35 (1.0e-05)
729.325 .... 1551 packets received, 4363 bps, 54.54%, Err 35 (1.0e-05)
733.431 .... 1552 packets received, 4341 bps, 54.27%, Err 35 (1.0e-05)
737.451 .... 1553 packets received, 4321 bps, 54.01%, Err 35 (1.0e-05)
741.592 .... 1554 packets received, 4299 bps, 53.74%, Err 35 (1.0e-05)
745.694 .... 1555 packets received, 4278 bps, 53.48%, Err 35 (1.0e-05)
749.765 .... 1556 packets received, 4258 bps, 53.22%, Err 35 (1.0e-05)
753.880 .... 1557 packets received, 4237 bps, 52.96%, Err 35 (1.0e-05)
759.017 .... 1558 packets received, 4211 bps, 52.64%, Err 36 (1.0e-05)
762.077 .... 1559 packets received, 4197 bps, 52.46%, Err 36 (1.0e-05)
766.129 .... 1560 packets received, 4177 bps, 52.22%, Err 36 (1.0e-05)
770.231 .... 1561 packets received, 4158 bps, 51.97%, Err 36 (1.0e-05)
774.428 .... 1562 packets received, 4138 bps, 51.72%, Err 36 (1.0e-05)
778.592 .... 1563 packets received, 4118 bps, 51.48%, Err 36 (1.0e-05)
782.677 .... 1564 packets received, 4099 bps, 51.24%, Err 36 (1.0e-05)
786.728 .... 1565 packets received, 4081 bps, 51.01%, Err 36 (1.0e-05)
790.788 .... 1566 packets received, 4062 bps, 50.78%, Err 36 (1.0e-05)
794.943 .... 1567 packets received, 4044 bps, 50.55%, Err 36 (1.0e-05)
799.000 .... 1568 packets received, 4026 bps, 50.32%, Err 36 (1.0e-05)
801.073 .... 1571 packets received, 4023 bps, 50.29%, Err 36 (1.0e-05)
803.185 .... 1579 packets received, 4033 bps, 50.41%, Err 36 (1.0e-05)
805.319 .... 1587 packets received, 4042 bps, 50.53%, Err 36 (1.0e-05)
807.421 .... 1595 packets received, 4052 bps, 50.65%, Err 36 (1.0e-05)
809.542 .... 1603 packets received, 4062 bps, 50.77%, Err 36 (1.0e-05)
811.681 .... 1611 packets received, 4071 bps, 50.89%, Err 36 (1.0e-05)
813.797 .... 1619 packets received, 4081 bps, 51.01%, Err 36 (1.0e-05)
815.908 .... 1627 packets received, 4090 bps, 51.13%, Err 36 (1.0e-05)
818.030 .... 1635 packets received, 4100 bps, 51.25%, Err 36 (9.9e-06)
820.423 .... 1640 packets received, 4100 bps, 51.26%, Err 37 (1.0e-05)
822.546 .... 1651 packets received, 4117 bps, 51.47%, Err 37 (1.0e-05)
824.659 .... 1659 packets received, 4127 bps, 51.58%, Err 37 (1.0e-05)
826.785 .... 1667 packets received, 4136 bps, 51.70%, Err 37 (1.0e-05)
828.917 .... 1675 packets received, 4145 bps, 51.81%, Err 37 (1.0e-05)
831.043 .... 1683 packets received, 4154 bps, 51.93%, Err 37 (9.9e-06)
833.160 .... 1691 packets received, 4163 bps, 52.04%, Err 37 (9.9e-06)
835.275 .... 1695 packets received, 4162 bps, 52.03%, Err 38 (1.0e-05)
837.389 .... 1706 packets received, 4179 bps, 52.24%, Err 38 (1.0e-05)
839.520 .... 1714 packets received, 4188 bps, 52.35%, Err 38 (1.0e-05)
841.629 .... 1718 packets received, 4187 bps, 52.34%, Err 40 (1.1e-05)
843.755 .... 1729 packets received, 4203 bps, 52.54%, Err 40 (1.0e-05)
845.876 .... 1737 packets received, 4212 bps, 52.65%, Err 40 (1.0e-05)
848.001 .... 1745 packets received, 4221 bps, 52.76%, Err 40 (1.0e-05)
850.109 .... 1753 packets received, 4230 bps, 52.87%, Err 40 (1.0e-05)
852.232 .... 1761 packets received, 4238 bps, 52.98%, Err 40 (1.0e-05)
854.354 .... 1769 packets received, 4247 bps, 53.09%, Err 40 (1.0e-05)
856.456 .... 1777 packets received, 4256 bps, 53.20%, Err 40 (1.0e-05)
859.407 .... 1784 packets received, 4258 bps, 53.22%, Err 41 (1.0e-05)
861.508 .... 1795 packets received, 4274 bps, 53.42%, Err 41 (1.0e-05)
863.643 .... 1803 packets received, 4282 bps, 53.53%, Err 41 (1.0e-05)
865.777 .... 1811 packets received, 4290 bps, 53.63%, Err 41 (1.0e-05)
867.897 .... 1819 packets received, 4299 bps, 53.74%, Err 41 (1.0e-05)
869.995 .... 1827 packets received, 4307 bps, 53.84%, Err 41 (1.0e-05)
872.132 .... 1835 packets received, 4316 bps, 53.94%, Err 42 (1.0e-05)
874.258 .... 1842 packets received, 4321 bps, 54.02%, Err 42 (1.0e-05)
876.365 .... 1850 packets received, 4330 bps, 54.12%, Err 42 (1.0e-05)
879.549 .... 1858 packets received, 4333 bps, 54.16%, Err 43 (1.0e-05)
881.659 .... 1869 packets received, 4348 bps, 54.35%, Err 43 (1.0e-05)
883.794 .... 1877 packets received, 4356 bps, 54.45%, Err 43 (1.0e-05)
885.901 .... 1885 packets received, 4364 bps, 54.55%, Err 43 (1.0e-05)
888.025 .... 1892 packets received, 4370 bps, 54.62%, Err 44 (1.1e-05)
890.158 .... 1900 packets received, 4378 bps, 54.72%, Err 44 (1.0e-05)
892.281 .... 1908 packets received, 4386 bps, 54.82%, Err 44 (1.0e-05)
894.394 .... 1916 packets received, 4394 bps, 54.92%, Err 44 (1.0e-05)
896.507 .... 1924 packets received, 4402 bps, 55.02%, Err 44 (1.0e-05)
898.633 .... 1932 packets received, 4409 bps, 55.12%, Err 44 (1.0e-05)
900.842 .... 1937 packets received, 4410 bps, 55.13%, Err 45 (1.1e-05)
904.555 .... 1940 packets received, 4399 bps, 54.98%, Err 45 (1.1e-05)
908.615 .... 1941 packets received, 4381 bps, 54.77%, Err 45 (1.1e-05)
912.793 .... 1942 packets received, 4363 bps, 54.54%, Err 45 (1.0e-05)
916.824 .... 1943 packets received, 4346 bps, 54.33%, Err 45 (1.0e-05)
920.940 .... 1944 packets received, 4329 bps, 54.12%, Err 45 (1.0e-05)
925.012 .... 1945 packets received, 4312 bps, 53.90%, Err 45 (1.0e-05)
929.085 .... 1946 packets received, 4296 bps, 53.70%, Err 45 (1.0e-05)
933.193 .... 1947 packets received, 4279 bps, 53.49%, Err 45 (1.0e-05)
937.343 .... 1948 packets received, 4262 bps, 53.28%, Err 45 (1.0e-05)
941.416 .... 1949 packets received, 4246 bps, 53.07%, Err 45 (1.0e-05)
945.648 .... 1950 packets received, 4229 bps, 52.86%, Err 45 (1.0e-05)
949.747 .... 1951 packets received, 4213 bps, 52.66%, Err 45 (1.0e-05)
953.959 .... 1952 packets received, 4196 bps, 52.45%, Err 45 (1.0e-05)
958.073 .... 1953 packets received, 4180 bps, 52.26%, Err 45 (1.0e-05)
962.245 .... 1954 packets received, 4164 bps, 52.06%, Err 45 (1.0e-05)
966.353 .... 1955 packets received, 4149 bps, 51.86%, Err 45 (1.0e-05)
970.463 .... 1956 packets received, 4133 bps, 51.67%, Err 45 (1.0e-05)
974.605 .... 1957 packets received, 4118 bps, 51.47%, Err 45 (1.0e-05)
978.692 .... 1958 packets received, 4103 bps, 51.28%, Err 45 (1.0e-05)
982.783 .... 1959 packets received, 4088 bps, 51.10%, Err 45 (1.0e-05)
986.920 .... 1960 packets received, 4073 bps, 50.91%, Err 45 (1.0e-05)
992.003 .... 1961 packets received, 4054 bps, 50.67%, Err 46 (1.1e-05)
995.223 .... 1962 packets received, 4043 bps, 50.53%, Err 46 (1.1e-05)
999.343 .... 1963 packets received, 4028 bps, 50.35%, Err 46 (1.1e-05)
1001.346 .... 1967 packets received, 4028 bps, 50.35%, Err 46 (1.1e-05)
1003.473 .... 1975 packets received, 4036 bps, 50.45%, Err 46 (1.1e-05)
1005.594 .... 1983 packets received, 4044 bps, 50.55%, Err 46 (1.0e-05)
1008.248 .... 1989 packets received, 4045 bps, 50.57%, Err 47 (1.1e-05)
1010.362 .... 2000 packets received, 4059 bps, 50.74%, Err 47 (1.1e-05)
1012.489 .... 2008 packets received, 4067 bps, 50.84%, Err 47 (1.1e-05)
1014.611 .... 2016 packets received, 4075 bps, 50.93%, Err 47 (1.1e-05)
1016.731 .... 2024 packets received, 4082 bps, 51.03%, Err 47 (1.0e-05)
1018.847 .... 2032 packets received, 4090 bps, 51.12%, Err 47 (1.0e-05)
1020.971 .... 2040 packets received, 4097 bps, 51.22%, Err 47 (1.0e-05)
1023.112 .... 2048 packets received, 4105 bps, 51.31%, Err 47 (1.0e-05)
1025.500 .... 2053 packets received, 4105 bps, 51.32%, Err 48 (1.1e-05)
1027.609 .... 2064 packets received, 4119 bps, 51.48%, Err 48 (1.1e-05)
1029.733 .... 2072 packets received, 4126 bps, 51.58%, Err 48 (1.0e-05)
1031.863 .... 2080 packets received, 4134 bps, 51.67%, Err 48 (1.0e-05)
1033.983 .... 2088 packets received, 4141 bps, 51.76%, Err 48 (1.0e-05)
1036.093 .... 2096 packets received, 4148 bps, 51.85%, Err 48 (1.0e-05)
1038.230 .... 2104 packets received, 4156 bps, 51.94%, Err 48 (1.0e-05)
1040.335 .... 2112 packets received, 4163 bps, 52.04%, Err 48 (1.0e-05)
1042.990 .... 2118 packets received, 4164 bps, 52.05%, Err 49 (1.0e-05)
1045.098 .... 2129 packets received, 4177 bps, 52.22%, Err 49 (1.0e-05)
1047.233 .... 2137 packets received, 4184 bps, 52.30%, Err 49 (1.0e-05)
1049.336 .... 2145 packets received, 4192 bps, 52.40%, Err 49 (1.0e-05)
1051.470 .... 2153 packets received, 4199 bps, 52.48%, Err 49 (1.0e-05)
1053.587 .... 2161 packets received, 4206 bps, 52.57%, Err 49 (1.0e-05)
1055.717 .... 2169 packets received, 4213 bps, 52.66%, Err 49 (1.0e-05)
1057.832 .... 2177 packets received, 4220 bps, 52.75%, Err 49 (1.0e-05)
1059.946 .... 2185 packets received, 4227 bps, 52.84%, Err 49 (1.0e-05)
1062.059 .... 2193 packets received, 4234 bps, 52.93%, Err 49 (1.0e-05)
1064.994 .... 2200 packets received, 4236 bps, 52.95%, Err 50 (1.0e-05)
1067.110 .... 2211 packets received, 4249 bps, 53.11%, Err 50 (1.0e-05)
1069.778 .... 2216 packets received, 4248 bps, 53.09%, Err 52 (1.1e-05)
1071.892 .... 2227 packets received, 4260 bps, 53.25%, Err 52 (1.1e-05)
1074.001 .... 2235 packets received, 4267 bps, 53.34%, Err 52 (1.1e-05)
1076.123 .... 2243 packets received, 4274 bps, 53.42%, Err 52 (1.0e-05)
1078.244 .... 2251 packets received, 4281 bps, 53.51%, Err 52 (1.0e-05)
1080.372 .... 2259 packets received, 4287 bps, 53.59%, Err 52 (1.0e-05)
1083.550 .... 2267 packets received, 4290 bps, 53.62%, Err 53 (1.1e-05)
1085.661 .... 2278 packets received, 4302 bps, 53.78%, Err 53 (1.1e-05)
1087.803 .... 2286 packets received, 4309 bps, 53.86%, Err 53 (1.0e-05)
1089.942 .... 2294 packets received, 4316 bps, 53.94%, Err 53 (1.0e-05)
1092.043 .... 2302 packets received, 4322 bps, 54.03%, Err 53 (1.0e-05)
1094.160 .... 2310 packets received, 4329 bps, 54.11%, Err 53 (1.0e-05)
1096.277 .... 2318 packets received, 4336 bps, 54.19%, Err 53 (1.0e-05)
1098.397 .... 2326 packets received, 4342 bps, 54.28%, Err 53 (1.0e-05)
1101.284 .... 2333 packets received, 4344 bps, 54.30%, Err 54 (1.0e-05)
1104.621 .... 2335 packets received, 4334 bps, 54.18%, Err 54 (1.0e-05)
1108.628 .... 2336 packets received, 4320 bps, 54.01%, Err 54 (1.0e-05)
1112.726 .... 2337 packets received, 4306 bps, 53.83%, Err 54 (1.0e-05)
1116.774 .... 2338 packets received, 4293 bps, 53.66%, Err 54 (1.0e-05)
1120.872 .... 2339 packets received, 4279 bps, 53.48%, Err 54 (1.0e-05)
1125.084 .... 2340 packets received, 4264 bps, 53.31%, Err 54 (1.0e-05)
1129.226 .... 2341 packets received, 4251 bps, 53.13%, Err 54 (1.0e-05)
1133.235 .... 2342 packets received, 4237 bps, 52.97%, Err 54 (1.0e-05)
1137.307 .... 2343 packets received, 4224 bps, 52.80%, Err 54 (1.0e-05)
1141.420 .... 2344 packets received, 4211 bps, 52.63%, Err 54 (1.0e-05)
1145.558 .... 2345 packets received, 4197 bps, 52.46%, Err 54 (1.0e-05)
1149.673 .... 2346 packets received, 4184 bps, 52.30%, Err 54 (1.0e-05)
1154.799 .... 2347 packets received, 4167 bps, 52.09%, Err 55 (1.1e-05)
1157.916 .... 2348 packets received, 4158 bps, 51.97%, Err 55 (1.1e-05)
1162.029 .... 2349 packets received, 4145 bps, 51.81%, Err 55 (1.1e-05)
1166.183 .... 2350 packets received, 4132 bps, 51.64%, Err 55 (1.1e-05)
1170.327 .... 2351 packets received, 4119 bps, 51.48%, Err 55 (1.1e-05)
1174.464 .... 2352 packets received, 4106 bps, 51.32%, Err 55 (1.1e-05)
1178.591 .... 2353 packets received, 4093 bps, 51.17%, Err 55 (1.1e-05)
1182.661 .... 2354 packets received, 4081 bps, 51.01%, Err 55 (1.1e-05)
1186.815 .... 2355 packets received, 4068 bps, 50.85%, Err 55 (1.1e-05)
1190.847 .... 2356 packets received, 4056 bps, 50.70%, Err 55 (1.1e-05)
1195.014 .... 2357 packets received, 4044 bps, 50.55%, Err 55 (1.1e-05)
1199.142 .... 2358 packets received, 4032 bps, 50.39%, Err 55 (1.1e-05)
1200.031 Quit.
