000.000 =============================================================
000.000                     Station B                               
000.000 -------------------------------------------------------------
000.000 Protocol.lib, version 4.0, jiangyanjun0718@bupt.edu.cn
000.000 Channel: 8000 bps, 270 ms propagation delay, bit error rate 1.0E-05
000.000 Log file "B.log", TCP port 30011, debug mask 0x00
000.000 Station B is connecting station A (TCP port 30011) ... Done.
000.394 New epoch: Thu May 16 20:30:25 2019
000.394 =================================================================
000.394 
000.394 Designed by CJSoft, build: May 16 2019  20:29:14
002.814 .... 8 packets received, 7656 bps, 95.70%, Err 0 (0.0e+00)
004.916 .... 16 packets received, 7725 bps, 96.56%, Err 0 (0.0e+00)
007.036 .... 23 packets received, 7404 bps, 92.55%, Err 1 (1.9e-05)
009.164 .... 31 packets received, 7478 bps, 93.47%, Err 1 (1.4e-05)
011.287 .... 39 packets received, 7526 bps, 94.07%, Err 1 (1.2e-05)
013.394 .... 47 packets received, 7567 bps, 94.59%, Err 1 (9.6e-06)
015.537 .... 55 packets received, 7579 bps, 94.73%, Err 1 (8.3e-06)
017.629 .... 63 packets received, 7610 bps, 95.12%, Err 1 (7.3e-06)
019.758 .... 71 packets received, 7619 bps, 95.24%, Err 1 (6.5e-06)
021.894 .... 79 packets received, 7625 bps, 95.31%, Err 1 (5.8e-06)
024.277 .... 84 packets received, 7289 bps, 91.11%, Err 2 (1.0e-05)
026.396 .... 95 packets received, 7564 bps, 94.55%, Err 2 (9.6e-06)
028.519 .... 103 packets received, 7576 bps, 94.70%, Err 2 (8.9e-06)
030.627 .... 111 packets received, 7589 bps, 94.87%, Err 2 (8.3e-06)
032.761 .... 115 packets received, 7340 bps, 91.75%, Err 4 (1.5e-05)
034.884 .... 125 packets received, 7483 bps, 93.54%, Err 4 (1.5e-05)
037.266 .... 130 packets received, 7276 bps, 90.95%, Err 5 (1.7e-05)
039.382 .... 141 packets received, 7460 bps, 93.25%, Err 5 (1.6e-05)
041.481 .... 149 packets received, 7478 bps, 93.47%, Err 5 (1.5e-05)
043.613 .... 157 packets received, 7488 bps, 93.60%, Err 5 (1.4e-05)
045.752 .... 165 packets received, 7496 bps, 93.70%, Err 5 (1.4e-05)
047.862 .... 173 packets received, 7508 bps, 93.85%, Err 5 (1.3e-05)
049.971 .... 181 packets received, 7519 bps, 93.99%, Err 5 (1.3e-05)
052.099 .... 189 packets received, 7527 bps, 94.09%, Err 5 (1.2e-05)
054.215 .... 197 packets received, 7535 bps, 94.19%, Err 5 (1.2e-05)
056.335 .... 205 packets received, 7543 bps, 94.29%, Err 5 (1.1e-05)
058.459 .... 213 packets received, 7549 bps, 94.36%, Err 5 (1.1e-05)
061.627 .... 221 packets received, 7426 bps, 92.82%, Err 6 (1.2e-05)
063.747 .... 232 packets received, 7533 bps, 94.16%, Err 6 (1.2e-05)
065.876 .... 240 packets received, 7538 bps, 94.23%, Err 6 (1.1e-05)
068.014 .... 248 packets received, 7542 bps, 94.28%, Err 6 (1.1e-05)
070.124 .... 256 packets received, 7549 bps, 94.36%, Err 6 (1.1e-05)
072.259 .... 260 packets received, 7438 bps, 92.98%, Err 7 (1.2e-05)
074.374 .... 271 packets received, 7531 bps, 94.13%, Err 7 (1.2e-05)
076.495 .... 279 packets received, 7536 bps, 94.20%, Err 7 (1.2e-05)
078.622 .... 287 packets received, 7541 bps, 94.26%, Err 7 (1.1e-05)
080.733 .... 295 packets received, 7546 bps, 94.33%, Err 7 (1.1e-05)
082.847 .... 303 packets received, 7552 bps, 94.40%, Err 7 (1.1e-05)
084.968 .... 311 packets received, 7556 bps, 94.45%, Err 7 (1.0e-05)
087.115 .... 319 packets received, 7558 bps, 94.47%, Err 7 (1.0e-05)
089.233 .... 327 packets received, 7562 bps, 94.53%, Err 7 (9.9e-06)
091.345 .... 335 packets received, 7567 bps, 94.58%, Err 7 (9.6e-06)
093.459 .... 339 packets received, 7483 bps, 93.53%, Err 8 (1.1e-05)
095.572 .... 350 packets received, 7553 bps, 94.42%, Err 8 (1.1e-05)
097.698 .... 358 packets received, 7557 bps, 94.46%, Err 8 (1.0e-05)
099.837 .... 366 packets received, 7559 bps, 94.49%, Err 8 (1.0e-05)
101.954 .... 374 packets received, 7563 bps, 94.53%, Err 8 (9.8e-06)
104.084 .... 382 packets received, 7565 bps, 94.57%, Err 8 (9.6e-06)
106.199 .... 389 packets received, 7550 bps, 94.37%, Err 9 (1.1e-05)
108.306 .... 397 packets received, 7554 bps, 94.43%, Err 9 (1.0e-05)
110.434 .... 405 packets received, 7557 bps, 94.46%, Err 9 (1.0e-05)
112.545 .... 413 packets received, 7561 bps, 94.51%, Err 9 (1.0e-05)
114.679 .... 421 packets received, 7563 bps, 94.54%, Err 10 (1.1e-05)
116.791 .... 429 packets received, 7566 bps, 94.58%, Err 10 (1.1e-05)
118.915 .... 436 packets received, 7552 bps, 94.40%, Err 12 (1.3e-05)
121.017 .... 444 packets received, 7556 bps, 94.45%, Err 12 (1.2e-05)
123.157 .... 452 packets received, 7558 bps, 94.47%, Err 12 (1.2e-05)
125.284 .... 456 packets received, 7494 bps, 93.68%, Err 13 (1.3e-05)
127.405 .... 467 packets received, 7547 bps, 94.34%, Err 13 (1.3e-05)
129.517 .... 475 packets received, 7550 bps, 94.38%, Err 13 (1.3e-05)
131.622 .... 483 packets received, 7554 bps, 94.43%, Err 13 (1.2e-05)
133.771 .... 491 packets received, 7555 bps, 94.44%, Err 13 (1.2e-05)
135.881 .... 499 packets received, 7558 bps, 94.48%, Err 13 (1.2e-05)
139.069 .... 507 packets received, 7503 bps, 93.78%, Err 14 (1.3e-05)
141.175 .... 517 packets received, 7536 bps, 94.20%, Err 15 (1.3e-05)
143.303 .... 525 packets received, 7538 bps, 94.23%, Err 15 (1.3e-05)
145.421 .... 533 packets received, 7541 bps, 94.27%, Err 15 (1.3e-05)
147.522 .... 541 packets received, 7545 bps, 94.31%, Err 15 (1.3e-05)
149.656 .... 549 packets received, 7547 bps, 94.34%, Err 15 (1.3e-05)
151.787 .... 553 packets received, 7495 bps, 93.68%, Err 16 (1.3e-05)
153.899 .... 564 packets received, 7538 bps, 94.23%, Err 16 (1.3e-05)
156.013 .... 572 packets received, 7541 bps, 94.27%, Err 16 (1.3e-05)
158.124 .... 580 packets received, 7544 bps, 94.30%, Err 16 (1.3e-05)
160.258 .... 588 packets received, 7546 bps, 94.33%, Err 16 (1.3e-05)
162.379 .... 596 packets received, 7548 bps, 94.35%, Err 16 (1.2e-05)
164.493 .... 603 packets received, 7538 bps, 94.23%, Err 17 (1.3e-05)
166.626 .... 611 packets received, 7540 bps, 94.25%, Err 17 (1.3e-05)
168.737 .... 619 packets received, 7543 bps, 94.29%, Err 17 (1.3e-05)
170.856 .... 626 packets received, 7533 bps, 94.17%, Err 18 (1.3e-05)
172.979 .... 634 packets received, 7536 bps, 94.20%, Err 18 (1.3e-05)
175.085 .... 642 packets received, 7539 bps, 94.23%, Err 18 (1.3e-05)
177.214 .... 649 packets received, 7529 bps, 94.11%, Err 19 (1.3e-05)
179.337 .... 657 packets received, 7531 bps, 94.14%, Err 19 (1.3e-05)
181.469 .... 665 packets received, 7533 bps, 94.16%, Err 19 (1.3e-05)
183.576 .... 673 packets received, 7536 bps, 94.20%, Err 19 (1.3e-05)
185.692 .... 681 packets received, 7538 bps, 94.23%, Err 19 (1.3e-05)
187.819 .... 689 packets received, 7540 bps, 94.25%, Err 19 (1.3e-05)
189.941 .... 697 packets received, 7542 bps, 94.28%, Err 19 (1.3e-05)
192.058 .... 705 packets received, 7544 bps, 94.30%, Err 19 (1.2e-05)
194.443 .... 710 packets received, 7504 bps, 93.80%, Err 20 (1.3e-05)
196.573 .... 721 packets received, 7538 bps, 94.22%, Err 20 (1.3e-05)
198.693 .... 729 packets received, 7540 bps, 94.25%, Err 20 (1.3e-05)
200.810 .... 737 packets received, 7542 bps, 94.27%, Err 20 (1.2e-05)
202.935 .... 745 packets received, 7544 bps, 94.29%, Err 20 (1.2e-05)
205.080 .... 753 packets received, 7545 bps, 94.31%, Err 20 (1.2e-05)
207.223 .... 761 packets received, 7546 bps, 94.32%, Err 20 (1.2e-05)
209.334 .... 769 packets received, 7548 bps, 94.35%, Err 20 (1.2e-05)
211.451 .... 777 packets received, 7550 bps, 94.37%, Err 20 (1.2e-05)
213.574 .... 785 packets received, 7551 bps, 94.39%, Err 20 (1.2e-05)
215.705 .... 793 packets received, 7553 bps, 94.41%, Err 20 (1.2e-05)
217.822 .... 801 packets received, 7555 bps, 94.43%, Err 20 (1.1e-05)
219.943 .... 809 packets received, 7556 bps, 94.45%, Err 20 (1.1e-05)
222.067 .... 817 packets received, 7558 bps, 94.47%, Err 20 (1.1e-05)
224.175 .... 825 packets received, 7560 bps, 94.50%, Err 20 (1.1e-05)
226.301 .... 833 packets received, 7561 bps, 94.51%, Err 20 (1.1e-05)
228.427 .... 841 packets received, 7562 bps, 94.53%, Err 20 (1.1e-05)
230.532 .... 849 packets received, 7564 bps, 94.56%, Err 20 (1.1e-05)
232.664 .... 857 packets received, 7566 bps, 94.57%, Err 20 (1.1e-05)
234.787 .... 865 packets received, 7567 bps, 94.59%, Err 20 (1.1e-05)
236.921 .... 873 packets received, 7568 bps, 94.60%, Err 20 (1.1e-05)
239.048 .... 881 packets received, 7569 bps, 94.61%, Err 20 (1.0e-05)
241.145 .... 889 packets received, 7571 bps, 94.64%, Err 20 (1.0e-05)
243.271 .... 897 packets received, 7572 bps, 94.66%, Err 20 (1.0e-05)
245.380 .... 905 packets received, 7574 bps, 94.68%, Err 20 (1.0e-05)
247.524 .... 913 packets received, 7575 bps, 94.68%, Err 20 (1.0e-05)
249.630 .... 921 packets received, 7576 bps, 94.71%, Err 20 (1.0e-05)
251.763 .... 929 packets received, 7577 bps, 94.72%, Err 20 (9.9e-06)
253.876 .... 937 packets received, 7579 bps, 94.74%, Err 20 (9.9e-06)
256.000 .... 945 packets received, 7580 bps, 94.75%, Err 20 (9.8e-06)
258.114 .... 953 packets received, 7581 bps, 94.77%, Err 20 (9.7e-06)
260.227 .... 960 packets received, 7575 bps, 94.69%, Err 21 (1.0e-05)
262.376 .... 968 packets received, 7575 bps, 94.69%, Err 21 (1.0e-05)
264.491 .... 976 packets received, 7577 bps, 94.71%, Err 21 (9.9e-06)
266.608 .... 984 packets received, 7578 bps, 94.72%, Err 21 (9.9e-06)
268.983 .... 989 packets received, 7549 bps, 94.36%, Err 22 (1.0e-05)
271.109 .... 1000 packets received, 7573 bps, 94.66%, Err 22 (1.0e-05)
273.233 .... 1008 packets received, 7574 bps, 94.68%, Err 22 (1.0e-05)
275.610 .... 1013 packets received, 7546 bps, 94.32%, Err 23 (1.0e-05)
277.735 .... 1024 packets received, 7569 bps, 94.62%, Err 23 (1.0e-05)
280.646 .... 1030 packets received, 7534 bps, 94.18%, Err 24 (1.1e-05)
282.783 .... 1042 packets received, 7565 bps, 94.56%, Err 24 (1.1e-05)
285.682 .... 1049 packets received, 7538 bps, 94.22%, Err 25 (1.1e-05)
287.816 .... 1060 packets received, 7560 bps, 94.50%, Err 25 (1.1e-05)
289.932 .... 1068 packets received, 7562 bps, 94.52%, Err 25 (1.1e-05)
292.067 .... 1076 packets received, 7562 bps, 94.53%, Err 25 (1.1e-05)
294.192 .... 1084 packets received, 7564 bps, 94.54%, Err 25 (1.1e-05)
296.302 .... 1092 packets received, 7565 bps, 94.56%, Err 25 (1.1e-05)
298.414 .... 1096 packets received, 7539 bps, 94.24%, Err 26 (1.1e-05)
300.537 .... 1107 packets received, 7561 bps, 94.51%, Err 26 (1.1e-05)
302.661 .... 1115 packets received, 7562 bps, 94.52%, Err 26 (1.1e-05)
305.844 .... 1123 packets received, 7536 bps, 94.21%, Err 27 (1.1e-05)
307.954 .... 1134 packets received, 7558 bps, 94.48%, Err 27 (1.1e-05)
310.071 .... 1142 packets received, 7559 bps, 94.49%, Err 27 (1.1e-05)
312.203 .... 1150 packets received, 7560 bps, 94.50%, Err 27 (1.1e-05)
314.317 .... 1158 packets received, 7561 bps, 94.52%, Err 28 (1.1e-05)
316.970 .... 1164 packets received, 7537 bps, 94.21%, Err 29 (1.1e-05)
319.075 .... 1175 packets received, 7558 bps, 94.47%, Err 29 (1.1e-05)
321.198 .... 1183 packets received, 7559 bps, 94.49%, Err 29 (1.1e-05)
324.127 .... 1190 packets received, 7535 bps, 94.18%, Err 30 (1.2e-05)
326.252 .... 1201 packets received, 7555 bps, 94.43%, Err 30 (1.2e-05)
328.391 .... 1209 packets received, 7555 bps, 94.44%, Err 30 (1.1e-05)
330.492 .... 1217 packets received, 7557 bps, 94.46%, Err 30 (1.1e-05)
332.623 .... 1225 packets received, 7558 bps, 94.47%, Err 30 (1.1e-05)
333.440 ** WARNING: System too busy, sleep 15 ms, but be awakened 193 ms later
335.322 .... 1231 packets received, 7534 bps, 94.17%, Err 31 (1.2e-05)
336.875 ** WARNING: System too busy, sleep 15 ms, but be awakened 151 ms later
337.509 .... 1241 packets received, 7545 bps, 94.32%, Err 31 (1.1e-05)
338.085 ** WARNING: System too busy, sleep 15 ms, but be awakened 161 ms later
339.969 .... 1246 packets received, 7521 bps, 94.01%, Err 31 (1.1e-05)
340.223 ** WARNING: System too busy, sleep 15 ms, but be awakened 84 ms later
342.568 .... 1255 packets received, 7518 bps, 93.97%, Err 32 (1.2e-05)
343.846 ** WARNING: System too busy, sleep 15 ms, but be awakened 110 ms later
344.900 .... 1261 packets received, 7502 bps, 93.78%, Err 32 (1.2e-05)
345.120 ** WARNING: System too busy, sleep 15 ms, but be awakened 220 ms later
347.053 ** WARNING: System too busy, sleep 15 ms, but be awakened 71 ms later
348.306 .... 1270 packets received, 7482 bps, 93.52%, Err 32 (1.2e-05)
349.098 ** WARNING: System too busy, sleep 15 ms, but be awakened 669 ms later
351.431 ** WARNING: System too busy, sleep 15 ms, but be awakened 584 ms later
352.148 .... 1276 packets received, 7435 bps, 92.94%, Err 32 (1.1e-05)
353.033 ** WARNING: System too busy, sleep 15 ms, but be awakened 126 ms later
354.891 .... 1281 packets received, 7406 bps, 92.58%, Err 32 (1.1e-05)
356.968 .... 1285 packets received, 7386 bps, 92.33%, Err 32 (1.1e-05)
359.114 .... 1289 packets received, 7365 bps, 92.06%, Err 32 (1.1e-05)
359.686 ** WARNING: System too busy, sleep 15 ms, but be awakened 81 ms later
361.206 .... 1294 packets received, 7351 bps, 91.88%, Err 32 (1.1e-05)
362.774 ** WARNING: System too busy, sleep 15 ms, but be awakened 86 ms later
363.371 .... 1300 packets received, 7341 bps, 91.76%, Err 32 (1.1e-05)
365.422 ** WARNING: System too busy, sleep 15 ms, but be awakened 88 ms later
365.653 .... 1306 packets received, 7328 bps, 91.60%, Err 32 (1.1e-05)
367.666 .... 1313 packets received, 7327 bps, 91.59%, Err 32 (1.1e-05)
369.754 .... 1319 packets received, 7319 bps, 91.49%, Err 32 (1.1e-05)
371.868 .... 1325 packets received, 7310 bps, 91.38%, Err 32 (1.1e-05)
373.984 .... 1331 packets received, 7302 bps, 91.27%, Err 32 (1.1e-05)
376.107 .... 1337 packets received, 7293 bps, 91.17%, Err 32 (1.1e-05)
378.218 .... 1343 packets received, 7285 bps, 91.06%, Err 32 (1.1e-05)
380.607 .... 1347 packets received, 7261 bps, 90.76%, Err 33 (1.1e-05)
382.747 .... 1357 packets received, 7274 bps, 90.92%, Err 33 (1.1e-05)
384.844 .... 1365 packets received, 7277 bps, 90.96%, Err 33 (1.1e-05)
386.975 .... 1373 packets received, 7279 bps, 90.99%, Err 33 (1.1e-05)
389.098 .... 1381 packets received, 7281 bps, 91.02%, Err 33 (1.1e-05)
391.204 .... 1389 packets received, 7284 bps, 91.05%, Err 33 (1.1e-05)
393.343 .... 1397 packets received, 7286 bps, 91.08%, Err 33 (1.1e-05)
395.460 .... 1405 packets received, 7289 bps, 91.11%, Err 33 (1.1e-05)
397.564 .... 1413 packets received, 7291 bps, 91.14%, Err 33 (1.1e-05)
399.688 .... 1421 packets received, 7293 bps, 91.17%, Err 33 (1.0e-05)
401.811 .... 1429 packets received, 7296 bps, 91.20%, Err 33 (1.0e-05)
403.923 .... 1437 packets received, 7298 bps, 91.23%, Err 33 (1.0e-05)
406.058 .... 1445 packets received, 7300 bps, 91.25%, Err 33 (1.0e-05)
408.179 .... 1453 packets received, 7302 bps, 91.28%, Err 33 (1.0e-05)
410.290 .... 1461 packets received, 7305 bps, 91.31%, Err 33 (1.0e-05)
412.444 .... 1465 packets received, 7286 bps, 91.08%, Err 34 (1.0e-05)
414.528 .... 1476 packets received, 7304 bps, 91.30%, Err 34 (1.0e-05)
416.672 .... 1484 packets received, 7306 bps, 91.32%, Err 34 (1.0e-05)
419.301 .... 1490 packets received, 7289 bps, 91.12%, Err 35 (1.1e-05)
421.434 .... 1501 packets received, 7306 bps, 91.32%, Err 35 (1.1e-05)
423.556 .... 1509 packets received, 7308 bps, 91.35%, Err 35 (1.0e-05)
425.685 .... 1517 packets received, 7310 bps, 91.37%, Err 35 (1.0e-05)
427.800 .... 1521 packets received, 7293 bps, 91.16%, Err 36 (1.1e-05)
429.922 .... 1532 packets received, 7309 bps, 91.37%, Err 36 (1.1e-05)
432.092 .... 1540 packets received, 7311 bps, 91.38%, Err 36 (1.1e-05)
434.177 .... 1548 packets received, 7313 bps, 91.42%, Err 36 (1.0e-05)
436.316 .... 1556 packets received, 7315 bps, 91.44%, Err 36 (1.0e-05)
438.448 .... 1564 packets received, 7317 bps, 91.46%, Err 36 (1.0e-05)
440.581 .... 1572 packets received, 7318 bps, 91.48%, Err 36 (1.0e-05)
443.775 .... 1579 packets received, 7298 bps, 91.23%, Err 37 (1.1e-05)
445.906 .... 1591 packets received, 7318 bps, 91.48%, Err 37 (1.0e-05)
448.007 .... 1599 packets received, 7321 bps, 91.51%, Err 37 (1.0e-05)
450.125 .... 1607 packets received, 7323 bps, 91.53%, Err 37 (1.0e-05)
452.248 .... 1615 packets received, 7324 bps, 91.56%, Err 37 (1.0e-05)
454.371 .... 1623 packets received, 7326 bps, 91.58%, Err 37 (1.0e-05)
456.496 .... 1631 packets received, 7328 bps, 91.60%, Err 37 (1.0e-05)
458.610 .... 1638 packets received, 7326 bps, 91.57%, Err 38 (1.0e-05)
460.739 .... 1646 packets received, 7327 bps, 91.59%, Err 38 (1.0e-05)
462.857 .... 1654 packets received, 7329 bps, 91.61%, Err 38 (1.0e-05)
464.980 .... 1661 packets received, 7326 bps, 91.58%, Err 39 (1.1e-05)
467.098 .... 1669 packets received, 7328 bps, 91.60%, Err 39 (1.1e-05)
469.213 .... 1677 packets received, 7330 bps, 91.63%, Err 39 (1.1e-05)
471.326 .... 1685 packets received, 7332 bps, 91.65%, Err 39 (1.0e-05)
473.448 .... 1693 packets received, 7334 bps, 91.67%, Err 39 (1.0e-05)
475.568 .... 1701 packets received, 7336 bps, 91.70%, Err 39 (1.0e-05)
477.734 .... 1709 packets received, 7337 bps, 91.71%, Err 39 (1.0e-05)
479.827 .... 1716 packets received, 7335 bps, 91.68%, Err 40 (1.1e-05)
481.974 .... 1724 packets received, 7336 bps, 91.70%, Err 40 (1.0e-05)
484.070 .... 1732 packets received, 7338 bps, 91.72%, Err 40 (1.0e-05)
486.181 .... 1740 packets received, 7340 bps, 91.75%, Err 40 (1.0e-05)
488.334 .... 1748 packets received, 7341 bps, 91.76%, Err 40 (1.0e-05)
490.672 .... 1753 packets received, 7327 bps, 91.59%, Err 41 (1.1e-05)
492.792 .... 1764 packets received, 7341 bps, 91.76%, Err 41 (1.1e-05)
493.302 ** WARNING: System too busy, sleep 15 ms, but be awakened 75 ms later
495.280 .... 1772 packets received, 7337 bps, 91.72%, Err 41 (1.0e-05)
496.565 ** WARNING: System too busy, sleep 15 ms, but be awakened 75 ms later
497.335 .... 1780 packets received, 7340 bps, 91.75%, Err 41 (1.0e-05)
499.465 .... 1788 packets received, 7341 bps, 91.77%, Err 41 (1.0e-05)
500.773 ** WARNING: System too busy, sleep 15 ms, but be awakened 88 ms later
501.715 .... 1796 packets received, 7341 bps, 91.76%, Err 41 (1.0e-05)
502.468 ** WARNING: System too busy, sleep 15 ms, but be awakened 142 ms later
503.726 .... 1804 packets received, 7344 bps, 91.80%, Err 41 (1.0e-05)
505.772 ** WARNING: System too busy, sleep 15 ms, but be awakened 173 ms later
506.768 .... 1812 packets received, 7333 bps, 91.66%, Err 41 (1.0e-05)
507.597 ** WARNING: System too busy, sleep 15 ms, but be awakened 73 ms later
508.977 .... 1822 packets received, 7341 bps, 91.76%, Err 41 (1.0e-05)
511.121 .... 1830 packets received, 7342 bps, 91.78%, Err 41 (1.0e-05)
513.200 .... 1838 packets received, 7344 bps, 91.81%, Err 41 (1.0e-05)
514.504 ** WARNING: System too busy, sleep 15 ms, but be awakened 66 ms later
515.346 .... 1846 packets received, 7346 bps, 91.82%, Err 41 (1.0e-05)
516.113 ** WARNING: System too busy, sleep 15 ms, but be awakened 80 ms later
517.536 .... 1854 packets received, 7346 bps, 91.83%, Err 41 (1.0e-05)
520.122 .... 1860 packets received, 7333 bps, 91.67%, Err 42 (1.0e-05)
521.218 ** WARNING: System too busy, sleep 15 ms, but be awakened 72 ms later
522.279 .... 1871 packets received, 7346 bps, 91.83%, Err 42 (1.0e-05)
523.957 ** WARNING: System too busy, sleep 15 ms, but be awakened 85 ms later
524.435 .... 1879 packets received, 7347 bps, 91.84%, Err 42 (1.0e-05)
526.493 .... 1887 packets received, 7350 bps, 91.87%, Err 42 (1.0e-05)
527.714 ** WARNING: System too busy, sleep 15 ms, but be awakened 84 ms later
528.649 .... 1895 packets received, 7351 bps, 91.88%, Err 42 (1.0e-05)
530.740 .... 1903 packets received, 7353 bps, 91.91%, Err 42 (1.0e-05)
532.882 .... 1911 packets received, 7354 bps, 91.92%, Err 42 (1.0e-05)
534.964 .... 1919 packets received, 7356 bps, 91.95%, Err 42 (9.9e-06)
537.093 .... 1927 packets received, 7357 bps, 91.96%, Err 42 (9.9e-06)
539.266 .... 1935 packets received, 7358 bps, 91.97%, Err 42 (9.8e-06)
541.344 .... 1943 packets received, 7360 bps, 92.00%, Err 42 (9.8e-06)
543.471 .... 1951 packets received, 7361 bps, 92.02%, Err 42 (9.8e-06)
544.075 ** WARNING: System too busy, sleep 15 ms, but be awakened 68 ms later
545.605 .... 1959 packets received, 7362 bps, 92.03%, Err 42 (9.7e-06)
547.744 .... 1967 packets received, 7364 bps, 92.05%, Err 42 (9.7e-06)
548.121 ** WARNING: System too busy, sleep 15 ms, but be awakened 81 ms later
549.818 .... 1975 packets received, 7366 bps, 92.07%, Err 42 (9.7e-06)
551.966 .... 1983 packets received, 7367 bps, 92.08%, Err 42 (9.6e-06)
554.104 .... 1991 packets received, 7368 bps, 92.10%, Err 42 (9.6e-06)
556.217 .... 1999 packets received, 7369 bps, 92.12%, Err 42 (9.5e-06)
557.442 ** WARNING: System too busy, sleep 15 ms, but be awakened 67 ms later
558.369 .... 2007 packets received, 7370 bps, 92.13%, Err 42 (9.5e-06)
561.213 .... 2014 packets received, 7358 bps, 91.98%, Err 43 (9.7e-06)
563.333 .... 2025 packets received, 7371 bps, 92.13%, Err 43 (9.6e-06)
565.470 .... 2033 packets received, 7372 bps, 92.15%, Err 43 (9.6e-06)
567.600 .... 2041 packets received, 7373 bps, 92.16%, Err 43 (9.6e-06)
569.713 .... 2049 packets received, 7374 bps, 92.18%, Err 43 (9.5e-06)
571.838 .... 2057 packets received, 7376 bps, 92.20%, Err 43 (9.5e-06)
573.945 .... 2065 packets received, 7377 bps, 92.21%, Err 43 (9.5e-06)
576.088 .... 2072 packets received, 7375 bps, 92.18%, Err 45 (9.9e-06)
578.204 .... 2080 packets received, 7376 bps, 92.20%, Err 45 (9.8e-06)
580.318 .... 2088 packets received, 7377 bps, 92.22%, Err 45 (9.8e-06)
582.440 .... 2096 packets received, 7379 bps, 92.23%, Err 45 (9.8e-06)
584.546 .... 2104 packets received, 7380 bps, 92.25%, Err 45 (9.7e-06)
586.671 .... 2112 packets received, 7381 bps, 92.27%, Err 45 (9.7e-06)
588.786 .... 2120 packets received, 7383 bps, 92.28%, Err 45 (9.7e-06)
591.192 .... 2125 packets received, 7370 bps, 92.12%, Err 46 (9.8e-06)
593.290 .... 2136 packets received, 7382 bps, 92.27%, Err 46 (9.8e-06)
595.411 .... 2144 packets received, 7383 bps, 92.29%, Err 47 (1.0e-05)
597.538 .... 2151 packets received, 7381 bps, 92.26%, Err 47 (9.9e-06)
599.670 .... 2155 packets received, 7368 bps, 92.10%, Err 48 (1.0e-05)
601.786 .... 2162 packets received, 7366 bps, 92.07%, Err 49 (1.0e-05)
603.900 .... 2173 packets received, 7378 bps, 92.22%, Err 49 (1.0e-05)
606.023 .... 2181 packets received, 7379 bps, 92.23%, Err 49 (1.0e-05)
608.140 .... 2189 packets received, 7380 bps, 92.25%, Err 49 (1.0e-05)
610.273 .... 2197 packets received, 7381 bps, 92.26%, Err 49 (1.0e-05)
612.382 .... 2205 packets received, 7382 bps, 92.28%, Err 49 (1.0e-05)
614.509 .... 2213 packets received, 7383 bps, 92.29%, Err 49 (1.0e-05)
616.610 .... 2221 packets received, 7385 bps, 92.31%, Err 49 (1.0e-05)
617.363 ** WARNING: System too busy, sleep 15 ms, but be awakened 88 ms later
618.731 .... 2229 packets received, 7386 bps, 92.33%, Err 50 (1.0e-05)
620.849 .... 2237 packets received, 7387 bps, 92.34%, Err 50 (1.0e-05)
622.996 .... 2245 packets received, 7388 bps, 92.35%, Err 50 (1.0e-05)
625.099 .... 2253 packets received, 7389 bps, 92.37%, Err 50 (1.0e-05)
627.241 .... 2261 packets received, 7390 bps, 92.38%, Err 50 (1.0e-05)
629.351 .... 2269 packets received, 7392 bps, 92.39%, Err 50 (1.0e-05)
632.535 .... 2277 packets received, 7380 bps, 92.25%, Err 51 (1.0e-05)
634.649 .... 2288 packets received, 7391 bps, 92.39%, Err 51 (1.0e-05)
636.770 .... 2296 packets received, 7392 bps, 92.40%, Err 51 (1.0e-05)
638.899 .... 2304 packets received, 7393 bps, 92.42%, Err 51 (1.0e-05)
641.032 .... 2312 packets received, 7394 bps, 92.43%, Err 51 (1.0e-05)
643.147 .... 2320 packets received, 7395 bps, 92.44%, Err 51 (1.0e-05)
645.248 .... 2328 packets received, 7397 bps, 92.46%, Err 51 (1.0e-05)
647.395 .... 2336 packets received, 7398 bps, 92.47%, Err 51 (9.9e-06)
649.511 .... 2344 packets received, 7399 bps, 92.48%, Err 51 (9.9e-06)
651.632 .... 2352 packets received, 7400 bps, 92.50%, Err 51 (9.9e-06)
653.762 .... 2360 packets received, 7401 bps, 92.51%, Err 51 (9.8e-06)
656.673 .... 2367 packets received, 7390 bps, 92.37%, Err 53 (1.0e-05)
658.788 .... 2377 packets received, 7397 bps, 92.46%, Err 53 (1.0e-05)
660.921 .... 2385 packets received, 7398 bps, 92.47%, Err 53 (1.0e-05)
663.047 .... 2393 packets received, 7399 bps, 92.49%, Err 53 (1.0e-05)
665.150 .... 2401 packets received, 7400 bps, 92.50%, Err 53 (1.0e-05)
667.267 .... 2409 packets received, 7401 bps, 92.52%, Err 53 (1.0e-05)
669.406 .... 2416 packets received, 7399 bps, 92.49%, Err 54 (1.0e-05)
671.520 .... 2424 packets received, 7400 bps, 92.50%, Err 54 (1.0e-05)
673.684 .... 2432 packets received, 7401 bps, 92.51%, Err 54 (1.0e-05)
675.770 .... 2440 packets received, 7402 bps, 92.53%, Err 54 (1.0e-05)
677.894 .... 2448 packets received, 7403 bps, 92.54%, Err 54 (1.0e-05)
680.013 .... 2456 packets received, 7404 bps, 92.55%, Err 54 (1.0e-05)
682.125 .... 2464 packets received, 7405 bps, 92.56%, Err 54 (1.0e-05)
684.267 .... 2472 packets received, 7406 bps, 92.57%, Err 55 (1.0e-05)
686.378 .... 2479 packets received, 7404 bps, 92.55%, Err 55 (1.0e-05)
688.495 .... 2487 packets received, 7405 bps, 92.56%, Err 55 (1.0e-05)
690.618 .... 2495 packets received, 7406 bps, 92.58%, Err 55 (1.0e-05)
692.720 .... 2503 packets received, 7407 bps, 92.59%, Err 55 (1.0e-05)
695.115 .... 2508 packets received, 7396 bps, 92.46%, Err 57 (1.0e-05)
697.767 .... 2518 packets received, 7398 bps, 92.47%, Err 57 (1.0e-05)
699.909 .... 2524 packets received, 7393 bps, 92.41%, Err 57 (1.0e-05)
702.021 .... 2530 packets received, 7388 bps, 92.35%, Err 57 (1.0e-05)
704.141 .... 2536 packets received, 7383 bps, 92.29%, Err 57 (1.0e-05)
706.255 .... 2542 packets received, 7378 bps, 92.23%, Err 57 (1.0e-05)
708.914 .... 2547 packets received, 7365 bps, 92.06%, Err 58 (1.0e-05)
711.037 .... 2557 packets received, 7372 bps, 92.15%, Err 58 (1.0e-05)
713.159 .... 2565 packets received, 7373 bps, 92.16%, Err 58 (1.0e-05)
715.549 .... 2570 packets received, 7363 bps, 92.03%, Err 60 (1.1e-05)
717.654 .... 2580 packets received, 7370 bps, 92.12%, Err 60 (1.1e-05)
719.793 .... 2588 packets received, 7370 bps, 92.13%, Err 60 (1.1e-05)
721.908 .... 2596 packets received, 7372 bps, 92.14%, Err 60 (1.0e-05)
724.027 .... 2604 packets received, 7373 bps, 92.16%, Err 60 (1.0e-05)
726.135 .... 2612 packets received, 7374 bps, 92.17%, Err 60 (1.0e-05)
728.251 .... 2620 packets received, 7375 bps, 92.19%, Err 60 (1.0e-05)
730.397 .... 2628 packets received, 7376 bps, 92.19%, Err 60 (1.0e-05)
732.490 .... 2636 packets received, 7377 bps, 92.21%, Err 60 (1.0e-05)
734.638 .... 2644 packets received, 7378 bps, 92.22%, Err 60 (1.0e-05)
736.738 .... 2652 packets received, 7379 bps, 92.24%, Err 60 (1.0e-05)
738.868 .... 2660 packets received, 7380 bps, 92.25%, Err 60 (1.0e-05)
740.988 .... 2668 packets received, 7381 bps, 92.26%, Err 60 (1.0e-05)
743.091 .... 2676 packets received, 7382 bps, 92.27%, Err 60 (1.0e-05)
745.234 .... 2684 packets received, 7383 bps, 92.28%, Err 60 (1.0e-05)
747.332 .... 2692 packets received, 7384 bps, 92.30%, Err 60 (1.0e-05)
749.453 .... 2700 packets received, 7385 bps, 92.31%, Err 60 (1.0e-05)
751.599 .... 2708 packets received, 7386 bps, 92.32%, Err 60 (1.0e-05)
753.722 .... 2716 packets received, 7386 bps, 92.33%, Err 60 (1.0e-05)
755.813 .... 2724 packets received, 7388 bps, 92.35%, Err 60 (1.0e-05)
757.936 .... 2731 packets received, 7386 bps, 92.32%, Err 61 (1.0e-05)
760.334 .... 2736 packets received, 7376 bps, 92.20%, Err 62 (1.0e-05)
762.464 .... 2747 packets received, 7385 bps, 92.31%, Err 62 (1.0e-05)
764.571 .... 2755 packets received, 7386 bps, 92.33%, Err 62 (1.0e-05)
766.687 .... 2763 packets received, 7387 bps, 92.34%, Err 62 (1.0e-05)
768.825 .... 2771 packets received, 7388 bps, 92.35%, Err 62 (1.0e-05)
770.925 .... 2779 packets received, 7389 bps, 92.36%, Err 62 (1.0e-05)
773.048 .... 2787 packets received, 7390 bps, 92.37%, Err 62 (1.0e-05)
775.192 .... 2795 packets received, 7391 bps, 92.38%, Err 62 (1.0e-05)
777.286 .... 2803 packets received, 7392 bps, 92.40%, Err 62 (1.0e-05)
779.416 .... 2810 packets received, 7390 bps, 92.37%, Err 63 (1.0e-05)
781.533 .... 2818 packets received, 7391 bps, 92.39%, Err 63 (1.0e-05)
783.648 .... 2826 packets received, 7392 bps, 92.40%, Err 63 (1.0e-05)
785.780 .... 2834 packets received, 7393 bps, 92.41%, Err 63 (1.0e-05)
787.901 .... 2842 packets received, 7394 bps, 92.42%, Err 63 (1.0e-05)
790.003 .... 2850 packets received, 7395 bps, 92.43%, Err 63 (1.0e-05)
792.144 .... 2858 packets received, 7395 bps, 92.44%, Err 63 (1.0e-05)
794.259 .... 2866 packets received, 7396 bps, 92.45%, Err 63 (1.0e-05)
796.389 .... 2873 packets received, 7394 bps, 92.43%, Err 64 (1.0e-05)
798.503 .... 2881 packets received, 7395 bps, 92.44%, Err 64 (1.0e-05)
800.620 .... 2889 packets received, 7396 bps, 92.45%, Err 64 (1.0e-05)
802.753 .... 2897 packets received, 7397 bps, 92.46%, Err 64 (1.0e-05)
804.870 .... 2905 packets received, 7398 bps, 92.47%, Err 64 (1.0e-05)
806.976 .... 2913 packets received, 7399 bps, 92.49%, Err 64 (1.0e-05)
809.099 .... 2921 packets received, 7400 bps, 92.50%, Err 64 (1.0e-05)
811.230 .... 2929 packets received, 7401 bps, 92.51%, Err 64 (9.9e-06)
813.340 .... 2937 packets received, 7402 bps, 92.52%, Err 64 (9.9e-06)
815.468 .... 2945 packets received, 7402 bps, 92.53%, Err 64 (9.9e-06)
817.573 .... 2953 packets received, 7403 bps, 92.54%, Err 64 (9.9e-06)
819.712 .... 2961 packets received, 7404 bps, 92.55%, Err 64 (9.8e-06)
822.885 .... 2969 packets received, 7395 bps, 92.44%, Err 66 (1.0e-05)
825.011 .... 2980 packets received, 7404 bps, 92.54%, Err 66 (1.0e-05)
827.131 .... 2988 packets received, 7404 bps, 92.56%, Err 66 (1.0e-05)
829.778 .... 2994 packets received, 7396 bps, 92.44%, Err 67 (1.0e-05)
831.914 .... 3005 packets received, 7404 bps, 92.55%, Err 67 (1.0e-05)
834.029 .... 3013 packets received, 7405 bps, 92.56%, Err 67 (1.0e-05)
836.157 .... 3021 packets received, 7405 bps, 92.57%, Err 67 (1.0e-05)
838.280 .... 3029 packets received, 7406 bps, 92.58%, Err 67 (1.0e-05)
840.388 .... 3037 packets received, 7407 bps, 92.59%, Err 67 (1.0e-05)
842.505 .... 3045 packets received, 7408 bps, 92.60%, Err 67 (1.0e-05)
844.638 .... 3053 packets received, 7409 bps, 92.61%, Err 67 (1.0e-05)
846.744 .... 3061 packets received, 7409 bps, 92.62%, Err 67 (1.0e-05)
848.885 .... 3069 packets received, 7410 bps, 92.63%, Err 67 (9.9e-06)
851.008 .... 3077 packets received, 7411 bps, 92.64%, Err 67 (9.9e-06)
853.100 .... 3085 packets received, 7412 bps, 92.65%, Err 67 (9.9e-06)
855.222 .... 3093 packets received, 7413 bps, 92.66%, Err 67 (9.9e-06)
857.602 .... 3098 packets received, 7404 bps, 92.55%, Err 68 (1.0e-05)
859.750 .... 3109 packets received, 7412 bps, 92.65%, Err 68 (1.0e-05)
861.868 .... 3113 packets received, 7403 bps, 92.54%, Err 70 (1.0e-05)
863.977 .... 3124 packets received, 7411 bps, 92.64%, Err 70 (1.0e-05)
866.093 .... 3131 packets received, 7409 bps, 92.62%, Err 71 (1.0e-05)
868.231 .... 3139 packets received, 7410 bps, 92.63%, Err 71 (1.0e-05)
870.349 .... 3147 packets received, 7411 bps, 92.64%, Err 71 (1.0e-05)
872.484 .... 3155 packets received, 7412 bps, 92.64%, Err 71 (1.0e-05)
874.608 .... 3163 packets received, 7412 bps, 92.65%, Err 71 (1.0e-05)
876.721 .... 3171 packets received, 7413 bps, 92.66%, Err 71 (1.0e-05)
878.829 .... 3179 packets received, 7414 bps, 92.67%, Err 71 (1.0e-05)
880.967 .... 3187 packets received, 7415 bps, 92.68%, Err 71 (1.0e-05)
883.073 .... 3195 packets received, 7415 bps, 92.69%, Err 72 (1.0e-05)
885.215 .... 3203 packets received, 7416 bps, 92.70%, Err 72 (1.0e-05)
887.316 .... 3211 packets received, 7417 bps, 92.71%, Err 72 (1.0e-05)
890.236 .... 3218 packets received, 7409 bps, 92.61%, Err 73 (1.0e-05)
892.363 .... 3229 packets received, 7416 bps, 92.70%, Err 73 (1.0e-05)
894.479 .... 3237 packets received, 7417 bps, 92.71%, Err 73 (1.0e-05)
896.594 .... 3245 packets received, 7418 bps, 92.72%, Err 73 (1.0e-05)
898.725 .... 3253 packets received, 7418 bps, 92.73%, Err 73 (1.0e-05)
900.841 .... 3261 packets received, 7419 bps, 92.74%, Err 73 (1.0e-05)
902.973 .... 3269 packets received, 7420 bps, 92.75%, Err 73 (1.0e-05)
905.076 .... 3277 packets received, 7421 bps, 92.76%, Err 73 (1.0e-05)
907.219 .... 3285 packets received, 7421 bps, 92.77%, Err 73 (1.0e-05)
909.328 .... 3293 packets received, 7422 bps, 92.78%, Err 73 (1.0e-05)
911.450 .... 3301 packets received, 7423 bps, 92.78%, Err 73 (1.0e-05)
913.574 .... 3309 packets received, 7423 bps, 92.79%, Err 73 (1.0e-05)
915.680 .... 3317 packets received, 7424 bps, 92.80%, Err 73 (1.0e-05)
918.335 .... 3323 packets received, 7416 bps, 92.70%, Err 74 (1.0e-05)
920.452 .... 3334 packets received, 7424 bps, 92.79%, Err 74 (1.0e-05)
922.584 .... 3342 packets received, 7424 bps, 92.80%, Err 74 (1.0e-05)
924.705 .... 3350 packets received, 7425 bps, 92.81%, Err 74 (1.0e-05)
926.821 .... 3358 packets received, 7426 bps, 92.82%, Err 74 (1.0e-05)
928.940 .... 3366 packets received, 7426 bps, 92.83%, Err 74 (1.0e-05)
931.078 .... 3374 packets received, 7427 bps, 92.84%, Err 74 (1.0e-05)
933.176 .... 3382 packets received, 7428 bps, 92.85%, Err 74 (1.0e-05)
936.098 .... 3389 packets received, 7420 bps, 92.75%, Err 75 (1.0e-05)
938.224 .... 3400 packets received, 7427 bps, 92.84%, Err 75 (1.0e-05)
940.333 .... 3408 packets received, 7428 bps, 92.85%, Err 75 (1.0e-05)
942.459 .... 3416 packets received, 7428 bps, 92.86%, Err 75 (1.0e-05)
945.111 .... 3422 packets received, 7421 bps, 92.76%, Err 76 (1.0e-05)
948.294 .... 3433 packets received, 7419 bps, 92.74%, Err 77 (1.0e-05)
950.390 .... 3444 packets received, 7427 bps, 92.83%, Err 77 (1.0e-05)
952.538 .... 3451 packets received, 7425 bps, 92.81%, Err 78 (1.0e-05)
954.651 .... 3459 packets received, 7426 bps, 92.82%, Err 78 (1.0e-05)
956.749 .... 3467 packets received, 7427 bps, 92.83%, Err 78 (1.0e-05)
958.881 .... 3475 packets received, 7427 bps, 92.84%, Err 79 (1.0e-05)
960.994 .... 3483 packets received, 7428 bps, 92.85%, Err 79 (1.0e-05)
963.134 .... 3491 packets received, 7428 bps, 92.86%, Err 79 (1.0e-05)
965.250 .... 3499 packets received, 7429 bps, 92.86%, Err 79 (1.0e-05)
967.360 .... 3507 packets received, 7430 bps, 92.87%, Err 79 (1.0e-05)
969.476 .... 3515 packets received, 7431 bps, 92.88%, Err 79 (1.0e-05)
971.608 .... 3523 packets received, 7431 bps, 92.89%, Err 79 (1.0e-05)
973.731 .... 3531 packets received, 7432 bps, 92.90%, Err 79 (1.0e-05)
975.844 .... 3539 packets received, 7432 bps, 92.91%, Err 79 (1.0e-05)
977.972 .... 3547 packets received, 7433 bps, 92.91%, Err 79 (1.0e-05)
980.086 .... 3555 packets received, 7434 bps, 92.92%, Err 79 (1.0e-05)
982.209 .... 3563 packets received, 7434 bps, 92.93%, Err 79 (1.0e-05)
984.325 .... 3571 packets received, 7435 bps, 92.94%, Err 79 (1.0e-05)
986.449 .... 3579 packets received, 7436 bps, 92.94%, Err 79 (1.0e-05)
988.571 .... 3587 packets received, 7436 bps, 92.95%, Err 79 (1.0e-05)
990.686 .... 3595 packets received, 7437 bps, 92.96%, Err 79 (1.0e-05)
992.839 .... 3603 packets received, 7437 bps, 92.97%, Err 79 (1.0e-05)
994.954 .... 3611 packets received, 7438 bps, 92.97%, Err 79 (1.0e-05)
997.052 .... 3619 packets received, 7439 bps, 92.98%, Err 79 (1.0e-05)
999.171 .... 3627 packets received, 7439 bps, 92.99%, Err 79 (9.9e-06)
1001.300 .... 3635 packets received, 7440 bps, 93.00%, Err 79 (9.9e-06)
1003.946 .... 3641 packets received, 7432 bps, 92.91%, Err 80 (1.0e-05)
1006.066 .... 3652 packets received, 7439 bps, 92.99%, Err 80 (1.0e-05)
1008.185 .... 3660 packets received, 7440 bps, 93.00%, Err 80 (1.0e-05)
1011.376 .... 3668 packets received, 7433 bps, 92.91%, Err 81 (1.0e-05)
1013.507 .... 3679 packets received, 7439 bps, 92.99%, Err 81 (1.0e-05)
1015.624 .... 3687 packets received, 7440 bps, 93.00%, Err 81 (1.0e-05)
1017.744 .... 3695 packets received, 7440 bps, 93.00%, Err 82 (1.0e-05)
1019.871 .... 3702 packets received, 7439 bps, 92.99%, Err 83 (1.0e-05)
1021.995 .... 3710 packets received, 7439 bps, 92.99%, Err 83 (1.0e-05)
1024.115 .... 3717 packets received, 7438 bps, 92.98%, Err 84 (1.0e-05)
1027.298 .... 3725 packets received, 7431 bps, 92.89%, Err 85 (1.0e-05)
1029.419 .... 3736 packets received, 7438 bps, 92.97%, Err 85 (1.0e-05)
1031.545 .... 3744 packets received, 7438 bps, 92.98%, Err 85 (1.0e-05)
1033.650 .... 3752 packets received, 7439 bps, 92.98%, Err 85 (1.0e-05)
1035.775 .... 3760 packets received, 7439 bps, 92.99%, Err 85 (1.0e-05)
1037.878 .... 3768 packets received, 7440 bps, 93.00%, Err 85 (1.0e-05)
1040.016 .... 3776 packets received, 7441 bps, 93.01%, Err 85 (1.0e-05)
1042.128 .... 3784 packets received, 7441 bps, 93.01%, Err 85 (1.0e-05)
1044.256 .... 3792 packets received, 7442 bps, 93.02%, Err 85 (1.0e-05)
1046.374 .... 3800 packets received, 7442 bps, 93.03%, Err 85 (1.0e-05)
1048.500 .... 3808 packets received, 7443 bps, 93.04%, Err 85 (1.0e-05)
1050.611 .... 3816 packets received, 7443 bps, 93.04%, Err 85 (1.0e-05)
1052.737 .... 3824 packets received, 7444 bps, 93.05%, Err 85 (1.0e-05)
1055.918 .... 3832 packets received, 7437 bps, 92.96%, Err 86 (1.0e-05)
1058.032 .... 3843 packets received, 7444 bps, 93.04%, Err 86 (1.0e-05)
1060.150 .... 3851 packets received, 7444 bps, 93.05%, Err 86 (1.0e-05)
1062.276 .... 3859 packets received, 7445 bps, 93.06%, Err 86 (1.0e-05)
1064.394 .... 3867 packets received, 7445 bps, 93.07%, Err 86 (1.0e-05)
1066.518 .... 3875 packets received, 7446 bps, 93.07%, Err 86 (1.0e-05)
1068.628 .... 3883 packets received, 7446 bps, 93.08%, Err 86 (1.0e-05)
1070.772 .... 3887 packets received, 7439 bps, 92.99%, Err 87 (1.0e-05)
1072.895 .... 3898 packets received, 7445 bps, 93.07%, Err 87 (1.0e-05)
1075.014 .... 3906 packets received, 7446 bps, 93.07%, Err 87 (1.0e-05)
1077.140 .... 3914 packets received, 7446 bps, 93.08%, Err 87 (1.0e-05)
1079.255 .... 3922 packets received, 7447 bps, 93.09%, Err 87 (1.0e-05)
1081.388 .... 3930 packets received, 7448 bps, 93.09%, Err 87 (1.0e-05)
1083.504 .... 3938 packets received, 7448 bps, 93.10%, Err 87 (1.0e-05)
1085.614 .... 3946 packets received, 7449 bps, 93.11%, Err 87 (1.0e-05)
1087.757 .... 3954 packets received, 7449 bps, 93.11%, Err 87 (1.0e-05)
1089.878 .... 3962 packets received, 7450 bps, 93.12%, Err 87 (1.0e-05)
1091.991 .... 3970 packets received, 7450 bps, 93.13%, Err 87 (1.0e-05)
1094.128 .... 3978 packets received, 7451 bps, 93.13%, Err 87 (1.0e-05)
1096.218 .... 3986 packets received, 7451 bps, 93.14%, Err 87 (1.0e-05)
1098.350 .... 3994 packets received, 7452 bps, 93.15%, Err 87 (1.0e-05)
1100.467 .... 4002 packets received, 7452 bps, 93.15%, Err 87 (9.9e-06)
1102.591 .... 4010 packets received, 7453 bps, 93.16%, Err 87 (9.9e-06)
1104.714 .... 4018 packets received, 7453 bps, 93.17%, Err 87 (9.9e-06)
1107.639 .... 4025 packets received, 7447 bps, 93.08%, Err 88 (1.0e-05)
1110.276 .... 4032 packets received, 7442 bps, 93.02%, Err 89 (1.0e-05)
1112.393 .... 4044 packets received, 7450 bps, 93.12%, Err 89 (1.0e-05)
1114.512 .... 4050 packets received, 7447 bps, 93.08%, Err 89 (1.0e-05)
1116.632 .... 4056 packets received, 7444 bps, 93.04%, Err 89 (1.0e-05)
1118.763 .... 4062 packets received, 7440 bps, 93.00%, Err 89 (1.0e-05)
1120.872 .... 4068 packets received, 7437 bps, 92.97%, Err 89 (1.0e-05)
1123.014 .... 4075 packets received, 7436 bps, 92.95%, Err 89 (1.0e-05)
1125.115 .... 4077 packets received, 7426 bps, 92.82%, Err 90 (1.0e-05)
1127.247 .... 4089 packets received, 7433 bps, 92.92%, Err 90 (1.0e-05)
1129.358 .... 4097 packets received, 7434 bps, 92.93%, Err 90 (1.0e-05)
1131.491 .... 4105 packets received, 7434 bps, 92.93%, Err 90 (1.0e-05)
1133.603 .... 4113 packets received, 7435 bps, 92.94%, Err 90 (1.0e-05)
1135.734 .... 4121 packets received, 7436 bps, 92.94%, Err 90 (1.0e-05)
1137.837 .... 4129 packets received, 7436 bps, 92.95%, Err 90 (9.9e-06)
1139.951 .... 4137 packets received, 7437 bps, 92.96%, Err 90 (9.9e-06)
1142.084 .... 4145 packets received, 7437 bps, 92.97%, Err 90 (9.9e-06)
1144.199 .... 4153 packets received, 7438 bps, 92.97%, Err 90 (9.9e-06)
1146.325 .... 4161 packets received, 7438 bps, 92.98%, Err 90 (9.9e-06)
1149.512 .... 4169 packets received, 7432 bps, 92.90%, Err 91 (9.9e-06)
1151.622 .... 4180 packets received, 7438 bps, 92.97%, Err 92 (1.0e-05)
1153.740 .... 4187 packets received, 7437 bps, 92.96%, Err 92 (1.0e-05)
1155.875 .... 4195 packets received, 7437 bps, 92.96%, Err 92 (1.0e-05)
1157.994 .... 4203 packets received, 7438 bps, 92.97%, Err 93 (1.0e-05)
1160.124 .... 4211 packets received, 7438 bps, 92.98%, Err 93 (1.0e-05)
1162.243 .... 4219 packets received, 7439 bps, 92.98%, Err 93 (1.0e-05)
1164.352 .... 4227 packets received, 7439 bps, 92.99%, Err 93 (1.0e-05)
1166.485 .... 4235 packets received, 7440 bps, 93.00%, Err 93 (1.0e-05)
1168.581 .... 4243 packets received, 7440 bps, 93.00%, Err 93 (1.0e-05)
1170.715 .... 4251 packets received, 7441 bps, 93.01%, Err 93 (1.0e-05)
1172.840 .... 4258 packets received, 7440 bps, 92.99%, Err 94 (1.0e-05)
1174.965 .... 4266 packets received, 7440 bps, 93.00%, Err 94 (1.0e-05)
1177.072 .... 4274 packets received, 7441 bps, 93.01%, Err 94 (1.0e-05)
1179.205 .... 4282 packets received, 7441 bps, 93.01%, Err 94 (1.0e-05)
1181.326 .... 4290 packets received, 7442 bps, 93.02%, Err 94 (1.0e-05)
1183.438 .... 4298 packets received, 7442 bps, 93.03%, Err 94 (1.0e-05)
1185.557 .... 4306 packets received, 7443 bps, 93.03%, Err 94 (1.0e-05)
1188.737 .... 4314 packets received, 7437 bps, 92.96%, Err 95 (1.0e-05)
1190.864 .... 4325 packets received, 7442 bps, 93.03%, Err 95 (1.0e-05)
1192.987 .... 4333 packets received, 7443 bps, 93.03%, Err 95 (1.0e-05)
1195.109 .... 4341 packets received, 7443 bps, 93.04%, Err 95 (1.0e-05)
1197.228 .... 4349 packets received, 7444 bps, 93.05%, Err 95 (1.0e-05)
1199.345 .... 4357 packets received, 7444 bps, 93.05%, Err 95 (1.0e-05)
1200.016 Quit.
