000.000 =============================================================
000.000                     Station A                               
000.000 -------------------------------------------------------------
000.000 Protocol.lib, version 4.0, jiangyanjun0718@bupt.edu.cn
000.000 Channel: 8000 bps, 270 ms propagation delay, bit error rate 1.0E-05
000.000 Log file "fA.log", TCP port 30014, debug mask 0x00
000.000 Station A is waiting for station B on TCP port 30014 ... Done.
000.426 New epoch: Thu May 16 20:30:25 2019
000.426 =================================================================
000.426 
000.426 Designed by CJSoft, build: May 16 2019  20:29:14
002.827 .... 7 packets received, 6762 bps, 84.53%, Err 1 (5.3e-05)
004.957 .... 15 packets received, 7228 bps, 90.35%, Err 1 (2.8e-05)
007.089 .... 23 packets received, 7381 bps, 92.26%, Err 1 (1.9e-05)
009.204 .... 31 packets received, 7472 bps, 93.40%, Err 1 (1.4e-05)
011.302 .... 39 packets received, 7539 bps, 94.23%, Err 1 (1.2e-05)
013.425 .... 47 packets received, 7568 bps, 94.61%, Err 1 (9.6e-06)
015.553 .... 55 packets received, 7587 bps, 94.84%, Err 1 (8.3e-06)
017.674 .... 63 packets received, 7604 bps, 95.06%, Err 1 (7.3e-06)
019.787 .... 71 packets received, 7621 bps, 95.26%, Err 1 (6.5e-06)
021.925 .... 79 packets received, 7625 bps, 95.32%, Err 1 (5.8e-06)
024.042 .... 87 packets received, 7636 bps, 95.44%, Err 1 (5.3e-06)
026.147 .... 95 packets received, 7648 bps, 95.60%, Err 1 (4.9e-06)
028.268 .... 103 packets received, 7654 bps, 95.67%, Err 1 (4.5e-06)
030.411 .... 111 packets received, 7653 bps, 95.66%, Err 1 (4.2e-06)
033.076 .... 117 packets received, 7403 bps, 92.53%, Err 2 (7.7e-06)
035.184 .... 128 packets received, 7603 bps, 95.04%, Err 2 (7.2e-06)
037.299 .... 136 packets received, 7612 bps, 95.15%, Err 2 (6.8e-06)
039.446 .... 143 packets received, 7560 bps, 94.50%, Err 3 (9.6e-06)
041.560 .... 151 packets received, 7570 bps, 94.62%, Err 3 (9.1e-06)
043.677 .... 159 packets received, 7578 bps, 94.73%, Err 3 (8.7e-06)
045.782 .... 167 packets received, 7588 bps, 94.85%, Err 3 (8.3e-06)
047.909 .... 175 packets received, 7593 bps, 94.91%, Err 3 (7.9e-06)
050.020 .... 183 packets received, 7600 bps, 95.00%, Err 3 (7.6e-06)
052.159 .... 191 packets received, 7603 bps, 95.03%, Err 3 (7.3e-06)
054.276 .... 199 packets received, 7608 bps, 95.10%, Err 3 (7.0e-06)
056.386 .... 207 packets received, 7614 bps, 95.17%, Err 3 (6.7e-06)
058.521 .... 215 packets received, 7616 bps, 95.20%, Err 3 (6.5e-06)
060.630 .... 223 packets received, 7622 bps, 95.27%, Err 3 (6.2e-06)
062.752 .... 231 packets received, 7625 bps, 95.31%, Err 3 (6.0e-06)
064.881 .... 239 packets received, 7627 bps, 95.34%, Err 3 (5.8e-06)
066.997 .... 247 packets received, 7631 bps, 95.39%, Err 3 (5.6e-06)
069.123 .... 255 packets received, 7633 bps, 95.42%, Err 3 (5.5e-06)
071.242 .... 263 packets received, 7636 bps, 95.45%, Err 3 (5.3e-06)
073.363 .... 271 packets received, 7639 bps, 95.49%, Err 4 (6.9e-06)
075.757 .... 276 packets received, 7532 bps, 94.15%, Err 5 (8.3e-06)
077.869 .... 287 packets received, 7617 bps, 95.22%, Err 5 (8.1e-06)
079.995 .... 295 packets received, 7620 bps, 95.25%, Err 5 (7.9e-06)
082.114 .... 303 packets received, 7623 bps, 95.28%, Err 5 (7.7e-06)
084.229 .... 311 packets received, 7626 bps, 95.32%, Err 5 (7.5e-06)
086.347 .... 319 packets received, 7629 bps, 95.36%, Err 5 (7.3e-06)
088.480 .... 327 packets received, 7630 bps, 95.37%, Err 5 (7.1e-06)
091.127 .... 333 packets received, 7542 bps, 94.28%, Err 7 (9.7e-06)
093.253 .... 343 packets received, 7590 bps, 94.88%, Err 7 (9.4e-06)
095.368 .... 351 packets received, 7594 bps, 94.92%, Err 7 (9.2e-06)
097.480 .... 359 packets received, 7597 bps, 94.97%, Err 7 (9.0e-06)
099.618 .... 367 packets received, 7599 bps, 94.99%, Err 7 (8.8e-06)
101.724 .... 375 packets received, 7603 bps, 95.03%, Err 7 (8.6e-06)
103.836 .... 383 packets received, 7606 bps, 95.07%, Err 7 (8.5e-06)
105.970 .... 391 packets received, 7607 bps, 95.09%, Err 7 (8.3e-06)
108.081 .... 399 packets received, 7610 bps, 95.13%, Err 7 (8.1e-06)
110.217 .... 403 packets received, 7537 bps, 94.21%, Err 8 (9.1e-06)
112.322 .... 414 packets received, 7596 bps, 94.95%, Err 8 (8.9e-06)
114.451 .... 422 packets received, 7598 bps, 94.98%, Err 8 (8.8e-06)
116.570 .... 430 packets received, 7601 bps, 95.01%, Err 8 (8.6e-06)
118.686 .... 438 packets received, 7603 bps, 95.04%, Err 8 (8.5e-06)
120.815 .... 446 packets received, 7605 bps, 95.06%, Err 8 (8.3e-06)
122.919 .... 454 packets received, 7608 bps, 95.10%, Err 8 (8.2e-06)
125.037 .... 462 packets received, 7610 bps, 95.13%, Err 8 (8.0e-06)
127.184 .... 470 packets received, 7611 bps, 95.13%, Err 8 (7.9e-06)
129.299 .... 478 packets received, 7613 bps, 95.16%, Err 8 (7.8e-06)
131.399 .... 486 packets received, 7616 bps, 95.20%, Err 9 (8.6e-06)
133.535 .... 494 packets received, 7617 bps, 95.21%, Err 9 (8.5e-06)
135.663 .... 502 packets received, 7618 bps, 95.23%, Err 9 (8.3e-06)
137.783 .... 510 packets received, 7620 bps, 95.25%, Err 9 (8.2e-06)
139.883 .... 518 packets received, 7622 bps, 95.28%, Err 9 (8.1e-06)
142.019 .... 526 packets received, 7623 bps, 95.29%, Err 9 (7.9e-06)
144.142 .... 533 packets received, 7610 bps, 95.13%, Err 10 (8.7e-06)
146.258 .... 541 packets received, 7612 bps, 95.15%, Err 10 (8.6e-06)
148.391 .... 549 packets received, 7613 bps, 95.17%, Err 10 (8.4e-06)
150.515 .... 553 packets received, 7560 bps, 94.50%, Err 11 (9.2e-06)
152.625 .... 564 packets received, 7603 bps, 95.04%, Err 11 (9.0e-06)
154.751 .... 572 packets received, 7605 bps, 95.06%, Err 11 (8.9e-06)
156.875 .... 580 packets received, 7606 bps, 95.08%, Err 11 (8.8e-06)
159.502 .... 586 packets received, 7558 bps, 94.47%, Err 13 (1.0e-05)
161.627 .... 596 packets received, 7585 bps, 94.81%, Err 13 (1.0e-05)
163.775 .... 604 packets received, 7586 bps, 94.82%, Err 13 (9.9e-06)
165.883 .... 612 packets received, 7588 bps, 94.85%, Err 13 (9.8e-06)
168.007 .... 620 packets received, 7590 bps, 94.87%, Err 13 (9.7e-06)
170.115 .... 628 packets received, 7592 bps, 94.90%, Err 13 (9.6e-06)
172.247 .... 636 packets received, 7593 bps, 94.91%, Err 13 (9.5e-06)
174.374 .... 644 packets received, 7594 bps, 94.93%, Err 13 (9.3e-06)
176.487 .... 652 packets received, 7596 bps, 94.96%, Err 13 (9.2e-06)
178.618 .... 660 packets received, 7598 bps, 94.97%, Err 13 (9.1e-06)
181.538 .... 667 packets received, 7554 bps, 94.43%, Err 14 (9.7e-06)
183.659 .... 678 packets received, 7590 bps, 94.87%, Err 14 (9.6e-06)
185.786 .... 686 packets received, 7591 bps, 94.89%, Err 14 (9.4e-06)
187.912 .... 694 packets received, 7592 bps, 94.90%, Err 15 (1.0e-05)
190.026 .... 701 packets received, 7583 bps, 94.79%, Err 15 (9.9e-06)
192.159 .... 709 packets received, 7584 bps, 94.80%, Err 15 (9.8e-06)
194.275 .... 716 packets received, 7575 bps, 94.69%, Err 16 (1.0e-05)
196.380 .... 724 packets received, 7578 bps, 94.72%, Err 16 (1.0e-05)
198.507 .... 732 packets received, 7579 bps, 94.74%, Err 16 (1.0e-05)
200.623 .... 740 packets received, 7581 bps, 94.76%, Err 16 (1.0e-05)
202.748 .... 748 packets received, 7582 bps, 94.78%, Err 16 (9.9e-06)
204.878 .... 756 packets received, 7583 bps, 94.79%, Err 16 (9.8e-06)
206.987 .... 764 packets received, 7585 bps, 94.81%, Err 16 (9.7e-06)
209.111 .... 772 packets received, 7586 bps, 94.83%, Err 16 (9.6e-06)
211.227 .... 780 packets received, 7588 bps, 94.85%, Err 16 (9.5e-06)
213.361 .... 787 packets received, 7579 bps, 94.74%, Err 17 (1.0e-05)
215.456 .... 795 packets received, 7582 bps, 94.77%, Err 17 (9.9e-06)
217.584 .... 803 packets received, 7583 bps, 94.79%, Err 17 (9.8e-06)
219.721 .... 811 packets received, 7584 bps, 94.80%, Err 17 (9.7e-06)
221.825 .... 819 packets received, 7586 bps, 94.82%, Err 17 (9.6e-06)
223.943 .... 827 packets received, 7587 bps, 94.84%, Err 17 (9.5e-06)
226.092 .... 835 packets received, 7587 bps, 94.84%, Err 17 (9.4e-06)
228.208 .... 843 packets received, 7589 bps, 94.86%, Err 17 (9.3e-06)
230.330 .... 851 packets received, 7590 bps, 94.88%, Err 17 (9.2e-06)
232.461 .... 858 packets received, 7582 bps, 94.78%, Err 18 (9.7e-06)
234.570 .... 866 packets received, 7584 bps, 94.80%, Err 18 (9.6e-06)
236.704 .... 874 packets received, 7585 bps, 94.81%, Err 18 (9.5e-06)
238.812 .... 882 packets received, 7586 bps, 94.83%, Err 18 (9.4e-06)
240.940 .... 889 packets received, 7579 bps, 94.73%, Err 19 (9.9e-06)
243.075 .... 896 packets received, 7571 bps, 94.64%, Err 20 (1.0e-05)
245.176 .... 904 packets received, 7573 bps, 94.66%, Err 20 (1.0e-05)
247.307 .... 912 packets received, 7574 bps, 94.68%, Err 20 (1.0e-05)
249.440 .... 919 packets received, 7567 bps, 94.58%, Err 21 (1.1e-05)
251.525 .... 927 packets received, 7569 bps, 94.62%, Err 21 (1.0e-05)
253.672 .... 935 packets received, 7570 bps, 94.62%, Err 21 (1.0e-05)
255.796 .... 943 packets received, 7571 bps, 94.64%, Err 21 (1.0e-05)
258.443 .... 949 packets received, 7541 bps, 94.26%, Err 22 (1.1e-05)
260.809 .... 957 packets received, 7535 bps, 94.19%, Err 23 (1.1e-05)
262.935 .... 968 packets received, 7560 bps, 94.50%, Err 23 (1.1e-05)
265.060 .... 976 packets received, 7561 bps, 94.52%, Err 23 (1.1e-05)
267.185 .... 984 packets received, 7562 bps, 94.53%, Err 23 (1.1e-05)
269.297 .... 992 packets received, 7564 bps, 94.55%, Err 23 (1.1e-05)
271.416 .... 1000 packets received, 7565 bps, 94.57%, Err 23 (1.1e-05)
273.551 .... 1008 packets received, 7566 bps, 94.58%, Err 23 (1.1e-05)
275.674 .... 1016 packets received, 7567 bps, 94.59%, Err 23 (1.0e-05)
277.783 .... 1024 packets received, 7569 bps, 94.61%, Err 23 (1.0e-05)
279.906 .... 1032 packets received, 7570 bps, 94.62%, Err 23 (1.0e-05)
282.017 .... 1040 packets received, 7571 bps, 94.64%, Err 23 (1.0e-05)
284.138 .... 1048 packets received, 7573 bps, 94.66%, Err 23 (1.0e-05)
286.262 .... 1056 packets received, 7574 bps, 94.67%, Err 23 (1.0e-05)
288.372 .... 1064 packets received, 7575 bps, 94.69%, Err 23 (1.0e-05)
290.516 .... 1072 packets received, 7576 bps, 94.69%, Err 23 (9.9e-06)
292.644 .... 1080 packets received, 7576 bps, 94.71%, Err 23 (9.8e-06)
294.754 .... 1088 packets received, 7578 bps, 94.72%, Err 23 (9.8e-06)
296.896 .... 1096 packets received, 7578 bps, 94.73%, Err 23 (9.7e-06)
299.007 .... 1104 packets received, 7580 bps, 94.74%, Err 23 (9.6e-06)
301.134 .... 1112 packets received, 7580 bps, 94.76%, Err 23 (9.6e-06)
303.245 .... 1120 packets received, 7582 bps, 94.77%, Err 23 (9.5e-06)
305.356 .... 1128 packets received, 7583 bps, 94.79%, Err 23 (9.4e-06)
307.485 .... 1136 packets received, 7584 bps, 94.80%, Err 23 (9.4e-06)
309.584 .... 1144 packets received, 7585 bps, 94.82%, Err 23 (9.3e-06)
311.727 .... 1152 packets received, 7586 bps, 94.82%, Err 24 (9.6e-06)
313.848 .... 1159 packets received, 7580 bps, 94.75%, Err 24 (9.6e-06)
315.970 .... 1167 packets received, 7581 bps, 94.76%, Err 24 (9.5e-06)
318.115 .... 1175 packets received, 7581 bps, 94.77%, Err 24 (9.4e-06)
320.205 .... 1183 packets received, 7583 bps, 94.79%, Err 24 (9.4e-06)
322.331 .... 1191 packets received, 7584 bps, 94.80%, Err 24 (9.3e-06)
324.458 .... 1199 packets received, 7585 bps, 94.81%, Err 24 (9.3e-06)
326.596 .... 1207 packets received, 7585 bps, 94.82%, Err 24 (9.2e-06)
328.697 .... 1215 packets received, 7587 bps, 94.83%, Err 24 (9.1e-06)
330.812 .... 1223 packets received, 7588 bps, 94.84%, Err 24 (9.1e-06)
332.934 .... 1231 packets received, 7588 bps, 94.86%, Err 24 (9.0e-06)
333.446 ** WARNING: System too busy, sleep 15 ms, but be awakened 198 ms later
335.100 .... 1239 packets received, 7588 bps, 94.85%, Err 24 (9.0e-06)
336.874 ** WARNING: System too busy, sleep 15 ms, but be awakened 155 ms later
337.349 .... 1246 packets received, 7580 bps, 94.75%, Err 24 (8.9e-06)
338.086 ** WARNING: System too busy, sleep 15 ms, but be awakened 141 ms later
339.875 .... 1252 packets received, 7560 bps, 94.50%, Err 24 (8.9e-06)
340.224 ** WARNING: System too busy, sleep 15 ms, but be awakened 69 ms later
341.974 .... 1258 packets received, 7549 bps, 94.37%, Err 24 (8.8e-06)
343.131 ** WARNING: System too busy, sleep 15 ms, but be awakened 69 ms later
344.262 .... 1262 packets received, 7523 bps, 94.04%, Err 24 (8.7e-06)
345.062 ** WARNING: System too busy, sleep 15 ms, but be awakened 161 ms later
346.823 .... 1268 packets received, 7503 bps, 93.79%, Err 24 (8.7e-06)
347.047 ** WARNING: System too busy, sleep 15 ms, but be awakened 66 ms later
349.100 ** WARNING: System too busy, sleep 15 ms, but be awakened 671 ms later
349.100 .... 1271 packets received, 7471 bps, 93.39%, Err 24 (8.6e-06)
351.815 .... 1274 packets received, 7431 bps, 92.89%, Err 24 (8.6e-06)
352.152 ** WARNING: System too busy, sleep 15 ms, but be awakened 114 ms later
354.382 .... 1279 packets received, 7406 bps, 92.58%, Err 24 (8.6e-06)
356.467 .... 1282 packets received, 7380 bps, 92.25%, Err 24 (8.5e-06)
358.580 .... 1290 packets received, 7382 bps, 92.28%, Err 24 (8.4e-06)
359.683 ** WARNING: System too busy, sleep 15 ms, but be awakened 78 ms later
360.723 .... 1298 packets received, 7384 bps, 92.30%, Err 24 (8.4e-06)
362.939 .... 1306 packets received, 7384 bps, 92.30%, Err 24 (8.3e-06)
364.988 .... 1314 packets received, 7387 bps, 92.34%, Err 24 (8.3e-06)
365.422 ** WARNING: System too busy, sleep 15 ms, but be awakened 87 ms later
367.117 .... 1321 packets received, 7384 bps, 92.29%, Err 26 (8.9e-06)
369.257 .... 1329 packets received, 7385 bps, 92.31%, Err 26 (8.9e-06)
371.406 .... 1337 packets received, 7387 bps, 92.33%, Err 27 (9.2e-06)
373.525 .... 1345 packets received, 7388 bps, 92.36%, Err 27 (9.1e-06)
375.648 .... 1353 packets received, 7390 bps, 92.38%, Err 27 (9.1e-06)
377.800 .... 1361 packets received, 7392 bps, 92.40%, Err 27 (9.0e-06)
380.995 .... 1369 packets received, 7373 bps, 92.16%, Err 28 (9.3e-06)
383.112 .... 1380 packets received, 7391 bps, 92.38%, Err 28 (9.2e-06)
385.269 .... 1388 packets received, 7392 bps, 92.40%, Err 28 (9.2e-06)
387.383 .... 1396 packets received, 7394 bps, 92.42%, Err 29 (9.4e-06)
389.501 .... 1404 packets received, 7396 bps, 92.45%, Err 29 (9.4e-06)
391.657 .... 1412 packets received, 7397 bps, 92.46%, Err 29 (9.3e-06)
393.783 .... 1420 packets received, 7398 bps, 92.48%, Err 29 (9.3e-06)
395.916 .... 1428 packets received, 7400 bps, 92.50%, Err 29 (9.2e-06)
398.036 .... 1436 packets received, 7402 bps, 92.52%, Err 30 (9.5e-06)
400.172 .... 1443 packets received, 7398 bps, 92.48%, Err 30 (9.4e-06)
402.293 .... 1447 packets received, 7379 bps, 92.24%, Err 31 (9.7e-06)
404.452 .... 1458 packets received, 7396 bps, 92.45%, Err 31 (9.7e-06)
406.576 .... 1466 packets received, 7397 bps, 92.47%, Err 31 (9.6e-06)
408.678 .... 1474 packets received, 7399 bps, 92.49%, Err 31 (9.6e-06)
410.825 .... 1482 packets received, 7401 bps, 92.51%, Err 31 (9.5e-06)
412.945 .... 1490 packets received, 7402 bps, 92.53%, Err 31 (9.5e-06)
415.067 .... 1498 packets received, 7404 bps, 92.55%, Err 31 (9.4e-06)
417.174 .... 1506 packets received, 7406 bps, 92.57%, Err 31 (9.4e-06)
419.286 .... 1514 packets received, 7408 bps, 92.60%, Err 31 (9.3e-06)
421.435 .... 1521 packets received, 7404 bps, 92.55%, Err 32 (9.6e-06)
423.543 .... 1529 packets received, 7406 bps, 92.57%, Err 32 (9.5e-06)
425.669 .... 1537 packets received, 7407 bps, 92.59%, Err 32 (9.5e-06)
427.800 .... 1545 packets received, 7409 bps, 92.61%, Err 32 (9.4e-06)
429.921 .... 1553 packets received, 7410 bps, 92.63%, Err 32 (9.4e-06)
432.042 .... 1561 packets received, 7412 bps, 92.65%, Err 32 (9.3e-06)
434.146 .... 1569 packets received, 7414 bps, 92.67%, Err 32 (9.3e-06)
436.254 .... 1577 packets received, 7415 bps, 92.69%, Err 32 (9.2e-06)
438.385 .... 1585 packets received, 7417 bps, 92.71%, Err 32 (9.2e-06)
440.502 .... 1593 packets received, 7418 bps, 92.73%, Err 32 (9.1e-06)
443.443 .... 1600 packets received, 7401 bps, 92.52%, Err 34 (9.7e-06)
446.095 .... 1610 packets received, 7403 bps, 92.54%, Err 34 (9.6e-06)
448.198 .... 1616 packets received, 7396 bps, 92.45%, Err 34 (9.6e-06)
450.313 .... 1622 packets received, 7388 bps, 92.35%, Err 34 (9.5e-06)
452.451 .... 1628 packets received, 7381 bps, 92.26%, Err 35 (9.7e-06)
454.561 .... 1635 packets received, 7378 bps, 92.22%, Err 37 (1.0e-05)
456.686 .... 1642 packets received, 7375 bps, 92.19%, Err 37 (1.0e-05)
458.798 .... 1650 packets received, 7377 bps, 92.21%, Err 37 (1.0e-05)
460.925 .... 1658 packets received, 7378 bps, 92.23%, Err 37 (1.0e-05)
463.048 .... 1666 packets received, 7380 bps, 92.25%, Err 37 (1.0e-05)
465.169 .... 1674 packets received, 7381 bps, 92.27%, Err 37 (1.0e-05)
467.299 .... 1682 packets received, 7383 bps, 92.28%, Err 37 (1.0e-05)
469.417 .... 1690 packets received, 7384 bps, 92.30%, Err 37 (9.9e-06)
471.545 .... 1697 packets received, 7381 bps, 92.27%, Err 38 (1.0e-05)
473.653 .... 1705 packets received, 7383 bps, 92.29%, Err 38 (1.0e-05)
475.790 .... 1713 packets received, 7384 bps, 92.31%, Err 38 (1.0e-05)
477.958 .... 1721 packets received, 7385 bps, 92.32%, Err 38 (1.0e-05)
480.023 .... 1729 packets received, 7388 bps, 92.34%, Err 38 (1.0e-05)
482.216 .... 1737 packets received, 7388 bps, 92.35%, Err 38 (9.9e-06)
484.279 .... 1745 packets received, 7390 bps, 92.38%, Err 38 (9.9e-06)
486.406 .... 1753 packets received, 7392 bps, 92.40%, Err 38 (9.8e-06)
488.585 .... 1761 packets received, 7392 bps, 92.40%, Err 38 (9.8e-06)
490.624 .... 1769 packets received, 7395 bps, 92.44%, Err 38 (9.7e-06)
493.032 .... 1774 packets received, 7380 bps, 92.24%, Err 39 (1.0e-05)
493.303 ** WARNING: System too busy, sleep 15 ms, but be awakened 77 ms later
495.169 .... 1784 packets received, 7389 bps, 92.36%, Err 39 (9.9e-06)
496.565 ** WARNING: System too busy, sleep 15 ms, but be awakened 75 ms later
497.696 .... 1789 packets received, 7372 bps, 92.15%, Err 40 (1.0e-05)
499.794 ** WARNING: System too busy, sleep 15 ms, but be awakened 69 ms later
499.861 .... 1801 packets received, 7389 bps, 92.37%, Err 40 (1.0e-05)
501.397 ** WARNING: System too busy, sleep 15 ms, but be awakened 66 ms later
502.025 .... 1809 packets received, 7390 bps, 92.38%, Err 41 (1.0e-05)
504.885 .... 1813 packets received, 7365 bps, 92.06%, Err 42 (1.0e-05)
505.775 ** WARNING: System too busy, sleep 15 ms, but be awakened 177 ms later
507.190 .... 1822 packets received, 7367 bps, 92.09%, Err 42 (1.0e-05)
507.597 ** WARNING: System too busy, sleep 15 ms, but be awakened 72 ms later
509.200 .... 1829 packets received, 7366 bps, 92.08%, Err 42 (1.0e-05)
511.385 .... 1836 packets received, 7363 bps, 92.04%, Err 42 (1.0e-05)
513.512 .... 1844 packets received, 7364 bps, 92.06%, Err 42 (1.0e-05)
514.505 ** WARNING: System too busy, sleep 15 ms, but be awakened 67 ms later
515.669 .... 1852 packets received, 7365 bps, 92.07%, Err 42 (1.0e-05)
516.114 ** WARNING: System too busy, sleep 15 ms, but be awakened 78 ms later
517.677 .... 1859 packets received, 7365 bps, 92.06%, Err 42 (1.0e-05)
519.790 .... 1867 packets received, 7366 bps, 92.08%, Err 42 (1.0e-05)
521.218 ** WARNING: System too busy, sleep 15 ms, but be awakened 74 ms later
521.875 .... 1875 packets received, 7368 bps, 92.10%, Err 42 (1.0e-05)
523.949 ** WARNING: System too busy, sleep 15 ms, but be awakened 90 ms later
524.044 .... 1883 packets received, 7369 bps, 92.11%, Err 42 (1.0e-05)
526.130 .... 1891 packets received, 7371 bps, 92.13%, Err 42 (1.0e-05)
527.621 ** WARNING: System too busy, sleep 15 ms, but be awakened 92 ms later
528.263 .... 1899 packets received, 7372 bps, 92.15%, Err 42 (1.0e-05)
529.396 ** WARNING: System too busy, sleep 15 ms, but be awakened 66 ms later
530.376 .... 1907 packets received, 7374 bps, 92.17%, Err 42 (1.0e-05)
532.499 .... 1911 packets received, 7360 bps, 91.99%, Err 43 (1.0e-05)
534.661 .... 1922 packets received, 7372 bps, 92.15%, Err 43 (1.0e-05)
536.758 .... 1930 packets received, 7374 bps, 92.17%, Err 43 (1.0e-05)
538.880 .... 1938 packets received, 7375 bps, 92.19%, Err 43 (1.0e-05)
541.045 .... 1946 packets received, 7376 bps, 92.20%, Err 43 (1.0e-05)
543.086 .... 1954 packets received, 7378 bps, 92.23%, Err 43 (1.0e-05)
544.075 ** WARNING: System too busy, sleep 15 ms, but be awakened 68 ms later
545.259 .... 1962 packets received, 7379 bps, 92.24%, Err 45 (1.0e-05)
548.121 ** WARNING: System too busy, sleep 15 ms, but be awakened 79 ms later
548.428 .... 1969 packets received, 7362 bps, 92.03%, Err 46 (1.1e-05)
550.543 .... 1980 packets received, 7375 bps, 92.19%, Err 46 (1.1e-05)
552.664 .... 1988 packets received, 7376 bps, 92.20%, Err 46 (1.0e-05)
554.781 .... 1996 packets received, 7378 bps, 92.22%, Err 46 (1.0e-05)
556.922 .... 2003 packets received, 7375 bps, 92.19%, Err 47 (1.1e-05)
557.218 ** WARNING: System too busy, sleep 15 ms, but be awakened 66 ms later
559.184 .... 2011 packets received, 7375 bps, 92.18%, Err 47 (1.1e-05)
560.288 ** WARNING: System too busy, sleep 15 ms, but be awakened 72 ms later
561.287 .... 2018 packets received, 7372 bps, 92.16%, Err 47 (1.1e-05)
563.445 .... 2027 packets received, 7377 bps, 92.21%, Err 47 (1.1e-05)
566.161 .... 2033 packets received, 7363 bps, 92.04%, Err 48 (1.1e-05)
568.258 .... 2044 packets received, 7376 bps, 92.20%, Err 48 (1.1e-05)
570.385 .... 2052 packets received, 7377 bps, 92.21%, Err 48 (1.1e-05)
572.514 .... 2060 packets received, 7378 bps, 92.23%, Err 48 (1.1e-05)
575.431 .... 2066 packets received, 7362 bps, 92.03%, Err 49 (1.1e-05)
577.540 .... 2078 packets received, 7378 bps, 92.22%, Err 49 (1.1e-05)
579.674 .... 2086 packets received, 7379 bps, 92.24%, Err 49 (1.1e-05)
581.793 .... 2094 packets received, 7380 bps, 92.25%, Err 49 (1.1e-05)
583.914 .... 2102 packets received, 7381 bps, 92.27%, Err 49 (1.1e-05)
586.029 .... 2110 packets received, 7383 bps, 92.28%, Err 49 (1.1e-05)
588.960 .... 2116 packets received, 7367 bps, 92.09%, Err 50 (1.1e-05)
591.083 .... 2128 packets received, 7382 bps, 92.27%, Err 50 (1.1e-05)
593.195 .... 2136 packets received, 7383 bps, 92.29%, Err 50 (1.1e-05)
595.318 .... 2144 packets received, 7385 bps, 92.31%, Err 50 (1.1e-05)
597.449 .... 2152 packets received, 7386 bps, 92.32%, Err 50 (1.1e-05)
599.550 .... 2160 packets received, 7387 bps, 92.34%, Err 50 (1.1e-05)
601.691 .... 2168 packets received, 7388 bps, 92.35%, Err 50 (1.0e-05)
603.798 .... 2176 packets received, 7389 bps, 92.37%, Err 50 (1.0e-05)
605.919 .... 2184 packets received, 7391 bps, 92.38%, Err 50 (1.0e-05)
608.051 .... 2192 packets received, 7392 bps, 92.39%, Err 50 (1.0e-05)
610.178 .... 2199 packets received, 7389 bps, 92.37%, Err 51 (1.1e-05)
612.303 .... 2207 packets received, 7390 bps, 92.38%, Err 51 (1.0e-05)
614.415 .... 2215 packets received, 7392 bps, 92.40%, Err 51 (1.0e-05)
616.547 .... 2223 packets received, 7393 bps, 92.41%, Err 51 (1.0e-05)
617.363 ** WARNING: System too busy, sleep 15 ms, but be awakened 88 ms later
618.699 .... 2231 packets received, 7393 bps, 92.42%, Err 51 (1.0e-05)
620.834 .... 2239 packets received, 7394 bps, 92.43%, Err 51 (1.0e-05)
622.940 .... 2247 packets received, 7396 bps, 92.45%, Err 51 (1.0e-05)
625.067 .... 2255 packets received, 7397 bps, 92.46%, Err 51 (1.0e-05)
627.181 .... 2263 packets received, 7398 bps, 92.47%, Err 51 (1.0e-05)
629.296 .... 2271 packets received, 7399 bps, 92.49%, Err 51 (1.0e-05)
631.434 .... 2279 packets received, 7400 bps, 92.50%, Err 51 (1.0e-05)
633.551 .... 2287 packets received, 7401 bps, 92.51%, Err 51 (1.0e-05)
635.661 .... 2295 packets received, 7402 bps, 92.53%, Err 51 (1.0e-05)
637.786 .... 2303 packets received, 7403 bps, 92.54%, Err 51 (1.0e-05)
639.915 .... 2311 packets received, 7404 bps, 92.55%, Err 51 (1.0e-05)
642.039 .... 2319 packets received, 7405 bps, 92.57%, Err 51 (1.0e-05)
644.152 .... 2327 packets received, 7407 bps, 92.58%, Err 51 (1.0e-05)
646.267 .... 2335 packets received, 7408 bps, 92.60%, Err 51 (9.9e-06)
649.178 .... 2342 packets received, 7397 bps, 92.46%, Err 52 (1.0e-05)
651.296 .... 2353 packets received, 7407 bps, 92.59%, Err 52 (1.0e-05)
653.433 .... 2361 packets received, 7408 bps, 92.60%, Err 52 (1.0e-05)
655.554 .... 2369 packets received, 7409 bps, 92.61%, Err 52 (1.0e-05)
657.668 .... 2377 packets received, 7410 bps, 92.63%, Err 52 (1.0e-05)
659.785 .... 2385 packets received, 7411 bps, 92.64%, Err 52 (9.9e-06)
661.892 .... 2392 packets received, 7409 bps, 92.61%, Err 53 (1.0e-05)
664.038 .... 2400 packets received, 7410 bps, 92.62%, Err 53 (1.0e-05)
666.156 .... 2408 packets received, 7411 bps, 92.64%, Err 53 (1.0e-05)
668.279 .... 2416 packets received, 7412 bps, 92.65%, Err 53 (1.0e-05)
670.389 .... 2424 packets received, 7413 bps, 92.66%, Err 53 (1.0e-05)
672.513 .... 2432 packets received, 7414 bps, 92.67%, Err 53 (9.9e-06)
674.647 .... 2440 packets received, 7415 bps, 92.68%, Err 53 (9.9e-06)
677.293 .... 2446 packets received, 7404 bps, 92.55%, Err 54 (1.0e-05)
679.411 .... 2457 packets received, 7414 bps, 92.68%, Err 54 (1.0e-05)
681.529 .... 2465 packets received, 7415 bps, 92.69%, Err 54 (1.0e-05)
683.660 .... 2473 packets received, 7416 bps, 92.70%, Err 54 (9.9e-06)
685.783 .... 2481 packets received, 7417 bps, 92.71%, Err 54 (9.9e-06)
687.889 .... 2489 packets received, 7418 bps, 92.72%, Err 54 (9.9e-06)
690.009 .... 2497 packets received, 7419 bps, 92.74%, Err 54 (9.8e-06)
692.143 .... 2505 packets received, 7420 bps, 92.75%, Err 54 (9.8e-06)
694.268 .... 2512 packets received, 7418 bps, 92.72%, Err 55 (1.0e-05)
696.381 .... 2520 packets received, 7419 bps, 92.73%, Err 55 (9.9e-06)
698.509 .... 2528 packets received, 7420 bps, 92.74%, Err 55 (9.9e-06)
701.164 .... 2534 packets received, 7409 bps, 92.61%, Err 56 (1.0e-05)
703.278 .... 2545 packets received, 7419 bps, 92.73%, Err 56 (1.0e-05)
705.387 .... 2553 packets received, 7420 bps, 92.75%, Err 56 (1.0e-05)
707.772 .... 2558 packets received, 7409 bps, 92.61%, Err 57 (1.0e-05)
709.904 .... 2569 packets received, 7419 bps, 92.73%, Err 57 (1.0e-05)
713.083 .... 2577 packets received, 7409 bps, 92.61%, Err 58 (1.0e-05)
715.201 .... 2588 packets received, 7418 bps, 92.73%, Err 58 (1.0e-05)
717.339 .... 2596 packets received, 7419 bps, 92.74%, Err 58 (1.0e-05)
719.436 .... 2604 packets received, 7420 bps, 92.75%, Err 58 (1.0e-05)
721.578 .... 2612 packets received, 7421 bps, 92.76%, Err 58 (1.0e-05)
723.700 .... 2620 packets received, 7422 bps, 92.77%, Err 58 (1.0e-05)
725.816 .... 2628 packets received, 7423 bps, 92.78%, Err 58 (1.0e-05)
727.937 .... 2636 packets received, 7423 bps, 92.79%, Err 58 (1.0e-05)
730.067 .... 2644 packets received, 7424 bps, 92.80%, Err 58 (1.0e-05)
732.179 .... 2652 packets received, 7425 bps, 92.81%, Err 58 (1.0e-05)
734.307 .... 2660 packets received, 7426 bps, 92.82%, Err 58 (9.9e-06)
736.426 .... 2668 packets received, 7427 bps, 92.84%, Err 58 (9.9e-06)
738.544 .... 2676 packets received, 7428 bps, 92.85%, Err 58 (9.9e-06)
740.651 .... 2684 packets received, 7429 bps, 92.86%, Err 58 (9.8e-06)
742.788 .... 2688 packets received, 7418 bps, 92.73%, Err 59 (1.0e-05)
744.910 .... 2699 packets received, 7427 bps, 92.84%, Err 59 (1.0e-05)
747.034 .... 2707 packets received, 7428 bps, 92.85%, Err 59 (9.9e-06)
749.140 .... 2715 packets received, 7429 bps, 92.87%, Err 59 (9.9e-06)
751.281 .... 2723 packets received, 7430 bps, 92.87%, Err 59 (9.9e-06)
754.181 .... 2730 packets received, 7420 bps, 92.75%, Err 60 (1.0e-05)
756.299 .... 2741 packets received, 7429 bps, 92.87%, Err 60 (1.0e-05)
758.406 .... 2748 packets received, 7428 bps, 92.85%, Err 61 (1.0e-05)
760.556 .... 2756 packets received, 7428 bps, 92.85%, Err 61 (1.0e-05)
762.649 .... 2764 packets received, 7429 bps, 92.87%, Err 61 (1.0e-05)
764.782 .... 2772 packets received, 7430 bps, 92.87%, Err 61 (1.0e-05)
766.896 .... 2780 packets received, 7431 bps, 92.89%, Err 61 (1.0e-05)
769.537 .... 2786 packets received, 7421 bps, 92.77%, Err 62 (1.0e-05)
771.672 .... 2797 packets received, 7430 bps, 92.87%, Err 62 (1.0e-05)
773.790 .... 2805 packets received, 7431 bps, 92.89%, Err 62 (1.0e-05)
775.899 .... 2813 packets received, 7432 bps, 92.90%, Err 62 (1.0e-05)
778.048 .... 2821 packets received, 7432 bps, 92.90%, Err 62 (1.0e-05)
780.144 .... 2829 packets received, 7433 bps, 92.92%, Err 62 (1.0e-05)
782.256 .... 2837 packets received, 7434 bps, 92.93%, Err 62 (1.0e-05)
784.384 .... 2845 packets received, 7435 bps, 92.94%, Err 62 (9.9e-06)
786.511 .... 2853 packets received, 7436 bps, 92.95%, Err 62 (9.9e-06)
788.901 .... 2857 packets received, 7423 bps, 92.79%, Err 63 (1.0e-05)
791.005 .... 2869 packets received, 7435 bps, 92.94%, Err 63 (1.0e-05)
793.121 .... 2876 packets received, 7433 bps, 92.91%, Err 64 (1.0e-05)
795.262 .... 2884 packets received, 7434 bps, 92.92%, Err 64 (1.0e-05)
797.384 .... 2892 packets received, 7434 bps, 92.93%, Err 64 (1.0e-05)
800.564 .... 2900 packets received, 7425 bps, 92.82%, Err 65 (1.0e-05)
802.691 .... 2911 packets received, 7434 bps, 92.92%, Err 65 (1.0e-05)
804.790 .... 2919 packets received, 7435 bps, 92.93%, Err 65 (1.0e-05)
806.919 .... 2927 packets received, 7435 bps, 92.94%, Err 65 (1.0e-05)
809.041 .... 2935 packets received, 7436 bps, 92.95%, Err 65 (1.0e-05)
811.162 .... 2943 packets received, 7437 bps, 92.96%, Err 65 (1.0e-05)
813.276 .... 2951 packets received, 7438 bps, 92.97%, Err 65 (1.0e-05)
816.458 .... 2959 packets received, 7429 bps, 92.86%, Err 66 (1.0e-05)
818.570 .... 2970 packets received, 7437 bps, 92.96%, Err 66 (1.0e-05)
820.691 .... 2978 packets received, 7438 bps, 92.97%, Err 66 (1.0e-05)
822.808 .... 2986 packets received, 7439 bps, 92.98%, Err 66 (1.0e-05)
824.932 .... 2994 packets received, 7439 bps, 92.99%, Err 66 (1.0e-05)
827.073 .... 3002 packets received, 7440 bps, 93.00%, Err 66 (1.0e-05)
829.201 .... 3010 packets received, 7441 bps, 93.01%, Err 66 (1.0e-05)
831.304 .... 3018 packets received, 7441 bps, 93.02%, Err 66 (1.0e-05)
833.440 .... 3026 packets received, 7442 bps, 93.03%, Err 66 (1.0e-05)
835.544 .... 3034 packets received, 7443 bps, 93.04%, Err 66 (9.9e-06)
837.656 .... 3042 packets received, 7444 bps, 93.05%, Err 66 (9.9e-06)
839.788 .... 3050 packets received, 7444 bps, 93.05%, Err 66 (9.9e-06)
841.913 .... 3057 packets received, 7443 bps, 93.03%, Err 67 (1.0e-05)
844.036 .... 3065 packets received, 7443 bps, 93.04%, Err 67 (1.0e-05)
846.144 .... 3073 packets received, 7444 bps, 93.05%, Err 67 (1.0e-05)
848.287 .... 3081 packets received, 7445 bps, 93.06%, Err 67 (9.9e-06)
850.398 .... 3089 packets received, 7445 bps, 93.07%, Err 67 (9.9e-06)
852.507 .... 3097 packets received, 7446 bps, 93.08%, Err 67 (9.9e-06)
854.649 .... 3105 packets received, 7447 bps, 93.08%, Err 67 (9.9e-06)
856.757 .... 3113 packets received, 7447 bps, 93.09%, Err 67 (9.8e-06)
858.876 .... 3121 packets received, 7448 bps, 93.10%, Err 67 (9.8e-06)
861.004 .... 3128 packets received, 7446 bps, 93.08%, Err 68 (9.9e-06)
863.115 .... 3136 packets received, 7447 bps, 93.09%, Err 68 (9.9e-06)
865.237 .... 3144 packets received, 7448 bps, 93.10%, Err 68 (9.9e-06)
867.362 .... 3152 packets received, 7449 bps, 93.11%, Err 68 (9.9e-06)
869.475 .... 3160 packets received, 7449 bps, 93.12%, Err 68 (9.8e-06)
871.598 .... 3168 packets received, 7450 bps, 93.12%, Err 68 (9.8e-06)
873.721 .... 3176 packets received, 7451 bps, 93.13%, Err 68 (9.8e-06)
875.844 .... 3184 packets received, 7451 bps, 93.14%, Err 68 (9.8e-06)
877.959 .... 3192 packets received, 7452 bps, 93.15%, Err 68 (9.7e-06)
880.085 .... 3199 packets received, 7450 bps, 93.13%, Err 69 (9.9e-06)
882.214 .... 3206 packets received, 7448 bps, 93.11%, Err 70 (1.0e-05)
884.334 .... 3214 packets received, 7449 bps, 93.11%, Err 70 (9.9e-06)
886.468 .... 3221 packets received, 7447 bps, 93.09%, Err 71 (1.0e-05)
888.565 .... 3229 packets received, 7448 bps, 93.10%, Err 72 (1.0e-05)
890.696 .... 3237 packets received, 7449 bps, 93.11%, Err 72 (1.0e-05)
892.816 .... 3245 packets received, 7449 bps, 93.12%, Err 72 (1.0e-05)
894.938 .... 3252 packets received, 7448 bps, 93.10%, Err 73 (1.0e-05)
897.057 .... 3260 packets received, 7449 bps, 93.11%, Err 73 (1.0e-05)
899.183 .... 3268 packets received, 7449 bps, 93.11%, Err 73 (1.0e-05)
901.315 .... 3276 packets received, 7450 bps, 93.12%, Err 74 (1.0e-05)
903.434 .... 3283 packets received, 7448 bps, 93.10%, Err 74 (1.0e-05)
905.542 .... 3291 packets received, 7449 bps, 93.11%, Err 74 (1.0e-05)
907.665 .... 3299 packets received, 7449 bps, 93.12%, Err 74 (1.0e-05)
909.787 .... 3307 packets received, 7450 bps, 93.13%, Err 74 (1.0e-05)
911.931 .... 3315 packets received, 7451 bps, 93.13%, Err 75 (1.0e-05)
914.033 .... 3322 packets received, 7449 bps, 93.11%, Err 76 (1.0e-05)
916.163 .... 3329 packets received, 7447 bps, 93.09%, Err 76 (1.0e-05)
918.281 .... 3337 packets received, 7448 bps, 93.10%, Err 76 (1.0e-05)
920.386 .... 3345 packets received, 7449 bps, 93.11%, Err 76 (1.0e-05)
922.513 .... 3353 packets received, 7449 bps, 93.12%, Err 76 (1.0e-05)
924.638 .... 3361 packets received, 7450 bps, 93.13%, Err 76 (1.0e-05)
926.749 .... 3369 packets received, 7451 bps, 93.13%, Err 76 (1.0e-05)
928.881 .... 3377 packets received, 7451 bps, 93.14%, Err 76 (1.0e-05)
931.015 .... 3385 packets received, 7452 bps, 93.15%, Err 76 (1.0e-05)
933.129 .... 3393 packets received, 7452 bps, 93.16%, Err 76 (1.0e-05)
935.238 .... 3401 packets received, 7453 bps, 93.17%, Err 76 (1.0e-05)
937.363 .... 3409 packets received, 7454 bps, 93.17%, Err 76 (1.0e-05)
939.489 .... 3417 packets received, 7454 bps, 93.18%, Err 76 (1.0e-05)
941.633 .... 3425 packets received, 7455 bps, 93.18%, Err 76 (1.0e-05)
943.795 .... 3433 packets received, 7455 bps, 93.19%, Err 76 (1.0e-05)
945.898 .... 3441 packets received, 7456 bps, 93.20%, Err 76 (1.0e-05)
948.044 .... 3449 packets received, 7456 bps, 93.20%, Err 76 (1.0e-05)
950.168 .... 3457 packets received, 7457 bps, 93.21%, Err 76 (1.0e-05)
952.310 .... 3465 packets received, 7457 bps, 93.22%, Err 76 (1.0e-05)
954.449 .... 3472 packets received, 7456 bps, 93.19%, Err 77 (1.0e-05)
956.563 .... 3480 packets received, 7456 bps, 93.20%, Err 77 (1.0e-05)
958.703 .... 3488 packets received, 7457 bps, 93.21%, Err 77 (1.0e-05)
960.839 .... 3496 packets received, 7457 bps, 93.21%, Err 78 (1.0e-05)
962.968 .... 3504 packets received, 7458 bps, 93.22%, Err 78 (1.0e-05)
965.099 .... 3511 packets received, 7456 bps, 93.20%, Err 79 (1.0e-05)
967.204 .... 3519 packets received, 7457 bps, 93.21%, Err 79 (1.0e-05)
969.339 .... 3526 packets received, 7455 bps, 93.19%, Err 80 (1.0e-05)
971.454 .... 3534 packets received, 7456 bps, 93.20%, Err 80 (1.0e-05)
973.570 .... 3542 packets received, 7456 bps, 93.20%, Err 80 (1.0e-05)
975.702 .... 3550 packets received, 7457 bps, 93.21%, Err 80 (1.0e-05)
977.832 .... 3558 packets received, 7457 bps, 93.22%, Err 81 (1.0e-05)
980.464 .... 3562 packets received, 7446 bps, 93.07%, Err 83 (1.1e-05)
982.587 .... 3574 packets received, 7455 bps, 93.18%, Err 83 (1.1e-05)
984.704 .... 3582 packets received, 7455 bps, 93.19%, Err 83 (1.1e-05)
986.812 .... 3590 packets received, 7456 bps, 93.20%, Err 83 (1.1e-05)
988.964 .... 3598 packets received, 7456 bps, 93.20%, Err 83 (1.1e-05)
991.065 .... 3606 packets received, 7457 bps, 93.21%, Err 83 (1.1e-05)
993.201 .... 3614 packets received, 7457 bps, 93.22%, Err 83 (1.0e-05)
995.313 .... 3622 packets received, 7458 bps, 93.23%, Err 83 (1.0e-05)
997.438 .... 3630 packets received, 7459 bps, 93.23%, Err 83 (1.0e-05)
999.579 .... 3638 packets received, 7459 bps, 93.24%, Err 83 (1.0e-05)
1001.690 .... 3646 packets received, 7460 bps, 93.25%, Err 83 (1.0e-05)
1003.821 .... 3654 packets received, 7460 bps, 93.25%, Err 83 (1.0e-05)
1005.955 .... 3662 packets received, 7461 bps, 93.26%, Err 83 (1.0e-05)
1008.095 .... 3670 packets received, 7461 bps, 93.26%, Err 83 (1.0e-05)
1010.229 .... 3678 packets received, 7461 bps, 93.27%, Err 83 (1.0e-05)
1012.359 .... 3686 packets received, 7462 bps, 93.27%, Err 83 (1.0e-05)
1014.501 .... 3694 packets received, 7462 bps, 93.28%, Err 83 (1.0e-05)
1016.636 .... 3702 packets received, 7463 bps, 93.29%, Err 83 (1.0e-05)
1018.769 .... 3710 packets received, 7463 bps, 93.29%, Err 83 (1.0e-05)
1020.878 .... 3718 packets received, 7464 bps, 93.30%, Err 83 (1.0e-05)
1023.001 .... 3726 packets received, 7464 bps, 93.31%, Err 83 (1.0e-05)
1025.102 .... 3734 packets received, 7465 bps, 93.31%, Err 83 (1.0e-05)
1027.221 .... 3742 packets received, 7466 bps, 93.32%, Err 83 (1.0e-05)
1029.357 .... 3750 packets received, 7466 bps, 93.33%, Err 83 (1.0e-05)
1031.481 .... 3758 packets received, 7467 bps, 93.33%, Err 83 (1.0e-05)
1033.585 .... 3766 packets received, 7467 bps, 93.34%, Err 83 (1.0e-05)
1035.727 .... 3774 packets received, 7468 bps, 93.35%, Err 83 (1.0e-05)
1037.831 .... 3782 packets received, 7468 bps, 93.35%, Err 83 (1.0e-05)
1039.968 .... 3790 packets received, 7469 bps, 93.36%, Err 83 (1.0e-05)
1042.378 .... 3795 packets received, 7461 bps, 93.27%, Err 84 (1.0e-05)
1044.489 .... 3806 packets received, 7468 bps, 93.35%, Err 84 (1.0e-05)
1046.598 .... 3814 packets received, 7468 bps, 93.35%, Err 84 (1.0e-05)
1048.721 .... 3822 packets received, 7469 bps, 93.36%, Err 84 (1.0e-05)
1051.893 .... 3830 packets received, 7462 bps, 93.27%, Err 85 (1.0e-05)
1054.021 .... 3841 packets received, 7468 bps, 93.35%, Err 85 (1.0e-05)
1056.153 .... 3849 packets received, 7469 bps, 93.36%, Err 86 (1.0e-05)
1059.319 .... 3857 packets received, 7462 bps, 93.27%, Err 87 (1.0e-05)
1061.450 .... 3868 packets received, 7468 bps, 93.35%, Err 87 (1.0e-05)
1063.570 .... 3876 packets received, 7469 bps, 93.36%, Err 87 (1.0e-05)
1065.698 .... 3884 packets received, 7469 bps, 93.36%, Err 88 (1.0e-05)
1067.831 .... 3892 packets received, 7469 bps, 93.37%, Err 88 (1.0e-05)
1069.953 .... 3896 packets received, 7462 bps, 93.28%, Err 89 (1.0e-05)
1072.083 .... 3907 packets received, 7468 bps, 93.36%, Err 89 (1.0e-05)
1074.174 .... 3915 packets received, 7469 bps, 93.36%, Err 89 (1.0e-05)
1076.315 .... 3923 packets received, 7470 bps, 93.37%, Err 89 (1.0e-05)
1078.416 .... 3931 packets received, 7470 bps, 93.38%, Err 89 (1.0e-05)
1080.559 .... 3939 packets received, 7471 bps, 93.38%, Err 89 (1.0e-05)
1082.681 .... 3947 packets received, 7471 bps, 93.39%, Err 89 (1.0e-05)
1084.794 .... 3955 packets received, 7472 bps, 93.39%, Err 89 (1.0e-05)
1086.894 .... 3963 packets received, 7472 bps, 93.40%, Err 89 (1.0e-05)
1089.041 .... 3971 packets received, 7473 bps, 93.41%, Err 89 (1.0e-05)
1091.146 .... 3979 packets received, 7473 bps, 93.41%, Err 89 (1.0e-05)
1093.273 .... 3987 packets received, 7474 bps, 93.42%, Err 89 (1.0e-05)
1095.387 .... 3995 packets received, 7474 bps, 93.43%, Err 89 (1.0e-05)
1097.506 .... 4003 packets received, 7475 bps, 93.43%, Err 89 (1.0e-05)
1099.633 .... 4011 packets received, 7475 bps, 93.44%, Err 89 (1.0e-05)
1101.753 .... 4019 packets received, 7476 bps, 93.44%, Err 89 (1.0e-05)
1103.881 .... 4027 packets received, 7476 bps, 93.45%, Err 89 (1.0e-05)
1107.063 .... 4035 packets received, 7469 bps, 93.37%, Err 90 (1.0e-05)
1109.168 .... 4046 packets received, 7475 bps, 93.44%, Err 90 (1.0e-05)
1112.345 .... 4054 packets received, 7469 bps, 93.36%, Err 91 (1.0e-05)
1114.462 .... 4065 packets received, 7475 bps, 93.44%, Err 91 (1.0e-05)
1116.601 .... 4073 packets received, 7475 bps, 93.44%, Err 91 (1.0e-05)
1118.718 .... 4081 packets received, 7476 bps, 93.45%, Err 91 (1.0e-05)
1120.826 .... 4089 packets received, 7476 bps, 93.45%, Err 92 (1.0e-05)
1122.953 .... 4097 packets received, 7477 bps, 93.46%, Err 92 (1.0e-05)
1125.100 .... 4105 packets received, 7477 bps, 93.46%, Err 92 (1.0e-05)
1127.187 .... 4109 packets received, 7470 bps, 93.38%, Err 93 (1.0e-05)
1129.321 .... 4120 packets received, 7476 bps, 93.45%, Err 93 (1.0e-05)
1131.442 .... 4128 packets received, 7477 bps, 93.46%, Err 93 (1.0e-05)
1133.572 .... 4136 packets received, 7477 bps, 93.46%, Err 93 (1.0e-05)
1135.673 .... 4144 packets received, 7478 bps, 93.47%, Err 93 (1.0e-05)
1137.798 .... 4152 packets received, 7478 bps, 93.48%, Err 93 (1.0e-05)
1139.915 .... 4160 packets received, 7479 bps, 93.48%, Err 93 (1.0e-05)
1142.569 .... 4166 packets received, 7472 bps, 93.40%, Err 94 (1.0e-05)
1144.701 .... 4177 packets received, 7478 bps, 93.47%, Err 94 (1.0e-05)
1146.830 .... 4185 packets received, 7478 bps, 93.48%, Err 94 (1.0e-05)
1148.932 .... 4193 packets received, 7479 bps, 93.48%, Err 94 (1.0e-05)
1151.055 .... 4201 packets received, 7479 bps, 93.49%, Err 94 (1.0e-05)
1153.188 .... 4209 packets received, 7480 bps, 93.49%, Err 95 (1.0e-05)
1155.293 .... 4217 packets received, 7480 bps, 93.50%, Err 95 (1.0e-05)
1157.416 .... 4225 packets received, 7481 bps, 93.51%, Err 95 (1.0e-05)
1159.528 .... 4233 packets received, 7481 bps, 93.51%, Err 95 (1.0e-05)
1161.651 .... 4241 packets received, 7481 bps, 93.52%, Err 96 (1.0e-05)
1163.794 .... 4248 packets received, 7480 bps, 93.50%, Err 97 (1.0e-05)
1165.910 .... 4256 packets received, 7480 bps, 93.51%, Err 97 (1.0e-05)
1168.033 .... 4264 packets received, 7481 bps, 93.51%, Err 97 (1.0e-05)
1170.154 .... 4272 packets received, 7481 bps, 93.52%, Err 97 (1.0e-05)
1172.258 .... 4280 packets received, 7482 bps, 93.52%, Err 97 (1.0e-05)
1175.454 .... 4288 packets received, 7476 bps, 93.44%, Err 98 (1.0e-05)
1177.569 .... 4299 packets received, 7481 bps, 93.52%, Err 98 (1.0e-05)
1179.693 .... 4307 packets received, 7482 bps, 93.52%, Err 98 (1.0e-05)
1181.814 .... 4315 packets received, 7482 bps, 93.53%, Err 98 (1.0e-05)
1183.925 .... 4323 packets received, 7483 bps, 93.53%, Err 98 (1.0e-05)
1186.063 .... 4331 packets received, 7483 bps, 93.54%, Err 99 (1.0e-05)
1188.172 .... 4339 packets received, 7483 bps, 93.54%, Err 99 (1.0e-05)
1190.307 .... 4347 packets received, 7484 bps, 93.55%, Err 99 (1.0e-05)
1192.418 .... 4355 packets received, 7484 bps, 93.55%, Err 99 (1.0e-05)
1194.544 .... 4363 packets received, 7485 bps, 93.56%, Err 99 (1.0e-05)
1196.659 .... 4371 packets received, 7485 bps, 93.56%, Err 99 (1.0e-05)
1198.780 .... 4379 packets received, 7486 bps, 93.57%, Err 99 (1.0e-05)
1200.031 Quit.
