000.000 =============================================================
000.000                     Station B                               
000.000 -------------------------------------------------------------
000.000 Protocol.lib, version 4.0, jiangyanjun0718@bupt.edu.cn
000.000 Channel: 8000 bps, 270 ms propagation delay, bit error rate 1.0E-05
000.000 Log file "fB.log", TCP port 30014, debug mask 0x00
000.000 Station B is connecting station A (TCP port 30014) ... Done.
000.426 New epoch: Thu May 16 20:30:25 2019
000.426 =================================================================
000.426 
000.426 Designed by CJSoft, build: May 16 2019  20:29:14
002.845 .... 8 packets received, 7606 bps, 95.08%, Err 0 (0.0e+00)
004.973 .... 16 packets received, 7652 bps, 95.66%, Err 0 (0.0e+00)
007.124 .... 23 packets received, 7322 bps, 91.53%, Err 1 (1.9e-05)
009.237 .... 31 packets received, 7429 bps, 92.86%, Err 1 (1.4e-05)
011.362 .... 39 packets received, 7485 bps, 93.56%, Err 1 (1.1e-05)
013.485 .... 47 packets received, 7524 bps, 94.04%, Err 1 (9.6e-06)
015.599 .... 55 packets received, 7556 bps, 94.45%, Err 1 (8.3e-06)
017.708 .... 63 packets received, 7582 bps, 94.78%, Err 1 (7.2e-06)
019.849 .... 71 packets received, 7590 bps, 94.87%, Err 1 (6.4e-06)
021.957 .... 79 packets received, 7608 bps, 95.10%, Err 1 (5.8e-06)
024.870 .... 85 packets received, 7200 bps, 90.00%, Err 2 (1.0e-05)
027.009 .... 97 packets received, 7548 bps, 94.35%, Err 2 (9.4e-06)
029.132 .... 104 packets received, 7489 bps, 93.61%, Err 3 (1.3e-05)
031.252 .... 112 packets received, 7506 bps, 93.82%, Err 3 (1.2e-05)
033.358 .... 116 packets received, 7272 bps, 90.91%, Err 5 (1.9e-05)
035.495 .... 126 packets received, 7414 bps, 92.68%, Err 5 (1.8e-05)
037.627 .... 134 packets received, 7430 bps, 92.87%, Err 5 (1.7e-05)
039.747 .... 142 packets received, 7446 bps, 93.08%, Err 5 (1.6e-05)
041.857 .... 150 packets received, 7462 bps, 93.28%, Err 5 (1.5e-05)
043.979 .... 158 packets received, 7475 bps, 93.44%, Err 5 (1.4e-05)
046.104 .... 166 packets received, 7486 bps, 93.58%, Err 5 (1.4e-05)
048.224 .... 174 packets received, 7497 bps, 93.71%, Err 5 (1.3e-05)
050.350 .... 182 packets received, 7506 bps, 93.82%, Err 5 (1.3e-05)
052.472 .... 190 packets received, 7515 bps, 93.93%, Err 5 (1.2e-05)
054.583 .... 198 packets received, 7524 bps, 94.05%, Err 5 (1.2e-05)
056.711 .... 206 packets received, 7531 bps, 94.14%, Err 5 (1.1e-05)
058.818 .... 214 packets received, 7540 bps, 94.25%, Err 5 (1.1e-05)
060.960 .... 222 packets received, 7544 bps, 94.30%, Err 5 (1.0e-05)
063.080 .... 229 packets received, 7517 bps, 93.97%, Err 6 (1.2e-05)
065.194 .... 237 packets received, 7525 bps, 94.06%, Err 6 (1.2e-05)
067.311 .... 245 packets received, 7532 bps, 94.15%, Err 6 (1.1e-05)
070.492 .... 252 packets received, 7394 bps, 92.42%, Err 7 (1.2e-05)
072.621 .... 264 packets received, 7517 bps, 93.96%, Err 7 (1.2e-05)
074.746 .... 272 packets received, 7522 bps, 94.03%, Err 7 (1.2e-05)
076.869 .... 280 packets received, 7528 bps, 94.10%, Err 7 (1.1e-05)
078.981 .... 288 packets received, 7534 bps, 94.17%, Err 7 (1.1e-05)
081.105 .... 296 packets received, 7539 bps, 94.23%, Err 7 (1.1e-05)
083.232 .... 304 packets received, 7543 bps, 94.29%, Err 7 (1.1e-05)
085.342 .... 312 packets received, 7548 bps, 94.35%, Err 7 (1.0e-05)
087.458 .... 320 packets received, 7553 bps, 94.41%, Err 7 (1.0e-05)
089.594 .... 328 packets received, 7556 bps, 94.45%, Err 7 (9.8e-06)
091.705 .... 336 packets received, 7561 bps, 94.51%, Err 7 (9.6e-06)
093.836 .... 344 packets received, 7564 bps, 94.55%, Err 7 (9.4e-06)
095.958 .... 352 packets received, 7567 bps, 94.59%, Err 7 (9.2e-06)
098.061 .... 360 packets received, 7572 bps, 94.65%, Err 7 (9.0e-06)
100.198 .... 368 packets received, 7574 bps, 94.67%, Err 7 (8.8e-06)
102.315 .... 376 packets received, 7577 bps, 94.72%, Err 7 (8.6e-06)
104.975 .... 382 packets received, 7502 bps, 93.77%, Err 8 (9.6e-06)
107.085 .... 393 packets received, 7565 bps, 94.56%, Err 8 (9.4e-06)
109.220 .... 401 packets received, 7567 bps, 94.59%, Err 8 (9.2e-06)
111.338 .... 409 packets received, 7570 bps, 94.63%, Err 8 (9.0e-06)
113.450 .... 417 packets received, 7574 bps, 94.67%, Err 8 (8.8e-06)
115.583 .... 425 packets received, 7576 bps, 94.70%, Err 8 (8.7e-06)
117.676 .... 433 packets received, 7580 bps, 94.75%, Err 8 (8.5e-06)
119.796 .... 441 packets received, 7583 bps, 94.79%, Err 8 (8.4e-06)
121.943 .... 449 packets received, 7584 bps, 94.80%, Err 8 (8.2e-06)
124.038 .... 457 packets received, 7588 bps, 94.85%, Err 8 (8.1e-06)
126.179 .... 465 packets received, 7589 bps, 94.86%, Err 9 (8.9e-06)
128.301 .... 473 packets received, 7591 bps, 94.89%, Err 9 (8.8e-06)
130.426 .... 481 packets received, 7593 bps, 94.91%, Err 9 (8.7e-06)
132.546 .... 485 packets received, 7533 bps, 94.16%, Err 10 (9.5e-06)
134.662 .... 496 packets received, 7582 bps, 94.78%, Err 10 (9.3e-06)
136.775 .... 504 packets received, 7585 bps, 94.81%, Err 10 (9.2e-06)
138.897 .... 512 packets received, 7587 bps, 94.84%, Err 10 (9.0e-06)
141.015 .... 520 packets received, 7589 bps, 94.87%, Err 10 (8.9e-06)
143.137 .... 528 packets received, 7591 bps, 94.89%, Err 10 (8.8e-06)
145.270 .... 536 packets received, 7593 bps, 94.91%, Err 10 (8.6e-06)
147.389 .... 540 packets received, 7539 bps, 94.23%, Err 11 (9.4e-06)
149.494 .... 551 packets received, 7584 bps, 94.79%, Err 11 (9.2e-06)
151.619 .... 559 packets received, 7585 bps, 94.82%, Err 11 (9.1e-06)
153.760 .... 567 packets received, 7586 bps, 94.83%, Err 11 (9.0e-06)
155.867 .... 575 packets received, 7589 bps, 94.86%, Err 11 (8.8e-06)
157.997 .... 583 packets received, 7590 bps, 94.88%, Err 11 (8.7e-06)
160.118 .... 591 packets received, 7592 bps, 94.90%, Err 11 (8.6e-06)
162.241 .... 598 packets received, 7581 bps, 94.76%, Err 12 (9.3e-06)
164.355 .... 606 packets received, 7583 bps, 94.79%, Err 12 (9.2e-06)
166.490 .... 614 packets received, 7584 bps, 94.80%, Err 12 (9.0e-06)
168.593 .... 622 packets received, 7587 bps, 94.84%, Err 12 (8.9e-06)
170.715 .... 630 packets received, 7589 bps, 94.86%, Err 12 (8.8e-06)
172.826 .... 638 packets received, 7591 bps, 94.88%, Err 12 (8.7e-06)
174.957 .... 646 packets received, 7592 bps, 94.90%, Err 12 (8.6e-06)
178.152 .... 653 packets received, 7536 bps, 94.20%, Err 14 (9.8e-06)
180.260 .... 660 packets received, 7527 bps, 94.09%, Err 15 (1.0e-05)
182.391 .... 671 packets received, 7563 bps, 94.54%, Err 15 (1.0e-05)
184.522 .... 679 packets received, 7565 bps, 94.56%, Err 15 (1.0e-05)
186.633 .... 687 packets received, 7567 bps, 94.58%, Err 16 (1.1e-05)
188.755 .... 694 packets received, 7558 bps, 94.47%, Err 16 (1.1e-05)
191.663 .... 700 packets received, 7507 bps, 93.84%, Err 17 (1.1e-05)
193.793 .... 712 packets received, 7551 bps, 94.39%, Err 17 (1.1e-05)
195.911 .... 720 packets received, 7553 bps, 94.42%, Err 17 (1.1e-05)
198.046 .... 728 packets received, 7555 bps, 94.43%, Err 17 (1.1e-05)
200.164 .... 736 packets received, 7557 bps, 94.46%, Err 17 (1.1e-05)
202.293 .... 744 packets received, 7558 bps, 94.48%, Err 17 (1.1e-05)
204.406 .... 752 packets received, 7560 bps, 94.50%, Err 17 (1.0e-05)
206.519 .... 760 packets received, 7562 bps, 94.53%, Err 17 (1.0e-05)
208.649 .... 768 packets received, 7563 bps, 94.54%, Err 17 (1.0e-05)
210.772 .... 776 packets received, 7565 bps, 94.56%, Err 17 (1.0e-05)
212.892 .... 784 packets received, 7567 bps, 94.58%, Err 17 (1.0e-05)
215.004 .... 792 packets received, 7568 bps, 94.61%, Err 17 (9.9e-06)
217.143 .... 800 packets received, 7569 bps, 94.62%, Err 17 (9.8e-06)
219.265 .... 808 packets received, 7571 bps, 94.64%, Err 17 (9.7e-06)
221.382 .... 816 packets received, 7572 bps, 94.66%, Err 17 (9.6e-06)
224.285 .... 823 packets received, 7538 bps, 94.23%, Err 18 (1.0e-05)
226.394 .... 833 packets received, 7559 bps, 94.48%, Err 19 (1.1e-05)
228.530 .... 837 packets received, 7524 bps, 94.05%, Err 20 (1.1e-05)
230.644 .... 848 packets received, 7552 bps, 94.41%, Err 20 (1.1e-05)
232.760 .... 856 packets received, 7554 bps, 94.43%, Err 20 (1.1e-05)
234.893 .... 864 packets received, 7555 bps, 94.44%, Err 20 (1.1e-05)
237.001 .... 872 packets received, 7557 bps, 94.47%, Err 20 (1.1e-05)
239.142 .... 880 packets received, 7558 bps, 94.48%, Err 20 (1.0e-05)
242.046 .... 887 packets received, 7527 bps, 94.08%, Err 21 (1.1e-05)
244.189 .... 898 packets received, 7553 bps, 94.41%, Err 21 (1.1e-05)
246.310 .... 906 packets received, 7554 bps, 94.43%, Err 21 (1.1e-05)
248.407 .... 914 packets received, 7557 bps, 94.46%, Err 21 (1.1e-05)
250.550 .... 922 packets received, 7557 bps, 94.47%, Err 21 (1.0e-05)
252.658 .... 930 packets received, 7559 bps, 94.49%, Err 21 (1.0e-05)
255.843 .... 938 packets received, 7529 bps, 94.11%, Err 22 (1.1e-05)
257.960 .... 949 packets received, 7555 bps, 94.43%, Err 22 (1.1e-05)
260.101 .... 957 packets received, 7555 bps, 94.44%, Err 22 (1.1e-05)
262.229 .... 965 packets received, 7557 bps, 94.46%, Err 22 (1.1e-05)
264.330 .... 973 packets received, 7558 bps, 94.48%, Err 22 (1.0e-05)
266.470 .... 981 packets received, 7559 bps, 94.49%, Err 22 (1.0e-05)
268.593 .... 989 packets received, 7560 bps, 94.51%, Err 22 (1.0e-05)
270.713 .... 997 packets received, 7562 bps, 94.52%, Err 22 (1.0e-05)
272.825 .... 1005 packets received, 7563 bps, 94.54%, Err 22 (1.0e-05)
274.941 .... 1013 packets received, 7565 bps, 94.56%, Err 22 (1.0e-05)
277.074 .... 1021 packets received, 7566 bps, 94.57%, Err 22 (9.9e-06)
279.171 .... 1029 packets received, 7567 bps, 94.59%, Err 22 (9.9e-06)
281.291 .... 1037 packets received, 7569 bps, 94.61%, Err 22 (9.8e-06)
283.429 .... 1045 packets received, 7569 bps, 94.62%, Err 22 (9.7e-06)
285.540 .... 1053 packets received, 7571 bps, 94.64%, Err 22 (9.6e-06)
287.663 .... 1061 packets received, 7572 bps, 94.65%, Err 22 (9.6e-06)
289.773 .... 1065 packets received, 7545 bps, 94.31%, Err 24 (1.0e-05)
291.895 .... 1075 packets received, 7560 bps, 94.50%, Err 24 (1.0e-05)
294.020 .... 1083 packets received, 7561 bps, 94.52%, Err 24 (1.0e-05)
296.127 .... 1090 packets received, 7556 bps, 94.45%, Err 25 (1.1e-05)
298.274 .... 1098 packets received, 7557 bps, 94.46%, Err 25 (1.0e-05)
300.381 .... 1106 packets received, 7558 bps, 94.48%, Err 25 (1.0e-05)
302.497 .... 1114 packets received, 7559 bps, 94.49%, Err 25 (1.0e-05)
304.612 .... 1122 packets received, 7561 bps, 94.51%, Err 25 (1.0e-05)
306.750 .... 1130 packets received, 7561 bps, 94.52%, Err 25 (1.0e-05)
308.851 .... 1138 packets received, 7563 bps, 94.54%, Err 25 (1.0e-05)
310.991 .... 1146 packets received, 7564 bps, 94.55%, Err 25 (1.0e-05)
313.113 .... 1154 packets received, 7565 bps, 94.56%, Err 25 (1.0e-05)
315.491 .... 1159 packets received, 7540 bps, 94.25%, Err 26 (1.0e-05)
317.610 .... 1170 packets received, 7561 bps, 94.51%, Err 26 (1.0e-05)
319.742 .... 1178 packets received, 7562 bps, 94.52%, Err 26 (1.0e-05)
321.846 .... 1186 packets received, 7563 bps, 94.54%, Err 26 (1.0e-05)
323.986 .... 1194 packets received, 7564 bps, 94.55%, Err 26 (1.0e-05)
326.140 .... 1202 packets received, 7564 bps, 94.55%, Err 26 (1.0e-05)
328.301 .... 1210 packets received, 7564 bps, 94.55%, Err 26 (9.9e-06)
330.367 .... 1218 packets received, 7566 bps, 94.58%, Err 26 (9.9e-06)
332.479 .... 1226 packets received, 7568 bps, 94.60%, Err 26 (9.8e-06)
333.430 ** WARNING: System too busy, sleep 15 ms, but be awakened 183 ms later
334.591 .... 1234 packets received, 7569 bps, 94.61%, Err 26 (9.7e-06)
336.874 ** WARNING: System too busy, sleep 15 ms, but be awakened 153 ms later
336.874 .... 1242 packets received, 7566 bps, 94.58%, Err 26 (9.7e-06)
338.087 ** WARNING: System too busy, sleep 15 ms, but be awakened 142 ms later
339.231 .... 1247 packets received, 7544 bps, 94.30%, Err 26 (9.6e-06)
340.354 ** WARNING: System too busy, sleep 15 ms, but be awakened 70 ms later
341.255 .... 1257 packets received, 7559 bps, 94.49%, Err 26 (9.5e-06)
343.131 ** WARNING: System too busy, sleep 15 ms, but be awakened 69 ms later
343.532 .... 1263 packets received, 7545 bps, 94.31%, Err 26 (9.5e-06)
345.161 ** WARNING: System too busy, sleep 15 ms, but be awakened 219 ms later
345.644 .... 1268 packets received, 7528 bps, 94.10%, Err 26 (9.4e-06)
347.050 ** WARNING: System too busy, sleep 15 ms, but be awakened 68 ms later
348.195 .... 1274 packets received, 7508 bps, 93.85%, Err 26 (9.4e-06)
349.096 ** WARNING: System too busy, sleep 15 ms, but be awakened 667 ms later
350.228 .... 1279 packets received, 7494 bps, 93.67%, Err 26 (9.3e-06)
351.431 ** WARNING: System too busy, sleep 15 ms, but be awakened 583 ms later
354.522 .... 1281 packets received, 7415 bps, 92.68%, Err 26 (9.3e-06)
356.536 .... 1289 packets received, 7419 bps, 92.73%, Err 26 (9.2e-06)
358.664 .... 1295 packets received, 7409 bps, 92.61%, Err 26 (9.1e-06)
359.682 ** WARNING: System too busy, sleep 15 ms, but be awakened 76 ms later
360.779 .... 1301 packets received, 7399 bps, 92.49%, Err 26 (9.1e-06)
362.994 .... 1307 packets received, 7388 bps, 92.35%, Err 26 (9.0e-06)
365.039 .... 1313 packets received, 7380 bps, 92.25%, Err 26 (9.0e-06)
365.422 ** WARNING: System too busy, sleep 15 ms, but be awakened 88 ms later
367.148 .... 1319 packets received, 7371 bps, 92.14%, Err 26 (8.9e-06)
369.556 .... 1326 packets received, 7362 bps, 92.03%, Err 26 (8.9e-06)
371.687 .... 1333 packets received, 7359 bps, 91.98%, Err 26 (8.8e-06)
373.838 .... 1339 packets received, 7349 bps, 91.86%, Err 26 (8.8e-06)
375.963 .... 1345 packets received, 7340 bps, 91.75%, Err 26 (8.7e-06)
378.363 .... 1352 packets received, 7331 bps, 91.64%, Err 26 (8.7e-06)
380.756 .... 1359 packets received, 7323 bps, 91.54%, Err 26 (8.6e-06)
382.905 .... 1366 packets received, 7319 bps, 91.49%, Err 26 (8.6e-06)
385.016 .... 1372 packets received, 7311 bps, 91.39%, Err 26 (8.5e-06)
387.416 .... 1379 packets received, 7303 bps, 91.29%, Err 26 (8.5e-06)
389.562 .... 1386 packets received, 7299 bps, 91.24%, Err 26 (8.4e-06)
391.687 .... 1392 packets received, 7291 bps, 91.14%, Err 26 (8.4e-06)
393.815 .... 1398 packets received, 7283 bps, 91.04%, Err 26 (8.3e-06)
395.932 .... 1405 packets received, 7280 bps, 91.00%, Err 26 (8.3e-06)
398.079 .... 1411 packets received, 7272 bps, 90.90%, Err 27 (8.5e-06)
400.206 .... 1417 packets received, 7264 bps, 90.80%, Err 27 (8.5e-06)
402.621 .... 1424 packets received, 7256 bps, 90.70%, Err 27 (8.4e-06)
405.271 .... 1428 packets received, 7229 bps, 90.36%, Err 28 (8.7e-06)
407.430 .... 1439 packets received, 7246 bps, 90.57%, Err 29 (9.0e-06)
410.319 .... 1445 packets received, 7225 bps, 90.31%, Err 30 (9.2e-06)
412.445 .... 1456 packets received, 7242 bps, 90.52%, Err 30 (9.2e-06)
414.593 .... 1464 packets received, 7244 bps, 90.55%, Err 31 (9.4e-06)
416.702 .... 1472 packets received, 7247 bps, 90.58%, Err 31 (9.4e-06)
418.832 .... 1480 packets received, 7249 bps, 90.61%, Err 31 (9.3e-06)
420.944 .... 1488 packets received, 7251 bps, 90.64%, Err 31 (9.3e-06)
423.056 .... 1496 packets received, 7254 bps, 90.67%, Err 31 (9.2e-06)
425.205 .... 1504 packets received, 7256 bps, 90.70%, Err 31 (9.2e-06)
427.829 .... 1510 packets received, 7240 bps, 90.50%, Err 32 (9.4e-06)
429.955 .... 1521 packets received, 7257 bps, 90.71%, Err 32 (9.4e-06)
432.092 .... 1529 packets received, 7259 bps, 90.73%, Err 32 (9.3e-06)
434.207 .... 1537 packets received, 7261 bps, 90.76%, Err 32 (9.3e-06)
436.315 .... 1545 packets received, 7264 bps, 90.79%, Err 32 (9.2e-06)
438.447 .... 1553 packets received, 7266 bps, 90.82%, Err 32 (9.2e-06)
440.565 .... 1561 packets received, 7268 bps, 90.85%, Err 33 (9.4e-06)
442.677 .... 1568 packets received, 7266 bps, 90.82%, Err 33 (9.4e-06)
444.807 .... 1576 packets received, 7268 bps, 90.84%, Err 33 (9.3e-06)
446.944 .... 1584 packets received, 7269 bps, 90.87%, Err 33 (9.3e-06)
449.073 .... 1592 packets received, 7272 bps, 90.89%, Err 34 (9.5e-06)
451.205 .... 1599 packets received, 7269 bps, 90.86%, Err 34 (9.5e-06)
453.339 .... 1607 packets received, 7271 bps, 90.89%, Err 34 (9.4e-06)
455.469 .... 1615 packets received, 7273 bps, 90.91%, Err 34 (9.4e-06)
457.577 .... 1623 packets received, 7275 bps, 90.94%, Err 34 (9.4e-06)
459.700 .... 1631 packets received, 7277 bps, 90.96%, Err 34 (9.3e-06)
461.824 .... 1639 packets received, 7279 bps, 90.99%, Err 35 (9.5e-06)
463.944 .... 1647 packets received, 7281 bps, 91.02%, Err 35 (9.5e-06)
466.071 .... 1651 packets received, 7266 bps, 90.82%, Err 36 (9.7e-06)
468.189 .... 1662 packets received, 7281 bps, 91.01%, Err 36 (9.7e-06)
470.297 .... 1670 packets received, 7283 bps, 91.04%, Err 36 (9.6e-06)
472.448 .... 1678 packets received, 7285 bps, 91.06%, Err 36 (9.6e-06)
474.552 .... 1686 packets received, 7287 bps, 91.08%, Err 36 (9.5e-06)
476.680 .... 1694 packets received, 7289 bps, 91.11%, Err 36 (9.5e-06)
478.800 .... 1702 packets received, 7291 bps, 91.13%, Err 36 (9.5e-06)
480.917 .... 1709 packets received, 7288 bps, 91.10%, Err 37 (9.7e-06)
483.038 .... 1717 packets received, 7290 bps, 91.13%, Err 37 (9.6e-06)
485.158 .... 1725 packets received, 7292 bps, 91.15%, Err 37 (9.6e-06)
487.280 .... 1733 packets received, 7294 bps, 91.18%, Err 37 (9.6e-06)
489.433 .... 1741 packets received, 7295 bps, 91.19%, Err 37 (9.5e-06)
491.531 .... 1749 packets received, 7298 bps, 91.22%, Err 37 (9.5e-06)
493.303 ** WARNING: System too busy, sleep 15 ms, but be awakened 77 ms later
493.674 .... 1757 packets received, 7299 bps, 91.24%, Err 37 (9.4e-06)
495.736 .... 1764 packets received, 7298 bps, 91.22%, Err 37 (9.4e-06)
496.565 ** WARNING: System too busy, sleep 15 ms, but be awakened 75 ms later
497.917 .... 1772 packets received, 7299 bps, 91.23%, Err 37 (9.4e-06)
499.791 ** WARNING: System too busy, sleep 15 ms, but be awakened 68 ms later
500.070 .... 1780 packets received, 7300 bps, 91.25%, Err 37 (9.3e-06)
501.398 ** WARNING: System too busy, sleep 15 ms, but be awakened 68 ms later
503.233 .... 1787 packets received, 7283 bps, 91.03%, Err 38 (9.5e-06)
505.774 ** WARNING: System too busy, sleep 15 ms, but be awakened 175 ms later
507.598 ** WARNING: System too busy, sleep 15 ms, but be awakened 73 ms later
507.598 .... 1799 packets received, 7268 bps, 90.85%, Err 39 (9.7e-06)
509.714 .... 1808 packets received, 7274 bps, 90.93%, Err 40 (9.9e-06)
511.863 .... 1814 packets received, 7268 bps, 90.85%, Err 41 (1.0e-05)
513.874 .... 1821 packets received, 7267 bps, 90.84%, Err 41 (1.0e-05)
514.897 ** WARNING: System too busy, sleep 15 ms, but be awakened 69 ms later
516.115 ** WARNING: System too busy, sleep 15 ms, but be awakened 74 ms later
516.115 .... 1829 packets received, 7267 bps, 90.84%, Err 41 (1.0e-05)
518.175 .... 1837 packets received, 7270 bps, 90.88%, Err 42 (1.0e-05)
520.391 .... 1845 packets received, 7271 bps, 90.88%, Err 42 (1.0e-05)
521.219 ** WARNING: System too busy, sleep 15 ms, but be awakened 73 ms later
522.525 .... 1853 packets received, 7272 bps, 90.90%, Err 42 (1.0e-05)
523.957 ** WARNING: System too busy, sleep 15 ms, but be awakened 85 ms later
524.664 .... 1861 packets received, 7274 bps, 90.92%, Err 42 (1.0e-05)
526.714 .... 1869 packets received, 7277 bps, 90.96%, Err 42 (1.0e-05)
527.622 ** WARNING: System too busy, sleep 15 ms, but be awakened 92 ms later
528.878 .... 1877 packets received, 7278 bps, 90.97%, Err 42 (1.0e-05)
531.026 .... 1885 packets received, 7279 bps, 90.99%, Err 42 (1.0e-05)
533.179 .... 1893 packets received, 7281 bps, 91.01%, Err 42 (9.9e-06)
535.289 .... 1901 packets received, 7283 bps, 91.03%, Err 42 (9.9e-06)
537.375 .... 1909 packets received, 7285 bps, 91.06%, Err 42 (9.8e-06)
539.502 .... 1917 packets received, 7286 bps, 91.08%, Err 42 (9.8e-06)
541.632 .... 1925 packets received, 7288 bps, 91.10%, Err 42 (9.8e-06)
543.748 .... 1933 packets received, 7290 bps, 91.12%, Err 42 (9.7e-06)
544.075 ** WARNING: System too busy, sleep 15 ms, but be awakened 68 ms later
545.876 .... 1941 packets received, 7291 bps, 91.14%, Err 42 (9.7e-06)
547.999 .... 1949 packets received, 7293 bps, 91.16%, Err 42 (9.7e-06)
548.120 ** WARNING: System too busy, sleep 15 ms, but be awakened 80 ms later
550.128 .... 1957 packets received, 7295 bps, 91.18%, Err 42 (9.6e-06)
554.103 .... 1961 packets received, 7257 bps, 90.71%, Err 44 (1.0e-05)
556.522 .... 1974 packets received, 7273 bps, 90.92%, Err 44 (1.0e-05)
557.218 ** WARNING: System too busy, sleep 15 ms, but be awakened 67 ms later
559.487 .... 1979 packets received, 7253 bps, 90.66%, Err 45 (1.0e-05)
560.289 ** WARNING: System too busy, sleep 15 ms, but be awakened 72 ms later
561.585 .... 1990 packets received, 7266 bps, 90.83%, Err 45 (1.0e-05)
563.730 .... 1998 packets received, 7268 bps, 90.84%, Err 45 (1.0e-05)
566.113 .... 2003 packets received, 7255 bps, 90.69%, Err 46 (1.0e-05)
568.225 .... 2014 packets received, 7268 bps, 90.85%, Err 46 (1.0e-05)
570.351 .... 2022 packets received, 7269 bps, 90.87%, Err 46 (1.0e-05)
572.986 .... 2028 packets received, 7257 bps, 90.72%, Err 47 (1.0e-05)
575.116 .... 2039 packets received, 7270 bps, 90.87%, Err 47 (1.0e-05)
577.226 .... 2047 packets received, 7271 bps, 90.89%, Err 47 (1.0e-05)
579.351 .... 2055 packets received, 7273 bps, 90.91%, Err 47 (1.0e-05)
581.477 .... 2063 packets received, 7275 bps, 90.93%, Err 47 (1.0e-05)
583.600 .... 2071 packets received, 7276 bps, 90.95%, Err 47 (1.0e-05)
585.717 .... 2079 packets received, 7278 bps, 90.97%, Err 47 (1.0e-05)
587.832 .... 2087 packets received, 7280 bps, 91.00%, Err 47 (1.0e-05)
589.976 .... 2095 packets received, 7281 bps, 91.01%, Err 47 (1.0e-05)
592.101 .... 2103 packets received, 7283 bps, 91.03%, Err 47 (1.0e-05)
594.199 .... 2111 packets received, 7284 bps, 91.05%, Err 47 (1.0e-05)
596.855 .... 2117 packets received, 7273 bps, 90.91%, Err 48 (1.0e-05)
598.986 .... 2128 packets received, 7284 bps, 91.05%, Err 48 (1.0e-05)
601.114 .... 2136 packets received, 7286 bps, 91.07%, Err 48 (1.0e-05)
603.217 .... 2144 packets received, 7288 bps, 91.09%, Err 48 (1.0e-05)
605.348 .... 2152 packets received, 7289 bps, 91.11%, Err 49 (1.0e-05)
608.250 .... 2158 packets received, 7274 bps, 90.93%, Err 50 (1.0e-05)
610.378 .... 2169 packets received, 7286 bps, 91.07%, Err 50 (1.0e-05)
612.496 .... 2177 packets received, 7287 bps, 91.09%, Err 50 (1.0e-05)
614.619 .... 2185 packets received, 7289 bps, 91.11%, Err 50 (1.0e-05)
616.737 .... 2193 packets received, 7290 bps, 91.13%, Err 50 (1.0e-05)
617.364 ** WARNING: System too busy, sleep 15 ms, but be awakened 89 ms later
618.875 .... 2201 packets received, 7292 bps, 91.15%, Err 50 (1.0e-05)
620.975 .... 2209 packets received, 7293 bps, 91.17%, Err 50 (1.0e-05)
623.111 .... 2217 packets received, 7295 bps, 91.18%, Err 50 (1.0e-05)
625.208 .... 2225 packets received, 7297 bps, 91.21%, Err 50 (1.0e-05)
627.352 .... 2233 packets received, 7298 bps, 91.22%, Err 50 (1.0e-05)
629.454 .... 2241 packets received, 7299 bps, 91.24%, Err 50 (1.0e-05)
631.580 .... 2249 packets received, 7301 bps, 91.26%, Err 51 (1.0e-05)
633.706 .... 2257 packets received, 7302 bps, 91.28%, Err 51 (1.0e-05)
635.832 .... 2265 packets received, 7303 bps, 91.29%, Err 51 (1.0e-05)
637.928 .... 2273 packets received, 7305 bps, 91.31%, Err 51 (1.0e-05)
640.056 .... 2281 packets received, 7306 bps, 91.33%, Err 51 (1.0e-05)
642.180 .... 2289 packets received, 7308 bps, 91.35%, Err 51 (1.0e-05)
644.309 .... 2297 packets received, 7309 bps, 91.36%, Err 51 (1.0e-05)
646.410 .... 2305 packets received, 7311 bps, 91.38%, Err 51 (9.9e-06)
648.541 .... 2313 packets received, 7312 bps, 91.40%, Err 51 (9.9e-06)
650.659 .... 2321 packets received, 7313 bps, 91.42%, Err 51 (9.9e-06)
652.774 .... 2329 packets received, 7315 bps, 91.43%, Err 52 (1.0e-05)
654.896 .... 2337 packets received, 7316 bps, 91.45%, Err 52 (1.0e-05)
657.029 .... 2345 packets received, 7317 bps, 91.47%, Err 52 (1.0e-05)
660.201 .... 2353 packets received, 7307 bps, 91.34%, Err 53 (1.0e-05)
662.343 .... 2364 packets received, 7317 bps, 91.47%, Err 53 (1.0e-05)
664.460 .... 2372 packets received, 7319 bps, 91.48%, Err 53 (1.0e-05)
666.562 .... 2380 packets received, 7320 bps, 91.50%, Err 54 (1.0e-05)
669.484 .... 2387 packets received, 7310 bps, 91.37%, Err 55 (1.0e-05)
671.611 .... 2398 packets received, 7320 bps, 91.50%, Err 55 (1.0e-05)
673.735 .... 2406 packets received, 7321 bps, 91.51%, Err 55 (1.0e-05)
675.864 .... 2414 packets received, 7322 bps, 91.53%, Err 55 (1.0e-05)
677.990 .... 2422 packets received, 7324 bps, 91.54%, Err 55 (1.0e-05)
680.108 .... 2430 packets received, 7325 bps, 91.56%, Err 55 (1.0e-05)
682.204 .... 2438 packets received, 7326 bps, 91.58%, Err 55 (1.0e-05)
684.597 .... 2443 packets received, 7316 bps, 91.45%, Err 56 (1.0e-05)
686.723 .... 2454 packets received, 7326 bps, 91.57%, Err 56 (1.0e-05)
688.841 .... 2462 packets received, 7327 bps, 91.59%, Err 56 (1.0e-05)
690.967 .... 2470 packets received, 7328 bps, 91.60%, Err 56 (1.0e-05)
693.080 .... 2478 packets received, 7330 bps, 91.62%, Err 56 (1.0e-05)
695.210 .... 2486 packets received, 7331 bps, 91.63%, Err 57 (1.0e-05)
697.316 .... 2490 packets received, 7320 bps, 91.50%, Err 58 (1.0e-05)
699.454 .... 2501 packets received, 7330 bps, 91.63%, Err 58 (1.0e-05)
701.585 .... 2509 packets received, 7331 bps, 91.64%, Err 58 (1.0e-05)
703.687 .... 2517 packets received, 7333 bps, 91.66%, Err 59 (1.1e-05)
705.829 .... 2524 packets received, 7331 bps, 91.63%, Err 59 (1.1e-05)
707.930 .... 2532 packets received, 7332 bps, 91.65%, Err 59 (1.0e-05)
710.074 .... 2540 packets received, 7333 bps, 91.66%, Err 59 (1.0e-05)
712.184 .... 2548 packets received, 7334 bps, 91.68%, Err 59 (1.0e-05)
714.334 .... 2556 packets received, 7335 bps, 91.69%, Err 59 (1.0e-05)
716.436 .... 2564 packets received, 7337 bps, 91.71%, Err 60 (1.1e-05)
718.542 .... 2571 packets received, 7335 bps, 91.69%, Err 60 (1.0e-05)
720.939 .... 2576 packets received, 7325 bps, 91.56%, Err 61 (1.1e-05)
723.061 .... 2587 packets received, 7334 bps, 91.68%, Err 61 (1.1e-05)
725.161 .... 2595 packets received, 7336 bps, 91.70%, Err 61 (1.1e-05)
727.293 .... 2603 packets received, 7337 bps, 91.71%, Err 61 (1.1e-05)
729.404 .... 2611 packets received, 7338 bps, 91.73%, Err 61 (1.1e-05)
731.802 .... 2616 packets received, 7328 bps, 91.60%, Err 62 (1.1e-05)
733.916 .... 2627 packets received, 7338 bps, 91.72%, Err 62 (1.1e-05)
736.034 .... 2635 packets received, 7339 bps, 91.73%, Err 62 (1.1e-05)
738.161 .... 2643 packets received, 7340 bps, 91.75%, Err 62 (1.1e-05)
740.286 .... 2651 packets received, 7341 bps, 91.76%, Err 62 (1.1e-05)
742.397 .... 2659 packets received, 7342 bps, 91.78%, Err 62 (1.0e-05)
744.532 .... 2667 packets received, 7343 bps, 91.79%, Err 62 (1.0e-05)
746.659 .... 2675 packets received, 7344 bps, 91.80%, Err 62 (1.0e-05)
748.771 .... 2683 packets received, 7345 bps, 91.81%, Err 62 (1.0e-05)
750.902 .... 2691 packets received, 7346 bps, 91.83%, Err 62 (1.0e-05)
753.022 .... 2699 packets received, 7347 bps, 91.84%, Err 62 (1.0e-05)
755.136 .... 2707 packets received, 7348 bps, 91.85%, Err 62 (1.0e-05)
757.249 .... 2715 packets received, 7349 bps, 91.87%, Err 62 (1.0e-05)
759.407 .... 2723 packets received, 7350 bps, 91.88%, Err 62 (1.0e-05)
761.494 .... 2731 packets received, 7352 bps, 91.89%, Err 62 (1.0e-05)
763.632 .... 2739 packets received, 7352 bps, 91.91%, Err 62 (1.0e-05)
765.752 .... 2747 packets received, 7353 bps, 91.92%, Err 62 (1.0e-05)
767.866 .... 2755 packets received, 7355 bps, 91.93%, Err 62 (1.0e-05)
770.025 .... 2763 packets received, 7355 bps, 91.94%, Err 62 (1.0e-05)
772.115 .... 2771 packets received, 7357 bps, 91.96%, Err 62 (1.0e-05)
774.221 .... 2779 packets received, 7358 bps, 91.97%, Err 62 (1.0e-05)
776.359 .... 2787 packets received, 7359 bps, 91.98%, Err 62 (1.0e-05)
778.469 .... 2795 packets received, 7360 bps, 92.00%, Err 62 (1.0e-05)
780.593 .... 2803 packets received, 7361 bps, 92.01%, Err 62 (1.0e-05)
782.709 .... 2811 packets received, 7362 bps, 92.02%, Err 62 (1.0e-05)
784.841 .... 2819 packets received, 7363 bps, 92.03%, Err 62 (9.9e-06)
786.950 .... 2827 packets received, 7364 bps, 92.04%, Err 62 (9.9e-06)
789.089 .... 2835 packets received, 7364 bps, 92.06%, Err 62 (9.9e-06)
791.193 .... 2843 packets received, 7366 bps, 92.07%, Err 62 (9.8e-06)
793.328 .... 2851 packets received, 7366 bps, 92.08%, Err 62 (9.8e-06)
795.433 .... 2859 packets received, 7367 bps, 92.09%, Err 62 (9.8e-06)
797.565 .... 2867 packets received, 7368 bps, 92.10%, Err 62 (9.8e-06)
799.687 .... 2875 packets received, 7369 bps, 92.12%, Err 62 (9.7e-06)
801.809 .... 2883 packets received, 7370 bps, 92.13%, Err 62 (9.7e-06)
803.931 .... 2891 packets received, 7371 bps, 92.14%, Err 62 (9.7e-06)
806.044 .... 2899 packets received, 7372 bps, 92.15%, Err 62 (9.7e-06)
808.160 .... 2907 packets received, 7373 bps, 92.16%, Err 62 (9.6e-06)
810.287 .... 2915 packets received, 7374 bps, 92.17%, Err 62 (9.6e-06)
812.411 .... 2923 packets received, 7375 bps, 92.19%, Err 62 (9.6e-06)
814.519 .... 2931 packets received, 7376 bps, 92.20%, Err 62 (9.6e-06)
816.646 .... 2939 packets received, 7377 bps, 92.21%, Err 63 (9.7e-06)
818.788 .... 2947 packets received, 7377 bps, 92.22%, Err 63 (9.7e-06)
820.910 .... 2955 packets received, 7378 bps, 92.23%, Err 63 (9.6e-06)
823.025 .... 2963 packets received, 7379 bps, 92.24%, Err 63 (9.6e-06)
826.187 .... 2971 packets received, 7371 bps, 92.14%, Err 64 (9.7e-06)
828.333 .... 2982 packets received, 7379 bps, 92.24%, Err 64 (9.7e-06)
830.445 .... 2990 packets received, 7380 bps, 92.25%, Err 64 (9.7e-06)
832.561 .... 2998 packets received, 7381 bps, 92.26%, Err 64 (9.7e-06)
834.675 .... 3006 packets received, 7382 bps, 92.27%, Err 64 (9.6e-06)
836.801 .... 3014 packets received, 7383 bps, 92.28%, Err 64 (9.6e-06)
838.922 .... 3022 packets received, 7383 bps, 92.29%, Err 64 (9.6e-06)
841.047 .... 3030 packets received, 7384 bps, 92.30%, Err 65 (9.7e-06)
843.161 .... 3037 packets received, 7383 bps, 92.28%, Err 65 (9.7e-06)
845.294 .... 3045 packets received, 7384 bps, 92.29%, Err 65 (9.7e-06)
847.406 .... 3053 packets received, 7384 bps, 92.31%, Err 66 (9.8e-06)
849.522 .... 3061 packets received, 7385 bps, 92.32%, Err 66 (9.8e-06)
851.641 .... 3069 packets received, 7386 bps, 92.33%, Err 66 (9.7e-06)
853.758 .... 3076 packets received, 7385 bps, 92.31%, Err 68 (1.0e-05)
855.892 .... 3084 packets received, 7385 bps, 92.32%, Err 68 (1.0e-05)
857.992 .... 3092 packets received, 7386 bps, 92.33%, Err 68 (1.0e-05)
860.129 .... 3100 packets received, 7387 bps, 92.34%, Err 68 (9.9e-06)
862.254 .... 3108 packets received, 7388 bps, 92.35%, Err 68 (9.9e-06)
864.366 .... 3116 packets received, 7389 bps, 92.36%, Err 68 (9.9e-06)
866.482 .... 3124 packets received, 7390 bps, 92.37%, Err 68 (9.9e-06)
868.624 .... 3132 packets received, 7390 bps, 92.38%, Err 68 (9.8e-06)
870.988 .... 3137 packets received, 7382 bps, 92.28%, Err 69 (9.9e-06)
873.124 .... 3148 packets received, 7390 bps, 92.37%, Err 69 (9.9e-06)
875.242 .... 3156 packets received, 7391 bps, 92.38%, Err 69 (9.9e-06)
877.365 .... 3164 packets received, 7391 bps, 92.39%, Err 69 (9.9e-06)
879.490 .... 3172 packets received, 7392 bps, 92.40%, Err 69 (9.9e-06)
881.611 .... 3180 packets received, 7393 bps, 92.41%, Err 69 (9.8e-06)
883.720 .... 3188 packets received, 7394 bps, 92.42%, Err 69 (9.8e-06)
885.856 .... 3195 packets received, 7392 bps, 92.40%, Err 70 (9.9e-06)
887.979 .... 3203 packets received, 7393 bps, 92.41%, Err 70 (9.9e-06)
890.111 .... 3211 packets received, 7394 bps, 92.42%, Err 70 (9.9e-06)
892.225 .... 3219 packets received, 7395 bps, 92.43%, Err 70 (9.9e-06)
894.347 .... 3227 packets received, 7395 bps, 92.44%, Err 70 (9.8e-06)
896.994 .... 3233 packets received, 7387 bps, 92.34%, Err 71 (9.9e-06)
899.121 .... 3244 packets received, 7395 bps, 92.44%, Err 71 (9.9e-06)
901.238 .... 3248 packets received, 7387 bps, 92.33%, Err 72 (1.0e-05)
903.360 .... 3259 packets received, 7394 bps, 92.43%, Err 72 (1.0e-05)
905.488 .... 3267 packets received, 7395 bps, 92.44%, Err 72 (1.0e-05)
907.595 .... 3274 packets received, 7393 bps, 92.42%, Err 73 (1.0e-05)
909.720 .... 3282 packets received, 7394 bps, 92.43%, Err 73 (1.0e-05)
911.837 .... 3290 packets received, 7395 bps, 92.44%, Err 73 (1.0e-05)
913.954 .... 3298 packets received, 7396 bps, 92.45%, Err 73 (1.0e-05)
916.100 .... 3306 packets received, 7396 bps, 92.45%, Err 73 (1.0e-05)
918.218 .... 3314 packets received, 7397 bps, 92.46%, Err 73 (1.0e-05)
920.339 .... 3322 packets received, 7398 bps, 92.47%, Err 73 (1.0e-05)
922.461 .... 3330 packets received, 7399 bps, 92.48%, Err 73 (9.9e-06)
924.587 .... 3338 packets received, 7399 bps, 92.49%, Err 73 (9.9e-06)
926.695 .... 3346 packets received, 7400 bps, 92.50%, Err 73 (9.9e-06)
928.815 .... 3354 packets received, 7401 bps, 92.51%, Err 73 (9.9e-06)
930.937 .... 3362 packets received, 7402 bps, 92.52%, Err 73 (9.8e-06)
933.046 .... 3370 packets received, 7403 bps, 92.53%, Err 73 (9.8e-06)
935.168 .... 3378 packets received, 7403 bps, 92.54%, Err 74 (9.9e-06)
937.835 .... 3381 packets received, 7389 bps, 92.36%, Err 75 (1.0e-05)
940.201 .... 3393 packets received, 7396 bps, 92.45%, Err 75 (1.0e-05)
942.319 .... 3399 packets received, 7393 bps, 92.41%, Err 75 (1.0e-05)
944.437 .... 3405 packets received, 7389 bps, 92.36%, Err 75 (1.0e-05)
946.555 .... 3411 packets received, 7386 bps, 92.32%, Err 75 (9.9e-06)
948.705 .... 3417 packets received, 7382 bps, 92.27%, Err 75 (9.9e-06)
950.797 .... 3423 packets received, 7378 bps, 92.23%, Err 75 (9.9e-06)
952.934 .... 3429 packets received, 7375 bps, 92.18%, Err 75 (9.9e-06)
955.067 .... 3435 packets received, 7371 bps, 92.14%, Err 75 (9.9e-06)
957.187 .... 3441 packets received, 7368 bps, 92.10%, Err 75 (9.8e-06)
959.291 .... 3447 packets received, 7364 bps, 92.05%, Err 75 (9.8e-06)
961.402 .... 3453 packets received, 7361 bps, 92.01%, Err 75 (9.8e-06)
963.549 .... 3459 packets received, 7357 bps, 91.97%, Err 76 (9.9e-06)
965.648 .... 3467 packets received, 7358 bps, 91.98%, Err 76 (9.9e-06)
967.785 .... 3475 packets received, 7359 bps, 91.99%, Err 76 (9.9e-06)
969.921 .... 3483 packets received, 7360 bps, 92.00%, Err 76 (9.8e-06)
972.037 .... 3491 packets received, 7360 bps, 92.01%, Err 76 (9.8e-06)
974.668 .... 3496 packets received, 7351 bps, 91.89%, Err 77 (9.9e-06)
976.802 .... 3508 packets received, 7360 bps, 92.00%, Err 77 (9.9e-06)
978.943 .... 3516 packets received, 7361 bps, 92.01%, Err 77 (9.9e-06)
981.056 .... 3524 packets received, 7362 bps, 92.02%, Err 77 (9.9e-06)
983.171 .... 3532 packets received, 7363 bps, 92.03%, Err 77 (9.8e-06)
985.295 .... 3540 packets received, 7363 bps, 92.04%, Err 77 (9.8e-06)
987.405 .... 3548 packets received, 7364 bps, 92.05%, Err 77 (9.8e-06)
989.531 .... 3555 packets received, 7363 bps, 92.04%, Err 78 (9.9e-06)
991.657 .... 3563 packets received, 7364 bps, 92.04%, Err 78 (9.9e-06)
993.768 .... 3571 packets received, 7364 bps, 92.05%, Err 78 (9.9e-06)
995.890 .... 3579 packets received, 7365 bps, 92.06%, Err 78 (9.8e-06)
998.003 .... 3583 packets received, 7358 bps, 91.97%, Err 80 (1.0e-05)
1000.689 .... 3593 packets received, 7358 bps, 91.98%, Err 80 (1.0e-05)
1002.812 .... 3598 packets received, 7353 bps, 91.91%, Err 80 (1.0e-05)
1004.929 .... 3604 packets received, 7350 bps, 91.87%, Err 80 (1.0e-05)
1007.055 .... 3610 packets received, 7347 bps, 91.83%, Err 80 (1.0e-05)
1009.480 .... 3617 packets received, 7343 bps, 91.79%, Err 80 (9.9e-06)
1011.595 .... 3624 packets received, 7342 bps, 91.77%, Err 80 (9.9e-06)
1013.730 .... 3630 packets received, 7339 bps, 91.73%, Err 80 (9.9e-06)
1017.190 .... 3636 packets received, 7326 bps, 91.57%, Err 81 (1.0e-05)
1019.320 .... 3647 packets received, 7332 bps, 91.66%, Err 81 (1.0e-05)
1021.430 .... 3655 packets received, 7333 bps, 91.67%, Err 82 (1.0e-05)
1023.574 .... 3663 packets received, 7334 bps, 91.68%, Err 82 (1.0e-05)
1025.707 .... 3671 packets received, 7335 bps, 91.68%, Err 82 (1.0e-05)
1027.816 .... 3679 packets received, 7336 bps, 91.70%, Err 82 (1.0e-05)
1029.924 .... 3687 packets received, 7337 bps, 91.71%, Err 82 (1.0e-05)
1032.055 .... 3695 packets received, 7337 bps, 91.72%, Err 82 (1.0e-05)
1034.190 .... 3703 packets received, 7338 bps, 91.72%, Err 82 (1.0e-05)
1037.097 .... 3709 packets received, 7329 bps, 91.62%, Err 83 (1.0e-05)
1039.745 .... 3718 packets received, 7328 bps, 91.60%, Err 85 (1.0e-05)
1042.957 .... 3728 packets received, 7325 bps, 91.57%, Err 86 (1.0e-05)
1045.064 .... 3739 packets received, 7332 bps, 91.65%, Err 86 (1.0e-05)
1047.201 .... 3747 packets received, 7333 bps, 91.66%, Err 86 (1.0e-05)
1049.304 .... 3755 packets received, 7334 bps, 91.67%, Err 86 (1.0e-05)
1051.453 .... 3763 packets received, 7334 bps, 91.68%, Err 86 (1.0e-05)
1054.099 .... 3769 packets received, 7328 bps, 91.59%, Err 87 (1.0e-05)
1056.216 .... 3780 packets received, 7334 bps, 91.68%, Err 87 (1.0e-05)
1058.314 .... 3788 packets received, 7335 bps, 91.69%, Err 87 (1.0e-05)
1060.456 .... 3796 packets received, 7336 bps, 91.70%, Err 87 (1.0e-05)
1062.581 .... 3804 packets received, 7337 bps, 91.71%, Err 87 (1.0e-05)
1064.711 .... 3812 packets received, 7337 bps, 91.72%, Err 87 (1.0e-05)
1067.613 .... 3819 packets received, 7331 bps, 91.63%, Err 88 (1.0e-05)
1069.746 .... 3829 packets received, 7335 bps, 91.69%, Err 89 (1.0e-05)
1071.876 .... 3837 packets received, 7336 bps, 91.70%, Err 89 (1.0e-05)
1073.969 .... 3845 packets received, 7337 bps, 91.71%, Err 89 (1.0e-05)
1076.108 .... 3853 packets received, 7338 bps, 91.72%, Err 89 (1.0e-05)
1078.228 .... 3861 packets received, 7338 bps, 91.73%, Err 89 (1.0e-05)
1080.340 .... 3869 packets received, 7339 bps, 91.74%, Err 89 (1.0e-05)
1082.446 .... 3877 packets received, 7340 bps, 91.75%, Err 89 (1.0e-05)
1084.592 .... 3885 packets received, 7341 bps, 91.76%, Err 89 (1.0e-05)
1086.706 .... 3893 packets received, 7341 bps, 91.77%, Err 89 (1.0e-05)
1088.819 .... 3901 packets received, 7342 bps, 91.78%, Err 89 (1.0e-05)
1090.945 .... 3909 packets received, 7343 bps, 91.79%, Err 89 (1.0e-05)
1093.052 .... 3917 packets received, 7344 bps, 91.80%, Err 89 (1.0e-05)
1095.177 .... 3925 packets received, 7344 bps, 91.81%, Err 89 (1.0e-05)
1097.551 .... 3930 packets received, 7338 bps, 91.72%, Err 90 (1.0e-05)
1099.696 .... 3941 packets received, 7344 bps, 91.80%, Err 90 (1.0e-05)
1101.799 .... 3949 packets received, 7345 bps, 91.81%, Err 90 (1.0e-05)
1103.928 .... 3957 packets received, 7346 bps, 91.82%, Err 90 (1.0e-05)
1106.042 .... 3965 packets received, 7346 bps, 91.83%, Err 90 (1.0e-05)
1108.174 .... 3973 packets received, 7347 bps, 91.84%, Err 91 (1.0e-05)
1110.291 .... 3981 packets received, 7348 bps, 91.85%, Err 91 (1.0e-05)
1112.425 .... 3989 packets received, 7348 bps, 91.86%, Err 91 (1.0e-05)
1114.539 .... 3997 packets received, 7349 bps, 91.86%, Err 91 (1.0e-05)
1116.663 .... 4005 packets received, 7350 bps, 91.87%, Err 91 (1.0e-05)
1118.798 .... 4013 packets received, 7350 bps, 91.88%, Err 91 (1.0e-05)
1120.902 .... 4021 packets received, 7351 bps, 91.89%, Err 91 (1.0e-05)
1123.030 .... 4029 packets received, 7352 bps, 91.90%, Err 91 (1.0e-05)
1125.413 .... 4034 packets received, 7345 bps, 91.82%, Err 92 (1.0e-05)
1127.531 .... 4045 packets received, 7352 bps, 91.90%, Err 92 (1.0e-05)
1129.654 .... 4053 packets received, 7352 bps, 91.90%, Err 92 (1.0e-05)
1131.755 .... 4061 packets received, 7353 bps, 91.91%, Err 92 (1.0e-05)
1134.687 .... 4068 packets received, 7347 bps, 91.84%, Err 93 (1.0e-05)
1136.813 .... 4079 packets received, 7353 bps, 91.91%, Err 93 (1.0e-05)
1138.929 .... 4087 packets received, 7354 bps, 91.92%, Err 93 (1.0e-05)
1141.055 .... 4095 packets received, 7354 bps, 91.93%, Err 93 (1.0e-05)
1143.164 .... 4103 packets received, 7355 bps, 91.94%, Err 93 (1.0e-05)
1145.286 .... 4111 packets received, 7356 bps, 91.95%, Err 93 (1.0e-05)
1147.426 .... 4119 packets received, 7356 bps, 91.95%, Err 93 (1.0e-05)
1149.544 .... 4127 packets received, 7357 bps, 91.96%, Err 93 (1.0e-05)
1151.638 .... 4135 packets received, 7358 bps, 91.97%, Err 94 (1.0e-05)
1153.782 .... 4142 packets received, 7357 bps, 91.96%, Err 94 (1.0e-05)
1155.905 .... 4150 packets received, 7357 bps, 91.97%, Err 94 (1.0e-05)
1158.023 .... 4158 packets received, 7358 bps, 91.97%, Err 94 (1.0e-05)
1160.140 .... 4166 packets received, 7359 bps, 91.98%, Err 94 (1.0e-05)
1162.247 .... 4174 packets received, 7359 bps, 91.99%, Err 94 (1.0e-05)
1164.374 .... 4182 packets received, 7360 bps, 92.00%, Err 94 (1.0e-05)
1166.501 .... 4190 packets received, 7361 bps, 92.01%, Err 94 (1.0e-05)
1168.613 .... 4198 packets received, 7361 bps, 92.02%, Err 94 (1.0e-05)
1170.750 .... 4206 packets received, 7362 bps, 92.02%, Err 94 (1.0e-05)
1172.864 .... 4214 packets received, 7363 bps, 92.03%, Err 94 (1.0e-05)
1175.004 .... 4222 packets received, 7363 bps, 92.04%, Err 94 (1.0e-05)
1177.121 .... 4230 packets received, 7364 bps, 92.05%, Err 95 (1.0e-05)
1179.224 .... 4237 packets received, 7363 bps, 92.04%, Err 95 (1.0e-05)
1181.625 .... 4242 packets received, 7357 bps, 91.96%, Err 96 (1.0e-05)
1183.735 .... 4253 packets received, 7362 bps, 92.03%, Err 96 (1.0e-05)
1185.846 .... 4261 packets received, 7363 bps, 92.04%, Err 96 (1.0e-05)
1187.986 .... 4269 packets received, 7364 bps, 92.05%, Err 96 (1.0e-05)
1190.093 .... 4277 packets received, 7364 bps, 92.06%, Err 96 (1.0e-05)
1192.216 .... 4285 packets received, 7365 bps, 92.06%, Err 96 (1.0e-05)
1194.340 .... 4293 packets received, 7366 bps, 92.07%, Err 96 (1.0e-05)
1196.436 .... 4301 packets received, 7366 bps, 92.08%, Err 96 (1.0e-05)
1198.569 .... 4309 packets received, 7367 bps, 92.09%, Err 96 (1.0e-05)
1200.022 Quit.
