000.000 =============================================================
000.000                     Station A                               
000.000 -------------------------------------------------------------
000.000 Protocol.lib, version 4.0, jiangyanjun0718@bupt.edu.cn
000.000 Channel: 8000 bps, 270 ms propagation delay, bit error rate 1.0E-04
000.000 Log file "fbA.log", TCP port 30015, debug mask 0x00
000.000 Station A is waiting for station B on TCP port 30015 ... Done.
000.434 New epoch: Thu May 16 20:30:25 2019
000.434 =================================================================
000.434 
000.434 Designed by CJSoft, build: May 16 2019  20:29:14
002.850 .... 7 packets received, 6712 bps, 83.90%, Err 1 (5.2e-05)
006.598 .... 9 packets received, 3133 bps, 39.16%, Err 7 (1.4e-04)
009.278 .... 20 packets received, 4783 bps, 59.79%, Err 8 (1.1e-04)
011.404 .... 26 packets received, 4981 bps, 62.26%, Err 10 (1.1e-04)
013.539 .... 32 packets received, 5110 bps, 63.88%, Err 11 (1.1e-04)
015.675 .... 38 packets received, 5202 bps, 65.02%, Err 12 (9.9e-05)
018.066 .... 42 packets received, 4957 bps, 61.96%, Err 14 (9.9e-05)
021.517 .... 52 packets received, 5119 bps, 63.99%, Err 16 (9.5e-05)
025.272 .... 59 packets received, 4920 bps, 61.50%, Err 22 (1.1e-04)
027.418 .... 69 packets received, 5292 bps, 66.15%, Err 23 (1.1e-04)
031.394 .... 73 packets received, 4873 bps, 60.91%, Err 26 (1.1e-04)
035.933 .... 83 packets received, 4826 bps, 60.33%, Err 32 (1.1e-04)
038.038 .... 90 packets received, 4938 bps, 61.73%, Err 38 (1.3e-04)
040.190 .... 100 packets received, 5188 bps, 64.85%, Err 39 (1.2e-04)
042.300 .... 106 packets received, 5220 bps, 65.25%, Err 39 (1.2e-04)
044.446 .... 112 packets received, 5245 bps, 65.56%, Err 39 (1.1e-04)
046.574 .... 118 packets received, 5270 bps, 65.87%, Err 41 (1.1e-04)
049.492 .... 123 packets received, 5164 bps, 64.55%, Err 45 (1.1e-04)
051.622 .... 133 packets received, 5351 bps, 66.88%, Err 47 (1.1e-04)
053.759 .... 140 packets received, 5405 bps, 67.57%, Err 48 (1.1e-04)
056.403 .... 145 packets received, 5332 bps, 66.66%, Err 50 (1.1e-04)
058.551 .... 155 packets received, 5489 bps, 68.61%, Err 51 (1.1e-04)
060.676 .... 162 packets received, 5533 bps, 69.16%, Err 51 (1.1e-04)
062.815 .... 170 packets received, 5606 bps, 70.08%, Err 51 (1.0e-04)
064.930 .... 177 packets received, 5645 bps, 70.56%, Err 52 (1.0e-04)
067.061 .... 184 packets received, 5680 bps, 71.00%, Err 54 (1.0e-04)
070.258 .... 185 packets received, 5448 bps, 68.10%, Err 58 (1.0e-04)
073.205 .... 194 packets received, 5481 bps, 68.51%, Err 60 (1.0e-04)
075.868 .... 199 packets received, 5423 bps, 67.79%, Err 61 (1.0e-04)
079.050 .... 210 packets received, 5490 bps, 68.63%, Err 63 (1.0e-04)
081.172 .... 217 packets received, 5524 bps, 69.04%, Err 65 (1.0e-04)
085.453 .... 224 packets received, 5414 bps, 67.67%, Err 67 (9.9e-05)
088.389 .... 236 packets received, 5513 bps, 68.91%, Err 68 (9.7e-05)
091.299 .... 242 packets received, 5471 bps, 68.39%, Err 70 (9.6e-05)
094.492 .... 254 packets received, 5547 bps, 69.34%, Err 74 (9.8e-05)
096.634 .... 260 packets received, 5551 bps, 69.39%, Err 75 (9.7e-05)
099.822 .... 270 packets received, 5579 bps, 69.74%, Err 80 (1.0e-04)
101.943 .... 280 packets received, 5665 bps, 70.81%, Err 81 (1.0e-04)
104.074 .... 287 packets received, 5687 bps, 71.08%, Err 81 (9.8e-05)
108.330 .... 291 packets received, 5538 bps, 69.22%, Err 87 (1.0e-04)
111.011 .... 300 packets received, 5570 bps, 69.63%, Err 88 (1.0e-04)
113.397 .... 305 packets received, 5543 bps, 69.29%, Err 92 (1.0e-04)
116.610 .... 308 packets received, 5443 bps, 68.03%, Err 94 (1.0e-04)
119.547 .... 319 packets received, 5498 bps, 68.72%, Err 96 (1.0e-04)
121.662 .... 323 packets received, 5469 bps, 68.37%, Err 97 (1.0e-04)
123.788 .... 330 packets received, 5491 bps, 68.64%, Err 98 (9.9e-05)
126.739 .... 338 packets received, 5493 bps, 68.66%, Err 101 (1.0e-04)
129.377 .... 349 packets received, 5555 bps, 69.44%, Err 101 (9.8e-05)
133.911 .... 352 packets received, 5412 bps, 67.65%, Err 111 (1.0e-04)
136.854 .... 360 packets received, 5416 bps, 67.70%, Err 114 (1.0e-04)
139.774 .... 361 packets received, 5317 bps, 66.46%, Err 119 (1.1e-04)
142.460 .... 369 packets received, 5331 bps, 66.64%, Err 119 (1.0e-04)
145.638 .... 379 packets received, 5356 bps, 66.95%, Err 122 (1.1e-04)
148.563 .... 381 packets received, 5278 bps, 65.97%, Err 124 (1.0e-04)
151.480 .... 391 packets received, 5311 bps, 66.39%, Err 126 (1.0e-04)
153.632 .... 401 packets received, 5371 bps, 67.13%, Err 129 (1.1e-04)
157.871 .... 404 packets received, 5265 bps, 65.81%, Err 135 (1.1e-04)
160.809 .... 406 packets received, 5194 bps, 64.92%, Err 138 (1.1e-04)
163.446 .... 418 packets received, 5261 bps, 65.76%, Err 139 (1.1e-04)
166.391 .... 429 packets received, 5303 bps, 66.29%, Err 140 (1.1e-04)
170.399 .... 435 packets received, 5250 bps, 65.63%, Err 144 (1.1e-04)
173.045 .... 446 packets received, 5300 bps, 66.25%, Err 145 (1.1e-04)
175.159 .... 454 packets received, 5330 bps, 66.63%, Err 145 (1.0e-04)
177.577 .... 459 packets received, 5315 bps, 66.44%, Err 146 (1.0e-04)
179.700 .... 466 packets received, 5332 bps, 66.65%, Err 148 (1.0e-04)
182.355 .... 471 packets received, 5311 bps, 66.38%, Err 149 (1.0e-04)
184.490 .... 481 packets received, 5360 bps, 67.00%, Err 149 (1.0e-04)
186.883 .... 488 packets received, 5368 bps, 67.10%, Err 149 (1.0e-04)
190.878 .... 491 packets received, 5288 bps, 66.10%, Err 153 (1.0e-04)
195.938 .... 503 packets received, 5277 bps, 65.96%, Err 159 (1.0e-04)
198.877 .... 515 packets received, 5322 bps, 66.53%, Err 161 (1.0e-04)
201.257 .... 522 packets received, 5331 bps, 66.64%, Err 162 (1.0e-04)
203.374 .... 529 packets received, 5346 bps, 66.82%, Err 164 (1.0e-04)
205.768 .... 531 packets received, 5303 bps, 66.29%, Err 165 (1.0e-04)
207.889 .... 543 packets received, 5368 bps, 67.10%, Err 165 (9.9e-05)
213.484 .... 549 packets received, 5284 bps, 66.05%, Err 172 (1.0e-04)
216.144 .... 560 packets received, 5324 bps, 66.55%, Err 176 (1.0e-04)
218.276 .... 568 packets received, 5347 bps, 66.84%, Err 176 (1.0e-04)
220.396 .... 575 packets received, 5360 bps, 67.01%, Err 177 (1.0e-04)
222.526 .... 583 packets received, 5383 bps, 67.29%, Err 180 (1.0e-04)
225.200 .... 587 packets received, 5355 bps, 66.94%, Err 181 (1.0e-04)
227.296 .... 599 packets received, 5414 bps, 67.68%, Err 181 (1.0e-04)
229.720 .... 602 packets received, 5384 bps, 67.30%, Err 184 (1.0e-04)
232.633 .... 611 packets received, 5396 bps, 67.44%, Err 186 (1.0e-04)
235.283 .... 619 packets received, 5404 bps, 67.56%, Err 189 (1.0e-04)
237.974 .... 628 packets received, 5421 bps, 67.76%, Err 192 (1.0e-04)
241.410 .... 629 packets received, 5352 bps, 66.90%, Err 196 (1.0e-04)
243.552 .... 641 packets received, 5406 bps, 67.57%, Err 199 (1.0e-04)
247.020 .... 642 packets received, 5338 bps, 66.73%, Err 204 (1.0e-04)
250.235 .... 650 packets received, 5335 bps, 66.69%, Err 205 (1.0e-04)
252.880 .... 656 packets received, 5328 bps, 66.60%, Err 211 (1.0e-04)
255.811 .... 659 packets received, 5291 bps, 66.13%, Err 214 (1.0e-04)
258.458 .... 664 packets received, 5276 bps, 65.95%, Err 217 (1.1e-04)
261.139 .... 669 packets received, 5261 bps, 65.76%, Err 220 (1.1e-04)
263.532 .... 670 packets received, 5221 bps, 65.26%, Err 222 (1.1e-04)
265.933 .... 681 packets received, 5259 bps, 65.73%, Err 224 (1.1e-04)
268.073 .... 687 packets received, 5262 bps, 65.78%, Err 224 (1.0e-04)
270.194 .... 693 packets received, 5267 bps, 65.83%, Err 225 (1.0e-04)
272.304 .... 699 packets received, 5271 bps, 65.89%, Err 225 (1.0e-04)
275.483 .... 705 packets received, 5255 bps, 65.68%, Err 226 (1.0e-04)
277.625 .... 711 packets received, 5258 bps, 65.73%, Err 228 (1.0e-04)
280.553 .... 720 packets received, 5269 bps, 65.87%, Err 229 (1.0e-04)
282.689 .... 729 packets received, 5295 bps, 66.18%, Err 232 (1.0e-04)
284.800 .... 735 packets received, 5299 bps, 66.23%, Err 232 (1.0e-04)
287.503 .... 741 packets received, 5292 bps, 66.14%, Err 233 (1.0e-04)
289.633 .... 752 packets received, 5331 bps, 66.63%, Err 234 (1.0e-04)
292.533 .... 758 packets received, 5320 bps, 66.50%, Err 235 (1.0e-04)
295.221 .... 767 packets received, 5334 bps, 66.67%, Err 237 (1.0e-04)
297.885 .... 775 packets received, 5341 bps, 66.76%, Err 241 (1.0e-04)
300.521 .... 782 packets received, 5342 bps, 66.77%, Err 242 (1.0e-04)
302.919 .... 792 packets received, 5367 bps, 67.09%, Err 242 (1.0e-04)
307.690 .... 797 packets received, 5317 bps, 66.47%, Err 247 (1.0e-04)
311.151 .... 806 packets received, 5317 bps, 66.47%, Err 250 (1.0e-04)
314.352 .... 814 packets received, 5315 bps, 66.44%, Err 253 (1.0e-04)
316.740 .... 820 packets received, 5314 bps, 66.42%, Err 254 (1.0e-04)
319.694 .... 828 packets received, 5316 bps, 66.45%, Err 256 (1.0e-04)
321.797 .... 839 packets received, 5351 bps, 66.89%, Err 257 (1.0e-04)
324.733 .... 846 packets received, 5347 bps, 66.84%, Err 258 (9.9e-05)
327.433 .... 855 packets received, 5359 bps, 66.99%, Err 261 (1.0e-04)
330.067 .... 863 packets received, 5366 bps, 67.08%, Err 263 (1.0e-04)
333.446 ** WARNING: System too busy, sleep 15 ms, but be awakened 198 ms later
333.767 .... 864 packets received, 5313 bps, 66.41%, Err 266 (1.0e-04)
336.494 .... 874 packets received, 5331 bps, 66.63%, Err 269 (1.0e-04)
336.874 ** WARNING: System too busy, sleep 15 ms, but be awakened 156 ms later
338.408 ** WARNING: System too busy, sleep 15 ms, but be awakened 121 ms later
339.166 .... 875 packets received, 5295 bps, 66.18%, Err 269 (1.0e-04)
340.354 ** WARNING: System too busy, sleep 15 ms, but be awakened 70 ms later
343.132 ** WARNING: System too busy, sleep 15 ms, but be awakened 70 ms later
343.531 .... 884 packets received, 5281 bps, 66.01%, Err 275 (1.0e-04)
345.161 ** WARNING: System too busy, sleep 15 ms, but be awakened 219 ms later
347.047 ** WARNING: System too busy, sleep 15 ms, but be awakened 66 ms later
347.131 .... 886 packets received, 5238 bps, 65.47%, Err 276 (1.0e-04)
349.099 ** WARNING: System too busy, sleep 15 ms, but be awakened 669 ms later
351.677 ** WARNING: System too busy, sleep 15 ms, but be awakened 248 ms later
351.677 .... 888 packets received, 5182 bps, 64.77%, Err 278 (1.0e-04)
354.876 .... 900 packets received, 5204 bps, 65.05%, Err 280 (1.0e-04)
357.175 .... 906 packets received, 5205 bps, 65.07%, Err 284 (1.0e-04)
359.249 .... 915 packets received, 5227 bps, 65.33%, Err 285 (1.0e-04)
359.752 ** WARNING: System too busy, sleep 15 ms, but be awakened 134 ms later
361.666 .... 920 packets received, 5220 bps, 65.25%, Err 289 (1.0e-04)
364.068 .... 922 packets received, 5197 bps, 64.96%, Err 291 (1.0e-04)
365.422 ** WARNING: System too busy, sleep 15 ms, but be awakened 88 ms later
366.716 .... 932 packets received, 5215 bps, 65.19%, Err 294 (1.0e-04)
368.877 .... 937 packets received, 5212 bps, 65.15%, Err 295 (1.0e-04)
370.992 .... 943 packets received, 5216 bps, 65.20%, Err 296 (1.0e-04)
373.117 .... 949 packets received, 5219 bps, 65.24%, Err 297 (1.0e-04)
375.505 .... 954 packets received, 5213 bps, 65.16%, Err 299 (1.0e-04)
378.175 .... 964 packets received, 5230 bps, 65.38%, Err 300 (1.0e-04)
380.313 .... 966 packets received, 5212 bps, 65.15%, Err 303 (1.0e-04)
383.774 .... 970 packets received, 5186 bps, 64.83%, Err 306 (1.0e-04)
386.710 .... 981 packets received, 5205 bps, 65.06%, Err 308 (1.0e-04)
388.836 .... 988 packets received, 5213 bps, 65.17%, Err 309 (1.0e-04)
391.220 .... 993 packets received, 5208 bps, 65.10%, Err 311 (1.0e-04)
394.146 .... 1002 packets received, 5216 bps, 65.20%, Err 313 (1.0e-04)
396.295 .... 1012 packets received, 5239 bps, 65.49%, Err 314 (1.0e-04)
398.961 .... 1015 packets received, 5220 bps, 65.25%, Err 317 (1.0e-04)
401.640 .... 1019 packets received, 5205 bps, 65.07%, Err 319 (1.0e-04)
403.766 .... 1027 packets received, 5218 bps, 65.23%, Err 324 (1.0e-04)
406.693 .... 1029 packets received, 5191 bps, 64.89%, Err 325 (1.0e-04)
409.604 .... 1040 packets received, 5209 bps, 65.11%, Err 326 (1.0e-04)
411.985 .... 1047 packets received, 5214 bps, 65.17%, Err 329 (1.0e-04)
414.680 .... 1051 packets received, 5200 bps, 64.99%, Err 330 (1.0e-04)
417.332 .... 1058 packets received, 5201 bps, 65.01%, Err 331 (1.0e-04)
420.264 .... 1065 packets received, 5199 bps, 64.98%, Err 334 (1.0e-04)
423.196 .... 1071 packets received, 5192 bps, 64.90%, Err 335 (1.0e-04)
426.123 .... 1082 packets received, 5209 bps, 65.11%, Err 338 (1.0e-04)
429.039 .... 1090 packets received, 5212 bps, 65.15%, Err 341 (1.0e-04)
431.168 .... 1101 packets received, 5238 bps, 65.48%, Err 341 (1.0e-04)
433.311 .... 1109 packets received, 5250 bps, 65.63%, Err 342 (1.0e-04)
436.493 .... 1113 packets received, 5231 bps, 65.38%, Err 344 (9.9e-05)
438.622 .... 1124 packets received, 5257 bps, 65.71%, Err 346 (9.9e-05)
442.365 .... 1126 packets received, 5221 bps, 65.27%, Err 352 (1.0e-04)
445.277 .... 1130 packets received, 5206 bps, 65.07%, Err 353 (1.0e-04)
449.023 .... 1138 packets received, 5199 bps, 64.98%, Err 359 (1.0e-04)
451.680 .... 1140 packets received, 5177 bps, 64.71%, Err 360 (1.0e-04)
454.608 .... 1146 packets received, 5171 bps, 64.64%, Err 364 (1.0e-04)
457.292 .... 1155 packets received, 5181 bps, 64.76%, Err 368 (1.0e-04)
459.683 .... 1165 packets received, 5198 bps, 64.98%, Err 369 (1.0e-04)
461.810 .... 1171 packets received, 5201 bps, 65.01%, Err 371 (1.0e-04)
464.761 .... 1176 packets received, 5190 bps, 64.88%, Err 376 (1.0e-04)
466.876 .... 1186 packets received, 5210 bps, 65.13%, Err 376 (1.0e-04)
469.025 .... 1192 packets received, 5213 bps, 65.16%, Err 377 (1.0e-04)
473.009 .... 1195 packets received, 5182 bps, 64.77%, Err 381 (1.0e-04)
476.214 .... 1206 packets received, 5194 bps, 64.93%, Err 386 (1.0e-04)
478.888 .... 1215 packets received, 5204 bps, 65.05%, Err 388 (1.0e-04)
481.015 .... 1224 packets received, 5219 bps, 65.24%, Err 389 (1.0e-04)
483.146 .... 1232 packets received, 5230 bps, 65.38%, Err 390 (1.0e-04)
486.072 .... 1239 packets received, 5228 bps, 65.35%, Err 392 (1.0e-04)
488.198 .... 1250 packets received, 5251 bps, 65.64%, Err 393 (1.0e-04)
492.197 .... 1254 packets received, 5225 bps, 65.32%, Err 397 (1.0e-04)
493.303 ** WARNING: System too busy, sleep 15 ms, but be awakened 77 ms later
494.841 .... 1263 packets received, 5235 bps, 65.43%, Err 398 (1.0e-04)
496.564 ** WARNING: System too busy, sleep 15 ms, but be awakened 74 ms later
498.637 .... 1266 packets received, 5207 bps, 65.09%, Err 404 (1.0e-04)
499.791 ** WARNING: System too busy, sleep 15 ms, but be awakened 68 ms later
501.398 ** WARNING: System too busy, sleep 15 ms, but be awakened 68 ms later
501.929 .... 1275 packets received, 5210 bps, 65.12%, Err 408 (1.0e-04)
504.084 .... 1283 packets received, 5220 bps, 65.25%, Err 408 (1.0e-04)
505.772 ** WARNING: System too busy, sleep 15 ms, but be awakened 173 ms later
507.172 .... 1285 packets received, 5196 bps, 64.95%, Err 411 (1.0e-04)
507.597 ** WARNING: System too busy, sleep 15 ms, but be awakened 73 ms later
510.052 .... 1293 packets received, 5199 bps, 64.99%, Err 414 (1.0e-04)
512.995 .... 1297 packets received, 5185 bps, 64.81%, Err 417 (1.0e-04)
514.505 ** WARNING: System too busy, sleep 15 ms, but be awakened 66 ms later
515.190 .... 1306 packets received, 5199 bps, 64.99%, Err 417 (1.0e-04)
516.113 ** WARNING: System too busy, sleep 15 ms, but be awakened 81 ms later
517.447 .... 1309 packets received, 5188 bps, 64.85%, Err 419 (1.0e-04)
520.581 .... 1315 packets received, 5180 bps, 64.76%, Err 422 (1.0e-04)
521.218 ** WARNING: System too busy, sleep 15 ms, but be awakened 74 ms later
523.543 .... 1324 packets received, 5186 bps, 64.83%, Err 422 (1.0e-04)
523.957 ** WARNING: System too busy, sleep 15 ms, but be awakened 85 ms later
526.717 .... 1329 packets received, 5174 bps, 64.68%, Err 424 (1.0e-04)
527.622 ** WARNING: System too busy, sleep 15 ms, but be awakened 92 ms later
529.396 ** WARNING: System too busy, sleep 15 ms, but be awakened 66 ms later
529.943 .... 1341 packets received, 5189 bps, 64.87%, Err 426 (1.0e-04)
533.157 .... 1348 packets received, 5185 bps, 64.81%, Err 427 (1.0e-04)
536.047 .... 1357 packets received, 5191 bps, 64.89%, Err 429 (1.0e-04)
538.169 .... 1366 packets received, 5205 bps, 65.07%, Err 429 (1.0e-04)
540.337 .... 1369 packets received, 5196 bps, 64.95%, Err 432 (1.0e-04)
542.660 .... 1370 packets received, 5177 bps, 64.71%, Err 434 (1.0e-04)
544.075 ** WARNING: System too busy, sleep 15 ms, but be awakened 68 ms later
546.132 .... 1379 packets received, 5178 bps, 64.73%, Err 437 (1.0e-04)
548.121 ** WARNING: System too busy, sleep 15 ms, but be awakened 78 ms later
548.267 .... 1388 packets received, 5192 bps, 64.89%, Err 439 (1.0e-04)
550.936 .... 1390 packets received, 5174 bps, 64.67%, Err 443 (1.0e-04)
553.899 .... 1393 packets received, 5157 bps, 64.46%, Err 444 (1.0e-04)
556.789 .... 1398 packets received, 5149 bps, 64.36%, Err 445 (1.0e-04)
557.219 ** WARNING: System too busy, sleep 15 ms, but be awakened 67 ms later
559.012 .... 1409 packets received, 5169 bps, 64.61%, Err 447 (1.0e-04)
560.288 ** WARNING: System too busy, sleep 15 ms, but be awakened 72 ms later
563.492 .... 1415 packets received, 5149 bps, 64.37%, Err 451 (1.0e-04)
569.070 .... 1419 packets received, 5113 bps, 63.91%, Err 454 (1.0e-04)
571.993 .... 1435 packets received, 5144 bps, 64.30%, Err 456 (1.0e-04)
574.409 .... 1439 packets received, 5137 bps, 64.21%, Err 458 (1.0e-04)
576.793 .... 1446 packets received, 5141 bps, 64.26%, Err 461 (1.0e-04)
579.729 .... 1452 packets received, 5136 bps, 64.20%, Err 467 (1.0e-04)
584.792 .... 1463 packets received, 5130 bps, 64.12%, Err 476 (1.0e-04)
587.730 .... 1466 packets received, 5115 bps, 63.93%, Err 477 (1.0e-04)
590.381 .... 1474 packets received, 5119 bps, 63.99%, Err 477 (1.0e-04)
592.522 .... 1485 packets received, 5139 bps, 64.24%, Err 477 (1.0e-04)
594.666 .... 1491 packets received, 5141 bps, 64.26%, Err 478 (1.0e-04)
596.771 .... 1497 packets received, 5144 bps, 64.29%, Err 479 (1.0e-04)
599.706 .... 1504 packets received, 5142 bps, 64.28%, Err 483 (1.0e-04)
601.833 .... 1514 packets received, 5158 bps, 64.48%, Err 483 (1.0e-04)
604.766 .... 1518 packets received, 5147 bps, 64.33%, Err 486 (1.0e-04)
607.155 .... 1524 packets received, 5147 bps, 64.33%, Err 488 (1.0e-04)
609.285 .... 1525 packets received, 5132 bps, 64.15%, Err 490 (1.0e-04)
613.816 .... 1535 packets received, 5127 bps, 64.09%, Err 491 (1.0e-04)
616.781 .... 1547 packets received, 5143 bps, 64.28%, Err 493 (1.0e-04)
617.363 ** WARNING: System too busy, sleep 15 ms, but be awakened 88 ms later
621.289 .... 1554 packets received, 5128 bps, 64.11%, Err 498 (1.0e-04)
624.741 .... 1566 packets received, 5139 bps, 64.24%, Err 500 (1.0e-04)
626.877 .... 1577 packets received, 5158 bps, 64.47%, Err 500 (1.0e-04)
629.009 .... 1585 packets received, 5166 bps, 64.58%, Err 500 (1.0e-04)
631.135 .... 1589 packets received, 5162 bps, 64.53%, Err 501 (1.0e-04)
633.265 .... 1600 packets received, 5180 bps, 64.75%, Err 501 (1.0e-04)
635.394 .... 1604 packets received, 5176 bps, 64.70%, Err 504 (1.0e-04)
638.051 .... 1614 packets received, 5186 bps, 64.83%, Err 505 (1.0e-04)
641.251 .... 1618 packets received, 5173 bps, 64.67%, Err 511 (1.0e-04)
643.901 .... 1620 packets received, 5158 bps, 64.48%, Err 514 (1.0e-04)
646.829 .... 1624 packets received, 5148 bps, 64.35%, Err 514 (1.0e-04)
652.679 .... 1635 packets received, 5136 bps, 64.20%, Err 522 (1.0e-04)
655.335 .... 1642 packets received, 5137 bps, 64.21%, Err 524 (1.0e-04)
657.996 .... 1647 packets received, 5132 bps, 64.15%, Err 525 (1.0e-04)
661.987 .... 1655 packets received, 5126 bps, 64.07%, Err 529 (1.0e-04)
664.664 .... 1665 packets received, 5136 bps, 64.20%, Err 532 (1.0e-04)
667.595 .... 1673 packets received, 5138 bps, 64.22%, Err 534 (1.0e-04)
669.712 .... 1674 packets received, 5125 bps, 64.06%, Err 539 (1.0e-04)
672.407 .... 1680 packets received, 5122 bps, 64.03%, Err 542 (1.0e-04)
675.076 .... 1684 packets received, 5114 bps, 63.93%, Err 542 (1.0e-04)
677.738 .... 1693 packets received, 5121 bps, 64.02%, Err 543 (1.0e-04)
679.843 .... 1697 packets received, 5118 bps, 63.97%, Err 543 (1.0e-04)
681.984 .... 1703 packets received, 5119 bps, 63.99%, Err 543 (1.0e-04)
684.127 .... 1709 packets received, 5121 bps, 64.02%, Err 544 (1.0e-04)
686.223 .... 1717 packets received, 5130 bps, 64.12%, Err 545 (1.0e-04)
688.382 .... 1724 packets received, 5134 bps, 64.18%, Err 546 (1.0e-04)
690.495 .... 1728 packets received, 5131 bps, 64.13%, Err 549 (1.0e-04)
693.981 .... 1732 packets received, 5117 bps, 63.96%, Err 553 (1.0e-04)
696.087 .... 1745 packets received, 5139 bps, 64.24%, Err 554 (1.0e-04)
699.281 .... 1746 packets received, 5119 bps, 63.98%, Err 560 (1.0e-04)
702.212 .... 1752 packets received, 5115 bps, 63.94%, Err 562 (1.0e-04)
705.941 .... 1758 packets received, 5105 bps, 63.82%, Err 565 (1.0e-04)
708.055 .... 1770 packets received, 5125 bps, 64.06%, Err 568 (1.0e-04)
710.200 .... 1778 packets received, 5132 bps, 64.15%, Err 568 (1.0e-04)
712.315 .... 1786 packets received, 5140 bps, 64.25%, Err 568 (1.0e-04)
715.785 .... 1788 packets received, 5121 bps, 64.01%, Err 572 (1.0e-04)
719.499 .... 1797 packets received, 5120 bps, 64.00%, Err 575 (1.0e-04)
722.431 .... 1805 packets received, 5122 bps, 64.03%, Err 577 (1.0e-04)
724.563 .... 1813 packets received, 5130 bps, 64.12%, Err 577 (1.0e-04)
726.682 .... 1819 packets received, 5132 bps, 64.14%, Err 578 (1.0e-04)
728.823 .... 1822 packets received, 5125 bps, 64.06%, Err 582 (1.0e-04)
731.741 .... 1824 packets received, 5110 bps, 63.88%, Err 584 (1.0e-04)
733.854 .... 1835 packets received, 5126 bps, 64.08%, Err 586 (1.0e-04)
735.988 .... 1841 packets received, 5128 bps, 64.10%, Err 587 (1.0e-04)
738.120 .... 1848 packets received, 5132 bps, 64.16%, Err 588 (1.0e-04)
740.776 .... 1854 packets received, 5131 bps, 64.13%, Err 590 (1.0e-04)
743.467 .... 1862 packets received, 5134 bps, 64.18%, Err 592 (1.0e-04)
745.847 .... 1869 packets received, 5137 bps, 64.21%, Err 594 (1.0e-04)
748.520 .... 1874 packets received, 5132 bps, 64.15%, Err 597 (1.0e-04)
750.632 .... 1881 packets received, 5137 bps, 64.21%, Err 599 (1.0e-04)
752.771 .... 1887 packets received, 5139 bps, 64.23%, Err 601 (1.0e-04)
755.700 .... 1893 packets received, 5135 bps, 64.19%, Err 604 (1.0e-04)
758.892 .... 1896 packets received, 5121 bps, 64.02%, Err 605 (1.0e-04)
763.444 .... 1904 packets received, 5112 bps, 63.91%, Err 609 (1.0e-04)
765.532 .... 1912 packets received, 5120 bps, 64.00%, Err 610 (1.0e-04)
767.664 .... 1921 packets received, 5130 bps, 64.12%, Err 610 (1.0e-04)
769.826 .... 1925 packets received, 5126 bps, 64.07%, Err 614 (1.0e-04)
771.934 .... 1929 packets received, 5123 bps, 64.03%, Err 614 (1.0e-04)
774.077 .... 1933 packets received, 5119 bps, 63.99%, Err 615 (1.0e-04)
777.778 .... 1934 packets received, 5097 bps, 63.71%, Err 620 (1.0e-04)
784.179 .... 1941 packets received, 5074 bps, 63.42%, Err 626 (1.0e-04)
786.597 .... 1955 packets received, 5095 bps, 63.68%, Err 626 (1.0e-04)
789.520 .... 1961 packets received, 5091 bps, 63.64%, Err 628 (1.0e-04)
792.175 .... 1969 packets received, 5095 bps, 63.69%, Err 630 (1.0e-04)
796.974 .... 1978 packets received, 5087 bps, 63.59%, Err 635 (1.0e-04)
800.156 .... 1983 packets received, 5080 bps, 63.50%, Err 637 (1.0e-04)
802.316 .... 1993 packets received, 5092 bps, 63.65%, Err 637 (1.0e-04)
804.429 .... 1996 packets received, 5086 bps, 63.58%, Err 640 (1.0e-04)
807.108 .... 2000 packets received, 5079 bps, 63.49%, Err 644 (1.0e-04)
809.796 .... 2005 packets received, 5075 bps, 63.44%, Err 647 (1.0e-04)
812.206 .... 2014 packets received, 5083 bps, 63.54%, Err 647 (1.0e-04)
815.127 .... 2019 packets received, 5077 bps, 63.46%, Err 650 (1.0e-04)
817.242 .... 2030 packets received, 5092 bps, 63.65%, Err 651 (1.0e-04)
819.356 .... 2037 packets received, 5096 bps, 63.70%, Err 651 (1.0e-04)
821.495 .... 2044 packets received, 5100 bps, 63.75%, Err 652 (1.0e-04)
823.910 .... 2049 packets received, 5098 bps, 63.72%, Err 654 (1.0e-04)
826.027 .... 2060 packets received, 5112 bps, 63.90%, Err 654 (1.0e-04)
828.141 .... 2068 packets received, 5119 bps, 63.98%, Err 654 (9.9e-05)
832.131 .... 2072 packets received, 5104 bps, 63.80%, Err 659 (1.0e-04)
835.080 .... 2078 packets received, 5101 bps, 63.76%, Err 660 (9.9e-05)
837.206 .... 2088 packets received, 5112 bps, 63.90%, Err 660 (9.9e-05)
839.324 .... 2094 packets received, 5114 bps, 63.92%, Err 661 (9.9e-05)
842.267 .... 2098 packets received, 5106 bps, 63.82%, Err 664 (9.9e-05)
844.383 .... 2100 packets received, 5098 bps, 63.72%, Err 666 (9.9e-05)
847.336 .... 2111 packets received, 5107 bps, 63.83%, Err 668 (9.9e-05)
850.234 .... 2116 packets received, 5101 bps, 63.76%, Err 670 (9.9e-05)
854.245 .... 2124 packets received, 5096 bps, 63.71%, Err 677 (1.0e-04)
857.177 .... 2126 packets received, 5084 bps, 63.55%, Err 680 (1.0e-04)
859.284 .... 2140 packets received, 5105 bps, 63.81%, Err 680 (9.9e-05)
862.212 .... 2146 packets received, 5102 bps, 63.77%, Err 684 (1.0e-04)
864.895 .... 2153 packets received, 5102 bps, 63.78%, Err 686 (1.0e-04)
869.427 .... 2161 packets received, 5095 bps, 63.68%, Err 693 (1.0e-04)
872.875 .... 2166 packets received, 5086 bps, 63.58%, Err 694 (1.0e-04)
875.004 .... 2170 packets received, 5083 bps, 63.54%, Err 697 (1.0e-04)
877.937 .... 2182 packets received, 5094 bps, 63.68%, Err 699 (1.0e-04)
881.143 .... 2191 packets received, 5097 bps, 63.71%, Err 701 (1.0e-04)
883.273 .... 2197 packets received, 5098 bps, 63.73%, Err 703 (1.0e-04)
885.401 .... 2209 packets received, 5114 bps, 63.92%, Err 704 (1.0e-04)
888.067 .... 2211 packets received, 5103 bps, 63.79%, Err 707 (1.0e-04)
890.997 .... 2216 packets received, 5098 bps, 63.72%, Err 709 (1.0e-04)
895.509 .... 2223 packets received, 5088 bps, 63.60%, Err 716 (1.0e-04)
898.729 .... 2226 packets received, 5077 bps, 63.46%, Err 719 (1.0e-04)
901.692 .... 2227 packets received, 5062 bps, 63.28%, Err 723 (1.0e-04)
904.603 .... 2232 packets received, 5057 bps, 63.21%, Err 723 (1.0e-04)
907.532 .... 2235 packets received, 5048 bps, 63.10%, Err 727 (1.0e-04)
910.746 .... 2250 packets received, 5064 bps, 63.29%, Err 729 (1.0e-04)
912.873 .... 2259 packets received, 5072 bps, 63.40%, Err 729 (1.0e-04)
915.254 .... 2264 packets received, 5070 bps, 63.37%, Err 731 (1.0e-04)
917.379 .... 2274 packets received, 5081 bps, 63.51%, Err 731 (1.0e-04)
919.796 .... 2279 packets received, 5078 bps, 63.48%, Err 733 (1.0e-04)
921.920 .... 2289 packets received, 5089 bps, 63.61%, Err 733 (1.0e-04)
924.021 .... 2297 packets received, 5095 bps, 63.69%, Err 733 (1.0e-04)
926.167 .... 2301 packets received, 5092 bps, 63.65%, Err 735 (1.0e-04)
930.422 .... 2308 packets received, 5084 bps, 63.55%, Err 740 (1.0e-04)
933.357 .... 2315 packets received, 5084 bps, 63.54%, Err 742 (1.0e-04)
935.467 .... 2324 packets received, 5092 bps, 63.65%, Err 744 (1.0e-04)
937.615 .... 2327 packets received, 5087 bps, 63.58%, Err 748 (1.0e-04)
940.814 .... 2335 packets received, 5087 bps, 63.58%, Err 750 (1.0e-04)
943.173 .... 2345 packets received, 5096 bps, 63.70%, Err 750 (1.0e-04)
945.303 .... 2352 packets received, 5099 bps, 63.74%, Err 751 (1.0e-04)
947.444 .... 2355 packets received, 5094 bps, 63.68%, Err 752 (1.0e-04)
950.107 .... 2363 packets received, 5097 bps, 63.72%, Err 755 (1.0e-04)
952.760 .... 2371 packets received, 5100 bps, 63.75%, Err 756 (1.0e-04)
954.895 .... 2381 packets received, 5110 bps, 63.88%, Err 760 (1.0e-04)
957.856 .... 2387 packets received, 5107 bps, 63.84%, Err 763 (1.0e-04)
960.512 .... 2391 packets received, 5102 bps, 63.77%, Err 763 (1.0e-04)
962.640 .... 2401 packets received, 5112 bps, 63.90%, Err 763 (1.0e-04)
965.569 .... 2406 packets received, 5107 bps, 63.84%, Err 769 (1.0e-04)
968.237 .... 2409 packets received, 5099 bps, 63.74%, Err 772 (1.0e-04)
971.174 .... 2415 packets received, 5096 bps, 63.71%, Err 776 (1.0e-04)
974.085 .... 2425 packets received, 5102 bps, 63.78%, Err 777 (1.0e-04)
976.204 .... 2436 packets received, 5114 bps, 63.93%, Err 778 (1.0e-04)
978.895 .... 2439 packets received, 5106 bps, 63.83%, Err 779 (1.0e-04)
981.017 .... 2451 packets received, 5121 bps, 64.01%, Err 781 (1.0e-04)
985.794 .... 2455 packets received, 5104 bps, 63.80%, Err 786 (1.0e-04)
988.993 .... 2468 packets received, 5114 bps, 63.93%, Err 789 (1.0e-04)
991.126 .... 2478 packets received, 5124 bps, 64.05%, Err 789 (1.0e-04)
993.250 .... 2482 packets received, 5121 bps, 64.02%, Err 790 (1.0e-04)
995.648 .... 2490 packets received, 5125 bps, 64.07%, Err 793 (1.0e-04)
998.310 .... 2492 packets received, 5116 bps, 63.95%, Err 793 (1.0e-04)
1001.222 .... 2502 packets received, 5121 bps, 64.02%, Err 794 (1.0e-04)
1003.350 .... 2512 packets received, 5131 bps, 64.14%, Err 797 (1.0e-04)
1006.033 .... 2518 packets received, 5130 bps, 64.12%, Err 800 (1.0e-04)
1008.141 .... 2528 packets received, 5139 bps, 64.24%, Err 801 (1.0e-04)
1010.284 .... 2531 packets received, 5134 bps, 64.18%, Err 804 (1.0e-04)
1012.396 .... 2540 packets received, 5142 bps, 64.27%, Err 804 (1.0e-04)
1014.516 .... 2546 packets received, 5143 bps, 64.29%, Err 807 (1.0e-04)
1019.067 .... 2552 packets received, 5132 bps, 64.15%, Err 811 (1.0e-04)
1021.695 .... 2563 packets received, 5141 bps, 64.26%, Err 812 (1.0e-04)
1025.422 .... 2567 packets received, 5130 bps, 64.13%, Err 817 (1.0e-04)
1028.086 .... 2571 packets received, 5125 bps, 64.06%, Err 821 (1.0e-04)
1030.495 .... 2580 packets received, 5131 bps, 64.14%, Err 824 (1.0e-04)
1035.022 .... 2587 packets received, 5122 bps, 64.03%, Err 829 (1.0e-04)
1037.939 .... 2589 packets received, 5112 bps, 63.90%, Err 832 (1.0e-04)
1040.617 .... 2601 packets received, 5122 bps, 64.03%, Err 834 (1.0e-04)
1042.749 .... 2612 packets received, 5134 bps, 64.17%, Err 834 (1.0e-04)
1046.740 .... 2616 packets received, 5122 bps, 64.02%, Err 838 (1.0e-04)
1049.131 .... 2629 packets received, 5136 bps, 64.19%, Err 841 (1.0e-04)
1051.266 .... 2635 packets received, 5137 bps, 64.21%, Err 841 (1.0e-04)
1053.396 .... 2641 packets received, 5138 bps, 64.23%, Err 841 (1.0e-04)
1056.308 .... 2647 packets received, 5136 bps, 64.19%, Err 843 (1.0e-04)
1058.453 .... 2657 packets received, 5144 bps, 64.31%, Err 843 (1.0e-04)
1061.383 .... 2660 packets received, 5136 bps, 64.20%, Err 849 (1.0e-04)
1064.044 .... 2663 packets received, 5129 bps, 64.11%, Err 851 (1.0e-04)
1066.706 .... 2668 packets received, 5126 bps, 64.07%, Err 851 (1.0e-04)
1068.830 .... 2679 packets received, 5137 bps, 64.21%, Err 852 (1.0e-04)
1072.306 .... 2687 packets received, 5135 bps, 64.19%, Err 854 (1.0e-04)
1074.966 .... 2693 packets received, 5134 bps, 64.18%, Err 856 (1.0e-04)
1077.630 .... 2704 packets received, 5142 bps, 64.28%, Err 857 (1.0e-04)
1080.543 .... 2709 packets received, 5138 bps, 64.22%, Err 863 (1.0e-04)
1083.738 .... 2713 packets received, 5130 bps, 64.13%, Err 865 (1.0e-04)
1086.675 .... 2723 packets received, 5135 bps, 64.19%, Err 866 (1.0e-04)
1089.862 .... 2729 packets received, 5132 bps, 64.14%, Err 869 (1.0e-04)
1092.827 .... 2739 packets received, 5136 bps, 64.20%, Err 870 (1.0e-04)
1094.921 .... 2744 packets received, 5136 bps, 64.20%, Err 872 (1.0e-04)
1098.398 .... 2748 packets received, 5127 bps, 64.09%, Err 875 (1.0e-04)
1101.062 .... 2759 packets received, 5135 bps, 64.19%, Err 878 (1.0e-04)
1103.174 .... 2766 packets received, 5138 bps, 64.23%, Err 879 (1.0e-04)
1107.163 .... 2770 packets received, 5127 bps, 64.09%, Err 881 (1.0e-04)
1109.285 .... 2783 packets received, 5141 bps, 64.27%, Err 883 (1.0e-04)
1111.405 .... 2791 packets received, 5146 bps, 64.33%, Err 883 (1.0e-04)
1113.807 .... 2795 packets received, 5143 bps, 64.28%, Err 885 (1.0e-04)
1116.988 .... 2805 packets received, 5146 bps, 64.33%, Err 890 (1.0e-04)
1120.190 .... 2812 packets received, 5144 bps, 64.30%, Err 895 (1.0e-04)
1123.092 .... 2815 packets received, 5137 bps, 64.21%, Err 898 (1.0e-04)
1126.839 .... 2819 packets received, 5127 bps, 64.08%, Err 901 (1.0e-04)
1129.242 .... 2833 packets received, 5141 bps, 64.26%, Err 901 (1.0e-04)
1131.363 .... 2839 packets received, 5142 bps, 64.28%, Err 902 (1.0e-04)
1133.473 .... 2845 packets received, 5144 bps, 64.30%, Err 902 (1.0e-04)
1136.408 .... 2848 packets received, 5136 bps, 64.20%, Err 907 (1.0e-04)
1139.086 .... 2851 packets received, 5129 bps, 64.11%, Err 908 (1.0e-04)
1141.212 .... 2860 packets received, 5136 bps, 64.20%, Err 908 (1.0e-04)
1143.364 .... 2868 packets received, 5140 bps, 64.25%, Err 909 (1.0e-04)
1146.011 .... 2871 packets received, 5134 bps, 64.17%, Err 912 (1.0e-04)
1148.680 .... 2877 packets received, 5133 bps, 64.16%, Err 915 (1.0e-04)
1150.819 .... 2885 packets received, 5137 bps, 64.22%, Err 916 (1.0e-04)
1153.739 .... 2889 packets received, 5131 bps, 64.14%, Err 920 (1.0e-04)
1156.141 .... 2898 packets received, 5137 bps, 64.21%, Err 922 (1.0e-04)
1158.272 .... 2908 packets received, 5145 bps, 64.31%, Err 923 (1.0e-04)
1160.642 .... 2913 packets received, 5143 bps, 64.29%, Err 925 (1.0e-04)
1162.777 .... 2923 packets received, 5151 bps, 64.39%, Err 927 (1.0e-04)
1166.231 .... 2929 packets received, 5147 bps, 64.33%, Err 929 (1.0e-04)
1169.182 .... 2937 packets received, 5148 bps, 64.35%, Err 932 (1.0e-04)
1172.354 .... 2949 packets received, 5155 bps, 64.43%, Err 933 (1.0e-04)
1175.815 .... 2953 packets received, 5147 bps, 64.33%, Err 937 (1.0e-04)
1178.740 .... 2963 packets received, 5151 bps, 64.39%, Err 940 (1.0e-04)
1181.940 .... 2964 packets received, 5139 bps, 64.24%, Err 941 (1.0e-04)
1185.137 .... 2977 packets received, 5148 bps, 64.34%, Err 942 (1.0e-04)
1187.529 .... 2984 packets received, 5149 bps, 64.37%, Err 946 (1.0e-04)
1190.187 .... 2986 packets received, 5141 bps, 64.27%, Err 949 (1.0e-04)
1192.608 .... 2995 packets received, 5146 bps, 64.33%, Err 950 (1.0e-04)
1194.746 .... 3001 packets received, 5147 bps, 64.34%, Err 952 (1.0e-04)
1197.402 .... 3005 packets received, 5143 bps, 64.28%, Err 955 (1.0e-04)
1199.528 .... 3007 packets received, 5137 bps, 64.21%, Err 957 (1.0e-04)
1200.026 Quit.
