000.000 =============================================================
000.000                     Station B                               
000.000 -------------------------------------------------------------
000.000 Protocol.lib, version 4.0, jiangyanjun0718@bupt.edu.cn
000.000 Channel: 8000 bps, 270 ms propagation delay, bit error rate 1.0E-04
000.000 Log file "fbB.log", TCP port 30015, debug mask 0x00
000.000 Station B is connecting station A (TCP port 30015) ... Done.
000.434 New epoch: Thu May 16 20:30:25 2019
000.434 =================================================================
000.434 
000.434 Designed by CJSoft, build: May 16 2019  20:29:14
002.849 .... 7 packets received, 6668 bps, 83.35%, Err 2 (1.0e-04)
007.092 .... 12 packets received, 3844 bps, 48.05%, Err 7 (1.3e-04)
010.017 .... 17 packets received, 3736 bps, 46.71%, Err 9 (1.2e-04)
013.217 .... 28 packets received, 4581 bps, 57.26%, Err 10 (9.8e-05)
016.680 .... 32 packets received, 4101 bps, 51.26%, Err 15 (1.2e-04)
019.612 .... 36 packets received, 3898 bps, 48.73%, Err 18 (1.2e-04)
021.753 .... 48 packets received, 4669 bps, 58.36%, Err 18 (1.1e-04)
023.885 .... 52 packets received, 4593 bps, 57.41%, Err 20 (1.1e-04)
026.006 .... 63 packets received, 5098 bps, 63.73%, Err 21 (1.0e-04)
028.649 .... 67 packets received, 4910 bps, 61.37%, Err 23 (1.0e-04)
031.035 .... 76 packets received, 5131 bps, 64.14%, Err 24 (9.8e-05)
035.821 .... 85 packets received, 4956 bps, 61.96%, Err 32 (1.1e-04)
037.957 .... 90 packets received, 4947 bps, 61.84%, Err 35 (1.2e-04)
040.646 .... 94 packets received, 4819 bps, 60.24%, Err 39 (1.2e-04)
043.319 .... 101 packets received, 4853 bps, 60.67%, Err 39 (1.1e-04)
045.702 .... 108 packets received, 4915 bps, 61.44%, Err 40 (1.1e-04)
049.695 .... 114 packets received, 4765 bps, 59.56%, Err 45 (1.1e-04)
052.629 .... 119 packets received, 4693 bps, 58.66%, Err 49 (1.2e-04)
055.569 .... 120 packets received, 4479 bps, 55.99%, Err 49 (1.1e-04)
057.688 .... 137 packets received, 4923 bps, 61.54%, Err 49 (1.1e-04)
060.333 .... 142 packets received, 4877 bps, 60.96%, Err 52 (1.1e-04)
062.456 .... 151 packets received, 5007 bps, 62.59%, Err 52 (1.0e-04)
064.586 .... 155 packets received, 4969 bps, 62.11%, Err 54 (1.1e-04)
067.250 .... 160 packets received, 4924 bps, 61.55%, Err 55 (1.0e-04)
069.356 .... 170 packets received, 5071 bps, 63.39%, Err 57 (1.0e-04)
071.507 .... 174 packets received, 5033 bps, 62.91%, Err 60 (1.1e-04)
074.702 .... 178 packets received, 4926 bps, 61.58%, Err 62 (1.0e-04)
077.362 .... 190 packets received, 5076 bps, 63.45%, Err 62 (1.0e-04)
079.491 .... 196 packets received, 5095 bps, 63.68%, Err 62 (9.8e-05)
082.160 .... 199 packets received, 5003 bps, 62.54%, Err 66 (1.0e-04)
085.076 .... 209 packets received, 5073 bps, 63.41%, Err 68 (1.0e-04)
087.191 .... 218 packets received, 5162 bps, 64.52%, Err 70 (1.0e-04)
089.861 .... 221 packets received, 5076 bps, 63.45%, Err 75 (1.0e-04)
092.785 .... 224 packets received, 4982 bps, 62.27%, Err 78 (1.1e-04)
095.462 .... 228 packets received, 4927 bps, 61.59%, Err 78 (1.0e-04)
097.587 .... 240 packets received, 5073 bps, 63.41%, Err 79 (1.0e-04)
099.724 .... 247 packets received, 5108 bps, 63.85%, Err 81 (1.0e-04)
101.847 .... 254 packets received, 5143 bps, 64.29%, Err 83 (1.0e-04)
104.245 .... 259 packets received, 5123 bps, 64.03%, Err 84 (1.0e-04)
106.627 .... 267 packets received, 5162 bps, 64.53%, Err 85 (1.0e-04)
109.016 .... 274 packets received, 5181 bps, 64.76%, Err 87 (1.0e-04)
111.932 .... 284 packets received, 5229 bps, 65.36%, Err 89 (1.0e-04)
114.608 .... 289 packets received, 5196 bps, 64.95%, Err 92 (1.0e-04)
117.260 .... 293 packets received, 5148 bps, 64.35%, Err 93 (1.0e-04)
119.656 .... 300 packets received, 5165 bps, 64.56%, Err 95 (1.0e-04)
122.840 .... 310 packets received, 5198 bps, 64.97%, Err 96 (9.8e-05)
125.789 .... 320 packets received, 5239 bps, 65.49%, Err 99 (9.9e-05)
128.691 .... 327 packets received, 5232 bps, 65.40%, Err 104 (1.0e-04)
131.354 .... 331 packets received, 5188 bps, 64.85%, Err 105 (1.0e-04)
133.770 .... 338 packets received, 5202 bps, 65.02%, Err 109 (1.0e-04)
136.430 .... 342 packets received, 5160 bps, 64.50%, Err 110 (1.0e-04)
138.554 .... 352 packets received, 5229 bps, 65.37%, Err 115 (1.0e-04)
140.686 .... 358 packets received, 5238 bps, 65.47%, Err 116 (1.0e-04)
144.128 .... 359 packets received, 5126 bps, 64.08%, Err 119 (1.0e-04)
146.829 .... 370 packets received, 5186 bps, 64.82%, Err 122 (1.0e-04)
148.942 .... 374 packets received, 5167 bps, 64.59%, Err 124 (1.0e-04)
151.616 .... 384 packets received, 5211 bps, 65.14%, Err 125 (1.0e-04)
154.812 .... 390 packets received, 5183 bps, 64.78%, Err 128 (1.0e-04)
157.477 .... 399 packets received, 5212 bps, 65.15%, Err 129 (1.0e-04)
162.257 .... 409 packets received, 5185 bps, 64.81%, Err 133 (1.0e-04)
164.370 .... 422 packets received, 5280 bps, 66.01%, Err 133 (1.0e-04)
166.522 .... 428 packets received, 5286 bps, 66.08%, Err 134 (1.0e-04)
169.440 .... 433 packets received, 5255 bps, 65.69%, Err 136 (1.0e-04)
172.623 .... 441 packets received, 5253 bps, 65.67%, Err 138 (1.0e-04)
175.800 .... 453 packets received, 5298 bps, 66.23%, Err 141 (1.0e-04)
178.466 .... 460 packets received, 5300 bps, 66.24%, Err 144 (1.0e-04)
181.680 .... 469 packets received, 5307 bps, 66.34%, Err 147 (1.0e-04)
184.868 .... 472 packets received, 5249 bps, 65.61%, Err 148 (1.0e-04)
187.272 .... 485 packets received, 5324 bps, 66.55%, Err 150 (1.0e-04)
189.665 .... 489 packets received, 5300 bps, 66.25%, Err 152 (1.0e-04)
192.048 .... 490 packets received, 5244 bps, 65.56%, Err 154 (1.0e-04)
194.199 .... 501 packets received, 5303 bps, 66.28%, Err 154 (9.9e-05)
196.581 .... 506 packets received, 5290 bps, 66.13%, Err 156 (9.9e-05)
199.254 .... 512 packets received, 5281 bps, 66.01%, Err 158 (9.9e-05)
201.377 .... 523 packets received, 5337 bps, 66.72%, Err 158 (9.8e-05)
204.570 .... 531 packets received, 5334 bps, 66.68%, Err 159 (9.7e-05)
206.967 .... 539 packets received, 5352 bps, 66.90%, Err 160 (9.7e-05)
209.348 .... 547 packets received, 5369 bps, 67.11%, Err 161 (9.6e-05)
211.758 .... 555 packets received, 5385 bps, 67.32%, Err 165 (9.8e-05)
214.427 .... 558 packets received, 5347 bps, 66.84%, Err 166 (9.7e-05)
217.064 .... 567 packets received, 5367 bps, 67.09%, Err 167 (9.6e-05)
219.203 .... 576 packets received, 5399 bps, 67.48%, Err 168 (9.6e-05)
221.319 .... 584 packets received, 5421 bps, 67.77%, Err 169 (9.6e-05)
223.438 .... 592 packets received, 5443 bps, 68.04%, Err 169 (9.5e-05)
227.154 .... 595 packets received, 5381 bps, 67.26%, Err 174 (9.6e-05)
230.628 .... 599 packets received, 5335 bps, 66.69%, Err 179 (9.7e-05)
233.294 .... 607 packets received, 5345 bps, 66.81%, Err 182 (9.8e-05)
235.703 .... 615 packets received, 5360 bps, 66.99%, Err 186 (9.9e-05)
238.905 .... 621 packets received, 5339 bps, 66.74%, Err 187 (9.8e-05)
244.751 .... 630 packets received, 5287 bps, 66.08%, Err 195 (1.0e-04)
247.432 .... 641 packets received, 5321 bps, 66.51%, Err 199 (1.0e-04)
250.598 .... 649 packets received, 5319 bps, 66.48%, Err 201 (1.0e-04)
253.272 .... 655 packets received, 5311 bps, 66.39%, Err 203 (1.0e-04)
256.733 .... 665 packets received, 5319 bps, 66.49%, Err 205 (1.0e-04)
259.396 .... 676 packets received, 5352 bps, 66.90%, Err 205 (9.9e-05)
262.613 .... 681 packets received, 5325 bps, 66.56%, Err 207 (9.9e-05)
264.713 .... 688 packets received, 5337 bps, 66.71%, Err 208 (9.8e-05)
266.861 .... 699 packets received, 5378 bps, 67.23%, Err 209 (9.8e-05)
268.998 .... 707 packets received, 5397 bps, 67.46%, Err 209 (9.7e-05)
271.142 .... 715 packets received, 5415 bps, 67.68%, Err 211 (9.7e-05)
273.266 .... 722 packets received, 5425 bps, 67.81%, Err 211 (9.7e-05)
275.391 .... 730 packets received, 5443 bps, 68.03%, Err 213 (9.7e-05)
278.052 .... 732 packets received, 5405 bps, 67.56%, Err 215 (9.7e-05)
280.991 .... 742 packets received, 5422 bps, 67.77%, Err 217 (9.7e-05)
283.634 .... 744 packets received, 5385 bps, 67.32%, Err 219 (9.7e-05)
285.759 .... 755 packets received, 5424 bps, 67.80%, Err 219 (9.6e-05)
288.148 .... 759 packets received, 5408 bps, 67.60%, Err 222 (9.6e-05)
290.814 .... 762 packets received, 5379 bps, 67.24%, Err 225 (9.7e-05)
293.474 .... 768 packets received, 5372 bps, 67.15%, Err 232 (9.9e-05)
296.160 .... 771 packets received, 5344 bps, 66.80%, Err 234 (9.9e-05)
300.407 .... 777 packets received, 5309 bps, 66.37%, Err 240 (1.0e-04)
304.659 .... 787 packets received, 5303 bps, 66.28%, Err 244 (1.0e-04)
306.812 .... 800 packets received, 5352 bps, 66.90%, Err 245 (1.0e-04)
308.945 .... 803 packets received, 5335 bps, 66.69%, Err 247 (1.0e-04)
311.853 .... 810 packets received, 5331 bps, 66.64%, Err 251 (1.0e-04)
315.314 .... 813 packets received, 5292 bps, 66.15%, Err 252 (1.0e-04)
319.839 .... 823 packets received, 5281 bps, 66.02%, Err 257 (1.0e-04)
322.759 .... 829 packets received, 5272 bps, 65.90%, Err 259 (1.0e-04)
325.423 .... 836 packets received, 5273 bps, 65.91%, Err 262 (1.0e-04)
328.125 .... 847 packets received, 5298 bps, 66.22%, Err 262 (1.0e-04)
330.238 .... 850 packets received, 5283 bps, 66.03%, Err 264 (1.0e-04)
332.897 .... 857 packets received, 5283 bps, 66.04%, Err 266 (1.0e-04)
333.414 ** WARNING: System too busy, sleep 15 ms, but be awakened 167 ms later
336.393 .... 863 packets received, 5265 bps, 65.81%, Err 268 (1.0e-04)
336.874 ** WARNING: System too busy, sleep 15 ms, but be awakened 154 ms later
338.087 ** WARNING: System too busy, sleep 15 ms, but be awakened 142 ms later
339.540 .... 865 packets received, 5228 bps, 65.35%, Err 270 (1.0e-04)
340.224 ** WARNING: System too busy, sleep 15 ms, but be awakened 80 ms later
341.974 .... 875 packets received, 5251 bps, 65.64%, Err 273 (1.0e-04)
343.132 ** WARNING: System too busy, sleep 15 ms, but be awakened 69 ms later
345.052 ** WARNING: System too busy, sleep 15 ms, but be awakened 151 ms later
345.509 .... 878 packets received, 5215 bps, 65.19%, Err 275 (1.0e-04)
347.050 ** WARNING: System too busy, sleep 15 ms, but be awakened 68 ms later
348.375 .... 888 packets received, 5231 bps, 65.39%, Err 275 (9.9e-05)
349.099 ** WARNING: System too busy, sleep 15 ms, but be awakened 669 ms later
351.431 ** WARNING: System too busy, sleep 15 ms, but be awakened 583 ms later
355.373 .... 894 packets received, 5162 bps, 64.53%, Err 282 (1.0e-04)
357.576 .... 904 packets received, 5188 bps, 64.85%, Err 283 (1.0e-04)
359.685 ** WARNING: System too busy, sleep 15 ms, but be awakened 80 ms later
360.167 .... 910 packets received, 5185 bps, 64.81%, Err 286 (1.0e-04)
363.421 .... 914 packets received, 5161 bps, 64.51%, Err 288 (1.0e-04)
365.421 ** WARNING: System too busy, sleep 15 ms, but be awakened 104 ms later
367.933 .... 923 packets received, 5147 bps, 64.34%, Err 294 (1.0e-04)
370.897 .... 934 packets received, 5167 bps, 64.59%, Err 294 (1.0e-04)
374.879 .... 938 packets received, 5134 bps, 64.17%, Err 298 (1.0e-04)
377.820 .... 949 packets received, 5154 bps, 64.42%, Err 301 (1.0e-04)
379.953 .... 957 packets received, 5168 bps, 64.60%, Err 301 (1.0e-04)
382.081 .... 964 packets received, 5177 bps, 64.71%, Err 302 (1.0e-04)
385.817 .... 968 packets received, 5148 bps, 64.35%, Err 308 (1.0e-04)
388.479 .... 974 packets received, 5144 bps, 64.30%, Err 310 (1.0e-04)
391.390 .... 982 packets received, 5148 bps, 64.35%, Err 313 (1.0e-04)
393.518 .... 992 packets received, 5172 bps, 64.65%, Err 313 (1.0e-04)
395.650 .... 998 packets received, 5175 bps, 64.69%, Err 314 (1.0e-04)
398.584 .... 1003 packets received, 5163 bps, 64.53%, Err 315 (1.0e-04)
402.827 .... 1010 packets received, 5144 bps, 64.30%, Err 319 (1.0e-04)
405.782 .... 1015 packets received, 5132 bps, 64.14%, Err 325 (1.0e-04)
407.897 .... 1026 packets received, 5160 bps, 64.50%, Err 325 (1.0e-04)
410.027 .... 1034 packets received, 5173 bps, 64.67%, Err 326 (1.0e-04)
412.683 .... 1037 packets received, 5155 bps, 64.44%, Err 327 (1.0e-04)
414.831 .... 1048 packets received, 5183 bps, 64.78%, Err 329 (1.0e-04)
417.473 .... 1051 packets received, 5165 bps, 64.56%, Err 333 (1.0e-04)
420.682 .... 1056 packets received, 5149 bps, 64.37%, Err 336 (1.0e-04)
422.817 .... 1059 packets received, 5138 bps, 64.22%, Err 337 (1.0e-04)
427.357 .... 1070 packets received, 5136 bps, 64.20%, Err 345 (1.0e-04)
429.987 .... 1077 packets received, 5138 bps, 64.23%, Err 347 (1.0e-04)
432.108 .... 1086 packets received, 5155 bps, 64.44%, Err 348 (1.0e-04)
434.248 .... 1089 packets received, 5144 bps, 64.30%, Err 350 (1.0e-04)
437.153 .... 1097 packets received, 5148 bps, 64.34%, Err 352 (1.0e-04)
439.848 .... 1103 packets received, 5144 bps, 64.30%, Err 354 (1.0e-04)
443.020 .... 1112 packets received, 5149 bps, 64.36%, Err 359 (1.0e-04)
445.939 .... 1114 packets received, 5124 bps, 64.05%, Err 362 (1.0e-04)
448.615 .... 1119 packets received, 5116 bps, 63.95%, Err 363 (1.0e-04)
451.538 .... 1127 packets received, 5120 bps, 63.99%, Err 364 (1.0e-04)
453.669 .... 1139 packets received, 5150 bps, 64.37%, Err 365 (1.0e-04)
455.806 .... 1145 packets received, 5153 bps, 64.41%, Err 366 (1.0e-04)
457.930 .... 1151 packets received, 5155 bps, 64.44%, Err 366 (1.0e-04)
460.065 .... 1157 packets received, 5158 bps, 64.48%, Err 366 (1.0e-04)
462.719 .... 1162 packets received, 5151 bps, 64.39%, Err 368 (1.0e-04)
464.856 .... 1171 packets received, 5167 bps, 64.59%, Err 368 (1.0e-04)
467.521 .... 1174 packets received, 5150 bps, 64.38%, Err 373 (1.0e-04)
470.756 .... 1180 packets received, 5141 bps, 64.26%, Err 375 (1.0e-04)
473.946 .... 1189 packets received, 5145 bps, 64.32%, Err 378 (1.0e-04)
476.601 .... 1194 packets received, 5138 bps, 64.23%, Err 381 (1.0e-04)
479.292 .... 1200 packets received, 5135 bps, 64.19%, Err 382 (1.0e-04)
481.666 .... 1208 packets received, 5144 bps, 64.30%, Err 385 (1.0e-04)
482.039 ** WARNING: System too busy, sleep 15 ms, but be awakened 66 ms later
484.360 .... 1213 packets received, 5136 bps, 64.20%, Err 387 (1.0e-04)
486.738 .... 1214 packets received, 5115 bps, 63.94%, Err 389 (1.0e-04)
490.999 .... 1224 packets received, 5113 bps, 63.91%, Err 391 (1.0e-04)
493.303 ** WARNING: System too busy, sleep 15 ms, but be awakened 77 ms later
495.139 ** WARNING: System too busy, sleep 15 ms, but be awakened 245 ms later
496.108 .... 1237 packets received, 5114 bps, 63.92%, Err 394 (1.0e-04)
497.014 ** WARNING: System too busy, sleep 15 ms, but be awakened 94 ms later
499.346 .... 1247 packets received, 5122 bps, 64.02%, Err 398 (1.0e-04)
499.792 ** WARNING: System too busy, sleep 15 ms, but be awakened 69 ms later
501.398 ** WARNING: System too busy, sleep 15 ms, but be awakened 68 ms later
501.929 .... 1252 packets received, 5116 bps, 63.95%, Err 399 (1.0e-04)
505.795 ** WARNING: System too busy, sleep 15 ms, but be awakened 197 ms later
506.750 .... 1260 packets received, 5099 bps, 63.74%, Err 403 (1.0e-04)
507.597 ** WARNING: System too busy, sleep 15 ms, but be awakened 72 ms later
510.746 .... 1270 packets received, 5099 bps, 63.74%, Err 405 (1.0e-04)
513.535 ** WARNING: System too busy, sleep 15 ms, but be awakened 72 ms later
513.799 .... 1280 packets received, 5109 bps, 63.86%, Err 408 (1.0e-04)
515.054 ** WARNING: System too busy, sleep 15 ms, but be awakened 74 ms later
515.989 .... 1288 packets received, 5119 bps, 63.99%, Err 408 (1.0e-04)
517.206 ** WARNING: System too busy, sleep 15 ms, but be awakened 73 ms later
519.252 .... 1295 packets received, 5115 bps, 63.93%, Err 411 (1.0e-04)
521.218 ** WARNING: System too busy, sleep 15 ms, but be awakened 71 ms later
522.500 .... 1306 packets received, 5126 bps, 64.07%, Err 414 (1.0e-04)
523.949 ** WARNING: System too busy, sleep 15 ms, but be awakened 90 ms later
525.961 .... 1311 packets received, 5112 bps, 63.89%, Err 421 (1.0e-04)
527.622 ** WARNING: System too busy, sleep 15 ms, but be awakened 92 ms later
529.131 .... 1316 packets received, 5100 bps, 63.75%, Err 423 (1.0e-04)
532.091 .... 1322 packets received, 5095 bps, 63.69%, Err 423 (1.0e-04)
534.226 .... 1327 packets received, 5094 bps, 63.67%, Err 425 (1.0e-04)
536.387 .... 1336 packets received, 5108 bps, 63.85%, Err 425 (1.0e-04)
538.519 .... 1344 packets received, 5118 bps, 63.97%, Err 425 (9.9e-05)
540.660 .... 1352 packets received, 5128 bps, 64.10%, Err 425 (9.9e-05)
544.074 ** WARNING: System too busy, sleep 15 ms, but be awakened 68 ms later
545.421 .... 1358 packets received, 5106 bps, 63.82%, Err 428 (9.9e-05)
547.555 .... 1370 packets received, 5131 bps, 64.13%, Err 433 (1.0e-04)
548.120 ** WARNING: System too busy, sleep 15 ms, but be awakened 80 ms later
549.747 .... 1377 packets received, 5136 bps, 64.20%, Err 434 (9.9e-05)
552.898 .... 1378 packets received, 5111 bps, 63.88%, Err 438 (1.0e-04)
555.873 .... 1389 packets received, 5124 bps, 64.05%, Err 441 (1.0e-04)
557.218 ** WARNING: System too busy, sleep 15 ms, but be awakened 66 ms later
558.853 .... 1392 packets received, 5108 bps, 63.84%, Err 445 (1.0e-04)
561.784 .... 1399 packets received, 5106 bps, 63.83%, Err 448 (1.0e-04)
563.895 .... 1405 packets received, 5109 bps, 63.86%, Err 449 (1.0e-04)
569.466 .... 1412 packets received, 5084 bps, 63.55%, Err 455 (1.0e-04)
572.404 .... 1420 packets received, 5087 bps, 63.59%, Err 457 (1.0e-04)
575.069 .... 1423 packets received, 5074 bps, 63.42%, Err 458 (1.0e-04)
577.211 .... 1433 packets received, 5091 bps, 63.63%, Err 459 (1.0e-04)
579.344 .... 1439 packets received, 5093 bps, 63.66%, Err 460 (1.0e-04)
581.464 .... 1445 packets received, 5096 bps, 63.70%, Err 460 (1.0e-04)
583.584 .... 1451 packets received, 5098 bps, 63.73%, Err 464 (1.0e-04)
585.734 .... 1457 packets received, 5100 bps, 63.76%, Err 466 (1.0e-04)
589.180 .... 1459 packets received, 5078 bps, 63.47%, Err 469 (1.0e-04)
591.867 .... 1469 packets received, 5089 bps, 63.61%, Err 474 (1.0e-04)
593.997 .... 1472 packets received, 5081 bps, 63.51%, Err 475 (1.0e-04)
596.398 .... 1479 packets received, 5085 bps, 63.56%, Err 476 (1.0e-04)
601.195 .... 1489 packets received, 5078 bps, 63.48%, Err 482 (1.0e-04)
604.644 .... 1493 packets received, 5063 bps, 63.29%, Err 486 (1.0e-04)
607.579 .... 1506 packets received, 5082 bps, 63.53%, Err 488 (1.0e-04)
609.710 .... 1515 packets received, 5095 bps, 63.68%, Err 490 (1.0e-04)
611.848 .... 1523 packets received, 5104 bps, 63.80%, Err 490 (1.0e-04)
613.972 .... 1530 packets received, 5109 bps, 63.87%, Err 492 (1.0e-04)
616.080 .... 1537 packets received, 5115 bps, 63.94%, Err 493 (1.0e-04)
617.364 ** WARNING: System too busy, sleep 15 ms, but be awakened 89 ms later
618.227 .... 1545 packets received, 5124 bps, 64.05%, Err 493 (1.0e-04)
620.334 .... 1553 packets received, 5133 bps, 64.16%, Err 494 (1.0e-04)
623.015 .... 1555 packets received, 5117 bps, 63.97%, Err 499 (1.0e-04)
625.680 .... 1565 packets received, 5128 bps, 64.10%, Err 499 (1.0e-04)
627.789 .... 1571 packets received, 5131 bps, 64.13%, Err 499 (1.0e-04)
630.975 .... 1575 packets received, 5118 bps, 63.97%, Err 501 (1.0e-04)
633.100 .... 1587 packets received, 5139 bps, 64.24%, Err 501 (1.0e-04)
636.805 .... 1589 packets received, 5116 bps, 63.95%, Err 506 (1.0e-04)
639.480 .... 1600 packets received, 5130 bps, 64.12%, Err 508 (1.0e-04)
643.479 .... 1602 packets received, 5104 bps, 63.80%, Err 513 (1.0e-04)
646.408 .... 1605 packets received, 5091 bps, 63.63%, Err 514 (1.0e-04)
648.557 .... 1618 packets received, 5115 bps, 63.93%, Err 514 (1.0e-04)
652.789 .... 1622 packets received, 5094 bps, 63.68%, Err 520 (1.0e-04)
655.743 .... 1629 packets received, 5093 bps, 63.66%, Err 522 (1.0e-04)
658.663 .... 1638 packets received, 5098 bps, 63.73%, Err 526 (1.0e-04)
661.862 .... 1645 packets received, 5096 bps, 63.69%, Err 528 (1.0e-04)
663.976 .... 1656 packets received, 5113 bps, 63.92%, Err 528 (1.0e-04)
666.108 .... 1662 packets received, 5115 bps, 63.94%, Err 530 (1.0e-04)
669.318 .... 1663 packets received, 5094 bps, 63.67%, Err 531 (1.0e-04)
671.692 .... 1676 packets received, 5115 bps, 63.94%, Err 532 (1.0e-04)
674.902 .... 1681 packets received, 5106 bps, 63.83%, Err 539 (1.0e-04)
677.579 .... 1683 packets received, 5092 bps, 63.65%, Err 540 (1.0e-04)
680.505 .... 1693 packets received, 5100 bps, 63.75%, Err 542 (1.0e-04)
683.455 .... 1696 packets received, 5087 bps, 63.59%, Err 544 (1.0e-04)
685.562 .... 1709 packets received, 5111 bps, 63.88%, Err 544 (1.0e-04)
688.215 .... 1711 packets received, 5097 bps, 63.71%, Err 550 (1.0e-04)
690.887 .... 1713 packets received, 5083 bps, 63.54%, Err 553 (1.0e-04)
693.550 .... 1719 packets received, 5081 bps, 63.51%, Err 554 (1.0e-04)
696.196 .... 1728 packets received, 5088 bps, 63.60%, Err 558 (1.0e-04)
698.351 .... 1737 packets received, 5099 bps, 63.74%, Err 558 (1.0e-04)
700.472 .... 1745 packets received, 5107 bps, 63.84%, Err 559 (1.0e-04)
704.452 .... 1749 packets received, 5090 bps, 63.62%, Err 564 (1.0e-04)
707.394 .... 1759 packets received, 5098 bps, 63.72%, Err 566 (1.0e-04)
711.627 .... 1767 packets received, 5090 bps, 63.63%, Err 571 (1.0e-04)
714.576 .... 1778 packets received, 5101 bps, 63.76%, Err 573 (1.0e-04)
716.701 .... 1784 packets received, 5103 bps, 63.79%, Err 574 (1.0e-04)
718.808 .... 1790 packets received, 5105 bps, 63.81%, Err 574 (1.0e-04)
720.953 .... 1796 packets received, 5107 bps, 63.84%, Err 575 (1.0e-04)
723.077 .... 1803 packets received, 5112 bps, 63.90%, Err 577 (1.0e-04)
725.196 .... 1811 packets received, 5119 bps, 63.99%, Err 577 (1.0e-04)
727.330 .... 1819 packets received, 5127 bps, 64.09%, Err 578 (1.0e-04)
729.487 .... 1826 packets received, 5131 bps, 64.14%, Err 579 (1.0e-04)
732.132 .... 1832 packets received, 5130 bps, 64.12%, Err 582 (1.0e-04)
734.545 .... 1834 packets received, 5118 bps, 63.98%, Err 583 (1.0e-04)
736.677 .... 1846 packets received, 5137 bps, 64.21%, Err 585 (1.0e-04)
738.781 .... 1852 packets received, 5139 bps, 64.24%, Err 585 (1.0e-04)
740.915 .... 1858 packets received, 5141 bps, 64.26%, Err 585 (9.9e-05)
743.059 .... 1864 packets received, 5142 bps, 64.28%, Err 586 (9.9e-05)
745.161 .... 1870 packets received, 5144 bps, 64.30%, Err 588 (9.9e-05)
748.379 .... 1871 packets received, 5125 bps, 64.06%, Err 593 (1.0e-04)
751.297 .... 1874 packets received, 5113 bps, 63.91%, Err 596 (1.0e-04)
754.245 .... 1877 packets received, 5101 bps, 63.77%, Err 601 (1.0e-04)
757.173 .... 1882 packets received, 5095 bps, 63.69%, Err 604 (1.0e-04)
760.635 .... 1886 packets received, 5083 bps, 63.53%, Err 607 (1.0e-04)
764.103 .... 1896 packets received, 5086 bps, 63.58%, Err 610 (1.0e-04)
767.037 .... 1899 packets received, 5075 bps, 63.44%, Err 611 (1.0e-04)
769.974 .... 1905 packets received, 5072 bps, 63.39%, Err 611 (1.0e-04)
773.200 .... 1919 packets received, 5088 bps, 63.59%, Err 613 (1.0e-04)
776.404 .... 1929 packets received, 5093 bps, 63.66%, Err 614 (9.9e-05)
779.587 .... 1938 packets received, 5096 bps, 63.70%, Err 615 (9.9e-05)
781.724 .... 1945 packets received, 5100 bps, 63.75%, Err 619 (9.9e-05)
784.117 .... 1946 packets received, 5087 bps, 63.59%, Err 623 (1.0e-04)
787.052 .... 1947 packets received, 5071 bps, 63.39%, Err 626 (1.0e-04)
789.712 .... 1953 packets received, 5069 bps, 63.37%, Err 627 (1.0e-04)
791.843 .... 1967 packets received, 5092 bps, 63.65%, Err 628 (1.0e-04)
796.089 .... 1972 packets received, 5078 bps, 63.47%, Err 631 (1.0e-04)
798.472 .... 1983 packets received, 5091 bps, 63.63%, Err 636 (1.0e-04)
801.950 .... 1985 packets received, 5074 bps, 63.42%, Err 640 (1.0e-04)
804.098 .... 1994 packets received, 5083 bps, 63.54%, Err 641 (1.0e-04)
806.753 .... 1999 packets received, 5079 bps, 63.49%, Err 642 (1.0e-04)
809.151 .... 2006 packets received, 5082 bps, 63.52%, Err 645 (1.0e-04)
813.687 .... 2015 packets received, 5076 bps, 63.45%, Err 648 (1.0e-04)
816.603 .... 2026 packets received, 5085 bps, 63.57%, Err 649 (1.0e-04)
818.741 .... 2030 packets received, 5082 bps, 63.53%, Err 652 (1.0e-04)
821.149 .... 2032 packets received, 5072 bps, 63.40%, Err 655 (1.0e-04)
824.322 .... 2044 packets received, 5083 bps, 63.53%, Err 656 (1.0e-04)
826.423 .... 2055 packets received, 5097 bps, 63.71%, Err 658 (1.0e-04)
829.092 .... 2058 packets received, 5088 bps, 63.60%, Err 660 (1.0e-04)
831.750 .... 2065 packets received, 5089 bps, 63.61%, Err 662 (1.0e-04)
834.675 .... 2071 packets received, 5086 bps, 63.57%, Err 665 (1.0e-04)
837.873 .... 2077 packets received, 5081 bps, 63.51%, Err 669 (1.0e-04)
840.529 .... 2080 packets received, 5072 bps, 63.40%, Err 671 (1.0e-04)
843.208 .... 2087 packets received, 5073 bps, 63.41%, Err 673 (1.0e-04)
845.862 .... 2093 packets received, 5072 bps, 63.40%, Err 673 (1.0e-04)
847.987 .... 2104 packets received, 5086 bps, 63.57%, Err 675 (1.0e-04)
850.921 .... 2111 packets received, 5085 bps, 63.56%, Err 677 (1.0e-04)
854.638 .... 2117 packets received, 5077 bps, 63.46%, Err 684 (1.0e-04)
857.554 .... 2123 packets received, 5074 bps, 63.43%, Err 686 (1.0e-04)
860.516 .... 2127 packets received, 5066 bps, 63.33%, Err 689 (1.0e-04)
862.632 .... 2137 packets received, 5078 bps, 63.47%, Err 689 (1.0e-04)
864.768 .... 2143 packets received, 5079 bps, 63.49%, Err 689 (1.0e-04)
867.695 .... 2148 packets received, 5074 bps, 63.42%, Err 693 (1.0e-04)
870.350 .... 2153 packets received, 5070 bps, 63.38%, Err 696 (1.0e-04)
873.277 .... 2161 packets received, 5072 bps, 63.40%, Err 699 (1.0e-04)
875.419 .... 2170 packets received, 5081 bps, 63.51%, Err 700 (1.0e-04)
878.077 .... 2176 packets received, 5079 bps, 63.49%, Err 701 (1.0e-04)
880.990 .... 2183 packets received, 5079 bps, 63.48%, Err 704 (1.0e-04)
883.669 .... 2190 packets received, 5080 bps, 63.49%, Err 706 (1.0e-04)
886.591 .... 2197 packets received, 5079 bps, 63.49%, Err 708 (1.0e-04)
888.723 .... 2206 packets received, 5088 bps, 63.59%, Err 709 (1.0e-04)
891.919 .... 2209 packets received, 5076 bps, 63.45%, Err 714 (1.0e-04)
894.836 .... 2213 packets received, 5069 bps, 63.36%, Err 714 (1.0e-04)
896.979 .... 2222 packets received, 5077 bps, 63.47%, Err 714 (1.0e-04)
899.373 .... 2227 packets received, 5075 bps, 63.44%, Err 717 (1.0e-04)
901.739 .... 2230 packets received, 5069 bps, 63.36%, Err 718 (1.0e-04)
906.282 .... 2237 packets received, 5059 bps, 63.24%, Err 725 (1.0e-04)
909.469 .... 2244 packets received, 5057 bps, 63.21%, Err 726 (1.0e-04)
911.609 .... 2254 packets received, 5068 bps, 63.35%, Err 727 (1.0e-04)
914.813 .... 2260 packets received, 5063 bps, 63.29%, Err 729 (1.0e-04)
916.934 .... 2270 packets received, 5074 bps, 63.42%, Err 730 (1.0e-04)
919.593 .... 2274 packets received, 5068 bps, 63.35%, Err 733 (1.0e-04)
921.711 .... 2286 packets received, 5083 bps, 63.54%, Err 735 (1.0e-04)
924.385 .... 2288 packets received, 5073 bps, 63.41%, Err 737 (1.0e-04)
929.689 .... 2298 packets received, 5066 bps, 63.33%, Err 740 (1.0e-04)
932.904 .... 2309 packets received, 5073 bps, 63.41%, Err 741 (1.0e-04)
936.615 .... 2312 packets received, 5059 bps, 63.24%, Err 748 (1.0e-04)
939.554 .... 2317 packets received, 5054 bps, 63.18%, Err 749 (1.0e-04)
943.037 .... 2318 packets received, 5038 bps, 62.97%, Err 753 (1.0e-04)
945.992 .... 2327 packets received, 5042 bps, 63.02%, Err 756 (1.0e-04)
948.107 .... 2339 packets received, 5056 bps, 63.20%, Err 756 (1.0e-04)
951.313 .... 2342 packets received, 5046 bps, 63.07%, Err 761 (1.0e-04)
953.709 .... 2354 packets received, 5059 bps, 63.23%, Err 761 (1.0e-04)
956.638 .... 2357 packets received, 5050 bps, 63.12%, Err 764 (1.0e-04)
959.308 .... 2368 packets received, 5059 bps, 63.24%, Err 764 (1.0e-04)
961.436 .... 2374 packets received, 5061 bps, 63.26%, Err 765 (1.0e-04)
963.564 .... 2380 packets received, 5062 bps, 63.28%, Err 766 (1.0e-04)
965.688 .... 2386 packets received, 5064 bps, 63.30%, Err 766 (1.0e-04)
968.892 .... 2392 packets received, 5060 bps, 63.25%, Err 772 (1.0e-04)
971.815 .... 2394 packets received, 5049 bps, 63.11%, Err 775 (1.0e-04)
974.481 .... 2405 packets received, 5058 bps, 63.23%, Err 778 (1.0e-04)
977.114 .... 2412 packets received, 5059 bps, 63.24%, Err 780 (1.0e-04)
979.775 .... 2417 packets received, 5056 bps, 63.20%, Err 784 (1.0e-04)
982.476 .... 2423 packets received, 5054 bps, 63.18%, Err 787 (1.0e-04)
985.903 .... 2424 packets received, 5039 bps, 62.99%, Err 789 (1.0e-04)
988.058 .... 2437 packets received, 5055 bps, 63.19%, Err 789 (1.0e-04)
990.987 .... 2444 packets received, 5054 bps, 63.18%, Err 791 (1.0e-04)
993.106 .... 2454 packets received, 5064 bps, 63.30%, Err 792 (1.0e-04)
995.249 .... 2458 packets received, 5062 bps, 63.27%, Err 793 (1.0e-04)
998.436 .... 2467 packets received, 5064 bps, 63.30%, Err 797 (1.0e-04)
1001.096 .... 2475 packets received, 5067 bps, 63.33%, Err 800 (1.0e-04)
1004.006 .... 2485 packets received, 5073 bps, 63.41%, Err 801 (1.0e-04)
1006.128 .... 2490 packets received, 5072 bps, 63.40%, Err 802 (1.0e-04)
1008.782 .... 2499 packets received, 5077 bps, 63.46%, Err 805 (1.0e-04)
1011.187 .... 2502 packets received, 5071 bps, 63.39%, Err 806 (1.0e-04)
1013.333 .... 2514 packets received, 5084 bps, 63.56%, Err 806 (1.0e-04)
1016.509 .... 2518 packets received, 5077 bps, 63.46%, Err 810 (1.0e-04)
1021.837 .... 2526 packets received, 5066 bps, 63.33%, Err 816 (1.0e-04)
1024.783 .... 2537 packets received, 5074 bps, 63.42%, Err 819 (1.0e-04)
1026.894 .... 2545 packets received, 5079 bps, 63.49%, Err 819 (1.0e-04)
1029.013 .... 2552 packets received, 5083 bps, 63.53%, Err 820 (1.0e-04)
1031.959 .... 2559 packets received, 5082 bps, 63.52%, Err 824 (1.0e-04)
1034.079 .... 2569 packets received, 5091 bps, 63.64%, Err 825 (1.0e-04)
1036.731 .... 2571 packets received, 5082 bps, 63.53%, Err 826 (1.0e-04)
1038.883 .... 2582 packets received, 5093 bps, 63.67%, Err 827 (1.0e-04)
1041.801 .... 2587 packets received, 5089 bps, 63.61%, Err 831 (1.0e-04)
1044.446 .... 2597 packets received, 5096 bps, 63.70%, Err 833 (1.0e-04)
1046.582 .... 2603 packets received, 5097 bps, 63.71%, Err 834 (1.0e-04)
1049.526 .... 2606 packets received, 5089 bps, 63.61%, Err 836 (1.0e-04)
1051.658 .... 2617 packets received, 5100 bps, 63.75%, Err 839 (1.0e-04)
1054.589 .... 2622 packets received, 5095 bps, 63.69%, Err 841 (1.0e-04)
1057.251 .... 2632 packets received, 5102 bps, 63.77%, Err 841 (1.0e-04)
1059.352 .... 2638 packets received, 5103 bps, 63.79%, Err 843 (1.0e-04)
1061.508 .... 2641 packets received, 5099 bps, 63.73%, Err 846 (1.0e-04)
1063.895 .... 2642 packets received, 5089 bps, 63.61%, Err 850 (1.0e-04)
1069.240 .... 2646 packets received, 5071 bps, 63.39%, Err 857 (1.0e-04)
1072.164 .... 2654 packets received, 5073 bps, 63.41%, Err 860 (1.0e-04)
1074.824 .... 2659 packets received, 5070 bps, 63.37%, Err 864 (1.0e-04)
1077.757 .... 2663 packets received, 5064 bps, 63.30%, Err 866 (1.0e-04)
1080.432 .... 2667 packets received, 5059 bps, 63.23%, Err 866 (1.0e-04)
1083.104 .... 2678 packets received, 5067 bps, 63.34%, Err 869 (1.0e-04)
1086.276 .... 2686 packets received, 5067 bps, 63.34%, Err 873 (1.0e-04)
1089.498 .... 2690 packets received, 5060 bps, 63.25%, Err 876 (1.0e-04)
1091.595 .... 2701 packets received, 5071 bps, 63.38%, Err 877 (1.0e-04)
1093.993 .... 2705 packets received, 5067 bps, 63.34%, Err 878 (1.0e-04)
1096.141 .... 2711 packets received, 5068 bps, 63.35%, Err 879 (1.0e-04)
1098.773 .... 2720 packets received, 5073 bps, 63.41%, Err 880 (1.0e-04)
1100.919 .... 2726 packets received, 5074 bps, 63.43%, Err 881 (1.0e-04)
1103.033 .... 2738 packets received, 5087 bps, 63.59%, Err 881 (1.0e-04)
1105.177 .... 2742 packets received, 5084 bps, 63.56%, Err 882 (1.0e-04)
1107.290 .... 2753 packets received, 5095 bps, 63.69%, Err 882 (1.0e-04)
1110.491 .... 2754 packets received, 5082 bps, 63.53%, Err 887 (1.0e-04)
1113.419 .... 2759 packets received, 5078 bps, 63.48%, Err 890 (1.0e-04)
1116.053 .... 2764 packets received, 5075 bps, 63.44%, Err 891 (1.0e-04)
1118.734 .... 2772 packets received, 5078 bps, 63.47%, Err 894 (1.0e-04)
1120.841 .... 2780 packets received, 5083 bps, 63.53%, Err 894 (1.0e-04)
1124.846 .... 2785 packets received, 5074 bps, 63.42%, Err 900 (1.0e-04)
1127.768 .... 2790 packets received, 5070 bps, 63.37%, Err 902 (1.0e-04)
1129.903 .... 2800 packets received, 5078 bps, 63.48%, Err 902 (1.0e-04)
1133.111 .... 2808 packets received, 5078 bps, 63.48%, Err 904 (1.0e-04)
1136.843 .... 2814 packets received, 5072 bps, 63.41%, Err 908 (1.0e-04)
1139.506 .... 2824 packets received, 5079 bps, 63.48%, Err 910 (1.0e-04)
1141.624 .... 2830 packets received, 5080 bps, 63.50%, Err 910 (1.0e-04)
1143.743 .... 2836 packets received, 5081 bps, 63.52%, Err 911 (1.0e-04)
1146.957 .... 2842 packets received, 5078 bps, 63.47%, Err 916 (1.0e-04)
1149.611 .... 2848 packets received, 5077 bps, 63.46%, Err 917 (1.0e-04)
1152.284 .... 2857 packets received, 5081 bps, 63.51%, Err 921 (1.0e-04)
1154.407 .... 2863 packets received, 5082 bps, 63.53%, Err 922 (1.0e-04)
1157.086 .... 2872 packets received, 5086 bps, 63.58%, Err 924 (1.0e-04)
1159.202 .... 2882 packets received, 5095 bps, 63.68%, Err 924 (1.0e-04)
1162.648 .... 2885 packets received, 5085 bps, 63.56%, Err 932 (1.0e-04)
1165.583 .... 2890 packets received, 5081 bps, 63.51%, Err 932 (1.0e-04)
1167.706 .... 2900 packets received, 5089 bps, 63.62%, Err 932 (1.0e-04)
1169.840 .... 2903 packets received, 5085 bps, 63.57%, Err 933 (1.0e-04)
1171.990 .... 2913 packets received, 5093 bps, 63.67%, Err 934 (1.0e-04)
1174.117 .... 2917 packets received, 5091 bps, 63.64%, Err 935 (1.0e-04)
1178.084 .... 2924 packets received, 5086 bps, 63.58%, Err 941 (1.0e-04)
1180.211 .... 2937 packets received, 5100 bps, 63.74%, Err 941 (1.0e-04)
1182.334 .... 2943 packets received, 5101 bps, 63.76%, Err 942 (1.0e-04)
1184.471 .... 2948 packets received, 5100 bps, 63.75%, Err 944 (1.0e-04)
1189.514 .... 2956 packets received, 5092 bps, 63.65%, Err 949 (1.0e-04)
1192.449 .... 2964 packets received, 5094 bps, 63.67%, Err 951 (1.0e-04)
1195.124 .... 2968 packets received, 5089 bps, 63.61%, Err 953 (1.0e-04)
1197.277 .... 2979 packets received, 5099 bps, 63.73%, Err 955 (1.0e-04)
1199.907 .... 2983 packets received, 5094 bps, 63.68%, Err 958 (1.0e-04)
1200.016 Quit.
