000.000 =============================================================
000.000                     Station A                               
000.000 -------------------------------------------------------------
000.000 Protocol.lib, version 4.0, jiangyanjun0718@bupt.edu.cn
000.000 Channel: 8000 bps, 270 ms propagation delay, bit error rate 0
000.000 Log file "uA.log", TCP port 30012, debug mask 0x00
000.000 Station A is waiting for station B on TCP port 30012 ... Done.
000.375 New epoch: Wed Apr 17 12:16:29 2019
000.375 =================================================================
000.375 
000.375 Designed by CJSoft, build: Apr 17 2019  12:03:53
003.441 .... 8 packets received, 7674 bps, 95.93%, Err 0 (0.0e+00)
005.562 .... 16 packets received, 7699 bps, 96.24%, Err 0 (0.0e+00)
007.671 .... 24 packets received, 7722 bps, 96.53%, Err 0 (0.0e+00)
009.792 .... 32 packets received, 7723 bps, 96.54%, Err 0 (0.0e+00)
011.924 .... 40 packets received, 7715 bps, 96.44%, Err 0 (0.0e+00)
014.034 .... 48 packets received, 7723 bps, 96.54%, Err 0 (0.0e+00)
016.156 .... 56 packets received, 7723 bps, 96.54%, Err 0 (0.0e+00)
018.268 .... 64 packets received, 7727 bps, 96.59%, Err 0 (0.0e+00)
020.398 .... 72 packets received, 7723 bps, 96.54%, Err 0 (0.0e+00)
022.509 .... 80 packets received, 7727 bps, 96.59%, Err 0 (0.0e+00)
024.629 .... 88 packets received, 7727 bps, 96.59%, Err 0 (0.0e+00)
026.763 .... 96 packets received, 7723 bps, 96.54%, Err 0 (0.0e+00)
028.873 .... 104 packets received, 7726 bps, 96.58%, Err 0 (0.0e+00)
031.005 .... 112 packets received, 7723 bps, 96.54%, Err 0 (0.0e+00)
033.113 .... 120 packets received, 7727 bps, 96.58%, Err 0 (0.0e+00)
035.251 .... 128 packets received, 7723 bps, 96.53%, Err 0 (0.0e+00)
037.353 .... 136 packets received, 7727 bps, 96.59%, Err 0 (0.0e+00)
039.489 .... 144 packets received, 7724 bps, 96.55%, Err 0 (0.0e+00)
040.224 ** WARNING: System too busy, sleep 15 ms, but be awakened 169 ms later
041.878 .... 151 packets received, 7622 bps, 95.28%, Err 0 (0.0e+00)
044.087 .... 161 packets received, 7707 bps, 96.34%, Err 0 (0.0e+00)
046.167 .... 169 packets received, 7715 bps, 96.44%, Err 0 (0.0e+00)
048.298 .... 177 packets received, 7714 bps, 96.42%, Err 0 (0.0e+00)
050.431 .... 185 packets received, 7713 bps, 96.41%, Err 0 (0.0e+00)
052.544 .... 193 packets received, 7714 bps, 96.43%, Err 0 (0.0e+00)
054.654 .... 201 packets received, 7716 bps, 96.45%, Err 0 (0.0e+00)
056.783 .... 209 packets received, 7715 bps, 96.44%, Err 0 (0.0e+00)
058.899 .... 217 packets received, 7716 bps, 96.46%, Err 0 (0.0e+00)
061.030 .... 225 packets received, 7715 bps, 96.44%, Err 0 (0.0e+00)
063.132 .... 233 packets received, 7718 bps, 96.48%, Err 0 (0.0e+00)
065.263 .... 241 packets received, 7717 bps, 96.46%, Err 0 (0.0e+00)
067.384 .... 249 packets received, 7717 bps, 96.47%, Err 0 (0.0e+00)
069.503 .... 257 packets received, 7718 bps, 96.47%, Err 0 (0.0e+00)
071.634 .... 265 packets received, 7717 bps, 96.46%, Err 0 (0.0e+00)
073.737 .... 273 packets received, 7719 bps, 96.49%, Err 0 (0.0e+00)
075.871 .... 281 packets received, 7718 bps, 96.47%, Err 0 (0.0e+00)
077.991 .... 289 packets received, 7718 bps, 96.48%, Err 0 (0.0e+00)
080.107 .... 297 packets received, 7719 bps, 96.49%, Err 0 (0.0e+00)
082.220 .... 305 packets received, 7720 bps, 96.50%, Err 0 (0.0e+00)
084.328 .... 313 packets received, 7721 bps, 96.51%, Err 0 (0.0e+00)
086.467 .... 321 packets received, 7720 bps, 96.49%, Err 0 (0.0e+00)
088.583 .... 329 packets received, 7720 bps, 96.50%, Err 0 (0.0e+00)
090.694 .... 337 packets received, 7721 bps, 96.51%, Err 0 (0.0e+00)
092.827 .... 345 packets received, 7720 bps, 96.50%, Err 0 (0.0e+00)
094.942 .... 353 packets received, 7721 bps, 96.51%, Err 0 (0.0e+00)
097.057 .... 361 packets received, 7721 bps, 96.52%, Err 0 (0.0e+00)
099.190 .... 369 packets received, 7720 bps, 96.51%, Err 0 (0.0e+00)
104.575 .... 375 packets received, 7437 bps, 92.96%, Err 0 (0.0e+00)
108.716 .... 376 packets received, 7169 bps, 89.62%, Err 0 (0.0e+00)
112.767 .... 377 packets received, 6927 bps, 86.59%, Err 0 (0.0e+00)
116.820 .... 378 packets received, 6702 bps, 83.77%, Err 0 (0.0e+00)
120.926 .... 379 packets received, 6489 bps, 81.11%, Err 0 (0.0e+00)
124.973 .... 380 packets received, 6293 bps, 78.66%, Err 0 (0.0e+00)
129.165 .... 381 packets received, 6103 bps, 76.28%, Err 0 (0.0e+00)
133.209 .... 382 packets received, 5931 bps, 74.14%, Err 0 (0.0e+00)
137.400 .... 383 packets received, 5764 bps, 72.04%, Err 0 (0.0e+00)
141.490 .... 384 packets received, 5610 bps, 70.12%, Err 0 (0.0e+00)
145.541 .... 385 packets received, 5467 bps, 68.33%, Err 0 (0.0e+00)
149.587 .... 386 packets received, 5331 bps, 66.64%, Err 0 (0.0e+00)
153.719 .... 387 packets received, 5200 bps, 65.00%, Err 0 (0.0e+00)
157.907 .... 388 packets received, 5074 bps, 63.43%, Err 0 (0.0e+00)
162.099 .... 389 packets received, 4955 bps, 61.93%, Err 0 (0.0e+00)
166.175 .... 390 packets received, 4845 bps, 60.56%, Err 0 (0.0e+00)
170.195 .... 391 packets received, 4741 bps, 59.27%, Err 0 (0.0e+00)
174.277 .... 392 packets received, 4641 bps, 58.02%, Err 0 (0.0e+00)
178.507 .... 393 packets received, 4542 bps, 56.78%, Err 0 (0.0e+00)
182.651 .... 394 packets received, 4450 bps, 55.62%, Err 0 (0.0e+00)
186.754 .... 395 packets received, 4362 bps, 54.53%, Err 0 (0.0e+00)
190.837 .... 396 packets received, 4279 bps, 53.49%, Err 0 (0.0e+00)
194.907 .... 397 packets received, 4200 bps, 52.50%, Err 0 (0.0e+00)
198.955 .... 398 packets received, 4124 bps, 51.55%, Err 0 (0.0e+00)
201.070 .... 401 packets received, 4111 bps, 51.39%, Err 0 (0.0e+00)
203.189 .... 409 packets received, 4149 bps, 51.86%, Err 0 (0.0e+00)
205.308 .... 417 packets received, 4186 bps, 52.33%, Err 0 (0.0e+00)
207.426 .... 425 packets received, 4223 bps, 52.78%, Err 0 (0.0e+00)
209.544 .... 433 packets received, 4259 bps, 53.23%, Err 0 (0.0e+00)
211.678 .... 441 packets received, 4293 bps, 53.66%, Err 0 (0.0e+00)
213.799 .... 449 packets received, 4327 bps, 54.09%, Err 0 (0.0e+00)
215.906 .... 457 packets received, 4361 bps, 54.52%, Err 0 (0.0e+00)
218.037 .... 465 packets received, 4394 bps, 54.93%, Err 0 (0.0e+00)
220.153 .... 473 packets received, 4426 bps, 55.33%, Err 0 (0.0e+00)
222.269 .... 481 packets received, 4458 bps, 55.73%, Err 0 (0.0e+00)
224.390 .... 489 packets received, 4489 bps, 56.12%, Err 0 (0.0e+00)
226.503 .... 497 packets received, 4520 bps, 56.50%, Err 0 (0.0e+00)
228.635 .... 505 packets received, 4550 bps, 56.87%, Err 0 (0.0e+00)
230.757 .... 513 packets received, 4579 bps, 57.24%, Err 0 (0.0e+00)
232.879 .... 521 packets received, 4608 bps, 57.60%, Err 0 (0.0e+00)
234.996 .... 529 packets received, 4636 bps, 57.95%, Err 0 (0.0e+00)
237.114 .... 537 packets received, 4664 bps, 58.30%, Err 0 (0.0e+00)
239.242 .... 545 packets received, 4691 bps, 58.64%, Err 0 (0.0e+00)
241.349 .... 553 packets received, 4718 bps, 58.98%, Err 0 (0.0e+00)
243.465 .... 561 packets received, 4745 bps, 59.31%, Err 0 (0.0e+00)
245.601 .... 569 packets received, 4770 bps, 59.63%, Err 0 (0.0e+00)
247.727 .... 577 packets received, 4795 bps, 59.94%, Err 0 (0.0e+00)
249.835 .... 585 packets received, 4821 bps, 60.26%, Err 0 (0.0e+00)
251.950 .... 593 packets received, 4845 bps, 60.57%, Err 0 (0.0e+00)
254.089 .... 601 packets received, 4869 bps, 60.86%, Err 0 (0.0e+00)
256.198 .... 609 packets received, 4893 bps, 61.16%, Err 0 (0.0e+00)
258.326 .... 617 packets received, 4916 bps, 61.46%, Err 0 (0.0e+00)
260.439 .... 625 packets received, 4940 bps, 61.74%, Err 0 (0.0e+00)
262.568 .... 633 packets received, 4962 bps, 62.03%, Err 0 (0.0e+00)
264.670 .... 641 packets received, 4985 bps, 62.31%, Err 0 (0.0e+00)
266.802 .... 649 packets received, 5006 bps, 62.58%, Err 0 (0.0e+00)
268.934 .... 657 packets received, 5028 bps, 62.85%, Err 0 (0.0e+00)
271.020 .... 665 packets received, 5049 bps, 63.12%, Err 0 (0.0e+00)
273.148 .... 673 packets received, 5070 bps, 63.38%, Err 0 (0.0e+00)
275.272 .... 681 packets received, 5091 bps, 63.63%, Err 0 (0.0e+00)
277.399 .... 689 packets received, 5111 bps, 63.89%, Err 0 (0.0e+00)
279.522 .... 697 packets received, 5131 bps, 64.13%, Err 0 (0.0e+00)
281.638 .... 705 packets received, 5150 bps, 64.38%, Err 0 (0.0e+00)
283.752 .... 713 packets received, 5170 bps, 64.62%, Err 0 (0.0e+00)
285.881 .... 721 packets received, 5189 bps, 64.86%, Err 0 (0.0e+00)
287.990 .... 729 packets received, 5208 bps, 65.10%, Err 0 (0.0e+00)
290.115 .... 737 packets received, 5226 bps, 65.33%, Err 0 (0.0e+00)
292.234 .... 745 packets received, 5244 bps, 65.56%, Err 0 (0.0e+00)
294.353 .... 753 packets received, 5262 bps, 65.78%, Err 0 (0.0e+00)
296.476 .... 761 packets received, 5280 bps, 66.00%, Err 0 (0.0e+00)
298.610 .... 769 packets received, 5297 bps, 66.22%, Err 0 (0.0e+00)
304.517 .... 777 packets received, 5248 bps, 65.60%, Err 0 (0.0e+00)
308.619 .... 778 packets received, 5185 bps, 64.81%, Err 0 (0.0e+00)
312.741 .... 779 packets received, 5123 bps, 64.03%, Err 0 (0.0e+00)
316.834 .... 780 packets received, 5063 bps, 63.28%, Err 0 (0.0e+00)
320.880 .... 781 packets received, 5005 bps, 62.56%, Err 0 (0.0e+00)
325.048 .... 782 packets received, 4947 bps, 61.84%, Err 0 (0.0e+00)
329.128 .... 783 packets received, 4892 bps, 61.15%, Err 0 (0.0e+00)
333.271 .... 784 packets received, 4837 bps, 60.46%, Err 0 (0.0e+00)
337.440 .... 785 packets received, 4783 bps, 59.79%, Err 0 (0.0e+00)
341.704 .... 786 packets received, 4729 bps, 59.11%, Err 0 (0.0e+00)
345.844 .... 787 packets received, 4678 bps, 58.48%, Err 0 (0.0e+00)
349.909 .... 788 packets received, 4629 bps, 57.87%, Err 0 (0.0e+00)
353.955 .... 789 packets received, 4582 bps, 57.28%, Err 0 (0.0e+00)
358.064 .... 790 packets received, 4535 bps, 56.69%, Err 0 (0.0e+00)
362.274 .... 791 packets received, 4488 bps, 56.10%, Err 0 (0.0e+00)
366.375 .... 792 packets received, 4443 bps, 55.54%, Err 0 (0.0e+00)
370.649 .... 793 packets received, 4397 bps, 54.96%, Err 0 (0.0e+00)
374.731 .... 794 packets received, 4355 bps, 54.43%, Err 0 (0.0e+00)
378.762 .... 795 packets received, 4314 bps, 53.92%, Err 0 (0.0e+00)
382.841 .... 796 packets received, 4273 bps, 53.41%, Err 0 (0.0e+00)
386.912 .... 797 packets received, 4233 bps, 52.91%, Err 0 (0.0e+00)
391.067 .... 798 packets received, 4193 bps, 52.41%, Err 0 (0.0e+00)
395.154 .... 799 packets received, 4155 bps, 51.93%, Err 0 (0.0e+00)
399.280 .... 800 packets received, 4117 bps, 51.46%, Err 0 (0.0e+00)
401.343 .... 804 packets received, 4116 bps, 51.45%, Err 0 (0.0e+00)
403.462 .... 812 packets received, 4135 bps, 51.69%, Err 0 (0.0e+00)
405.577 .... 820 packets received, 4154 bps, 51.93%, Err 0 (0.0e+00)
407.692 .... 828 packets received, 4173 bps, 52.16%, Err 0 (0.0e+00)
409.813 .... 836 packets received, 4191 bps, 52.39%, Err 0 (0.0e+00)
411.922 .... 844 packets received, 4210 bps, 52.62%, Err 0 (0.0e+00)
414.053 .... 852 packets received, 4228 bps, 52.84%, Err 0 (0.0e+00)
416.173 .... 860 packets received, 4245 bps, 53.07%, Err 0 (0.0e+00)
418.293 .... 868 packets received, 4263 bps, 53.29%, Err 0 (0.0e+00)
420.455 .... 876 packets received, 4280 bps, 53.50%, Err 0 (0.0e+00)
422.554 .... 884 packets received, 4298 bps, 53.72%, Err 0 (0.0e+00)
424.659 .... 892 packets received, 4315 bps, 53.94%, Err 0 (0.0e+00)
426.771 .... 900 packets received, 4332 bps, 54.15%, Err 0 (0.0e+00)
428.880 .... 908 packets received, 4349 bps, 54.36%, Err 0 (0.0e+00)
431.003 .... 916 packets received, 4366 bps, 54.57%, Err 0 (0.0e+00)
433.132 .... 924 packets received, 4382 bps, 54.78%, Err 0 (0.0e+00)
435.247 .... 932 packets received, 4399 bps, 54.98%, Err 0 (0.0e+00)
437.363 .... 940 packets received, 4415 bps, 55.19%, Err 0 (0.0e+00)
439.484 .... 948 packets received, 4431 bps, 55.39%, Err 0 (0.0e+00)
441.623 .... 956 packets received, 4447 bps, 55.58%, Err 0 (0.0e+00)
443.718 .... 964 packets received, 4463 bps, 55.78%, Err 0 (0.0e+00)
445.855 .... 972 packets received, 4478 bps, 55.97%, Err 0 (0.0e+00)
447.977 .... 980 packets received, 4493 bps, 56.17%, Err 0 (0.0e+00)
450.092 .... 988 packets received, 4509 bps, 56.36%, Err 0 (0.0e+00)
452.210 .... 996 packets received, 4524 bps, 56.55%, Err 0 (0.0e+00)
454.344 .... 1004 packets received, 4539 bps, 56.73%, Err 0 (0.0e+00)
456.466 .... 1012 packets received, 4554 bps, 56.92%, Err 0 (0.0e+00)
458.565 .... 1020 packets received, 4568 bps, 57.11%, Err 0 (0.0e+00)
460.689 .... 1028 packets received, 4583 bps, 57.29%, Err 0 (0.0e+00)
462.804 .... 1036 packets received, 4597 bps, 57.47%, Err 0 (0.0e+00)
464.927 .... 1044 packets received, 4612 bps, 57.65%, Err 0 (0.0e+00)
467.058 .... 1052 packets received, 4626 bps, 57.82%, Err 0 (0.0e+00)
469.188 .... 1060 packets received, 4640 bps, 58.00%, Err 0 (0.0e+00)
471.299 .... 1068 packets received, 4654 bps, 58.17%, Err 0 (0.0e+00)
473.403 .... 1076 packets received, 4668 bps, 58.35%, Err 0 (0.0e+00)
475.544 .... 1084 packets received, 4681 bps, 58.52%, Err 0 (0.0e+00)
477.652 .... 1092 packets received, 4695 bps, 58.69%, Err 0 (0.0e+00)
479.784 .... 1100 packets received, 4708 bps, 58.85%, Err 0 (0.0e+00)
481.896 .... 1108 packets received, 4722 bps, 59.02%, Err 0 (0.0e+00)
484.009 .... 1116 packets received, 4735 bps, 59.19%, Err 0 (0.0e+00)
486.140 .... 1124 packets received, 4748 bps, 59.35%, Err 0 (0.0e+00)
488.259 .... 1132 packets received, 4761 bps, 59.51%, Err 0 (0.0e+00)
490.371 .... 1140 packets received, 4774 bps, 59.67%, Err 0 (0.0e+00)
492.479 .... 1148 packets received, 4787 bps, 59.83%, Err 0 (0.0e+00)
494.626 .... 1156 packets received, 4799 bps, 59.99%, Err 0 (0.0e+00)
496.732 .... 1164 packets received, 4812 bps, 60.15%, Err 0 (0.0e+00)
498.844 .... 1172 packets received, 4824 bps, 60.30%, Err 0 (0.0e+00)
504.467 .... 1179 packets received, 4799 bps, 59.99%, Err 0 (0.0e+00)
508.607 .... 1180 packets received, 4764 bps, 59.55%, Err 0 (0.0e+00)
512.722 .... 1181 packets received, 4729 bps, 59.12%, Err 0 (0.0e+00)
516.889 .... 1182 packets received, 4695 bps, 58.69%, Err 0 (0.0e+00)
518.647 ** WARNING: System too busy, sleep 15 ms, but be awakened 66 ms later
520.989 .... 1183 packets received, 4662 bps, 58.28%, Err 0 (0.0e+00)
525.088 .... 1184 packets received, 4629 bps, 57.87%, Err 0 (0.0e+00)
529.203 .... 1185 packets received, 4597 bps, 57.47%, Err 0 (0.0e+00)
533.272 .... 1186 packets received, 4566 bps, 57.07%, Err 0 (0.0e+00)
537.341 .... 1187 packets received, 4535 bps, 56.69%, Err 0 (0.0e+00)
541.526 .... 1188 packets received, 4504 bps, 56.30%, Err 0 (0.0e+00)
545.633 .... 1189 packets received, 4474 bps, 55.92%, Err 0 (0.0e+00)
549.756 .... 1190 packets received, 4444 bps, 55.55%, Err 0 (0.0e+00)
553.791 .... 1191 packets received, 4415 bps, 55.19%, Err 0 (0.0e+00)
557.893 .... 1192 packets received, 4386 bps, 54.83%, Err 0 (0.0e+00)
561.934 .... 1193 packets received, 4358 bps, 54.48%, Err 0 (0.0e+00)
563.487 ** WARNING: System too busy, sleep 15 ms, but be awakened 90 ms later
566.048 .... 1194 packets received, 4330 bps, 54.12%, Err 0 (0.0e+00)
570.108 .... 1195 packets received, 4303 bps, 53.78%, Err 0 (0.0e+00)
574.225 .... 1196 packets received, 4275 bps, 53.44%, Err 0 (0.0e+00)
578.241 .... 1197 packets received, 4249 bps, 53.11%, Err 0 (0.0e+00)
582.301 .... 1198 packets received, 4223 bps, 52.79%, Err 0 (0.0e+00)
586.380 .... 1199 packets received, 4197 bps, 52.46%, Err 0 (0.0e+00)
590.555 .... 1200 packets received, 4171 bps, 52.13%, Err 0 (0.0e+00)
594.621 .... 1201 packets received, 4146 bps, 51.82%, Err 0 (0.0e+00)
598.764 .... 1202 packets received, 4120 bps, 51.50%, Err 0 (0.0e+00)
600.796 .... 1204 packets received, 4113 bps, 51.41%, Err 0 (0.0e+00)
602.925 .... 1212 packets received, 4126 bps, 51.57%, Err 0 (0.0e+00)
605.053 .... 1220 packets received, 4138 bps, 51.73%, Err 0 (0.0e+00)
607.178 .... 1228 packets received, 4151 bps, 51.89%, Err 0 (0.0e+00)
609.314 .... 1236 packets received, 4163 bps, 52.04%, Err 0 (0.0e+00)
611.444 .... 1244 packets received, 4176 bps, 52.20%, Err 0 (0.0e+00)
613.558 .... 1252 packets received, 4188 bps, 52.35%, Err 0 (0.0e+00)
615.678 .... 1260 packets received, 4200 bps, 52.50%, Err 0 (0.0e+00)
617.791 .... 1268 packets received, 4212 bps, 52.65%, Err 0 (0.0e+00)
619.933 .... 1276 packets received, 4224 bps, 52.80%, Err 0 (0.0e+00)
620.697 ** WARNING: System too busy, sleep 15 ms, but be awakened 81 ms later
622.058 .... 1284 packets received, 4236 bps, 52.95%, Err 0 (0.0e+00)
624.165 .... 1292 packets received, 4248 bps, 53.10%, Err 0 (0.0e+00)
626.301 .... 1300 packets received, 4260 bps, 53.25%, Err 0 (0.0e+00)
628.419 .... 1308 packets received, 4272 bps, 53.40%, Err 0 (0.0e+00)
630.527 .... 1316 packets received, 4283 bps, 53.54%, Err 0 (0.0e+00)
632.645 .... 1324 packets received, 4295 bps, 53.69%, Err 0 (0.0e+00)
634.771 .... 1332 packets received, 4306 bps, 53.83%, Err 0 (0.0e+00)
636.883 .... 1340 packets received, 4318 bps, 53.97%, Err 0 (0.0e+00)
639.016 .... 1348 packets received, 4329 bps, 54.11%, Err 0 (0.0e+00)
641.127 .... 1356 packets received, 4340 bps, 54.26%, Err 0 (0.0e+00)
643.251 .... 1364 packets received, 4352 bps, 54.39%, Err 0 (0.0e+00)
645.375 .... 1372 packets received, 4363 bps, 54.53%, Err 0 (0.0e+00)
647.471 .... 1380 packets received, 4374 bps, 54.67%, Err 0 (0.0e+00)
649.602 .... 1388 packets received, 4385 bps, 54.81%, Err 0 (0.0e+00)
651.712 .... 1396 packets received, 4396 bps, 54.95%, Err 0 (0.0e+00)
653.846 .... 1404 packets received, 4406 bps, 55.08%, Err 0 (0.0e+00)
655.957 .... 1412 packets received, 4417 bps, 55.22%, Err 0 (0.0e+00)
658.100 .... 1420 packets received, 4428 bps, 55.35%, Err 0 (0.0e+00)
659.317 ** WARNING: System too busy, sleep 15 ms, but be awakened 104 ms later
660.219 .... 1428 packets received, 4438 bps, 55.48%, Err 0 (0.0e+00)
662.338 .... 1436 packets received, 4449 bps, 55.61%, Err 0 (0.0e+00)
664.461 .... 1444 packets received, 4459 bps, 55.74%, Err 0 (0.0e+00)
666.566 .... 1452 packets received, 4470 bps, 55.87%, Err 0 (0.0e+00)
668.692 .... 1460 packets received, 4480 bps, 56.00%, Err 0 (0.0e+00)
670.818 .... 1468 packets received, 4491 bps, 56.13%, Err 0 (0.0e+00)
672.926 .... 1476 packets received, 4501 bps, 56.26%, Err 0 (0.0e+00)
675.062 .... 1484 packets received, 4511 bps, 56.39%, Err 0 (0.0e+00)
677.170 .... 1492 packets received, 4521 bps, 56.51%, Err 0 (0.0e+00)
679.311 .... 1500 packets received, 4531 bps, 56.64%, Err 0 (0.0e+00)
681.422 .... 1508 packets received, 4541 bps, 56.76%, Err 0 (0.0e+00)
683.545 .... 1516 packets received, 4551 bps, 56.89%, Err 0 (0.0e+00)
685.652 .... 1524 packets received, 4561 bps, 57.01%, Err 0 (0.0e+00)
687.784 .... 1532 packets received, 4570 bps, 57.13%, Err 0 (0.0e+00)
689.890 .... 1540 packets received, 4580 bps, 57.25%, Err 0 (0.0e+00)
692.008 .... 1548 packets received, 4590 bps, 57.37%, Err 0 (0.0e+00)
694.127 .... 1556 packets received, 4600 bps, 57.49%, Err 0 (0.0e+00)
696.266 .... 1564 packets received, 4609 bps, 57.61%, Err 0 (0.0e+00)
698.380 .... 1572 packets received, 4619 bps, 57.73%, Err 0 (0.0e+00)
700.031 Quit.
