000.000 =============================================================
000.000                     Station B                               
000.000 -------------------------------------------------------------
000.000 Protocol.lib, version 4.0, jiangyanjun0718@bupt.edu.cn
000.000 Channel: 8000 bps, 270 ms propagation delay, bit error rate 0
000.000 Log file "uB.log", TCP port 30012, debug mask 0x00
000.000 Station B is connecting station A (TCP port 30012) ... Done.
000.404 New epoch: Thu May 16 20:30:25 2019
000.404 =================================================================
000.404 
000.404 Designed by CJSoft, build: May 16 2019  20:29:14
002.810 .... 8 packets received, 7656 bps, 95.70%, Err 0 (0.0e+00)
004.939 .... 16 packets received, 7676 bps, 95.95%, Err 0 (0.0e+00)
007.060 .... 24 packets received, 7692 bps, 96.15%, Err 0 (0.0e+00)
009.160 .... 32 packets received, 7719 bps, 96.49%, Err 0 (0.0e+00)
011.285 .... 40 packets received, 7717 bps, 96.47%, Err 0 (0.0e+00)
013.422 .... 48 packets received, 7709 bps, 96.36%, Err 0 (0.0e+00)
015.537 .... 56 packets received, 7714 bps, 96.43%, Err 0 (0.0e+00)
017.642 .... 64 packets received, 7723 bps, 96.54%, Err 0 (0.0e+00)
019.774 .... 72 packets received, 7719 bps, 96.48%, Err 0 (0.0e+00)
021.878 .... 80 packets received, 7725 bps, 96.57%, Err 0 (0.0e+00)
023.993 .... 88 packets received, 7727 bps, 96.59%, Err 0 (0.0e+00)
026.128 .... 96 packets received, 7723 bps, 96.54%, Err 0 (0.0e+00)
028.237 .... 104 packets received, 7726 bps, 96.58%, Err 0 (0.0e+00)
030.379 .... 112 packets received, 7721 bps, 96.51%, Err 0 (0.0e+00)
032.475 .... 120 packets received, 7727 bps, 96.59%, Err 0 (0.0e+00)
034.597 .... 128 packets received, 7727 bps, 96.58%, Err 0 (0.0e+00)
036.730 .... 136 packets received, 7724 bps, 96.55%, Err 0 (0.0e+00)
038.859 .... 144 packets received, 7722 bps, 96.53%, Err 0 (0.0e+00)
040.977 .... 152 packets received, 7723 bps, 96.54%, Err 0 (0.0e+00)
043.069 .... 160 packets received, 7728 bps, 96.61%, Err 0 (0.0e+00)
045.224 .... 168 packets received, 7722 bps, 96.53%, Err 0 (0.0e+00)
047.324 .... 176 packets received, 7726 bps, 96.57%, Err 0 (0.0e+00)
049.444 .... 184 packets received, 7726 bps, 96.58%, Err 0 (0.0e+00)
051.557 .... 192 packets received, 7727 bps, 96.59%, Err 0 (0.0e+00)
053.684 .... 200 packets received, 7726 bps, 96.58%, Err 0 (0.0e+00)
055.805 .... 208 packets received, 7726 bps, 96.58%, Err 0 (0.0e+00)
057.929 .... 216 packets received, 7726 bps, 96.57%, Err 0 (0.0e+00)
060.064 .... 224 packets received, 7724 bps, 96.55%, Err 0 (0.0e+00)
062.176 .... 232 packets received, 7725 bps, 96.56%, Err 0 (0.0e+00)
064.286 .... 240 packets received, 7726 bps, 96.58%, Err 0 (0.0e+00)
066.397 .... 248 packets received, 7727 bps, 96.59%, Err 0 (0.0e+00)
068.524 .... 256 packets received, 7727 bps, 96.58%, Err 0 (0.0e+00)
070.634 .... 264 packets received, 7728 bps, 96.60%, Err 0 (0.0e+00)
072.780 .... 272 packets received, 7725 bps, 96.56%, Err 0 (0.0e+00)
074.892 .... 280 packets received, 7726 bps, 96.58%, Err 0 (0.0e+00)
077.014 .... 288 packets received, 7726 bps, 96.57%, Err 0 (0.0e+00)
079.129 .... 296 packets received, 7726 bps, 96.58%, Err 0 (0.0e+00)
081.234 .... 304 packets received, 7728 bps, 96.60%, Err 0 (0.0e+00)
083.359 .... 312 packets received, 7727 bps, 96.59%, Err 0 (0.0e+00)
085.484 .... 320 packets received, 7727 bps, 96.59%, Err 0 (0.0e+00)
087.612 .... 328 packets received, 7726 bps, 96.58%, Err 0 (0.0e+00)
089.734 .... 336 packets received, 7726 bps, 96.58%, Err 0 (0.0e+00)
091.844 .... 344 packets received, 7727 bps, 96.59%, Err 0 (0.0e+00)
093.977 .... 352 packets received, 7726 bps, 96.58%, Err 0 (0.0e+00)
096.084 .... 360 packets received, 7727 bps, 96.59%, Err 0 (0.0e+00)
098.217 .... 368 packets received, 7726 bps, 96.58%, Err 0 (0.0e+00)
100.322 .... 376 packets received, 7727 bps, 96.59%, Err 0 (0.0e+00)
102.451 .... 384 packets received, 7727 bps, 96.58%, Err 0 (0.0e+00)
104.552 .... 392 packets received, 7728 bps, 96.60%, Err 0 (0.0e+00)
106.684 .... 400 packets received, 7727 bps, 96.59%, Err 0 (0.0e+00)
108.815 .... 408 packets received, 7727 bps, 96.58%, Err 0 (0.0e+00)
110.933 .... 416 packets received, 7727 bps, 96.58%, Err 0 (0.0e+00)
113.052 .... 424 packets received, 7727 bps, 96.58%, Err 0 (0.0e+00)
115.179 .... 432 packets received, 7726 bps, 96.58%, Err 0 (0.0e+00)
117.297 .... 440 packets received, 7727 bps, 96.58%, Err 0 (0.0e+00)
119.413 .... 448 packets received, 7727 bps, 96.59%, Err 0 (0.0e+00)
121.536 .... 456 packets received, 7727 bps, 96.58%, Err 0 (0.0e+00)
123.647 .... 464 packets received, 7727 bps, 96.59%, Err 0 (0.0e+00)
125.784 .... 472 packets received, 7726 bps, 96.58%, Err 0 (0.0e+00)
127.878 .... 480 packets received, 7728 bps, 96.60%, Err 0 (0.0e+00)
130.016 .... 488 packets received, 7727 bps, 96.58%, Err 0 (0.0e+00)
132.140 .... 496 packets received, 7727 bps, 96.58%, Err 0 (0.0e+00)
134.254 .... 504 packets received, 7727 bps, 96.59%, Err 0 (0.0e+00)
136.380 .... 512 packets received, 7727 bps, 96.58%, Err 0 (0.0e+00)
138.507 .... 520 packets received, 7726 bps, 96.58%, Err 0 (0.0e+00)
140.616 .... 528 packets received, 7727 bps, 96.59%, Err 0 (0.0e+00)
142.742 .... 536 packets received, 7727 bps, 96.58%, Err 0 (0.0e+00)
144.845 .... 544 packets received, 7727 bps, 96.59%, Err 0 (0.0e+00)
146.987 .... 552 packets received, 7726 bps, 96.58%, Err 0 (0.0e+00)
149.086 .... 560 packets received, 7727 bps, 96.59%, Err 0 (0.0e+00)
151.213 .... 568 packets received, 7727 bps, 96.59%, Err 0 (0.0e+00)
153.330 .... 576 packets received, 7727 bps, 96.59%, Err 0 (0.0e+00)
155.467 .... 584 packets received, 7726 bps, 96.58%, Err 0 (0.0e+00)
157.589 .... 592 packets received, 7726 bps, 96.58%, Err 0 (0.0e+00)
159.705 .... 600 packets received, 7727 bps, 96.58%, Err 0 (0.0e+00)
161.817 .... 608 packets received, 7727 bps, 96.59%, Err 0 (0.0e+00)
163.946 .... 616 packets received, 7727 bps, 96.58%, Err 0 (0.0e+00)
166.053 .... 624 packets received, 7727 bps, 96.59%, Err 0 (0.0e+00)
168.174 .... 632 packets received, 7727 bps, 96.59%, Err 0 (0.0e+00)
170.287 .... 640 packets received, 7728 bps, 96.59%, Err 0 (0.0e+00)
172.417 .... 648 packets received, 7727 bps, 96.59%, Err 0 (0.0e+00)
174.539 .... 656 packets received, 7727 bps, 96.59%, Err 0 (0.0e+00)
176.644 .... 664 packets received, 7728 bps, 96.60%, Err 0 (0.0e+00)
178.772 .... 672 packets received, 7727 bps, 96.59%, Err 0 (0.0e+00)
180.901 .... 680 packets received, 7727 bps, 96.59%, Err 0 (0.0e+00)
183.014 .... 688 packets received, 7727 bps, 96.59%, Err 0 (0.0e+00)
185.125 .... 696 packets received, 7728 bps, 96.60%, Err 0 (0.0e+00)
187.253 .... 704 packets received, 7727 bps, 96.59%, Err 0 (0.0e+00)
189.370 .... 712 packets received, 7727 bps, 96.59%, Err 0 (0.0e+00)
191.501 .... 720 packets received, 7727 bps, 96.59%, Err 0 (0.0e+00)
193.607 .... 728 packets received, 7728 bps, 96.60%, Err 0 (0.0e+00)
195.731 .... 736 packets received, 7727 bps, 96.59%, Err 0 (0.0e+00)
197.849 .... 744 packets received, 7728 bps, 96.59%, Err 0 (0.0e+00)
199.964 .... 752 packets received, 7728 bps, 96.60%, Err 0 (0.0e+00)
202.090 .... 760 packets received, 7728 bps, 96.59%, Err 0 (0.0e+00)
204.215 .... 768 packets received, 7727 bps, 96.59%, Err 0 (0.0e+00)
206.330 .... 776 packets received, 7728 bps, 96.59%, Err 0 (0.0e+00)
208.469 .... 784 packets received, 7727 bps, 96.59%, Err 0 (0.0e+00)
210.583 .... 792 packets received, 7727 bps, 96.59%, Err 0 (0.0e+00)
212.702 .... 800 packets received, 7727 bps, 96.59%, Err 0 (0.0e+00)
214.801 .... 808 packets received, 7728 bps, 96.60%, Err 0 (0.0e+00)
216.940 .... 816 packets received, 7727 bps, 96.59%, Err 0 (0.0e+00)
219.061 .... 824 packets received, 7727 bps, 96.59%, Err 0 (0.0e+00)
221.178 .... 832 packets received, 7727 bps, 96.59%, Err 0 (0.0e+00)
223.296 .... 840 packets received, 7727 bps, 96.59%, Err 0 (0.0e+00)
225.420 .... 848 packets received, 7727 bps, 96.59%, Err 0 (0.0e+00)
227.529 .... 856 packets received, 7728 bps, 96.60%, Err 0 (0.0e+00)
229.657 .... 864 packets received, 7727 bps, 96.59%, Err 0 (0.0e+00)
231.790 .... 872 packets received, 7727 bps, 96.59%, Err 0 (0.0e+00)
233.909 .... 880 packets received, 7727 bps, 96.59%, Err 0 (0.0e+00)
236.000 .... 888 packets received, 7728 bps, 96.60%, Err 0 (0.0e+00)
238.150 .... 896 packets received, 7727 bps, 96.59%, Err 0 (0.0e+00)
240.264 .... 904 packets received, 7727 bps, 96.59%, Err 0 (0.0e+00)
242.372 .... 912 packets received, 7728 bps, 96.59%, Err 0 (0.0e+00)
244.506 .... 920 packets received, 7727 bps, 96.59%, Err 0 (0.0e+00)
246.614 .... 928 packets received, 7728 bps, 96.59%, Err 0 (0.0e+00)
248.750 .... 936 packets received, 7727 bps, 96.59%, Err 0 (0.0e+00)
250.848 .... 944 packets received, 7728 bps, 96.60%, Err 0 (0.0e+00)
252.989 .... 952 packets received, 7727 bps, 96.59%, Err 0 (0.0e+00)
255.088 .... 960 packets received, 7728 bps, 96.60%, Err 0 (0.0e+00)
257.222 .... 968 packets received, 7727 bps, 96.59%, Err 0 (0.0e+00)
259.348 .... 976 packets received, 7727 bps, 96.59%, Err 0 (0.0e+00)
261.468 .... 984 packets received, 7727 bps, 96.59%, Err 0 (0.0e+00)
263.563 .... 992 packets received, 7728 bps, 96.60%, Err 0 (0.0e+00)
265.699 .... 1000 packets received, 7727 bps, 96.59%, Err 0 (0.0e+00)
267.819 .... 1008 packets received, 7727 bps, 96.59%, Err 0 (0.0e+00)
269.941 .... 1016 packets received, 7727 bps, 96.59%, Err 0 (0.0e+00)
272.057 .... 1024 packets received, 7728 bps, 96.59%, Err 0 (0.0e+00)
274.185 .... 1032 packets received, 7727 bps, 96.59%, Err 0 (0.0e+00)
276.289 .... 1040 packets received, 7728 bps, 96.60%, Err 0 (0.0e+00)
278.415 .... 1048 packets received, 7728 bps, 96.60%, Err 0 (0.0e+00)
280.521 .... 1056 packets received, 7728 bps, 96.60%, Err 0 (0.0e+00)
282.659 .... 1064 packets received, 7728 bps, 96.59%, Err 0 (0.0e+00)
284.769 .... 1072 packets received, 7728 bps, 96.60%, Err 0 (0.0e+00)
286.908 .... 1080 packets received, 7727 bps, 96.59%, Err 0 (0.0e+00)
289.019 .... 1088 packets received, 7728 bps, 96.59%, Err 0 (0.0e+00)
291.129 .... 1096 packets received, 7728 bps, 96.60%, Err 0 (0.0e+00)
293.254 .... 1104 packets received, 7728 bps, 96.60%, Err 0 (0.0e+00)
295.364 .... 1112 packets received, 7728 bps, 96.60%, Err 0 (0.0e+00)
297.493 .... 1120 packets received, 7728 bps, 96.60%, Err 0 (0.0e+00)
299.617 .... 1128 packets received, 7728 bps, 96.60%, Err 0 (0.0e+00)
301.740 .... 1136 packets received, 7728 bps, 96.59%, Err 0 (0.0e+00)
303.844 .... 1144 packets received, 7728 bps, 96.60%, Err 0 (0.0e+00)
305.975 .... 1152 packets received, 7728 bps, 96.60%, Err 0 (0.0e+00)
308.086 .... 1160 packets received, 7728 bps, 96.60%, Err 0 (0.0e+00)
310.221 .... 1168 packets received, 7728 bps, 96.59%, Err 0 (0.0e+00)
312.336 .... 1176 packets received, 7728 bps, 96.60%, Err 0 (0.0e+00)
314.458 .... 1184 packets received, 7728 bps, 96.60%, Err 0 (0.0e+00)
316.577 .... 1192 packets received, 7728 bps, 96.60%, Err 0 (0.0e+00)
318.710 .... 1200 packets received, 7727 bps, 96.59%, Err 0 (0.0e+00)
320.817 .... 1208 packets received, 7728 bps, 96.60%, Err 0 (0.0e+00)
322.937 .... 1216 packets received, 7728 bps, 96.60%, Err 0 (0.0e+00)
325.042 .... 1224 packets received, 7728 bps, 96.60%, Err 0 (0.0e+00)
327.250 .... 1232 packets received, 7726 bps, 96.57%, Err 0 (0.0e+00)
329.306 .... 1240 packets received, 7727 bps, 96.59%, Err 0 (0.0e+00)
331.428 .... 1248 packets received, 7727 bps, 96.59%, Err 0 (0.0e+00)
333.430 ** WARNING: System too busy, sleep 15 ms, but be awakened 183 ms later
333.535 .... 1255 packets received, 7722 bps, 96.52%, Err 0 (0.0e+00)
335.580 .... 1263 packets received, 7723 bps, 96.54%, Err 0 (0.0e+00)
336.876 ** WARNING: System too busy, sleep 15 ms, but be awakened 149 ms later
337.744 .... 1271 packets received, 7722 bps, 96.53%, Err 0 (0.0e+00)
338.085 ** WARNING: System too busy, sleep 15 ms, but be awakened 160 ms later
339.918 .... 1275 packets received, 7697 bps, 96.21%, Err 0 (0.0e+00)
340.354 ** WARNING: System too busy, sleep 15 ms, but be awakened 70 ms later
342.026 .... 1284 packets received, 7703 bps, 96.29%, Err 0 (0.0e+00)
343.845 ** WARNING: System too busy, sleep 15 ms, but be awakened 109 ms later
344.248 .... 1292 packets received, 7701 bps, 96.27%, Err 0 (0.0e+00)
345.079 ** WARNING: System too busy, sleep 15 ms, but be awakened 179 ms later
346.338 .... 1299 packets received, 7696 bps, 96.20%, Err 0 (0.0e+00)
347.053 ** WARNING: System too busy, sleep 15 ms, but be awakened 72 ms later
348.429 .... 1303 packets received, 7674 bps, 95.92%, Err 0 (0.0e+00)
349.095 ** WARNING: System too busy, sleep 15 ms, but be awakened 666 ms later
351.596 ** WARNING: System too busy, sleep 15 ms, but be awakened 598 ms later
351.717 .... 1310 packets received, 7643 bps, 95.53%, Err 0 (0.0e+00)
353.525 ** WARNING: System too busy, sleep 15 ms, but be awakened 77 ms later
353.908 .... 1316 packets received, 7630 bps, 95.37%, Err 0 (0.0e+00)
356.074 .... 1322 packets received, 7618 bps, 95.22%, Err 0 (0.0e+00)
358.202 .... 1328 packets received, 7607 bps, 95.09%, Err 0 (0.0e+00)
359.685 ** WARNING: System too busy, sleep 15 ms, but be awakened 80 ms later
360.364 .... 1334 packets received, 7595 bps, 94.94%, Err 0 (0.0e+00)
362.421 .... 1340 packets received, 7586 bps, 94.83%, Err 0 (0.0e+00)
364.548 .... 1346 packets received, 7576 bps, 94.70%, Err 0 (0.0e+00)
366.686 .... 1353 packets received, 7571 bps, 94.63%, Err 0 (0.0e+00)
368.798 .... 1359 packets received, 7561 bps, 94.51%, Err 0 (0.0e+00)
370.912 .... 1365 packets received, 7551 bps, 94.38%, Err 0 (0.0e+00)
373.049 .... 1371 packets received, 7540 bps, 94.25%, Err 0 (0.0e+00)
375.171 .... 1377 packets received, 7530 bps, 94.13%, Err 0 (0.0e+00)
377.284 .... 1383 packets received, 7521 bps, 94.01%, Err 0 (0.0e+00)
379.401 .... 1389 packets received, 7511 bps, 93.89%, Err 0 (0.0e+00)
381.511 .... 1395 packets received, 7502 bps, 93.77%, Err 0 (0.0e+00)
383.632 .... 1401 packets received, 7492 bps, 93.65%, Err 0 (0.0e+00)
385.769 .... 1407 packets received, 7483 bps, 93.53%, Err 0 (0.0e+00)
387.883 .... 1413 packets received, 7473 bps, 93.42%, Err 0 (0.0e+00)
390.001 .... 1419 packets received, 7464 bps, 93.30%, Err 0 (0.0e+00)
392.111 .... 1425 packets received, 7456 bps, 93.19%, Err 0 (0.0e+00)
394.250 .... 1431 packets received, 7446 bps, 93.08%, Err 0 (0.0e+00)
396.364 .... 1437 packets received, 7438 bps, 92.97%, Err 0 (0.0e+00)
398.475 .... 1443 packets received, 7429 bps, 92.86%, Err 0 (0.0e+00)
400.611 .... 1449 packets received, 7420 bps, 92.75%, Err 0 (0.0e+00)
402.729 .... 1455 packets received, 7411 bps, 92.64%, Err 0 (0.0e+00)
404.866 .... 1461 packets received, 7403 bps, 92.53%, Err 0 (0.0e+00)
407.248 .... 1468 packets received, 7395 bps, 92.43%, Err 0 (0.0e+00)
409.379 .... 1475 packets received, 7391 bps, 92.39%, Err 0 (0.0e+00)
411.502 .... 1481 packets received, 7383 bps, 92.28%, Err 0 (0.0e+00)
413.623 .... 1487 packets received, 7375 bps, 92.18%, Err 0 (0.0e+00)
416.042 .... 1494 packets received, 7366 bps, 92.08%, Err 0 (0.0e+00)
418.156 .... 1501 packets received, 7363 bps, 92.04%, Err 0 (0.0e+00)
420.313 .... 1507 packets received, 7355 bps, 91.93%, Err 0 (0.0e+00)
422.438 .... 1513 packets received, 7347 bps, 91.83%, Err 0 (0.0e+00)
424.846 .... 1520 packets received, 7339 bps, 91.74%, Err 0 (0.0e+00)
427.246 .... 1527 packets received, 7331 bps, 91.64%, Err 0 (0.0e+00)
429.640 .... 1534 packets received, 7324 bps, 91.55%, Err 0 (0.0e+00)
432.039 .... 1541 packets received, 7316 bps, 91.45%, Err 0 (0.0e+00)
434.420 .... 1548 packets received, 7309 bps, 91.36%, Err 0 (0.0e+00)
436.822 .... 1555 packets received, 7302 bps, 91.27%, Err 0 (0.0e+00)
438.954 .... 1562 packets received, 7299 bps, 91.24%, Err 0 (0.0e+00)
441.089 .... 1568 packets received, 7291 bps, 91.14%, Err 0 (0.0e+00)
443.474 .... 1575 packets received, 7284 bps, 91.06%, Err 0 (0.0e+00)
445.623 .... 1582 packets received, 7282 bps, 91.02%, Err 0 (0.0e+00)
447.739 .... 1588 packets received, 7275 bps, 90.93%, Err 0 (0.0e+00)
449.899 .... 1594 packets received, 7267 bps, 90.84%, Err 0 (0.0e+00)
451.993 .... 1600 packets received, 7260 bps, 90.76%, Err 0 (0.0e+00)
454.417 .... 1607 packets received, 7253 bps, 90.67%, Err 0 (0.0e+00)
456.543 .... 1614 packets received, 7251 bps, 90.64%, Err 0 (0.0e+00)
458.688 .... 1620 packets received, 7244 bps, 90.55%, Err 0 (0.0e+00)
460.801 .... 1626 packets received, 7237 bps, 90.46%, Err 0 (0.0e+00)
463.219 .... 1633 packets received, 7230 bps, 90.38%, Err 0 (0.0e+00)
465.593 .... 1640 packets received, 7224 bps, 90.30%, Err 0 (0.0e+00)
468.003 .... 1647 packets received, 7218 bps, 90.22%, Err 0 (0.0e+00)
470.406 .... 1654 packets received, 7211 bps, 90.14%, Err 0 (0.0e+00)
472.544 .... 1661 packets received, 7209 bps, 90.11%, Err 0 (0.0e+00)
474.682 .... 1667 packets received, 7202 bps, 90.03%, Err 0 (0.0e+00)
476.797 .... 1673 packets received, 7196 bps, 89.95%, Err 0 (0.0e+00)
478.920 .... 1679 packets received, 7190 bps, 89.87%, Err 0 (0.0e+00)
481.072 .... 1686 packets received, 7188 bps, 89.84%, Err 0 (0.0e+00)
483.212 .... 1692 packets received, 7181 bps, 89.76%, Err 0 (0.0e+00)
485.319 .... 1698 packets received, 7175 bps, 89.69%, Err 0 (0.0e+00)
487.447 .... 1705 packets received, 7173 bps, 89.67%, Err 0 (0.0e+00)
489.611 .... 1711 packets received, 7167 bps, 89.58%, Err 0 (0.0e+00)
491.714 .... 1717 packets received, 7161 bps, 89.51%, Err 0 (0.0e+00)
493.301 ** WARNING: System too busy, sleep 15 ms, but be awakened 74 ms later
493.895 .... 1724 packets received, 7159 bps, 89.48%, Err 0 (0.0e+00)
495.917 .... 1729 packets received, 7150 bps, 89.37%, Err 0 (0.0e+00)
496.565 ** WARNING: System too busy, sleep 15 ms, but be awakened 75 ms later
498.129 .... 1735 packets received, 7143 bps, 89.29%, Err 0 (0.0e+00)
500.238 .... 1741 packets received, 7137 bps, 89.22%, Err 0 (0.0e+00)
500.773 ** WARNING: System too busy, sleep 15 ms, but be awakened 88 ms later
502.467 ** WARNING: System too busy, sleep 15 ms, but be awakened 141 ms later
502.503 .... 1748 packets received, 7134 bps, 89.17%, Err 0 (0.0e+00)
504.813 .... 1755 packets received, 7129 bps, 89.12%, Err 0 (0.0e+00)
505.775 ** WARNING: System too busy, sleep 15 ms, but be awakened 177 ms later
506.905 .... 1760 packets received, 7120 bps, 89.00%, Err 0 (0.0e+00)
507.597 ** WARNING: System too busy, sleep 15 ms, but be awakened 73 ms later
509.270 .... 1768 packets received, 7119 bps, 88.99%, Err 0 (0.0e+00)
511.442 .... 1774 packets received, 7113 bps, 88.91%, Err 0 (0.0e+00)
513.605 .... 1781 packets received, 7111 bps, 88.89%, Err 0 (0.0e+00)
514.504 ** WARNING: System too busy, sleep 15 ms, but be awakened 66 ms later
515.825 .... 1787 packets received, 7104 bps, 88.80%, Err 0 (0.0e+00)
516.005 ** WARNING: System too busy, sleep 15 ms, but be awakened 77 ms later
517.913 .... 1794 packets received, 7103 bps, 88.79%, Err 0 (0.0e+00)
520.032 .... 1800 packets received, 7098 bps, 88.72%, Err 0 (0.0e+00)
521.218 ** WARNING: System too busy, sleep 15 ms, but be awakened 72 ms later
522.422 .... 1807 packets received, 7093 bps, 88.66%, Err 0 (0.0e+00)
523.957 ** WARNING: System too busy, sleep 15 ms, but be awakened 85 ms later
524.610 .... 1814 packets received, 7091 bps, 88.63%, Err 0 (0.0e+00)
526.711 .... 1820 packets received, 7086 bps, 88.57%, Err 0 (0.0e+00)
527.621 ** WARNING: System too busy, sleep 15 ms, but be awakened 92 ms later
528.805 .... 1826 packets received, 7081 bps, 88.51%, Err 0 (0.0e+00)
530.962 .... 1832 packets received, 7075 bps, 88.44%, Err 0 (0.0e+00)
533.046 .... 1839 packets received, 7074 bps, 88.43%, Err 0 (0.0e+00)
535.172 .... 1845 packets received, 7069 bps, 88.37%, Err 0 (0.0e+00)
537.317 .... 1851 packets received, 7064 bps, 88.30%, Err 0 (0.0e+00)
539.448 .... 1858 packets received, 7063 bps, 88.28%, Err 0 (0.0e+00)
541.550 .... 1864 packets received, 7058 bps, 88.22%, Err 0 (0.0e+00)
543.654 .... 1870 packets received, 7053 bps, 88.16%, Err 0 (0.0e+00)
544.075 ** WARNING: System too busy, sleep 15 ms, but be awakened 68 ms later
545.780 .... 1876 packets received, 7048 bps, 88.10%, Err 0 (0.0e+00)
548.120 ** WARNING: System too busy, sleep 15 ms, but be awakened 80 ms later
548.217 .... 1883 packets received, 7043 bps, 88.04%, Err 0 (0.0e+00)
550.270 .... 1889 packets received, 7039 bps, 87.99%, Err 0 (0.0e+00)
552.415 .... 1895 packets received, 7034 bps, 87.92%, Err 0 (0.0e+00)
554.533 .... 1901 packets received, 7029 bps, 87.87%, Err 0 (0.0e+00)
556.685 .... 1907 packets received, 7024 bps, 87.80%, Err 0 (0.0e+00)
557.442 ** WARNING: System too busy, sleep 15 ms, but be awakened 66 ms later
558.839 .... 1913 packets received, 7019 bps, 87.74%, Err 0 (0.0e+00)
560.288 ** WARNING: System too busy, sleep 15 ms, but be awakened 72 ms later
561.262 .... 1920 packets received, 7014 bps, 87.68%, Err 0 (0.0e+00)
563.364 .... 1926 packets received, 7010 bps, 87.62%, Err 0 (0.0e+00)
565.480 .... 1932 packets received, 7005 bps, 87.57%, Err 0 (0.0e+00)
567.599 .... 1938 packets received, 7001 bps, 87.51%, Err 0 (0.0e+00)
569.697 .... 1944 packets received, 6997 bps, 87.46%, Err 0 (0.0e+00)
571.837 .... 1950 packets received, 6992 bps, 87.40%, Err 0 (0.0e+00)
573.953 .... 1956 packets received, 6988 bps, 87.35%, Err 0 (0.0e+00)
576.073 .... 1962 packets received, 6983 bps, 87.29%, Err 0 (0.0e+00)
578.199 .... 1968 packets received, 6979 bps, 87.24%, Err 0 (0.0e+00)
580.307 .... 1974 packets received, 6975 bps, 87.18%, Err 0 (0.0e+00)
582.438 .... 1980 packets received, 6970 bps, 87.13%, Err 0 (0.0e+00)
584.545 .... 1986 packets received, 6966 bps, 87.08%, Err 0 (0.0e+00)
586.672 .... 1992 packets received, 6962 bps, 87.02%, Err 0 (0.0e+00)
588.803 .... 1998 packets received, 6957 bps, 86.97%, Err 0 (0.0e+00)
590.926 .... 2004 packets received, 6953 bps, 86.92%, Err 0 (0.0e+00)
593.023 .... 2010 packets received, 6949 bps, 86.87%, Err 0 (0.0e+00)
595.160 .... 2016 packets received, 6945 bps, 86.81%, Err 0 (0.0e+00)
597.528 .... 2023 packets received, 6942 bps, 86.77%, Err 0 (0.0e+00)
599.659 .... 2029 packets received, 6937 bps, 86.72%, Err 0 (0.0e+00)
601.786 .... 2036 packets received, 6937 bps, 86.71%, Err 0 (0.0e+00)
603.907 .... 2042 packets received, 6933 bps, 86.66%, Err 0 (0.0e+00)
606.010 .... 2048 packets received, 6929 bps, 86.61%, Err 0 (0.0e+00)
608.140 .... 2054 packets received, 6925 bps, 86.56%, Err 0 (0.0e+00)
610.273 .... 2060 packets received, 6921 bps, 86.51%, Err 0 (0.0e+00)
612.366 .... 2066 packets received, 6917 bps, 86.46%, Err 0 (0.0e+00)
614.494 .... 2072 packets received, 6913 bps, 86.41%, Err 0 (0.0e+00)
616.627 .... 2078 packets received, 6909 bps, 86.36%, Err 0 (0.0e+00)
617.363 ** WARNING: System too busy, sleep 15 ms, but be awakened 88 ms later
618.747 .... 2084 packets received, 6905 bps, 86.32%, Err 0 (0.0e+00)
620.879 .... 2090 packets received, 6901 bps, 86.27%, Err 0 (0.0e+00)
622.997 .... 2096 packets received, 6898 bps, 86.22%, Err 0 (0.0e+00)
625.146 .... 2103 packets received, 6897 bps, 86.21%, Err 0 (0.0e+00)
627.290 .... 2109 packets received, 6893 bps, 86.16%, Err 0 (0.0e+00)
629.406 .... 2115 packets received, 6889 bps, 86.12%, Err 0 (0.0e+00)
631.543 .... 2122 packets received, 6889 bps, 86.11%, Err 0 (0.0e+00)
633.670 .... 2128 packets received, 6885 bps, 86.06%, Err 0 (0.0e+00)
635.800 .... 2134 packets received, 6881 bps, 86.01%, Err 0 (0.0e+00)
637.911 .... 2141 packets received, 6881 bps, 86.01%, Err 0 (0.0e+00)
640.055 .... 2147 packets received, 6877 bps, 85.96%, Err 0 (0.0e+00)
642.444 .... 2154 packets received, 6874 bps, 85.92%, Err 0 (0.0e+00)
644.845 .... 2161 packets received, 6870 bps, 85.88%, Err 0 (0.0e+00)
646.970 .... 2168 packets received, 6870 bps, 85.87%, Err 0 (0.0e+00)
649.128 .... 2174 packets received, 6866 bps, 85.83%, Err 0 (0.0e+00)
651.255 .... 2180 packets received, 6863 bps, 85.78%, Err 0 (0.0e+00)
653.370 .... 2187 packets received, 6862 bps, 85.78%, Err 0 (0.0e+00)
655.524 .... 2193 packets received, 6858 bps, 85.73%, Err 0 (0.0e+00)
657.645 .... 2199 packets received, 6855 bps, 85.69%, Err 0 (0.0e+00)
660.042 .... 2206 packets received, 6852 bps, 85.65%, Err 0 (0.0e+00)
662.172 .... 2212 packets received, 6848 bps, 85.60%, Err 0 (0.0e+00)
664.318 .... 2219 packets received, 6848 bps, 85.60%, Err 0 (0.0e+00)
666.450 .... 2225 packets received, 6844 bps, 85.55%, Err 0 (0.0e+00)
668.577 .... 2231 packets received, 6841 bps, 85.51%, Err 0 (0.0e+00)
670.972 .... 2238 packets received, 6838 bps, 85.47%, Err 0 (0.0e+00)
673.108 .... 2244 packets received, 6834 bps, 85.43%, Err 0 (0.0e+00)
675.249 .... 2251 packets received, 6834 bps, 85.42%, Err 0 (0.0e+00)
677.372 .... 2257 packets received, 6831 bps, 85.38%, Err 0 (0.0e+00)
679.512 .... 2263 packets received, 6827 bps, 85.34%, Err 0 (0.0e+00)
681.890 .... 2270 packets received, 6824 bps, 85.31%, Err 0 (0.0e+00)
684.298 .... 2277 packets received, 6821 bps, 85.27%, Err 0 (0.0e+00)
686.708 .... 2284 packets received, 6818 bps, 85.23%, Err 0 (0.0e+00)
689.100 .... 2291 packets received, 6815 bps, 85.19%, Err 0 (0.0e+00)
691.220 .... 2298 packets received, 6815 bps, 85.19%, Err 0 (0.0e+00)
693.363 .... 2304 packets received, 6812 bps, 85.15%, Err 0 (0.0e+00)
695.475 .... 2310 packets received, 6809 bps, 85.11%, Err 0 (0.0e+00)
697.894 .... 2317 packets received, 6806 bps, 85.07%, Err 0 (0.0e+00)
700.019 .... 2324 packets received, 6806 bps, 85.07%, Err 0 (0.0e+00)
702.161 .... 2330 packets received, 6802 bps, 85.03%, Err 0 (0.0e+00)
704.267 .... 2336 packets received, 6800 bps, 84.99%, Err 0 (0.0e+00)
706.380 .... 2342 packets received, 6797 bps, 84.96%, Err 0 (0.0e+00)
708.525 .... 2348 packets received, 6793 bps, 84.92%, Err 0 (0.0e+00)
710.641 .... 2354 packets received, 6790 bps, 84.88%, Err 0 (0.0e+00)
712.766 .... 2360 packets received, 6787 bps, 84.84%, Err 0 (0.0e+00)
714.869 .... 2366 packets received, 6785 bps, 84.81%, Err 0 (0.0e+00)
716.998 .... 2372 packets received, 6782 bps, 84.77%, Err 0 (0.0e+00)
719.134 .... 2378 packets received, 6779 bps, 84.73%, Err 0 (0.0e+00)
721.235 .... 2384 packets received, 6776 bps, 84.70%, Err 0 (0.0e+00)
723.367 .... 2390 packets received, 6773 bps, 84.66%, Err 0 (0.0e+00)
725.488 .... 2396 packets received, 6770 bps, 84.62%, Err 0 (0.0e+00)
727.591 .... 2402 packets received, 6767 bps, 84.59%, Err 0 (0.0e+00)
729.705 .... 2408 packets received, 6765 bps, 84.56%, Err 0 (0.0e+00)
731.849 .... 2414 packets received, 6762 bps, 84.52%, Err 0 (0.0e+00)
733.961 .... 2420 packets received, 6759 bps, 84.48%, Err 0 (0.0e+00)
736.082 .... 2427 packets received, 6759 bps, 84.48%, Err 0 (0.0e+00)
738.210 .... 2433 packets received, 6756 bps, 84.45%, Err 0 (0.0e+00)
740.334 .... 2439 packets received, 6753 bps, 84.41%, Err 0 (0.0e+00)
742.431 .... 2445 packets received, 6751 bps, 84.38%, Err 0 (0.0e+00)
744.562 .... 2451 packets received, 6748 bps, 84.35%, Err 0 (0.0e+00)
746.677 .... 2457 packets received, 6745 bps, 84.31%, Err 0 (0.0e+00)
748.802 .... 2463 packets received, 6742 bps, 84.28%, Err 0 (0.0e+00)
750.944 .... 2469 packets received, 6740 bps, 84.24%, Err 0 (0.0e+00)
753.029 .... 2475 packets received, 6737 bps, 84.22%, Err 0 (0.0e+00)
755.167 .... 2481 packets received, 6734 bps, 84.18%, Err 0 (0.0e+00)
757.265 .... 2487 packets received, 6732 bps, 84.15%, Err 0 (0.0e+00)
759.417 .... 2493 packets received, 6729 bps, 84.11%, Err 0 (0.0e+00)
761.527 .... 2499 packets received, 6727 bps, 84.08%, Err 0 (0.0e+00)
763.649 .... 2505 packets received, 6724 bps, 84.05%, Err 0 (0.0e+00)
765.765 .... 2511 packets received, 6721 bps, 84.02%, Err 0 (0.0e+00)
767.885 .... 2517 packets received, 6719 bps, 83.99%, Err 0 (0.0e+00)
770.041 .... 2524 packets received, 6719 bps, 83.98%, Err 0 (0.0e+00)
772.117 .... 2530 packets received, 6717 bps, 83.96%, Err 0 (0.0e+00)
774.245 .... 2536 packets received, 6714 bps, 83.92%, Err 0 (0.0e+00)
776.357 .... 2542 packets received, 6711 bps, 83.89%, Err 0 (0.0e+00)
778.475 .... 2548 packets received, 6709 bps, 83.86%, Err 0 (0.0e+00)
780.593 .... 2554 packets received, 6707 bps, 83.83%, Err 0 (0.0e+00)
782.724 .... 2560 packets received, 6704 bps, 83.80%, Err 0 (0.0e+00)
784.853 .... 2566 packets received, 6701 bps, 83.77%, Err 0 (0.0e+00)
786.956 .... 2572 packets received, 6699 bps, 83.74%, Err 0 (0.0e+00)
789.078 .... 2578 packets received, 6697 bps, 83.71%, Err 0 (0.0e+00)
791.193 .... 2584 packets received, 6694 bps, 83.68%, Err 0 (0.0e+00)
793.331 .... 2590 packets received, 6692 bps, 83.65%, Err 0 (0.0e+00)
795.441 .... 2596 packets received, 6689 bps, 83.62%, Err 0 (0.0e+00)
797.568 .... 2602 packets received, 6687 bps, 83.59%, Err 0 (0.0e+00)
799.686 .... 2608 packets received, 6685 bps, 83.56%, Err 0 (0.0e+00)
801.796 .... 2614 packets received, 6682 bps, 83.53%, Err 0 (0.0e+00)
803.927 .... 2620 packets received, 6680 bps, 83.50%, Err 0 (0.0e+00)
806.039 .... 2626 packets received, 6678 bps, 83.47%, Err 0 (0.0e+00)
808.178 .... 2632 packets received, 6675 bps, 83.44%, Err 0 (0.0e+00)
810.282 .... 2638 packets received, 6673 bps, 83.41%, Err 0 (0.0e+00)
812.395 .... 2644 packets received, 6671 bps, 83.39%, Err 0 (0.0e+00)
814.532 .... 2650 packets received, 6668 bps, 83.36%, Err 0 (0.0e+00)
816.647 .... 2656 packets received, 6666 bps, 83.33%, Err 0 (0.0e+00)
818.777 .... 2662 packets received, 6664 bps, 83.30%, Err 0 (0.0e+00)
820.878 .... 2668 packets received, 6662 bps, 83.27%, Err 0 (0.0e+00)
822.988 .... 2674 packets received, 6660 bps, 83.25%, Err 0 (0.0e+00)
825.117 .... 2680 packets received, 6657 bps, 83.22%, Err 0 (0.0e+00)
827.259 .... 2686 packets received, 6655 bps, 83.19%, Err 0 (0.0e+00)
829.377 .... 2693 packets received, 6655 bps, 83.19%, Err 0 (0.0e+00)
831.533 .... 2699 packets received, 6653 bps, 83.16%, Err 0 (0.0e+00)
833.664 .... 2705 packets received, 6651 bps, 83.13%, Err 0 (0.0e+00)
836.032 .... 2712 packets received, 6649 bps, 83.11%, Err 0 (0.0e+00)
838.169 .... 2719 packets received, 6649 bps, 83.11%, Err 0 (0.0e+00)
840.307 .... 2725 packets received, 6647 bps, 83.08%, Err 0 (0.0e+00)
842.439 .... 2731 packets received, 6644 bps, 83.06%, Err 0 (0.0e+00)
844.574 .... 2738 packets received, 6645 bps, 83.06%, Err 0 (0.0e+00)
846.711 .... 2744 packets received, 6642 bps, 83.03%, Err 0 (0.0e+00)
848.837 .... 2750 packets received, 6640 bps, 83.00%, Err 0 (0.0e+00)
851.242 .... 2757 packets received, 6638 bps, 82.98%, Err 0 (0.0e+00)
853.365 .... 2764 packets received, 6639 bps, 82.98%, Err 0 (0.0e+00)
855.486 .... 2770 packets received, 6636 bps, 82.96%, Err 0 (0.0e+00)
857.883 .... 2777 packets received, 6635 bps, 82.93%, Err 0 (0.0e+00)
860.020 .... 2784 packets received, 6635 bps, 82.94%, Err 0 (0.0e+00)
862.165 .... 2790 packets received, 6633 bps, 82.91%, Err 0 (0.0e+00)
864.271 .... 2796 packets received, 6631 bps, 82.88%, Err 0 (0.0e+00)
866.687 .... 2803 packets received, 6629 bps, 82.86%, Err 0 (0.0e+00)
868.812 .... 2810 packets received, 6629 bps, 82.86%, Err 0 (0.0e+00)
870.969 .... 2816 packets received, 6627 bps, 82.83%, Err 0 (0.0e+00)
873.093 .... 2822 packets received, 6625 bps, 82.81%, Err 0 (0.0e+00)
875.496 .... 2829 packets received, 6623 bps, 82.78%, Err 0 (0.0e+00)
877.607 .... 2836 packets received, 6623 bps, 82.79%, Err 0 (0.0e+00)
879.755 .... 2842 packets received, 6621 bps, 82.76%, Err 0 (0.0e+00)
882.146 .... 2849 packets received, 6619 bps, 82.74%, Err 0 (0.0e+00)
884.554 .... 2856 packets received, 6617 bps, 82.72%, Err 0 (0.0e+00)
886.673 .... 2863 packets received, 6618 bps, 82.72%, Err 0 (0.0e+00)
888.820 .... 2869 packets received, 6616 bps, 82.70%, Err 0 (0.0e+00)
890.952 .... 2875 packets received, 6614 bps, 82.67%, Err 0 (0.0e+00)
893.069 .... 2882 packets received, 6614 bps, 82.68%, Err 0 (0.0e+00)
895.210 .... 2888 packets received, 6612 bps, 82.65%, Err 0 (0.0e+00)
897.348 .... 2894 packets received, 6610 bps, 82.62%, Err 0 (0.0e+00)
899.467 .... 2900 packets received, 6608 bps, 82.60%, Err 0 (0.0e+00)
901.581 .... 2906 packets received, 6606 bps, 82.58%, Err 0 (0.0e+00)
903.718 .... 2912 packets received, 6604 bps, 82.55%, Err 0 (0.0e+00)
905.848 .... 2918 packets received, 6602 bps, 82.53%, Err 0 (0.0e+00)
907.957 .... 2924 packets received, 6600 bps, 82.50%, Err 0 (0.0e+00)
910.062 .... 2930 packets received, 6599 bps, 82.48%, Err 0 (0.0e+00)
912.188 .... 2936 packets received, 6597 bps, 82.46%, Err 0 (0.0e+00)
914.321 .... 2942 packets received, 6595 bps, 82.43%, Err 0 (0.0e+00)
916.425 .... 2948 packets received, 6593 bps, 82.41%, Err 0 (0.0e+00)
918.548 .... 2954 packets received, 6591 bps, 82.39%, Err 0 (0.0e+00)
920.663 .... 2960 packets received, 6589 bps, 82.37%, Err 0 (0.0e+00)
922.785 .... 2966 packets received, 6587 bps, 82.34%, Err 0 (0.0e+00)
924.906 .... 2972 packets received, 6586 bps, 82.32%, Err 0 (0.0e+00)
927.029 .... 2978 packets received, 6584 bps, 82.30%, Err 0 (0.0e+00)
929.150 .... 2984 packets received, 6582 bps, 82.27%, Err 0 (0.0e+00)
931.285 .... 2990 packets received, 6580 bps, 82.25%, Err 0 (0.0e+00)
933.378 .... 2996 packets received, 6578 bps, 82.23%, Err 0 (0.0e+00)
935.513 .... 3002 packets received, 6577 bps, 82.21%, Err 0 (0.0e+00)
937.644 .... 3008 packets received, 6575 bps, 82.18%, Err 0 (0.0e+00)
939.755 .... 3014 packets received, 6573 bps, 82.16%, Err 0 (0.0e+00)
941.881 .... 3020 packets received, 6571 bps, 82.14%, Err 0 (0.0e+00)
943.987 .... 3026 packets received, 6570 bps, 82.12%, Err 0 (0.0e+00)
946.100 .... 3032 packets received, 6568 bps, 82.10%, Err 0 (0.0e+00)
948.227 .... 3038 packets received, 6566 bps, 82.08%, Err 0 (0.0e+00)
950.355 .... 3044 packets received, 6564 bps, 82.05%, Err 0 (0.0e+00)
952.469 .... 3050 packets received, 6563 bps, 82.03%, Err 0 (0.0e+00)
954.629 .... 3056 packets received, 6561 bps, 82.01%, Err 0 (0.0e+00)
956.714 .... 3063 packets received, 6561 bps, 82.02%, Err 0 (0.0e+00)
958.834 .... 3069 packets received, 6560 bps, 82.00%, Err 0 (0.0e+00)
960.949 .... 3075 packets received, 6558 bps, 81.98%, Err 0 (0.0e+00)
963.073 .... 3082 packets received, 6559 bps, 81.98%, Err 0 (0.0e+00)
965.181 .... 3088 packets received, 6557 bps, 81.96%, Err 0 (0.0e+00)
967.319 .... 3095 packets received, 6557 bps, 81.97%, Err 0 (0.0e+00)
969.433 .... 3101 packets received, 6556 bps, 81.95%, Err 0 (0.0e+00)
971.560 .... 3107 packets received, 6554 bps, 81.92%, Err 0 (0.0e+00)
973.679 .... 3113 packets received, 6552 bps, 81.90%, Err 0 (0.0e+00)
975.779 .... 3119 packets received, 6551 bps, 81.88%, Err 0 (0.0e+00)
977.894 .... 3125 packets received, 6549 bps, 81.86%, Err 0 (0.0e+00)
980.036 .... 3131 packets received, 6547 bps, 81.84%, Err 0 (0.0e+00)
982.149 .... 3137 packets received, 6546 bps, 81.82%, Err 0 (0.0e+00)
984.262 .... 3143 packets received, 6544 bps, 81.80%, Err 0 (0.0e+00)
986.389 .... 3149 packets received, 6543 bps, 81.78%, Err 0 (0.0e+00)
988.507 .... 3155 packets received, 6541 bps, 81.76%, Err 0 (0.0e+00)
990.639 .... 3162 packets received, 6541 bps, 81.77%, Err 0 (0.0e+00)
992.760 .... 3168 packets received, 6540 bps, 81.75%, Err 0 (0.0e+00)
994.852 .... 3174 packets received, 6538 bps, 81.73%, Err 0 (0.0e+00)
996.998 .... 3180 packets received, 6537 bps, 81.71%, Err 0 (0.0e+00)
999.118 .... 3187 packets received, 6537 bps, 81.71%, Err 0 (0.0e+00)
1001.238 .... 3193 packets received, 6536 bps, 81.69%, Err 0 (0.0e+00)
1003.349 .... 3199 packets received, 6534 bps, 81.68%, Err 0 (0.0e+00)
1005.467 .... 3205 packets received, 6533 bps, 81.66%, Err 0 (0.0e+00)
1007.578 .... 3211 packets received, 6531 bps, 81.64%, Err 0 (0.0e+00)
1009.704 .... 3217 packets received, 6529 bps, 81.62%, Err 0 (0.0e+00)
1011.818 .... 3223 packets received, 6528 bps, 81.60%, Err 0 (0.0e+00)
1013.951 .... 3229 packets received, 6526 bps, 81.58%, Err 0 (0.0e+00)
1016.081 .... 3235 packets received, 6525 bps, 81.56%, Err 0 (0.0e+00)
1018.185 .... 3241 packets received, 6523 bps, 81.54%, Err 0 (0.0e+00)
1020.328 .... 3247 packets received, 6522 bps, 81.52%, Err 0 (0.0e+00)
1022.699 .... 3254 packets received, 6521 bps, 81.51%, Err 0 (0.0e+00)
1024.847 .... 3260 packets received, 6519 bps, 81.49%, Err 0 (0.0e+00)
1026.957 .... 3267 packets received, 6519 bps, 81.49%, Err 0 (0.0e+00)
1029.107 .... 3273 packets received, 6518 bps, 81.47%, Err 0 (0.0e+00)
1031.228 .... 3279 packets received, 6516 bps, 81.45%, Err 0 (0.0e+00)
1033.649 .... 3286 packets received, 6515 bps, 81.44%, Err 0 (0.0e+00)
1036.026 .... 3293 packets received, 6514 bps, 81.42%, Err 0 (0.0e+00)
1038.434 .... 3300 packets received, 6512 bps, 81.41%, Err 0 (0.0e+00)
1040.839 .... 3307 packets received, 6511 bps, 81.39%, Err 0 (0.0e+00)
1042.954 .... 3314 packets received, 6512 bps, 81.40%, Err 0 (0.0e+00)
1045.082 .... 3320 packets received, 6510 bps, 81.38%, Err 0 (0.0e+00)
1047.488 .... 3327 packets received, 6509 bps, 81.36%, Err 0 (0.0e+00)
1049.637 .... 3334 packets received, 6509 bps, 81.37%, Err 0 (0.0e+00)
1051.752 .... 3340 packets received, 6508 bps, 81.35%, Err 0 (0.0e+00)
1053.865 .... 3346 packets received, 6506 bps, 81.33%, Err 0 (0.0e+00)
1056.278 .... 3353 packets received, 6505 bps, 81.32%, Err 0 (0.0e+00)
1058.657 .... 3360 packets received, 6504 bps, 81.30%, Err 0 (0.0e+00)
1061.085 .... 3367 packets received, 6503 bps, 81.28%, Err 0 (0.0e+00)
1063.475 .... 3374 packets received, 6502 bps, 81.27%, Err 0 (0.0e+00)
1065.870 .... 3381 packets received, 6500 bps, 81.26%, Err 0 (0.0e+00)
1068.017 .... 3387 packets received, 6499 bps, 81.24%, Err 0 (0.0e+00)
1070.145 .... 3394 packets received, 6499 bps, 81.24%, Err 0 (0.0e+00)
1072.274 .... 3400 packets received, 6498 bps, 81.22%, Err 0 (0.0e+00)
1074.411 .... 3406 packets received, 6496 bps, 81.21%, Err 0 (0.0e+00)
1076.538 .... 3413 packets received, 6497 bps, 81.21%, Err 0 (0.0e+00)
1078.686 .... 3419 packets received, 6495 bps, 81.19%, Err 0 (0.0e+00)
1080.814 .... 3425 packets received, 6494 bps, 81.17%, Err 0 (0.0e+00)
1083.202 .... 3432 packets received, 6493 bps, 81.16%, Err 0 (0.0e+00)
1085.612 .... 3439 packets received, 6492 bps, 81.15%, Err 0 (0.0e+00)
1087.984 .... 3446 packets received, 6491 bps, 81.13%, Err 0 (0.0e+00)
1090.409 .... 3453 packets received, 6489 bps, 81.12%, Err 0 (0.0e+00)
1092.779 .... 3460 packets received, 6488 bps, 81.11%, Err 0 (0.0e+00)
1094.935 .... 3467 packets received, 6489 bps, 81.11%, Err 0 (0.0e+00)
1097.064 .... 3473 packets received, 6487 bps, 81.09%, Err 0 (0.0e+00)
1099.191 .... 3479 packets received, 6486 bps, 81.07%, Err 0 (0.0e+00)
1101.330 .... 3486 packets received, 6486 bps, 81.08%, Err 0 (0.0e+00)
1103.433 .... 3492 packets received, 6485 bps, 81.06%, Err 0 (0.0e+00)
1105.557 .... 3499 packets received, 6486 bps, 81.07%, Err 0 (0.0e+00)
1107.673 .... 3505 packets received, 6484 bps, 81.05%, Err 0 (0.0e+00)
1109.796 .... 3511 packets received, 6483 bps, 81.04%, Err 0 (0.0e+00)
1111.908 .... 3517 packets received, 6482 bps, 81.02%, Err 0 (0.0e+00)
1114.039 .... 3523 packets received, 6480 bps, 81.01%, Err 0 (0.0e+00)
1116.163 .... 3530 packets received, 6481 bps, 81.01%, Err 0 (0.0e+00)
1118.276 .... 3536 packets received, 6480 bps, 81.00%, Err 0 (0.0e+00)
1120.406 .... 3542 packets received, 6478 bps, 80.98%, Err 0 (0.0e+00)
1122.517 .... 3548 packets received, 6477 bps, 80.96%, Err 0 (0.0e+00)
1124.640 .... 3555 packets received, 6478 bps, 80.97%, Err 0 (0.0e+00)
1126.762 .... 3561 packets received, 6476 bps, 80.95%, Err 0 (0.0e+00)
1128.882 .... 3567 packets received, 6475 bps, 80.94%, Err 0 (0.0e+00)
1131.005 .... 3573 packets received, 6474 bps, 80.92%, Err 0 (0.0e+00)
1133.111 .... 3579 packets received, 6473 bps, 80.91%, Err 0 (0.0e+00)
1135.233 .... 3585 packets received, 6471 bps, 80.89%, Err 0 (0.0e+00)
1137.368 .... 3591 packets received, 6470 bps, 80.87%, Err 0 (0.0e+00)
1139.464 .... 3597 packets received, 6469 bps, 80.86%, Err 0 (0.0e+00)
1141.595 .... 3603 packets received, 6468 bps, 80.84%, Err 0 (0.0e+00)
1143.725 .... 3609 packets received, 6466 bps, 80.83%, Err 0 (0.0e+00)
1145.836 .... 3615 packets received, 6465 bps, 80.81%, Err 0 (0.0e+00)
1147.968 .... 3621 packets received, 6464 bps, 80.80%, Err 0 (0.0e+00)
1150.077 .... 3627 packets received, 6463 bps, 80.78%, Err 0 (0.0e+00)
1152.206 .... 3633 packets received, 6461 bps, 80.77%, Err 0 (0.0e+00)
1154.314 .... 3639 packets received, 6460 bps, 80.75%, Err 0 (0.0e+00)
1156.428 .... 3645 packets received, 6459 bps, 80.74%, Err 0 (0.0e+00)
1158.827 .... 3652 packets received, 6458 bps, 80.72%, Err 0 (0.0e+00)
1160.959 .... 3658 packets received, 6457 bps, 80.71%, Err 0 (0.0e+00)
1163.058 .... 3664 packets received, 6456 bps, 80.69%, Err 0 (0.0e+00)
1165.185 .... 3670 packets received, 6454 bps, 80.68%, Err 0 (0.0e+00)
1167.300 .... 3676 packets received, 6453 bps, 80.66%, Err 0 (0.0e+00)
1169.423 .... 3682 packets received, 6452 bps, 80.65%, Err 0 (0.0e+00)
1171.550 .... 3688 packets received, 6451 bps, 80.63%, Err 0 (0.0e+00)
1173.669 .... 3694 packets received, 6450 bps, 80.62%, Err 0 (0.0e+00)
1175.783 .... 3700 packets received, 6448 bps, 80.61%, Err 0 (0.0e+00)
1177.912 .... 3706 packets received, 6447 bps, 80.59%, Err 0 (0.0e+00)
1180.022 .... 3712 packets received, 6446 bps, 80.58%, Err 0 (0.0e+00)
1182.145 .... 3718 packets received, 6445 bps, 80.56%, Err 0 (0.0e+00)
1184.268 .... 3724 packets received, 6444 bps, 80.55%, Err 0 (0.0e+00)
1186.389 .... 3730 packets received, 6443 bps, 80.53%, Err 0 (0.0e+00)
1188.501 .... 3737 packets received, 6443 bps, 80.54%, Err 0 (0.0e+00)
1190.629 .... 3743 packets received, 6442 bps, 80.52%, Err 0 (0.0e+00)
1192.751 .... 3749 packets received, 6441 bps, 80.51%, Err 0 (0.0e+00)
1194.869 .... 3755 packets received, 6440 bps, 80.50%, Err 0 (0.0e+00)
1196.997 .... 3761 packets received, 6438 bps, 80.48%, Err 0 (0.0e+00)
1199.095 .... 3767 packets received, 6437 bps, 80.47%, Err 0 (0.0e+00)
1200.031 Quit.
