000.000 =============================================================
000.000                     Station A                               
000.000 -------------------------------------------------------------
000.000 Protocol.lib, version 4.0, jiangyanjun0718@bupt.edu.cn
000.000 Channel: 8000 bps, 270 ms propagation delay, bit error rate 0
000.000 Log file "ufA.log", TCP port 30013, debug mask 0x00
000.000 Station A is waiting for station B on TCP port 30013 ... Done.
000.417 New epoch: Thu May 16 20:30:25 2019
000.417 =================================================================
000.417 
000.417 Designed by CJSoft, build: May 16 2019  20:29:14
002.802 .... 8 packets received, 7728 bps, 96.60%, Err 0 (0.0e+00)
004.978 .... 16 packets received, 7628 bps, 95.34%, Err 0 (0.0e+00)
007.098 .... 24 packets received, 7661 bps, 95.76%, Err 0 (0.0e+00)
009.226 .... 32 packets received, 7670 bps, 95.88%, Err 0 (0.0e+00)
011.349 .... 40 packets received, 7680 bps, 96.00%, Err 0 (0.0e+00)
013.455 .... 48 packets received, 7696 bps, 96.20%, Err 0 (0.0e+00)
015.585 .... 56 packets received, 7696 bps, 96.20%, Err 0 (0.0e+00)
017.691 .... 64 packets received, 7706 bps, 96.33%, Err 0 (0.0e+00)
019.820 .... 72 packets received, 7705 bps, 96.31%, Err 0 (0.0e+00)
021.941 .... 80 packets received, 7707 bps, 96.34%, Err 0 (0.0e+00)
024.074 .... 88 packets received, 7705 bps, 96.31%, Err 0 (0.0e+00)
026.193 .... 96 packets received, 7707 bps, 96.33%, Err 0 (0.0e+00)
028.316 .... 104 packets received, 7708 bps, 96.35%, Err 0 (0.0e+00)
030.434 .... 112 packets received, 7710 bps, 96.37%, Err 0 (0.0e+00)
032.563 .... 120 packets received, 7709 bps, 96.36%, Err 0 (0.0e+00)
034.676 .... 128 packets received, 7711 bps, 96.39%, Err 0 (0.0e+00)
036.793 .... 136 packets received, 7713 bps, 96.41%, Err 0 (0.0e+00)
038.939 .... 144 packets received, 7709 bps, 96.36%, Err 0 (0.0e+00)
041.039 .... 152 packets received, 7714 bps, 96.42%, Err 0 (0.0e+00)
043.148 .... 160 packets received, 7716 bps, 96.45%, Err 0 (0.0e+00)
045.286 .... 168 packets received, 7714 bps, 96.42%, Err 0 (0.0e+00)
047.403 .... 176 packets received, 7715 bps, 96.44%, Err 0 (0.0e+00)
049.507 .... 184 packets received, 7718 bps, 96.48%, Err 0 (0.0e+00)
051.637 .... 192 packets received, 7717 bps, 96.46%, Err 0 (0.0e+00)
053.760 .... 200 packets received, 7717 bps, 96.46%, Err 0 (0.0e+00)
055.891 .... 208 packets received, 7716 bps, 96.45%, Err 0 (0.0e+00)
058.002 .... 216 packets received, 7718 bps, 96.47%, Err 0 (0.0e+00)
060.128 .... 224 packets received, 7717 bps, 96.46%, Err 0 (0.0e+00)
062.236 .... 232 packets received, 7719 bps, 96.49%, Err 0 (0.0e+00)
064.364 .... 240 packets received, 7718 bps, 96.48%, Err 0 (0.0e+00)
066.476 .... 248 packets received, 7720 bps, 96.50%, Err 0 (0.0e+00)
068.619 .... 256 packets received, 7717 bps, 96.47%, Err 0 (0.0e+00)
070.716 .... 264 packets received, 7720 bps, 96.50%, Err 0 (0.0e+00)
072.830 .... 272 packets received, 7721 bps, 96.51%, Err 0 (0.0e+00)
074.956 .... 280 packets received, 7721 bps, 96.51%, Err 0 (0.0e+00)
077.093 .... 288 packets received, 7719 bps, 96.49%, Err 0 (0.0e+00)
079.193 .... 296 packets received, 7721 bps, 96.52%, Err 0 (0.0e+00)
081.328 .... 304 packets received, 7720 bps, 96.50%, Err 0 (0.0e+00)
083.437 .... 312 packets received, 7721 bps, 96.52%, Err 0 (0.0e+00)
085.563 .... 320 packets received, 7721 bps, 96.51%, Err 0 (0.0e+00)
087.675 .... 328 packets received, 7722 bps, 96.52%, Err 0 (0.0e+00)
089.811 .... 336 packets received, 7721 bps, 96.51%, Err 0 (0.0e+00)
091.920 .... 344 packets received, 7722 bps, 96.52%, Err 0 (0.0e+00)
094.040 .... 352 packets received, 7722 bps, 96.52%, Err 0 (0.0e+00)
096.148 .... 360 packets received, 7723 bps, 96.54%, Err 0 (0.0e+00)
098.295 .... 368 packets received, 7721 bps, 96.51%, Err 0 (0.0e+00)
100.400 .... 376 packets received, 7722 bps, 96.53%, Err 0 (0.0e+00)
102.521 .... 384 packets received, 7722 bps, 96.53%, Err 0 (0.0e+00)
104.635 .... 392 packets received, 7723 bps, 96.54%, Err 0 (0.0e+00)
106.757 .... 400 packets received, 7723 bps, 96.54%, Err 0 (0.0e+00)
108.890 .... 408 packets received, 7722 bps, 96.53%, Err 0 (0.0e+00)
111.012 .... 416 packets received, 7722 bps, 96.52%, Err 0 (0.0e+00)
113.121 .... 424 packets received, 7723 bps, 96.54%, Err 0 (0.0e+00)
115.255 .... 432 packets received, 7722 bps, 96.53%, Err 0 (0.0e+00)
117.398 .... 440 packets received, 7721 bps, 96.51%, Err 0 (0.0e+00)
119.485 .... 448 packets received, 7723 bps, 96.54%, Err 0 (0.0e+00)
121.614 .... 456 packets received, 7722 bps, 96.53%, Err 0 (0.0e+00)
123.726 .... 464 packets received, 7723 bps, 96.54%, Err 0 (0.0e+00)
125.834 .... 472 packets received, 7724 bps, 96.55%, Err 0 (0.0e+00)
127.958 .... 480 packets received, 7724 bps, 96.55%, Err 0 (0.0e+00)
130.096 .... 488 packets received, 7723 bps, 96.53%, Err 0 (0.0e+00)
132.199 .... 496 packets received, 7724 bps, 96.55%, Err 0 (0.0e+00)
134.317 .... 504 packets received, 7724 bps, 96.55%, Err 0 (0.0e+00)
136.445 .... 512 packets received, 7724 bps, 96.54%, Err 0 (0.0e+00)
138.556 .... 520 packets received, 7724 bps, 96.55%, Err 0 (0.0e+00)
140.686 .... 528 packets received, 7724 bps, 96.55%, Err 0 (0.0e+00)
142.804 .... 536 packets received, 7724 bps, 96.55%, Err 0 (0.0e+00)
144.933 .... 544 packets received, 7723 bps, 96.54%, Err 0 (0.0e+00)
147.051 .... 552 packets received, 7724 bps, 96.55%, Err 0 (0.0e+00)
149.164 .... 560 packets received, 7724 bps, 96.55%, Err 0 (0.0e+00)
151.273 .... 568 packets received, 7725 bps, 96.56%, Err 0 (0.0e+00)
153.394 .... 576 packets received, 7725 bps, 96.56%, Err 0 (0.0e+00)
155.531 .... 584 packets received, 7724 bps, 96.55%, Err 0 (0.0e+00)
157.651 .... 592 packets received, 7724 bps, 96.55%, Err 0 (0.0e+00)
159.755 .... 600 packets received, 7725 bps, 96.56%, Err 0 (0.0e+00)
161.896 .... 608 packets received, 7724 bps, 96.55%, Err 0 (0.0e+00)
164.010 .... 616 packets received, 7724 bps, 96.55%, Err 0 (0.0e+00)
166.133 .... 624 packets received, 7724 bps, 96.55%, Err 0 (0.0e+00)
168.252 .... 632 packets received, 7724 bps, 96.55%, Err 0 (0.0e+00)
170.366 .... 640 packets received, 7724 bps, 96.56%, Err 0 (0.0e+00)
172.495 .... 648 packets received, 7724 bps, 96.55%, Err 0 (0.0e+00)
174.612 .... 656 packets received, 7724 bps, 96.55%, Err 0 (0.0e+00)
176.721 .... 664 packets received, 7725 bps, 96.56%, Err 0 (0.0e+00)
178.854 .... 672 packets received, 7724 bps, 96.55%, Err 0 (0.0e+00)
180.969 .... 680 packets received, 7725 bps, 96.56%, Err 0 (0.0e+00)
183.091 .... 688 packets received, 7725 bps, 96.56%, Err 0 (0.0e+00)
185.195 .... 696 packets received, 7725 bps, 96.57%, Err 0 (0.0e+00)
187.335 .... 704 packets received, 7724 bps, 96.56%, Err 0 (0.0e+00)
189.442 .... 712 packets received, 7725 bps, 96.56%, Err 0 (0.0e+00)
191.552 .... 720 packets received, 7725 bps, 96.57%, Err 0 (0.0e+00)
193.676 .... 728 packets received, 7725 bps, 96.57%, Err 0 (0.0e+00)
195.810 .... 736 packets received, 7725 bps, 96.56%, Err 0 (0.0e+00)
197.913 .... 744 packets received, 7726 bps, 96.57%, Err 0 (0.0e+00)
200.042 .... 752 packets received, 7725 bps, 96.57%, Err 0 (0.0e+00)
202.154 .... 760 packets received, 7726 bps, 96.57%, Err 0 (0.0e+00)
204.281 .... 768 packets received, 7725 bps, 96.57%, Err 0 (0.0e+00)
206.410 .... 776 packets received, 7725 bps, 96.56%, Err 0 (0.0e+00)
208.533 .... 784 packets received, 7725 bps, 96.56%, Err 0 (0.0e+00)
210.632 .... 792 packets received, 7726 bps, 96.57%, Err 0 (0.0e+00)
212.765 .... 800 packets received, 7725 bps, 96.57%, Err 0 (0.0e+00)
214.879 .... 808 packets received, 7726 bps, 96.57%, Err 0 (0.0e+00)
217.003 .... 816 packets received, 7725 bps, 96.57%, Err 0 (0.0e+00)
219.125 .... 824 packets received, 7725 bps, 96.57%, Err 0 (0.0e+00)
221.255 .... 832 packets received, 7725 bps, 96.56%, Err 0 (0.0e+00)
223.370 .... 840 packets received, 7725 bps, 96.57%, Err 0 (0.0e+00)
225.489 .... 848 packets received, 7725 bps, 96.57%, Err 0 (0.0e+00)
227.585 .... 856 packets received, 7726 bps, 96.58%, Err 0 (0.0e+00)
229.704 .... 864 packets received, 7726 bps, 96.58%, Err 0 (0.0e+00)
231.837 .... 872 packets received, 7726 bps, 96.57%, Err 0 (0.0e+00)
233.978 .... 880 packets received, 7725 bps, 96.56%, Err 0 (0.0e+00)
236.079 .... 888 packets received, 7726 bps, 96.57%, Err 0 (0.0e+00)
238.195 .... 896 packets received, 7726 bps, 96.57%, Err 0 (0.0e+00)
240.311 .... 904 packets received, 7726 bps, 96.58%, Err 0 (0.0e+00)
242.447 .... 912 packets received, 7726 bps, 96.57%, Err 0 (0.0e+00)
244.554 .... 920 packets received, 7726 bps, 96.58%, Err 0 (0.0e+00)
246.676 .... 928 packets received, 7726 bps, 96.57%, Err 0 (0.0e+00)
248.785 .... 936 packets received, 7726 bps, 96.58%, Err 0 (0.0e+00)
250.924 .... 944 packets received, 7726 bps, 96.57%, Err 0 (0.0e+00)
253.054 .... 952 packets received, 7725 bps, 96.57%, Err 0 (0.0e+00)
255.167 .... 960 packets received, 7726 bps, 96.57%, Err 0 (0.0e+00)
257.270 .... 968 packets received, 7726 bps, 96.58%, Err 0 (0.0e+00)
259.412 .... 976 packets received, 7726 bps, 96.57%, Err 0 (0.0e+00)
261.516 .... 984 packets received, 7726 bps, 96.58%, Err 0 (0.0e+00)
263.640 .... 992 packets received, 7726 bps, 96.58%, Err 0 (0.0e+00)
265.757 .... 1000 packets received, 7726 bps, 96.58%, Err 0 (0.0e+00)
267.883 .... 1008 packets received, 7726 bps, 96.57%, Err 0 (0.0e+00)
269.989 .... 1016 packets received, 7726 bps, 96.58%, Err 0 (0.0e+00)
272.118 .... 1024 packets received, 7726 bps, 96.58%, Err 0 (0.0e+00)
274.232 .... 1032 packets received, 7726 bps, 96.58%, Err 0 (0.0e+00)
276.365 .... 1040 packets received, 7726 bps, 96.57%, Err 0 (0.0e+00)
278.495 .... 1048 packets received, 7726 bps, 96.57%, Err 0 (0.0e+00)
280.600 .... 1056 packets received, 7726 bps, 96.58%, Err 0 (0.0e+00)
282.721 .... 1064 packets received, 7726 bps, 96.58%, Err 0 (0.0e+00)
284.848 .... 1072 packets received, 7726 bps, 96.57%, Err 0 (0.0e+00)
286.967 .... 1080 packets received, 7726 bps, 96.58%, Err 0 (0.0e+00)
289.083 .... 1088 packets received, 7726 bps, 96.58%, Err 0 (0.0e+00)
291.208 .... 1096 packets received, 7726 bps, 96.58%, Err 0 (0.0e+00)
293.332 .... 1104 packets received, 7726 bps, 96.57%, Err 0 (0.0e+00)
295.425 .... 1112 packets received, 7727 bps, 96.58%, Err 0 (0.0e+00)
297.570 .... 1120 packets received, 7726 bps, 96.58%, Err 0 (0.0e+00)
299.681 .... 1128 packets received, 7726 bps, 96.58%, Err 0 (0.0e+00)
301.803 .... 1136 packets received, 7726 bps, 96.58%, Err 0 (0.0e+00)
303.922 .... 1144 packets received, 7726 bps, 96.58%, Err 0 (0.0e+00)
306.033 .... 1152 packets received, 7727 bps, 96.58%, Err 0 (0.0e+00)
308.165 .... 1160 packets received, 7726 bps, 96.58%, Err 0 (0.0e+00)
310.289 .... 1168 packets received, 7726 bps, 96.58%, Err 0 (0.0e+00)
312.402 .... 1176 packets received, 7726 bps, 96.58%, Err 0 (0.0e+00)
314.508 .... 1184 packets received, 7727 bps, 96.58%, Err 0 (0.0e+00)
316.642 .... 1192 packets received, 7726 bps, 96.58%, Err 0 (0.0e+00)
318.774 .... 1200 packets received, 7726 bps, 96.58%, Err 0 (0.0e+00)
320.960 .... 1208 packets received, 7724 bps, 96.56%, Err 0 (0.0e+00)
323.028 .... 1216 packets received, 7726 bps, 96.57%, Err 0 (0.0e+00)
325.171 .... 1224 packets received, 7725 bps, 96.57%, Err 0 (0.0e+00)
327.282 .... 1232 packets received, 7725 bps, 96.57%, Err 0 (0.0e+00)
329.401 .... 1240 packets received, 7726 bps, 96.57%, Err 0 (0.0e+00)
331.543 .... 1248 packets received, 7725 bps, 96.56%, Err 0 (0.0e+00)
333.441 ** WARNING: System too busy, sleep 15 ms, but be awakened 193 ms later
333.761 .... 1256 packets received, 7723 bps, 96.53%, Err 0 (0.0e+00)
335.778 .... 1264 packets received, 7725 bps, 96.56%, Err 0 (0.0e+00)
336.873 ** WARNING: System too busy, sleep 15 ms, but be awakened 154 ms later
338.086 ** WARNING: System too busy, sleep 15 ms, but be awakened 141 ms later
339.964 .... 1272 packets received, 7678 bps, 95.98%, Err 0 (0.0e+00)
340.224 ** WARNING: System too busy, sleep 15 ms, but be awakened 69 ms later
342.537 .... 1278 packets received, 7656 bps, 95.70%, Err 0 (0.0e+00)
343.131 ** WARNING: System too busy, sleep 15 ms, but be awakened 69 ms later
345.131 ** WARNING: System too busy, sleep 15 ms, but be awakened 231 ms later
345.131 .... 1284 packets received, 7634 bps, 95.43%, Err 0 (0.0e+00)
347.047 ** WARNING: System too busy, sleep 15 ms, but be awakened 66 ms later
347.465 .... 1291 packets received, 7624 bps, 95.30%, Err 0 (0.0e+00)
349.098 ** WARNING: System too busy, sleep 15 ms, but be awakened 670 ms later
349.836 .... 1294 packets received, 7590 bps, 94.88%, Err 0 (0.0e+00)
352.148 ** WARNING: System too busy, sleep 15 ms, but be awakened 111 ms later
352.766 .... 1297 packets received, 7544 bps, 94.30%, Err 0 (0.0e+00)
355.072 .... 1299 packets received, 7507 bps, 93.84%, Err 0 (0.0e+00)
357.658 .... 1304 packets received, 7481 bps, 93.51%, Err 0 (0.0e+00)
359.752 ** WARNING: System too busy, sleep 15 ms, but be awakened 135 ms later
360.099 .... 1311 packets received, 7470 bps, 93.38%, Err 0 (0.0e+00)
362.421 .... 1318 packets received, 7462 bps, 93.27%, Err 0 (0.0e+00)
364.563 .... 1324 packets received, 7452 bps, 93.15%, Err 0 (0.0e+00)
367.023 .... 1331 packets received, 7441 bps, 93.01%, Err 0 (0.0e+00)
369.160 .... 1337 packets received, 7431 bps, 92.89%, Err 0 (0.0e+00)
371.291 .... 1343 packets received, 7421 bps, 92.77%, Err 0 (0.0e+00)
373.423 .... 1349 packets received, 7412 bps, 92.65%, Err 0 (0.0e+00)
375.576 .... 1355 packets received, 7402 bps, 92.53%, Err 0 (0.0e+00)
377.683 .... 1361 packets received, 7393 bps, 92.42%, Err 0 (0.0e+00)
379.844 .... 1367 packets received, 7384 bps, 92.30%, Err 0 (0.0e+00)
381.972 .... 1373 packets received, 7375 bps, 92.18%, Err 0 (0.0e+00)
384.091 .... 1379 packets received, 7366 bps, 92.08%, Err 0 (0.0e+00)
386.227 .... 1385 packets received, 7357 bps, 91.96%, Err 0 (0.0e+00)
388.369 .... 1391 packets received, 7348 bps, 91.85%, Err 0 (0.0e+00)
390.516 .... 1397 packets received, 7339 bps, 91.74%, Err 0 (0.0e+00)
392.647 .... 1403 packets received, 7331 bps, 91.63%, Err 0 (0.0e+00)
394.774 .... 1409 packets received, 7322 bps, 91.53%, Err 0 (0.0e+00)
396.908 .... 1415 packets received, 7314 bps, 91.42%, Err 0 (0.0e+00)
399.041 .... 1421 packets received, 7305 bps, 91.32%, Err 0 (0.0e+00)
401.168 .... 1427 packets received, 7297 bps, 91.22%, Err 0 (0.0e+00)
403.310 .... 1433 packets received, 7289 bps, 91.11%, Err 0 (0.0e+00)
405.429 .... 1439 packets received, 7281 bps, 91.02%, Err 0 (0.0e+00)
407.614 .... 1445 packets received, 7272 bps, 90.90%, Err 0 (0.0e+00)
409.713 .... 1451 packets received, 7265 bps, 90.81%, Err 0 (0.0e+00)
411.830 .... 1457 packets received, 7258 bps, 90.72%, Err 0 (0.0e+00)
413.988 .... 1463 packets received, 7249 bps, 90.62%, Err 0 (0.0e+00)
416.118 .... 1469 packets received, 7242 bps, 90.52%, Err 0 (0.0e+00)
418.248 .... 1475 packets received, 7234 bps, 90.43%, Err 0 (0.0e+00)
420.392 .... 1481 packets received, 7227 bps, 90.33%, Err 0 (0.0e+00)
422.531 .... 1487 packets received, 7219 bps, 90.24%, Err 0 (0.0e+00)
424.656 .... 1493 packets received, 7212 bps, 90.15%, Err 0 (0.0e+00)
426.791 .... 1499 packets received, 7205 bps, 90.06%, Err 0 (0.0e+00)
428.897 .... 1505 packets received, 7198 bps, 89.97%, Err 0 (0.0e+00)
431.062 .... 1511 packets received, 7190 bps, 89.88%, Err 0 (0.0e+00)
433.184 .... 1517 packets received, 7183 bps, 89.79%, Err 0 (0.0e+00)
435.329 .... 1523 packets received, 7176 bps, 89.70%, Err 0 (0.0e+00)
437.468 .... 1529 packets received, 7169 bps, 89.61%, Err 0 (0.0e+00)
439.581 .... 1535 packets received, 7163 bps, 89.53%, Err 0 (0.0e+00)
441.704 .... 1541 packets received, 7156 bps, 89.45%, Err 0 (0.0e+00)
443.854 .... 1547 packets received, 7149 bps, 89.36%, Err 0 (0.0e+00)
446.002 .... 1553 packets received, 7142 bps, 89.28%, Err 0 (0.0e+00)
448.119 .... 1559 packets received, 7136 bps, 89.20%, Err 0 (0.0e+00)
450.251 .... 1565 packets received, 7129 bps, 89.12%, Err 0 (0.0e+00)
452.388 .... 1571 packets received, 7123 bps, 89.03%, Err 0 (0.0e+00)
454.513 .... 1577 packets received, 7117 bps, 88.96%, Err 0 (0.0e+00)
456.670 .... 1583 packets received, 7110 bps, 88.87%, Err 0 (0.0e+00)
458.782 .... 1589 packets received, 7104 bps, 88.80%, Err 0 (0.0e+00)
460.911 .... 1595 packets received, 7098 bps, 88.72%, Err 0 (0.0e+00)
463.050 .... 1601 packets received, 7091 bps, 88.64%, Err 0 (0.0e+00)
465.204 .... 1607 packets received, 7085 bps, 88.56%, Err 0 (0.0e+00)
467.319 .... 1613 packets received, 7079 bps, 88.49%, Err 0 (0.0e+00)
469.449 .... 1619 packets received, 7073 bps, 88.42%, Err 0 (0.0e+00)
471.608 .... 1625 packets received, 7067 bps, 88.34%, Err 0 (0.0e+00)
473.715 .... 1631 packets received, 7061 bps, 88.27%, Err 0 (0.0e+00)
475.869 .... 1637 packets received, 7055 bps, 88.19%, Err 0 (0.0e+00)
478.004 .... 1643 packets received, 7049 bps, 88.12%, Err 0 (0.0e+00)
480.119 .... 1649 packets received, 7044 bps, 88.05%, Err 0 (0.0e+00)
482.327 .... 1655 packets received, 7037 bps, 87.97%, Err 0 (0.0e+00)
484.672 .... 1662 packets received, 7033 bps, 87.91%, Err 0 (0.0e+00)
486.817 .... 1668 packets received, 7027 bps, 87.84%, Err 0 (0.0e+00)
488.957 .... 1674 packets received, 7021 bps, 87.77%, Err 0 (0.0e+00)
491.097 .... 1680 packets received, 7016 bps, 87.70%, Err 0 (0.0e+00)
493.196 .... 1686 packets received, 7011 bps, 87.64%, Err 0 (0.0e+00)
493.302 ** WARNING: System too busy, sleep 15 ms, but be awakened 75 ms later
495.527 .... 1692 packets received, 7003 bps, 87.53%, Err 0 (0.0e+00)
496.566 ** WARNING: System too busy, sleep 15 ms, but be awakened 75 ms later
497.865 .... 1699 packets received, 6999 bps, 87.48%, Err 0 (0.0e+00)
500.008 .... 1705 packets received, 6993 bps, 87.41%, Err 0 (0.0e+00)
500.772 ** WARNING: System too busy, sleep 15 ms, but be awakened 91 ms later
502.213 .... 1711 packets received, 6987 bps, 87.34%, Err 0 (0.0e+00)
502.467 ** WARNING: System too busy, sleep 15 ms, but be awakened 140 ms later
504.604 .... 1718 packets received, 6982 bps, 87.28%, Err 0 (0.0e+00)
505.774 ** WARNING: System too busy, sleep 15 ms, but be awakened 176 ms later
506.927 .... 1722 packets received, 6966 bps, 87.08%, Err 0 (0.0e+00)
507.597 ** WARNING: System too busy, sleep 15 ms, but be awakened 72 ms later
509.038 .... 1730 packets received, 6970 bps, 87.12%, Err 0 (0.0e+00)
511.187 .... 1737 packets received, 6968 bps, 87.10%, Err 0 (0.0e+00)
513.263 .... 1743 packets received, 6964 bps, 87.05%, Err 0 (0.0e+00)
514.898 ** WARNING: System too busy, sleep 15 ms, but be awakened 70 ms later
515.399 .... 1749 packets received, 6959 bps, 86.99%, Err 0 (0.0e+00)
516.003 ** WARNING: System too busy, sleep 15 ms, but be awakened 77 ms later
517.413 .... 1755 packets received, 6956 bps, 86.95%, Err 0 (0.0e+00)
519.566 .... 1761 packets received, 6951 bps, 86.88%, Err 0 (0.0e+00)
521.218 ** WARNING: System too busy, sleep 15 ms, but be awakened 74 ms later
521.929 .... 1768 packets received, 6947 bps, 86.83%, Err 0 (0.0e+00)
523.958 ** WARNING: System too busy, sleep 15 ms, but be awakened 86 ms later
524.109 .... 1775 packets received, 6945 bps, 86.81%, Err 0 (0.0e+00)
526.235 .... 1781 packets received, 6940 bps, 86.75%, Err 0 (0.0e+00)
527.621 ** WARNING: System too busy, sleep 15 ms, but be awakened 92 ms later
528.650 .... 1788 packets received, 6936 bps, 86.70%, Err 0 (0.0e+00)
530.788 .... 1795 packets received, 6935 bps, 86.68%, Err 0 (0.0e+00)
532.929 .... 1801 packets received, 6930 bps, 86.62%, Err 0 (0.0e+00)
535.027 .... 1807 packets received, 6926 bps, 86.57%, Err 0 (0.0e+00)
537.448 .... 1814 packets received, 6921 bps, 86.52%, Err 0 (0.0e+00)
539.916 .... 1821 packets received, 6916 bps, 86.45%, Err 0 (0.0e+00)
542.024 .... 1828 packets received, 6916 bps, 86.45%, Err 0 (0.0e+00)
544.074 ** WARNING: System too busy, sleep 15 ms, but be awakened 68 ms later
544.207 .... 1834 packets received, 6911 bps, 86.38%, Err 0 (0.0e+00)
546.231 .... 1840 packets received, 6907 bps, 86.34%, Err 0 (0.0e+00)
548.121 ** WARNING: System too busy, sleep 15 ms, but be awakened 78 ms later
548.428 .... 1846 packets received, 6902 bps, 86.28%, Err 0 (0.0e+00)
550.542 .... 1852 packets received, 6898 bps, 86.22%, Err 0 (0.0e+00)
552.664 .... 1858 packets received, 6894 bps, 86.17%, Err 0 (0.0e+00)
554.828 .... 1864 packets received, 6889 bps, 86.11%, Err 0 (0.0e+00)
556.928 .... 1870 packets received, 6885 bps, 86.06%, Err 0 (0.0e+00)
558.095 ** WARNING: System too busy, sleep 15 ms, but be awakened 101 ms later
558.958 .... 1876 packets received, 6882 bps, 86.02%, Err 0 (0.0e+00)
560.289 ** WARNING: System too busy, sleep 15 ms, but be awakened 71 ms later
561.264 .... 1882 packets received, 6876 bps, 85.94%, Err 0 (0.0e+00)
563.699 .... 1889 packets received, 6871 bps, 85.89%, Err 0 (0.0e+00)
565.847 .... 1895 packets received, 6867 bps, 85.84%, Err 0 (0.0e+00)
567.959 .... 1901 packets received, 6863 bps, 85.79%, Err 0 (0.0e+00)
570.088 .... 1907 packets received, 6859 bps, 85.74%, Err 0 (0.0e+00)
572.246 .... 1913 packets received, 6855 bps, 85.68%, Err 0 (0.0e+00)
574.379 .... 1919 packets received, 6851 bps, 85.63%, Err 0 (0.0e+00)
576.511 .... 1925 packets received, 6846 bps, 85.58%, Err 0 (0.0e+00)
578.627 .... 1931 packets received, 6843 bps, 85.53%, Err 0 (0.0e+00)
580.776 .... 1937 packets received, 6839 bps, 85.48%, Err 0 (0.0e+00)
582.914 .... 1943 packets received, 6834 bps, 85.43%, Err 0 (0.0e+00)
585.044 .... 1949 packets received, 6831 bps, 85.38%, Err 0 (0.0e+00)
587.173 .... 1955 packets received, 6827 bps, 85.33%, Err 0 (0.0e+00)
589.317 .... 1961 packets received, 6823 bps, 85.28%, Err 0 (0.0e+00)
591.444 .... 1967 packets received, 6819 bps, 85.24%, Err 0 (0.0e+00)
593.588 .... 1973 packets received, 6815 bps, 85.19%, Err 0 (0.0e+00)
595.726 .... 1979 packets received, 6811 bps, 85.14%, Err 0 (0.0e+00)
597.860 .... 1985 packets received, 6807 bps, 85.09%, Err 0 (0.0e+00)
599.989 .... 1991 packets received, 6804 bps, 85.05%, Err 0 (0.0e+00)
602.099 .... 1997 packets received, 6800 bps, 85.00%, Err 0 (0.0e+00)
604.249 .... 2003 packets received, 6797 bps, 84.96%, Err 0 (0.0e+00)
606.386 .... 2009 packets received, 6793 bps, 84.91%, Err 0 (0.0e+00)
608.518 .... 2015 packets received, 6789 bps, 84.86%, Err 0 (0.0e+00)
610.644 .... 2021 packets received, 6786 bps, 84.82%, Err 0 (0.0e+00)
612.805 .... 2027 packets received, 6782 bps, 84.77%, Err 0 (0.0e+00)
614.930 .... 2033 packets received, 6778 bps, 84.73%, Err 0 (0.0e+00)
617.070 .... 2039 packets received, 6775 bps, 84.68%, Err 0 (0.0e+00)
617.363 ** WARNING: System too busy, sleep 15 ms, but be awakened 88 ms later
619.185 .... 2045 packets received, 6771 bps, 84.64%, Err 0 (0.0e+00)
621.319 .... 2051 packets received, 6768 bps, 84.60%, Err 0 (0.0e+00)
623.460 .... 2057 packets received, 6764 bps, 84.56%, Err 0 (0.0e+00)
625.602 .... 2063 packets received, 6761 bps, 84.51%, Err 0 (0.0e+00)
627.710 .... 2069 packets received, 6758 bps, 84.47%, Err 0 (0.0e+00)
629.847 .... 2075 packets received, 6754 bps, 84.43%, Err 0 (0.0e+00)
631.988 .... 2081 packets received, 6751 bps, 84.39%, Err 0 (0.0e+00)
634.128 .... 2087 packets received, 6747 bps, 84.34%, Err 0 (0.0e+00)
636.256 .... 2093 packets received, 6744 bps, 84.30%, Err 0 (0.0e+00)
638.396 .... 2099 packets received, 6741 bps, 84.26%, Err 0 (0.0e+00)
640.530 .... 2105 packets received, 6738 bps, 84.22%, Err 0 (0.0e+00)
642.665 .... 2111 packets received, 6734 bps, 84.18%, Err 0 (0.0e+00)
644.793 .... 2117 packets received, 6731 bps, 84.14%, Err 0 (0.0e+00)
646.939 .... 2123 packets received, 6728 bps, 84.10%, Err 0 (0.0e+00)
649.068 .... 2129 packets received, 6725 bps, 84.06%, Err 0 (0.0e+00)
651.209 .... 2135 packets received, 6721 bps, 84.02%, Err 0 (0.0e+00)
653.322 .... 2141 packets received, 6719 bps, 83.98%, Err 0 (0.0e+00)
655.476 .... 2147 packets received, 6715 bps, 83.94%, Err 0 (0.0e+00)
657.612 .... 2153 packets received, 6712 bps, 83.90%, Err 0 (0.0e+00)
659.743 .... 2159 packets received, 6709 bps, 83.86%, Err 0 (0.0e+00)
661.863 .... 2165 packets received, 6706 bps, 83.83%, Err 0 (0.0e+00)
663.990 .... 2171 packets received, 6703 bps, 83.79%, Err 0 (0.0e+00)
666.141 .... 2177 packets received, 6700 bps, 83.75%, Err 0 (0.0e+00)
668.268 .... 2183 packets received, 6697 bps, 83.71%, Err 0 (0.0e+00)
670.406 .... 2189 packets received, 6694 bps, 83.67%, Err 0 (0.0e+00)
672.528 .... 2195 packets received, 6691 bps, 83.64%, Err 0 (0.0e+00)
674.662 .... 2201 packets received, 6688 bps, 83.60%, Err 0 (0.0e+00)
676.807 .... 2207 packets received, 6685 bps, 83.56%, Err 0 (0.0e+00)
678.940 .... 2213 packets received, 6682 bps, 83.53%, Err 0 (0.0e+00)
681.077 .... 2219 packets received, 6679 bps, 83.49%, Err 0 (0.0e+00)
683.214 .... 2225 packets received, 6676 bps, 83.45%, Err 0 (0.0e+00)
685.340 .... 2231 packets received, 6674 bps, 83.42%, Err 0 (0.0e+00)
687.474 .... 2237 packets received, 6671 bps, 83.38%, Err 0 (0.0e+00)
689.617 .... 2243 packets received, 6668 bps, 83.35%, Err 0 (0.0e+00)
691.750 .... 2249 packets received, 6665 bps, 83.31%, Err 0 (0.0e+00)
693.862 .... 2255 packets received, 6662 bps, 83.28%, Err 0 (0.0e+00)
696.024 .... 2261 packets received, 6659 bps, 83.24%, Err 0 (0.0e+00)
698.148 .... 2267 packets received, 6657 bps, 83.21%, Err 0 (0.0e+00)
700.270 .... 2273 packets received, 6654 bps, 83.18%, Err 0 (0.0e+00)
702.420 .... 2279 packets received, 6651 bps, 83.14%, Err 0 (0.0e+00)
704.548 .... 2285 packets received, 6649 bps, 83.11%, Err 0 (0.0e+00)
706.679 .... 2291 packets received, 6646 bps, 83.07%, Err 0 (0.0e+00)
708.839 .... 2297 packets received, 6643 bps, 83.04%, Err 0 (0.0e+00)
710.940 .... 2303 packets received, 6641 bps, 83.01%, Err 0 (0.0e+00)
713.073 .... 2309 packets received, 6638 bps, 82.97%, Err 0 (0.0e+00)
715.217 .... 2315 packets received, 6635 bps, 82.94%, Err 0 (0.0e+00)
717.354 .... 2321 packets received, 6633 bps, 82.91%, Err 0 (0.0e+00)
719.484 .... 2327 packets received, 6630 bps, 82.88%, Err 0 (0.0e+00)
721.626 .... 2333 packets received, 6627 bps, 82.84%, Err 0 (0.0e+00)
723.738 .... 2339 packets received, 6625 bps, 82.81%, Err 0 (0.0e+00)
725.887 .... 2345 packets received, 6622 bps, 82.78%, Err 0 (0.0e+00)
728.020 .... 2351 packets received, 6620 bps, 82.75%, Err 0 (0.0e+00)
730.161 .... 2357 packets received, 6617 bps, 82.72%, Err 0 (0.0e+00)
732.301 .... 2363 packets received, 6615 bps, 82.68%, Err 0 (0.0e+00)
734.419 .... 2369 packets received, 6612 bps, 82.65%, Err 0 (0.0e+00)
736.568 .... 2375 packets received, 6610 bps, 82.62%, Err 0 (0.0e+00)
738.696 .... 2381 packets received, 6607 bps, 82.59%, Err 0 (0.0e+00)
740.820 .... 2387 packets received, 6605 bps, 82.56%, Err 0 (0.0e+00)
742.948 .... 2393 packets received, 6603 bps, 82.53%, Err 0 (0.0e+00)
745.096 .... 2399 packets received, 6600 bps, 82.50%, Err 0 (0.0e+00)
747.224 .... 2405 packets received, 6598 bps, 82.47%, Err 0 (0.0e+00)
749.356 .... 2411 packets received, 6595 bps, 82.44%, Err 0 (0.0e+00)
751.493 .... 2417 packets received, 6593 bps, 82.41%, Err 0 (0.0e+00)
753.645 .... 2423 packets received, 6590 bps, 82.38%, Err 0 (0.0e+00)
755.766 .... 2429 packets received, 6588 bps, 82.35%, Err 0 (0.0e+00)
757.904 .... 2435 packets received, 6586 bps, 82.32%, Err 0 (0.0e+00)
760.018 .... 2441 packets received, 6584 bps, 82.30%, Err 0 (0.0e+00)
762.156 .... 2447 packets received, 6581 bps, 82.27%, Err 0 (0.0e+00)
764.305 .... 2453 packets received, 6579 bps, 82.24%, Err 0 (0.0e+00)
766.444 .... 2459 packets received, 6576 bps, 82.21%, Err 0 (0.0e+00)
768.563 .... 2465 packets received, 6574 bps, 82.18%, Err 0 (0.0e+00)
770.686 .... 2471 packets received, 6572 bps, 82.15%, Err 0 (0.0e+00)
772.841 .... 2477 packets received, 6570 bps, 82.12%, Err 0 (0.0e+00)
774.958 .... 2483 packets received, 6568 bps, 82.10%, Err 0 (0.0e+00)
777.106 .... 2489 packets received, 6565 bps, 82.07%, Err 0 (0.0e+00)
779.242 .... 2495 packets received, 6563 bps, 82.04%, Err 0 (0.0e+00)
781.365 .... 2501 packets received, 6561 bps, 82.01%, Err 0 (0.0e+00)
783.509 .... 2507 packets received, 6559 bps, 81.98%, Err 0 (0.0e+00)
785.626 .... 2513 packets received, 6557 bps, 81.96%, Err 0 (0.0e+00)
787.784 .... 2519 packets received, 6554 bps, 81.93%, Err 0 (0.0e+00)
789.909 .... 2525 packets received, 6552 bps, 81.90%, Err 0 (0.0e+00)
792.050 .... 2531 packets received, 6550 bps, 81.88%, Err 0 (0.0e+00)
794.173 .... 2537 packets received, 6548 bps, 81.85%, Err 0 (0.0e+00)
796.309 .... 2543 packets received, 6546 bps, 81.82%, Err 0 (0.0e+00)
798.443 .... 2549 packets received, 6544 bps, 81.80%, Err 0 (0.0e+00)
800.587 .... 2555 packets received, 6542 bps, 81.77%, Err 0 (0.0e+00)
802.708 .... 2561 packets received, 6540 bps, 81.74%, Err 0 (0.0e+00)
804.855 .... 2567 packets received, 6537 bps, 81.72%, Err 0 (0.0e+00)
806.971 .... 2573 packets received, 6536 bps, 81.69%, Err 0 (0.0e+00)
809.120 .... 2579 packets received, 6533 bps, 81.67%, Err 0 (0.0e+00)
811.257 .... 2585 packets received, 6531 bps, 81.64%, Err 0 (0.0e+00)
813.371 .... 2591 packets received, 6529 bps, 81.62%, Err 0 (0.0e+00)
815.516 .... 2597 packets received, 6527 bps, 81.59%, Err 0 (0.0e+00)
817.637 .... 2603 packets received, 6525 bps, 81.57%, Err 0 (0.0e+00)
819.779 .... 2609 packets received, 6523 bps, 81.54%, Err 0 (0.0e+00)
821.908 .... 2615 packets received, 6521 bps, 81.52%, Err 0 (0.0e+00)
824.053 .... 2621 packets received, 6519 bps, 81.49%, Err 0 (0.0e+00)
826.187 .... 2627 packets received, 6517 bps, 81.47%, Err 0 (0.0e+00)
828.328 .... 2633 packets received, 6515 bps, 81.44%, Err 0 (0.0e+00)
830.445 .... 2639 packets received, 6514 bps, 81.42%, Err 0 (0.0e+00)
832.577 .... 2645 packets received, 6512 bps, 81.39%, Err 0 (0.0e+00)
834.708 .... 2651 packets received, 6510 bps, 81.37%, Err 0 (0.0e+00)
836.864 .... 2657 packets received, 6508 bps, 81.34%, Err 0 (0.0e+00)
839.001 .... 2663 packets received, 6506 bps, 81.32%, Err 0 (0.0e+00)
841.126 .... 2669 packets received, 6504 bps, 81.30%, Err 0 (0.0e+00)
843.257 .... 2675 packets received, 6502 bps, 81.27%, Err 0 (0.0e+00)
845.406 .... 2681 packets received, 6500 bps, 81.25%, Err 0 (0.0e+00)
847.532 .... 2687 packets received, 6498 bps, 81.23%, Err 0 (0.0e+00)
849.681 .... 2693 packets received, 6496 bps, 81.20%, Err 0 (0.0e+00)
851.805 .... 2699 packets received, 6494 bps, 81.18%, Err 0 (0.0e+00)
853.915 .... 2705 packets received, 6493 bps, 81.16%, Err 0 (0.0e+00)
856.050 .... 2711 packets received, 6491 bps, 81.14%, Err 0 (0.0e+00)
858.197 .... 2717 packets received, 6489 bps, 81.11%, Err 0 (0.0e+00)
860.333 .... 2723 packets received, 6487 bps, 81.09%, Err 0 (0.0e+00)
862.451 .... 2729 packets received, 6485 bps, 81.07%, Err 0 (0.0e+00)
864.609 .... 2735 packets received, 6484 bps, 81.04%, Err 0 (0.0e+00)
866.733 .... 2741 packets received, 6482 bps, 81.02%, Err 0 (0.0e+00)
868.860 .... 2747 packets received, 6480 bps, 81.00%, Err 0 (0.0e+00)
870.988 .... 2753 packets received, 6478 bps, 80.98%, Err 0 (0.0e+00)
873.140 .... 2759 packets received, 6476 bps, 80.96%, Err 0 (0.0e+00)
875.276 .... 2765 packets received, 6475 bps, 80.93%, Err 0 (0.0e+00)
877.406 .... 2771 packets received, 6473 bps, 80.91%, Err 0 (0.0e+00)
879.533 .... 2777 packets received, 6471 bps, 80.89%, Err 0 (0.0e+00)
881.659 .... 2783 packets received, 6470 bps, 80.87%, Err 0 (0.0e+00)
883.799 .... 2789 packets received, 6468 bps, 80.85%, Err 0 (0.0e+00)
885.934 .... 2795 packets received, 6466 bps, 80.83%, Err 0 (0.0e+00)
888.073 .... 2801 packets received, 6464 bps, 80.80%, Err 0 (0.0e+00)
890.221 .... 2807 packets received, 6463 bps, 80.78%, Err 0 (0.0e+00)
892.331 .... 2813 packets received, 6461 bps, 80.76%, Err 0 (0.0e+00)
894.463 .... 2819 packets received, 6459 bps, 80.74%, Err 0 (0.0e+00)
896.601 .... 2825 packets received, 6458 bps, 80.72%, Err 0 (0.0e+00)
898.725 .... 2831 packets received, 6456 bps, 80.70%, Err 0 (0.0e+00)
900.873 .... 2837 packets received, 6454 bps, 80.68%, Err 0 (0.0e+00)
903.011 .... 2843 packets received, 6453 bps, 80.66%, Err 0 (0.0e+00)
905.153 .... 2849 packets received, 6451 bps, 80.64%, Err 0 (0.0e+00)
907.269 .... 2855 packets received, 6450 bps, 80.62%, Err 0 (0.0e+00)
909.416 .... 2861 packets received, 6448 bps, 80.60%, Err 0 (0.0e+00)
911.553 .... 2867 packets received, 6446 bps, 80.58%, Err 0 (0.0e+00)
913.675 .... 2873 packets received, 6445 bps, 80.56%, Err 0 (0.0e+00)
915.819 .... 2879 packets received, 6443 bps, 80.54%, Err 0 (0.0e+00)
917.947 .... 2885 packets received, 6441 bps, 80.52%, Err 0 (0.0e+00)
920.078 .... 2891 packets received, 6440 bps, 80.50%, Err 0 (0.0e+00)
922.202 .... 2897 packets received, 6438 bps, 80.48%, Err 0 (0.0e+00)
924.338 .... 2903 packets received, 6437 bps, 80.46%, Err 0 (0.0e+00)
926.482 .... 2909 packets received, 6435 bps, 80.44%, Err 0 (0.0e+00)
928.618 .... 2915 packets received, 6434 bps, 80.42%, Err 0 (0.0e+00)
930.756 .... 2921 packets received, 6432 bps, 80.40%, Err 0 (0.0e+00)
932.873 .... 2927 packets received, 6431 bps, 80.38%, Err 0 (0.0e+00)
935.025 .... 2933 packets received, 6429 bps, 80.36%, Err 0 (0.0e+00)
937.168 .... 2939 packets received, 6427 bps, 80.34%, Err 0 (0.0e+00)
939.299 .... 2945 packets received, 6426 bps, 80.32%, Err 0 (0.0e+00)
941.418 .... 2951 packets received, 6424 bps, 80.30%, Err 0 (0.0e+00)
943.564 .... 2957 packets received, 6423 bps, 80.28%, Err 0 (0.0e+00)
945.696 .... 2963 packets received, 6421 bps, 80.27%, Err 0 (0.0e+00)
947.807 .... 2969 packets received, 6420 bps, 80.25%, Err 0 (0.0e+00)
949.968 .... 2975 packets received, 6418 bps, 80.23%, Err 0 (0.0e+00)
952.093 .... 2981 packets received, 6417 bps, 80.21%, Err 0 (0.0e+00)
954.230 .... 2987 packets received, 6415 bps, 80.19%, Err 0 (0.0e+00)
956.360 .... 2993 packets received, 6414 bps, 80.17%, Err 0 (0.0e+00)
958.502 .... 2999 packets received, 6412 bps, 80.16%, Err 0 (0.0e+00)
960.638 .... 3005 packets received, 6411 bps, 80.14%, Err 0 (0.0e+00)
962.748 .... 3011 packets received, 6410 bps, 80.12%, Err 0 (0.0e+00)
964.883 .... 3017 packets received, 6408 bps, 80.10%, Err 0 (0.0e+00)
967.036 .... 3023 packets received, 6407 bps, 80.08%, Err 0 (0.0e+00)
969.156 .... 3029 packets received, 6405 bps, 80.07%, Err 0 (0.0e+00)
971.295 .... 3035 packets received, 6404 bps, 80.05%, Err 0 (0.0e+00)
973.427 .... 3041 packets received, 6402 bps, 80.03%, Err 0 (0.0e+00)
975.561 .... 3047 packets received, 6401 bps, 80.01%, Err 0 (0.0e+00)
977.707 .... 3053 packets received, 6400 bps, 79.99%, Err 0 (0.0e+00)
979.820 .... 3059 packets received, 6398 bps, 79.98%, Err 0 (0.0e+00)
981.962 .... 3065 packets received, 6397 bps, 79.96%, Err 0 (0.0e+00)
984.097 .... 3071 packets received, 6395 bps, 79.94%, Err 0 (0.0e+00)
986.220 .... 3077 packets received, 6394 bps, 79.93%, Err 0 (0.0e+00)
988.360 .... 3083 packets received, 6393 bps, 79.91%, Err 0 (0.0e+00)
990.503 .... 3089 packets received, 6391 bps, 79.89%, Err 0 (0.0e+00)
992.637 .... 3095 packets received, 6390 bps, 79.87%, Err 0 (0.0e+00)
994.781 .... 3101 packets received, 6389 bps, 79.86%, Err 0 (0.0e+00)
996.911 .... 3107 packets received, 6387 bps, 79.84%, Err 0 (0.0e+00)
999.030 .... 3113 packets received, 6386 bps, 79.82%, Err 0 (0.0e+00)
1001.161 .... 3119 packets received, 6385 bps, 79.81%, Err 0 (0.0e+00)
1003.301 .... 3125 packets received, 6383 bps, 79.79%, Err 0 (0.0e+00)
1005.435 .... 3131 packets received, 6382 bps, 79.77%, Err 0 (0.0e+00)
1007.576 .... 3137 packets received, 6381 bps, 79.76%, Err 0 (0.0e+00)
1009.700 .... 3143 packets received, 6379 bps, 79.74%, Err 0 (0.0e+00)
1011.829 .... 3149 packets received, 6378 bps, 79.73%, Err 0 (0.0e+00)
1013.967 .... 3155 packets received, 6377 bps, 79.71%, Err 0 (0.0e+00)
1016.114 .... 3161 packets received, 6375 bps, 79.69%, Err 0 (0.0e+00)
1018.233 .... 3167 packets received, 6374 bps, 79.68%, Err 0 (0.0e+00)
1020.390 .... 3173 packets received, 6373 bps, 79.66%, Err 0 (0.0e+00)
1022.510 .... 3179 packets received, 6372 bps, 79.64%, Err 0 (0.0e+00)
1024.640 .... 3185 packets received, 6370 bps, 79.63%, Err 0 (0.0e+00)
1026.768 .... 3191 packets received, 6369 bps, 79.61%, Err 0 (0.0e+00)
1028.903 .... 3197 packets received, 6368 bps, 79.60%, Err 0 (0.0e+00)
1031.036 .... 3203 packets received, 6366 bps, 79.58%, Err 0 (0.0e+00)
1033.187 .... 3209 packets received, 6365 bps, 79.56%, Err 0 (0.0e+00)
1035.312 .... 3215 packets received, 6364 bps, 79.55%, Err 0 (0.0e+00)
1037.464 .... 3221 packets received, 6363 bps, 79.53%, Err 0 (0.0e+00)
1039.585 .... 3227 packets received, 6361 bps, 79.52%, Err 0 (0.0e+00)
1041.708 .... 3233 packets received, 6360 bps, 79.50%, Err 0 (0.0e+00)
1043.842 .... 3239 packets received, 6359 bps, 79.49%, Err 0 (0.0e+00)
1045.977 .... 3245 packets received, 6358 bps, 79.47%, Err 0 (0.0e+00)
1048.112 .... 3251 packets received, 6357 bps, 79.46%, Err 0 (0.0e+00)
1050.266 .... 3257 packets received, 6355 bps, 79.44%, Err 0 (0.0e+00)
1052.378 .... 3263 packets received, 6354 bps, 79.43%, Err 0 (0.0e+00)
1054.510 .... 3269 packets received, 6353 bps, 79.41%, Err 0 (0.0e+00)
1056.646 .... 3275 packets received, 6352 bps, 79.40%, Err 0 (0.0e+00)
1058.784 .... 3281 packets received, 6351 bps, 79.38%, Err 0 (0.0e+00)
1060.912 .... 3287 packets received, 6349 bps, 79.37%, Err 0 (0.0e+00)
1063.061 .... 3293 packets received, 6348 bps, 79.35%, Err 0 (0.0e+00)
1065.189 .... 3299 packets received, 6347 bps, 79.34%, Err 0 (0.0e+00)
1067.320 .... 3305 packets received, 6346 bps, 79.32%, Err 0 (0.0e+00)
1069.475 .... 3311 packets received, 6344 bps, 79.31%, Err 0 (0.0e+00)
1071.606 .... 3317 packets received, 6343 bps, 79.29%, Err 0 (0.0e+00)
1073.731 .... 3323 packets received, 6342 bps, 79.28%, Err 0 (0.0e+00)
1075.869 .... 3329 packets received, 6341 bps, 79.26%, Err 0 (0.0e+00)
1078.009 .... 3335 packets received, 6340 bps, 79.25%, Err 0 (0.0e+00)
1080.131 .... 3341 packets received, 6339 bps, 79.23%, Err 0 (0.0e+00)
1082.273 .... 3347 packets received, 6338 bps, 79.22%, Err 0 (0.0e+00)
1084.398 .... 3353 packets received, 6336 bps, 79.21%, Err 0 (0.0e+00)
1086.549 .... 3359 packets received, 6335 bps, 79.19%, Err 0 (0.0e+00)
1088.674 .... 3365 packets received, 6334 bps, 79.18%, Err 0 (0.0e+00)
1090.785 .... 3371 packets received, 6333 bps, 79.16%, Err 0 (0.0e+00)
1092.940 .... 3377 packets received, 6332 bps, 79.15%, Err 0 (0.0e+00)
1095.061 .... 3383 packets received, 6331 bps, 79.14%, Err 0 (0.0e+00)
1097.196 .... 3389 packets received, 6330 bps, 79.12%, Err 0 (0.0e+00)
1099.351 .... 3395 packets received, 6329 bps, 79.11%, Err 0 (0.0e+00)
1101.455 .... 3401 packets received, 6328 bps, 79.09%, Err 0 (0.0e+00)
1103.616 .... 3407 packets received, 6326 bps, 79.08%, Err 0 (0.0e+00)
1105.725 .... 3413 packets received, 6325 bps, 79.07%, Err 0 (0.0e+00)
1107.876 .... 3419 packets received, 6324 bps, 79.05%, Err 0 (0.0e+00)
1110.005 .... 3425 packets received, 6323 bps, 79.04%, Err 0 (0.0e+00)
1112.141 .... 3431 packets received, 6322 bps, 79.03%, Err 0 (0.0e+00)
1114.273 .... 3437 packets received, 6321 bps, 79.01%, Err 0 (0.0e+00)
1116.400 .... 3443 packets received, 6320 bps, 79.00%, Err 0 (0.0e+00)
1118.532 .... 3449 packets received, 6319 bps, 78.99%, Err 0 (0.0e+00)
1120.672 .... 3455 packets received, 6318 bps, 78.97%, Err 0 (0.0e+00)
1122.814 .... 3461 packets received, 6317 bps, 78.96%, Err 0 (0.0e+00)
1124.940 .... 3467 packets received, 6316 bps, 78.95%, Err 0 (0.0e+00)
1127.090 .... 3473 packets received, 6315 bps, 78.93%, Err 0 (0.0e+00)
1129.210 .... 3479 packets received, 6314 bps, 78.92%, Err 0 (0.0e+00)
1131.351 .... 3485 packets received, 6312 bps, 78.91%, Err 0 (0.0e+00)
1133.491 .... 3491 packets received, 6311 bps, 78.89%, Err 0 (0.0e+00)
1135.611 .... 3497 packets received, 6310 bps, 78.88%, Err 0 (0.0e+00)
1137.750 .... 3503 packets received, 6309 bps, 78.87%, Err 0 (0.0e+00)
1139.868 .... 3509 packets received, 6308 bps, 78.85%, Err 0 (0.0e+00)
1142.016 .... 3515 packets received, 6307 bps, 78.84%, Err 0 (0.0e+00)
1144.152 .... 3521 packets received, 6306 bps, 78.83%, Err 0 (0.0e+00)
1146.297 .... 3527 packets received, 6305 bps, 78.81%, Err 0 (0.0e+00)
1148.411 .... 3533 packets received, 6304 bps, 78.80%, Err 0 (0.0e+00)
1150.568 .... 3539 packets received, 6303 bps, 78.79%, Err 0 (0.0e+00)
1152.686 .... 3545 packets received, 6302 bps, 78.78%, Err 0 (0.0e+00)
1154.833 .... 3551 packets received, 6301 bps, 78.76%, Err 0 (0.0e+00)
1156.954 .... 3557 packets received, 6300 bps, 78.75%, Err 0 (0.0e+00)
1159.091 .... 3563 packets received, 6299 bps, 78.74%, Err 0 (0.0e+00)
1161.226 .... 3569 packets received, 6298 bps, 78.73%, Err 0 (0.0e+00)
1163.353 .... 3575 packets received, 6297 bps, 78.72%, Err 0 (0.0e+00)
1165.489 .... 3581 packets received, 6296 bps, 78.70%, Err 0 (0.0e+00)
1167.613 .... 3587 packets received, 6295 bps, 78.69%, Err 0 (0.0e+00)
1169.745 .... 3593 packets received, 6294 bps, 78.68%, Err 0 (0.0e+00)
1171.894 .... 3599 packets received, 6293 bps, 78.67%, Err 0 (0.0e+00)
1174.014 .... 3605 packets received, 6292 bps, 78.65%, Err 0 (0.0e+00)
1176.158 .... 3611 packets received, 6291 bps, 78.64%, Err 0 (0.0e+00)
1178.307 .... 3617 packets received, 6290 bps, 78.63%, Err 0 (0.0e+00)
1180.431 .... 3623 packets received, 6289 bps, 78.62%, Err 0 (0.0e+00)
1182.552 .... 3629 packets received, 6289 bps, 78.61%, Err 0 (0.0e+00)
1184.709 .... 3635 packets received, 6287 bps, 78.59%, Err 0 (0.0e+00)
1186.830 .... 3641 packets received, 6287 bps, 78.58%, Err 0 (0.0e+00)
1188.974 .... 3647 packets received, 6286 bps, 78.57%, Err 0 (0.0e+00)
1191.098 .... 3653 packets received, 6285 bps, 78.56%, Err 0 (0.0e+00)
1193.233 .... 3659 packets received, 6284 bps, 78.55%, Err 0 (0.0e+00)
1195.359 .... 3665 packets received, 6283 bps, 78.54%, Err 0 (0.0e+00)
1197.492 .... 3671 packets received, 6282 bps, 78.52%, Err 0 (0.0e+00)
1199.636 .... 3677 packets received, 6281 bps, 78.51%, Err 0 (0.0e+00)
1200.024 Quit.
