000.000 =============================================================
000.000                     Station B                               
000.000 -------------------------------------------------------------
000.000 Protocol.lib, version 4.0, jiangyanjun0718@bupt.edu.cn
000.000 Channel: 8000 bps, 270 ms propagation delay, bit error rate 0
000.000 Log file "ufB.log", TCP port 30013, debug mask 0x00
000.000 Station B is connecting station A (TCP port 30013) ... Done.
000.417 New epoch: Thu May 16 20:30:25 2019
000.417 =================================================================
000.417 
000.417 Designed by CJSoft, build: May 16 2019  20:29:14
002.819 .... 8 packets received, 7717 bps, 96.47%, Err 0 (0.0e+00)
004.930 .... 16 packets received, 7739 bps, 96.74%, Err 0 (0.0e+00)
007.066 .... 24 packets received, 7716 bps, 96.45%, Err 0 (0.0e+00)
009.181 .... 32 packets received, 7724 bps, 96.55%, Err 0 (0.0e+00)
011.318 .... 40 packets received, 7712 bps, 96.40%, Err 0 (0.0e+00)
013.440 .... 48 packets received, 7714 bps, 96.42%, Err 0 (0.0e+00)
015.552 .... 56 packets received, 7720 bps, 96.50%, Err 0 (0.0e+00)
017.674 .... 64 packets received, 7720 bps, 96.50%, Err 0 (0.0e+00)
019.787 .... 72 packets received, 7724 bps, 96.55%, Err 0 (0.0e+00)
021.910 .... 80 packets received, 7723 bps, 96.54%, Err 0 (0.0e+00)
024.027 .... 88 packets received, 7725 bps, 96.56%, Err 0 (0.0e+00)
026.132 .... 96 packets received, 7730 bps, 96.62%, Err 0 (0.0e+00)
028.270 .... 104 packets received, 7724 bps, 96.55%, Err 0 (0.0e+00)
030.379 .... 112 packets received, 7728 bps, 96.59%, Err 0 (0.0e+00)
032.507 .... 120 packets received, 7726 bps, 96.57%, Err 0 (0.0e+00)
034.629 .... 128 packets received, 7725 bps, 96.57%, Err 0 (0.0e+00)
036.730 .... 136 packets received, 7730 bps, 96.62%, Err 0 (0.0e+00)
038.859 .... 144 packets received, 7728 bps, 96.60%, Err 0 (0.0e+00)
040.992 .... 152 packets received, 7725 bps, 96.57%, Err 0 (0.0e+00)
043.117 .... 160 packets received, 7724 bps, 96.56%, Err 0 (0.0e+00)
045.223 .... 168 packets received, 7727 bps, 96.59%, Err 0 (0.0e+00)
047.345 .... 176 packets received, 7727 bps, 96.59%, Err 0 (0.0e+00)
049.473 .... 184 packets received, 7726 bps, 96.57%, Err 0 (0.0e+00)
051.589 .... 192 packets received, 7726 bps, 96.58%, Err 0 (0.0e+00)
053.712 .... 200 packets received, 7726 bps, 96.57%, Err 0 (0.0e+00)
055.836 .... 208 packets received, 7725 bps, 96.57%, Err 0 (0.0e+00)
057.942 .... 216 packets received, 7727 bps, 96.59%, Err 0 (0.0e+00)
060.081 .... 224 packets received, 7725 bps, 96.56%, Err 0 (0.0e+00)
062.174 .... 232 packets received, 7729 bps, 96.61%, Err 0 (0.0e+00)
064.316 .... 240 packets received, 7726 bps, 96.57%, Err 0 (0.0e+00)
066.428 .... 248 packets received, 7727 bps, 96.59%, Err 0 (0.0e+00)
068.540 .... 256 packets received, 7728 bps, 96.60%, Err 0 (0.0e+00)
070.663 .... 264 packets received, 7728 bps, 96.59%, Err 0 (0.0e+00)
072.795 .... 272 packets received, 7726 bps, 96.58%, Err 0 (0.0e+00)
074.923 .... 280 packets received, 7725 bps, 96.57%, Err 0 (0.0e+00)
077.015 .... 288 packets received, 7728 bps, 96.61%, Err 0 (0.0e+00)
079.161 .... 296 packets received, 7726 bps, 96.57%, Err 0 (0.0e+00)
081.265 .... 304 packets received, 7727 bps, 96.59%, Err 0 (0.0e+00)
083.376 .... 312 packets received, 7728 bps, 96.60%, Err 0 (0.0e+00)
085.500 .... 320 packets received, 7728 bps, 96.60%, Err 0 (0.0e+00)
087.628 .... 328 packets received, 7727 bps, 96.59%, Err 0 (0.0e+00)
089.735 .... 336 packets received, 7728 bps, 96.60%, Err 0 (0.0e+00)
091.861 .... 344 packets received, 7728 bps, 96.60%, Err 0 (0.0e+00)
093.992 .... 352 packets received, 7727 bps, 96.59%, Err 0 (0.0e+00)
096.115 .... 360 packets received, 7727 bps, 96.58%, Err 0 (0.0e+00)
098.219 .... 368 packets received, 7728 bps, 96.60%, Err 0 (0.0e+00)
100.351 .... 376 packets received, 7727 bps, 96.59%, Err 0 (0.0e+00)
102.473 .... 384 packets received, 7727 bps, 96.59%, Err 0 (0.0e+00)
104.586 .... 392 packets received, 7728 bps, 96.59%, Err 0 (0.0e+00)
106.702 .... 400 packets received, 7728 bps, 96.60%, Err 0 (0.0e+00)
108.830 .... 408 packets received, 7727 bps, 96.59%, Err 0 (0.0e+00)
110.936 .... 416 packets received, 7728 bps, 96.60%, Err 0 (0.0e+00)
113.069 .... 424 packets received, 7727 bps, 96.59%, Err 0 (0.0e+00)
115.179 .... 432 packets received, 7728 bps, 96.60%, Err 0 (0.0e+00)
117.341 .... 440 packets received, 7725 bps, 96.57%, Err 0 (0.0e+00)
119.437 .... 448 packets received, 7727 bps, 96.59%, Err 0 (0.0e+00)
121.536 .... 456 packets received, 7728 bps, 96.60%, Err 0 (0.0e+00)
123.679 .... 464 packets received, 7727 bps, 96.59%, Err 0 (0.0e+00)
125.788 .... 472 packets received, 7728 bps, 96.59%, Err 0 (0.0e+00)
127.910 .... 480 packets received, 7727 bps, 96.59%, Err 0 (0.0e+00)
130.017 .... 488 packets received, 7728 bps, 96.60%, Err 0 (0.0e+00)
132.146 .... 496 packets received, 7728 bps, 96.60%, Err 0 (0.0e+00)
134.264 .... 504 packets received, 7728 bps, 96.60%, Err 0 (0.0e+00)
136.398 .... 512 packets received, 7727 bps, 96.59%, Err 0 (0.0e+00)
138.507 .... 520 packets received, 7728 bps, 96.60%, Err 0 (0.0e+00)
140.624 .... 528 packets received, 7728 bps, 96.60%, Err 0 (0.0e+00)
142.744 .... 536 packets received, 7728 bps, 96.60%, Err 0 (0.0e+00)
144.854 .... 544 packets received, 7728 bps, 96.61%, Err 0 (0.0e+00)
146.979 .... 552 packets received, 7728 bps, 96.60%, Err 0 (0.0e+00)
149.107 .... 560 packets received, 7728 bps, 96.60%, Err 0 (0.0e+00)
151.225 .... 568 packets received, 7728 bps, 96.60%, Err 0 (0.0e+00)
153.362 .... 576 packets received, 7727 bps, 96.59%, Err 0 (0.0e+00)
155.451 .... 584 packets received, 7729 bps, 96.61%, Err 0 (0.0e+00)
157.595 .... 592 packets received, 7727 bps, 96.59%, Err 0 (0.0e+00)
159.691 .... 600 packets received, 7729 bps, 96.61%, Err 0 (0.0e+00)
161.832 .... 608 packets received, 7728 bps, 96.59%, Err 0 (0.0e+00)
163.950 .... 616 packets received, 7728 bps, 96.60%, Err 0 (0.0e+00)
166.056 .... 624 packets received, 7728 bps, 96.60%, Err 0 (0.0e+00)
168.176 .... 632 packets received, 7728 bps, 96.60%, Err 0 (0.0e+00)
170.318 .... 640 packets received, 7727 bps, 96.59%, Err 0 (0.0e+00)
172.433 .... 648 packets received, 7728 bps, 96.59%, Err 0 (0.0e+00)
174.547 .... 656 packets received, 7728 bps, 96.60%, Err 0 (0.0e+00)
176.671 .... 664 packets received, 7728 bps, 96.60%, Err 0 (0.0e+00)
178.776 .... 672 packets received, 7728 bps, 96.60%, Err 0 (0.0e+00)
180.907 .... 680 packets received, 7728 bps, 96.60%, Err 0 (0.0e+00)
183.012 .... 688 packets received, 7728 bps, 96.61%, Err 0 (0.0e+00)
185.148 .... 696 packets received, 7728 bps, 96.60%, Err 0 (0.0e+00)
187.273 .... 704 packets received, 7728 bps, 96.59%, Err 0 (0.0e+00)
189.395 .... 712 packets received, 7728 bps, 96.59%, Err 0 (0.0e+00)
191.507 .... 720 packets received, 7728 bps, 96.60%, Err 0 (0.0e+00)
193.622 .... 728 packets received, 7728 bps, 96.60%, Err 0 (0.0e+00)
195.755 .... 736 packets received, 7728 bps, 96.59%, Err 0 (0.0e+00)
197.877 .... 744 packets received, 7727 bps, 96.59%, Err 0 (0.0e+00)
199.980 .... 752 packets received, 7728 bps, 96.60%, Err 0 (0.0e+00)
202.107 .... 760 packets received, 7728 bps, 96.60%, Err 0 (0.0e+00)
204.219 .... 768 packets received, 7728 bps, 96.60%, Err 0 (0.0e+00)
206.333 .... 776 packets received, 7728 bps, 96.61%, Err 0 (0.0e+00)
208.469 .... 784 packets received, 7728 bps, 96.60%, Err 0 (0.0e+00)
210.598 .... 792 packets received, 7727 bps, 96.59%, Err 0 (0.0e+00)
212.718 .... 800 packets received, 7727 bps, 96.59%, Err 0 (0.0e+00)
214.819 .... 808 packets received, 7728 bps, 96.60%, Err 0 (0.0e+00)
216.940 .... 816 packets received, 7728 bps, 96.60%, Err 0 (0.0e+00)
219.062 .... 824 packets received, 7728 bps, 96.60%, Err 0 (0.0e+00)
221.178 .... 832 packets received, 7728 bps, 96.60%, Err 0 (0.0e+00)
223.293 .... 840 packets received, 7728 bps, 96.61%, Err 0 (0.0e+00)
225.411 .... 848 packets received, 7728 bps, 96.61%, Err 0 (0.0e+00)
227.555 .... 856 packets received, 7728 bps, 96.60%, Err 0 (0.0e+00)
229.675 .... 864 packets received, 7728 bps, 96.60%, Err 0 (0.0e+00)
231.806 .... 872 packets received, 7727 bps, 96.59%, Err 0 (0.0e+00)
233.915 .... 880 packets received, 7728 bps, 96.60%, Err 0 (0.0e+00)
236.030 .... 888 packets received, 7728 bps, 96.60%, Err 0 (0.0e+00)
238.150 .... 896 packets received, 7728 bps, 96.60%, Err 0 (0.0e+00)
240.279 .... 904 packets received, 7728 bps, 96.59%, Err 0 (0.0e+00)
242.387 .... 912 packets received, 7728 bps, 96.60%, Err 0 (0.0e+00)
244.524 .... 920 packets received, 7727 bps, 96.59%, Err 0 (0.0e+00)
246.629 .... 928 packets received, 7728 bps, 96.60%, Err 0 (0.0e+00)
248.751 .... 936 packets received, 7728 bps, 96.60%, Err 0 (0.0e+00)
250.879 .... 944 packets received, 7728 bps, 96.59%, Err 0 (0.0e+00)
252.991 .... 952 packets received, 7728 bps, 96.60%, Err 0 (0.0e+00)
255.118 .... 960 packets received, 7728 bps, 96.60%, Err 0 (0.0e+00)
257.240 .... 968 packets received, 7728 bps, 96.59%, Err 0 (0.0e+00)
259.346 .... 976 packets received, 7728 bps, 96.60%, Err 0 (0.0e+00)
261.483 .... 984 packets received, 7728 bps, 96.59%, Err 0 (0.0e+00)
263.593 .... 992 packets received, 7728 bps, 96.60%, Err 0 (0.0e+00)
265.700 .... 1000 packets received, 7728 bps, 96.60%, Err 0 (0.0e+00)
267.823 .... 1008 packets received, 7728 bps, 96.60%, Err 0 (0.0e+00)
269.941 .... 1016 packets received, 7728 bps, 96.60%, Err 0 (0.0e+00)
272.060 .... 1024 packets received, 7728 bps, 96.60%, Err 0 (0.0e+00)
274.184 .... 1032 packets received, 7728 bps, 96.60%, Err 0 (0.0e+00)
276.304 .... 1040 packets received, 7728 bps, 96.60%, Err 0 (0.0e+00)
278.432 .... 1048 packets received, 7728 bps, 96.60%, Err 0 (0.0e+00)
280.551 .... 1056 packets received, 7728 bps, 96.60%, Err 0 (0.0e+00)
282.673 .... 1064 packets received, 7728 bps, 96.60%, Err 0 (0.0e+00)
284.785 .... 1072 packets received, 7728 bps, 96.60%, Err 0 (0.0e+00)
286.893 .... 1080 packets received, 7728 bps, 96.60%, Err 0 (0.0e+00)
289.035 .... 1088 packets received, 7728 bps, 96.60%, Err 0 (0.0e+00)
291.160 .... 1096 packets received, 7728 bps, 96.60%, Err 0 (0.0e+00)
293.253 .... 1104 packets received, 7728 bps, 96.60%, Err 0 (0.0e+00)
295.395 .... 1112 packets received, 7728 bps, 96.60%, Err 0 (0.0e+00)
297.498 .... 1120 packets received, 7728 bps, 96.60%, Err 0 (0.0e+00)
299.624 .... 1128 packets received, 7728 bps, 96.60%, Err 0 (0.0e+00)
301.750 .... 1136 packets received, 7728 bps, 96.60%, Err 0 (0.0e+00)
303.860 .... 1144 packets received, 7728 bps, 96.60%, Err 0 (0.0e+00)
305.985 .... 1152 packets received, 7728 bps, 96.60%, Err 0 (0.0e+00)
308.102 .... 1160 packets received, 7728 bps, 96.60%, Err 0 (0.0e+00)
310.225 .... 1168 packets received, 7728 bps, 96.60%, Err 0 (0.0e+00)
312.356 .... 1176 packets received, 7728 bps, 96.60%, Err 0 (0.0e+00)
314.476 .... 1184 packets received, 7728 bps, 96.60%, Err 0 (0.0e+00)
316.593 .... 1192 packets received, 7728 bps, 96.60%, Err 0 (0.0e+00)
318.774 .... 1200 packets received, 7726 bps, 96.58%, Err 0 (0.0e+00)
320.830 .... 1208 packets received, 7728 bps, 96.60%, Err 0 (0.0e+00)
322.948 .... 1216 packets received, 7728 bps, 96.60%, Err 0 (0.0e+00)
325.077 .... 1224 packets received, 7728 bps, 96.60%, Err 0 (0.0e+00)
327.259 .... 1232 packets received, 7726 bps, 96.58%, Err 0 (0.0e+00)
329.320 .... 1240 packets received, 7728 bps, 96.60%, Err 0 (0.0e+00)
331.443 .... 1248 packets received, 7728 bps, 96.60%, Err 0 (0.0e+00)
333.441 ** WARNING: System too busy, sleep 15 ms, but be awakened 193 ms later
333.489 .... 1255 packets received, 7723 bps, 96.54%, Err 0 (0.0e+00)
335.682 .... 1264 packets received, 7728 bps, 96.60%, Err 0 (0.0e+00)
336.874 ** WARNING: System too busy, sleep 15 ms, but be awakened 156 ms later
337.778 .... 1272 packets received, 7728 bps, 96.60%, Err 0 (0.0e+00)
338.085 ** WARNING: System too busy, sleep 15 ms, but be awakened 143 ms later
340.224 ** WARNING: System too busy, sleep 15 ms, but be awakened 80 ms later
341.304 .... 1276 packets received, 7672 bps, 95.90%, Err 0 (0.0e+00)
343.131 ** WARNING: System too busy, sleep 15 ms, but be awakened 69 ms later
343.488 .... 1284 packets received, 7671 bps, 95.89%, Err 0 (0.0e+00)
345.161 ** WARNING: System too busy, sleep 15 ms, but be awakened 219 ms later
345.600 .... 1291 packets received, 7666 bps, 95.82%, Err 0 (0.0e+00)
347.051 ** WARNING: System too busy, sleep 15 ms, but be awakened 69 ms later
348.349 .... 1298 packets received, 7646 bps, 95.58%, Err 0 (0.0e+00)
349.099 ** WARNING: System too busy, sleep 15 ms, but be awakened 669 ms later
352.152 ** WARNING: System too busy, sleep 15 ms, but be awakened 108 ms later
352.682 .... 1303 packets received, 7581 bps, 94.77%, Err 0 (0.0e+00)
355.408 .... 1306 packets received, 7540 bps, 94.26%, Err 0 (0.0e+00)
357.419 .... 1311 packets received, 7527 bps, 94.08%, Err 0 (0.0e+00)
359.685 ** WARNING: System too busy, sleep 15 ms, but be awakened 80 ms later
359.945 .... 1318 packets received, 7514 bps, 93.92%, Err 0 (0.0e+00)
362.217 .... 1325 packets received, 7506 bps, 93.83%, Err 0 (0.0e+00)
364.358 .... 1331 packets received, 7496 bps, 93.70%, Err 0 (0.0e+00)
365.421 ** WARNING: System too busy, sleep 15 ms, but be awakened 98 ms later
366.834 .... 1338 packets received, 7484 bps, 93.55%, Err 0 (0.0e+00)
368.971 .... 1344 packets received, 7474 bps, 93.43%, Err 0 (0.0e+00)
371.117 .... 1350 packets received, 7464 bps, 93.30%, Err 0 (0.0e+00)
373.242 .... 1356 packets received, 7454 bps, 93.18%, Err 0 (0.0e+00)
375.359 .... 1362 packets received, 7445 bps, 93.06%, Err 0 (0.0e+00)
377.510 .... 1368 packets received, 7435 bps, 92.94%, Err 0 (0.0e+00)
379.626 .... 1374 packets received, 7426 bps, 92.83%, Err 0 (0.0e+00)
381.779 .... 1380 packets received, 7416 bps, 92.70%, Err 0 (0.0e+00)
383.901 .... 1386 packets received, 7407 bps, 92.59%, Err 0 (0.0e+00)
386.052 .... 1392 packets received, 7398 bps, 92.47%, Err 0 (0.0e+00)
388.169 .... 1398 packets received, 7389 bps, 92.36%, Err 0 (0.0e+00)
390.297 .... 1404 packets received, 7380 bps, 92.25%, Err 0 (0.0e+00)
392.442 .... 1410 packets received, 7371 bps, 92.14%, Err 0 (0.0e+00)
394.586 .... 1416 packets received, 7362 bps, 92.03%, Err 0 (0.0e+00)
396.723 .... 1422 packets received, 7354 bps, 91.92%, Err 0 (0.0e+00)
398.851 .... 1428 packets received, 7345 bps, 91.82%, Err 0 (0.0e+00)
400.979 .... 1434 packets received, 7337 bps, 91.71%, Err 0 (0.0e+00)
403.106 .... 1440 packets received, 7329 bps, 91.61%, Err 0 (0.0e+00)
405.254 .... 1446 packets received, 7320 bps, 91.50%, Err 0 (0.0e+00)
407.396 .... 1452 packets received, 7312 bps, 91.40%, Err 0 (0.0e+00)
409.775 .... 1459 packets received, 7304 bps, 91.30%, Err 0 (0.0e+00)
411.921 .... 1465 packets received, 7296 bps, 91.20%, Err 0 (0.0e+00)
414.052 .... 1471 packets received, 7288 bps, 91.10%, Err 0 (0.0e+00)
416.185 .... 1477 packets received, 7280 bps, 91.00%, Err 0 (0.0e+00)
418.317 .... 1483 packets received, 7273 bps, 90.91%, Err 0 (0.0e+00)
420.467 .... 1489 packets received, 7265 bps, 90.81%, Err 0 (0.0e+00)
422.592 .... 1495 packets received, 7257 bps, 90.71%, Err 0 (0.0e+00)
424.719 .... 1501 packets received, 7250 bps, 90.62%, Err 0 (0.0e+00)
426.863 .... 1507 packets received, 7242 bps, 90.53%, Err 0 (0.0e+00)
428.976 .... 1513 packets received, 7235 bps, 90.44%, Err 0 (0.0e+00)
431.130 .... 1519 packets received, 7227 bps, 90.34%, Err 0 (0.0e+00)
433.264 .... 1525 packets received, 7220 bps, 90.25%, Err 0 (0.0e+00)
435.407 .... 1531 packets received, 7213 bps, 90.16%, Err 0 (0.0e+00)
437.548 .... 1537 packets received, 7206 bps, 90.07%, Err 0 (0.0e+00)
439.671 .... 1543 packets received, 7199 bps, 89.98%, Err 0 (0.0e+00)
441.799 .... 1549 packets received, 7192 bps, 89.90%, Err 0 (0.0e+00)
443.932 .... 1555 packets received, 7185 bps, 89.81%, Err 0 (0.0e+00)
446.080 .... 1561 packets received, 7178 bps, 89.72%, Err 0 (0.0e+00)
448.214 .... 1567 packets received, 7171 bps, 89.64%, Err 0 (0.0e+00)
450.346 .... 1573 packets received, 7164 bps, 89.56%, Err 0 (0.0e+00)
452.476 .... 1579 packets received, 7158 bps, 89.47%, Err 0 (0.0e+00)
454.603 .... 1585 packets received, 7151 bps, 89.39%, Err 0 (0.0e+00)
456.731 .... 1591 packets received, 7145 bps, 89.31%, Err 0 (0.0e+00)
458.876 .... 1597 packets received, 7138 bps, 89.23%, Err 0 (0.0e+00)
461.003 .... 1603 packets received, 7132 bps, 89.15%, Err 0 (0.0e+00)
463.140 .... 1609 packets received, 7126 bps, 89.07%, Err 0 (0.0e+00)
465.266 .... 1615 packets received, 7120 bps, 88.99%, Err 0 (0.0e+00)
467.396 .... 1621 packets received, 7113 bps, 88.92%, Err 0 (0.0e+00)
469.529 .... 1627 packets received, 7107 bps, 88.84%, Err 0 (0.0e+00)
471.656 .... 1633 packets received, 7101 bps, 88.77%, Err 0 (0.0e+00)
473.807 .... 1639 packets received, 7095 bps, 88.69%, Err 0 (0.0e+00)
475.934 .... 1645 packets received, 7089 bps, 88.61%, Err 0 (0.0e+00)
478.063 .... 1651 packets received, 7083 bps, 88.54%, Err 0 (0.0e+00)
480.213 .... 1657 packets received, 7077 bps, 88.46%, Err 0 (0.0e+00)
482.413 .... 1663 packets received, 7070 bps, 88.38%, Err 0 (0.0e+00)
484.474 .... 1669 packets received, 7065 bps, 88.32%, Err 0 (0.0e+00)
486.605 .... 1675 packets received, 7060 bps, 88.25%, Err 0 (0.0e+00)
488.749 .... 1681 packets received, 7054 bps, 88.17%, Err 0 (0.0e+00)
490.872 .... 1687 packets received, 7048 bps, 88.11%, Err 0 (0.0e+00)
493.038 .... 1693 packets received, 7042 bps, 88.03%, Err 0 (0.0e+00)
493.301 ** WARNING: System too busy, sleep 15 ms, but be awakened 74 ms later
495.442 .... 1699 packets received, 7033 bps, 87.91%, Err 0 (0.0e+00)
496.565 ** WARNING: System too busy, sleep 15 ms, but be awakened 75 ms later
497.973 .... 1707 packets received, 7030 bps, 87.88%, Err 0 (0.0e+00)
499.793 ** WARNING: System too busy, sleep 15 ms, but be awakened 69 ms later
500.085 .... 1713 packets received, 7025 bps, 87.81%, Err 0 (0.0e+00)
501.397 ** WARNING: System too busy, sleep 15 ms, but be awakened 67 ms later
502.327 .... 1719 packets received, 7018 bps, 87.73%, Err 0 (0.0e+00)
504.413 .... 1726 packets received, 7018 bps, 87.72%, Err 0 (0.0e+00)
505.773 ** WARNING: System too busy, sleep 15 ms, but be awakened 174 ms later
506.768 .... 1731 packets received, 7005 bps, 87.56%, Err 0 (0.0e+00)
507.597 ** WARNING: System too busy, sleep 15 ms, but be awakened 72 ms later
508.782 .... 1737 packets received, 7002 bps, 87.52%, Err 0 (0.0e+00)
510.923 .... 1743 packets received, 6996 bps, 87.45%, Err 0 (0.0e+00)
513.320 .... 1750 packets received, 6991 bps, 87.39%, Err 0 (0.0e+00)
514.898 ** WARNING: System too busy, sleep 15 ms, but be awakened 70 ms later
515.927 .... 1757 packets received, 6984 bps, 87.30%, Err 0 (0.0e+00)
516.113 ** WARNING: System too busy, sleep 15 ms, but be awakened 80 ms later
518.176 .... 1764 packets received, 6981 bps, 87.27%, Err 0 (0.0e+00)
520.336 .... 1771 packets received, 6980 bps, 87.25%, Err 0 (0.0e+00)
521.219 ** WARNING: System too busy, sleep 15 ms, but be awakened 73 ms later
522.524 .... 1777 packets received, 6974 bps, 87.18%, Err 0 (0.0e+00)
523.957 ** WARNING: System too busy, sleep 15 ms, but be awakened 85 ms later
524.561 .... 1783 packets received, 6970 bps, 87.13%, Err 0 (0.0e+00)
526.987 .... 1790 packets received, 6966 bps, 87.07%, Err 0 (0.0e+00)
527.622 ** WARNING: System too busy, sleep 15 ms, but be awakened 93 ms later
529.398 .... 1797 packets received, 6961 bps, 87.01%, Err 0 (0.0e+00)
531.499 .... 1804 packets received, 6960 bps, 87.00%, Err 0 (0.0e+00)
533.613 .... 1810 packets received, 6956 bps, 86.95%, Err 0 (0.0e+00)
535.783 .... 1816 packets received, 6951 bps, 86.88%, Err 0 (0.0e+00)
538.186 .... 1823 packets received, 6946 bps, 86.83%, Err 0 (0.0e+00)
540.613 .... 1830 packets received, 6942 bps, 86.77%, Err 0 (0.0e+00)
542.716 .... 1837 packets received, 6941 bps, 86.76%, Err 0 (0.0e+00)
544.074 ** WARNING: System too busy, sleep 15 ms, but be awakened 68 ms later
544.848 .... 1843 packets received, 6936 bps, 86.71%, Err 0 (0.0e+00)
546.962 .... 1849 packets received, 6932 bps, 86.65%, Err 0 (0.0e+00)
548.121 ** WARNING: System too busy, sleep 15 ms, but be awakened 80 ms later
549.114 .... 1855 packets received, 6927 bps, 86.59%, Err 0 (0.0e+00)
551.297 .... 1861 packets received, 6922 bps, 86.53%, Err 0 (0.0e+00)
553.449 .... 1867 packets received, 6917 bps, 86.47%, Err 0 (0.0e+00)
555.553 .... 1873 packets received, 6913 bps, 86.42%, Err 0 (0.0e+00)
557.218 ** WARNING: System too busy, sleep 15 ms, but be awakened 66 ms later
557.773 .... 1879 packets received, 6908 bps, 86.35%, Err 0 (0.0e+00)
560.163 .... 1886 packets received, 6904 bps, 86.30%, Err 0 (0.0e+00)
560.288 ** WARNING: System too busy, sleep 15 ms, but be awakened 72 ms later
562.258 .... 1892 packets received, 6900 bps, 86.25%, Err 0 (0.0e+00)
564.364 .... 1898 packets received, 6896 bps, 86.20%, Err 0 (0.0e+00)
566.527 .... 1904 packets received, 6891 bps, 86.14%, Err 0 (0.0e+00)
568.630 .... 1910 packets received, 6888 bps, 86.09%, Err 0 (0.0e+00)
570.773 .... 1916 packets received, 6883 bps, 86.04%, Err 0 (0.0e+00)
572.908 .... 1922 packets received, 6879 bps, 85.99%, Err 0 (0.0e+00)
575.038 .... 1928 packets received, 6875 bps, 85.94%, Err 0 (0.0e+00)
577.180 .... 1934 packets received, 6871 bps, 85.88%, Err 0 (0.0e+00)
579.305 .... 1940 packets received, 6867 bps, 85.83%, Err 0 (0.0e+00)
581.447 .... 1946 packets received, 6863 bps, 85.78%, Err 0 (0.0e+00)
583.584 .... 1952 packets received, 6858 bps, 85.73%, Err 0 (0.0e+00)
585.703 .... 1958 packets received, 6855 bps, 85.68%, Err 0 (0.0e+00)
587.848 .... 1964 packets received, 6850 bps, 85.63%, Err 0 (0.0e+00)
589.976 .... 1970 packets received, 6847 bps, 85.58%, Err 0 (0.0e+00)
592.101 .... 1976 packets received, 6843 bps, 85.53%, Err 0 (0.0e+00)
594.231 .... 1982 packets received, 6839 bps, 85.49%, Err 0 (0.0e+00)
596.367 .... 1988 packets received, 6835 bps, 85.44%, Err 0 (0.0e+00)
598.498 .... 1994 packets received, 6831 bps, 85.39%, Err 0 (0.0e+00)
600.645 .... 2000 packets received, 6827 bps, 85.34%, Err 0 (0.0e+00)
602.774 .... 2006 packets received, 6824 bps, 85.29%, Err 0 (0.0e+00)
604.914 .... 2012 packets received, 6820 bps, 85.25%, Err 0 (0.0e+00)
607.034 .... 2018 packets received, 6816 bps, 85.20%, Err 0 (0.0e+00)
609.237 .... 2024 packets received, 6812 bps, 85.15%, Err 0 (0.0e+00)
611.302 .... 2030 packets received, 6809 bps, 85.11%, Err 0 (0.0e+00)
613.441 .... 2036 packets received, 6805 bps, 85.06%, Err 0 (0.0e+00)
615.571 .... 2042 packets received, 6801 bps, 85.02%, Err 0 (0.0e+00)
617.362 ** WARNING: System too busy, sleep 15 ms, but be awakened 87 ms later
617.723 .... 2048 packets received, 6798 bps, 84.97%, Err 0 (0.0e+00)
619.863 .... 2054 packets received, 6794 bps, 84.92%, Err 0 (0.0e+00)
622.003 .... 2060 packets received, 6790 bps, 84.88%, Err 0 (0.0e+00)
624.146 .... 2066 packets received, 6787 bps, 84.83%, Err 0 (0.0e+00)
626.258 .... 2072 packets received, 6783 bps, 84.79%, Err 0 (0.0e+00)
628.406 .... 2078 packets received, 6780 bps, 84.75%, Err 0 (0.0e+00)
630.554 .... 2084 packets received, 6776 bps, 84.70%, Err 0 (0.0e+00)
632.680 .... 2090 packets received, 6773 bps, 84.66%, Err 0 (0.0e+00)
634.820 .... 2096 packets received, 6769 bps, 84.62%, Err 0 (0.0e+00)
636.929 .... 2102 packets received, 6766 bps, 84.58%, Err 0 (0.0e+00)
639.073 .... 2108 packets received, 6763 bps, 84.53%, Err 0 (0.0e+00)
641.219 .... 2114 packets received, 6759 bps, 84.49%, Err 0 (0.0e+00)
643.351 .... 2120 packets received, 6756 bps, 84.45%, Err 0 (0.0e+00)
645.466 .... 2126 packets received, 6753 bps, 84.41%, Err 0 (0.0e+00)
647.603 .... 2132 packets received, 6750 bps, 84.37%, Err 0 (0.0e+00)
649.746 .... 2138 packets received, 6746 bps, 84.33%, Err 0 (0.0e+00)
651.886 .... 2144 packets received, 6743 bps, 84.29%, Err 0 (0.0e+00)
654.031 .... 2150 packets received, 6740 bps, 84.24%, Err 0 (0.0e+00)
656.134 .... 2156 packets received, 6737 bps, 84.21%, Err 0 (0.0e+00)
658.287 .... 2162 packets received, 6733 bps, 84.17%, Err 0 (0.0e+00)
660.421 .... 2168 packets received, 6730 bps, 84.13%, Err 0 (0.0e+00)
662.563 .... 2174 packets received, 6727 bps, 84.09%, Err 0 (0.0e+00)
664.680 .... 2180 packets received, 6724 bps, 84.05%, Err 0 (0.0e+00)
666.810 .... 2186 packets received, 6721 bps, 84.01%, Err 0 (0.0e+00)
668.952 .... 2192 packets received, 6718 bps, 83.97%, Err 0 (0.0e+00)
671.096 .... 2198 packets received, 6715 bps, 83.93%, Err 0 (0.0e+00)
673.233 .... 2204 packets received, 6712 bps, 83.89%, Err 0 (0.0e+00)
675.375 .... 2210 packets received, 6708 bps, 83.86%, Err 0 (0.0e+00)
677.502 .... 2216 packets received, 6706 bps, 83.82%, Err 0 (0.0e+00)
679.636 .... 2222 packets received, 6703 bps, 83.78%, Err 0 (0.0e+00)
681.749 .... 2228 packets received, 6700 bps, 83.75%, Err 0 (0.0e+00)
683.880 .... 2234 packets received, 6697 bps, 83.71%, Err 0 (0.0e+00)
686.020 .... 2240 packets received, 6694 bps, 83.67%, Err 0 (0.0e+00)
688.163 .... 2246 packets received, 6691 bps, 83.64%, Err 0 (0.0e+00)
690.307 .... 2252 packets received, 6688 bps, 83.60%, Err 0 (0.0e+00)
692.438 .... 2258 packets received, 6685 bps, 83.56%, Err 0 (0.0e+00)
694.566 .... 2264 packets received, 6682 bps, 83.53%, Err 0 (0.0e+00)
696.698 .... 2270 packets received, 6680 bps, 83.49%, Err 0 (0.0e+00)
698.834 .... 2276 packets received, 6677 bps, 83.46%, Err 0 (0.0e+00)
700.959 .... 2282 packets received, 6674 bps, 83.42%, Err 0 (0.0e+00)
703.096 .... 2288 packets received, 6671 bps, 83.39%, Err 0 (0.0e+00)
705.235 .... 2294 packets received, 6668 bps, 83.35%, Err 0 (0.0e+00)
707.365 .... 2300 packets received, 6666 bps, 83.32%, Err 0 (0.0e+00)
709.483 .... 2306 packets received, 6663 bps, 83.29%, Err 0 (0.0e+00)
711.636 .... 2312 packets received, 6660 bps, 83.25%, Err 0 (0.0e+00)
713.780 .... 2318 packets received, 6657 bps, 83.22%, Err 0 (0.0e+00)
715.909 .... 2324 packets received, 6655 bps, 83.18%, Err 0 (0.0e+00)
718.038 .... 2330 packets received, 6652 bps, 83.15%, Err 0 (0.0e+00)
720.171 .... 2336 packets received, 6649 bps, 83.12%, Err 0 (0.0e+00)
722.291 .... 2342 packets received, 6647 bps, 83.09%, Err 0 (0.0e+00)
724.442 .... 2348 packets received, 6644 bps, 83.05%, Err 0 (0.0e+00)
726.574 .... 2354 packets received, 6642 bps, 83.02%, Err 0 (0.0e+00)
728.707 .... 2360 packets received, 6639 bps, 82.99%, Err 0 (0.0e+00)
730.850 .... 2366 packets received, 6636 bps, 82.95%, Err 0 (0.0e+00)
732.975 .... 2372 packets received, 6634 bps, 82.92%, Err 0 (0.0e+00)
735.110 .... 2378 packets received, 6631 bps, 82.89%, Err 0 (0.0e+00)
737.232 .... 2384 packets received, 6629 bps, 82.86%, Err 0 (0.0e+00)
739.378 .... 2390 packets received, 6626 bps, 82.83%, Err 0 (0.0e+00)
741.498 .... 2396 packets received, 6624 bps, 82.80%, Err 0 (0.0e+00)
743.656 .... 2402 packets received, 6621 bps, 82.77%, Err 0 (0.0e+00)
745.771 .... 2408 packets received, 6619 bps, 82.74%, Err 0 (0.0e+00)
747.911 .... 2414 packets received, 6616 bps, 82.70%, Err 0 (0.0e+00)
750.052 .... 2420 packets received, 6614 bps, 82.67%, Err 0 (0.0e+00)
752.171 .... 2426 packets received, 6612 bps, 82.64%, Err 0 (0.0e+00)
754.309 .... 2432 packets received, 6609 bps, 82.61%, Err 0 (0.0e+00)
756.450 .... 2438 packets received, 6607 bps, 82.58%, Err 0 (0.0e+00)
758.593 .... 2444 packets received, 6604 bps, 82.55%, Err 0 (0.0e+00)
760.712 .... 2450 packets received, 6602 bps, 82.52%, Err 0 (0.0e+00)
762.856 .... 2456 packets received, 6600 bps, 82.49%, Err 0 (0.0e+00)
764.985 .... 2462 packets received, 6597 bps, 82.47%, Err 0 (0.0e+00)
767.099 .... 2468 packets received, 6595 bps, 82.44%, Err 0 (0.0e+00)
769.253 .... 2474 packets received, 6593 bps, 82.41%, Err 0 (0.0e+00)
771.385 .... 2480 packets received, 6590 bps, 82.38%, Err 0 (0.0e+00)
773.519 .... 2486 packets received, 6588 bps, 82.35%, Err 0 (0.0e+00)
775.657 .... 2492 packets received, 6586 bps, 82.32%, Err 0 (0.0e+00)
777.782 .... 2498 packets received, 6583 bps, 82.29%, Err 0 (0.0e+00)
779.921 .... 2504 packets received, 6581 bps, 82.26%, Err 0 (0.0e+00)
782.070 .... 2510 packets received, 6579 bps, 82.23%, Err 0 (0.0e+00)
784.179 .... 2516 packets received, 6577 bps, 82.21%, Err 0 (0.0e+00)
786.336 .... 2522 packets received, 6574 bps, 82.18%, Err 0 (0.0e+00)
788.443 .... 2528 packets received, 6572 bps, 82.15%, Err 0 (0.0e+00)
790.601 .... 2534 packets received, 6570 bps, 82.12%, Err 0 (0.0e+00)
792.740 .... 2540 packets received, 6568 bps, 82.10%, Err 0 (0.0e+00)
794.855 .... 2546 packets received, 6566 bps, 82.07%, Err 0 (0.0e+00)
796.989 .... 2552 packets received, 6564 bps, 82.04%, Err 0 (0.0e+00)
799.126 .... 2558 packets received, 6561 bps, 82.02%, Err 0 (0.0e+00)
801.262 .... 2564 packets received, 6559 bps, 81.99%, Err 0 (0.0e+00)
803.446 .... 2570 packets received, 6557 bps, 81.96%, Err 0 (0.0e+00)
805.527 .... 2576 packets received, 6555 bps, 81.94%, Err 0 (0.0e+00)
807.673 .... 2582 packets received, 6553 bps, 81.91%, Err 0 (0.0e+00)
809.811 .... 2588 packets received, 6551 bps, 81.88%, Err 0 (0.0e+00)
811.921 .... 2594 packets received, 6549 bps, 81.86%, Err 0 (0.0e+00)
814.080 .... 2600 packets received, 6546 bps, 81.83%, Err 0 (0.0e+00)
816.194 .... 2606 packets received, 6545 bps, 81.81%, Err 0 (0.0e+00)
818.331 .... 2612 packets received, 6542 bps, 81.78%, Err 0 (0.0e+00)
820.454 .... 2618 packets received, 6541 bps, 81.76%, Err 0 (0.0e+00)
822.595 .... 2624 packets received, 6538 bps, 81.73%, Err 0 (0.0e+00)
824.739 .... 2630 packets received, 6536 bps, 81.70%, Err 0 (0.0e+00)
826.880 .... 2636 packets received, 6534 bps, 81.68%, Err 0 (0.0e+00)
829.002 .... 2642 packets received, 6532 bps, 81.65%, Err 0 (0.0e+00)
831.129 .... 2648 packets received, 6530 bps, 81.63%, Err 0 (0.0e+00)
833.285 .... 2654 packets received, 6528 bps, 81.60%, Err 0 (0.0e+00)
835.421 .... 2660 packets received, 6526 bps, 81.58%, Err 0 (0.0e+00)
837.546 .... 2666 packets received, 6524 bps, 81.56%, Err 0 (0.0e+00)
839.662 .... 2672 packets received, 6523 bps, 81.53%, Err 0 (0.0e+00)
841.818 .... 2678 packets received, 6521 bps, 81.51%, Err 0 (0.0e+00)
843.947 .... 2684 packets received, 6519 bps, 81.48%, Err 0 (0.0e+00)
846.065 .... 2690 packets received, 6517 bps, 81.46%, Err 0 (0.0e+00)
848.223 .... 2696 packets received, 6515 bps, 81.43%, Err 0 (0.0e+00)
850.350 .... 2702 packets received, 6513 bps, 81.41%, Err 0 (0.0e+00)
852.469 .... 2708 packets received, 6511 bps, 81.39%, Err 0 (0.0e+00)
854.623 .... 2714 packets received, 6509 bps, 81.36%, Err 0 (0.0e+00)
856.755 .... 2720 packets received, 6507 bps, 81.34%, Err 0 (0.0e+00)
858.889 .... 2726 packets received, 6505 bps, 81.32%, Err 0 (0.0e+00)
861.006 .... 2732 packets received, 6504 bps, 81.30%, Err 0 (0.0e+00)
863.160 .... 2738 packets received, 6502 bps, 81.27%, Err 0 (0.0e+00)
865.286 .... 2744 packets received, 6500 bps, 81.25%, Err 0 (0.0e+00)
867.422 .... 2750 packets received, 6498 bps, 81.23%, Err 0 (0.0e+00)
869.542 .... 2756 packets received, 6496 bps, 81.20%, Err 0 (0.0e+00)
871.676 .... 2762 packets received, 6494 bps, 81.18%, Err 0 (0.0e+00)
873.830 .... 2768 packets received, 6493 bps, 81.16%, Err 0 (0.0e+00)
875.952 .... 2774 packets received, 6491 bps, 81.14%, Err 0 (0.0e+00)
878.083 .... 2780 packets received, 6489 bps, 81.11%, Err 0 (0.0e+00)
880.209 .... 2786 packets received, 6487 bps, 81.09%, Err 0 (0.0e+00)
882.347 .... 2792 packets received, 6486 bps, 81.07%, Err 0 (0.0e+00)
884.490 .... 2798 packets received, 6484 bps, 81.05%, Err 0 (0.0e+00)
886.621 .... 2804 packets received, 6482 bps, 81.03%, Err 0 (0.0e+00)
888.756 .... 2810 packets received, 6480 bps, 81.00%, Err 0 (0.0e+00)
890.886 .... 2816 packets received, 6479 bps, 80.98%, Err 0 (0.0e+00)
893.017 .... 2822 packets received, 6477 bps, 80.96%, Err 0 (0.0e+00)
895.143 .... 2828 packets received, 6475 bps, 80.94%, Err 0 (0.0e+00)
897.297 .... 2834 packets received, 6473 bps, 80.92%, Err 0 (0.0e+00)
899.435 .... 2840 packets received, 6472 bps, 80.90%, Err 0 (0.0e+00)
901.552 .... 2846 packets received, 6470 bps, 80.88%, Err 0 (0.0e+00)
903.690 .... 2852 packets received, 6468 bps, 80.85%, Err 0 (0.0e+00)
905.825 .... 2858 packets received, 6467 bps, 80.83%, Err 0 (0.0e+00)
907.953 .... 2864 packets received, 6465 bps, 80.81%, Err 0 (0.0e+00)
910.099 .... 2870 packets received, 6463 bps, 80.79%, Err 0 (0.0e+00)
912.215 .... 2876 packets received, 6462 bps, 80.77%, Err 0 (0.0e+00)
914.360 .... 2882 packets received, 6460 bps, 80.75%, Err 0 (0.0e+00)
916.513 .... 2888 packets received, 6458 bps, 80.73%, Err 0 (0.0e+00)
918.631 .... 2894 packets received, 6457 bps, 80.71%, Err 0 (0.0e+00)
920.763 .... 2900 packets received, 6455 bps, 80.69%, Err 0 (0.0e+00)
922.907 .... 2906 packets received, 6453 bps, 80.67%, Err 0 (0.0e+00)
925.048 .... 2912 packets received, 6452 bps, 80.65%, Err 0 (0.0e+00)
927.158 .... 2918 packets received, 6450 bps, 80.63%, Err 0 (0.0e+00)
929.291 .... 2924 packets received, 6449 bps, 80.61%, Err 0 (0.0e+00)
931.441 .... 2930 packets received, 6447 bps, 80.59%, Err 0 (0.0e+00)
933.577 .... 2936 packets received, 6446 bps, 80.57%, Err 0 (0.0e+00)
935.704 .... 2942 packets received, 6444 bps, 80.55%, Err 0 (0.0e+00)
937.850 .... 2948 packets received, 6442 bps, 80.53%, Err 0 (0.0e+00)
939.969 .... 2954 packets received, 6441 bps, 80.51%, Err 0 (0.0e+00)
942.117 .... 2960 packets received, 6439 bps, 80.49%, Err 0 (0.0e+00)
944.230 .... 2966 packets received, 6438 bps, 80.47%, Err 0 (0.0e+00)
946.368 .... 2972 packets received, 6436 bps, 80.45%, Err 0 (0.0e+00)
948.517 .... 2978 packets received, 6435 bps, 80.43%, Err 0 (0.0e+00)
950.624 .... 2984 packets received, 6433 bps, 80.42%, Err 0 (0.0e+00)
952.792 .... 2990 packets received, 6432 bps, 80.40%, Err 0 (0.0e+00)
954.900 .... 2996 packets received, 6430 bps, 80.38%, Err 0 (0.0e+00)
957.029 .... 3002 packets received, 6429 bps, 80.36%, Err 0 (0.0e+00)
959.166 .... 3008 packets received, 6427 bps, 80.34%, Err 0 (0.0e+00)
961.295 .... 3014 packets received, 6426 bps, 80.32%, Err 0 (0.0e+00)
963.454 .... 3020 packets received, 6424 bps, 80.30%, Err 0 (0.0e+00)
965.592 .... 3026 packets received, 6423 bps, 80.28%, Err 0 (0.0e+00)
967.695 .... 3032 packets received, 6421 bps, 80.27%, Err 0 (0.0e+00)
969.844 .... 3038 packets received, 6420 bps, 80.25%, Err 0 (0.0e+00)
971.972 .... 3044 packets received, 6418 bps, 80.23%, Err 0 (0.0e+00)
974.117 .... 3050 packets received, 6417 bps, 80.21%, Err 0 (0.0e+00)
976.234 .... 3056 packets received, 6416 bps, 80.20%, Err 0 (0.0e+00)
978.395 .... 3062 packets received, 6414 bps, 80.18%, Err 0 (0.0e+00)
980.526 .... 3068 packets received, 6413 bps, 80.16%, Err 0 (0.0e+00)
982.644 .... 3074 packets received, 6411 bps, 80.14%, Err 0 (0.0e+00)
984.782 .... 3080 packets received, 6410 bps, 80.12%, Err 0 (0.0e+00)
986.921 .... 3086 packets received, 6408 bps, 80.11%, Err 0 (0.0e+00)
989.056 .... 3092 packets received, 6407 bps, 80.09%, Err 0 (0.0e+00)
991.190 .... 3098 packets received, 6406 bps, 80.07%, Err 0 (0.0e+00)
993.327 .... 3104 packets received, 6404 bps, 80.05%, Err 0 (0.0e+00)
995.462 .... 3110 packets received, 6403 bps, 80.03%, Err 0 (0.0e+00)
997.600 .... 3116 packets received, 6401 bps, 80.02%, Err 0 (0.0e+00)
999.731 .... 3122 packets received, 6400 bps, 80.00%, Err 0 (0.0e+00)
1001.861 .... 3128 packets received, 6399 bps, 79.98%, Err 0 (0.0e+00)
1003.988 .... 3134 packets received, 6397 bps, 79.97%, Err 0 (0.0e+00)
1006.122 .... 3140 packets received, 6396 bps, 79.95%, Err 0 (0.0e+00)
1008.256 .... 3146 packets received, 6395 bps, 79.93%, Err 0 (0.0e+00)
1010.402 .... 3152 packets received, 6393 bps, 79.92%, Err 0 (0.0e+00)
1012.515 .... 3158 packets received, 6392 bps, 79.90%, Err 0 (0.0e+00)
1014.672 .... 3164 packets received, 6391 bps, 79.88%, Err 0 (0.0e+00)
1016.808 .... 3170 packets received, 6389 bps, 79.87%, Err 0 (0.0e+00)
1018.939 .... 3176 packets received, 6388 bps, 79.85%, Err 0 (0.0e+00)
1021.048 .... 3182 packets received, 6387 bps, 79.83%, Err 0 (0.0e+00)
1023.192 .... 3188 packets received, 6385 bps, 79.82%, Err 0 (0.0e+00)
1025.326 .... 3194 packets received, 6384 bps, 79.80%, Err 0 (0.0e+00)
1027.470 .... 3200 packets received, 6383 bps, 79.78%, Err 0 (0.0e+00)
1029.592 .... 3206 packets received, 6381 bps, 79.77%, Err 0 (0.0e+00)
1031.752 .... 3212 packets received, 6380 bps, 79.75%, Err 0 (0.0e+00)
1033.856 .... 3218 packets received, 6379 bps, 79.74%, Err 0 (0.0e+00)
1035.997 .... 3224 packets received, 6378 bps, 79.72%, Err 0 (0.0e+00)
1038.150 .... 3230 packets received, 6376 bps, 79.70%, Err 0 (0.0e+00)
1040.271 .... 3236 packets received, 6375 bps, 79.69%, Err 0 (0.0e+00)
1042.409 .... 3242 packets received, 6374 bps, 79.67%, Err 0 (0.0e+00)
1044.538 .... 3248 packets received, 6373 bps, 79.66%, Err 0 (0.0e+00)
1046.677 .... 3254 packets received, 6371 bps, 79.64%, Err 0 (0.0e+00)
1048.817 .... 3260 packets received, 6370 bps, 79.62%, Err 0 (0.0e+00)
1050.921 .... 3266 packets received, 6369 bps, 79.61%, Err 0 (0.0e+00)
1053.081 .... 3272 packets received, 6367 bps, 79.59%, Err 0 (0.0e+00)
1055.215 .... 3278 packets received, 6366 bps, 79.58%, Err 0 (0.0e+00)
1057.343 .... 3284 packets received, 6365 bps, 79.56%, Err 0 (0.0e+00)
1059.477 .... 3290 packets received, 6364 bps, 79.55%, Err 0 (0.0e+00)
1061.601 .... 3296 packets received, 6363 bps, 79.53%, Err 0 (0.0e+00)
1063.743 .... 3302 packets received, 6361 bps, 79.52%, Err 0 (0.0e+00)
1065.869 .... 3308 packets received, 6360 bps, 79.50%, Err 0 (0.0e+00)
1068.017 .... 3314 packets received, 6359 bps, 79.49%, Err 0 (0.0e+00)
1070.150 .... 3320 packets received, 6358 bps, 79.47%, Err 0 (0.0e+00)
1072.290 .... 3326 packets received, 6357 bps, 79.46%, Err 0 (0.0e+00)
1074.411 .... 3332 packets received, 6355 bps, 79.44%, Err 0 (0.0e+00)
1076.537 .... 3338 packets received, 6354 bps, 79.43%, Err 0 (0.0e+00)
1078.687 .... 3344 packets received, 6353 bps, 79.41%, Err 0 (0.0e+00)
1080.818 .... 3350 packets received, 6352 bps, 79.40%, Err 0 (0.0e+00)
1082.943 .... 3356 packets received, 6351 bps, 79.38%, Err 0 (0.0e+00)
1085.076 .... 3362 packets received, 6350 bps, 79.37%, Err 0 (0.0e+00)
1087.222 .... 3368 packets received, 6348 bps, 79.35%, Err 0 (0.0e+00)
1089.373 .... 3374 packets received, 6347 bps, 79.34%, Err 0 (0.0e+00)
1091.498 .... 3380 packets received, 6346 bps, 79.33%, Err 0 (0.0e+00)
1093.619 .... 3386 packets received, 6345 bps, 79.31%, Err 0 (0.0e+00)
1095.739 .... 3392 packets received, 6344 bps, 79.30%, Err 0 (0.0e+00)
1097.895 .... 3398 packets received, 6343 bps, 79.28%, Err 0 (0.0e+00)
1100.012 .... 3404 packets received, 6342 bps, 79.27%, Err 0 (0.0e+00)
1102.162 .... 3410 packets received, 6340 bps, 79.25%, Err 0 (0.0e+00)
1104.292 .... 3416 packets received, 6339 bps, 79.24%, Err 0 (0.0e+00)
1106.436 .... 3422 packets received, 6338 bps, 79.23%, Err 0 (0.0e+00)
1108.565 .... 3428 packets received, 6337 bps, 79.21%, Err 0 (0.0e+00)
1110.700 .... 3434 packets received, 6336 bps, 79.20%, Err 0 (0.0e+00)
1112.835 .... 3440 packets received, 6335 bps, 79.18%, Err 0 (0.0e+00)
1114.948 .... 3446 packets received, 6334 bps, 79.17%, Err 0 (0.0e+00)
1117.098 .... 3452 packets received, 6333 bps, 79.16%, Err 0 (0.0e+00)
1119.228 .... 3458 packets received, 6331 bps, 79.14%, Err 0 (0.0e+00)
1121.366 .... 3464 packets received, 6330 bps, 79.13%, Err 0 (0.0e+00)
1123.499 .... 3470 packets received, 6329 bps, 79.12%, Err 0 (0.0e+00)
1125.615 .... 3476 packets received, 6328 bps, 79.10%, Err 0 (0.0e+00)
1127.750 .... 3482 packets received, 6327 bps, 79.09%, Err 0 (0.0e+00)
1129.905 .... 3488 packets received, 6326 bps, 79.08%, Err 0 (0.0e+00)
1132.021 .... 3494 packets received, 6325 bps, 79.06%, Err 0 (0.0e+00)
1134.148 .... 3500 packets received, 6324 bps, 79.05%, Err 0 (0.0e+00)
1136.286 .... 3506 packets received, 6323 bps, 79.04%, Err 0 (0.0e+00)
1138.438 .... 3512 packets received, 6322 bps, 79.02%, Err 0 (0.0e+00)
1140.555 .... 3518 packets received, 6321 bps, 79.01%, Err 0 (0.0e+00)
1142.709 .... 3524 packets received, 6320 bps, 79.00%, Err 0 (0.0e+00)
1144.829 .... 3530 packets received, 6319 bps, 78.98%, Err 0 (0.0e+00)
1146.971 .... 3536 packets received, 6318 bps, 78.97%, Err 0 (0.0e+00)
1149.090 .... 3542 packets received, 6317 bps, 78.96%, Err 0 (0.0e+00)
1151.244 .... 3548 packets received, 6316 bps, 78.94%, Err 0 (0.0e+00)
1153.362 .... 3554 packets received, 6315 bps, 78.93%, Err 0 (0.0e+00)
1155.511 .... 3560 packets received, 6313 bps, 78.92%, Err 0 (0.0e+00)
1157.635 .... 3566 packets received, 6312 bps, 78.91%, Err 0 (0.0e+00)
1159.781 .... 3572 packets received, 6311 bps, 78.89%, Err 0 (0.0e+00)
1161.904 .... 3578 packets received, 6310 bps, 78.88%, Err 0 (0.0e+00)
1164.032 .... 3584 packets received, 6309 bps, 78.87%, Err 0 (0.0e+00)
1166.180 .... 3590 packets received, 6308 bps, 78.85%, Err 0 (0.0e+00)
1168.298 .... 3596 packets received, 6307 bps, 78.84%, Err 0 (0.0e+00)
1170.450 .... 3602 packets received, 6306 bps, 78.83%, Err 0 (0.0e+00)
1172.578 .... 3608 packets received, 6305 bps, 78.82%, Err 0 (0.0e+00)
1174.715 .... 3614 packets received, 6304 bps, 78.80%, Err 0 (0.0e+00)
1176.848 .... 3620 packets received, 6303 bps, 78.79%, Err 0 (0.0e+00)
1178.984 .... 3626 packets received, 6302 bps, 78.78%, Err 0 (0.0e+00)
1181.118 .... 3632 packets received, 6301 bps, 78.77%, Err 0 (0.0e+00)
1183.252 .... 3638 packets received, 6300 bps, 78.76%, Err 0 (0.0e+00)
1185.386 .... 3644 packets received, 6299 bps, 78.74%, Err 0 (0.0e+00)
1187.497 .... 3650 packets received, 6299 bps, 78.73%, Err 0 (0.0e+00)
1189.655 .... 3656 packets received, 6298 bps, 78.72%, Err 0 (0.0e+00)
1191.772 .... 3662 packets received, 6297 bps, 78.71%, Err 0 (0.0e+00)
1193.902 .... 3668 packets received, 6296 bps, 78.70%, Err 0 (0.0e+00)
1196.056 .... 3674 packets received, 6295 bps, 78.68%, Err 0 (0.0e+00)
1198.195 .... 3680 packets received, 6294 bps, 78.67%, Err 0 (0.0e+00)
1200.022 Quit.
