000.000 =============================================================
000.000                     Station A                               
000.000 -------------------------------------------------------------
000.000 Protocol.lib, version 4.0, jiangyanjun0718@bupt.edu.cn
000.000 Channel: 8000 bps, 270 ms propagation delay, bit error rate 1.0E-05
000.000 Log file "A.log", TCP port 30011, debug mask 0x00
000.000 Station A is waiting for station B on TCP port 30011 ... Done.
000.905 New epoch: Tue Apr 16 21:08:46 2019
000.905 =================================================================
000.905 
000.905 Designed by CJSoft, build: Apr 16 2019  11:10:40
003.465 .... 7 packets received, 6628 bps, 82.85%, Err 1 (5.2e-05)
005.665 .... 15 packets received, 7041 bps, 88.01%, Err 1 (2.7e-05)
007.846 .... 23 packets received, 7198 bps, 89.98%, Err 1 (1.8e-05)
010.025 .... 31 packets received, 7278 bps, 90.98%, Err 1 (1.4e-05)
012.196 .... 39 packets received, 7332 bps, 91.65%, Err 1 (1.1e-05)
014.375 .... 47 packets received, 7363 bps, 92.04%, Err 1 (9.4e-06)
016.571 .... 55 packets received, 7377 bps, 92.21%, Err 1 (8.1e-06)
018.765 .... 63 packets received, 7388 bps, 92.36%, Err 1 (7.1e-06)
020.957 .... 71 packets received, 7398 bps, 92.48%, Err 1 (6.3e-06)
023.132 .... 79 packets received, 7411 bps, 92.64%, Err 1 (5.7e-06)
025.300 .... 87 packets received, 7425 bps, 92.81%, Err 1 (5.2e-06)
027.486 .... 95 packets received, 7430 bps, 92.88%, Err 1 (4.7e-06)
029.668 .... 103 packets received, 7437 bps, 92.96%, Err 1 (4.4e-06)
031.859 .... 111 packets received, 7439 bps, 92.99%, Err 1 (4.1e-06)
034.039 .... 119 packets received, 7445 bps, 93.06%, Err 2 (7.6e-06)
036.227 .... 127 packets received, 7447 bps, 93.09%, Err 2 (7.1e-06)
038.413 .... 135 packets received, 7450 bps, 93.13%, Err 3 (1.0e-05)
040.585 .... 142 packets received, 7403 bps, 92.54%, Err 3 (9.5e-06)
042.775 .... 150 packets received, 7407 bps, 92.59%, Err 3 (9.0e-06)
044.943 .... 158 packets received, 7415 bps, 92.68%, Err 3 (8.5e-06)
047.136 .... 166 packets received, 7417 bps, 92.72%, Err 3 (8.1e-06)
049.316 .... 174 packets received, 7422 bps, 92.77%, Err 3 (7.8e-06)
051.514 .... 182 packets received, 7423 bps, 92.79%, Err 3 (7.4e-06)
053.699 .... 190 packets received, 7426 bps, 92.83%, Err 3 (7.1e-06)
055.869 .... 198 packets received, 7431 bps, 92.89%, Err 3 (6.8e-06)
058.055 .... 206 packets received, 7434 bps, 92.92%, Err 3 (6.6e-06)
060.240 .... 214 packets received, 7436 bps, 92.95%, Err 3 (6.3e-06)
062.428 .... 222 packets received, 7438 bps, 92.98%, Err 3 (6.1e-06)
064.635 .... 230 packets received, 7438 bps, 92.97%, Err 3 (5.9e-06)
066.809 .... 238 packets received, 7441 bps, 93.01%, Err 3 (5.7e-06)
068.982 .... 246 packets received, 7444 bps, 93.05%, Err 3 (5.5e-06)
071.171 .... 254 packets received, 7445 bps, 93.07%, Err 4 (7.1e-06)
073.350 .... 262 packets received, 7447 bps, 93.09%, Err 4 (6.9e-06)
075.523 .... 269 packets received, 7423 bps, 92.78%, Err 5 (8.4e-06)
077.711 .... 277 packets received, 7424 bps, 92.81%, Err 5 (8.2e-06)
079.898 .... 285 packets received, 7426 bps, 92.83%, Err 5 (7.9e-06)
082.068 .... 293 packets received, 7430 bps, 92.87%, Err 5 (7.7e-06)
084.256 .... 301 packets received, 7431 bps, 92.89%, Err 5 (7.5e-06)
086.452 .... 309 packets received, 7432 bps, 92.90%, Err 5 (7.3e-06)
088.630 .... 317 packets received, 7434 bps, 92.93%, Err 5 (7.1e-06)
091.332 .... 321 packets received, 7302 bps, 91.28%, Err 7 (9.7e-06)
093.536 .... 333 packets received, 7394 bps, 92.43%, Err 7 (9.5e-06)
095.736 .... 341 packets received, 7395 bps, 92.44%, Err 7 (9.2e-06)
097.906 .... 349 packets received, 7399 bps, 92.48%, Err 7 (9.0e-06)
100.080 .... 357 packets received, 7402 bps, 92.52%, Err 7 (8.8e-06)
104.381 .... 359 packets received, 7133 bps, 89.16%, Err 7 (8.8e-06)
108.484 .... 360 packets received, 6879 bps, 85.98%, Err 7 (8.8e-06)
112.498 .... 361 packets received, 6649 bps, 83.11%, Err 7 (8.7e-06)
116.655 .... 362 packets received, 6427 bps, 80.34%, Err 7 (8.7e-06)
120.727 .... 363 packets received, 6225 bps, 77.81%, Err 7 (8.7e-06)
124.833 .... 364 packets received, 6035 bps, 75.43%, Err 7 (8.6e-06)
128.883 .... 365 packets received, 5859 bps, 73.24%, Err 7 (8.6e-06)
133.060 .... 366 packets received, 5689 bps, 71.11%, Err 7 (8.6e-06)
137.108 .... 367 packets received, 5534 bps, 69.18%, Err 7 (8.5e-06)
141.195 .... 368 packets received, 5387 bps, 67.34%, Err 7 (8.5e-06)
145.384 .... 369 packets received, 5245 bps, 65.56%, Err 7 (8.5e-06)
149.467 .... 370 packets received, 5114 bps, 63.93%, Err 7 (8.4e-06)
153.576 .... 371 packets received, 4990 bps, 62.37%, Err 7 (8.4e-06)
157.648 .... 372 packets received, 4873 bps, 60.91%, Err 7 (8.4e-06)
161.741 .... 373 packets received, 4761 bps, 59.52%, Err 7 (8.3e-06)
165.853 .... 374 packets received, 4655 bps, 58.19%, Err 7 (8.3e-06)
170.035 .... 375 packets received, 4552 bps, 56.89%, Err 7 (8.3e-06)
174.110 .... 376 packets received, 4456 bps, 55.70%, Err 7 (8.3e-06)
178.227 .... 377 packets received, 4364 bps, 54.55%, Err 7 (8.2e-06)
182.378 .... 378 packets received, 4275 bps, 53.44%, Err 7 (8.2e-06)
186.490 .... 379 packets received, 4191 bps, 52.39%, Err 7 (8.2e-06)
190.644 .... 380 packets received, 4110 bps, 51.38%, Err 7 (8.1e-06)
194.756 .... 381 packets received, 4033 bps, 50.42%, Err 7 (8.1e-06)
198.863 .... 382 packets received, 3960 bps, 49.50%, Err 7 (8.1e-06)
201.093 .... 385 packets received, 3947 bps, 49.33%, Err 7 (8.0e-06)
203.257 .... 393 packets received, 3985 bps, 49.82%, Err 7 (7.8e-06)
205.444 .... 401 packets received, 4023 bps, 50.29%, Err 7 (7.7e-06)
207.614 .... 409 packets received, 4060 bps, 50.75%, Err 7 (7.5e-06)
209.792 .... 417 packets received, 4096 bps, 51.20%, Err 7 (7.4e-06)
211.960 .... 425 packets received, 4132 bps, 51.65%, Err 7 (7.3e-06)
214.151 .... 433 packets received, 4166 bps, 52.08%, Err 7 (7.1e-06)
216.585 .... 437 packets received, 4157 bps, 51.97%, Err 8 (8.0e-06)
218.763 .... 449 packets received, 4229 bps, 52.86%, Err 8 (7.9e-06)
220.947 .... 457 packets received, 4261 bps, 53.26%, Err 8 (7.7e-06)
223.121 .... 465 packets received, 4293 bps, 53.67%, Err 8 (7.6e-06)
225.301 .... 473 packets received, 4325 bps, 54.06%, Err 9 (8.4e-06)
227.452 .... 480 packets received, 4347 bps, 54.34%, Err 9 (8.3e-06)
229.633 .... 488 packets received, 4377 bps, 54.71%, Err 9 (8.2e-06)
231.819 .... 495 packets received, 4398 bps, 54.97%, Err 11 (9.8e-06)
233.966 .... 501 packets received, 4410 bps, 55.12%, Err 11 (9.7e-06)
236.149 .... 509 packets received, 4439 bps, 55.48%, Err 11 (9.5e-06)
238.327 .... 517 packets received, 4467 bps, 55.84%, Err 11 (9.4e-06)
241.592 .... 524 packets received, 4466 bps, 55.83%, Err 12 (1.0e-05)
243.787 .... 536 packets received, 4527 bps, 56.59%, Err 12 (9.9e-06)
245.944 .... 544 packets received, 4554 bps, 56.93%, Err 12 (9.7e-06)
248.103 .... 552 packets received, 4581 bps, 57.26%, Err 12 (9.6e-06)
250.298 .... 560 packets received, 4606 bps, 57.58%, Err 12 (9.5e-06)
252.476 .... 568 packets received, 4631 bps, 57.89%, Err 12 (9.3e-06)
254.664 .... 576 packets received, 4656 bps, 58.20%, Err 12 (9.2e-06)
256.822 .... 584 packets received, 4681 bps, 58.51%, Err 12 (9.1e-06)
259.005 .... 592 packets received, 4705 bps, 58.81%, Err 12 (9.0e-06)
261.178 .... 600 packets received, 4728 bps, 59.11%, Err 12 (8.8e-06)
263.337 .... 608 packets received, 4752 bps, 59.40%, Err 13 (9.5e-06)
265.519 .... 616 packets received, 4775 bps, 59.68%, Err 13 (9.3e-06)
267.700 .... 624 packets received, 4797 bps, 59.96%, Err 13 (9.2e-06)
271.190 .... 632 packets received, 4796 bps, 59.95%, Err 14 (9.7e-06)
273.350 .... 644 packets received, 4848 bps, 60.60%, Err 14 (9.6e-06)
275.540 .... 651 packets received, 4862 bps, 60.77%, Err 15 (1.0e-05)
277.700 .... 659 packets received, 4883 bps, 61.04%, Err 15 (1.0e-05)
279.882 .... 667 packets received, 4903 bps, 61.29%, Err 15 (1.0e-05)
282.075 .... 675 packets received, 4924 bps, 61.54%, Err 15 (9.8e-06)
284.255 .... 683 packets received, 4944 bps, 61.79%, Err 15 (9.7e-06)
286.412 .... 691 packets received, 4964 bps, 62.04%, Err 15 (9.6e-06)
288.614 .... 699 packets received, 4983 bps, 62.28%, Err 15 (9.5e-06)
290.761 .... 707 packets received, 5002 bps, 62.53%, Err 15 (9.4e-06)
292.960 .... 715 packets received, 5021 bps, 62.76%, Err 15 (9.3e-06)
295.124 .... 718 packets received, 5005 bps, 62.56%, Err 16 (9.8e-06)
297.288 .... 730 packets received, 5051 bps, 63.14%, Err 16 (9.7e-06)
299.484 .... 738 packets received, 5069 bps, 63.36%, Err 16 (9.6e-06)
304.635 .... 743 packets received, 5016 bps, 62.71%, Err 16 (9.6e-06)
308.740 .... 744 packets received, 4956 bps, 61.95%, Err 16 (9.5e-06)
312.789 .... 745 packets received, 4898 bps, 61.23%, Err 16 (9.5e-06)
316.960 .... 746 packets received, 4840 bps, 60.50%, Err 16 (9.5e-06)
321.044 .... 747 packets received, 4785 bps, 59.81%, Err 16 (9.5e-06)
325.100 .... 748 packets received, 4731 bps, 59.14%, Err 16 (9.5e-06)
329.140 .... 749 packets received, 4679 bps, 58.49%, Err 16 (9.5e-06)
333.235 .... 750 packets received, 4627 bps, 57.84%, Err 16 (9.4e-06)
337.445 .... 751 packets received, 4576 bps, 57.19%, Err 16 (9.4e-06)
341.491 .... 752 packets received, 4527 bps, 56.59%, Err 16 (9.4e-06)
345.521 .... 753 packets received, 4480 bps, 56.00%, Err 16 (9.4e-06)
349.559 .... 754 packets received, 4434 bps, 55.43%, Err 16 (9.4e-06)
353.661 .... 755 packets received, 4388 bps, 54.85%, Err 16 (9.4e-06)
357.729 .... 756 packets received, 4344 bps, 54.30%, Err 16 (9.3e-06)
361.864 .... 757 packets received, 4300 bps, 53.75%, Err 16 (9.3e-06)
365.934 .... 758 packets received, 4257 bps, 53.22%, Err 16 (9.3e-06)
366.676 ** WARNING: System too busy, sleep 15 ms, but be awakened 66 ms later
369.952 .... 759 packets received, 4217 bps, 52.71%, Err 16 (9.3e-06)
374.085 .... 760 packets received, 4175 bps, 52.19%, Err 16 (9.3e-06)
378.101 .... 761 packets received, 4136 bps, 51.70%, Err 16 (9.3e-06)
382.228 .... 762 packets received, 4097 bps, 51.21%, Err 16 (9.2e-06)
386.381 .... 763 packets received, 4058 bps, 50.72%, Err 16 (9.2e-06)
390.412 .... 764 packets received, 4021 bps, 50.26%, Err 16 (9.2e-06)
394.447 .... 765 packets received, 3985 bps, 49.81%, Err 16 (9.2e-06)
398.526 .... 766 packets received, 3949 bps, 49.37%, Err 16 (9.2e-06)
400.541 .... 767 packets received, 3935 bps, 49.18%, Err 16 (9.2e-06)
402.818 .... 775 packets received, 3953 bps, 49.41%, Err 16 (9.1e-06)
404.912 .... 782 packets received, 3968 bps, 49.60%, Err 17 (9.5e-06)
407.082 .... 790 packets received, 3987 bps, 49.84%, Err 17 (9.4e-06)
409.273 .... 798 packets received, 4006 bps, 50.07%, Err 17 (9.3e-06)
411.468 .... 802 packets received, 4004 bps, 50.06%, Err 18 (9.8e-06)
413.715 .... 813 packets received, 4037 bps, 50.47%, Err 18 (9.7e-06)
415.886 .... 821 packets received, 4056 bps, 50.70%, Err 18 (9.6e-06)
418.048 .... 824 packets received, 4049 bps, 50.62%, Err 19 (1.0e-05)
420.243 .... 836 packets received, 4087 bps, 51.09%, Err 19 (1.0e-05)
422.405 .... 844 packets received, 4105 bps, 51.31%, Err 19 (9.9e-06)
424.582 .... 852 packets received, 4122 bps, 51.53%, Err 19 (9.8e-06)
426.764 .... 860 packets received, 4140 bps, 51.75%, Err 19 (9.7e-06)
428.932 .... 863 packets received, 4133 bps, 51.66%, Err 20 (1.0e-05)
431.083 .... 875 packets received, 4170 bps, 52.12%, Err 20 (1.0e-05)
433.272 .... 883 packets received, 4186 bps, 52.33%, Err 20 (1.0e-05)
435.423 .... 891 packets received, 4203 bps, 52.54%, Err 20 (9.9e-06)
437.656 .... 899 packets received, 4219 bps, 52.74%, Err 20 (9.8e-06)
439.802 .... 907 packets received, 4236 bps, 52.95%, Err 20 (9.7e-06)
441.977 .... 915 packets received, 4252 bps, 53.15%, Err 20 (9.6e-06)
444.172 .... 923 packets received, 4268 bps, 53.35%, Err 20 (9.5e-06)
446.341 .... 931 packets received, 4284 bps, 53.55%, Err 20 (9.5e-06)
448.511 .... 939 packets received, 4300 bps, 53.75%, Err 20 (9.4e-06)
450.713 .... 947 packets received, 4316 bps, 53.94%, Err 20 (9.3e-06)
453.420 .... 952 packets received, 4312 bps, 53.90%, Err 21 (9.7e-06)
455.580 .... 964 packets received, 4346 bps, 54.32%, Err 21 (9.6e-06)
456.614 ** WARNING: System too busy, sleep 15 ms, but be awakened 82 ms later
457.795 .... 972 packets received, 4361 bps, 54.51%, Err 21 (9.5e-06)
458.654 ** WARNING: System too busy, sleep 15 ms, but be awakened 123 ms later
459.994 .... 980 packets received, 4376 bps, 54.69%, Err 21 (9.4e-06)
462.142 .... 988 packets received, 4391 bps, 54.88%, Err 21 (9.4e-06)
464.317 .... 996 packets received, 4405 bps, 55.07%, Err 21 (9.3e-06)
466.507 .... 1004 packets received, 4420 bps, 55.25%, Err 21 (9.2e-06)
468.690 .... 1012 packets received, 4434 bps, 55.43%, Err 21 (9.2e-06)
470.890 .... 1020 packets received, 4448 bps, 55.61%, Err 21 (9.1e-06)
473.069 .... 1028 packets received, 4463 bps, 55.78%, Err 21 (9.0e-06)
475.239 .... 1036 packets received, 4477 bps, 55.96%, Err 21 (9.0e-06)
477.409 .... 1044 packets received, 4491 bps, 56.14%, Err 21 (8.9e-06)
479.595 .... 1052 packets received, 4505 bps, 56.31%, Err 21 (8.8e-06)
482.845 .... 1059 packets received, 4504 bps, 56.30%, Err 22 (9.1e-06)
485.015 .... 1071 packets received, 4535 bps, 56.68%, Err 22 (9.1e-06)
487.197 .... 1079 packets received, 4548 bps, 56.85%, Err 22 (9.0e-06)
488.742 ** WARNING: System too busy, sleep 15 ms, but be awakened 127 ms later
489.202 .... 1086 packets received, 4559 bps, 56.98%, Err 22 (9.0e-06)
490.875 ** WARNING: System too busy, sleep 15 ms, but be awakened 91 ms later
491.288 .... 1094 packets received, 4573 bps, 57.16%, Err 22 (8.9e-06)
493.462 .... 1102 packets received, 4586 bps, 57.32%, Err 22 (8.8e-06)
495.659 .... 1110 packets received, 4598 bps, 57.48%, Err 22 (8.8e-06)
497.781 .... 1118 packets received, 4612 bps, 57.65%, Err 22 (8.7e-06)
499.976 .... 1126 packets received, 4624 bps, 57.80%, Err 22 (8.7e-06)
504.462 ** WARNING: System too busy, sleep 15 ms, but be awakened 82 ms later
504.941 .... 1129 packets received, 4591 bps, 57.39%, Err 22 (8.6e-06)
508.755 .... 1130 packets received, 4561 bps, 57.01%, Err 22 (8.6e-06)
512.919 .... 1131 packets received, 4527 bps, 56.59%, Err 22 (8.6e-06)
517.083 .... 1132 packets received, 4495 bps, 56.19%, Err 22 (8.6e-06)
521.170 .... 1133 packets received, 4463 bps, 55.79%, Err 22 (8.6e-06)
522.067 ** WARNING: System too busy, sleep 15 ms, but be awakened 73 ms later
525.283 .... 1134 packets received, 4432 bps, 55.40%, Err 22 (8.6e-06)
529.321 .... 1135 packets received, 4402 bps, 55.03%, Err 22 (8.6e-06)
533.457 .... 1136 packets received, 4372 bps, 54.65%, Err 22 (8.6e-06)
537.508 .... 1137 packets received, 4343 bps, 54.28%, Err 22 (8.5e-06)
541.565 .... 1138 packets received, 4314 bps, 53.92%, Err 22 (8.5e-06)
545.714 .... 1139 packets received, 4285 bps, 53.56%, Err 22 (8.5e-06)
549.732 .... 1140 packets received, 4257 bps, 53.21%, Err 22 (8.5e-06)
553.848 .... 1141 packets received, 4229 bps, 52.86%, Err 22 (8.5e-06)
558.093 .... 1142 packets received, 4201 bps, 52.51%, Err 22 (8.5e-06)
562.133 .... 1143 packets received, 4174 bps, 52.17%, Err 22 (8.5e-06)
566.304 .... 1144 packets received, 4147 bps, 51.83%, Err 22 (8.5e-06)
569.055 ** WARNING: System too busy, sleep 15 ms, but be awakened 77 ms later
570.362 .... 1145 packets received, 4121 bps, 51.51%, Err 22 (8.5e-06)
574.429 .... 1146 packets received, 4095 bps, 51.19%, Err 22 (8.5e-06)
578.519 .... 1147 packets received, 4070 bps, 50.87%, Err 22 (8.4e-06)
578.694 ** WARNING: System too busy, sleep 15 ms, but be awakened 118 ms later
582.583 .... 1148 packets received, 4045 bps, 50.56%, Err 22 (8.4e-06)
586.675 .... 1149 packets received, 4020 bps, 50.25%, Err 22 (8.4e-06)
590.775 .... 1150 packets received, 3995 bps, 49.94%, Err 22 (8.4e-06)
594.919 .... 1151 packets received, 3971 bps, 49.64%, Err 22 (8.4e-06)
598.989 .... 1152 packets received, 3947 bps, 49.34%, Err 22 (8.4e-06)
601.084 .... 1155 packets received, 3944 bps, 49.30%, Err 22 (8.4e-06)
603.269 .... 1163 packets received, 3957 bps, 49.46%, Err 22 (8.3e-06)
606.003 .... 1169 packets received, 3959 bps, 49.49%, Err 23 (8.6e-06)
608.182 .... 1180 packets received, 3982 bps, 49.78%, Err 23 (8.6e-06)
610.360 .... 1188 packets received, 3995 bps, 49.93%, Err 24 (8.9e-06)
612.554 .... 1196 packets received, 4007 bps, 50.09%, Err 24 (8.8e-06)
614.093 ** WARNING: System too busy, sleep 15 ms, but be awakened 84 ms later
614.753 .... 1204 packets received, 4020 bps, 50.24%, Err 24 (8.8e-06)
616.228 ** WARNING: System too busy, sleep 15 ms, but be awakened 77 ms later
616.927 .... 1212 packets received, 4032 bps, 50.40%, Err 24 (8.7e-06)
618.695 ** WARNING: System too busy, sleep 15 ms, but be awakened 101 ms later
619.971 .... 1218 packets received, 4032 bps, 50.40%, Err 26 (9.4e-06)
622.122 .... 1229 packets received, 4054 bps, 50.68%, Err 26 (9.3e-06)
624.351 .... 1237 packets received, 4066 bps, 50.83%, Err 26 (9.2e-06)
626.518 .... 1245 packets received, 4078 bps, 50.98%, Err 26 (9.2e-06)
627.687 ** WARNING: System too busy, sleep 15 ms, but be awakened 68 ms later
628.961 .... 1248 packets received, 4072 bps, 50.90%, Err 27 (9.5e-06)
631.275 .... 1261 packets received, 4099 bps, 51.24%, Err 27 (9.4e-06)
633.397 .... 1269 packets received, 4112 bps, 51.39%, Err 28 (9.7e-06)
635.596 .... 1277 packets received, 4123 bps, 51.54%, Err 28 (9.6e-06)
637.772 .... 1285 packets received, 4135 bps, 51.69%, Err 28 (9.6e-06)
639.930 .... 1288 packets received, 4130 bps, 51.63%, Err 29 (9.9e-06)
640.738 ** WARNING: System too busy, sleep 15 ms, but be awakened 123 ms later
642.120 .... 1300 packets received, 4155 bps, 51.93%, Err 29 (9.8e-06)
643.738 ** WARNING: System too busy, sleep 15 ms, but be awakened 73 ms later
644.312 .... 1308 packets received, 4166 bps, 52.08%, Err 29 (9.8e-06)
645.367 ** WARNING: System too busy, sleep 15 ms, but be awakened 79 ms later
646.461 .... 1316 packets received, 4178 bps, 52.22%, Err 29 (9.7e-06)
647.931 ** WARNING: System too busy, sleep 15 ms, but be awakened 67 ms later
648.666 .... 1324 packets received, 4189 bps, 52.36%, Err 29 (9.6e-06)
650.816 .... 1332 packets received, 4200 bps, 52.50%, Err 29 (9.6e-06)
653.053 .... 1340 packets received, 4211 bps, 52.63%, Err 29 (9.5e-06)
654.894 ** WARNING: System too busy, sleep 15 ms, but be awakened 71 ms later
655.174 .... 1348 packets received, 4222 bps, 52.78%, Err 29 (9.5e-06)
656.320 ** WARNING: System too busy, sleep 15 ms, but be awakened 67 ms later
657.332 .... 1356 packets received, 4233 bps, 52.91%, Err 29 (9.4e-06)
659.529 .... 1364 packets received, 4244 bps, 53.05%, Err 29 (9.4e-06)
661.710 .... 1367 packets received, 4239 bps, 52.99%, Err 30 (9.6e-06)
663.890 .... 1379 packets received, 4262 bps, 53.28%, Err 30 (9.6e-06)
666.054 .... 1387 packets received, 4273 bps, 53.41%, Err 30 (9.5e-06)
668.222 .... 1395 packets received, 4284 bps, 53.55%, Err 30 (9.5e-06)
670.388 .... 1403 packets received, 4294 bps, 53.68%, Err 30 (9.4e-06)
672.584 .... 1411 packets received, 4305 bps, 53.81%, Err 30 (9.4e-06)
674.735 .... 1419 packets received, 4315 bps, 53.94%, Err 30 (9.3e-06)
676.925 .... 1427 packets received, 4326 bps, 54.07%, Err 30 (9.3e-06)
679.123 .... 1435 packets received, 4336 bps, 54.20%, Err 30 (9.2e-06)
680.506 ** WARNING: System too busy, sleep 15 ms, but be awakened 109 ms later
681.398 .... 1443 packets received, 4345 bps, 54.32%, Err 30 (9.2e-06)
682.706 ** WARNING: System too busy, sleep 15 ms, but be awakened 139 ms later
683.841 .... 1447 packets received, 4342 bps, 54.27%, Err 32 (9.7e-06)
686.036 .... 1459 packets received, 4364 bps, 54.55%, Err 32 (9.7e-06)
688.197 .... 1467 packets received, 4374 bps, 54.67%, Err 32 (9.6e-06)
691.439 .... 1475 packets received, 4377 bps, 54.71%, Err 34 (1.0e-05)
694.441 .... 1484 packets received, 4385 bps, 54.81%, Err 35 (1.0e-05)
694.849 ** WARNING: System too busy, sleep 15 ms, but be awakened 82 ms later
696.612 .... 1495 packets received, 4403 bps, 55.04%, Err 35 (1.0e-05)
698.811 .... 1503 packets received, 4413 bps, 55.16%, Err 35 (1.0e-05)
700.077 Quit.
