000.000 =============================================================
000.000                     Station B                               
000.000 -------------------------------------------------------------
000.000 Protocol.lib, version 4.0, jiangyanjun0718@bupt.edu.cn
000.000 Channel: 8000 bps, 270 ms propagation delay, bit error rate 1.0E-05
000.000 Log file "B.log", TCP port 30011, debug mask 0x00
000.000 Station B is connecting station A (TCP port 30011) ... Done.
000.900 New epoch: Tue Apr 16 21:08:46 2019
000.900 =================================================================
000.900 
000.900 Designed by CJSoft, build: Apr 16 2019  11:10:40
003.357 .... 8 packets received, 7557 bps, 94.46%, Err 0 (0.0e+00)
005.531 .... 16 packets received, 7547 bps, 94.33%, Err 0 (0.0e+00)
007.720 .... 23 packets received, 7212 bps, 90.15%, Err 1 (1.8e-05)
009.899 .... 31 packets received, 7289 bps, 91.11%, Err 1 (1.4e-05)
012.086 .... 39 packets received, 7330 bps, 91.62%, Err 1 (1.1e-05)
014.250 .... 47 packets received, 7370 bps, 92.12%, Err 1 (9.4e-06)
016.441 .... 55 packets received, 7385 bps, 92.32%, Err 1 (8.1e-06)
018.637 .... 63 packets received, 7395 bps, 92.43%, Err 1 (7.1e-06)
020.818 .... 71 packets received, 7408 bps, 92.60%, Err 1 (6.3e-06)
022.993 .... 79 packets received, 7420 bps, 92.75%, Err 1 (5.7e-06)
025.724 .... 85 packets received, 7095 bps, 88.69%, Err 2 (1.0e-05)
027.899 .... 96 packets received, 7361 bps, 92.01%, Err 2 (9.3e-06)
030.089 .... 104 packets received, 7370 bps, 92.12%, Err 2 (8.6e-06)
032.266 .... 112 packets received, 7381 bps, 92.26%, Err 2 (8.0e-06)
034.438 .... 116 packets received, 7145 bps, 89.32%, Err 4 (1.5e-05)
036.616 .... 126 packets received, 7284 bps, 91.05%, Err 4 (1.4e-05)
038.808 .... 134 packets received, 7295 bps, 91.19%, Err 4 (1.3e-05)
040.990 .... 142 packets received, 7307 bps, 91.33%, Err 4 (1.2e-05)
043.177 .... 150 packets received, 7316 bps, 91.45%, Err 4 (1.2e-05)
045.366 .... 158 packets received, 7325 bps, 91.56%, Err 4 (1.1e-05)
047.544 .... 166 packets received, 7334 bps, 91.68%, Err 4 (1.1e-05)
049.755 .... 174 packets received, 7337 bps, 91.72%, Err 4 (1.0e-05)
051.899 .... 182 packets received, 7350 bps, 91.88%, Err 4 (9.8e-06)
054.102 .... 190 packets received, 7354 bps, 91.92%, Err 4 (9.4e-06)
056.286 .... 198 packets received, 7360 bps, 92.00%, Err 4 (9.0e-06)
058.461 .... 206 packets received, 7366 bps, 92.08%, Err 4 (8.7e-06)
061.180 .... 212 packets received, 7237 bps, 90.47%, Err 5 (1.0e-05)
063.380 .... 223 packets received, 7344 bps, 91.79%, Err 5 (1.0e-05)
065.546 .... 231 packets received, 7351 bps, 91.89%, Err 5 (9.7e-06)
067.740 .... 239 packets received, 7355 bps, 91.94%, Err 5 (9.4e-06)
069.902 .... 246 packets received, 7332 bps, 91.65%, Err 6 (1.1e-05)
072.105 .... 254 packets received, 7335 bps, 91.69%, Err 6 (1.1e-05)
074.280 .... 262 packets received, 7341 bps, 91.77%, Err 6 (1.0e-05)
076.469 .... 270 packets received, 7345 bps, 91.82%, Err 6 (9.9e-06)
078.639 .... 278 packets received, 7351 bps, 91.89%, Err 6 (9.7e-06)
080.822 .... 286 packets received, 7355 bps, 91.94%, Err 6 (9.4e-06)
083.006 .... 294 packets received, 7359 bps, 91.99%, Err 6 (9.1e-06)
085.209 .... 302 packets received, 7361 bps, 92.02%, Err 6 (8.9e-06)
087.381 .... 309 packets received, 7342 bps, 91.78%, Err 7 (1.0e-05)
089.563 .... 317 packets received, 7346 bps, 91.83%, Err 7 (9.9e-06)
091.755 .... 325 packets received, 7349 bps, 91.87%, Err 7 (9.6e-06)
093.908 .... 333 packets received, 7355 bps, 91.94%, Err 7 (9.4e-06)
096.110 .... 341 packets received, 7357 bps, 91.97%, Err 7 (9.2e-06)
098.287 .... 349 packets received, 7361 bps, 92.01%, Err 7 (9.0e-06)
100.462 .... 357 packets received, 7365 bps, 92.06%, Err 7 (8.8e-06)
102.596 .... 364 packets received, 7351 bps, 91.89%, Err 8 (9.8e-06)
104.736 .... 372 packets received, 7358 bps, 91.97%, Err 8 (9.6e-06)
106.865 .... 380 packets received, 7364 bps, 92.05%, Err 8 (9.4e-06)
108.965 .... 388 packets received, 7373 bps, 92.16%, Err 8 (9.3e-06)
111.110 .... 396 packets received, 7378 bps, 92.23%, Err 9 (1.0e-05)
113.235 .... 404 packets received, 7384 bps, 92.30%, Err 9 (1.0e-05)
115.358 .... 412 packets received, 7391 bps, 92.38%, Err 10 (1.1e-05)
117.478 .... 420 packets received, 7397 bps, 92.46%, Err 10 (1.1e-05)
119.599 .... 428 packets received, 7403 bps, 92.53%, Err 10 (1.1e-05)
121.725 .... 436 packets received, 7408 bps, 92.60%, Err 10 (1.0e-05)
123.863 .... 444 packets received, 7412 bps, 92.66%, Err 10 (1.0e-05)
125.974 .... 452 packets received, 7418 bps, 92.73%, Err 10 (1.0e-05)
128.097 .... 460 packets received, 7423 bps, 92.79%, Err 10 (9.8e-06)
130.223 .... 468 packets received, 7428 bps, 92.85%, Err 10 (9.7e-06)
132.346 .... 476 packets received, 7433 bps, 92.91%, Err 10 (9.5e-06)
135.270 .... 483 packets received, 7378 bps, 92.22%, Err 11 (1.0e-05)
137.389 .... 494 packets received, 7428 bps, 92.85%, Err 11 (1.0e-05)
139.519 .... 502 packets received, 7432 bps, 92.90%, Err 11 (9.9e-06)
141.647 .... 510 packets received, 7436 bps, 92.95%, Err 11 (9.8e-06)
143.759 .... 518 packets received, 7441 bps, 93.01%, Err 11 (9.6e-06)
145.881 .... 526 packets received, 7445 bps, 93.06%, Err 12 (1.0e-05)
148.005 .... 533 packets received, 7435 bps, 92.94%, Err 12 (1.0e-05)
150.146 .... 541 packets received, 7438 bps, 92.98%, Err 12 (1.0e-05)
152.252 .... 549 packets received, 7443 bps, 93.04%, Err 12 (9.9e-06)
154.393 .... 557 packets received, 7446 bps, 93.07%, Err 12 (9.8e-06)
156.503 .... 565 packets received, 7450 bps, 93.13%, Err 13 (1.0e-05)
159.682 .... 571 packets received, 7378 bps, 92.23%, Err 14 (1.1e-05)
161.818 .... 583 packets received, 7433 bps, 92.91%, Err 14 (1.1e-05)
163.945 .... 591 packets received, 7437 bps, 92.96%, Err 14 (1.1e-05)
166.064 .... 599 packets received, 7440 bps, 93.01%, Err 14 (1.1e-05)
168.191 .... 607 packets received, 7444 bps, 93.05%, Err 14 (1.0e-05)
170.304 .... 615 packets received, 7448 bps, 93.10%, Err 14 (1.0e-05)
172.443 .... 623 packets received, 7450 bps, 93.13%, Err 14 (1.0e-05)
174.563 .... 631 packets received, 7454 bps, 93.17%, Err 14 (1.0e-05)
176.697 .... 639 packets received, 7456 bps, 93.21%, Err 14 (1.0e-05)
178.816 .... 647 packets received, 7460 bps, 93.25%, Err 14 (9.8e-06)
180.925 .... 655 packets received, 7463 bps, 93.29%, Err 14 (9.7e-06)
183.063 .... 663 packets received, 7466 bps, 93.32%, Err 14 (9.6e-06)
185.185 .... 671 packets received, 7469 bps, 93.36%, Err 14 (9.5e-06)
187.310 .... 674 packets received, 7416 bps, 92.71%, Err 15 (1.0e-05)
189.411 .... 686 packets received, 7464 bps, 93.30%, Err 15 (9.9e-06)
191.554 .... 694 packets received, 7466 bps, 93.33%, Err 15 (9.8e-06)
193.680 .... 702 packets received, 7469 bps, 93.36%, Err 15 (9.7e-06)
195.786 .... 710 packets received, 7472 bps, 93.40%, Err 15 (9.6e-06)
197.929 .... 718 packets received, 7474 bps, 93.43%, Err 15 (9.5e-06)
200.053 .... 726 packets received, 7477 bps, 93.46%, Err 15 (9.4e-06)
202.448 .... 730 packets received, 7428 bps, 92.86%, Err 16 (9.9e-06)
204.632 .... 742 packets received, 7469 bps, 93.37%, Err 16 (9.8e-06)
206.798 .... 750 packets received, 7470 bps, 93.38%, Err 16 (9.7e-06)
208.973 .... 758 packets received, 7471 bps, 93.39%, Err 16 (9.6e-06)
211.145 .... 766 packets received, 7472 bps, 93.40%, Err 16 (9.5e-06)
213.326 .... 774 packets received, 7472 bps, 93.40%, Err 16 (9.4e-06)
215.499 .... 782 packets received, 7473 bps, 93.41%, Err 16 (9.3e-06)
217.681 .... 790 packets received, 7473 bps, 93.42%, Err 16 (9.2e-06)
219.854 .... 798 packets received, 7474 bps, 93.43%, Err 16 (9.1e-06)
222.038 .... 806 packets received, 7474 bps, 93.43%, Err 16 (9.0e-06)
224.210 .... 814 packets received, 7475 bps, 93.44%, Err 16 (9.0e-06)
226.375 .... 822 packets received, 7476 bps, 93.45%, Err 16 (8.9e-06)
228.549 .... 830 packets received, 7476 bps, 93.46%, Err 16 (8.8e-06)
230.742 .... 838 packets received, 7476 bps, 93.45%, Err 16 (8.7e-06)
232.908 .... 846 packets received, 7477 bps, 93.46%, Err 16 (8.6e-06)
235.070 .... 854 packets received, 7478 bps, 93.48%, Err 16 (8.5e-06)
237.234 .... 862 packets received, 7479 bps, 93.49%, Err 16 (8.5e-06)
239.426 .... 870 packets received, 7479 bps, 93.49%, Err 16 (8.4e-06)
241.607 .... 878 packets received, 7479 bps, 93.49%, Err 16 (8.3e-06)
243.771 .... 886 packets received, 7480 bps, 93.50%, Err 16 (8.2e-06)
245.960 .... 894 packets received, 7480 bps, 93.50%, Err 16 (8.2e-06)
248.136 .... 902 packets received, 7481 bps, 93.51%, Err 16 (8.1e-06)
250.286 .... 910 packets received, 7482 bps, 93.52%, Err 16 (8.0e-06)
252.493 .... 918 packets received, 7481 bps, 93.52%, Err 16 (8.0e-06)
254.649 .... 926 packets received, 7482 bps, 93.53%, Err 17 (8.4e-06)
256.837 .... 933 packets received, 7474 bps, 93.43%, Err 17 (8.3e-06)
258.988 .... 941 packets received, 7475 bps, 93.44%, Err 17 (8.2e-06)
261.163 .... 949 packets received, 7476 bps, 93.45%, Err 17 (8.2e-06)
263.352 .... 957 packets received, 7476 bps, 93.45%, Err 17 (8.1e-06)
268.219 .... 960 packets received, 7363 bps, 92.03%, Err 19 (8.9e-06)
271.455 .... 977 packets received, 7403 bps, 92.54%, Err 20 (9.2e-06)
273.654 .... 987 packets received, 7419 bps, 92.74%, Err 20 (9.2e-06)
275.823 .... 995 packets received, 7420 bps, 92.75%, Err 20 (9.1e-06)
277.990 .... 1003 packets received, 7421 bps, 92.76%, Err 20 (9.0e-06)
280.182 .... 1011 packets received, 7421 bps, 92.77%, Err 20 (9.0e-06)
283.695 .... 1019 packets received, 7387 bps, 92.34%, Err 21 (9.3e-06)
285.848 .... 1031 packets received, 7418 bps, 92.72%, Err 21 (9.2e-06)
288.037 .... 1039 packets received, 7418 bps, 92.73%, Err 21 (9.1e-06)
290.242 .... 1047 packets received, 7418 bps, 92.73%, Err 21 (9.1e-06)
292.414 .... 1055 packets received, 7419 bps, 92.74%, Err 21 (9.0e-06)
294.563 .... 1063 packets received, 7421 bps, 92.76%, Err 22 (9.4e-06)
296.755 .... 1070 packets received, 7414 bps, 92.68%, Err 22 (9.3e-06)
298.948 .... 1078 packets received, 7415 bps, 92.68%, Err 22 (9.2e-06)
301.102 .... 1086 packets received, 7416 bps, 92.70%, Err 22 (9.2e-06)
303.242 .... 1094 packets received, 7418 bps, 92.72%, Err 22 (9.1e-06)
305.378 .... 1102 packets received, 7419 bps, 92.74%, Err 22 (9.0e-06)
307.491 .... 1110 packets received, 7422 bps, 92.77%, Err 23 (9.4e-06)
309.615 .... 1117 packets received, 7417 bps, 92.71%, Err 23 (9.3e-06)
311.744 .... 1125 packets received, 7419 bps, 92.74%, Err 23 (9.3e-06)
313.863 .... 1133 packets received, 7421 bps, 92.76%, Err 23 (9.2e-06)
315.991 .... 1141 packets received, 7423 bps, 92.79%, Err 23 (9.1e-06)
318.114 .... 1149 packets received, 7425 bps, 92.81%, Err 23 (9.1e-06)
320.233 .... 1157 packets received, 7427 bps, 92.84%, Err 23 (9.0e-06)
322.373 .... 1165 packets received, 7429 bps, 92.86%, Err 23 (8.9e-06)
324.473 .... 1173 packets received, 7431 bps, 92.89%, Err 23 (8.9e-06)
326.607 .... 1181 packets received, 7433 bps, 92.91%, Err 23 (8.8e-06)
328.750 .... 1189 packets received, 7434 bps, 92.92%, Err 23 (8.8e-06)
330.853 .... 1197 packets received, 7436 bps, 92.95%, Err 23 (8.7e-06)
332.987 .... 1205 packets received, 7438 bps, 92.97%, Err 23 (8.7e-06)
335.097 .... 1213 packets received, 7440 bps, 93.00%, Err 23 (8.6e-06)
337.212 .... 1221 packets received, 7442 bps, 93.02%, Err 23 (8.5e-06)
339.362 .... 1228 packets received, 7437 bps, 92.96%, Err 24 (8.9e-06)
341.471 .... 1236 packets received, 7439 bps, 92.99%, Err 24 (8.8e-06)
343.603 .... 1244 packets received, 7440 bps, 93.01%, Err 24 (8.8e-06)
346.254 .... 1250 packets received, 7419 bps, 92.74%, Err 25 (9.0e-06)
348.366 .... 1261 packets received, 7439 bps, 92.98%, Err 25 (9.0e-06)
350.484 .... 1269 packets received, 7440 bps, 93.01%, Err 25 (8.9e-06)
352.644 .... 1277 packets received, 7441 bps, 93.02%, Err 25 (8.9e-06)
354.769 .... 1285 packets received, 7443 bps, 93.04%, Err 25 (8.8e-06)
356.880 .... 1289 packets received, 7422 bps, 92.77%, Err 27 (9.5e-06)
358.984 .... 1299 packets received, 7435 bps, 92.94%, Err 27 (9.4e-06)
364.031 .... 1303 packets received, 7355 bps, 91.93%, Err 29 (1.0e-05)
366.135 .... 1321 packets received, 7413 bps, 92.66%, Err 29 (9.9e-06)
368.299 .... 1327 packets received, 7403 bps, 92.54%, Err 29 (9.9e-06)
370.399 .... 1333 packets received, 7394 bps, 92.43%, Err 29 (9.8e-06)
372.520 .... 1339 packets received, 7385 bps, 92.31%, Err 29 (9.8e-06)
374.668 .... 1345 packets received, 7375 bps, 92.19%, Err 29 (9.7e-06)
376.789 .... 1351 packets received, 7366 bps, 92.08%, Err 29 (9.6e-06)
378.915 .... 1357 packets received, 7358 bps, 91.97%, Err 29 (9.6e-06)
381.039 .... 1363 packets received, 7349 bps, 91.86%, Err 29 (9.5e-06)
383.141 .... 1369 packets received, 7340 bps, 91.76%, Err 29 (9.5e-06)
385.244 .... 1375 packets received, 7332 bps, 91.65%, Err 29 (9.4e-06)
387.418 .... 1381 packets received, 7323 bps, 91.54%, Err 29 (9.4e-06)
389.508 .... 1387 packets received, 7315 bps, 91.44%, Err 29 (9.3e-06)
391.664 .... 1390 packets received, 7290 bps, 91.13%, Err 30 (9.6e-06)
393.793 .... 1400 packets received, 7303 bps, 91.29%, Err 30 (9.5e-06)
395.912 .... 1408 packets received, 7305 bps, 91.32%, Err 30 (9.5e-06)
398.016 .... 1416 packets received, 7308 bps, 91.35%, Err 30 (9.4e-06)
400.127 .... 1423 packets received, 7305 bps, 91.31%, Err 32 (1.0e-05)
402.288 .... 1431 packets received, 7307 bps, 91.33%, Err 32 (1.0e-05)
402.718 ** WARNING: System too busy, sleep 15 ms, but be awakened 106 ms later
404.462 .... 1439 packets received, 7308 bps, 91.35%, Err 32 (9.9e-06)
406.657 .... 1447 packets received, 7309 bps, 91.36%, Err 32 (9.9e-06)
408.849 .... 1455 packets received, 7310 bps, 91.37%, Err 33 (1.0e-05)
413.493 .... 1458 packets received, 7242 bps, 90.53%, Err 35 (1.1e-05)
415.688 .... 1474 packets received, 7283 bps, 91.04%, Err 35 (1.1e-05)
417.785 .... 1479 packets received, 7271 bps, 90.89%, Err 36 (1.1e-05)
419.948 .... 1485 packets received, 7263 bps, 90.78%, Err 36 (1.1e-05)
422.380 .... 1492 packets received, 7255 bps, 90.68%, Err 36 (1.1e-05)
424.848 .... 1499 packets received, 7246 bps, 90.58%, Err 36 (1.1e-05)
427.285 .... 1506 packets received, 7238 bps, 90.48%, Err 36 (1.1e-05)
429.718 .... 1513 packets received, 7231 bps, 90.39%, Err 36 (1.0e-05)
432.175 .... 1520 packets received, 7223 bps, 90.29%, Err 36 (1.0e-05)
433.650 ** WARNING: System too busy, sleep 15 ms, but be awakened 66 ms later
434.354 .... 1523 packets received, 7201 bps, 90.01%, Err 37 (1.1e-05)
436.524 .... 1534 packets received, 7217 bps, 90.21%, Err 37 (1.1e-05)
438.705 .... 1542 packets received, 7218 bps, 90.23%, Err 37 (1.1e-05)
440.880 .... 1550 packets received, 7220 bps, 90.25%, Err 37 (1.1e-05)
443.060 .... 1558 packets received, 7221 bps, 90.26%, Err 37 (1.0e-05)
445.246 .... 1565 packets received, 7218 bps, 90.22%, Err 38 (1.1e-05)
447.429 .... 1573 packets received, 7219 bps, 90.24%, Err 38 (1.1e-05)
449.587 .... 1581 packets received, 7221 bps, 90.26%, Err 38 (1.1e-05)
451.803 .... 1589 packets received, 7222 bps, 90.27%, Err 38 (1.1e-05)
453.960 .... 1597 packets received, 7224 bps, 90.30%, Err 38 (1.0e-05)
456.131 .... 1605 packets received, 7225 bps, 90.31%, Err 38 (1.0e-05)
458.426 .... 1613 packets received, 7225 bps, 90.31%, Err 38 (1.0e-05)
458.656 ** WARNING: System too busy, sleep 15 ms, but be awakened 115 ms later
460.577 .... 1621 packets received, 7227 bps, 90.33%, Err 38 (1.0e-05)
462.769 .... 1629 packets received, 7228 bps, 90.35%, Err 38 (1.0e-05)
464.943 .... 1637 packets received, 7229 bps, 90.37%, Err 38 (1.0e-05)
467.106 .... 1645 packets received, 7231 bps, 90.39%, Err 38 (1.0e-05)
469.307 .... 1653 packets received, 7232 bps, 90.40%, Err 38 (1.0e-05)
471.457 .... 1661 packets received, 7234 bps, 90.42%, Err 38 (1.0e-05)
473.641 .... 1669 packets received, 7235 bps, 90.44%, Err 39 (1.0e-05)
475.752 .... 1676 packets received, 7233 bps, 90.41%, Err 39 (1.0e-05)
477.941 .... 1684 packets received, 7234 bps, 90.43%, Err 39 (1.0e-05)
480.144 .... 1692 packets received, 7235 bps, 90.44%, Err 39 (1.0e-05)
482.306 .... 1700 packets received, 7236 bps, 90.46%, Err 39 (1.0e-05)
484.495 .... 1708 packets received, 7238 bps, 90.47%, Err 39 (1.0e-05)
486.663 .... 1716 packets received, 7239 bps, 90.49%, Err 39 (1.0e-05)
488.743 ** WARNING: System too busy, sleep 15 ms, but be awakened 127 ms later
488.834 .... 1723 packets received, 7236 bps, 90.45%, Err 39 (1.0e-05)
490.873 ** WARNING: System too busy, sleep 15 ms, but be awakened 92 ms later
491.257 .... 1732 packets received, 7238 bps, 90.48%, Err 39 (9.9e-06)
494.227 .... 1739 packets received, 7224 bps, 90.29%, Err 40 (1.0e-05)
496.430 .... 1751 packets received, 7241 bps, 90.51%, Err 40 (1.0e-05)
498.602 .... 1759 packets received, 7242 bps, 90.53%, Err 40 (1.0e-05)
500.760 .... 1767 packets received, 7244 bps, 90.55%, Err 40 (1.0e-05)
502.906 .... 1775 packets received, 7246 bps, 90.57%, Err 40 (1.0e-05)
504.376 ** WARNING: System too busy, sleep 15 ms, but be awakened 108 ms later
505.109 .... 1783 packets received, 7246 bps, 90.58%, Err 40 (9.9e-06)
507.161 .... 1791 packets received, 7249 bps, 90.62%, Err 40 (9.9e-06)
509.274 .... 1799 packets received, 7251 bps, 90.64%, Err 40 (9.8e-06)
510.696 ** WARNING: System too busy, sleep 15 ms, but be awakened 100 ms later
511.409 .... 1807 packets received, 7253 bps, 90.67%, Err 40 (9.8e-06)
513.555 .... 1815 packets received, 7255 bps, 90.69%, Err 40 (9.8e-06)
515.663 .... 1823 packets received, 7257 bps, 90.71%, Err 40 (9.7e-06)
517.819 .... 1831 packets received, 7258 bps, 90.73%, Err 41 (9.9e-06)
519.921 .... 1839 packets received, 7261 bps, 90.76%, Err 41 (9.9e-06)
522.066 ** WARNING: System too busy, sleep 15 ms, but be awakened 72 ms later
522.097 .... 1847 packets received, 7262 bps, 90.77%, Err 41 (9.8e-06)
524.157 .... 1855 packets received, 7264 bps, 90.80%, Err 41 (9.8e-06)
526.286 .... 1863 packets received, 7266 bps, 90.83%, Err 41 (9.8e-06)
528.409 .... 1871 packets received, 7268 bps, 90.85%, Err 41 (9.7e-06)
530.548 .... 1875 packets received, 7254 bps, 90.68%, Err 42 (9.9e-06)
532.679 .... 1886 packets received, 7267 bps, 90.84%, Err 43 (1.0e-05)
535.847 .... 1894 packets received, 7255 bps, 90.69%, Err 44 (1.0e-05)
537.947 .... 1905 packets received, 7269 bps, 90.86%, Err 44 (1.0e-05)
540.086 .... 1913 packets received, 7270 bps, 90.88%, Err 44 (1.0e-05)
542.209 .... 1921 packets received, 7272 bps, 90.90%, Err 44 (1.0e-05)
544.335 .... 1929 packets received, 7274 bps, 90.92%, Err 44 (1.0e-05)
546.466 .... 1937 packets received, 7275 bps, 90.94%, Err 44 (1.0e-05)
548.585 .... 1945 packets received, 7277 bps, 90.96%, Err 44 (1.0e-05)
551.505 .... 1952 packets received, 7264 bps, 90.80%, Err 46 (1.0e-05)
553.635 .... 1962 packets received, 7273 bps, 90.92%, Err 46 (1.0e-05)
555.748 .... 1970 packets received, 7275 bps, 90.94%, Err 46 (1.0e-05)
561.867 .... 1978 packets received, 7225 bps, 90.31%, Err 49 (1.1e-05)
563.973 .... 1995 packets received, 7260 bps, 90.75%, Err 49 (1.1e-05)
566.116 .... 2003 packets received, 7261 bps, 90.77%, Err 49 (1.1e-05)
568.235 .... 2011 packets received, 7263 bps, 90.79%, Err 49 (1.1e-05)
569.054 ** WARNING: System too busy, sleep 15 ms, but be awakened 76 ms later
570.348 .... 2019 packets received, 7265 bps, 90.81%, Err 49 (1.1e-05)
572.490 .... 2027 packets received, 7266 bps, 90.83%, Err 49 (1.1e-05)
574.619 .... 2035 packets received, 7268 bps, 90.85%, Err 49 (1.1e-05)
576.751 .... 2043 packets received, 7270 bps, 90.87%, Err 49 (1.1e-05)
578.694 ** WARNING: System too busy, sleep 15 ms, but be awakened 127 ms later
579.067 .... 2051 packets received, 7269 bps, 90.86%, Err 49 (1.1e-05)
581.264 .... 2060 packets received, 7273 bps, 90.91%, Err 49 (1.1e-05)
583.382 .... 2068 packets received, 7275 bps, 90.93%, Err 49 (1.1e-05)
585.514 .... 2076 packets received, 7276 bps, 90.95%, Err 49 (1.0e-05)
587.650 .... 2084 packets received, 7278 bps, 90.97%, Err 49 (1.0e-05)
589.749 .... 2092 packets received, 7279 bps, 90.99%, Err 49 (1.0e-05)
591.892 .... 2100 packets received, 7281 bps, 91.01%, Err 49 (1.0e-05)
595.053 .... 2108 packets received, 7270 bps, 90.87%, Err 50 (1.1e-05)
597.177 .... 2119 packets received, 7282 bps, 91.02%, Err 50 (1.0e-05)
599.308 .... 2127 packets received, 7283 bps, 91.04%, Err 50 (1.0e-05)
601.438 .... 2135 packets received, 7284 bps, 91.06%, Err 50 (1.0e-05)
603.647 .... 2142 packets received, 7282 bps, 91.02%, Err 51 (1.1e-05)
605.769 .... 2150 packets received, 7283 bps, 91.04%, Err 51 (1.1e-05)
607.960 .... 2158 packets received, 7284 bps, 91.05%, Err 51 (1.1e-05)
610.164 .... 2166 packets received, 7284 bps, 91.05%, Err 51 (1.0e-05)
612.605 .... 2171 packets received, 7272 bps, 90.90%, Err 52 (1.1e-05)
613.604 ** WARNING: System too busy, sleep 15 ms, but be awakened 95 ms later
614.751 .... 2182 packets received, 7283 bps, 91.04%, Err 52 (1.1e-05)
616.226 ** WARNING: System too busy, sleep 15 ms, but be awakened 80 ms later
616.939 .... 2190 packets received, 7284 bps, 91.05%, Err 52 (1.1e-05)
619.106 .... 2197 packets received, 7282 bps, 91.02%, Err 52 (1.1e-05)
621.331 .... 2206 packets received, 7285 bps, 91.07%, Err 52 (1.0e-05)
623.266 ** WARNING: System too busy, sleep 15 ms, but be awakened 67 ms later
623.538 .... 2214 packets received, 7286 bps, 91.07%, Err 52 (1.0e-05)
625.759 .... 2222 packets received, 7286 bps, 91.08%, Err 52 (1.0e-05)
627.686 ** WARNING: System too busy, sleep 15 ms, but be awakened 68 ms later
627.892 .... 2230 packets received, 7287 bps, 91.09%, Err 52 (1.0e-05)
630.167 .... 2238 packets received, 7287 bps, 91.09%, Err 52 (1.0e-05)
632.329 .... 2246 packets received, 7288 bps, 91.10%, Err 52 (1.0e-05)
634.503 .... 2253 packets received, 7286 bps, 91.07%, Err 53 (1.0e-05)
637.488 .... 2259 packets received, 7271 bps, 90.89%, Err 54 (1.1e-05)
640.207 .... 2268 packets received, 7269 bps, 90.86%, Err 55 (1.1e-05)
640.733 ** WARNING: System too busy, sleep 15 ms, but be awakened 119 ms later
642.395 .... 2280 packets received, 7282 bps, 91.03%, Err 55 (1.1e-05)
643.742 ** WARNING: System too busy, sleep 15 ms, but be awakened 68 ms later
644.607 .... 2288 packets received, 7283 bps, 91.03%, Err 55 (1.1e-05)
645.369 ** WARNING: System too busy, sleep 15 ms, but be awakened 77 ms later
646.728 .... 2296 packets received, 7284 bps, 91.05%, Err 55 (1.1e-05)
647.932 ** WARNING: System too busy, sleep 15 ms, but be awakened 68 ms later
648.908 .... 2304 packets received, 7285 bps, 91.06%, Err 55 (1.1e-05)
652.237 .... 2311 packets received, 7270 bps, 90.87%, Err 57 (1.1e-05)
654.900 ** WARNING: System too busy, sleep 15 ms, but be awakened 73 ms later
655.174 .... 2319 packets received, 7262 bps, 90.78%, Err 59 (1.1e-05)
657.330 .... 2331 packets received, 7276 bps, 90.95%, Err 59 (1.1e-05)
659.517 .... 2339 packets received, 7276 bps, 90.96%, Err 59 (1.1e-05)
661.723 .... 2347 packets received, 7277 bps, 90.96%, Err 59 (1.1e-05)
663.878 .... 2355 packets received, 7278 bps, 90.97%, Err 59 (1.1e-05)
666.043 .... 2363 packets received, 7279 bps, 90.99%, Err 59 (1.1e-05)
668.505 .... 2367 packets received, 7264 bps, 90.80%, Err 60 (1.1e-05)
670.679 .... 2379 packets received, 7277 bps, 90.97%, Err 60 (1.1e-05)
672.854 .... 2387 packets received, 7278 bps, 90.98%, Err 60 (1.1e-05)
675.055 .... 2395 packets received, 7279 bps, 90.99%, Err 60 (1.1e-05)
677.197 .... 2403 packets received, 7280 bps, 91.00%, Err 60 (1.1e-05)
678.133 ** WARNING: System too busy, sleep 15 ms, but be awakened 82 ms later
679.377 .... 2411 packets received, 7281 bps, 91.01%, Err 60 (1.1e-05)
680.501 ** WARNING: System too busy, sleep 15 ms, but be awakened 108 ms later
681.858 .... 2415 packets received, 7266 bps, 90.83%, Err 61 (1.1e-05)
684.071 .... 2426 packets received, 7276 bps, 90.95%, Err 62 (1.1e-05)
686.253 .... 2434 packets received, 7276 bps, 90.96%, Err 62 (1.1e-05)
688.441 .... 2442 packets received, 7277 bps, 90.96%, Err 62 (1.1e-05)
690.657 .... 2450 packets received, 7277 bps, 90.97%, Err 62 (1.1e-05)
692.808 .... 2458 packets received, 7279 bps, 90.98%, Err 62 (1.1e-05)
694.850 ** WARNING: System too busy, sleep 15 ms, but be awakened 80 ms later
695.067 .... 2466 packets received, 7278 bps, 90.98%, Err 62 (1.1e-05)
697.167 .... 2474 packets received, 7280 bps, 91.00%, Err 62 (1.1e-05)
699.319 .... 2482 packets received, 7281 bps, 91.01%, Err 62 (1.1e-05)
700.018 Quit.
