000.000 =============================================================
000.000                     Station B                               
000.000 -------------------------------------------------------------
000.000 Protocol.lib, version 4.0, jiangyanjun0718@bupt.edu.cn
000.000 Channel: 8000 bps, 270 ms propagation delay, bit error rate 0
000.000 Log file "./datalink-B.log", TCP port 10086, debug mask 0x00
000.000 Station B is connecting station A (TCP port 10086) ... Failed!
000.000 Station B is connecting station A (TCP port 10086) ... Failed!
000.000 Station B is connecting station A (TCP port 10086) ... Failed!
000.000 Station B is connecting station A (TCP port 10086) ... Done.
000.156 New epoch: Tue Apr 16 21:42:24 2019
000.156 =================================================================
000.157 
000.157 Designed by CJSoft, build: Apr 16 2019  21:41:46
002.569 .... 8 packets received, 7743 bps, 96.79%, Err 0 (0.0e+00)
004.785 .... 16 packets received, 7564 bps, 94.55%, Err 0 (0.0e+00)
006.934 .... 24 packets received, 7584 bps, 94.80%, Err 0 (0.0e+00)
009.150 .... 32 packets received, 7535 bps, 94.19%, Err 0 (0.0e+00)
011.289 .... 40 packets received, 7561 bps, 94.51%, Err 0 (0.0e+00)
013.444 .... 48 packets received, 7567 bps, 94.59%, Err 0 (0.0e+00)
015.619 .... 56 packets received, 7562 bps, 94.53%, Err 0 (0.0e+00)
017.868 ** WARNING: System too busy, sleep 15 ms, but be awakened 73 ms later
017.950 .... 64 packets received, 7491 bps, 93.64%, Err 0 (0.0e+00)
019.176 ** WARNING: System too busy, sleep 15 ms, but be awakened 138 ms later
020.001 .... 72 packets received, 7544 bps, 94.30%, Err 0 (0.0e+00)
022.192 .... 80 packets received, 7537 bps, 94.21%, Err 0 (0.0e+00)
024.359 .... 88 packets received, 7539 bps, 94.24%, Err 0 (0.0e+00)
026.562 .... 96 packets received, 7530 bps, 94.13%, Err 0 (0.0e+00)
028.689 .... 104 packets received, 7543 bps, 94.29%, Err 0 (0.0e+00)
030.927 .... 112 packets received, 7527 bps, 94.09%, Err 0 (0.0e+00)
033.067 .... 120 packets received, 7535 bps, 94.19%, Err 0 (0.0e+00)
035.233 .... 128 packets received, 7537 bps, 94.22%, Err 0 (0.0e+00)
037.409 .... 136 packets received, 7537 bps, 94.21%, Err 0 (0.0e+00)
039.606 .... 144 packets received, 7532 bps, 94.15%, Err 0 (0.0e+00)
041.791 .... 152 packets received, 7531 bps, 94.13%, Err 0 (0.0e+00)
043.964 .... 160 packets received, 7531 bps, 94.14%, Err 0 (0.0e+00)
046.165 .... 168 packets received, 7527 bps, 94.08%, Err 0 (0.0e+00)
048.319 .... 176 packets received, 7531 bps, 94.13%, Err 0 (0.0e+00)
050.518 .... 184 packets received, 7527 bps, 94.09%, Err 0 (0.0e+00)
052.695 .... 192 packets received, 7527 bps, 94.09%, Err 0 (0.0e+00)
054.868 .... 200 packets received, 7527 bps, 94.09%, Err 0 (0.0e+00)
057.033 .... 208 packets received, 7529 bps, 94.11%, Err 0 (0.0e+00)
059.229 .... 216 packets received, 7526 bps, 94.08%, Err 0 (0.0e+00)
061.410 .... 224 packets received, 7526 bps, 94.08%, Err 0 (0.0e+00)
063.582 .... 232 packets received, 7526 bps, 94.08%, Err 0 (0.0e+00)
065.785 .... 240 packets received, 7523 bps, 94.04%, Err 0 (0.0e+00)
067.984 .... 248 packets received, 7521 bps, 94.02%, Err 0 (0.0e+00)
070.130 .... 256 packets received, 7525 bps, 94.06%, Err 0 (0.0e+00)
072.302 .... 264 packets received, 7525 bps, 94.06%, Err 0 (0.0e+00)
074.511 .... 272 packets received, 7522 bps, 94.02%, Err 0 (0.0e+00)
076.680 .... 280 packets received, 7523 bps, 94.03%, Err 0 (0.0e+00)
078.212 ** WARNING: System too busy, sleep 15 ms, but be awakened 118 ms later
078.864 .... 288 packets received, 7522 bps, 94.03%, Err 0 (0.0e+00)
081.048 .... 296 packets received, 7522 bps, 94.02%, Err 0 (0.0e+00)
083.209 .... 304 packets received, 7523 bps, 94.04%, Err 0 (0.0e+00)
085.402 .... 312 packets received, 7522 bps, 94.02%, Err 0 (0.0e+00)
087.563 .... 320 packets received, 7523 bps, 94.04%, Err 0 (0.0e+00)
088.959 ** WARNING: System too busy, sleep 15 ms, but be awakened 123 ms later
089.795 .... 328 packets received, 7519 bps, 93.99%, Err 0 (0.0e+00)
091.961 .... 336 packets received, 7520 bps, 94.00%, Err 0 (0.0e+00)
093.057 ** WARNING: System too busy, sleep 15 ms, but be awakened 94 ms later
094.122 .... 344 packets received, 7521 bps, 94.02%, Err 0 (0.0e+00)
096.307 .... 352 packets received, 7521 bps, 94.01%, Err 0 (0.0e+00)
098.481 .... 360 packets received, 7521 bps, 94.01%, Err 0 (0.0e+00)
100.660 .... 368 packets received, 7521 bps, 94.01%, Err 0 (0.0e+00)
102.835 .... 376 packets received, 7521 bps, 94.02%, Err 0 (0.0e+00)
105.020 .... 384 packets received, 7521 bps, 94.01%, Err 0 (0.0e+00)
107.210 .... 392 packets received, 7520 bps, 94.00%, Err 0 (0.0e+00)
109.381 .... 400 packets received, 7521 bps, 94.01%, Err 0 (0.0e+00)
111.561 .... 408 packets received, 7520 bps, 94.01%, Err 0 (0.0e+00)
113.775 .... 416 packets received, 7518 bps, 93.98%, Err 0 (0.0e+00)
115.914 .... 424 packets received, 7521 bps, 94.01%, Err 0 (0.0e+00)
118.099 .... 432 packets received, 7520 bps, 94.00%, Err 0 (0.0e+00)
118.696 ** WARNING: System too busy, sleep 15 ms, but be awakened 133 ms later
120.136 ** WARNING: System too busy, sleep 15 ms, but be awakened 144 ms later
120.820 .... 439 packets received, 7469 bps, 93.37%, Err 0 (0.0e+00)
122.989 .... 448 packets received, 7488 bps, 93.60%, Err 0 (0.0e+00)
125.160 .... 456 packets received, 7489 bps, 93.61%, Err 0 (0.0e+00)
126.655 ** WARNING: System too busy, sleep 15 ms, but be awakened 73 ms later
127.344 .... 464 packets received, 7489 bps, 93.61%, Err 0 (0.0e+00)
128.308 ** WARNING: System too busy, sleep 15 ms, but be awakened 286 ms later
129.908 .... 467 packets received, 7388 bps, 92.35%, Err 0 (0.0e+00)
130.699 ** WARNING: System too busy, sleep 15 ms, but be awakened 118 ms later
132.871 .... 472 packets received, 7300 bps, 91.25%, Err 0 (0.0e+00)
134.511 ** WARNING: System too busy, sleep 15 ms, but be awakened 154 ms later
134.958 .... 480 packets received, 7309 bps, 91.36%, Err 0 (0.0e+00)
136.727 ** WARNING: System too busy, sleep 15 ms, but be awakened 94 ms later
137.088 .... 487 packets received, 7300 bps, 91.24%, Err 0 (0.0e+00)
138.891 ** WARNING: System too busy, sleep 15 ms, but be awakened 73 ms later
139.286 .... 493 packets received, 7273 bps, 90.91%, Err 0 (0.0e+00)
140.083 ** WARNING: System too busy, sleep 15 ms, but be awakened 67 ms later
141.474 .... 499 packets received, 7247 bps, 90.59%, Err 0 (0.0e+00)
143.629 .... 505 packets received, 7224 bps, 90.29%, Err 0 (0.0e+00)
144.899 ** WARNING: System too busy, sleep 15 ms, but be awakened 70 ms later
145.819 .... 511 packets received, 7199 bps, 89.99%, Err 0 (0.0e+00)
146.941 ** WARNING: System too busy, sleep 15 ms, but be awakened 109 ms later
148.251 .... 518 packets received, 7178 bps, 89.72%, Err 0 (0.0e+00)
148.823 ** WARNING: System too busy, sleep 15 ms, but be awakened 84 ms later
150.416 .... 525 packets received, 7170 bps, 89.62%, Err 0 (0.0e+00)
151.328 ** WARNING: System too busy, sleep 15 ms, but be awakened 102 ms later
152.594 .... 531 packets received, 7148 bps, 89.35%, Err 0 (0.0e+00)
154.286 ** WARNING: System too busy, sleep 15 ms, but be awakened 140 ms later
154.650 .... 536 packets received, 7119 bps, 88.99%, Err 0 (0.0e+00)
156.617 ** WARNING: System too busy, sleep 15 ms, but be awakened 71 ms later
156.861 .... 543 packets received, 7110 bps, 88.88%, Err 0 (0.0e+00)
158.176 ** WARNING: System too busy, sleep 15 ms, but be awakened 80 ms later
159.015 .... 549 packets received, 7091 bps, 88.64%, Err 0 (0.0e+00)
161.070 .... 555 packets received, 7077 bps, 88.46%, Err 0 (0.0e+00)
163.305 .... 561 packets received, 7055 bps, 88.19%, Err 0 (0.0e+00)
163.923 ** WARNING: System too busy, sleep 15 ms, but be awakened 87 ms later
165.438 .... 567 packets received, 7038 bps, 87.98%, Err 0 (0.0e+00)
167.604 .... 573 packets received, 7021 bps, 87.76%, Err 0 (0.0e+00)
169.760 .... 579 packets received, 7004 bps, 87.55%, Err 0 (0.0e+00)
171.925 .... 586 packets received, 6999 bps, 87.49%, Err 0 (0.0e+00)
174.066 .... 592 packets received, 6983 bps, 87.29%, Err 0 (0.0e+00)
175.324 ** WARNING: System too busy, sleep 15 ms, but be awakened 631 ms later
176.237 .... 598 packets received, 6967 bps, 87.09%, Err 0 (0.0e+00)
178.366 .... 604 packets received, 6953 bps, 86.91%, Err 0 (0.0e+00)
180.526 .... 610 packets received, 6938 bps, 86.72%, Err 0 (0.0e+00)
183.028 .... 617 packets received, 6921 bps, 86.51%, Err 0 (0.0e+00)
185.276 ** WARNING: System too busy, sleep 15 ms, but be awakened 92 ms later
185.422 .... 624 packets received, 6909 bps, 86.36%, Err 0 (0.0e+00)
187.870 .... 631 packets received, 6895 bps, 86.19%, Err 0 (0.0e+00)
190.115 .... 638 packets received, 6889 bps, 86.12%, Err 0 (0.0e+00)
192.282 .... 644 packets received, 6875 bps, 85.94%, Err 0 (0.0e+00)
194.700 .... 651 packets received, 6864 bps, 85.80%, Err 0 (0.0e+00)
196.859 .... 658 packets received, 6861 bps, 85.77%, Err 0 (0.0e+00)
199.037 .... 664 packets received, 6848 bps, 85.60%, Err 0 (0.0e+00)
201.196 .... 670 packets received, 6835 bps, 85.44%, Err 0 (0.0e+00)
201.920 ** WARNING: System too busy, sleep 15 ms, but be awakened 81 ms later
203.382 .... 677 packets received, 6832 bps, 85.41%, Err 0 (0.0e+00)
205.545 .... 683 packets received, 6820 bps, 85.25%, Err 0 (0.0e+00)
207.716 .... 689 packets received, 6808 bps, 85.10%, Err 0 (0.0e+00)
210.159 .... 696 packets received, 6797 bps, 84.96%, Err 0 (0.0e+00)
212.311 .... 702 packets received, 6786 bps, 84.83%, Err 0 (0.0e+00)
214.752 .... 709 packets received, 6776 bps, 84.70%, Err 0 (0.0e+00)
217.200 .... 716 packets received, 6765 bps, 84.57%, Err 0 (0.0e+00)
219.649 .... 723 packets received, 6755 bps, 84.44%, Err 0 (0.0e+00)
221.818 .... 730 packets received, 6754 bps, 84.42%, Err 0 (0.0e+00)
224.003 .... 736 packets received, 6743 bps, 84.28%, Err 0 (0.0e+00)
226.180 .... 742 packets received, 6732 bps, 84.15%, Err 0 (0.0e+00)
228.350 .... 748 packets received, 6722 bps, 84.02%, Err 0 (0.0e+00)
230.524 .... 754 packets received, 6712 bps, 83.90%, Err 0 (0.0e+00)
232.675 .... 761 packets received, 6711 bps, 83.89%, Err 0 (0.0e+00)
234.914 .... 767 packets received, 6700 bps, 83.75%, Err 0 (0.0e+00)
237.036 .... 773 packets received, 6692 bps, 83.64%, Err 0 (0.0e+00)
239.472 .... 780 packets received, 6683 bps, 83.54%, Err 0 (0.0e+00)
241.673 .... 787 packets received, 6682 bps, 83.52%, Err 0 (0.0e+00)
243.829 .... 793 packets received, 6673 bps, 83.41%, Err 0 (0.0e+00)
246.269 .... 800 packets received, 6665 bps, 83.31%, Err 0 (0.0e+00)
248.714 .... 807 packets received, 6657 bps, 83.22%, Err 0 (0.0e+00)
251.169 .... 814 packets received, 6649 bps, 83.12%, Err 0 (0.0e+00)
253.320 .... 821 packets received, 6649 bps, 83.12%, Err 0 (0.0e+00)
255.508 .... 827 packets received, 6641 bps, 83.01%, Err 0 (0.0e+00)
255.967 ** WARNING: System too busy, sleep 15 ms, but be awakened 82 ms later
257.651 .... 833 packets received, 6633 bps, 82.91%, Err 0 (0.0e+00)
260.106 .... 840 packets received, 6625 bps, 82.82%, Err 0 (0.0e+00)
262.545 .... 847 packets received, 6619 bps, 82.73%, Err 0 (0.0e+00)
264.739 .... 854 packets received, 6618 bps, 82.72%, Err 0 (0.0e+00)
266.891 .... 860 packets received, 6610 bps, 82.63%, Err 0 (0.0e+00)
266.960 ** WARNING: System too busy, sleep 15 ms, but be awakened 68 ms later
268.070 ** WARNING: System too busy, sleep 15 ms, but be awakened 89 ms later
269.066 .... 866 packets received, 6603 bps, 82.53%, Err 0 (0.0e+00)
271.518 .... 873 packets received, 6596 bps, 82.45%, Err 0 (0.0e+00)
271.928 ** WARNING: System too busy, sleep 15 ms, but be awakened 95 ms later
274.033 .... 880 packets received, 6588 bps, 82.35%, Err 0 (0.0e+00)
276.199 .... 887 packets received, 6588 bps, 82.35%, Err 0 (0.0e+00)
278.369 .... 893 packets received, 6581 bps, 82.26%, Err 0 (0.0e+00)
280.545 .... 899 packets received, 6573 bps, 82.17%, Err 0 (0.0e+00)
282.711 .... 906 packets received, 6574 bps, 82.17%, Err 0 (0.0e+00)
284.879 .... 912 packets received, 6567 bps, 82.09%, Err 0 (0.0e+00)
287.323 .... 919 packets received, 6561 bps, 82.01%, Err 0 (0.0e+00)
289.482 .... 926 packets received, 6561 bps, 82.02%, Err 0 (0.0e+00)
291.659 .... 932 packets received, 6555 bps, 81.93%, Err 0 (0.0e+00)
294.086 .... 939 packets received, 6549 bps, 81.87%, Err 0 (0.0e+00)
296.269 .... 946 packets received, 6549 bps, 81.87%, Err 0 (0.0e+00)
298.459 .... 952 packets received, 6542 bps, 81.78%, Err 0 (0.0e+00)
300.651 .... 958 packets received, 6536 bps, 81.70%, Err 0 (0.0e+00)
303.056 .... 965 packets received, 6531 bps, 81.64%, Err 0 (0.0e+00)
305.515 .... 972 packets received, 6525 bps, 81.57%, Err 0 (0.0e+00)
307.709 .... 978 packets received, 6519 bps, 81.49%, Err 0 (0.0e+00)
309.887 .... 985 packets received, 6519 bps, 81.49%, Err 0 (0.0e+00)
312.055 .... 991 packets received, 6513 bps, 81.42%, Err 0 (0.0e+00)
314.213 .... 997 packets received, 6508 bps, 81.35%, Err 0 (0.0e+00)
316.383 .... 1004 packets received, 6508 bps, 81.35%, Err 0 (0.0e+00)
318.569 .... 1010 packets received, 6502 bps, 81.28%, Err 0 (0.0e+00)
321.016 .... 1017 packets received, 6497 bps, 81.22%, Err 0 (0.0e+00)
323.432 .... 1024 packets received, 6493 bps, 81.16%, Err 0 (0.0e+00)
325.608 .... 1031 packets received, 6494 bps, 81.17%, Err 0 (0.0e+00)
327.785 .... 1037 packets received, 6488 bps, 81.10%, Err 0 (0.0e+00)
330.020 .... 1043 packets received, 6481 bps, 81.02%, Err 0 (0.0e+00)
332.454 .... 1050 packets received, 6477 bps, 80.96%, Err 0 (0.0e+00)
334.603 .... 1057 packets received, 6478 bps, 80.98%, Err 0 (0.0e+00)
336.790 .... 1063 packets received, 6473 bps, 80.91%, Err 0 (0.0e+00)
338.952 .... 1069 packets received, 6468 bps, 80.85%, Err 0 (0.0e+00)
341.130 .... 1075 packets received, 6462 bps, 80.78%, Err 0 (0.0e+00)
343.566 .... 1082 packets received, 6458 bps, 80.73%, Err 0 (0.0e+00)
344.892 ** WARNING: System too busy, sleep 15 ms, but be awakened 68 ms later
346.020 .... 1089 packets received, 6454 bps, 80.67%, Err 0 (0.0e+00)
348.200 .... 1095 packets received, 6449 bps, 80.61%, Err 0 (0.0e+00)
350.646 .... 1102 packets received, 6445 bps, 80.56%, Err 0 (0.0e+00)
351.905 ** WARNING: System too busy, sleep 15 ms, but be awakened 73 ms later
353.132 .... 1109 packets received, 6440 bps, 80.50%, Err 0 (0.0e+00)
355.533 .... 1116 packets received, 6437 bps, 80.46%, Err 0 (0.0e+00)
357.719 .... 1123 packets received, 6438 bps, 80.47%, Err 0 (0.0e+00)
359.885 .... 1129 packets received, 6433 bps, 80.41%, Err 0 (0.0e+00)
362.063 .... 1135 packets received, 6428 bps, 80.35%, Err 0 (0.0e+00)
364.238 .... 1141 packets received, 6423 bps, 80.29%, Err 0 (0.0e+00)
366.691 .... 1148 packets received, 6420 bps, 80.25%, Err 0 (0.0e+00)
368.878 .... 1155 packets received, 6420 bps, 80.26%, Err 0 (0.0e+00)
371.039 .... 1161 packets received, 6416 bps, 80.20%, Err 0 (0.0e+00)
372.907 ** WARNING: System too busy, sleep 15 ms, but be awakened 84 ms later
373.205 .... 1167 packets received, 6412 bps, 80.15%, Err 0 (0.0e+00)
375.397 .... 1174 packets received, 6413 bps, 80.16%, Err 0 (0.0e+00)
377.543 .... 1180 packets received, 6409 bps, 80.11%, Err 0 (0.0e+00)
379.747 .... 1186 packets received, 6404 bps, 80.05%, Err 0 (0.0e+00)
382.168 .... 1193 packets received, 6401 bps, 80.01%, Err 0 (0.0e+00)
384.366 .... 1200 packets received, 6401 bps, 80.02%, Err 0 (0.0e+00)
386.558 .... 1206 packets received, 6397 bps, 79.96%, Err 0 (0.0e+00)
388.707 .... 1212 packets received, 6393 bps, 79.91%, Err 0 (0.0e+00)
391.159 .... 1219 packets received, 6390 bps, 79.87%, Err 0 (0.0e+00)
393.614 .... 1226 packets received, 6386 bps, 79.83%, Err 0 (0.0e+00)
395.774 .... 1233 packets received, 6388 bps, 79.85%, Err 0 (0.0e+00)
397.956 .... 1239 packets received, 6384 bps, 79.79%, Err 0 (0.0e+00)
400.431 .... 1246 packets received, 6380 bps, 79.75%, Err 0 (0.0e+00)
402.580 .... 1253 packets received, 6381 bps, 79.77%, Err 0 (0.0e+00)
404.752 .... 1259 packets received, 6378 bps, 79.72%, Err 0 (0.0e+00)
407.209 .... 1266 packets received, 6374 bps, 79.68%, Err 0 (0.0e+00)
409.355 .... 1273 packets received, 6376 bps, 79.70%, Err 0 (0.0e+00)
411.539 .... 1279 packets received, 6372 bps, 79.65%, Err 0 (0.0e+00)
413.978 .... 1286 packets received, 6369 bps, 79.61%, Err 0 (0.0e+00)
416.429 .... 1293 packets received, 6366 bps, 79.57%, Err 0 (0.0e+00)
418.608 .... 1300 packets received, 6367 bps, 79.59%, Err 0 (0.0e+00)
420.775 .... 1306 packets received, 6363 bps, 79.54%, Err 0 (0.0e+00)
422.950 .... 1312 packets received, 6360 bps, 79.50%, Err 0 (0.0e+00)
425.128 .... 1319 packets received, 6361 bps, 79.51%, Err 0 (0.0e+00)
427.302 .... 1325 packets received, 6357 bps, 79.47%, Err 0 (0.0e+00)
429.754 .... 1332 packets received, 6354 bps, 79.43%, Err 0 (0.0e+00)
431.928 .... 1338 packets received, 6351 bps, 79.39%, Err 0 (0.0e+00)
434.353 .... 1345 packets received, 6348 bps, 79.35%, Err 0 (0.0e+00)
435.899 ** WARNING: System too busy, sleep 15 ms, but be awakened 69 ms later
436.524 .... 1352 packets received, 6350 bps, 79.37%, Err 0 (0.0e+00)
438.710 .... 1358 packets received, 6346 bps, 79.33%, Err 0 (0.0e+00)
441.139 .... 1365 packets received, 6344 bps, 79.29%, Err 0 (0.0e+00)
443.586 .... 1372 packets received, 6341 bps, 79.26%, Err 0 (0.0e+00)
445.767 .... 1379 packets received, 6342 bps, 79.28%, Err 0 (0.0e+00)
447.942 .... 1385 packets received, 6339 bps, 79.23%, Err 0 (0.0e+00)
450.104 .... 1391 packets received, 6336 bps, 79.19%, Err 0 (0.0e+00)
452.292 .... 1397 packets received, 6332 bps, 79.15%, Err 0 (0.0e+00)
454.474 .... 1404 packets received, 6333 bps, 79.16%, Err 0 (0.0e+00)
456.618 .... 1410 packets received, 6330 bps, 79.13%, Err 0 (0.0e+00)
458.789 .... 1416 packets received, 6327 bps, 79.09%, Err 0 (0.0e+00)
460.954 .... 1422 packets received, 6324 bps, 79.05%, Err 0 (0.0e+00)
462.463 ** WARNING: System too busy, sleep 15 ms, but be awakened 67 ms later
463.262 .... 1428 packets received, 6319 bps, 78.99%, Err 0 (0.0e+00)
465.422 .... 1434 packets received, 6316 bps, 78.95%, Err 0 (0.0e+00)
467.566 .... 1440 packets received, 6314 bps, 78.92%, Err 0 (0.0e+00)
469.747 .... 1446 packets received, 6310 bps, 78.88%, Err 0 (0.0e+00)
472.176 .... 1453 packets received, 6308 bps, 78.85%, Err 0 (0.0e+00)
474.323 .... 1460 packets received, 6310 bps, 78.87%, Err 0 (0.0e+00)
476.485 .... 1466 packets received, 6307 bps, 78.84%, Err 0 (0.0e+00)
478.673 .... 1472 packets received, 6304 bps, 78.80%, Err 0 (0.0e+00)
480.830 .... 1479 packets received, 6305 bps, 78.82%, Err 0 (0.0e+00)
483.010 .... 1485 packets received, 6302 bps, 78.78%, Err 0 (0.0e+00)
485.178 .... 1491 packets received, 6300 bps, 78.74%, Err 0 (0.0e+00)
487.361 .... 1497 packets received, 6297 bps, 78.71%, Err 0 (0.0e+00)
489.792 .... 1504 packets received, 6295 bps, 78.68%, Err 0 (0.0e+00)
492.256 .... 1511 packets received, 6292 bps, 78.65%, Err 0 (0.0e+00)
494.424 .... 1518 packets received, 6294 bps, 78.67%, Err 0 (0.0e+00)
496.572 .... 1524 packets received, 6291 bps, 78.64%, Err 0 (0.0e+00)
497.907 ** WARNING: System too busy, sleep 15 ms, but be awakened 68 ms later
498.772 .... 1530 packets received, 6288 bps, 78.60%, Err 0 (0.0e+00)
500.926 .... 1536 packets received, 6286 bps, 78.57%, Err 0 (0.0e+00)
503.377 .... 1543 packets received, 6283 bps, 78.54%, Err 0 (0.0e+00)
505.811 .... 1550 packets received, 6281 bps, 78.52%, Err 0 (0.0e+00)
507.989 .... 1557 packets received, 6283 bps, 78.53%, Err 0 (0.0e+00)
510.162 .... 1563 packets received, 6280 bps, 78.50%, Err 0 (0.0e+00)
512.325 .... 1569 packets received, 6278 bps, 78.47%, Err 0 (0.0e+00)
514.771 .... 1576 packets received, 6276 bps, 78.44%, Err 0 (0.0e+00)
517.220 .... 1583 packets received, 6274 bps, 78.42%, Err 0 (0.0e+00)
519.664 .... 1590 packets received, 6272 bps, 78.40%, Err 0 (0.0e+00)
522.143 .... 1597 packets received, 6269 bps, 78.37%, Err 0 (0.0e+00)
524.295 .... 1604 packets received, 6271 bps, 78.39%, Err 0 (0.0e+00)
526.447 .... 1610 packets received, 6269 bps, 78.36%, Err 0 (0.0e+00)
528.932 .... 1617 packets received, 6266 bps, 78.33%, Err 0 (0.0e+00)
531.056 .... 1624 packets received, 6268 bps, 78.35%, Err 0 (0.0e+00)
533.250 .... 1630 packets received, 6266 bps, 78.32%, Err 0 (0.0e+00)
535.680 .... 1637 packets received, 6264 bps, 78.30%, Err 0 (0.0e+00)
538.124 .... 1644 packets received, 6262 bps, 78.28%, Err 0 (0.0e+00)
540.589 .... 1651 packets received, 6260 bps, 78.25%, Err 0 (0.0e+00)
542.748 .... 1658 packets received, 6262 bps, 78.27%, Err 0 (0.0e+00)
544.933 .... 1664 packets received, 6259 bps, 78.24%, Err 0 (0.0e+00)
547.079 .... 1670 packets received, 6257 bps, 78.21%, Err 0 (0.0e+00)
549.271 .... 1676 packets received, 6254 bps, 78.18%, Err 0 (0.0e+00)
550.001 ** WARNING: System too busy, sleep 15 ms, but be awakened 70 ms later
551.453 .... 1683 packets received, 6256 bps, 78.19%, Err 0 (0.0e+00)
553.627 .... 1689 packets received, 6253 bps, 78.16%, Err 0 (0.0e+00)
555.788 .... 1695 packets received, 6251 bps, 78.14%, Err 0 (0.0e+00)
557.966 .... 1701 packets received, 6249 bps, 78.11%, Err 0 (0.0e+00)
560.155 .... 1708 packets received, 6250 bps, 78.12%, Err 0 (0.0e+00)
562.338 .... 1714 packets received, 6247 bps, 78.09%, Err 0 (0.0e+00)
564.744 .... 1721 packets received, 6246 bps, 78.08%, Err 0 (0.0e+00)
567.198 .... 1728 packets received, 6244 bps, 78.05%, Err 0 (0.0e+00)
569.359 .... 1735 packets received, 6246 bps, 78.07%, Err 0 (0.0e+00)
571.526 .... 1741 packets received, 6244 bps, 78.05%, Err 0 (0.0e+00)
573.719 .... 1747 packets received, 6241 bps, 78.01%, Err 0 (0.0e+00)
576.170 .... 1754 packets received, 6240 bps, 77.99%, Err 0 (0.0e+00)
578.598 .... 1761 packets received, 6238 bps, 77.98%, Err 0 (0.0e+00)
580.761 .... 1768 packets received, 6240 bps, 77.99%, Err 0 (0.0e+00)
582.933 .... 1774 packets received, 6237 bps, 77.97%, Err 0 (0.0e+00)
585.132 .... 1780 packets received, 6235 bps, 77.94%, Err 0 (0.0e+00)
587.566 .... 1787 packets received, 6234 bps, 77.92%, Err 0 (0.0e+00)
589.764 .... 1794 packets received, 6235 bps, 77.93%, Err 0 (0.0e+00)
591.907 .... 1800 packets received, 6233 bps, 77.91%, Err 0 (0.0e+00)
594.086 .... 1806 packets received, 6231 bps, 77.88%, Err 0 (0.0e+00)
596.258 .... 1812 packets received, 6229 bps, 77.86%, Err 0 (0.0e+00)
598.707 .... 1819 packets received, 6227 bps, 77.84%, Err 0 (0.0e+00)
600.034 Quit.
