000.000 =============================================================
000.000                     Station A                               
000.000 -------------------------------------------------------------
000.000 Protocol.lib, version 4.0, jiangyanjun0718@bupt.edu.cn
000.000 Channel: 8000 bps, 270 ms propagation delay, bit error rate 0
000.000 Log file "./datalink-A.log", TCP port 10086, debug mask 0x00
000.000 Station A is waiting for station B on TCP port 10086 ... Done.
000.157 New epoch: Tue Apr 16 21:42:24 2019
000.157 =================================================================
000.157 
000.157 Designed by CJSoft, build: Apr 16 2019  21:41:46
002.603 .... 8 packets received, 7564 bps, 94.55%, Err 0 (0.0e+00)
004.770 .... 16 packets received, 7562 bps, 94.53%, Err 0 (0.0e+00)
006.936 .... 24 packets received, 7563 bps, 94.54%, Err 0 (0.0e+00)
009.150 .... 32 packets received, 7522 bps, 94.02%, Err 0 (0.0e+00)
011.271 .... 40 packets received, 7561 bps, 94.52%, Err 0 (0.0e+00)
013.458 .... 48 packets received, 7550 bps, 94.37%, Err 0 (0.0e+00)
015.632 .... 56 packets received, 7548 bps, 94.35%, Err 0 (0.0e+00)
017.867 ** WARNING: System too busy, sleep 15 ms, but be awakened 76 ms later
017.904 .... 64 packets received, 7504 bps, 93.80%, Err 0 (0.0e+00)
019.176 ** WARNING: System too busy, sleep 15 ms, but be awakened 137 ms later
020.017 .... 72 packets received, 7531 bps, 94.14%, Err 0 (0.0e+00)
022.209 .... 80 packets received, 7525 bps, 94.07%, Err 0 (0.0e+00)
024.063 ** WARNING: System too busy, sleep 15 ms, but be awakened 70 ms later
024.344 .... 88 packets received, 7539 bps, 94.23%, Err 0 (0.0e+00)
026.526 .... 96 packets received, 7536 bps, 94.20%, Err 0 (0.0e+00)
028.378 ** WARNING: System too busy, sleep 15 ms, but be awakened 93 ms later
028.712 .... 104 packets received, 7533 bps, 94.16%, Err 0 (0.0e+00)
030.968 .... 112 packets received, 7513 bps, 93.91%, Err 0 (0.0e+00)
033.064 .... 120 packets received, 7532 bps, 94.16%, Err 0 (0.0e+00)
035.239 .... 128 packets received, 7532 bps, 94.16%, Err 0 (0.0e+00)
037.437 .... 136 packets received, 7528 bps, 94.10%, Err 0 (0.0e+00)
039.591 .... 144 packets received, 7532 bps, 94.15%, Err 0 (0.0e+00)
041.770 .... 152 packets received, 7531 bps, 94.14%, Err 0 (0.0e+00)
043.965 .... 160 packets received, 7528 bps, 94.10%, Err 0 (0.0e+00)
046.157 .... 168 packets received, 7525 bps, 94.07%, Err 0 (0.0e+00)
048.349 .... 176 packets received, 7523 bps, 94.04%, Err 0 (0.0e+00)
050.503 .... 184 packets received, 7527 bps, 94.08%, Err 0 (0.0e+00)
052.680 .... 192 packets received, 7527 bps, 94.08%, Err 0 (0.0e+00)
054.868 .... 200 packets received, 7525 bps, 94.06%, Err 0 (0.0e+00)
057.033 .... 208 packets received, 7527 bps, 94.08%, Err 0 (0.0e+00)
059.215 .... 216 packets received, 7526 bps, 94.08%, Err 0 (0.0e+00)
061.404 .... 224 packets received, 7525 bps, 94.06%, Err 0 (0.0e+00)
063.583 .... 232 packets received, 7524 bps, 94.06%, Err 0 (0.0e+00)
065.752 .... 240 packets received, 7525 bps, 94.07%, Err 0 (0.0e+00)
067.962 .... 248 packets received, 7522 bps, 94.02%, Err 0 (0.0e+00)
070.151 .... 256 packets received, 7521 bps, 94.01%, Err 0 (0.0e+00)
072.317 .... 264 packets received, 7522 bps, 94.02%, Err 0 (0.0e+00)
074.510 .... 272 packets received, 7520 bps, 94.00%, Err 0 (0.0e+00)
076.680 .... 280 packets received, 7521 bps, 94.02%, Err 0 (0.0e+00)
078.212 ** WARNING: System too busy, sleep 15 ms, but be awakened 118 ms later
078.902 .... 288 packets received, 7517 bps, 93.96%, Err 0 (0.0e+00)
081.033 .... 296 packets received, 7522 bps, 94.02%, Err 0 (0.0e+00)
083.237 .... 304 packets received, 7519 bps, 93.99%, Err 0 (0.0e+00)
085.389 .... 312 packets received, 7522 bps, 94.02%, Err 0 (0.0e+00)
087.599 .... 320 packets received, 7519 bps, 93.99%, Err 0 (0.0e+00)
088.960 ** WARNING: System too busy, sleep 15 ms, but be awakened 123 ms later
089.785 .... 328 packets received, 7518 bps, 93.98%, Err 0 (0.0e+00)
091.965 .... 336 packets received, 7518 bps, 93.98%, Err 0 (0.0e+00)
093.056 ** WARNING: System too busy, sleep 15 ms, but be awakened 98 ms later
094.143 .... 344 packets received, 7518 bps, 93.98%, Err 0 (0.0e+00)
096.322 .... 352 packets received, 7518 bps, 93.98%, Err 0 (0.0e+00)
098.482 .... 360 packets received, 7520 bps, 94.00%, Err 0 (0.0e+00)
100.711 .... 368 packets received, 7516 bps, 93.95%, Err 0 (0.0e+00)
102.834 .... 376 packets received, 7520 bps, 94.00%, Err 0 (0.0e+00)
105.019 .... 384 packets received, 7520 bps, 94.00%, Err 0 (0.0e+00)
107.228 .... 392 packets received, 7518 bps, 93.97%, Err 0 (0.0e+00)
109.393 .... 400 packets received, 7519 bps, 93.98%, Err 0 (0.0e+00)
111.559 .... 408 packets received, 7520 bps, 93.99%, Err 0 (0.0e+00)
113.737 .... 416 packets received, 7520 bps, 93.99%, Err 0 (0.0e+00)
115.925 .... 424 packets received, 7519 bps, 93.99%, Err 0 (0.0e+00)
118.088 .... 432 packets received, 7520 bps, 94.00%, Err 0 (0.0e+00)
118.698 ** WARNING: System too busy, sleep 15 ms, but be awakened 134 ms later
120.135 ** WARNING: System too busy, sleep 15 ms, but be awakened 153 ms later
120.155 .... 438 packets received, 7493 bps, 93.66%, Err 0 (0.0e+00)
122.182 .... 445 packets received, 7486 bps, 93.57%, Err 0 (0.0e+00)
124.348 .... 453 packets received, 7487 bps, 93.59%, Err 0 (0.0e+00)
125.610 ** WARNING: System too busy, sleep 15 ms, but be awakened 89 ms later
126.542 .... 461 packets received, 7487 bps, 93.59%, Err 0 (0.0e+00)
129.068 .... 466 packets received, 7419 bps, 92.74%, Err 0 (0.0e+00)
129.281 ** WARNING: System too busy, sleep 15 ms, but be awakened 81 ms later
132.972 .... 474 packets received, 7324 bps, 91.56%, Err 0 (0.0e+00)
134.904 ** WARNING: System too busy, sleep 15 ms, but be awakened 163 ms later
135.527 .... 486 packets received, 7368 bps, 92.10%, Err 0 (0.0e+00)
136.727 ** WARNING: System too busy, sleep 15 ms, but be awakened 94 ms later
137.664 .... 494 packets received, 7373 bps, 92.16%, Err 0 (0.0e+00)
138.891 ** WARNING: System too busy, sleep 15 ms, but be awakened 73 ms later
139.814 .... 502 packets received, 7376 bps, 92.20%, Err 0 (0.0e+00)
140.079 ** WARNING: System too busy, sleep 15 ms, but be awakened 74 ms later
142.033 .... 510 packets received, 7376 bps, 92.21%, Err 0 (0.0e+00)
144.217 .... 518 packets received, 7378 bps, 92.23%, Err 0 (0.0e+00)
144.899 ** WARNING: System too busy, sleep 15 ms, but be awakened 70 ms later
146.350 .... 526 packets received, 7383 bps, 92.29%, Err 0 (0.0e+00)
146.940 ** WARNING: System too busy, sleep 15 ms, but be awakened 108 ms later
148.509 .... 534 packets received, 7386 bps, 92.32%, Err 0 (0.0e+00)
148.824 ** WARNING: System too busy, sleep 15 ms, but be awakened 83 ms later
150.693 .... 542 packets received, 7387 bps, 92.34%, Err 0 (0.0e+00)
151.686 ** WARNING: System too busy, sleep 15 ms, but be awakened 68 ms later
152.889 .... 550 packets received, 7389 bps, 92.36%, Err 0 (0.0e+00)
154.285 ** WARNING: System too busy, sleep 15 ms, but be awakened 137 ms later
154.936 .... 557 packets received, 7383 bps, 92.29%, Err 0 (0.0e+00)
156.610 ** WARNING: System too busy, sleep 15 ms, but be awakened 80 ms later
156.976 .... 564 packets received, 7379 bps, 92.24%, Err 0 (0.0e+00)
158.176 ** WARNING: System too busy, sleep 15 ms, but be awakened 80 ms later
159.172 .... 572 packets received, 7380 bps, 92.25%, Err 0 (0.0e+00)
160.069 ** WARNING: System too busy, sleep 15 ms, but be awakened 66 ms later
161.283 .... 580 packets received, 7385 bps, 92.31%, Err 0 (0.0e+00)
163.462 .... 588 packets received, 7387 bps, 92.33%, Err 0 (0.0e+00)
163.925 ** WARNING: System too busy, sleep 15 ms, but be awakened 89 ms later
165.657 .... 596 packets received, 7388 bps, 92.35%, Err 0 (0.0e+00)
165.905 ** WARNING: System too busy, sleep 15 ms, but be awakened 72 ms later
167.832 .... 604 packets received, 7390 bps, 92.37%, Err 0 (0.0e+00)
170.003 .... 612 packets received, 7392 bps, 92.40%, Err 0 (0.0e+00)
172.173 .... 620 packets received, 7394 bps, 92.42%, Err 0 (0.0e+00)
174.374 ** WARNING: System too busy, sleep 15 ms, but be awakened 70 ms later
174.520 .... 628 packets received, 7388 bps, 92.35%, Err 0 (0.0e+00)
176.709 .... 635 packets received, 7378 bps, 92.22%, Err 0 (0.0e+00)
178.897 .... 643 packets received, 7379 bps, 92.24%, Err 0 (0.0e+00)
181.092 .... 651 packets received, 7380 bps, 92.25%, Err 0 (0.0e+00)
183.228 .... 659 packets received, 7383 bps, 92.29%, Err 0 (0.0e+00)
185.276 ** WARNING: System too busy, sleep 15 ms, but be awakened 100 ms later
185.423 .... 667 packets received, 7384 bps, 92.31%, Err 0 (0.0e+00)
187.596 .... 675 packets received, 7386 bps, 92.33%, Err 0 (0.0e+00)
188.935 ** WARNING: System too busy, sleep 15 ms, but be awakened 140 ms later
189.786 .... 683 packets received, 7387 bps, 92.34%, Err 0 (0.0e+00)
191.960 .... 691 packets received, 7389 bps, 92.36%, Err 0 (0.0e+00)
194.147 .... 699 packets received, 7390 bps, 92.38%, Err 0 (0.0e+00)
196.296 .... 707 packets received, 7393 bps, 92.41%, Err 0 (0.0e+00)
198.487 .... 715 packets received, 7394 bps, 92.42%, Err 0 (0.0e+00)
200.656 .... 723 packets received, 7395 bps, 92.44%, Err 0 (0.0e+00)
201.919 ** WARNING: System too busy, sleep 15 ms, but be awakened 81 ms later
202.832 .... 731 packets received, 7397 bps, 92.46%, Err 0 (0.0e+00)
205.003 .... 739 packets received, 7398 bps, 92.48%, Err 0 (0.0e+00)
207.186 .... 747 packets received, 7400 bps, 92.49%, Err 0 (0.0e+00)
209.363 .... 755 packets received, 7401 bps, 92.51%, Err 0 (0.0e+00)
211.537 .... 763 packets received, 7402 bps, 92.53%, Err 0 (0.0e+00)
213.687 .... 771 packets received, 7404 bps, 92.56%, Err 0 (0.0e+00)
215.863 .... 779 packets received, 7406 bps, 92.57%, Err 0 (0.0e+00)
218.021 .... 787 packets received, 7408 bps, 92.60%, Err 0 (0.0e+00)
220.204 .... 795 packets received, 7409 bps, 92.61%, Err 0 (0.0e+00)
222.379 .... 803 packets received, 7410 bps, 92.62%, Err 0 (0.0e+00)
224.533 .... 811 packets received, 7412 bps, 92.65%, Err 0 (0.0e+00)
226.717 .... 819 packets received, 7413 bps, 92.66%, Err 0 (0.0e+00)
228.930 .... 827 packets received, 7412 bps, 92.66%, Err 0 (0.0e+00)
231.090 .... 835 packets received, 7414 bps, 92.68%, Err 0 (0.0e+00)
233.271 .... 843 packets received, 7415 bps, 92.69%, Err 0 (0.0e+00)
235.425 .... 851 packets received, 7417 bps, 92.71%, Err 0 (0.0e+00)
235.895 ** WARNING: System too busy, sleep 15 ms, but be awakened 66 ms later
237.580 .... 859 packets received, 7418 bps, 92.73%, Err 0 (0.0e+00)
239.754 .... 867 packets received, 7420 bps, 92.74%, Err 0 (0.0e+00)
241.923 .... 875 packets received, 7421 bps, 92.76%, Err 0 (0.0e+00)
244.133 .... 883 packets received, 7421 bps, 92.76%, Err 0 (0.0e+00)
246.272 .... 891 packets received, 7423 bps, 92.78%, Err 0 (0.0e+00)
248.446 .... 899 packets received, 7424 bps, 92.80%, Err 0 (0.0e+00)
250.642 .... 907 packets received, 7424 bps, 92.80%, Err 0 (0.0e+00)
252.804 .... 915 packets received, 7425 bps, 92.82%, Err 0 (0.0e+00)
254.943 .... 923 packets received, 7427 bps, 92.84%, Err 0 (0.0e+00)
255.968 ** WARNING: System too busy, sleep 15 ms, but be awakened 83 ms later
257.158 .... 931 packets received, 7427 bps, 92.84%, Err 0 (0.0e+00)
259.291 .... 939 packets received, 7429 bps, 92.87%, Err 0 (0.0e+00)
261.456 .... 947 packets received, 7430 bps, 92.88%, Err 0 (0.0e+00)
263.651 .... 955 packets received, 7431 bps, 92.88%, Err 0 (0.0e+00)
265.814 .... 963 packets received, 7432 bps, 92.90%, Err 0 (0.0e+00)
266.959 ** WARNING: System too busy, sleep 15 ms, but be awakened 68 ms later
267.979 .... 971 packets received, 7433 bps, 92.91%, Err 0 (0.0e+00)
270.173 .... 979 packets received, 7433 bps, 92.91%, Err 0 (0.0e+00)
271.926 ** WARNING: System too busy, sleep 15 ms, but be awakened 94 ms later
272.341 .... 986 packets received, 7427 bps, 92.83%, Err 0 (0.0e+00)
274.603 .... 995 packets received, 7433 bps, 92.91%, Err 0 (0.0e+00)
276.738 .... 1003 packets received, 7434 bps, 92.93%, Err 0 (0.0e+00)
278.918 .... 1011 packets received, 7435 bps, 92.94%, Err 0 (0.0e+00)
281.090 .... 1019 packets received, 7436 bps, 92.95%, Err 0 (0.0e+00)
283.256 .... 1027 packets received, 7437 bps, 92.96%, Err 0 (0.0e+00)
285.457 .... 1035 packets received, 7437 bps, 92.96%, Err 0 (0.0e+00)
287.610 .... 1043 packets received, 7438 bps, 92.98%, Err 0 (0.0e+00)
289.775 .... 1051 packets received, 7439 bps, 92.99%, Err 0 (0.0e+00)
291.963 .... 1059 packets received, 7440 bps, 92.99%, Err 0 (0.0e+00)
294.128 .... 1067 packets received, 7441 bps, 93.01%, Err 0 (0.0e+00)
296.303 .... 1075 packets received, 7441 bps, 93.02%, Err 0 (0.0e+00)
298.471 .... 1083 packets received, 7442 bps, 93.03%, Err 0 (0.0e+00)
300.651 .... 1091 packets received, 7443 bps, 93.03%, Err 0 (0.0e+00)
302.803 .... 1099 packets received, 7444 bps, 93.05%, Err 0 (0.0e+00)
304.960 .... 1107 packets received, 7445 bps, 93.06%, Err 0 (0.0e+00)
307.156 .... 1115 packets received, 7445 bps, 93.06%, Err 0 (0.0e+00)
309.337 .... 1123 packets received, 7445 bps, 93.07%, Err 0 (0.0e+00)
311.502 .... 1131 packets received, 7446 bps, 93.08%, Err 0 (0.0e+00)
313.694 .... 1139 packets received, 7447 bps, 93.08%, Err 0 (0.0e+00)
315.858 .... 1147 packets received, 7447 bps, 93.09%, Err 0 (0.0e+00)
318.024 .... 1155 packets received, 7448 bps, 93.10%, Err 0 (0.0e+00)
320.208 .... 1163 packets received, 7449 bps, 93.11%, Err 0 (0.0e+00)
322.377 .... 1171 packets received, 7449 bps, 93.12%, Err 0 (0.0e+00)
324.545 .... 1179 packets received, 7450 bps, 93.12%, Err 0 (0.0e+00)
326.711 .... 1187 packets received, 7451 bps, 93.13%, Err 0 (0.0e+00)
328.870 .... 1195 packets received, 7452 bps, 93.15%, Err 0 (0.0e+00)
331.073 .... 1203 packets received, 7452 bps, 93.14%, Err 0 (0.0e+00)
333.238 .... 1211 packets received, 7452 bps, 93.15%, Err 0 (0.0e+00)
335.426 .... 1219 packets received, 7453 bps, 93.16%, Err 0 (0.0e+00)
337.592 .... 1227 packets received, 7453 bps, 93.17%, Err 0 (0.0e+00)
339.786 .... 1235 packets received, 7453 bps, 93.17%, Err 0 (0.0e+00)
341.955 .... 1243 packets received, 7454 bps, 93.17%, Err 0 (0.0e+00)
344.127 .... 1251 packets received, 7455 bps, 93.18%, Err 0 (0.0e+00)
346.290 .... 1259 packets received, 7455 bps, 93.19%, Err 0 (0.0e+00)
348.488 .... 1267 packets received, 7455 bps, 93.19%, Err 0 (0.0e+00)
350.656 .... 1275 packets received, 7456 bps, 93.20%, Err 0 (0.0e+00)
351.904 ** WARNING: System too busy, sleep 15 ms, but be awakened 72 ms later
352.836 .... 1283 packets received, 7456 bps, 93.20%, Err 0 (0.0e+00)
355.006 .... 1291 packets received, 7457 bps, 93.21%, Err 0 (0.0e+00)
357.172 .... 1299 packets received, 7458 bps, 93.22%, Err 0 (0.0e+00)
359.354 .... 1307 packets received, 7458 bps, 93.22%, Err 0 (0.0e+00)
361.521 .... 1315 packets received, 7458 bps, 93.23%, Err 0 (0.0e+00)
363.701 .... 1323 packets received, 7459 bps, 93.23%, Err 0 (0.0e+00)
365.896 .... 1331 packets received, 7459 bps, 93.24%, Err 0 (0.0e+00)
368.071 .... 1339 packets received, 7459 bps, 93.24%, Err 0 (0.0e+00)
370.240 .... 1347 packets received, 7460 bps, 93.25%, Err 0 (0.0e+00)
372.441 .... 1355 packets received, 7460 bps, 93.25%, Err 0 (0.0e+00)
372.909 ** WARNING: System too busy, sleep 15 ms, but be awakened 85 ms later
374.575 .... 1363 packets received, 7461 bps, 93.26%, Err 0 (0.0e+00)
376.740 .... 1371 packets received, 7462 bps, 93.27%, Err 0 (0.0e+00)
378.977 .... 1379 packets received, 7461 bps, 93.26%, Err 0 (0.0e+00)
381.103 .... 1387 packets received, 7462 bps, 93.28%, Err 0 (0.0e+00)
383.256 .... 1395 packets received, 7463 bps, 93.29%, Err 0 (0.0e+00)
385.448 .... 1403 packets received, 7463 bps, 93.29%, Err 0 (0.0e+00)
387.617 .... 1411 packets received, 7464 bps, 93.29%, Err 0 (0.0e+00)
389.794 .... 1419 packets received, 7464 bps, 93.30%, Err 0 (0.0e+00)
391.969 .... 1427 packets received, 7464 bps, 93.30%, Err 0 (0.0e+00)
394.147 .... 1435 packets received, 7465 bps, 93.31%, Err 0 (0.0e+00)
396.319 .... 1443 packets received, 7465 bps, 93.31%, Err 0 (0.0e+00)
398.505 .... 1451 packets received, 7465 bps, 93.31%, Err 0 (0.0e+00)
400.698 .... 1459 packets received, 7465 bps, 93.32%, Err 0 (0.0e+00)
402.858 .... 1467 packets received, 7466 bps, 93.32%, Err 0 (0.0e+00)
405.037 .... 1475 packets received, 7466 bps, 93.33%, Err 0 (0.0e+00)
407.213 .... 1483 packets received, 7466 bps, 93.33%, Err 0 (0.0e+00)
409.392 .... 1491 packets received, 7467 bps, 93.33%, Err 0 (0.0e+00)
411.549 .... 1499 packets received, 7467 bps, 93.34%, Err 0 (0.0e+00)
413.730 .... 1507 packets received, 7468 bps, 93.35%, Err 0 (0.0e+00)
415.901 .... 1515 packets received, 7468 bps, 93.35%, Err 0 (0.0e+00)
418.065 .... 1523 packets received, 7469 bps, 93.36%, Err 0 (0.0e+00)
420.256 .... 1531 packets received, 7469 bps, 93.36%, Err 0 (0.0e+00)
422.440 .... 1539 packets received, 7469 bps, 93.36%, Err 0 (0.0e+00)
424.599 .... 1547 packets received, 7469 bps, 93.37%, Err 0 (0.0e+00)
426.763 .... 1555 packets received, 7470 bps, 93.37%, Err 0 (0.0e+00)
426.900 ** WARNING: System too busy, sleep 15 ms, but be awakened 66 ms later
428.938 .... 1563 packets received, 7470 bps, 93.38%, Err 0 (0.0e+00)
431.133 .... 1571 packets received, 7470 bps, 93.38%, Err 0 (0.0e+00)
433.288 .... 1579 packets received, 7471 bps, 93.39%, Err 0 (0.0e+00)
435.450 .... 1587 packets received, 7471 bps, 93.39%, Err 0 (0.0e+00)
435.901 ** WARNING: System too busy, sleep 15 ms, but be awakened 71 ms later
437.617 .... 1595 packets received, 7472 bps, 93.40%, Err 0 (0.0e+00)
439.810 .... 1603 packets received, 7472 bps, 93.40%, Err 0 (0.0e+00)
441.979 .... 1611 packets received, 7472 bps, 93.40%, Err 0 (0.0e+00)
444.137 .... 1619 packets received, 7473 bps, 93.41%, Err 0 (0.0e+00)
446.303 .... 1627 packets received, 7473 bps, 93.42%, Err 0 (0.0e+00)
448.516 .... 1635 packets received, 7473 bps, 93.41%, Err 0 (0.0e+00)
450.679 .... 1643 packets received, 7473 bps, 93.42%, Err 0 (0.0e+00)
452.834 .... 1651 packets received, 7474 bps, 93.43%, Err 0 (0.0e+00)
455.021 .... 1659 packets received, 7474 bps, 93.43%, Err 0 (0.0e+00)
457.207 .... 1667 packets received, 7474 bps, 93.43%, Err 0 (0.0e+00)
459.358 .... 1675 packets received, 7475 bps, 93.44%, Err 0 (0.0e+00)
461.516 .... 1683 packets received, 7475 bps, 93.44%, Err 0 (0.0e+00)
462.697 ** WARNING: System too busy, sleep 15 ms, but be awakened 234 ms later
463.722 .... 1691 packets received, 7475 bps, 93.44%, Err 0 (0.0e+00)
465.922 .... 1699 packets received, 7475 bps, 93.44%, Err 0 (0.0e+00)
468.049 .... 1707 packets received, 7476 bps, 93.45%, Err 0 (0.0e+00)
470.236 .... 1715 packets received, 7476 bps, 93.45%, Err 0 (0.0e+00)
472.413 .... 1723 packets received, 7476 bps, 93.46%, Err 0 (0.0e+00)
474.623 .... 1731 packets received, 7476 bps, 93.45%, Err 0 (0.0e+00)
476.777 .... 1739 packets received, 7477 bps, 93.46%, Err 0 (0.0e+00)
478.925 .... 1747 packets received, 7477 bps, 93.47%, Err 0 (0.0e+00)
481.105 .... 1755 packets received, 7478 bps, 93.47%, Err 0 (0.0e+00)
483.296 .... 1763 packets received, 7478 bps, 93.47%, Err 0 (0.0e+00)
485.469 .... 1771 packets received, 7478 bps, 93.47%, Err 0 (0.0e+00)
487.644 .... 1779 packets received, 7478 bps, 93.48%, Err 0 (0.0e+00)
489.805 .... 1787 packets received, 7479 bps, 93.48%, Err 0 (0.0e+00)
491.956 .... 1795 packets received, 7479 bps, 93.49%, Err 0 (0.0e+00)
494.155 .... 1803 packets received, 7479 bps, 93.49%, Err 0 (0.0e+00)
496.342 .... 1811 packets received, 7479 bps, 93.49%, Err 0 (0.0e+00)
497.907 ** WARNING: System too busy, sleep 15 ms, but be awakened 72 ms later
498.475 .... 1819 packets received, 7480 bps, 93.50%, Err 0 (0.0e+00)
500.684 .... 1827 packets received, 7480 bps, 93.50%, Err 0 (0.0e+00)
502.839 .... 1835 packets received, 7480 bps, 93.50%, Err 0 (0.0e+00)
505.027 .... 1843 packets received, 7480 bps, 93.50%, Err 0 (0.0e+00)
507.164 .... 1851 packets received, 7481 bps, 93.51%, Err 0 (0.0e+00)
509.351 .... 1859 packets received, 7481 bps, 93.51%, Err 0 (0.0e+00)
511.502 .... 1867 packets received, 7482 bps, 93.52%, Err 0 (0.0e+00)
513.694 .... 1875 packets received, 7482 bps, 93.52%, Err 0 (0.0e+00)
515.873 .... 1883 packets received, 7482 bps, 93.52%, Err 0 (0.0e+00)
518.039 .... 1891 packets received, 7482 bps, 93.53%, Err 0 (0.0e+00)
520.225 .... 1899 packets received, 7482 bps, 93.53%, Err 0 (0.0e+00)
522.378 .... 1907 packets received, 7483 bps, 93.53%, Err 0 (0.0e+00)
524.566 .... 1915 packets received, 7483 bps, 93.53%, Err 0 (0.0e+00)
526.743 .... 1923 packets received, 7483 bps, 93.54%, Err 0 (0.0e+00)
528.900 .... 1931 packets received, 7483 bps, 93.54%, Err 0 (0.0e+00)
531.098 .... 1939 packets received, 7483 bps, 93.54%, Err 0 (0.0e+00)
533.266 .... 1947 packets received, 7484 bps, 93.54%, Err 0 (0.0e+00)
535.440 .... 1955 packets received, 7484 bps, 93.55%, Err 0 (0.0e+00)
537.603 .... 1963 packets received, 7484 bps, 93.55%, Err 0 (0.0e+00)
539.782 .... 1971 packets received, 7484 bps, 93.55%, Err 0 (0.0e+00)
541.954 .... 1979 packets received, 7485 bps, 93.56%, Err 0 (0.0e+00)
544.127 .... 1987 packets received, 7485 bps, 93.56%, Err 0 (0.0e+00)
546.288 .... 1995 packets received, 7485 bps, 93.56%, Err 0 (0.0e+00)
548.471 .... 2003 packets received, 7485 bps, 93.56%, Err 0 (0.0e+00)
550.001 ** WARNING: System too busy, sleep 15 ms, but be awakened 70 ms later
550.640 .... 2011 packets received, 7485 bps, 93.57%, Err 0 (0.0e+00)
552.831 .... 2019 packets received, 7485 bps, 93.57%, Err 0 (0.0e+00)
554.989 .... 2027 packets received, 7486 bps, 93.57%, Err 0 (0.0e+00)
557.161 .... 2035 packets received, 7486 bps, 93.58%, Err 0 (0.0e+00)
559.333 .... 2043 packets received, 7486 bps, 93.58%, Err 0 (0.0e+00)
561.527 .... 2051 packets received, 7486 bps, 93.58%, Err 0 (0.0e+00)
563.664 .... 2059 packets received, 7487 bps, 93.59%, Err 0 (0.0e+00)
565.827 .... 2067 packets received, 7487 bps, 93.59%, Err 0 (0.0e+00)
567.996 .... 2075 packets received, 7488 bps, 93.59%, Err 0 (0.0e+00)
570.193 .... 2083 packets received, 7487 bps, 93.59%, Err 0 (0.0e+00)
572.346 .... 2091 packets received, 7488 bps, 93.60%, Err 0 (0.0e+00)
574.539 .... 2099 packets received, 7488 bps, 93.60%, Err 0 (0.0e+00)
576.719 .... 2107 packets received, 7488 bps, 93.60%, Err 0 (0.0e+00)
578.874 .... 2115 packets received, 7488 bps, 93.60%, Err 0 (0.0e+00)
581.064 .... 2123 packets received, 7488 bps, 93.60%, Err 0 (0.0e+00)
583.235 .... 2131 packets received, 7489 bps, 93.61%, Err 0 (0.0e+00)
585.402 .... 2139 packets received, 7489 bps, 93.61%, Err 0 (0.0e+00)
587.604 .... 2147 packets received, 7489 bps, 93.61%, Err 0 (0.0e+00)
589.734 .... 2155 packets received, 7489 bps, 93.62%, Err 0 (0.0e+00)
591.958 .... 2163 packets received, 7489 bps, 93.61%, Err 0 (0.0e+00)
594.101 .... 2171 packets received, 7489 bps, 93.62%, Err 0 (0.0e+00)
596.253 .... 2179 packets received, 7490 bps, 93.62%, Err 0 (0.0e+00)
598.437 .... 2187 packets received, 7490 bps, 93.62%, Err 0 (0.0e+00)
600.025 Quit.
