000.000 =============================================================
000.000                     Station A                               
000.000 -------------------------------------------------------------
000.000 Protocol.lib, version 4.0, jiangyanjun0718@bupt.edu.cn
000.000 Channel: 8000 bps, 270 ms propagation delay, bit error rate 1.0E-05
000.000 Log file "fA.log", TCP port 30014, debug mask 0x00
000.000 Station A is waiting for station B on TCP port 30014 ... Done.
000.008 New epoch: Tue Apr 16 21:08:47 2019
000.008 =================================================================
000.008 
000.008 Designed by CJSoft, build: Apr 16 2019  11:10:40
002.449 .... 7 packets received, 6609 bps, 82.62%, Err 1 (5.2e-05)
004.610 .... 15 packets received, 7095 bps, 88.68%, Err 1 (2.7e-05)
006.798 .... 23 packets received, 7227 bps, 90.33%, Err 1 (1.8e-05)
008.966 .... 31 packets received, 7309 bps, 91.37%, Err 1 (1.4e-05)
011.149 .... 39 packets received, 7349 bps, 91.86%, Err 1 (1.1e-05)
013.300 .... 47 packets received, 7394 bps, 92.42%, Err 1 (9.4e-06)
015.501 .... 55 packets received, 7400 bps, 92.50%, Err 1 (8.1e-06)
017.684 .... 63 packets received, 7413 bps, 92.67%, Err 1 (7.1e-06)
019.834 .... 71 packets received, 7436 bps, 92.95%, Err 1 (6.3e-06)
022.008 .... 79 packets received, 7446 bps, 93.08%, Err 1 (5.7e-06)
024.193 .... 87 packets received, 7451 bps, 93.14%, Err 1 (5.2e-06)
026.376 .... 95 packets received, 7456 bps, 93.19%, Err 1 (4.7e-06)
028.529 .... 103 packets received, 7467 bps, 93.34%, Err 1 (4.4e-06)
030.719 .... 111 packets received, 7468 bps, 93.35%, Err 1 (4.1e-06)
032.874 .... 119 packets received, 7477 bps, 93.47%, Err 1 (3.8e-06)
035.068 .... 127 packets received, 7477 bps, 93.46%, Err 1 (3.6e-06)
037.507 .... 132 packets received, 7262 bps, 90.77%, Err 2 (6.7e-06)
039.681 .... 143 packets received, 7433 bps, 92.91%, Err 2 (6.3e-06)
041.835 .... 151 packets received, 7442 bps, 93.02%, Err 2 (6.0e-06)
044.006 .... 159 packets received, 7447 bps, 93.09%, Err 3 (8.5e-06)
046.195 .... 166 packets received, 7404 bps, 92.55%, Err 3 (8.1e-06)
048.361 .... 174 packets received, 7411 bps, 92.64%, Err 3 (7.8e-06)
050.536 .... 182 packets received, 7417 bps, 92.71%, Err 3 (7.4e-06)
052.701 .... 190 packets received, 7423 bps, 92.79%, Err 3 (7.1e-06)
054.913 .... 198 packets received, 7422 bps, 92.78%, Err 3 (6.8e-06)
057.070 .... 206 packets received, 7429 bps, 92.86%, Err 3 (6.6e-06)
059.253 .... 214 packets received, 7432 bps, 92.90%, Err 3 (6.3e-06)
061.412 .... 222 packets received, 7437 bps, 92.97%, Err 3 (6.1e-06)
063.594 .... 230 packets received, 7440 bps, 93.00%, Err 3 (5.9e-06)
065.763 .... 238 packets received, 7444 bps, 93.04%, Err 3 (5.7e-06)
067.938 .... 246 packets received, 7446 bps, 93.08%, Err 3 (5.5e-06)
071.199 .... 253 packets received, 7306 bps, 91.33%, Err 4 (7.0e-06)
073.367 .... 265 packets received, 7426 bps, 92.82%, Err 4 (6.8e-06)
075.568 .... 273 packets received, 7426 bps, 92.83%, Err 4 (6.6e-06)
077.743 .... 281 packets received, 7429 bps, 92.86%, Err 4 (6.4e-06)
079.903 .... 289 packets received, 7433 bps, 92.92%, Err 4 (6.3e-06)
082.100 .... 297 packets received, 7434 bps, 92.93%, Err 4 (6.1e-06)
084.268 .... 305 packets received, 7437 bps, 92.97%, Err 4 (5.9e-06)
086.443 .... 313 packets received, 7440 bps, 93.00%, Err 4 (5.8e-06)
089.437 .... 319 packets received, 7328 bps, 91.60%, Err 6 (8.4e-06)
091.602 .... 330 packets received, 7401 bps, 92.51%, Err 6 (8.2e-06)
093.780 .... 338 packets received, 7403 bps, 92.54%, Err 6 (8.0e-06)
095.962 .... 346 packets received, 7406 bps, 92.57%, Err 6 (7.8e-06)
098.137 .... 354 packets received, 7409 bps, 92.61%, Err 6 (7.6e-06)
100.311 .... 362 packets received, 7411 bps, 92.64%, Err 6 (7.5e-06)
102.499 .... 370 packets received, 7413 bps, 92.66%, Err 6 (7.3e-06)
104.654 .... 378 packets received, 7417 bps, 92.71%, Err 6 (7.2e-06)
108.205 .... 386 packets received, 7325 bps, 91.56%, Err 8 (9.2e-06)
110.385 .... 397 packets received, 7384 bps, 92.30%, Err 8 (9.1e-06)
112.553 .... 405 packets received, 7388 bps, 92.35%, Err 8 (8.9e-06)
114.715 .... 413 packets received, 7391 bps, 92.39%, Err 8 (8.7e-06)
116.908 .... 421 packets received, 7393 bps, 92.41%, Err 8 (8.6e-06)
119.060 .... 429 packets received, 7397 bps, 92.46%, Err 8 (8.4e-06)
121.253 .... 437 packets received, 7398 bps, 92.48%, Err 8 (8.2e-06)
123.428 .... 445 packets received, 7401 bps, 92.51%, Err 8 (8.1e-06)
125.583 .... 453 packets received, 7404 bps, 92.55%, Err 8 (8.0e-06)
127.773 .... 461 packets received, 7405 bps, 92.57%, Err 8 (7.8e-06)
129.929 .... 469 packets received, 7409 bps, 92.61%, Err 8 (7.7e-06)
132.121 .... 477 packets received, 7410 bps, 92.62%, Err 8 (7.6e-06)
134.272 .... 485 packets received, 7413 bps, 92.66%, Err 8 (7.4e-06)
136.469 .... 493 packets received, 7414 bps, 92.67%, Err 8 (7.3e-06)
139.981 .... 501 packets received, 7345 bps, 91.81%, Err 9 (8.0e-06)
142.154 .... 513 packets received, 7405 bps, 92.57%, Err 9 (7.9e-06)
144.334 .... 521 packets received, 7407 bps, 92.59%, Err 9 (7.8e-06)
146.485 .... 524 packets received, 7340 bps, 91.75%, Err 10 (8.5e-06)
148.680 .... 536 packets received, 7397 bps, 92.46%, Err 10 (8.4e-06)
150.859 .... 544 packets received, 7399 bps, 92.49%, Err 10 (8.3e-06)
153.034 .... 552 packets received, 7401 bps, 92.51%, Err 10 (8.2e-06)
155.469 .... 556 packets received, 7337 bps, 91.72%, Err 11 (8.8e-06)
157.650 .... 568 packets received, 7392 bps, 92.40%, Err 11 (8.7e-06)
159.832 .... 576 packets received, 7394 bps, 92.42%, Err 11 (8.6e-06)
162.017 .... 584 packets received, 7395 bps, 92.44%, Err 11 (8.5e-06)
164.190 .... 591 packets received, 7384 bps, 92.30%, Err 12 (9.1e-06)
166.352 .... 599 packets received, 7387 bps, 92.34%, Err 12 (9.0e-06)
168.562 .... 607 packets received, 7387 bps, 92.34%, Err 12 (8.9e-06)
170.744 .... 615 packets received, 7389 bps, 92.36%, Err 12 (8.8e-06)
172.892 .... 623 packets received, 7392 bps, 92.40%, Err 12 (8.7e-06)
176.151 .... 630 packets received, 7336 bps, 91.70%, Err 13 (9.2e-06)
178.318 .... 642 packets received, 7385 bps, 92.31%, Err 13 (9.1e-06)
180.505 .... 650 packets received, 7386 bps, 92.33%, Err 13 (9.0e-06)
183.771 .... 657 packets received, 7333 bps, 91.66%, Err 14 (9.5e-06)
185.927 .... 669 packets received, 7380 bps, 92.25%, Err 14 (9.4e-06)
188.117 .... 672 packets received, 7327 bps, 91.59%, Err 15 (1.0e-05)
190.301 .... 684 packets received, 7372 bps, 92.15%, Err 15 (9.9e-06)
192.468 .... 692 packets received, 7374 bps, 92.18%, Err 15 (9.7e-06)
194.648 .... 700 packets received, 7376 bps, 92.20%, Err 15 (9.6e-06)
196.820 .... 708 packets received, 7378 bps, 92.22%, Err 15 (9.5e-06)
199.007 .... 716 packets received, 7379 bps, 92.24%, Err 15 (9.4e-06)
201.181 .... 724 packets received, 7381 bps, 92.26%, Err 15 (9.3e-06)
203.352 .... 732 packets received, 7382 bps, 92.28%, Err 15 (9.2e-06)
205.523 .... 740 packets received, 7384 bps, 92.30%, Err 15 (9.1e-06)
207.682 .... 743 packets received, 7337 bps, 91.71%, Err 16 (9.6e-06)
209.874 .... 755 packets received, 7377 bps, 92.22%, Err 16 (9.5e-06)
212.045 .... 763 packets received, 7379 bps, 92.24%, Err 16 (9.4e-06)
214.234 .... 771 packets received, 7380 bps, 92.25%, Err 16 (9.3e-06)
216.405 .... 779 packets received, 7382 bps, 92.27%, Err 16 (9.2e-06)
218.591 .... 787 packets received, 7383 bps, 92.29%, Err 16 (9.2e-06)
220.745 .... 795 packets received, 7385 bps, 92.31%, Err 16 (9.1e-06)
222.929 .... 803 packets received, 7386 bps, 92.33%, Err 16 (9.0e-06)
225.114 .... 811 packets received, 7387 bps, 92.34%, Err 17 (9.4e-06)
227.280 .... 818 packets received, 7380 bps, 92.25%, Err 17 (9.4e-06)
229.467 .... 826 packets received, 7381 bps, 92.26%, Err 17 (9.3e-06)
231.635 .... 834 packets received, 7383 bps, 92.28%, Err 17 (9.2e-06)
233.805 .... 842 packets received, 7384 bps, 92.30%, Err 17 (9.1e-06)
235.981 .... 850 packets received, 7386 bps, 92.32%, Err 17 (9.0e-06)
238.155 .... 857 packets received, 7378 bps, 92.23%, Err 18 (9.4e-06)
240.339 .... 865 packets received, 7380 bps, 92.24%, Err 18 (9.4e-06)
243.584 .... 872 packets received, 7340 bps, 91.75%, Err 19 (9.8e-06)
245.750 .... 884 packets received, 7375 bps, 92.19%, Err 19 (9.7e-06)
247.928 .... 892 packets received, 7377 bps, 92.21%, Err 19 (9.6e-06)
250.114 .... 900 packets received, 7378 bps, 92.22%, Err 19 (9.5e-06)
252.289 .... 908 packets received, 7379 bps, 92.24%, Err 19 (9.4e-06)
254.466 .... 916 packets received, 7380 bps, 92.25%, Err 19 (9.3e-06)
256.634 .... 924 packets received, 7382 bps, 92.27%, Err 19 (9.3e-06)
258.819 .... 932 packets received, 7383 bps, 92.28%, Err 19 (9.2e-06)
260.984 .... 940 packets received, 7384 bps, 92.30%, Err 19 (9.1e-06)
263.162 .... 948 packets received, 7385 bps, 92.32%, Err 19 (9.0e-06)
265.352 .... 956 packets received, 7386 bps, 92.33%, Err 19 (9.0e-06)
267.515 .... 964 packets received, 7388 bps, 92.35%, Err 19 (8.9e-06)
269.687 .... 972 packets received, 7389 bps, 92.36%, Err 19 (8.8e-06)
271.881 .... 980 packets received, 7390 bps, 92.37%, Err 19 (8.7e-06)
274.042 .... 988 packets received, 7391 bps, 92.39%, Err 19 (8.7e-06)
276.228 .... 996 packets received, 7392 bps, 92.40%, Err 19 (8.6e-06)
278.403 .... 1004 packets received, 7393 bps, 92.41%, Err 19 (8.5e-06)
280.573 .... 1012 packets received, 7394 bps, 92.43%, Err 19 (8.5e-06)
282.759 .... 1020 packets received, 7395 bps, 92.44%, Err 19 (8.4e-06)
284.929 .... 1028 packets received, 7396 bps, 92.45%, Err 19 (8.3e-06)
287.116 .... 1036 packets received, 7397 bps, 92.46%, Err 19 (8.3e-06)
289.272 .... 1044 packets received, 7399 bps, 92.48%, Err 19 (8.2e-06)
291.457 .... 1052 packets received, 7399 bps, 92.49%, Err 19 (8.1e-06)
293.611 .... 1060 packets received, 7401 bps, 92.51%, Err 19 (8.1e-06)
295.783 .... 1068 packets received, 7402 bps, 92.52%, Err 19 (8.0e-06)
297.962 .... 1076 packets received, 7403 bps, 92.53%, Err 19 (8.0e-06)
300.147 .... 1084 packets received, 7403 bps, 92.54%, Err 19 (7.9e-06)
302.311 .... 1087 packets received, 7371 bps, 92.13%, Err 20 (8.3e-06)
304.505 .... 1099 packets received, 7398 bps, 92.48%, Err 20 (8.2e-06)
306.665 .... 1107 packets received, 7400 bps, 92.50%, Err 20 (8.2e-06)
308.837 .... 1115 packets received, 7401 bps, 92.51%, Err 20 (8.1e-06)
310.994 .... 1123 packets received, 7402 bps, 92.52%, Err 20 (8.0e-06)
313.196 .... 1131 packets received, 7402 bps, 92.53%, Err 20 (8.0e-06)
315.374 .... 1139 packets received, 7403 bps, 92.54%, Err 20 (7.9e-06)
317.552 .... 1147 packets received, 7404 bps, 92.55%, Err 20 (7.9e-06)
319.718 .... 1155 packets received, 7405 bps, 92.56%, Err 20 (7.8e-06)
321.897 .... 1163 packets received, 7406 bps, 92.57%, Err 20 (7.8e-06)
324.070 .... 1171 packets received, 7407 bps, 92.58%, Err 20 (7.7e-06)
326.241 .... 1179 packets received, 7408 bps, 92.60%, Err 20 (7.7e-06)
328.426 .... 1187 packets received, 7408 bps, 92.60%, Err 20 (7.6e-06)
330.584 .... 1195 packets received, 7409 bps, 92.62%, Err 20 (7.6e-06)
332.762 .... 1203 packets received, 7410 bps, 92.63%, Err 20 (7.5e-06)
334.947 .... 1211 packets received, 7411 bps, 92.63%, Err 20 (7.5e-06)
337.388 .... 1215 packets received, 7381 bps, 92.27%, Err 21 (7.8e-06)
339.583 .... 1227 packets received, 7406 bps, 92.58%, Err 21 (7.7e-06)
341.743 .... 1235 packets received, 7407 bps, 92.59%, Err 22 (8.0e-06)
343.910 .... 1243 packets received, 7408 bps, 92.60%, Err 22 (8.0e-06)
346.076 .... 1251 packets received, 7409 bps, 92.61%, Err 22 (7.9e-06)
348.266 .... 1259 packets received, 7410 bps, 92.62%, Err 23 (8.3e-06)
350.446 .... 1266 packets received, 7404 bps, 92.55%, Err 23 (8.2e-06)
352.638 .... 1274 packets received, 7405 bps, 92.56%, Err 23 (8.2e-06)
354.820 .... 1282 packets received, 7405 bps, 92.57%, Err 23 (8.1e-06)
356.997 .... 1290 packets received, 7406 bps, 92.58%, Err 24 (8.4e-06)
359.156 .... 1298 packets received, 7407 bps, 92.59%, Err 24 (8.4e-06)
362.151 .... 1304 packets received, 7380 bps, 92.25%, Err 25 (8.6e-06)
364.346 .... 1316 packets received, 7403 bps, 92.54%, Err 25 (8.6e-06)
366.497 .... 1324 packets received, 7404 bps, 92.55%, Err 25 (8.5e-06)
368.670 .... 1327 packets received, 7377 bps, 92.22%, Err 26 (8.8e-06)
370.850 .... 1339 packets received, 7400 bps, 92.50%, Err 27 (9.1e-06)
373.049 .... 1347 packets received, 7400 bps, 92.51%, Err 27 (9.0e-06)
375.227 .... 1355 packets received, 7401 bps, 92.51%, Err 27 (9.0e-06)
377.405 .... 1363 packets received, 7402 bps, 92.52%, Err 27 (8.9e-06)
379.563 .... 1371 packets received, 7403 bps, 92.54%, Err 27 (8.9e-06)
381.750 .... 1379 packets received, 7403 bps, 92.54%, Err 27 (8.8e-06)
383.914 .... 1387 packets received, 7404 bps, 92.55%, Err 27 (8.8e-06)
386.087 .... 1395 packets received, 7405 bps, 92.56%, Err 27 (8.7e-06)
389.084 .... 1401 packets received, 7380 bps, 92.25%, Err 28 (9.0e-06)
391.254 .... 1413 packets received, 7402 bps, 92.52%, Err 28 (8.9e-06)
393.415 .... 1421 packets received, 7403 bps, 92.53%, Err 28 (8.9e-06)
395.598 .... 1429 packets received, 7403 bps, 92.54%, Err 28 (8.8e-06)
397.781 .... 1437 packets received, 7404 bps, 92.55%, Err 28 (8.8e-06)
399.968 .... 1445 packets received, 7404 bps, 92.55%, Err 28 (8.8e-06)
401.720 ** WARNING: System too busy, sleep 15 ms, but be awakened 108 ms later
402.140 .... 1453 packets received, 7405 bps, 92.56%, Err 28 (8.7e-06)
404.300 .... 1461 packets received, 7406 bps, 92.57%, Err 28 (8.7e-06)
406.482 .... 1469 packets received, 7406 bps, 92.58%, Err 28 (8.6e-06)
408.692 .... 1477 packets received, 7406 bps, 92.58%, Err 28 (8.6e-06)
411.102 .... 1481 packets received, 7383 bps, 92.29%, Err 29 (8.8e-06)
412.683 ** WARNING: System too busy, sleep 15 ms, but be awakened 66 ms later
413.263 .... 1493 packets received, 7404 bps, 92.55%, Err 29 (8.8e-06)
415.442 .... 1501 packets received, 7404 bps, 92.56%, Err 29 (8.7e-06)
417.652 .... 1509 packets received, 7405 bps, 92.56%, Err 29 (8.7e-06)
420.068 .... 1513 packets received, 7381 bps, 92.27%, Err 30 (8.9e-06)
422.260 .... 1525 packets received, 7401 bps, 92.52%, Err 30 (8.9e-06)
424.424 .... 1532 packets received, 7397 bps, 92.47%, Err 31 (9.1e-06)
426.587 .... 1540 packets received, 7398 bps, 92.48%, Err 31 (9.1e-06)
428.791 .... 1548 packets received, 7398 bps, 92.48%, Err 31 (9.0e-06)
430.963 .... 1556 packets received, 7399 bps, 92.49%, Err 32 (9.3e-06)
433.118 .... 1563 packets received, 7395 bps, 92.44%, Err 32 (9.2e-06)
435.305 .... 1571 packets received, 7396 bps, 92.45%, Err 32 (9.2e-06)
437.489 .... 1579 packets received, 7396 bps, 92.46%, Err 32 (9.1e-06)
440.762 .... 1586 packets received, 7374 bps, 92.18%, Err 33 (9.4e-06)
442.961 .... 1598 packets received, 7393 bps, 92.41%, Err 33 (9.3e-06)
445.131 .... 1606 packets received, 7394 bps, 92.42%, Err 33 (9.3e-06)
447.303 .... 1614 packets received, 7394 bps, 92.43%, Err 33 (9.2e-06)
449.476 .... 1622 packets received, 7395 bps, 92.44%, Err 33 (9.2e-06)
451.657 .... 1630 packets received, 7396 bps, 92.45%, Err 33 (9.1e-06)
453.866 .... 1638 packets received, 7396 bps, 92.45%, Err 33 (9.1e-06)
455.619 ** WARNING: System too busy, sleep 15 ms, but be awakened 66 ms later
455.998 .... 1646 packets received, 7397 bps, 92.46%, Err 33 (9.0e-06)
457.655 ** WARNING: System too busy, sleep 15 ms, but be awakened 119 ms later
458.006 .... 1653 packets received, 7396 bps, 92.45%, Err 33 (9.0e-06)
460.143 .... 1661 packets received, 7397 bps, 92.47%, Err 33 (9.0e-06)
462.380 .... 1664 packets received, 7375 bps, 92.18%, Err 34 (9.2e-06)
465.026 .... 1673 packets received, 7372 bps, 92.16%, Err 35 (9.4e-06)
468.311 .... 1684 packets received, 7369 bps, 92.11%, Err 37 (9.9e-06)
470.472 .... 1696 packets received, 7387 bps, 92.34%, Err 37 (9.8e-06)
474.003 .... 1704 packets received, 7367 bps, 92.08%, Err 38 (1.0e-05)
476.189 .... 1716 packets received, 7385 bps, 92.31%, Err 38 (1.0e-05)
478.370 .... 1724 packets received, 7385 bps, 92.31%, Err 38 (9.9e-06)
480.540 .... 1732 packets received, 7386 bps, 92.32%, Err 38 (9.9e-06)
482.727 .... 1740 packets received, 7386 bps, 92.33%, Err 38 (9.8e-06)
485.995 .... 1747 packets received, 7366 bps, 92.08%, Err 39 (1.0e-05)
487.744 ** WARNING: System too busy, sleep 15 ms, but be awakened 115 ms later
487.996 .... 1757 packets received, 7378 bps, 92.22%, Err 39 (1.0e-05)
489.873 ** WARNING: System too busy, sleep 15 ms, but be awakened 92 ms later
490.165 .... 1766 packets received, 7383 bps, 92.29%, Err 39 (9.9e-06)
492.263 .... 1774 packets received, 7385 bps, 92.31%, Err 39 (9.9e-06)
494.432 .... 1782 packets received, 7385 bps, 92.32%, Err 39 (9.9e-06)
496.601 .... 1790 packets received, 7386 bps, 92.33%, Err 39 (9.8e-06)
501.234 .... 1792 packets received, 7326 bps, 91.58%, Err 41 (1.0e-05)
503.994 .... 1808 packets received, 7351 bps, 91.89%, Err 42 (1.0e-05)
504.573 ** WARNING: System too busy, sleep 15 ms, but be awakened 107 ms later
506.129 .... 1816 packets received, 7352 bps, 91.90%, Err 42 (1.0e-05)
508.257 .... 1822 packets received, 7346 bps, 91.82%, Err 42 (1.0e-05)
510.768 .... 1826 packets received, 7326 bps, 91.57%, Err 43 (1.1e-05)
512.947 .... 1837 packets received, 7338 bps, 91.73%, Err 43 (1.0e-05)
515.134 .... 1845 packets received, 7339 bps, 91.74%, Err 43 (1.0e-05)
517.324 .... 1853 packets received, 7340 bps, 91.75%, Err 43 (1.0e-05)
519.508 .... 1861 packets received, 7340 bps, 91.75%, Err 44 (1.1e-05)
521.065 ** WARNING: System too busy, sleep 15 ms, but be awakened 73 ms later
521.696 .... 1869 packets received, 7341 bps, 91.76%, Err 44 (1.1e-05)
523.855 .... 1877 packets received, 7342 bps, 91.78%, Err 44 (1.1e-05)
526.024 .... 1885 packets received, 7343 bps, 91.79%, Err 44 (1.0e-05)
528.194 .... 1893 packets received, 7344 bps, 91.80%, Err 44 (1.0e-05)
530.393 .... 1901 packets received, 7344 bps, 91.80%, Err 44 (1.0e-05)
532.557 .... 1909 packets received, 7345 bps, 91.81%, Err 44 (1.0e-05)
534.730 .... 1912 packets received, 7327 bps, 91.58%, Err 45 (1.1e-05)
536.914 .... 1924 packets received, 7343 bps, 91.78%, Err 45 (1.0e-05)
539.087 .... 1932 packets received, 7344 bps, 91.79%, Err 45 (1.0e-05)
541.252 .... 1940 packets received, 7344 bps, 91.81%, Err 45 (1.0e-05)
543.439 .... 1948 packets received, 7345 bps, 91.81%, Err 45 (1.0e-05)
546.150 .... 1953 packets received, 7327 bps, 91.59%, Err 46 (1.1e-05)
548.335 .... 1965 packets received, 7343 bps, 91.79%, Err 46 (1.0e-05)
550.518 .... 1973 packets received, 7344 bps, 91.79%, Err 46 (1.0e-05)
552.666 .... 1981 packets received, 7345 bps, 91.81%, Err 47 (1.1e-05)
554.860 .... 1988 packets received, 7341 bps, 91.77%, Err 47 (1.1e-05)
557.024 .... 1996 packets received, 7342 bps, 91.78%, Err 47 (1.1e-05)
559.209 .... 2004 packets received, 7343 bps, 91.79%, Err 47 (1.1e-05)
561.407 .... 2012 packets received, 7343 bps, 91.79%, Err 47 (1.0e-05)
563.557 .... 2020 packets received, 7344 bps, 91.81%, Err 47 (1.0e-05)
565.739 .... 2028 packets received, 7345 bps, 91.81%, Err 47 (1.0e-05)
567.947 .... 2036 packets received, 7345 bps, 91.82%, Err 47 (1.0e-05)
568.055 ** WARNING: System too busy, sleep 15 ms, but be awakened 76 ms later
570.091 .... 2044 packets received, 7347 bps, 91.83%, Err 47 (1.0e-05)
572.257 .... 2047 packets received, 7329 bps, 91.62%, Err 48 (1.0e-05)
573.681 ** WARNING: System too busy, sleep 15 ms, but be awakened 66 ms later
574.438 .... 2059 packets received, 7344 bps, 91.80%, Err 48 (1.0e-05)
576.593 .... 2067 packets received, 7345 bps, 91.82%, Err 48 (1.0e-05)
577.693 ** WARNING: System too busy, sleep 15 ms, but be awakened 128 ms later
578.797 .... 2075 packets received, 7346 bps, 91.82%, Err 48 (1.0e-05)
580.963 .... 2083 packets received, 7346 bps, 91.83%, Err 48 (1.0e-05)
583.160 .... 2091 packets received, 7347 bps, 91.84%, Err 48 (1.0e-05)
585.316 .... 2099 packets received, 7348 bps, 91.85%, Err 48 (1.0e-05)
587.492 .... 2103 packets received, 7335 bps, 91.68%, Err 49 (1.0e-05)
589.718 .... 2114 packets received, 7345 bps, 91.81%, Err 49 (1.0e-05)
591.847 .... 2122 packets received, 7346 bps, 91.83%, Err 49 (1.0e-05)
595.390 .... 2130 packets received, 7330 bps, 91.63%, Err 50 (1.1e-05)
597.596 .... 2142 packets received, 7344 bps, 91.80%, Err 50 (1.0e-05)
599.761 .... 2150 packets received, 7345 bps, 91.81%, Err 50 (1.0e-05)
601.909 .... 2158 packets received, 7346 bps, 91.83%, Err 50 (1.0e-05)
604.103 .... 2166 packets received, 7346 bps, 91.83%, Err 50 (1.0e-05)
606.283 .... 2174 packets received, 7347 bps, 91.84%, Err 50 (1.0e-05)
608.439 .... 2177 packets received, 7331 bps, 91.64%, Err 51 (1.0e-05)
610.636 .... 2189 packets received, 7345 bps, 91.81%, Err 52 (1.1e-05)
612.720 .... 2195 packets received, 7340 bps, 91.75%, Err 52 (1.1e-05)
613.094 ** WARNING: System too busy, sleep 15 ms, but be awakened 74 ms later
615.075 .... 2200 packets received, 7329 bps, 91.61%, Err 53 (1.1e-05)
615.275 ** WARNING: System too busy, sleep 15 ms, but be awakened 114 ms later
617.272 .... 2211 packets received, 7339 bps, 91.74%, Err 53 (1.1e-05)
617.696 ** WARNING: System too busy, sleep 15 ms, but be awakened 101 ms later
619.479 .... 2219 packets received, 7339 bps, 91.74%, Err 53 (1.1e-05)
621.678 .... 2227 packets received, 7340 bps, 91.75%, Err 53 (1.1e-05)
624.150 .... 2232 packets received, 7327 bps, 91.59%, Err 55 (1.1e-05)
624.745 ** WARNING: System too busy, sleep 15 ms, but be awakened 77 ms later
626.306 .... 2242 packets received, 7335 bps, 91.68%, Err 55 (1.1e-05)
626.687 ** WARNING: System too busy, sleep 15 ms, but be awakened 67 ms later
628.520 .... 2250 packets received, 7335 bps, 91.68%, Err 55 (1.1e-05)
630.715 .... 2258 packets received, 7335 bps, 91.69%, Err 55 (1.1e-05)
632.907 .... 2266 packets received, 7336 bps, 91.70%, Err 55 (1.1e-05)
635.114 .... 2274 packets received, 7336 bps, 91.70%, Err 55 (1.1e-05)
637.276 .... 2282 packets received, 7337 bps, 91.71%, Err 55 (1.1e-05)
639.447 .... 2290 packets received, 7338 bps, 91.72%, Err 55 (1.1e-05)
639.737 ** WARNING: System too busy, sleep 15 ms, but be awakened 122 ms later
642.172 .... 2295 packets received, 7322 bps, 91.53%, Err 56 (1.1e-05)
642.742 ** WARNING: System too busy, sleep 15 ms, but be awakened 70 ms later
644.370 ** WARNING: System too busy, sleep 15 ms, but be awakened 69 ms later
644.399 .... 2307 packets received, 7335 bps, 91.69%, Err 56 (1.1e-05)
646.564 .... 2315 packets received, 7336 bps, 91.70%, Err 56 (1.1e-05)
646.933 ** WARNING: System too busy, sleep 15 ms, but be awakened 68 ms later
650.093 .... 2323 packets received, 7321 bps, 91.52%, Err 57 (1.1e-05)
652.258 .... 2335 packets received, 7335 bps, 91.68%, Err 57 (1.1e-05)
653.901 ** WARNING: System too busy, sleep 15 ms, but be awakened 74 ms later
654.409 .... 2343 packets received, 7336 bps, 91.70%, Err 57 (1.1e-05)
657.143 .... 2348 packets received, 7321 bps, 91.51%, Err 58 (1.1e-05)
659.324 .... 2360 packets received, 7334 bps, 91.67%, Err 58 (1.1e-05)
662.051 .... 2365 packets received, 7319 bps, 91.49%, Err 59 (1.1e-05)
664.225 .... 2377 packets received, 7332 bps, 91.65%, Err 59 (1.1e-05)
666.399 .... 2385 packets received, 7333 bps, 91.66%, Err 59 (1.1e-05)
668.575 .... 2393 packets received, 7333 bps, 91.67%, Err 59 (1.1e-05)
670.750 .... 2401 packets received, 7334 bps, 91.68%, Err 59 (1.1e-05)
672.929 .... 2409 packets received, 7335 bps, 91.68%, Err 59 (1.1e-05)
675.119 .... 2417 packets received, 7335 bps, 91.69%, Err 59 (1.1e-05)
677.351 .... 2425 packets received, 7335 bps, 91.69%, Err 59 (1.1e-05)
679.490 ** WARNING: System too busy, sleep 15 ms, but be awakened 102 ms later
679.556 .... 2433 packets received, 7335 bps, 91.69%, Err 59 (1.1e-05)
681.703 ** WARNING: System too busy, sleep 15 ms, but be awakened 146 ms later
681.820 .... 2441 packets received, 7335 bps, 91.69%, Err 59 (1.1e-05)
683.898 .... 2449 packets received, 7337 bps, 91.71%, Err 59 (1.1e-05)
686.067 .... 2457 packets received, 7337 bps, 91.72%, Err 59 (1.1e-05)
688.243 .... 2465 packets received, 7338 bps, 91.73%, Err 59 (1.1e-05)
690.463 .... 2473 packets received, 7338 bps, 91.73%, Err 59 (1.1e-05)
692.595 .... 2481 packets received, 7339 bps, 91.74%, Err 59 (1.1e-05)
693.849 ** WARNING: System too busy, sleep 15 ms, but be awakened 83 ms later
694.770 .... 2489 packets received, 7340 bps, 91.75%, Err 59 (1.1e-05)
696.971 .... 2497 packets received, 7340 bps, 91.75%, Err 59 (1.1e-05)
699.137 ** WARNING: System too busy, sleep 15 ms, but be awakened 112 ms later
699.296 .... 2505 packets received, 7339 bps, 91.74%, Err 59 (1.1e-05)
700.021 Quit.
