000.000 =============================================================
000.000                     Station B                               
000.000 -------------------------------------------------------------
000.000 Protocol.lib, version 4.0, jiangyanjun0718@bupt.edu.cn
000.000 Channel: 8000 bps, 270 ms propagation delay, bit error rate 1.0E-05
000.000 Log file "fB.log", TCP port 30014, debug mask 0x00
000.000 Station B is connecting station A (TCP port 30014) ... Done.
000.008 New epoch: Tue Apr 16 21:08:47 2019
000.008 =================================================================
000.008 
000.008 Designed by CJSoft, build: Apr 16 2019  11:10:40
002.466 .... 8 packets received, 7547 bps, 94.33%, Err 0 (0.0e+00)
004.631 .... 16 packets received, 7557 bps, 94.46%, Err 0 (0.0e+00)
006.798 .... 23 packets received, 7243 bps, 90.54%, Err 1 (1.8e-05)
008.976 .... 31 packets received, 7313 bps, 91.42%, Err 1 (1.4e-05)
011.134 .... 39 packets received, 7369 bps, 92.11%, Err 1 (1.1e-05)
013.311 .... 47 packets received, 7395 bps, 92.44%, Err 1 (9.4e-06)
015.489 .... 55 packets received, 7413 bps, 92.67%, Err 1 (8.1e-06)
017.637 .... 58 packets received, 6849 bps, 85.62%, Err 2 (1.4e-05)
019.847 .... 70 packets received, 7332 bps, 91.65%, Err 2 (1.3e-05)
022.020 .... 78 packets received, 7353 bps, 91.91%, Err 2 (1.1e-05)
024.191 .... 81 packets received, 6942 bps, 86.78%, Err 3 (1.6e-05)
026.348 .... 93 packets received, 7311 bps, 91.38%, Err 3 (1.4e-05)
028.561 .... 101 packets received, 7318 bps, 91.47%, Err 3 (1.3e-05)
030.734 .... 109 packets received, 7334 bps, 91.67%, Err 3 (1.2e-05)
033.960 .... 115 packets received, 6996 bps, 87.45%, Err 5 (1.8e-05)
036.144 .... 127 packets received, 7255 bps, 90.69%, Err 5 (1.7e-05)
038.312 .... 135 packets received, 7273 bps, 90.91%, Err 5 (1.6e-05)
040.491 .... 143 packets received, 7286 bps, 91.07%, Err 5 (1.5e-05)
042.681 .... 151 packets received, 7296 bps, 91.20%, Err 5 (1.5e-05)
044.851 .... 159 packets received, 7308 bps, 91.35%, Err 5 (1.4e-05)
047.022 .... 167 packets received, 7319 bps, 91.49%, Err 5 (1.3e-05)
049.174 .... 175 packets received, 7332 bps, 91.65%, Err 5 (1.3e-05)
051.348 .... 183 packets received, 7341 bps, 91.76%, Err 5 (1.2e-05)
053.543 .... 191 packets received, 7346 bps, 91.83%, Err 5 (1.2e-05)
055.717 .... 199 packets received, 7354 bps, 91.92%, Err 5 (1.1e-05)
057.895 .... 207 packets received, 7360 bps, 92.00%, Err 6 (1.3e-05)
060.050 .... 214 packets received, 7334 bps, 91.68%, Err 6 (1.2e-05)
062.224 .... 222 packets received, 7342 bps, 91.77%, Err 6 (1.2e-05)
064.390 .... 230 packets received, 7349 bps, 91.86%, Err 6 (1.2e-05)
067.382 .... 236 packets received, 7204 bps, 90.06%, Err 7 (1.3e-05)
069.576 .... 248 packets received, 7331 bps, 91.64%, Err 7 (1.3e-05)
071.761 .... 256 packets received, 7336 bps, 91.70%, Err 7 (1.2e-05)
073.931 .... 264 packets received, 7342 bps, 91.78%, Err 7 (1.2e-05)
076.104 .... 272 packets received, 7348 bps, 91.85%, Err 7 (1.2e-05)
078.284 .... 280 packets received, 7353 bps, 91.91%, Err 7 (1.1e-05)
080.434 .... 288 packets received, 7360 bps, 92.00%, Err 7 (1.1e-05)
082.615 .... 296 packets received, 7364 bps, 92.05%, Err 7 (1.1e-05)
084.798 .... 304 packets received, 7368 bps, 92.10%, Err 7 (1.0e-05)
086.984 .... 312 packets received, 7371 bps, 92.14%, Err 7 (1.0e-05)
089.173 .... 320 packets received, 7374 bps, 92.17%, Err 7 (9.8e-06)
091.338 .... 328 packets received, 7378 bps, 92.23%, Err 7 (9.6e-06)
093.505 .... 336 packets received, 7383 bps, 92.28%, Err 7 (9.4e-06)
095.695 .... 344 packets received, 7385 bps, 92.31%, Err 7 (9.1e-06)
097.856 .... 352 packets received, 7389 bps, 92.36%, Err 7 (8.9e-06)
100.031 .... 360 packets received, 7392 bps, 92.40%, Err 7 (8.7e-06)
102.218 .... 363 packets received, 7294 bps, 91.17%, Err 8 (9.8e-06)
104.391 .... 375 packets received, 7378 bps, 92.22%, Err 8 (9.6e-06)
106.570 .... 383 packets received, 7381 bps, 92.26%, Err 8 (9.4e-06)
108.740 .... 391 packets received, 7384 bps, 92.30%, Err 8 (9.2e-06)
110.930 .... 399 packets received, 7386 bps, 92.33%, Err 8 (9.0e-06)
113.074 .... 407 packets received, 7391 bps, 92.39%, Err 8 (8.8e-06)
115.279 .... 415 packets received, 7392 bps, 92.40%, Err 8 (8.7e-06)
117.439 .... 423 packets received, 7395 bps, 92.44%, Err 8 (8.5e-06)
119.614 .... 431 packets received, 7398 bps, 92.47%, Err 8 (8.4e-06)
121.787 .... 439 packets received, 7400 bps, 92.50%, Err 9 (9.2e-06)
123.972 .... 447 packets received, 7402 bps, 92.52%, Err 9 (9.1e-06)
126.142 .... 455 packets received, 7405 bps, 92.56%, Err 9 (8.9e-06)
128.316 .... 463 packets received, 7407 bps, 92.58%, Err 10 (9.7e-06)
130.490 .... 471 packets received, 7409 bps, 92.61%, Err 10 (9.6e-06)
133.192 .... 476 packets received, 7335 bps, 91.69%, Err 11 (1.0e-05)
135.366 .... 488 packets received, 7399 bps, 92.49%, Err 11 (1.0e-05)
137.565 .... 496 packets received, 7400 bps, 92.50%, Err 11 (1.0e-05)
139.701 .... 503 packets received, 7390 bps, 92.37%, Err 12 (1.1e-05)
143.225 .... 511 packets received, 7322 bps, 91.52%, Err 13 (1.1e-05)
145.413 .... 523 packets received, 7381 bps, 92.26%, Err 13 (1.1e-05)
147.575 .... 531 packets received, 7384 bps, 92.30%, Err 13 (1.1e-05)
149.774 .... 539 packets received, 7385 bps, 92.31%, Err 13 (1.1e-05)
151.944 .... 547 packets received, 7387 bps, 92.34%, Err 13 (1.1e-05)
154.131 .... 555 packets received, 7389 bps, 92.36%, Err 13 (1.1e-05)
156.569 .... 559 packets received, 7326 bps, 91.57%, Err 14 (1.1e-05)
158.742 .... 571 packets received, 7380 bps, 92.26%, Err 14 (1.1e-05)
160.918 .... 579 packets received, 7382 bps, 92.28%, Err 14 (1.1e-05)
163.112 .... 587 packets received, 7384 bps, 92.30%, Err 14 (1.1e-05)
165.286 .... 595 packets received, 7386 bps, 92.32%, Err 14 (1.1e-05)
167.457 .... 603 packets received, 7388 bps, 92.35%, Err 14 (1.0e-05)
169.647 .... 611 packets received, 7389 bps, 92.36%, Err 15 (1.1e-05)
171.787 .... 618 packets received, 7380 bps, 92.25%, Err 15 (1.1e-05)
175.066 .... 625 packets received, 7324 bps, 91.55%, Err 16 (1.1e-05)
177.251 .... 637 packets received, 7372 bps, 92.15%, Err 16 (1.1e-05)
179.410 .... 645 packets received, 7375 bps, 92.19%, Err 16 (1.1e-05)
181.598 .... 653 packets received, 7376 bps, 92.20%, Err 16 (1.1e-05)
183.772 .... 661 packets received, 7378 bps, 92.23%, Err 16 (1.1e-05)
185.940 .... 664 packets received, 7325 bps, 91.56%, Err 17 (1.1e-05)
188.108 .... 676 packets received, 7371 bps, 92.14%, Err 17 (1.1e-05)
190.285 .... 684 packets received, 7373 bps, 92.16%, Err 17 (1.1e-05)
192.475 .... 692 packets received, 7374 bps, 92.18%, Err 17 (1.1e-05)
194.647 .... 700 packets received, 7376 bps, 92.20%, Err 17 (1.1e-05)
197.639 .... 706 packets received, 7327 bps, 91.59%, Err 18 (1.1e-05)
199.798 .... 718 packets received, 7371 bps, 92.13%, Err 18 (1.1e-05)
201.991 .... 726 packets received, 7372 bps, 92.15%, Err 18 (1.1e-05)
204.148 .... 734 packets received, 7374 bps, 92.18%, Err 18 (1.1e-05)
206.341 .... 742 packets received, 7375 bps, 92.19%, Err 18 (1.1e-05)
208.491 .... 750 packets received, 7378 bps, 92.22%, Err 18 (1.1e-05)
210.679 .... 758 packets received, 7379 bps, 92.24%, Err 18 (1.1e-05)
212.875 .... 766 packets received, 7380 bps, 92.25%, Err 18 (1.1e-05)
215.037 .... 774 packets received, 7382 bps, 92.27%, Err 18 (1.0e-05)
217.215 .... 782 packets received, 7383 bps, 92.29%, Err 18 (1.0e-05)
220.494 .... 789 packets received, 7338 bps, 91.73%, Err 19 (1.1e-05)
223.210 .... 798 packets received, 7332 bps, 91.64%, Err 20 (1.1e-05)
225.377 .... 810 packets received, 7370 bps, 92.13%, Err 20 (1.1e-05)
227.550 .... 818 packets received, 7372 bps, 92.15%, Err 20 (1.1e-05)
229.725 .... 826 packets received, 7373 bps, 92.17%, Err 20 (1.1e-05)
231.908 .... 834 packets received, 7375 bps, 92.18%, Err 20 (1.1e-05)
234.070 .... 842 packets received, 7376 bps, 92.20%, Err 20 (1.1e-05)
236.781 .... 848 packets received, 7344 bps, 91.80%, Err 21 (1.1e-05)
238.965 .... 859 packets received, 7371 bps, 92.14%, Err 21 (1.1e-05)
241.152 .... 867 packets received, 7372 bps, 92.15%, Err 21 (1.1e-05)
243.332 .... 875 packets received, 7373 bps, 92.17%, Err 21 (1.1e-05)
245.506 .... 883 packets received, 7375 bps, 92.19%, Err 21 (1.1e-05)
249.036 .... 891 packets received, 7336 bps, 91.70%, Err 22 (1.1e-05)
251.194 .... 903 packets received, 7371 bps, 92.14%, Err 22 (1.1e-05)
253.376 .... 911 packets received, 7372 bps, 92.15%, Err 22 (1.1e-05)
255.545 .... 919 packets received, 7374 bps, 92.17%, Err 22 (1.1e-05)
257.737 .... 927 packets received, 7374 bps, 92.18%, Err 22 (1.1e-05)
259.897 .... 935 packets received, 7376 bps, 92.20%, Err 22 (1.1e-05)
262.087 .... 943 packets received, 7377 bps, 92.21%, Err 22 (1.0e-05)
264.256 .... 951 packets received, 7379 bps, 92.23%, Err 22 (1.0e-05)
266.428 .... 959 packets received, 7380 bps, 92.25%, Err 22 (1.0e-05)
268.596 .... 967 packets received, 7381 bps, 92.27%, Err 22 (1.0e-05)
270.779 .... 975 packets received, 7382 bps, 92.28%, Err 22 (1.0e-05)
272.954 .... 983 packets received, 7384 bps, 92.29%, Err 22 (1.0e-05)
275.120 .... 991 packets received, 7385 bps, 92.31%, Err 22 (1.0e-05)
277.312 .... 999 packets received, 7386 bps, 92.32%, Err 22 (9.9e-06)
279.491 .... 1007 packets received, 7387 bps, 92.33%, Err 22 (9.8e-06)
281.667 .... 1010 packets received, 7351 bps, 91.89%, Err 23 (1.0e-05)
283.838 .... 1022 packets received, 7382 bps, 92.27%, Err 23 (1.0e-05)
286.273 .... 1026 packets received, 7348 bps, 91.84%, Err 24 (1.0e-05)
288.441 .... 1038 packets received, 7378 bps, 92.22%, Err 24 (1.0e-05)
290.631 .... 1046 packets received, 7378 bps, 92.23%, Err 24 (1.0e-05)
292.828 .... 1054 packets received, 7379 bps, 92.24%, Err 24 (1.0e-05)
294.968 .... 1062 packets received, 7381 bps, 92.26%, Err 24 (1.0e-05)
297.154 .... 1070 packets received, 7382 bps, 92.27%, Err 24 (1.0e-05)
299.322 .... 1078 packets received, 7383 bps, 92.29%, Err 24 (1.0e-05)
301.501 .... 1086 packets received, 7384 bps, 92.30%, Err 24 (1.0e-05)
305.038 .... 1094 packets received, 7352 bps, 91.90%, Err 25 (1.0e-05)
307.211 .... 1106 packets received, 7380 bps, 92.25%, Err 25 (1.0e-05)
309.384 .... 1114 packets received, 7381 bps, 92.27%, Err 25 (1.0e-05)
311.569 .... 1122 packets received, 7382 bps, 92.28%, Err 25 (1.0e-05)
313.744 .... 1130 packets received, 7383 bps, 92.29%, Err 25 (1.0e-05)
315.911 .... 1138 packets received, 7384 bps, 92.30%, Err 25 (9.9e-06)
318.093 .... 1146 packets received, 7385 bps, 92.32%, Err 25 (9.8e-06)
320.251 .... 1154 packets received, 7387 bps, 92.33%, Err 25 (9.8e-06)
322.425 .... 1162 packets received, 7388 bps, 92.35%, Err 25 (9.7e-06)
324.591 .... 1170 packets received, 7389 bps, 92.36%, Err 25 (9.6e-06)
326.776 .... 1178 packets received, 7390 bps, 92.37%, Err 25 (9.6e-06)
328.968 .... 1186 packets received, 7390 bps, 92.38%, Err 25 (9.5e-06)
331.141 .... 1194 packets received, 7391 bps, 92.39%, Err 25 (9.4e-06)
333.322 .... 1202 packets received, 7392 bps, 92.40%, Err 25 (9.4e-06)
335.480 .... 1210 packets received, 7393 bps, 92.41%, Err 25 (9.3e-06)
337.663 .... 1218 packets received, 7394 bps, 92.42%, Err 25 (9.3e-06)
339.841 .... 1226 packets received, 7395 bps, 92.43%, Err 25 (9.2e-06)
342.014 .... 1234 packets received, 7396 bps, 92.45%, Err 25 (9.1e-06)
344.202 .... 1242 packets received, 7396 bps, 92.45%, Err 25 (9.1e-06)
346.359 .... 1250 packets received, 7397 bps, 92.47%, Err 26 (9.4e-06)
348.538 .... 1257 packets received, 7392 bps, 92.40%, Err 26 (9.3e-06)
350.716 .... 1260 packets received, 7364 bps, 92.05%, Err 27 (9.6e-06)
352.930 .... 1272 packets received, 7387 bps, 92.34%, Err 27 (9.6e-06)
355.088 .... 1280 packets received, 7389 bps, 92.36%, Err 27 (9.5e-06)
357.266 .... 1288 packets received, 7389 bps, 92.37%, Err 27 (9.4e-06)
359.444 .... 1296 packets received, 7390 bps, 92.38%, Err 27 (9.4e-06)
361.619 .... 1304 packets received, 7391 bps, 92.39%, Err 27 (9.3e-06)
363.802 .... 1312 packets received, 7392 bps, 92.40%, Err 27 (9.3e-06)
365.950 .... 1320 packets received, 7393 bps, 92.41%, Err 27 (9.2e-06)
368.131 .... 1327 packets received, 7388 bps, 92.35%, Err 28 (9.5e-06)
370.304 .... 1335 packets received, 7389 bps, 92.37%, Err 28 (9.5e-06)
372.510 .... 1343 packets received, 7389 bps, 92.37%, Err 28 (9.4e-06)
374.675 .... 1350 packets received, 7385 bps, 92.31%, Err 29 (9.7e-06)
377.665 .... 1356 packets received, 7359 bps, 91.99%, Err 31 (1.0e-05)
379.846 .... 1367 packets received, 7376 bps, 92.20%, Err 31 (1.0e-05)
382.009 .... 1375 packets received, 7377 bps, 92.22%, Err 31 (1.0e-05)
384.178 .... 1382 packets received, 7373 bps, 92.16%, Err 32 (1.0e-05)
386.365 .... 1390 packets received, 7374 bps, 92.17%, Err 32 (1.0e-05)
388.527 .... 1398 packets received, 7375 bps, 92.18%, Err 32 (1.0e-05)
391.532 .... 1404 packets received, 7349 bps, 91.87%, Err 33 (1.1e-05)
393.736 .... 1416 packets received, 7371 bps, 92.13%, Err 33 (1.0e-05)
396.416 .... 1421 packets received, 7347 bps, 91.83%, Err 34 (1.1e-05)
398.601 .... 1433 packets received, 7368 bps, 92.10%, Err 34 (1.1e-05)
400.786 .... 1441 packets received, 7369 bps, 92.11%, Err 34 (1.1e-05)
401.727 ** WARNING: System too busy, sleep 15 ms, but be awakened 109 ms later
402.927 .... 1449 packets received, 7370 bps, 92.13%, Err 34 (1.1e-05)
405.117 .... 1457 packets received, 7371 bps, 92.14%, Err 34 (1.0e-05)
407.304 .... 1465 packets received, 7372 bps, 92.15%, Err 34 (1.0e-05)
410.006 .... 1470 packets received, 7348 bps, 91.85%, Err 35 (1.1e-05)
412.183 .... 1482 packets received, 7369 bps, 92.11%, Err 35 (1.1e-05)
412.684 ** WARNING: System too busy, sleep 15 ms, but be awakened 67 ms later
414.345 .... 1490 packets received, 7370 bps, 92.12%, Err 35 (1.1e-05)
416.563 .... 1498 packets received, 7370 bps, 92.13%, Err 35 (1.1e-05)
418.722 .... 1505 packets received, 7366 bps, 92.08%, Err 36 (1.1e-05)
420.893 .... 1513 packets received, 7367 bps, 92.09%, Err 36 (1.1e-05)
423.053 .... 1521 packets received, 7368 bps, 92.10%, Err 36 (1.1e-05)
425.241 .... 1529 packets received, 7369 bps, 92.11%, Err 36 (1.1e-05)
427.426 .... 1537 packets received, 7370 bps, 92.12%, Err 36 (1.1e-05)
429.596 .... 1545 packets received, 7370 bps, 92.13%, Err 36 (1.0e-05)
432.044 .... 1549 packets received, 7348 bps, 91.85%, Err 37 (1.1e-05)
435.305 .... 1560 packets received, 7344 bps, 91.80%, Err 38 (1.1e-05)
437.491 .... 1572 packets received, 7364 bps, 92.05%, Err 38 (1.1e-05)
439.683 .... 1580 packets received, 7364 bps, 92.06%, Err 38 (1.1e-05)
441.843 .... 1588 packets received, 7366 bps, 92.07%, Err 38 (1.1e-05)
444.031 .... 1596 packets received, 7366 bps, 92.08%, Err 38 (1.1e-05)
446.209 .... 1604 packets received, 7367 bps, 92.09%, Err 38 (1.1e-05)
448.370 .... 1612 packets received, 7368 bps, 92.10%, Err 38 (1.1e-05)
450.558 .... 1619 packets received, 7364 bps, 92.05%, Err 39 (1.1e-05)
452.760 .... 1625 packets received, 7355 bps, 91.94%, Err 39 (1.1e-05)
454.911 .... 1631 packets received, 7347 bps, 91.84%, Err 39 (1.1e-05)
455.612 ** WARNING: System too busy, sleep 15 ms, but be awakened 80 ms later
457.428 ** WARNING: System too busy, sleep 15 ms, but be awakened 112 ms later
457.520 .... 1638 packets received, 7337 bps, 91.71%, Err 39 (1.1e-05)
459.612 .... 1645 packets received, 7335 bps, 91.68%, Err 39 (1.1e-05)
461.806 .... 1651 packets received, 7326 bps, 91.58%, Err 39 (1.1e-05)
464.228 .... 1658 packets received, 7319 bps, 91.49%, Err 39 (1.1e-05)
466.406 .... 1665 packets received, 7316 bps, 91.45%, Err 39 (1.0e-05)
468.576 .... 1671 packets received, 7308 bps, 91.35%, Err 39 (1.0e-05)
470.756 .... 1677 packets received, 7300 bps, 91.25%, Err 39 (1.0e-05)
473.459 .... 1681 packets received, 7276 bps, 90.95%, Err 40 (1.1e-05)
475.681 .... 1692 packets received, 7289 bps, 91.12%, Err 40 (1.1e-05)
477.855 .... 1700 packets received, 7290 bps, 91.13%, Err 40 (1.0e-05)
479.990 .... 1708 packets received, 7292 bps, 91.15%, Err 40 (1.0e-05)
482.192 .... 1716 packets received, 7293 bps, 91.16%, Err 40 (1.0e-05)
484.356 .... 1724 packets received, 7294 bps, 91.18%, Err 40 (1.0e-05)
486.530 .... 1732 packets received, 7295 bps, 91.19%, Err 40 (1.0e-05)
487.744 ** WARNING: System too busy, sleep 15 ms, but be awakened 119 ms later
488.768 .... 1740 packets received, 7295 bps, 91.19%, Err 40 (1.0e-05)
489.873 ** WARNING: System too busy, sleep 15 ms, but be awakened 92 ms later
490.773 .... 1747 packets received, 7295 bps, 91.18%, Err 40 (1.0e-05)
492.931 .... 1755 packets received, 7296 bps, 91.20%, Err 40 (1.0e-05)
495.111 .... 1763 packets received, 7297 bps, 91.21%, Err 40 (1.0e-05)
497.290 .... 1771 packets received, 7298 bps, 91.22%, Err 40 (1.0e-05)
499.468 .... 1779 packets received, 7299 bps, 91.24%, Err 40 (1.0e-05)
501.945 .... 1783 packets received, 7279 bps, 90.99%, Err 41 (1.0e-05)
503.373 ** WARNING: System too busy, sleep 15 ms, but be awakened 106 ms later
504.007 .... 1793 packets received, 7290 bps, 91.13%, Err 41 (1.0e-05)
506.068 .... 1802 packets received, 7297 bps, 91.21%, Err 41 (1.0e-05)
508.258 .... 1810 packets received, 7298 bps, 91.22%, Err 41 (1.0e-05)
509.677 ** WARNING: System too busy, sleep 15 ms, but be awakened 103 ms later
511.085 .... 1816 packets received, 7281 bps, 91.02%, Err 42 (1.0e-05)
513.229 .... 1827 packets received, 7295 bps, 91.18%, Err 42 (1.0e-05)
515.416 .... 1835 packets received, 7296 bps, 91.19%, Err 42 (1.0e-05)
517.593 .... 1843 packets received, 7296 bps, 91.21%, Err 42 (1.0e-05)
519.757 .... 1851 packets received, 7298 bps, 91.22%, Err 42 (1.0e-05)
521.068 ** WARNING: System too busy, sleep 15 ms, but be awakened 67 ms later
521.957 .... 1859 packets received, 7298 bps, 91.23%, Err 42 (1.0e-05)
524.134 .... 1867 packets received, 7299 bps, 91.24%, Err 42 (1.0e-05)
526.301 .... 1875 packets received, 7300 bps, 91.25%, Err 42 (1.0e-05)
528.458 .... 1883 packets received, 7302 bps, 91.27%, Err 42 (9.9e-06)
530.658 .... 1891 packets received, 7302 bps, 91.28%, Err 42 (9.9e-06)
532.876 .... 1899 packets received, 7302 bps, 91.28%, Err 42 (9.9e-06)
534.997 .... 1907 packets received, 7304 bps, 91.30%, Err 42 (9.8e-06)
537.164 .... 1915 packets received, 7305 bps, 91.31%, Err 42 (9.8e-06)
539.354 .... 1923 packets received, 7306 bps, 91.32%, Err 42 (9.7e-06)
542.910 .... 1931 packets received, 7288 bps, 91.10%, Err 43 (9.9e-06)
545.338 .... 1939 packets received, 7286 bps, 91.07%, Err 44 (1.0e-05)
547.523 .... 1951 packets received, 7302 bps, 91.27%, Err 44 (1.0e-05)
549.708 .... 1959 packets received, 7302 bps, 91.28%, Err 44 (1.0e-05)
551.862 .... 1966 packets received, 7300 bps, 91.25%, Err 45 (1.0e-05)
554.031 .... 1974 packets received, 7301 bps, 91.26%, Err 45 (1.0e-05)
556.207 .... 1982 packets received, 7302 bps, 91.27%, Err 45 (1.0e-05)
558.395 .... 1990 packets received, 7302 bps, 91.28%, Err 45 (1.0e-05)
561.916 .... 1998 packets received, 7286 bps, 91.07%, Err 46 (1.0e-05)
564.110 .... 2010 packets received, 7301 bps, 91.26%, Err 46 (1.0e-05)
566.299 .... 2018 packets received, 7302 bps, 91.27%, Err 46 (1.0e-05)
568.053 ** WARNING: System too busy, sleep 15 ms, but be awakened 76 ms later
568.453 .... 2026 packets received, 7303 bps, 91.29%, Err 46 (1.0e-05)
570.656 .... 2034 packets received, 7304 bps, 91.29%, Err 46 (1.0e-05)
572.814 .... 2042 packets received, 7305 bps, 91.31%, Err 46 (1.0e-05)
573.765 ** WARNING: System too busy, sleep 15 ms, but be awakened 68 ms later
574.997 .... 2050 packets received, 7305 bps, 91.32%, Err 46 (1.0e-05)
577.153 .... 2058 packets received, 7306 bps, 91.33%, Err 47 (1.0e-05)
577.693 ** WARNING: System too busy, sleep 15 ms, but be awakened 127 ms later
579.336 .... 2066 packets received, 7307 bps, 91.34%, Err 47 (1.0e-05)
581.508 .... 2074 packets received, 7308 bps, 91.35%, Err 47 (1.0e-05)
583.720 .... 2082 packets received, 7308 bps, 91.36%, Err 47 (1.0e-05)
585.913 .... 2090 packets received, 7309 bps, 91.36%, Err 47 (1.0e-05)
588.039 .... 2098 packets received, 7311 bps, 91.38%, Err 47 (1.0e-05)
590.225 .... 2106 packets received, 7311 bps, 91.39%, Err 47 (1.0e-05)
592.399 .... 2114 packets received, 7312 bps, 91.40%, Err 47 (9.9e-06)
594.570 .... 2122 packets received, 7313 bps, 91.41%, Err 47 (9.9e-06)
596.765 .... 2130 packets received, 7313 bps, 91.42%, Err 47 (9.9e-06)
598.941 .... 2138 packets received, 7314 bps, 91.43%, Err 48 (1.0e-05)
601.108 .... 2145 packets received, 7312 bps, 91.40%, Err 48 (1.0e-05)
603.272 .... 2153 packets received, 7313 bps, 91.41%, Err 48 (1.0e-05)
605.472 .... 2161 packets received, 7313 bps, 91.41%, Err 49 (1.0e-05)
607.637 .... 2168 packets received, 7311 bps, 91.38%, Err 49 (1.0e-05)
609.814 .... 2176 packets received, 7311 bps, 91.39%, Err 49 (1.0e-05)
611.987 .... 2184 packets received, 7312 bps, 91.40%, Err 49 (1.0e-05)
612.602 ** WARNING: System too busy, sleep 15 ms, but be awakened 95 ms later
614.759 .... 2190 packets received, 7299 bps, 91.24%, Err 50 (1.0e-05)
615.274 ** WARNING: System too busy, sleep 15 ms, but be awakened 116 ms later
616.959 .... 2200 packets received, 7306 bps, 91.33%, Err 51 (1.0e-05)
619.369 .... 2207 packets received, 7301 bps, 91.26%, Err 51 (1.0e-05)
621.541 .... 2213 packets received, 7295 bps, 91.19%, Err 51 (1.0e-05)
622.269 ** WARNING: System too busy, sleep 15 ms, but be awakened 67 ms later
623.751 .... 2219 packets received, 7289 bps, 91.12%, Err 51 (1.0e-05)
625.872 .... 2225 packets received, 7284 bps, 91.05%, Err 51 (1.0e-05)
626.685 ** WARNING: System too busy, sleep 15 ms, but be awakened 66 ms later
627.893 .... 2230 packets received, 7277 bps, 90.96%, Err 51 (1.0e-05)
630.005 .... 2237 packets received, 7275 bps, 90.94%, Err 51 (1.0e-05)
632.412 .... 2241 packets received, 7261 bps, 90.76%, Err 52 (1.0e-05)
634.613 .... 2251 packets received, 7268 bps, 90.85%, Err 52 (1.0e-05)
636.771 .... 2259 packets received, 7269 bps, 90.86%, Err 52 (1.0e-05)
638.963 .... 2267 packets received, 7270 bps, 90.87%, Err 52 (1.0e-05)
639.739 ** WARNING: System too busy, sleep 15 ms, but be awakened 119 ms later
641.092 .... 2275 packets received, 7271 bps, 90.89%, Err 52 (1.0e-05)
643.269 .... 2283 packets received, 7272 bps, 90.90%, Err 52 (1.0e-05)
649.280 .... 2290 packets received, 7227 bps, 90.33%, Err 55 (1.1e-05)
651.471 .... 2306 packets received, 7253 bps, 90.66%, Err 55 (1.1e-05)
653.895 ** WARNING: System too busy, sleep 15 ms, but be awakened 68 ms later
654.210 .... 2310 packets received, 7235 bps, 90.43%, Err 56 (1.1e-05)
656.330 .... 2321 packets received, 7246 bps, 90.57%, Err 56 (1.1e-05)
658.507 .... 2329 packets received, 7247 bps, 90.58%, Err 56 (1.1e-05)
660.697 .... 2337 packets received, 7247 bps, 90.59%, Err 56 (1.1e-05)
662.867 .... 2345 packets received, 7248 bps, 90.60%, Err 56 (1.1e-05)
665.033 .... 2353 packets received, 7249 bps, 90.62%, Err 56 (1.1e-05)
667.221 .... 2361 packets received, 7250 bps, 90.63%, Err 56 (1.1e-05)
670.202 .... 2367 packets received, 7236 bps, 90.45%, Err 57 (1.1e-05)
672.381 .... 2379 packets received, 7249 bps, 90.62%, Err 57 (1.1e-05)
674.554 .... 2387 packets received, 7250 bps, 90.63%, Err 57 (1.1e-05)
676.755 .... 2395 packets received, 7251 bps, 90.64%, Err 57 (1.1e-05)
677.150 ** WARNING: System too busy, sleep 15 ms, but be awakened 83 ms later
678.931 .... 2403 packets received, 7252 bps, 90.65%, Err 58 (1.1e-05)
679.488 ** WARNING: System too busy, sleep 15 ms, but be awakened 103 ms later
681.120 .... 2410 packets received, 7250 bps, 90.62%, Err 58 (1.1e-05)
681.701 ** WARNING: System too busy, sleep 15 ms, but be awakened 146 ms later
683.350 .... 2418 packets received, 7250 bps, 90.62%, Err 58 (1.1e-05)
685.534 .... 2426 packets received, 7251 bps, 90.63%, Err 58 (1.1e-05)
687.687 .... 2434 packets received, 7252 bps, 90.65%, Err 58 (1.1e-05)
689.879 .... 2442 packets received, 7253 bps, 90.66%, Err 58 (1.1e-05)
692.077 .... 2450 packets received, 7253 bps, 90.66%, Err 58 (1.0e-05)
693.850 ** WARNING: System too busy, sleep 15 ms, but be awakened 79 ms later
694.237 .... 2458 packets received, 7254 bps, 90.68%, Err 58 (1.0e-05)
696.410 .... 2466 packets received, 7255 bps, 90.69%, Err 58 (1.0e-05)
698.597 .... 2474 packets received, 7256 bps, 90.70%, Err 58 (1.0e-05)
699.124 ** WARNING: System too busy, sleep 15 ms, but be awakened 105 ms later
700.022 Quit.
