000.000 =============================================================
000.000                     Station A                               
000.000 -------------------------------------------------------------
000.000 Protocol.lib, version 4.0, jiangyanjun0718@bupt.edu.cn
000.000 Channel: 8000 bps, 270 ms propagation delay, bit error rate 1.0E-04
000.000 Log file "fbA.log", TCP port 30015, debug mask 0x00
000.000 Station A is waiting for station B on TCP port 30015 ... Done.
000.030 New epoch: Tue Apr 16 21:08:47 2019
000.030 =================================================================
000.030 
000.030 Designed by CJSoft, build: Apr 16 2019  11:10:40
006.501 .... 7 packets received, 2309 bps, 28.87%, Err 9 (1.7e-04)
009.476 .... 15 packets received, 3345 bps, 41.82%, Err 10 (1.3e-04)
011.637 .... 23 packets received, 4152 bps, 51.90%, Err 12 (1.3e-04)
014.897 .... 30 packets received, 4207 bps, 52.59%, Err 14 (1.2e-04)
018.112 .... 39 packets received, 4482 bps, 56.03%, Err 15 (1.0e-04)
021.126 .... 49 packets received, 4817 bps, 60.21%, Err 16 (9.5e-05)
023.267 .... 56 packets received, 4992 bps, 62.40%, Err 19 (1.0e-04)
026.474 .... 61 packets received, 4772 bps, 59.65%, Err 23 (1.1e-04)
029.187 .... 63 packets received, 4465 bps, 55.82%, Err 25 (1.1e-04)
031.880 .... 67 packets received, 4344 bps, 54.30%, Err 28 (1.1e-04)
035.938 .... 74 packets received, 4252 bps, 53.15%, Err 34 (1.2e-04)
039.432 .... 87 packets received, 4552 bps, 56.90%, Err 35 (1.1e-04)
041.632 .... 96 packets received, 4756 bps, 59.45%, Err 35 (1.1e-04)
047.301 .... 102 packets received, 4444 bps, 55.55%, Err 41 (1.1e-04)
050.288 .... 112 packets received, 4588 bps, 57.35%, Err 42 (1.0e-04)
052.442 .... 124 packets received, 4870 bps, 60.87%, Err 44 (1.0e-04)
055.702 .... 128 packets received, 4731 bps, 59.14%, Err 45 (1.0e-04)
057.853 .... 140 packets received, 4981 bps, 62.27%, Err 46 (9.9e-05)
060.568 .... 145 packets received, 4927 bps, 61.58%, Err 49 (1.0e-04)
063.828 .... 154 packets received, 4964 bps, 62.05%, Err 51 (1.0e-04)
068.726 .... 162 packets received, 4848 bps, 60.60%, Err 58 (1.1e-04)
071.917 .... 172 packets received, 4918 bps, 61.48%, Err 60 (1.0e-04)
074.912 .... 175 packets received, 4803 bps, 60.04%, Err 62 (1.0e-04)
078.163 .... 181 packets received, 4760 bps, 59.50%, Err 62 (9.9e-05)
080.593 .... 197 packets received, 5024 bps, 62.80%, Err 63 (9.8e-05)
083.836 .... 201 packets received, 4927 bps, 61.59%, Err 65 (9.7e-05)
087.332 .... 208 packets received, 4894 bps, 61.18%, Err 69 (9.9e-05)
090.049 .... 212 packets received, 4837 bps, 60.47%, Err 71 (9.9e-05)
093.048 .... 219 packets received, 4835 bps, 60.44%, Err 74 (9.9e-05)
095.207 .... 230 packets received, 4963 bps, 62.04%, Err 74 (9.7e-05)
097.377 .... 238 packets received, 5021 bps, 62.76%, Err 75 (9.6e-05)
102.258 .... 241 packets received, 4841 bps, 60.51%, Err 82 (1.0e-04)
104.953 .... 245 packets received, 4794 bps, 59.93%, Err 84 (1.0e-04)
107.631 .... 253 packets received, 4827 bps, 60.34%, Err 87 (1.0e-04)
110.888 .... 256 packets received, 4741 bps, 59.26%, Err 89 (1.0e-04)
113.324 .... 269 packets received, 4874 bps, 60.92%, Err 90 (9.9e-05)
115.756 .... 276 packets received, 4895 bps, 61.19%, Err 90 (9.7e-05)
118.998 .... 281 packets received, 4848 bps, 60.60%, Err 92 (9.7e-05)
121.162 .... 293 packets received, 4965 bps, 62.06%, Err 92 (9.5e-05)
126.062 .... 296 packets received, 4820 bps, 60.25%, Err 102 (1.0e-04)
129.570 .... 299 packets received, 4737 bps, 59.21%, Err 108 (1.0e-04)
132.805 .... 302 packets received, 4667 bps, 58.34%, Err 108 (1.0e-04)
135.536 .... 306 packets received, 4634 bps, 57.92%, Err 111 (1.0e-04)
137.712 .... 324 packets received, 4829 bps, 60.36%, Err 112 (1.0e-04)
140.935 .... 328 packets received, 4776 bps, 59.70%, Err 114 (1.0e-04)
145.800 .... 337 packets received, 4743 bps, 59.29%, Err 118 (1.0e-04)
147.982 .... 351 packets received, 4867 bps, 60.84%, Err 121 (1.0e-04)
151.224 .... 354 packets received, 4803 bps, 60.04%, Err 124 (1.0e-04)
153.409 .... 368 packets received, 4922 bps, 61.53%, Err 124 (1.0e-04)
156.394 .... 373 packets received, 4894 bps, 61.17%, Err 127 (1.0e-04)
159.379 .... 378 packets received, 4866 bps, 60.83%, Err 130 (1.0e-04)
162.344 .... 385 packets received, 4866 bps, 60.82%, Err 131 (1.0e-04)
164.521 .... 400 packets received, 4988 bps, 62.35%, Err 131 (1.0e-04)
170.746 .... 408 packets received, 4902 bps, 61.28%, Err 136 (1.0e-04)
173.975 .... 415 packets received, 4894 bps, 61.17%, Err 136 (9.8e-05)
180.209 .... 425 packets received, 4838 bps, 60.47%, Err 147 (1.0e-04)
183.709 .... 434 packets received, 4846 bps, 60.57%, Err 150 (1.0e-04)
188.087 .... 435 packets received, 4744 bps, 59.30%, Err 155 (1.0e-04)
191.345 .... 438 packets received, 4695 bps, 58.69%, Err 159 (1.0e-04)
194.066 .... 445 packets received, 4703 bps, 58.79%, Err 160 (1.0e-04)
197.040 .... 452 packets received, 4705 bps, 58.81%, Err 161 (1.0e-04)
202.224 .... 465 packets received, 4716 bps, 58.95%, Err 167 (1.0e-04)
205.210 .... 478 packets received, 4777 bps, 59.72%, Err 170 (1.0e-04)
207.943 .... 484 packets received, 4774 bps, 59.67%, Err 171 (1.0e-04)
210.128 .... 495 packets received, 4831 bps, 60.39%, Err 171 (1.0e-04)
212.852 .... 497 packets received, 4789 bps, 59.86%, Err 174 (1.0e-04)
214.976 .... 510 packets received, 4865 bps, 60.82%, Err 174 (1.0e-04)
220.397 .... 515 packets received, 4792 bps, 59.90%, Err 179 (1.0e-04)
223.667 .... 519 packets received, 4758 bps, 59.48%, Err 182 (1.0e-04)
228.527 .... 529 packets received, 4747 bps, 59.34%, Err 189 (1.0e-04)
230.990 .... 531 packets received, 4714 bps, 58.92%, Err 194 (1.1e-04)
234.238 .... 541 packets received, 4736 bps, 59.20%, Err 197 (1.1e-04)
237.233 .... 553 packets received, 4780 bps, 59.75%, Err 202 (1.1e-04)
239.929 .... 557 packets received, 4760 bps, 59.50%, Err 205 (1.1e-04)
244.256 .... 565 packets received, 4743 bps, 59.29%, Err 208 (1.1e-04)
247.247 .... 574 packets received, 4760 bps, 59.50%, Err 212 (1.1e-04)
251.882 .... 578 packets received, 4705 bps, 58.81%, Err 215 (1.1e-04)
255.161 .... 592 packets received, 4757 bps, 59.46%, Err 216 (1.1e-04)
258.409 .... 600 packets received, 4761 bps, 59.51%, Err 217 (1.0e-04)
261.695 .... 607 packets received, 4756 bps, 59.45%, Err 220 (1.1e-04)
263.853 .... 620 packets received, 4818 bps, 60.22%, Err 220 (1.0e-04)
266.023 .... 624 packets received, 4809 bps, 60.12%, Err 221 (1.0e-04)
269.287 .... 635 packets received, 4835 bps, 60.43%, Err 222 (1.0e-04)
271.453 .... 645 packets received, 4872 bps, 60.89%, Err 224 (1.0e-04)
275.791 .... 646 packets received, 4802 bps, 60.03%, Err 228 (1.0e-04)
278.507 .... 658 packets received, 4844 bps, 60.55%, Err 233 (1.0e-04)
281.468 .... 665 packets received, 4844 bps, 60.55%, Err 235 (1.0e-04)
283.650 .... 677 packets received, 4893 bps, 61.16%, Err 235 (1.0e-04)
285.801 .... 685 packets received, 4914 bps, 61.42%, Err 235 (1.0e-04)
288.776 .... 691 packets received, 4906 bps, 61.32%, Err 240 (1.0e-04)
293.125 .... 695 packets received, 4861 bps, 60.76%, Err 244 (1.0e-04)
295.863 .... 705 packets received, 4885 bps, 61.06%, Err 246 (1.0e-04)
298.832 .... 714 packets received, 4898 bps, 61.23%, Err 248 (1.0e-04)
301.546 .... 722 packets received, 4908 bps, 61.35%, Err 249 (1.0e-04)
303.726 .... 733 packets received, 4947 bps, 61.84%, Err 249 (1.0e-04)
305.870 .... 741 packets received, 4966 bps, 62.08%, Err 249 (1.0e-04)
308.058 .... 749 packets received, 4984 bps, 62.30%, Err 249 (1.0e-04)
310.240 .... 757 packets received, 5002 bps, 62.52%, Err 249 (1.0e-04)
313.236 .... 763 packets received, 4993 bps, 62.42%, Err 252 (1.0e-04)
317.320 .... 766 packets received, 4948 bps, 61.85%, Err 255 (1.0e-04)
320.814 .... 773 packets received, 4939 bps, 61.74%, Err 259 (1.0e-04)
323.029 .... 785 packets received, 4981 bps, 62.27%, Err 259 (1.0e-04)
326.273 .... 791 packets received, 4970 bps, 62.12%, Err 262 (1.0e-04)
329.516 .... 799 packets received, 4970 bps, 62.13%, Err 265 (1.0e-04)
332.747 .... 802 packets received, 4941 bps, 61.76%, Err 266 (1.0e-04)
338.192 .... 814 packets received, 4934 bps, 61.67%, Err 268 (9.9e-05)
341.461 .... 831 packets received, 4988 bps, 62.36%, Err 274 (1.0e-04)
344.170 .... 834 packets received, 4967 bps, 62.09%, Err 275 (1.0e-04)
346.851 .... 844 packets received, 4988 bps, 62.35%, Err 277 (1.0e-04)
349.817 .... 847 packets received, 4963 bps, 62.04%, Err 279 (1.0e-04)
352.004 .... 861 packets received, 5014 bps, 62.67%, Err 282 (1.0e-04)
354.177 .... 863 packets received, 4994 bps, 62.43%, Err 283 (1.0e-04)
356.350 .... 874 packets received, 5027 bps, 62.84%, Err 285 (1.0e-04)
358.518 .... 878 packets received, 5020 bps, 62.74%, Err 287 (1.0e-04)
361.267 .... 884 packets received, 5015 bps, 62.69%, Err 291 (1.0e-04)
367.503 .... 896 packets received, 4997 bps, 62.46%, Err 298 (1.0e-04)
371.276 .... 901 packets received, 4974 bps, 62.17%, Err 300 (1.0e-04)
374.028 .... 909 packets received, 4981 bps, 62.26%, Err 302 (1.0e-04)
376.743 .... 915 packets received, 4978 bps, 62.22%, Err 302 (1.0e-04)
378.911 .... 930 packets received, 5031 bps, 62.88%, Err 303 (1.0e-04)
381.035 .... 938 packets received, 5045 bps, 63.07%, Err 304 (1.0e-04)
383.213 .... 941 packets received, 5033 bps, 62.91%, Err 308 (1.0e-04)
386.144 .... 943 packets received, 5005 bps, 62.57%, Err 310 (1.0e-04)
388.298 .... 958 packets received, 5057 bps, 63.21%, Err 311 (1.0e-04)
391.537 .... 964 packets received, 5046 bps, 63.08%, Err 312 (1.0e-04)
394.241 .... 973 packets received, 5058 bps, 63.23%, Err 314 (1.0e-04)
396.432 .... 979 packets received, 5061 bps, 63.27%, Err 315 (9.9e-05)
399.719 .... 991 packets received, 5081 bps, 63.52%, Err 320 (1.0e-04)
402.906 .... 993 packets received, 5051 bps, 63.14%, Err 322 (1.0e-04)
405.879 .... 996 packets received, 5029 bps, 62.87%, Err 325 (1.0e-04)
408.851 .... 1008 packets received, 5053 bps, 63.16%, Err 328 (1.0e-04)
411.852 .... 1017 packets received, 5061 bps, 63.26%, Err 329 (1.0e-04)
415.097 .... 1025 packets received, 5061 bps, 63.26%, Err 334 (1.0e-04)
418.354 .... 1031 packets received, 5051 bps, 63.13%, Err 336 (1.0e-04)
421.053 .... 1037 packets received, 5047 bps, 63.09%, Err 339 (1.0e-04)
424.083 .... 1042 packets received, 5036 bps, 62.94%, Err 343 (1.0e-04)
427.305 .... 1046 packets received, 5017 bps, 62.71%, Err 344 (1.0e-04)
429.457 .... 1059 packets received, 5054 bps, 63.17%, Err 346 (1.0e-04)
431.650 .... 1066 packets received, 5061 bps, 63.26%, Err 348 (1.0e-04)
434.330 .... 1071 packets received, 5054 bps, 63.17%, Err 352 (1.0e-04)
437.573 .... 1077 packets received, 5044 bps, 63.05%, Err 355 (1.0e-04)
440.846 .... 1085 packets received, 5044 bps, 63.05%, Err 356 (1.0e-04)
442.659 ** WARNING: System too busy, sleep 15 ms, but be awakened 66 ms later
443.012 .... 1098 packets received, 5079 bps, 63.49%, Err 358 (1.0e-04)
445.716 .... 1100 packets received, 5058 bps, 63.22%, Err 360 (1.0e-04)
448.709 .... 1108 packets received, 5060 bps, 63.26%, Err 363 (1.0e-04)
452.158 .... 1112 packets received, 5040 bps, 63.00%, Err 367 (1.0e-04)
455.150 .... 1115 packets received, 5020 bps, 62.75%, Err 372 (1.0e-04)
455.618 ** WARNING: System too busy, sleep 15 ms, but be awakened 80 ms later
457.655 ** WARNING: System too busy, sleep 15 ms, but be awakened 119 ms later
458.666 .... 1124 packets received, 5022 bps, 62.78%, Err 373 (1.0e-04)
460.848 .... 1139 packets received, 5065 bps, 63.31%, Err 374 (1.0e-04)
463.803 .... 1142 packets received, 5046 bps, 63.07%, Err 375 (1.0e-04)
467.041 .... 1152 packets received, 5055 bps, 63.18%, Err 376 (1.0e-04)
469.225 .... 1164 packets received, 5084 bps, 63.55%, Err 376 (1.0e-04)
474.913 .... 1170 packets received, 5049 bps, 63.11%, Err 380 (1.0e-04)
478.376 .... 1184 packets received, 5072 bps, 63.40%, Err 382 (1.0e-04)
483.287 .... 1192 packets received, 5054 bps, 63.18%, Err 388 (1.0e-04)
486.558 .... 1206 packets received, 5079 bps, 63.49%, Err 391 (1.0e-04)
487.744 ** WARNING: System too busy, sleep 15 ms, but be awakened 117 ms later
489.784 .... 1211 packets received, 5067 bps, 63.33%, Err 392 (1.0e-04)
489.874 ** WARNING: System too busy, sleep 15 ms, but be awakened 90 ms later
491.974 .... 1219 packets received, 5078 bps, 63.47%, Err 394 (1.0e-04)
494.910 .... 1226 packets received, 5076 bps, 63.45%, Err 396 (1.0e-04)
497.913 .... 1229 packets received, 5058 bps, 63.23%, Err 400 (1.0e-04)
501.160 .... 1238 packets received, 5062 bps, 63.28%, Err 400 (1.0e-04)
503.373 ** WARNING: System too busy, sleep 15 ms, but be awakened 106 ms later
504.002 .... 1246 packets received, 5066 bps, 63.33%, Err 401 (1.0e-04)
506.251 .... 1258 packets received, 5092 bps, 63.65%, Err 402 (9.9e-05)
508.978 .... 1264 packets received, 5089 bps, 63.61%, Err 405 (1.0e-04)
514.408 .... 1272 packets received, 5067 bps, 63.34%, Err 412 (1.0e-04)
516.599 .... 1278 packets received, 5069 bps, 63.37%, Err 419 (1.0e-04)
520.133 .... 1286 packets received, 5066 bps, 63.33%, Err 424 (1.0e-04)
521.068 ** WARNING: System too busy, sleep 15 ms, but be awakened 68 ms later
523.119 .... 1290 packets received, 5053 bps, 63.16%, Err 424 (1.0e-04)
526.325 .... 1302 packets received, 5069 bps, 63.36%, Err 425 (1.0e-04)
528.799 .... 1306 packets received, 5061 bps, 63.26%, Err 426 (1.0e-04)
530.942 .... 1318 packets received, 5087 bps, 63.58%, Err 426 (1.0e-04)
535.810 .... 1321 packets received, 5052 bps, 63.15%, Err 430 (1.0e-04)
538.800 .... 1336 packets received, 5081 bps, 63.51%, Err 431 (1.0e-04)
541.225 .... 1340 packets received, 5073 bps, 63.42%, Err 433 (1.0e-04)
544.744 .... 1347 packets received, 5067 bps, 63.34%, Err 436 (1.0e-04)
548.256 .... 1352 packets received, 5053 bps, 63.16%, Err 439 (1.0e-04)
551.507 .... 1361 packets received, 5057 bps, 63.21%, Err 439 (1.0e-04)
554.201 .... 1369 packets received, 5062 bps, 63.27%, Err 443 (1.0e-04)
557.442 .... 1376 packets received, 5058 bps, 63.22%, Err 450 (1.0e-04)
560.414 .... 1381 packets received, 5049 bps, 63.12%, Err 452 (1.0e-04)
563.115 .... 1384 packets received, 5036 bps, 62.95%, Err 452 (1.0e-04)
565.298 .... 1395 packets received, 5057 bps, 63.21%, Err 452 (1.0e-04)
567.779 .... 1399 packets received, 5049 bps, 63.11%, Err 453 (1.0e-04)
568.051 ** WARNING: System too busy, sleep 15 ms, but be awakened 79 ms later
569.910 .... 1411 packets received, 5073 bps, 63.41%, Err 453 (9.9e-05)
573.160 .... 1418 packets received, 5069 bps, 63.37%, Err 457 (1.0e-04)
573.683 ** WARNING: System too busy, sleep 15 ms, but be awakened 67 ms later
575.362 .... 1430 packets received, 5093 bps, 63.66%, Err 460 (1.0e-04)
577.694 ** WARNING: System too busy, sleep 15 ms, but be awakened 124 ms later
578.312 .... 1435 packets received, 5084 bps, 63.56%, Err 464 (1.0e-04)
581.556 .... 1436 packets received, 5060 bps, 63.24%, Err 469 (1.0e-04)
584.261 .... 1445 packets received, 5068 bps, 63.35%, Err 469 (1.0e-04)
586.433 .... 1453 packets received, 5077 bps, 63.46%, Err 472 (1.0e-04)
588.617 .... 1459 packets received, 5079 bps, 63.49%, Err 472 (1.0e-04)
591.065 .... 1463 packets received, 5072 bps, 63.40%, Err 475 (1.0e-04)
594.020 .... 1465 packets received, 5053 bps, 63.17%, Err 476 (1.0e-04)
596.181 .... 1478 packets received, 5080 bps, 63.50%, Err 477 (1.0e-04)
598.895 .... 1481 packets received, 5067 bps, 63.34%, Err 479 (1.0e-04)
601.662 .... 1489 packets received, 5071 bps, 63.39%, Err 481 (1.0e-04)
604.049 .... 1502 packets received, 5095 bps, 63.69%, Err 482 (1.0e-04)
606.233 .... 1505 packets received, 5087 bps, 63.58%, Err 485 (1.0e-04)
609.454 .... 1506 packets received, 5063 bps, 63.29%, Err 491 (1.0e-04)
612.457 .... 1511 packets received, 5055 bps, 63.19%, Err 493 (1.0e-04)
612.596 ** WARNING: System too busy, sleep 15 ms, but be awakened 103 ms later
615.227 ** WARNING: System too busy, sleep 15 ms, but be awakened 76 ms later
615.715 .... 1513 packets received, 5035 bps, 62.94%, Err 495 (1.0e-04)
617.695 ** WARNING: System too busy, sleep 15 ms, but be awakened 101 ms later
618.062 .... 1532 packets received, 5079 bps, 63.49%, Err 495 (1.0e-04)
621.926 .... 1539 packets received, 5070 bps, 63.38%, Err 497 (1.0e-04)
624.753 ** WARNING: System too busy, sleep 15 ms, but be awakened 79 ms later
626.686 ** WARNING: System too busy, sleep 15 ms, but be awakened 70 ms later
627.069 .... 1547 packets received, 5055 bps, 63.19%, Err 501 (1.0e-04)
629.243 .... 1562 packets received, 5086 bps, 63.58%, Err 503 (1.0e-04)
634.090 .... 1565 packets received, 5057 bps, 63.21%, Err 507 (1.0e-04)
636.241 .... 1575 packets received, 5072 bps, 63.40%, Err 509 (1.0e-04)
639.216 .... 1581 packets received, 5068 bps, 63.35%, Err 513 (1.0e-04)
643.284 .... 1586 packets received, 5052 bps, 63.14%, Err 515 (1.0e-04)
644.367 ** WARNING: System too busy, sleep 15 ms, but be awakened 79 ms later
645.974 .... 1597 packets received, 5065 bps, 63.32%, Err 518 (1.0e-04)
646.934 ** WARNING: System too busy, sleep 15 ms, but be awakened 69 ms later
652.197 .... 1603 packets received, 5036 bps, 62.95%, Err 522 (1.0e-04)
657.606 .... 1617 packets received, 5038 bps, 62.98%, Err 530 (1.0e-04)
660.588 .... 1620 packets received, 5025 bps, 62.81%, Err 532 (1.0e-04)
663.523 .... 1625 packets received, 5018 bps, 62.72%, Err 534 (1.0e-04)
666.280 .... 1632 packets received, 5019 bps, 62.73%, Err 534 (1.0e-04)
669.225 .... 1643 packets received, 5030 bps, 62.88%, Err 537 (1.0e-04)
672.202 .... 1645 packets received, 5014 bps, 62.68%, Err 539 (1.0e-04)
675.466 .... 1655 packets received, 5020 bps, 62.75%, Err 542 (1.0e-04)
677.728 .... 1667 packets received, 5040 bps, 63.00%, Err 542 (1.0e-04)
679.506 ** WARNING: System too busy, sleep 15 ms, but be awakened 104 ms later
679.909 .... 1673 packets received, 5042 bps, 63.02%, Err 542 (1.0e-04)
681.702 ** WARNING: System too busy, sleep 15 ms, but be awakened 144 ms later
682.604 .... 1678 packets received, 5037 bps, 62.96%, Err 545 (1.0e-04)
684.777 .... 1687 packets received, 5048 bps, 63.09%, Err 546 (1.0e-04)
687.486 .... 1690 packets received, 5037 bps, 62.96%, Err 548 (1.0e-04)
689.680 .... 1702 packets received, 5056 bps, 63.20%, Err 548 (9.9e-05)
693.851 ** WARNING: System too busy, sleep 15 ms, but be awakened 81 ms later
694.771 .... 1705 packets received, 5028 bps, 62.85%, Err 558 (1.0e-04)
697.776 .... 1714 packets received, 5033 bps, 62.91%, Err 561 (1.0e-04)
699.124 ** WARNING: System too busy, sleep 15 ms, but be awakened 106 ms later
700.024 Quit.
