000.000 =============================================================
000.000                     Station B                               
000.000 -------------------------------------------------------------
000.000 Protocol.lib, version 4.0, jiangyanjun0718@bupt.edu.cn
000.000 Channel: 8000 bps, 270 ms propagation delay, bit error rate 1.0E-04
000.000 Log file "fbB.log", TCP port 30015, debug mask 0x00
000.000 Station B is connecting station A (TCP port 30015) ... Done.
000.027 New epoch: Tue Apr 16 21:08:47 2019
000.027 =================================================================
000.027 
000.027 Designed by CJSoft, build: Apr 16 2019  11:10:40
005.984 .... 5 packets received, 1799 bps, 22.49%, Err 8 (1.7e-04)
008.960 .... 13 packets received, 3072 bps, 38.39%, Err 10 (1.4e-04)
012.468 .... 17 packets received, 2859 bps, 35.74%, Err 12 (1.2e-04)
015.708 .... 25 packets received, 3321 bps, 41.52%, Err 15 (1.2e-04)
019.203 .... 34 packets received, 3682 bps, 46.03%, Err 18 (1.2e-04)
022.183 .... 37 packets received, 3462 bps, 43.27%, Err 19 (1.1e-04)
025.397 .... 49 packets received, 3997 bps, 49.97%, Err 21 (1.0e-04)
029.202 .... 58 packets received, 4109 bps, 51.36%, Err 24 (1.0e-04)
033.505 .... 67 packets received, 4131 bps, 51.64%, Err 29 (1.1e-04)
036.746 .... 74 packets received, 4157 bps, 51.97%, Err 35 (1.2e-04)
040.004 .... 79 packets received, 4074 bps, 50.93%, Err 37 (1.2e-04)
042.162 .... 91 packets received, 4451 bps, 55.64%, Err 38 (1.1e-04)
045.696 .... 97 packets received, 4375 bps, 54.69%, Err 41 (1.1e-04)
048.912 .... 102 packets received, 4297 bps, 53.71%, Err 44 (1.1e-04)
051.904 .... 109 packets received, 4325 bps, 54.06%, Err 45 (1.1e-04)
054.070 .... 115 packets received, 4379 bps, 54.74%, Err 45 (1.0e-04)
056.222 .... 121 packets received, 4431 bps, 55.38%, Err 46 (1.0e-04)
058.395 .... 127 packets received, 4476 bps, 55.96%, Err 48 (1.0e-04)
064.925 .... 134 packets received, 4246 bps, 53.08%, Err 53 (1.0e-04)
067.086 .... 151 packets received, 4630 bps, 57.87%, Err 54 (1.0e-04)
069.242 .... 154 packets received, 4574 bps, 57.18%, Err 55 (9.9e-05)
071.395 .... 166 packets received, 4781 bps, 59.77%, Err 57 (1.0e-04)
073.547 .... 167 packets received, 4669 bps, 58.36%, Err 57 (9.7e-05)
076.811 .... 177 packets received, 4737 bps, 59.22%, Err 61 (9.9e-05)
082.770 .... 188 packets received, 4668 bps, 58.35%, Err 68 (1.0e-04)
085.750 .... 194 packets received, 4649 bps, 58.12%, Err 71 (1.0e-04)
087.914 .... 205 packets received, 4791 bps, 59.89%, Err 71 (1.0e-04)
093.581 .... 210 packets received, 4610 bps, 57.63%, Err 76 (1.0e-04)
095.762 .... 226 packets received, 4848 bps, 60.60%, Err 77 (1.0e-04)
099.282 .... 233 packets received, 4821 bps, 60.26%, Err 80 (1.0e-04)
101.422 .... 244 packets received, 4941 bps, 61.77%, Err 81 (1.0e-04)
103.600 .... 251 packets received, 4976 bps, 62.20%, Err 82 (9.9e-05)
108.458 .... 254 packets received, 4809 bps, 60.12%, Err 88 (1.0e-04)
111.989 .... 260 packets received, 4767 bps, 59.59%, Err 89 (9.9e-05)
114.711 .... 267 packets received, 4779 bps, 59.74%, Err 92 (1.0e-04)
117.405 .... 270 packets received, 4722 bps, 59.02%, Err 95 (1.0e-04)
120.369 .... 279 packets received, 4759 bps, 59.48%, Err 99 (1.0e-04)
123.880 .... 281 packets received, 4657 bps, 58.21%, Err 100 (1.0e-04)
126.033 .... 295 packets received, 4805 bps, 60.06%, Err 104 (1.0e-04)
129.570 .... 303 packets received, 4800 bps, 60.00%, Err 109 (1.1e-04)
132.793 .... 306 packets received, 4730 bps, 59.12%, Err 109 (1.0e-04)
136.312 .... 320 packets received, 4818 bps, 60.23%, Err 112 (1.0e-04)
141.757 .... 328 packets received, 4748 bps, 59.36%, Err 117 (1.0e-04)
144.996 .... 337 packets received, 4770 bps, 59.62%, Err 120 (1.0e-04)
147.962 .... 342 packets received, 4743 bps, 59.29%, Err 121 (1.0e-04)
150.130 .... 354 packets received, 4839 bps, 60.48%, Err 122 (1.0e-04)
153.393 .... 360 packets received, 4816 bps, 60.20%, Err 123 (1.0e-04)
155.594 .... 372 packets received, 4906 bps, 61.32%, Err 123 (9.9e-05)
159.116 .... 379 packets received, 4887 bps, 61.09%, Err 127 (1.0e-04)
162.654 .... 382 packets received, 4818 bps, 60.23%, Err 130 (1.0e-04)
164.774 .... 397 packets received, 4943 bps, 61.79%, Err 133 (1.0e-04)
167.207 .... 401 packets received, 4920 bps, 61.50%, Err 136 (1.0e-04)
170.457 .... 406 packets received, 4886 bps, 61.08%, Err 137 (1.0e-04)
172.607 .... 417 packets received, 4956 bps, 61.95%, Err 139 (1.0e-04)
174.805 .... 427 packets received, 5011 bps, 62.64%, Err 140 (1.0e-04)
178.020 .... 431 packets received, 4967 bps, 62.08%, Err 144 (1.0e-04)
181.523 .... 436 packets received, 4927 bps, 61.59%, Err 146 (1.0e-04)
185.022 .... 443 packets received, 4911 bps, 61.39%, Err 147 (9.9e-05)
187.192 .... 451 packets received, 4942 bps, 61.77%, Err 148 (9.9e-05)
189.925 .... 458 packets received, 4946 bps, 61.83%, Err 149 (9.8e-05)
192.072 .... 470 packets received, 5019 bps, 62.74%, Err 149 (9.7e-05)
194.227 .... 474 packets received, 5006 bps, 62.57%, Err 150 (9.7e-05)
196.420 .... 485 packets received, 5064 bps, 63.31%, Err 151 (9.6e-05)
199.114 .... 491 packets received, 5058 bps, 63.22%, Err 152 (9.5e-05)
201.554 .... 499 packets received, 5078 bps, 63.47%, Err 155 (9.6e-05)
203.742 .... 509 packets received, 5124 bps, 64.05%, Err 157 (9.6e-05)
206.732 .... 515 packets received, 5109 bps, 63.86%, Err 159 (9.6e-05)
208.907 .... 524 packets received, 5144 bps, 64.30%, Err 159 (9.5e-05)
211.071 .... 532 packets received, 5169 bps, 64.61%, Err 159 (9.4e-05)
217.056 .... 539 packets received, 5093 bps, 63.66%, Err 166 (9.6e-05)
220.288 .... 543 packets received, 5055 bps, 63.19%, Err 171 (9.7e-05)
223.818 .... 551 packets received, 5048 bps, 63.10%, Err 173 (9.7e-05)
226.803 .... 557 packets received, 5036 bps, 62.95%, Err 176 (9.7e-05)
229.503 .... 564 packets received, 5039 bps, 62.99%, Err 176 (9.6e-05)
232.761 .... 575 packets received, 5066 bps, 63.32%, Err 182 (9.8e-05)
234.900 .... 584 packets received, 5098 bps, 63.73%, Err 184 (9.8e-05)
237.624 .... 586 packets received, 5057 bps, 63.21%, Err 187 (9.8e-05)
240.869 .... 591 packets received, 5031 bps, 62.89%, Err 190 (9.9e-05)
244.681 .... 595 packets received, 4986 bps, 62.33%, Err 192 (9.8e-05)
247.647 .... 603 packets received, 4993 bps, 62.41%, Err 195 (9.8e-05)
250.333 .... 608 packets received, 4980 bps, 62.25%, Err 195 (9.7e-05)
253.052 .... 618 packets received, 5007 bps, 62.59%, Err 196 (9.7e-05)
255.789 .... 623 packets received, 4994 bps, 62.42%, Err 197 (9.6e-05)
259.038 .... 629 packets received, 4979 bps, 62.23%, Err 199 (9.6e-05)
262.008 .... 640 packets received, 5008 bps, 62.60%, Err 204 (9.7e-05)
264.208 .... 651 packets received, 5052 bps, 63.15%, Err 204 (9.7e-05)
266.656 .... 656 packets received, 5044 bps, 63.05%, Err 207 (9.7e-05)
269.349 .... 660 packets received, 5024 bps, 62.80%, Err 208 (9.7e-05)
272.071 .... 663 packets received, 4996 bps, 62.45%, Err 209 (9.6e-05)
274.516 .... 677 packets received, 5056 bps, 63.20%, Err 211 (9.6e-05)
278.588 .... 679 packets received, 4997 bps, 62.46%, Err 218 (9.8e-05)
281.851 .... 683 packets received, 4968 bps, 62.10%, Err 220 (9.8e-05)
284.569 .... 695 packets received, 5007 bps, 62.59%, Err 225 (9.9e-05)
288.650 .... 697 packets received, 4950 bps, 61.88%, Err 231 (1.0e-04)
291.365 .... 700 packets received, 4925 bps, 61.57%, Err 233 (1.0e-04)
294.874 .... 714 packets received, 4964 bps, 62.05%, Err 237 (1.0e-04)
297.032 .... 725 packets received, 5004 bps, 62.55%, Err 238 (1.0e-04)
300.318 .... 732 packets received, 4997 bps, 62.46%, Err 239 (9.9e-05)
302.774 .... 741 packets received, 5017 bps, 62.71%, Err 242 (1.0e-04)
305.489 .... 745 packets received, 4999 bps, 62.49%, Err 246 (1.0e-04)
308.174 .... 749 packets received, 4982 bps, 62.28%, Err 249 (1.0e-04)
310.919 .... 755 packets received, 4978 bps, 62.22%, Err 249 (1.0e-04)
313.631 .... 759 packets received, 4961 bps, 62.01%, Err 251 (1.0e-04)
316.316 .... 766 packets received, 4964 bps, 62.05%, Err 253 (1.0e-04)
319.842 .... 773 packets received, 4954 bps, 61.93%, Err 257 (1.0e-04)
323.109 .... 784 packets received, 4974 bps, 62.17%, Err 259 (1.0e-04)
328.844 .... 790 packets received, 4924 bps, 61.55%, Err 263 (1.0e-04)
331.831 .... 805 packets received, 4973 bps, 62.16%, Err 266 (1.0e-04)
334.020 .... 815 packets received, 5001 bps, 62.52%, Err 267 (1.0e-04)
336.992 .... 822 packets received, 5000 bps, 62.50%, Err 270 (1.0e-04)
342.950 .... 830 packets received, 4961 bps, 62.01%, Err 274 (1.0e-04)
348.677 .... 844 packets received, 4961 bps, 62.02%, Err 281 (1.0e-04)
351.645 .... 853 packets received, 4972 bps, 62.15%, Err 283 (1.0e-04)
354.651 .... 858 packets received, 4959 bps, 61.98%, Err 286 (1.0e-04)
356.822 .... 870 packets received, 4998 bps, 62.47%, Err 286 (1.0e-04)
358.984 .... 877 packets received, 5007 bps, 62.59%, Err 287 (1.0e-04)
361.729 .... 883 packets received, 5003 bps, 62.54%, Err 288 (1.0e-04)
367.387 .... 890 packets received, 4965 bps, 62.07%, Err 295 (1.0e-04)
370.929 .... 895 packets received, 4945 bps, 61.82%, Err 297 (1.0e-04)
373.694 .... 908 packets received, 4980 bps, 62.25%, Err 299 (1.0e-04)
379.922 .... 919 packets received, 4958 bps, 61.97%, Err 307 (1.0e-04)
382.365 .... 925 packets received, 4958 bps, 61.98%, Err 310 (1.0e-04)
387.797 .... 931 packets received, 4920 bps, 61.51%, Err 315 (1.0e-04)
390.999 .... 944 packets received, 4948 bps, 61.85%, Err 321 (1.0e-04)
394.250 .... 948 packets received, 4928 bps, 61.60%, Err 322 (1.0e-04)
396.415 .... 961 packets received, 4968 bps, 62.11%, Err 324 (1.0e-04)
398.611 .... 964 packets received, 4957 bps, 61.96%, Err 326 (1.0e-04)
401.724 ** WARNING: System too busy, sleep 15 ms, but be awakened 112 ms later
403.764 .... 972 packets received, 4934 bps, 61.67%, Err 331 (1.0e-04)
407.273 .... 981 packets received, 4937 bps, 61.71%, Err 335 (1.0e-04)
410.784 .... 990 packets received, 4939 bps, 61.74%, Err 337 (1.0e-04)
412.920 .... 1001 packets received, 4968 bps, 62.10%, Err 338 (1.0e-04)
416.770 .... 1002 packets received, 4927 bps, 61.59%, Err 339 (1.0e-04)
418.942 .... 1017 packets received, 4975 bps, 62.19%, Err 339 (1.0e-04)
421.066 .... 1024 packets received, 4984 bps, 62.30%, Err 340 (1.0e-04)
424.292 .... 1030 packets received, 4975 bps, 62.19%, Err 342 (1.0e-04)
426.494 .... 1039 packets received, 4993 bps, 62.41%, Err 342 (1.0e-04)
428.935 .... 1043 packets received, 4983 bps, 62.29%, Err 345 (1.0e-04)
432.155 .... 1048 packets received, 4970 bps, 62.12%, Err 348 (1.0e-04)
436.246 .... 1057 packets received, 4966 bps, 62.07%, Err 351 (1.0e-04)
438.668 .... 1071 packets received, 5003 bps, 62.54%, Err 354 (1.0e-04)
444.898 .... 1075 packets received, 4952 bps, 61.90%, Err 359 (1.0e-04)
448.648 .... 1081 packets received, 4938 bps, 61.72%, Err 363 (1.0e-04)
450.803 .... 1094 packets received, 4973 bps, 62.17%, Err 363 (1.0e-04)
453.492 .... 1099 packets received, 4966 bps, 62.08%, Err 365 (1.0e-04)
455.619 ** WARNING: System too busy, sleep 15 ms, but be awakened 66 ms later
457.655 ** WARNING: System too busy, sleep 15 ms, but be awakened 119 ms later
458.363 .... 1107 packets received, 4949 bps, 61.87%, Err 370 (1.0e-04)
461.321 .... 1118 packets received, 4966 bps, 62.08%, Err 373 (1.0e-04)
463.489 .... 1126 packets received, 4979 bps, 62.23%, Err 373 (1.0e-04)
465.937 .... 1129 packets received, 4966 bps, 62.07%, Err 375 (1.0e-04)
468.113 .... 1139 packets received, 4986 bps, 62.33%, Err 375 (1.0e-04)
470.573 .... 1143 packets received, 4978 bps, 62.22%, Err 379 (1.0e-04)
474.671 .... 1146 packets received, 4948 bps, 61.84%, Err 384 (1.0e-04)
477.867 .... 1151 packets received, 4936 bps, 61.70%, Err 386 (1.0e-04)
481.108 .... 1153 packets received, 4911 bps, 61.39%, Err 386 (1.0e-04)
484.367 .... 1174 packets received, 4967 bps, 62.09%, Err 387 (1.0e-04)
487.059 .... 1183 packets received, 4977 bps, 62.22%, Err 390 (1.0e-04)
487.742 ** WARNING: System too busy, sleep 15 ms, but be awakened 127 ms later
489.874 ** WARNING: System too busy, sleep 15 ms, but be awakened 93 ms later
490.619 .... 1186 packets received, 4954 bps, 61.92%, Err 392 (1.0e-04)
493.828 .... 1195 packets received, 4959 bps, 61.99%, Err 395 (1.0e-04)
498.992 .... 1202 packets received, 4936 bps, 61.70%, Err 399 (1.0e-04)
501.946 .... 1216 packets received, 4964 bps, 62.05%, Err 402 (1.0e-04)
503.375 ** WARNING: System too busy, sleep 15 ms, but be awakened 108 ms later
506.650 .... 1218 packets received, 4926 bps, 61.58%, Err 408 (1.0e-04)
509.380 .... 1223 packets received, 4920 bps, 61.50%, Err 409 (1.0e-04)
509.688 ** WARNING: System too busy, sleep 15 ms, but be awakened 110 ms later
512.070 .... 1227 packets received, 4910 bps, 61.38%, Err 410 (1.0e-04)
514.245 .... 1237 packets received, 4929 bps, 61.61%, Err 412 (1.0e-04)
516.380 .... 1247 packets received, 4948 bps, 61.86%, Err 413 (1.0e-04)
518.526 .... 1255 packets received, 4960 bps, 62.00%, Err 413 (1.0e-04)
518.594 ** WARNING: System too busy, sleep 15 ms, but be awakened 68 ms later
521.066 ** WARNING: System too busy, sleep 15 ms, but be awakened 73 ms later
521.753 .... 1262 packets received, 4956 bps, 61.96%, Err 416 (1.0e-04)
525.022 .... 1267 packets received, 4945 bps, 61.81%, Err 421 (1.0e-04)
528.279 .... 1270 packets received, 4926 bps, 61.58%, Err 423 (1.0e-04)
530.975 .... 1276 packets received, 4924 bps, 61.55%, Err 427 (1.0e-04)
534.191 .... 1284 packets received, 4925 bps, 61.57%, Err 429 (1.0e-04)
537.444 .... 1295 packets received, 4937 bps, 61.72%, Err 431 (1.0e-04)
541.782 .... 1301 packets received, 4921 bps, 61.51%, Err 434 (1.0e-04)
545.256 .... 1312 packets received, 4931 bps, 61.63%, Err 437 (1.0e-04)
550.426 .... 1317 packets received, 4903 bps, 61.29%, Err 441 (1.0e-04)
553.367 .... 1332 packets received, 4932 bps, 61.65%, Err 444 (1.0e-04)
555.544 .... 1339 packets received, 4939 bps, 61.73%, Err 445 (1.0e-04)
557.727 .... 1347 packets received, 4949 bps, 61.86%, Err 445 (1.0e-04)
560.711 .... 1353 packets received, 4944 bps, 61.81%, Err 449 (1.0e-04)
563.927 .... 1359 packets received, 4938 bps, 61.73%, Err 450 (1.0e-04)
566.925 .... 1373 packets received, 4962 bps, 62.03%, Err 452 (1.0e-04)
568.052 ** WARNING: System too busy, sleep 15 ms, but be awakened 78 ms later
571.548 .... 1379 packets received, 4944 bps, 61.80%, Err 457 (1.0e-04)
573.681 ** WARNING: System too busy, sleep 15 ms, but be awakened 66 ms later
574.229 .... 1382 packets received, 4931 bps, 61.64%, Err 459 (1.0e-04)
577.223 .... 1394 packets received, 4948 bps, 61.86%, Err 462 (1.0e-04)
577.693 ** WARNING: System too busy, sleep 15 ms, but be awakened 126 ms later
580.261 .... 1400 packets received, 4944 bps, 61.80%, Err 465 (1.0e-04)
583.822 .... 1407 packets received, 4938 bps, 61.73%, Err 470 (1.0e-04)
587.038 .... 1411 packets received, 4925 bps, 61.56%, Err 470 (1.0e-04)
589.211 .... 1422 packets received, 4945 bps, 61.81%, Err 471 (1.0e-04)
594.305 .... 1426 packets received, 4916 bps, 61.46%, Err 476 (1.0e-04)
597.290 .... 1433 packets received, 4916 bps, 61.45%, Err 479 (1.0e-04)
599.476 .... 1442 packets received, 4929 bps, 61.61%, Err 482 (1.0e-04)
601.695 .... 1448 packets received, 4931 bps, 61.64%, Err 484 (1.0e-04)
603.788 .... 1456 packets received, 4941 bps, 61.76%, Err 484 (1.0e-04)
607.309 .... 1464 packets received, 4939 bps, 61.74%, Err 487 (1.0e-04)
609.460 .... 1475 packets received, 4959 bps, 61.99%, Err 487 (1.0e-04)
612.453 .... 1480 packets received, 4951 bps, 61.89%, Err 489 (1.0e-04)
612.602 ** WARNING: System too busy, sleep 15 ms, but be awakened 96 ms later
615.273 ** WARNING: System too busy, sleep 15 ms, but be awakened 120 ms later
617.057 .... 1487 packets received, 4938 bps, 61.72%, Err 494 (1.0e-04)
620.298 .... 1493 packets received, 4932 bps, 61.65%, Err 496 (1.0e-04)
622.473 .... 1505 packets received, 4954 bps, 61.92%, Err 498 (1.0e-04)
624.740 ** WARNING: System too busy, sleep 15 ms, but be awakened 77 ms later
625.147 .... 1509 packets received, 4946 bps, 61.82%, Err 499 (1.0e-04)
626.685 ** WARNING: System too busy, sleep 15 ms, but be awakened 68 ms later
631.675 .... 1520 packets received, 4930 bps, 61.63%, Err 509 (1.0e-04)
634.655 .... 1523 packets received, 4917 bps, 61.46%, Err 510 (1.0e-04)
639.509 .... 1528 packets received, 4896 bps, 61.19%, Err 515 (1.0e-04)
639.735 ** WARNING: System too busy, sleep 15 ms, but be awakened 120 ms later
642.207 .... 1531 packets received, 4885 bps, 61.06%, Err 516 (1.0e-04)
644.366 ** WARNING: System too busy, sleep 15 ms, but be awakened 79 ms later
645.773 .... 1539 packets received, 4883 bps, 61.04%, Err 518 (1.0e-04)
650.569 .... 1554 packets received, 4894 bps, 61.18%, Err 522 (1.0e-04)
653.900 ** WARNING: System too busy, sleep 15 ms, but be awakened 73 ms later
653.900 .... 1569 packets received, 4916 bps, 61.45%, Err 524 (1.0e-04)
655.986 .... 1572 packets received, 4910 bps, 61.37%, Err 526 (1.0e-04)
659.227 .... 1581 packets received, 4914 bps, 61.42%, Err 528 (1.0e-04)
665.188 .... 1593 packets received, 4907 bps, 61.33%, Err 533 (1.0e-04)
668.729 .... 1609 packets received, 4930 bps, 61.62%, Err 535 (1.0e-04)
670.840 .... 1618 packets received, 4942 bps, 61.77%, Err 536 (1.0e-04)
673.568 .... 1623 packets received, 4937 bps, 61.71%, Err 538 (1.0e-04)
676.565 .... 1633 packets received, 4945 bps, 61.82%, Err 540 (1.0e-04)
677.178 ** WARNING: System too busy, sleep 15 ms, but be awakened 73 ms later
679.504 ** WARNING: System too busy, sleep 15 ms, but be awakened 109 ms later
679.651 .... 1641 packets received, 4947 bps, 61.84%, Err 542 (1.0e-04)
681.699 ** WARNING: System too busy, sleep 15 ms, but be awakened 145 ms later
681.864 .... 1653 packets received, 4967 bps, 62.09%, Err 542 (9.9e-05)
683.910 .... 1661 packets received, 4976 bps, 62.20%, Err 542 (9.9e-05)
686.922 .... 1668 packets received, 4975 bps, 62.19%, Err 545 (9.9e-05)
691.222 ** WARNING: System too busy, sleep 15 ms, but be awakened 67 ms later
691.526 .... 1672 packets received, 4954 bps, 61.92%, Err 550 (9.9e-05)
693.852 ** WARNING: System too busy, sleep 15 ms, but be awakened 81 ms later
695.038 .... 1688 packets received, 4976 bps, 62.20%, Err 554 (1.0e-04)
699.124 ** WARNING: System too busy, sleep 15 ms, but be awakened 108 ms later
700.021 Quit.
