000.000 =============================================================
000.000                     Station A                               
000.000 -------------------------------------------------------------
000.000 Protocol.lib, version 4.0, jiangyanjun0718@bupt.edu.cn
000.000 Channel: 8000 bps, 270 ms propagation delay, bit error rate 0
000.000 Log file "uA.log", TCP port 30012, debug mask 0x00
000.000 Station A is waiting for station B on TCP port 30012 ... Done.
000.933 New epoch: Tue Apr 16 21:08:46 2019
000.933 =================================================================
000.933 
000.933 Designed by CJSoft, build: Apr 16 2019  11:10:40
003.479 .... 8 packets received, 7550 bps, 94.38%, Err 0 (0.0e+00)
005.667 .... 16 packets received, 7519 bps, 93.99%, Err 0 (0.0e+00)
007.850 .... 24 packets received, 7514 bps, 93.93%, Err 0 (0.0e+00)
010.024 .... 32 packets received, 7520 bps, 94.00%, Err 0 (0.0e+00)
012.212 .... 40 packets received, 7514 bps, 93.92%, Err 0 (0.0e+00)
014.405 .... 48 packets received, 7506 bps, 93.83%, Err 0 (0.0e+00)
016.577 .... 56 packets received, 7512 bps, 93.90%, Err 0 (0.0e+00)
018.765 .... 64 packets received, 7509 bps, 93.86%, Err 0 (0.0e+00)
020.944 .... 72 packets received, 7510 bps, 93.87%, Err 0 (0.0e+00)
023.128 .... 80 packets received, 7509 bps, 93.86%, Err 0 (0.0e+00)
025.301 .... 88 packets received, 7512 bps, 93.90%, Err 0 (0.0e+00)
027.501 .... 96 packets received, 7506 bps, 93.83%, Err 0 (0.0e+00)
029.685 .... 104 packets received, 7506 bps, 93.83%, Err 0 (0.0e+00)
031.884 .... 112 packets received, 7502 bps, 93.78%, Err 0 (0.0e+00)
034.045 .... 120 packets received, 7507 bps, 93.84%, Err 0 (0.0e+00)
036.226 .... 128 packets received, 7508 bps, 93.85%, Err 0 (0.0e+00)
038.414 .... 136 packets received, 7506 bps, 93.83%, Err 0 (0.0e+00)
040.599 .... 144 packets received, 7506 bps, 93.83%, Err 0 (0.0e+00)
042.791 .... 152 packets received, 7504 bps, 93.80%, Err 0 (0.0e+00)
044.974 .... 160 packets received, 7504 bps, 93.81%, Err 0 (0.0e+00)
047.148 .... 168 packets received, 7506 bps, 93.82%, Err 0 (0.0e+00)
049.344 .... 176 packets received, 7504 bps, 93.80%, Err 0 (0.0e+00)
051.521 .... 184 packets received, 7505 bps, 93.81%, Err 0 (0.0e+00)
053.711 .... 192 packets received, 7504 bps, 93.80%, Err 0 (0.0e+00)
055.883 .... 200 packets received, 7505 bps, 93.82%, Err 0 (0.0e+00)
058.071 .... 208 packets received, 7505 bps, 93.81%, Err 0 (0.0e+00)
060.255 .... 216 packets received, 7505 bps, 93.81%, Err 0 (0.0e+00)
062.441 .... 224 packets received, 7504 bps, 93.80%, Err 0 (0.0e+00)
064.637 .... 232 packets received, 7503 bps, 93.78%, Err 0 (0.0e+00)
066.810 .... 240 packets received, 7504 bps, 93.80%, Err 0 (0.0e+00)
069.001 .... 248 packets received, 7503 bps, 93.79%, Err 0 (0.0e+00)
071.171 .... 256 packets received, 7505 bps, 93.81%, Err 0 (0.0e+00)
073.366 .... 264 packets received, 7503 bps, 93.79%, Err 0 (0.0e+00)
075.553 .... 272 packets received, 7503 bps, 93.79%, Err 0 (0.0e+00)
077.744 .... 280 packets received, 7502 bps, 93.78%, Err 0 (0.0e+00)
079.913 .... 288 packets received, 7504 bps, 93.80%, Err 0 (0.0e+00)
082.092 .... 296 packets received, 7504 bps, 93.80%, Err 0 (0.0e+00)
084.287 .... 304 packets received, 7503 bps, 93.79%, Err 0 (0.0e+00)
086.468 .... 312 packets received, 7503 bps, 93.79%, Err 0 (0.0e+00)
088.664 .... 320 packets received, 7502 bps, 93.78%, Err 0 (0.0e+00)
090.823 .... 328 packets received, 7504 bps, 93.80%, Err 0 (0.0e+00)
093.036 .... 336 packets received, 7502 bps, 93.77%, Err 0 (0.0e+00)
095.207 .... 344 packets received, 7503 bps, 93.79%, Err 0 (0.0e+00)
097.400 .... 352 packets received, 7502 bps, 93.78%, Err 0 (0.0e+00)
099.565 .... 360 packets received, 7504 bps, 93.80%, Err 0 (0.0e+00)
104.466 .... 364 packets received, 7227 bps, 90.33%, Err 0 (0.0e+00)
108.589 .... 365 packets received, 6968 bps, 87.10%, Err 0 (0.0e+00)
112.710 .... 366 packets received, 6729 bps, 84.11%, Err 0 (0.0e+00)
116.735 .... 367 packets received, 6512 bps, 81.40%, Err 0 (0.0e+00)
120.774 .... 368 packets received, 6309 bps, 78.86%, Err 0 (0.0e+00)
124.850 .... 369 packets received, 6117 bps, 76.46%, Err 0 (0.0e+00)
128.898 .... 370 packets received, 5939 bps, 74.24%, Err 0 (0.0e+00)
132.917 .... 371 packets received, 5773 bps, 72.17%, Err 0 (0.0e+00)
137.062 .... 372 packets received, 5612 bps, 70.15%, Err 0 (0.0e+00)
141.195 .... 373 packets received, 5461 bps, 68.26%, Err 0 (0.0e+00)
145.223 .... 374 packets received, 5322 bps, 66.53%, Err 0 (0.0e+00)
149.364 .... 375 packets received, 5187 bps, 64.84%, Err 0 (0.0e+00)
153.470 .... 376 packets received, 5061 bps, 63.26%, Err 0 (0.0e+00)
157.523 .... 377 packets received, 4943 bps, 61.78%, Err 0 (0.0e+00)
161.550 .... 378 packets received, 4831 bps, 60.39%, Err 0 (0.0e+00)
165.624 .... 379 packets received, 4724 bps, 59.05%, Err 0 (0.0e+00)
169.658 .... 380 packets received, 4623 bps, 57.78%, Err 0 (0.0e+00)
173.827 .... 381 packets received, 4523 bps, 56.54%, Err 0 (0.0e+00)
177.898 .... 382 packets received, 4430 bps, 55.38%, Err 0 (0.0e+00)
181.961 .... 383 packets received, 4342 bps, 54.27%, Err 0 (0.0e+00)
186.022 .... 384 packets received, 4258 bps, 53.22%, Err 0 (0.0e+00)
190.135 .... 385 packets received, 4176 bps, 52.20%, Err 0 (0.0e+00)
194.273 .... 386 packets received, 4097 bps, 51.21%, Err 0 (0.0e+00)
198.380 .... 387 packets received, 4022 bps, 50.27%, Err 0 (0.0e+00)
200.533 .... 388 packets received, 3989 bps, 49.86%, Err 0 (0.0e+00)
202.711 .... 396 packets received, 4027 bps, 50.34%, Err 0 (0.0e+00)
204.913 .... 404 packets received, 4064 bps, 50.80%, Err 0 (0.0e+00)
207.080 .... 412 packets received, 4101 bps, 51.26%, Err 0 (0.0e+00)
209.269 .... 420 packets received, 4136 bps, 51.70%, Err 0 (0.0e+00)
211.457 .... 428 packets received, 4171 bps, 52.14%, Err 0 (0.0e+00)
213.659 .... 436 packets received, 4205 bps, 52.56%, Err 0 (0.0e+00)
215.833 .... 444 packets received, 4239 bps, 52.98%, Err 0 (0.0e+00)
218.009 .... 452 packets received, 4272 bps, 53.40%, Err 0 (0.0e+00)
220.198 .... 460 packets received, 4304 bps, 53.80%, Err 0 (0.0e+00)
222.365 .... 468 packets received, 4336 bps, 54.20%, Err 0 (0.0e+00)
224.552 .... 476 packets received, 4367 bps, 54.58%, Err 0 (0.0e+00)
226.745 .... 484 packets received, 4397 bps, 54.96%, Err 0 (0.0e+00)
228.920 .... 492 packets received, 4427 bps, 55.34%, Err 0 (0.0e+00)
231.102 .... 500 packets received, 4456 bps, 55.70%, Err 0 (0.0e+00)
233.282 .... 508 packets received, 4485 bps, 56.06%, Err 0 (0.0e+00)
235.488 .... 516 packets received, 4513 bps, 56.41%, Err 0 (0.0e+00)
237.665 .... 524 packets received, 4540 bps, 56.76%, Err 0 (0.0e+00)
239.838 .... 532 packets received, 4568 bps, 57.10%, Err 0 (0.0e+00)
242.024 .... 540 packets received, 4594 bps, 57.43%, Err 0 (0.0e+00)
244.210 .... 548 packets received, 4620 bps, 57.76%, Err 0 (0.0e+00)
246.382 .... 556 packets received, 4646 bps, 58.08%, Err 0 (0.0e+00)
248.584 .... 564 packets received, 4671 bps, 58.39%, Err 0 (0.0e+00)
250.764 .... 572 packets received, 4696 bps, 58.70%, Err 0 (0.0e+00)
252.963 .... 580 packets received, 4720 bps, 59.00%, Err 0 (0.0e+00)
255.149 .... 588 packets received, 4744 bps, 59.30%, Err 0 (0.0e+00)
257.319 .... 596 packets received, 4768 bps, 59.60%, Err 0 (0.0e+00)
259.487 .... 604 packets received, 4791 bps, 59.89%, Err 0 (0.0e+00)
261.671 .... 612 packets received, 4814 bps, 60.17%, Err 0 (0.0e+00)
263.883 .... 620 packets received, 4836 bps, 60.45%, Err 0 (0.0e+00)
266.040 .... 628 packets received, 4858 bps, 60.73%, Err 0 (0.0e+00)
268.235 .... 636 packets received, 4880 bps, 61.00%, Err 0 (0.0e+00)
270.412 .... 644 packets received, 4901 bps, 61.26%, Err 0 (0.0e+00)
272.614 .... 652 packets received, 4922 bps, 61.52%, Err 0 (0.0e+00)
274.806 .... 660 packets received, 4942 bps, 61.78%, Err 0 (0.0e+00)
276.977 .... 668 packets received, 4963 bps, 62.03%, Err 0 (0.0e+00)
279.162 .... 676 packets received, 4983 bps, 62.28%, Err 0 (0.0e+00)
281.352 .... 684 packets received, 5002 bps, 62.53%, Err 0 (0.0e+00)
283.532 .... 692 packets received, 5022 bps, 62.77%, Err 0 (0.0e+00)
285.710 .... 700 packets received, 5041 bps, 63.01%, Err 0 (0.0e+00)
287.943 .... 708 packets received, 5059 bps, 63.23%, Err 0 (0.0e+00)
290.084 .... 716 packets received, 5078 bps, 63.47%, Err 0 (0.0e+00)
292.257 .... 724 packets received, 5096 bps, 63.70%, Err 0 (0.0e+00)
294.459 .... 732 packets received, 5114 bps, 63.92%, Err 0 (0.0e+00)
296.674 .... 740 packets received, 5131 bps, 64.14%, Err 0 (0.0e+00)
298.822 .... 748 packets received, 5149 bps, 64.36%, Err 0 (0.0e+00)
304.456 .... 755 packets received, 5101 bps, 63.76%, Err 0 (0.0e+00)
308.593 .... 756 packets received, 5039 bps, 62.98%, Err 0 (0.0e+00)
312.696 .... 757 packets received, 4979 bps, 62.24%, Err 0 (0.0e+00)
316.729 .... 758 packets received, 4922 bps, 61.52%, Err 0 (0.0e+00)
320.838 .... 759 packets received, 4865 bps, 60.81%, Err 0 (0.0e+00)
325.000 .... 760 packets received, 4809 bps, 60.11%, Err 0 (0.0e+00)
329.155 .... 761 packets received, 4754 bps, 59.42%, Err 0 (0.0e+00)
333.266 .... 762 packets received, 4701 bps, 58.76%, Err 0 (0.0e+00)
337.370 .... 763 packets received, 4650 bps, 58.12%, Err 0 (0.0e+00)
341.431 .... 764 packets received, 4600 bps, 57.50%, Err 0 (0.0e+00)
345.552 .... 765 packets received, 4551 bps, 56.89%, Err 0 (0.0e+00)
349.617 .... 766 packets received, 4504 bps, 56.30%, Err 0 (0.0e+00)
353.676 .... 767 packets received, 4458 bps, 55.72%, Err 0 (0.0e+00)
357.757 .... 768 packets received, 4413 bps, 55.16%, Err 0 (0.0e+00)
361.893 .... 769 packets received, 4368 bps, 54.60%, Err 0 (0.0e+00)
366.094 .... 770 packets received, 4323 bps, 54.04%, Err 0 (0.0e+00)
370.118 .... 771 packets received, 4281 bps, 53.52%, Err 0 (0.0e+00)
374.208 .... 772 packets received, 4240 bps, 53.00%, Err 0 (0.0e+00)
378.242 .... 773 packets received, 4200 bps, 52.50%, Err 0 (0.0e+00)
382.288 .... 774 packets received, 4161 bps, 52.01%, Err 0 (0.0e+00)
386.424 .... 775 packets received, 4121 bps, 51.52%, Err 0 (0.0e+00)
390.666 .... 776 packets received, 4082 bps, 51.02%, Err 0 (0.0e+00)
394.764 .... 777 packets received, 4044 bps, 50.56%, Err 0 (0.0e+00)
398.854 .... 778 packets received, 4008 bps, 50.10%, Err 0 (0.0e+00)
401.092 .... 781 packets received, 4001 bps, 50.01%, Err 0 (0.0e+00)
402.725 ** WARNING: System too busy, sleep 15 ms, but be awakened 107 ms later
403.268 .... 789 packets received, 4020 bps, 50.25%, Err 0 (0.0e+00)
405.461 .... 797 packets received, 4039 bps, 50.48%, Err 0 (0.0e+00)
407.653 .... 805 packets received, 4057 bps, 50.72%, Err 0 (0.0e+00)
409.820 .... 813 packets received, 4076 bps, 50.95%, Err 0 (0.0e+00)
411.986 .... 821 packets received, 4094 bps, 51.18%, Err 0 (0.0e+00)
413.683 ** WARNING: System too busy, sleep 15 ms, but be awakened 68 ms later
414.148 .... 829 packets received, 4112 bps, 51.41%, Err 0 (0.0e+00)
416.305 .... 837 packets received, 4131 bps, 51.63%, Err 0 (0.0e+00)
418.487 .... 845 packets received, 4148 bps, 51.85%, Err 0 (0.0e+00)
420.715 .... 853 packets received, 4165 bps, 52.07%, Err 0 (0.0e+00)
422.838 .... 861 packets received, 4183 bps, 52.29%, Err 0 (0.0e+00)
424.990 .... 869 packets received, 4201 bps, 52.51%, Err 0 (0.0e+00)
427.183 .... 877 packets received, 4217 bps, 52.72%, Err 0 (0.0e+00)
429.323 .... 885 packets received, 4235 bps, 52.93%, Err 0 (0.0e+00)
431.518 .... 893 packets received, 4251 bps, 53.14%, Err 0 (0.0e+00)
433.715 .... 901 packets received, 4267 bps, 53.34%, Err 0 (0.0e+00)
435.874 .... 909 packets received, 4284 bps, 53.55%, Err 0 (0.0e+00)
438.065 .... 917 packets received, 4300 bps, 53.75%, Err 0 (0.0e+00)
440.212 .... 925 packets received, 4316 bps, 53.95%, Err 0 (0.0e+00)
442.420 .... 933 packets received, 4332 bps, 54.15%, Err 0 (0.0e+00)
444.601 .... 941 packets received, 4347 bps, 54.34%, Err 0 (0.0e+00)
446.771 .... 949 packets received, 4363 bps, 54.54%, Err 0 (0.0e+00)
448.931 .... 957 packets received, 4379 bps, 54.73%, Err 0 (0.0e+00)
451.105 .... 965 packets received, 4394 bps, 54.92%, Err 0 (0.0e+00)
453.290 .... 973 packets received, 4409 bps, 55.11%, Err 0 (0.0e+00)
455.475 .... 981 packets received, 4424 bps, 55.30%, Err 0 (0.0e+00)
457.648 .... 989 packets received, 4439 bps, 55.48%, Err 0 (0.0e+00)
458.428 ** WARNING: System too busy, sleep 15 ms, but be awakened 110 ms later
459.804 .... 997 packets received, 4453 bps, 55.67%, Err 0 (0.0e+00)
461.972 .... 1005 packets received, 4468 bps, 55.85%, Err 0 (0.0e+00)
464.139 .... 1013 packets received, 4482 bps, 56.03%, Err 0 (0.0e+00)
466.340 .... 1021 packets received, 4496 bps, 56.21%, Err 0 (0.0e+00)
468.486 .... 1029 packets received, 4511 bps, 56.39%, Err 0 (0.0e+00)
470.693 .... 1037 packets received, 4525 bps, 56.56%, Err 0 (0.0e+00)
472.872 .... 1045 packets received, 4538 bps, 56.73%, Err 0 (0.0e+00)
475.037 .... 1053 packets received, 4552 bps, 56.90%, Err 0 (0.0e+00)
477.215 .... 1061 packets received, 4566 bps, 57.07%, Err 0 (0.0e+00)
479.392 .... 1069 packets received, 4579 bps, 57.24%, Err 0 (0.0e+00)
481.568 .... 1077 packets received, 4593 bps, 57.41%, Err 0 (0.0e+00)
483.743 .... 1085 packets received, 4606 bps, 57.57%, Err 0 (0.0e+00)
485.922 .... 1093 packets received, 4619 bps, 57.74%, Err 0 (0.0e+00)
488.113 .... 1101 packets received, 4632 bps, 57.90%, Err 0 (0.0e+00)
488.742 ** WARNING: System too busy, sleep 15 ms, but be awakened 127 ms later
490.296 .... 1108 packets received, 4641 bps, 58.01%, Err 0 (0.0e+00)
490.874 ** WARNING: System too busy, sleep 15 ms, but be awakened 92 ms later
492.391 .... 1116 packets received, 4654 bps, 58.18%, Err 0 (0.0e+00)
494.566 .... 1124 packets received, 4667 bps, 58.34%, Err 0 (0.0e+00)
496.755 .... 1132 packets received, 4679 bps, 58.49%, Err 0 (0.0e+00)
498.947 .... 1140 packets received, 4692 bps, 58.65%, Err 0 (0.0e+00)
504.375 ** WARNING: System too busy, sleep 15 ms, but be awakened 109 ms later
504.820 .... 1146 packets received, 4661 bps, 58.27%, Err 0 (0.0e+00)
508.369 .... 1147 packets received, 4633 bps, 57.91%, Err 0 (0.0e+00)
510.728 ** WARNING: System too busy, sleep 15 ms, but be awakened 66 ms later
512.504 .... 1148 packets received, 4599 bps, 57.49%, Err 0 (0.0e+00)
516.568 .... 1149 packets received, 4567 bps, 57.09%, Err 0 (0.0e+00)
519.594 ** WARNING: System too busy, sleep 15 ms, but be awakened 68 ms later
520.677 .... 1150 packets received, 4535 bps, 56.68%, Err 0 (0.0e+00)
522.067 ** WARNING: System too busy, sleep 15 ms, but be awakened 73 ms later
524.799 .... 1151 packets received, 4503 bps, 56.29%, Err 0 (0.0e+00)
528.892 .... 1152 packets received, 4472 bps, 55.90%, Err 0 (0.0e+00)
532.952 .... 1153 packets received, 4442 bps, 55.52%, Err 0 (0.0e+00)
536.972 .... 1154 packets received, 4412 bps, 55.15%, Err 0 (0.0e+00)
541.017 .... 1155 packets received, 4383 bps, 54.79%, Err 0 (0.0e+00)
545.068 .... 1156 packets received, 4354 bps, 54.42%, Err 0 (0.0e+00)
549.122 .... 1157 packets received, 4325 bps, 54.07%, Err 0 (0.0e+00)
553.331 .... 1158 packets received, 4296 bps, 53.70%, Err 0 (0.0e+00)
557.406 .... 1159 packets received, 4268 bps, 53.35%, Err 0 (0.0e+00)
561.459 .... 1160 packets received, 4241 bps, 53.01%, Err 0 (0.0e+00)
565.599 .... 1161 packets received, 4214 bps, 52.67%, Err 0 (0.0e+00)
569.055 ** WARNING: System too busy, sleep 15 ms, but be awakened 76 ms later
569.809 .... 1162 packets received, 4186 bps, 52.33%, Err 0 (0.0e+00)
573.905 .... 1163 packets received, 4160 bps, 52.00%, Err 0 (0.0e+00)
574.676 ** WARNING: System too busy, sleep 15 ms, but be awakened 66 ms later
577.923 .... 1164 packets received, 4134 bps, 51.68%, Err 0 (0.0e+00)
578.694 ** WARNING: System too busy, sleep 15 ms, but be awakened 126 ms later
581.947 .... 1165 packets received, 4109 bps, 51.36%, Err 0 (0.0e+00)
585.990 .... 1166 packets received, 4084 bps, 51.05%, Err 0 (0.0e+00)
590.068 .... 1167 packets received, 4059 bps, 50.74%, Err 0 (0.0e+00)
594.092 .... 1168 packets received, 4035 bps, 50.44%, Err 0 (0.0e+00)
598.133 .... 1169 packets received, 4011 bps, 50.14%, Err 0 (0.0e+00)
600.536 .... 1170 packets received, 3999 bps, 49.98%, Err 0 (0.0e+00)
602.760 .... 1178 packets received, 4011 bps, 50.14%, Err 0 (0.0e+00)
604.881 .... 1186 packets received, 4024 bps, 50.30%, Err 0 (0.0e+00)
607.057 .... 1194 packets received, 4037 bps, 50.46%, Err 0 (0.0e+00)
609.249 .... 1202 packets received, 4049 bps, 50.62%, Err 0 (0.0e+00)
611.431 .... 1210 packets received, 4062 bps, 50.77%, Err 0 (0.0e+00)
613.602 ** WARNING: System too busy, sleep 15 ms, but be awakened 96 ms later
613.707 .... 1218 packets received, 4073 bps, 50.92%, Err 0 (0.0e+00)
615.807 .... 1226 packets received, 4086 bps, 51.08%, Err 0 (0.0e+00)
616.275 ** WARNING: System too busy, sleep 15 ms, but be awakened 115 ms later
617.816 .... 1233 packets received, 4096 bps, 51.20%, Err 0 (0.0e+00)
618.696 ** WARNING: System too busy, sleep 15 ms, but be awakened 102 ms later
619.879 .... 1241 packets received, 4109 bps, 51.36%, Err 0 (0.0e+00)
622.080 .... 1249 packets received, 4121 bps, 51.51%, Err 0 (0.0e+00)
624.274 .... 1257 packets received, 4132 bps, 51.65%, Err 0 (0.0e+00)
625.742 ** WARNING: System too busy, sleep 15 ms, but be awakened 75 ms later
626.430 .... 1265 packets received, 4144 bps, 51.80%, Err 0 (0.0e+00)
628.390 ** WARNING: System too busy, sleep 15 ms, but be awakened 68 ms later
628.859 .... 1273 packets received, 4154 bps, 51.93%, Err 0 (0.0e+00)
630.869 .... 1281 packets received, 4167 bps, 52.09%, Err 0 (0.0e+00)
633.015 .... 1289 packets received, 4179 bps, 52.24%, Err 0 (0.0e+00)
635.207 .... 1297 packets received, 4190 bps, 52.38%, Err 0 (0.0e+00)
637.374 .... 1305 packets received, 4202 bps, 52.52%, Err 0 (0.0e+00)
639.582 .... 1313 packets received, 4213 bps, 52.66%, Err 0 (0.0e+00)
640.738 ** WARNING: System too busy, sleep 15 ms, but be awakened 119 ms later
641.824 .... 1321 packets received, 4224 bps, 52.80%, Err 0 (0.0e+00)
644.012 .... 1329 packets received, 4235 bps, 52.94%, Err 0 (0.0e+00)
645.365 ** WARNING: System too busy, sleep 15 ms, but be awakened 78 ms later
646.211 .... 1337 packets received, 4246 bps, 53.07%, Err 0 (0.0e+00)
647.934 ** WARNING: System too busy, sleep 15 ms, but be awakened 67 ms later
648.383 .... 1345 packets received, 4257 bps, 53.21%, Err 0 (0.0e+00)
650.566 .... 1353 packets received, 4268 bps, 53.35%, Err 0 (0.0e+00)
652.734 .... 1361 packets received, 4279 bps, 53.49%, Err 0 (0.0e+00)
654.894 ** WARNING: System too busy, sleep 15 ms, but be awakened 72 ms later
655.024 .... 1369 packets received, 4289 bps, 53.61%, Err 0 (0.0e+00)
657.097 .... 1377 packets received, 4300 bps, 53.75%, Err 0 (0.0e+00)
659.270 .... 1385 packets received, 4311 bps, 53.89%, Err 0 (0.0e+00)
661.456 .... 1393 packets received, 4322 bps, 54.02%, Err 0 (0.0e+00)
663.625 .... 1401 packets received, 4332 bps, 54.15%, Err 0 (0.0e+00)
665.801 .... 1409 packets received, 4343 bps, 54.28%, Err 0 (0.0e+00)
668.006 .... 1417 packets received, 4353 bps, 54.41%, Err 0 (0.0e+00)
670.152 .... 1425 packets received, 4363 bps, 54.54%, Err 0 (0.0e+00)
672.331 .... 1433 packets received, 4374 bps, 54.67%, Err 0 (0.0e+00)
674.505 .... 1441 packets received, 4384 bps, 54.80%, Err 0 (0.0e+00)
676.648 .... 1449 packets received, 4394 bps, 54.93%, Err 0 (0.0e+00)
678.836 .... 1457 packets received, 4404 bps, 55.05%, Err 0 (0.0e+00)
680.503 ** WARNING: System too busy, sleep 15 ms, but be awakened 109 ms later
681.057 .... 1465 packets received, 4414 bps, 55.17%, Err 0 (0.0e+00)
682.703 ** WARNING: System too busy, sleep 15 ms, but be awakened 143 ms later
683.207 .... 1473 packets received, 4424 bps, 55.30%, Err 0 (0.0e+00)
685.379 .... 1481 packets received, 4434 bps, 55.42%, Err 0 (0.0e+00)
687.575 .... 1489 packets received, 4444 bps, 55.54%, Err 0 (0.0e+00)
689.750 .... 1497 packets received, 4453 bps, 55.67%, Err 0 (0.0e+00)
691.922 .... 1505 packets received, 4463 bps, 55.79%, Err 0 (0.0e+00)
694.129 .... 1513 packets received, 4472 bps, 55.91%, Err 0 (0.0e+00)
694.851 ** WARNING: System too busy, sleep 15 ms, but be awakened 81 ms later
696.300 .... 1521 packets received, 4482 bps, 56.03%, Err 0 (0.0e+00)
698.477 .... 1529 packets received, 4492 bps, 56.14%, Err 0 (0.0e+00)
700.100 ** WARNING: System too busy, sleep 15 ms, but be awakened 86 ms later
700.115 Quit.
