000.000 =============================================================
000.000                     Station B                               
000.000 -------------------------------------------------------------
000.000 Protocol.lib, version 4.0, jiangyanjun0718@bupt.edu.cn
000.000 Channel: 8000 bps, 270 ms propagation delay, bit error rate 0
000.000 Log file "uB.log", TCP port 30012, debug mask 0x00
000.000 Station B is connecting station A (TCP port 30012) ... Done.
000.927 New epoch: Tue Apr 16 21:08:46 2019
000.927 =================================================================
000.927 
000.927 Designed by CJSoft, build: Apr 16 2019  11:10:40
003.384 .... 8 packets received, 7543 bps, 94.29%, Err 0 (0.0e+00)
005.543 .... 16 packets received, 7566 bps, 94.57%, Err 0 (0.0e+00)
007.751 .... 24 packets received, 7517 bps, 93.96%, Err 0 (0.0e+00)
009.930 .... 32 packets received, 7517 bps, 93.97%, Err 0 (0.0e+00)
012.107 .... 40 packets received, 7519 bps, 93.99%, Err 0 (0.0e+00)
014.299 .... 48 packets received, 7512 bps, 93.89%, Err 0 (0.0e+00)
016.486 .... 56 packets received, 7509 bps, 93.86%, Err 0 (0.0e+00)
018.669 .... 64 packets received, 7508 bps, 93.85%, Err 0 (0.0e+00)
020.836 .... 72 packets received, 7514 bps, 93.93%, Err 0 (0.0e+00)
023.028 .... 80 packets received, 7510 bps, 93.88%, Err 0 (0.0e+00)
025.221 .... 88 packets received, 7507 bps, 93.83%, Err 0 (0.0e+00)
027.393 .... 96 packets received, 7510 bps, 93.87%, Err 0 (0.0e+00)
029.575 .... 104 packets received, 7510 bps, 93.87%, Err 0 (0.0e+00)
031.782 .... 112 packets received, 7503 bps, 93.79%, Err 0 (0.0e+00)
033.952 .... 120 packets received, 7506 bps, 93.83%, Err 0 (0.0e+00)
036.132 .... 128 packets received, 7507 bps, 93.84%, Err 0 (0.0e+00)
038.319 .... 136 packets received, 7506 bps, 93.83%, Err 0 (0.0e+00)
040.505 .... 144 packets received, 7505 bps, 93.82%, Err 0 (0.0e+00)
042.694 .... 152 packets received, 7504 bps, 93.80%, Err 0 (0.0e+00)
044.867 .... 160 packets received, 7506 bps, 93.83%, Err 0 (0.0e+00)
047.040 .... 168 packets received, 7508 bps, 93.85%, Err 0 (0.0e+00)
049.236 .... 176 packets received, 7506 bps, 93.82%, Err 0 (0.0e+00)
051.428 .... 184 packets received, 7504 bps, 93.80%, Err 0 (0.0e+00)
053.602 .... 192 packets received, 7506 bps, 93.82%, Err 0 (0.0e+00)
055.806 .... 200 packets received, 7503 bps, 93.78%, Err 0 (0.0e+00)
057.977 .... 208 packets received, 7504 bps, 93.80%, Err 0 (0.0e+00)
060.160 .... 216 packets received, 7504 bps, 93.80%, Err 0 (0.0e+00)
062.333 .... 224 packets received, 7506 bps, 93.82%, Err 0 (0.0e+00)
064.523 .... 232 packets received, 7505 bps, 93.81%, Err 0 (0.0e+00)
066.729 .... 240 packets received, 7502 bps, 93.78%, Err 0 (0.0e+00)
068.906 .... 248 packets received, 7503 bps, 93.79%, Err 0 (0.0e+00)
071.093 .... 256 packets received, 7503 bps, 93.78%, Err 0 (0.0e+00)
073.273 .... 264 packets received, 7503 bps, 93.79%, Err 0 (0.0e+00)
075.444 .... 272 packets received, 7504 bps, 93.80%, Err 0 (0.0e+00)
077.633 .... 280 packets received, 7504 bps, 93.80%, Err 0 (0.0e+00)
079.805 .... 288 packets received, 7505 bps, 93.81%, Err 0 (0.0e+00)
081.993 .... 296 packets received, 7504 bps, 93.80%, Err 0 (0.0e+00)
084.179 .... 304 packets received, 7504 bps, 93.80%, Err 0 (0.0e+00)
086.364 .... 312 packets received, 7504 bps, 93.80%, Err 0 (0.0e+00)
088.537 .... 320 packets received, 7505 bps, 93.81%, Err 0 (0.0e+00)
090.751 .... 328 packets received, 7502 bps, 93.78%, Err 0 (0.0e+00)
092.908 .... 336 packets received, 7504 bps, 93.81%, Err 0 (0.0e+00)
095.110 .... 344 packets received, 7503 bps, 93.79%, Err 0 (0.0e+00)
097.274 .... 352 packets received, 7504 bps, 93.81%, Err 0 (0.0e+00)
099.477 .... 360 packets received, 7503 bps, 93.79%, Err 0 (0.0e+00)
101.652 .... 368 packets received, 7504 bps, 93.80%, Err 0 (0.0e+00)
103.767 .... 376 packets received, 7509 bps, 93.86%, Err 0 (0.0e+00)
105.905 .... 384 packets received, 7512 bps, 93.90%, Err 0 (0.0e+00)
108.030 .... 392 packets received, 7516 bps, 93.95%, Err 0 (0.0e+00)
110.135 .... 400 packets received, 7521 bps, 94.01%, Err 0 (0.0e+00)
112.272 .... 408 packets received, 7524 bps, 94.05%, Err 0 (0.0e+00)
114.374 .... 416 packets received, 7529 bps, 94.11%, Err 0 (0.0e+00)
116.511 .... 424 packets received, 7531 bps, 94.14%, Err 0 (0.0e+00)
118.617 .... 432 packets received, 7536 bps, 94.20%, Err 0 (0.0e+00)
120.741 .... 440 packets received, 7539 bps, 94.24%, Err 0 (0.0e+00)
122.880 .... 448 packets received, 7541 bps, 94.26%, Err 0 (0.0e+00)
124.987 .... 456 packets received, 7545 bps, 94.31%, Err 0 (0.0e+00)
127.121 .... 464 packets received, 7547 bps, 94.34%, Err 0 (0.0e+00)
129.241 .... 472 packets received, 7550 bps, 94.38%, Err 0 (0.0e+00)
131.377 .... 480 packets received, 7552 bps, 94.40%, Err 0 (0.0e+00)
133.489 .... 488 packets received, 7556 bps, 94.44%, Err 0 (0.0e+00)
135.610 .... 496 packets received, 7558 bps, 94.48%, Err 0 (0.0e+00)
137.727 .... 504 packets received, 7561 bps, 94.51%, Err 0 (0.0e+00)
139.858 .... 512 packets received, 7563 bps, 94.54%, Err 0 (0.0e+00)
141.987 .... 520 packets received, 7565 bps, 94.56%, Err 0 (0.0e+00)
144.114 .... 528 packets received, 7567 bps, 94.59%, Err 0 (0.0e+00)
146.245 .... 536 packets received, 7569 bps, 94.61%, Err 0 (0.0e+00)
148.343 .... 544 packets received, 7572 bps, 94.65%, Err 0 (0.0e+00)
150.488 .... 552 packets received, 7573 bps, 94.66%, Err 0 (0.0e+00)
152.596 .... 560 packets received, 7576 bps, 94.70%, Err 0 (0.0e+00)
154.728 .... 568 packets received, 7577 bps, 94.72%, Err 0 (0.0e+00)
156.850 .... 576 packets received, 7579 bps, 94.74%, Err 0 (0.0e+00)
158.970 .... 584 packets received, 7581 bps, 94.77%, Err 0 (0.0e+00)
161.099 .... 592 packets received, 7583 bps, 94.79%, Err 0 (0.0e+00)
163.235 .... 600 packets received, 7584 bps, 94.80%, Err 0 (0.0e+00)
165.345 .... 608 packets received, 7586 bps, 94.83%, Err 0 (0.0e+00)
167.476 .... 616 packets received, 7588 bps, 94.85%, Err 0 (0.0e+00)
169.595 .... 624 packets received, 7590 bps, 94.87%, Err 0 (0.0e+00)
171.729 .... 632 packets received, 7591 bps, 94.88%, Err 0 (0.0e+00)
173.857 .... 640 packets received, 7592 bps, 94.90%, Err 0 (0.0e+00)
175.960 .... 648 packets received, 7594 bps, 94.93%, Err 0 (0.0e+00)
178.099 .... 656 packets received, 7595 bps, 94.94%, Err 0 (0.0e+00)
180.218 .... 664 packets received, 7597 bps, 94.96%, Err 0 (0.0e+00)
182.335 .... 672 packets received, 7598 bps, 94.98%, Err 0 (0.0e+00)
184.470 .... 680 packets received, 7599 bps, 94.99%, Err 0 (0.0e+00)
186.579 .... 688 packets received, 7601 bps, 95.02%, Err 0 (0.0e+00)
188.709 .... 696 packets received, 7602 bps, 95.03%, Err 0 (0.0e+00)
190.848 .... 704 packets received, 7603 bps, 95.04%, Err 0 (0.0e+00)
192.950 .... 712 packets received, 7605 bps, 95.06%, Err 0 (0.0e+00)
195.077 .... 720 packets received, 7606 bps, 95.08%, Err 0 (0.0e+00)
197.206 .... 728 packets received, 7607 bps, 95.09%, Err 0 (0.0e+00)
199.326 .... 736 packets received, 7608 bps, 95.10%, Err 0 (0.0e+00)
201.471 .... 744 packets received, 7609 bps, 95.11%, Err 0 (0.0e+00)
203.650 .... 752 packets received, 7608 bps, 95.10%, Err 0 (0.0e+00)
205.834 .... 760 packets received, 7607 bps, 95.08%, Err 0 (0.0e+00)
208.002 .... 768 packets received, 7606 bps, 95.08%, Err 0 (0.0e+00)
210.207 .... 776 packets received, 7604 bps, 95.05%, Err 0 (0.0e+00)
212.382 .... 784 packets received, 7604 bps, 95.04%, Err 0 (0.0e+00)
214.562 .... 792 packets received, 7603 bps, 95.03%, Err 0 (0.0e+00)
216.748 .... 800 packets received, 7602 bps, 95.02%, Err 0 (0.0e+00)
218.936 .... 808 packets received, 7600 bps, 95.01%, Err 0 (0.0e+00)
221.117 .... 816 packets received, 7599 bps, 94.99%, Err 0 (0.0e+00)
223.310 .... 824 packets received, 7598 bps, 94.98%, Err 0 (0.0e+00)
225.485 .... 832 packets received, 7598 bps, 94.97%, Err 0 (0.0e+00)
227.666 .... 840 packets received, 7597 bps, 94.96%, Err 0 (0.0e+00)
229.865 .... 848 packets received, 7595 bps, 94.94%, Err 0 (0.0e+00)
232.054 .... 856 packets received, 7594 bps, 94.93%, Err 0 (0.0e+00)
234.217 .... 864 packets received, 7594 bps, 94.93%, Err 0 (0.0e+00)
236.410 .... 872 packets received, 7593 bps, 94.91%, Err 0 (0.0e+00)
238.596 .... 880 packets received, 7592 bps, 94.90%, Err 0 (0.0e+00)
240.773 .... 888 packets received, 7591 bps, 94.89%, Err 0 (0.0e+00)
242.972 .... 896 packets received, 7590 bps, 94.88%, Err 0 (0.0e+00)
245.132 .... 904 packets received, 7590 bps, 94.88%, Err 0 (0.0e+00)
247.312 .... 912 packets received, 7590 bps, 94.87%, Err 0 (0.0e+00)
249.520 .... 920 packets received, 7588 bps, 94.85%, Err 0 (0.0e+00)
251.697 .... 928 packets received, 7587 bps, 94.84%, Err 0 (0.0e+00)
253.879 .... 936 packets received, 7587 bps, 94.83%, Err 0 (0.0e+00)
256.053 .... 944 packets received, 7586 bps, 94.83%, Err 0 (0.0e+00)
258.255 .... 952 packets received, 7585 bps, 94.81%, Err 0 (0.0e+00)
260.443 .... 960 packets received, 7584 bps, 94.80%, Err 0 (0.0e+00)
262.630 .... 968 packets received, 7584 bps, 94.79%, Err 0 (0.0e+00)
264.791 .... 976 packets received, 7583 bps, 94.79%, Err 0 (0.0e+00)
266.990 .... 984 packets received, 7582 bps, 94.78%, Err 0 (0.0e+00)
269.165 .... 992 packets received, 7582 bps, 94.77%, Err 0 (0.0e+00)
271.359 .... 1000 packets received, 7581 bps, 94.76%, Err 0 (0.0e+00)
273.530 .... 1008 packets received, 7581 bps, 94.76%, Err 0 (0.0e+00)
275.712 .... 1016 packets received, 7580 bps, 94.75%, Err 0 (0.0e+00)
277.899 .... 1024 packets received, 7580 bps, 94.74%, Err 0 (0.0e+00)
280.070 .... 1032 packets received, 7579 bps, 94.74%, Err 0 (0.0e+00)
282.280 .... 1040 packets received, 7578 bps, 94.72%, Err 0 (0.0e+00)
284.458 .... 1048 packets received, 7578 bps, 94.72%, Err 0 (0.0e+00)
286.630 .... 1056 packets received, 7577 bps, 94.72%, Err 0 (0.0e+00)
288.829 .... 1064 packets received, 7576 bps, 94.70%, Err 0 (0.0e+00)
290.996 .... 1072 packets received, 7576 bps, 94.70%, Err 0 (0.0e+00)
293.194 .... 1080 packets received, 7575 bps, 94.69%, Err 0 (0.0e+00)
295.366 .... 1088 packets received, 7575 bps, 94.69%, Err 0 (0.0e+00)
297.564 .... 1096 packets received, 7574 bps, 94.68%, Err 0 (0.0e+00)
299.738 .... 1104 packets received, 7574 bps, 94.67%, Err 0 (0.0e+00)
301.921 .... 1112 packets received, 7573 bps, 94.67%, Err 0 (0.0e+00)
304.013 .... 1120 packets received, 7575 bps, 94.69%, Err 0 (0.0e+00)
306.152 .... 1128 packets received, 7576 bps, 94.70%, Err 0 (0.0e+00)
308.269 .... 1136 packets received, 7577 bps, 94.71%, Err 0 (0.0e+00)
310.399 .... 1144 packets received, 7578 bps, 94.72%, Err 0 (0.0e+00)
312.511 .... 1152 packets received, 7579 bps, 94.74%, Err 0 (0.0e+00)
314.648 .... 1160 packets received, 7579 bps, 94.74%, Err 0 (0.0e+00)
316.775 .... 1168 packets received, 7580 bps, 94.75%, Err 0 (0.0e+00)
318.902 .... 1176 packets received, 7581 bps, 94.76%, Err 0 (0.0e+00)
321.012 .... 1184 packets received, 7582 bps, 94.78%, Err 0 (0.0e+00)
323.145 .... 1192 packets received, 7583 bps, 94.79%, Err 0 (0.0e+00)
325.250 .... 1200 packets received, 7584 bps, 94.80%, Err 0 (0.0e+00)
327.397 .... 1208 packets received, 7585 bps, 94.81%, Err 0 (0.0e+00)
329.503 .... 1216 packets received, 7586 bps, 94.82%, Err 0 (0.0e+00)
331.648 .... 1224 packets received, 7586 bps, 94.83%, Err 0 (0.0e+00)
333.774 .... 1232 packets received, 7587 bps, 94.84%, Err 0 (0.0e+00)
335.883 .... 1240 packets received, 7588 bps, 94.85%, Err 0 (0.0e+00)
338.005 .... 1248 packets received, 7589 bps, 94.86%, Err 0 (0.0e+00)
340.140 .... 1256 packets received, 7589 bps, 94.87%, Err 0 (0.0e+00)
342.253 .... 1264 packets received, 7591 bps, 94.88%, Err 0 (0.0e+00)
344.403 .... 1272 packets received, 7591 bps, 94.88%, Err 0 (0.0e+00)
346.501 .... 1280 packets received, 7592 bps, 94.90%, Err 0 (0.0e+00)
348.615 .... 1288 packets received, 7593 bps, 94.91%, Err 0 (0.0e+00)
350.762 .... 1296 packets received, 7593 bps, 94.92%, Err 0 (0.0e+00)
352.862 .... 1304 packets received, 7594 bps, 94.93%, Err 0 (0.0e+00)
355.009 .... 1312 packets received, 7595 bps, 94.93%, Err 0 (0.0e+00)
357.132 .... 1320 packets received, 7595 bps, 94.94%, Err 0 (0.0e+00)
359.257 .... 1328 packets received, 7596 bps, 94.95%, Err 0 (0.0e+00)
361.393 .... 1336 packets received, 7597 bps, 94.96%, Err 0 (0.0e+00)
363.499 .... 1344 packets received, 7598 bps, 94.97%, Err 0 (0.0e+00)
365.654 .... 1352 packets received, 7598 bps, 94.97%, Err 0 (0.0e+00)
367.753 .... 1360 packets received, 7599 bps, 94.99%, Err 0 (0.0e+00)
369.868 .... 1368 packets received, 7600 bps, 95.00%, Err 0 (0.0e+00)
372.005 .... 1376 packets received, 7600 bps, 95.00%, Err 0 (0.0e+00)
374.116 .... 1384 packets received, 7601 bps, 95.01%, Err 0 (0.0e+00)
376.255 .... 1392 packets received, 7601 bps, 95.02%, Err 0 (0.0e+00)
378.389 .... 1400 packets received, 7602 bps, 95.02%, Err 0 (0.0e+00)
380.520 .... 1408 packets received, 7602 bps, 95.03%, Err 0 (0.0e+00)
382.642 .... 1416 packets received, 7603 bps, 95.04%, Err 0 (0.0e+00)
384.768 .... 1424 packets received, 7603 bps, 95.04%, Err 0 (0.0e+00)
386.907 .... 1432 packets received, 7604 bps, 95.05%, Err 0 (0.0e+00)
389.004 .... 1440 packets received, 7605 bps, 95.06%, Err 0 (0.0e+00)
391.123 .... 1448 packets received, 7606 bps, 95.07%, Err 0 (0.0e+00)
393.282 .... 1456 packets received, 7605 bps, 95.07%, Err 0 (0.0e+00)
395.390 .... 1464 packets received, 7606 bps, 95.08%, Err 0 (0.0e+00)
397.518 .... 1472 packets received, 7607 bps, 95.09%, Err 0 (0.0e+00)
399.679 .... 1480 packets received, 7607 bps, 95.08%, Err 0 (0.0e+00)
401.835 .... 1488 packets received, 7607 bps, 95.08%, Err 0 (0.0e+00)
402.682 ** WARNING: System too busy, sleep 15 ms, but be awakened 73 ms later
403.974 .... 1496 packets received, 7607 bps, 95.09%, Err 0 (0.0e+00)
406.180 .... 1504 packets received, 7606 bps, 95.08%, Err 0 (0.0e+00)
408.351 .... 1512 packets received, 7606 bps, 95.07%, Err 0 (0.0e+00)
410.534 .... 1520 packets received, 7605 bps, 95.06%, Err 0 (0.0e+00)
412.766 .... 1528 packets received, 7604 bps, 95.05%, Err 0 (0.0e+00)
414.911 .... 1536 packets received, 7604 bps, 95.05%, Err 0 (0.0e+00)
417.074 .... 1544 packets received, 7604 bps, 95.05%, Err 0 (0.0e+00)
419.274 .... 1552 packets received, 7603 bps, 95.04%, Err 0 (0.0e+00)
421.454 .... 1560 packets received, 7602 bps, 95.03%, Err 0 (0.0e+00)
423.674 .... 1568 packets received, 7601 bps, 95.02%, Err 0 (0.0e+00)
425.844 .... 1576 packets received, 7601 bps, 95.01%, Err 0 (0.0e+00)
427.979 .... 1584 packets received, 7601 bps, 95.02%, Err 0 (0.0e+00)
430.148 .... 1592 packets received, 7601 bps, 95.01%, Err 0 (0.0e+00)
432.351 .... 1600 packets received, 7600 bps, 95.00%, Err 0 (0.0e+00)
434.513 .... 1608 packets received, 7600 bps, 95.00%, Err 0 (0.0e+00)
436.733 .... 1616 packets received, 7599 bps, 94.99%, Err 0 (0.0e+00)
438.869 .... 1624 packets received, 7599 bps, 94.99%, Err 0 (0.0e+00)
441.032 .... 1632 packets received, 7599 bps, 94.99%, Err 0 (0.0e+00)
443.239 .... 1640 packets received, 7598 bps, 94.98%, Err 0 (0.0e+00)
445.399 .... 1648 packets received, 7598 bps, 94.98%, Err 0 (0.0e+00)
447.586 .... 1656 packets received, 7598 bps, 94.97%, Err 0 (0.0e+00)
449.754 .... 1664 packets received, 7598 bps, 94.97%, Err 0 (0.0e+00)
451.913 .... 1672 packets received, 7598 bps, 94.97%, Err 0 (0.0e+00)
454.107 .... 1680 packets received, 7597 bps, 94.96%, Err 0 (0.0e+00)
456.288 .... 1688 packets received, 7597 bps, 94.96%, Err 0 (0.0e+00)
458.428 ** WARNING: System too busy, sleep 15 ms, but be awakened 111 ms later
458.698 .... 1696 packets received, 7592 bps, 94.90%, Err 0 (0.0e+00)
460.935 .... 1705 packets received, 7596 bps, 94.94%, Err 0 (0.0e+00)
463.056 .... 1713 packets received, 7596 bps, 94.95%, Err 0 (0.0e+00)
465.242 .... 1721 packets received, 7596 bps, 94.95%, Err 0 (0.0e+00)
467.428 .... 1729 packets received, 7595 bps, 94.94%, Err 0 (0.0e+00)
469.575 .... 1737 packets received, 7595 bps, 94.94%, Err 0 (0.0e+00)
471.793 .... 1745 packets received, 7594 bps, 94.93%, Err 0 (0.0e+00)
473.929 .... 1753 packets received, 7595 bps, 94.93%, Err 0 (0.0e+00)
476.144 .... 1761 packets received, 7594 bps, 94.92%, Err 0 (0.0e+00)
478.285 .... 1769 packets received, 7594 bps, 94.93%, Err 0 (0.0e+00)
480.497 .... 1777 packets received, 7593 bps, 94.91%, Err 0 (0.0e+00)
482.663 .... 1785 packets received, 7593 bps, 94.91%, Err 0 (0.0e+00)
484.840 .... 1793 packets received, 7593 bps, 94.91%, Err 0 (0.0e+00)
487.013 .... 1801 packets received, 7593 bps, 94.91%, Err 0 (0.0e+00)
488.743 ** WARNING: System too busy, sleep 15 ms, but be awakened 127 ms later
489.214 .... 1807 packets received, 7583 bps, 94.79%, Err 0 (0.0e+00)
490.873 ** WARNING: System too busy, sleep 15 ms, but be awakened 92 ms later
491.215 .... 1816 packets received, 7590 bps, 94.88%, Err 0 (0.0e+00)
493.439 .... 1824 packets received, 7589 bps, 94.86%, Err 0 (0.0e+00)
495.602 .... 1832 packets received, 7589 bps, 94.86%, Err 0 (0.0e+00)
497.755 .... 1840 packets received, 7589 bps, 94.86%, Err 0 (0.0e+00)
499.929 .... 1848 packets received, 7589 bps, 94.86%, Err 0 (0.0e+00)
502.100 .... 1856 packets received, 7589 bps, 94.86%, Err 0 (0.0e+00)
504.284 .... 1864 packets received, 7588 bps, 94.85%, Err 0 (0.0e+00)
504.381 ** WARNING: System too busy, sleep 15 ms, but be awakened 97 ms later
506.423 .... 1872 packets received, 7589 bps, 94.86%, Err 0 (0.0e+00)
508.544 .... 1880 packets received, 7589 bps, 94.86%, Err 0 (0.0e+00)
510.696 ** WARNING: System too busy, sleep 15 ms, but be awakened 100 ms later
510.836 .... 1888 packets received, 7587 bps, 94.84%, Err 0 (0.0e+00)
512.883 .... 1896 packets received, 7589 bps, 94.86%, Err 0 (0.0e+00)
515.007 .... 1904 packets received, 7589 bps, 94.87%, Err 0 (0.0e+00)
517.114 .... 1912 packets received, 7590 bps, 94.88%, Err 0 (0.0e+00)
519.261 .... 1920 packets received, 7590 bps, 94.88%, Err 0 (0.0e+00)
521.386 .... 1928 packets received, 7591 bps, 94.89%, Err 0 (0.0e+00)
522.068 ** WARNING: System too busy, sleep 15 ms, but be awakened 67 ms later
523.503 .... 1936 packets received, 7591 bps, 94.89%, Err 0 (0.0e+00)
525.666 .... 1944 packets received, 7591 bps, 94.89%, Err 0 (0.0e+00)
527.798 .... 1952 packets received, 7592 bps, 94.90%, Err 0 (0.0e+00)
529.877 .... 1960 packets received, 7593 bps, 94.91%, Err 0 (0.0e+00)
532.003 .... 1968 packets received, 7593 bps, 94.92%, Err 0 (0.0e+00)
534.139 .... 1976 packets received, 7594 bps, 94.92%, Err 0 (0.0e+00)
536.237 .... 1984 packets received, 7594 bps, 94.93%, Err 0 (0.0e+00)
538.364 .... 1992 packets received, 7595 bps, 94.94%, Err 0 (0.0e+00)
540.492 .... 2000 packets received, 7595 bps, 94.94%, Err 0 (0.0e+00)
542.618 .... 2008 packets received, 7596 bps, 94.95%, Err 0 (0.0e+00)
544.758 .... 2016 packets received, 7596 bps, 94.95%, Err 0 (0.0e+00)
546.880 .... 2024 packets received, 7596 bps, 94.96%, Err 0 (0.0e+00)
548.993 .... 2032 packets received, 7597 bps, 94.96%, Err 0 (0.0e+00)
551.126 .... 2040 packets received, 7597 bps, 94.97%, Err 0 (0.0e+00)
553.243 .... 2048 packets received, 7598 bps, 94.97%, Err 0 (0.0e+00)
555.376 .... 2056 packets received, 7598 bps, 94.98%, Err 0 (0.0e+00)
557.484 .... 2064 packets received, 7599 bps, 94.99%, Err 0 (0.0e+00)
559.606 .... 2072 packets received, 7599 bps, 94.99%, Err 0 (0.0e+00)
561.739 .... 2080 packets received, 7600 bps, 95.00%, Err 0 (0.0e+00)
563.849 .... 2088 packets received, 7600 bps, 95.00%, Err 0 (0.0e+00)
565.994 .... 2096 packets received, 7600 bps, 95.01%, Err 0 (0.0e+00)
568.113 .... 2104 packets received, 7601 bps, 95.01%, Err 0 (0.0e+00)
569.677 ** WARNING: System too busy, sleep 15 ms, but be awakened 74 ms later
570.249 .... 2112 packets received, 7601 bps, 95.02%, Err 0 (0.0e+00)
572.382 .... 2120 packets received, 7602 bps, 95.02%, Err 0 (0.0e+00)
574.525 .... 2128 packets received, 7602 bps, 95.02%, Err 0 (0.0e+00)
576.615 .... 2136 packets received, 7603 bps, 95.03%, Err 0 (0.0e+00)
578.694 ** WARNING: System too busy, sleep 15 ms, but be awakened 119 ms later
578.956 .... 2144 packets received, 7600 bps, 95.00%, Err 0 (0.0e+00)
581.145 .... 2153 packets received, 7603 bps, 95.04%, Err 0 (0.0e+00)
583.283 .... 2161 packets received, 7603 bps, 95.04%, Err 0 (0.0e+00)
585.396 .... 2169 packets received, 7604 bps, 95.05%, Err 0 (0.0e+00)
587.520 .... 2177 packets received, 7604 bps, 95.05%, Err 0 (0.0e+00)
589.649 .... 2185 packets received, 7605 bps, 95.06%, Err 0 (0.0e+00)
591.777 .... 2193 packets received, 7605 bps, 95.06%, Err 0 (0.0e+00)
593.919 .... 2201 packets received, 7605 bps, 95.07%, Err 0 (0.0e+00)
596.024 .... 2209 packets received, 7606 bps, 95.07%, Err 0 (0.0e+00)
598.142 .... 2217 packets received, 7606 bps, 95.08%, Err 0 (0.0e+00)
600.298 .... 2225 packets received, 7606 bps, 95.08%, Err 0 (0.0e+00)
602.434 .... 2233 packets received, 7606 bps, 95.08%, Err 0 (0.0e+00)
604.619 .... 2241 packets received, 7606 bps, 95.08%, Err 0 (0.0e+00)
606.810 .... 2249 packets received, 7606 bps, 95.07%, Err 0 (0.0e+00)
608.963 .... 2257 packets received, 7606 bps, 95.07%, Err 0 (0.0e+00)
611.152 .... 2265 packets received, 7605 bps, 95.07%, Err 0 (0.0e+00)
613.318 .... 2273 packets received, 7605 bps, 95.06%, Err 0 (0.0e+00)
613.603 ** WARNING: System too busy, sleep 15 ms, but be awakened 95 ms later
615.537 .... 2281 packets received, 7604 bps, 95.05%, Err 0 (0.0e+00)
617.771 .... 2289 packets received, 7603 bps, 95.04%, Err 0 (0.0e+00)
618.694 ** WARNING: System too busy, sleep 15 ms, but be awakened 120 ms later
619.956 .... 2297 packets received, 7603 bps, 95.04%, Err 0 (0.0e+00)
622.135 .... 2305 packets received, 7603 bps, 95.03%, Err 0 (0.0e+00)
624.298 .... 2313 packets received, 7603 bps, 95.03%, Err 0 (0.0e+00)
625.753 ** WARNING: System too busy, sleep 15 ms, but be awakened 81 ms later
626.449 .... 2321 packets received, 7603 bps, 95.03%, Err 0 (0.0e+00)
627.687 ** WARNING: System too busy, sleep 15 ms, but be awakened 68 ms later
628.881 .... 2329 packets received, 7599 bps, 94.99%, Err 0 (0.0e+00)
630.927 .... 2337 packets received, 7601 bps, 95.01%, Err 0 (0.0e+00)
633.097 .... 2345 packets received, 7600 bps, 95.00%, Err 0 (0.0e+00)
635.280 .... 2353 packets received, 7600 bps, 95.00%, Err 0 (0.0e+00)
637.469 .... 2361 packets received, 7600 bps, 95.00%, Err 0 (0.0e+00)
639.691 .... 2369 packets received, 7599 bps, 94.99%, Err 0 (0.0e+00)
640.736 ** WARNING: System too busy, sleep 15 ms, but be awakened 122 ms later
641.819 .... 2377 packets received, 7599 bps, 94.99%, Err 0 (0.0e+00)
644.012 .... 2385 packets received, 7599 bps, 94.98%, Err 0 (0.0e+00)
645.371 ** WARNING: System too busy, sleep 15 ms, but be awakened 70 ms later
646.191 .... 2393 packets received, 7598 bps, 94.98%, Err 0 (0.0e+00)
647.934 ** WARNING: System too busy, sleep 15 ms, but be awakened 69 ms later
648.368 .... 2401 packets received, 7598 bps, 94.98%, Err 0 (0.0e+00)
650.564 .... 2409 packets received, 7598 bps, 94.97%, Err 0 (0.0e+00)
652.719 .... 2417 packets received, 7598 bps, 94.97%, Err 0 (0.0e+00)
654.893 ** WARNING: System too busy, sleep 15 ms, but be awakened 70 ms later
654.980 .... 2425 packets received, 7597 bps, 94.96%, Err 0 (0.0e+00)
656.320 ** WARNING: System too busy, sleep 15 ms, but be awakened 67 ms later
657.065 .... 2433 packets received, 7597 bps, 94.97%, Err 0 (0.0e+00)
659.270 .... 2441 packets received, 7597 bps, 94.96%, Err 0 (0.0e+00)
661.457 .... 2449 packets received, 7597 bps, 94.96%, Err 0 (0.0e+00)
663.625 .... 2457 packets received, 7596 bps, 94.95%, Err 0 (0.0e+00)
665.798 .... 2465 packets received, 7596 bps, 94.95%, Err 0 (0.0e+00)
667.991 .... 2473 packets received, 7596 bps, 94.95%, Err 0 (0.0e+00)
670.132 .... 2481 packets received, 7596 bps, 94.95%, Err 0 (0.0e+00)
672.313 .... 2489 packets received, 7596 bps, 94.95%, Err 0 (0.0e+00)
674.492 .... 2497 packets received, 7595 bps, 94.94%, Err 0 (0.0e+00)
676.665 .... 2505 packets received, 7595 bps, 94.94%, Err 0 (0.0e+00)
678.115 ** WARNING: System too busy, sleep 15 ms, but be awakened 66 ms later
678.850 .... 2513 packets received, 7595 bps, 94.94%, Err 0 (0.0e+00)
680.494 ** WARNING: System too busy, sleep 15 ms, but be awakened 105 ms later
681.070 .... 2521 packets received, 7594 bps, 94.93%, Err 0 (0.0e+00)
683.273 .... 2529 packets received, 7594 bps, 94.92%, Err 0 (0.0e+00)
685.394 .... 2537 packets received, 7594 bps, 94.93%, Err 0 (0.0e+00)
687.566 .... 2545 packets received, 7594 bps, 94.92%, Err 0 (0.0e+00)
689.780 .... 2553 packets received, 7593 bps, 94.92%, Err 0 (0.0e+00)
691.944 .... 2561 packets received, 7593 bps, 94.92%, Err 0 (0.0e+00)
692.221 ** WARNING: System too busy, sleep 15 ms, but be awakened 66 ms later
694.125 .... 2569 packets received, 7593 bps, 94.91%, Err 0 (0.0e+00)
694.850 ** WARNING: System too busy, sleep 15 ms, but be awakened 80 ms later
696.282 .... 2577 packets received, 7593 bps, 94.91%, Err 0 (0.0e+00)
698.491 .... 2585 packets received, 7592 bps, 94.91%, Err 0 (0.0e+00)
700.099 ** WARNING: System too busy, sleep 15 ms, but be awakened 86 ms later
700.099 Quit.
