000.000 =============================================================
000.000                     Station A                               
000.000 -------------------------------------------------------------
000.000 Protocol.lib, version 4.0, jiangyanjun0718@bupt.edu.cn
000.000 Channel: 8000 bps, 270 ms propagation delay, bit error rate 0
000.000 Log file "ufA.log", TCP port 30013, debug mask 0x00
000.000 Station A is waiting for station B on TCP port 30013 ... Done.
000.977 New epoch: Tue Apr 16 21:08:46 2019
000.977 =================================================================
000.977 
000.977 Designed by CJSoft, build: Apr 16 2019  11:10:40
003.417 .... 8 packets received, 7554 bps, 94.42%, Err 0 (0.0e+00)
005.576 .... 16 packets received, 7571 bps, 94.64%, Err 0 (0.0e+00)
007.767 .... 24 packets received, 7540 bps, 94.25%, Err 0 (0.0e+00)
009.945 .... 32 packets received, 7535 bps, 94.19%, Err 0 (0.0e+00)
012.120 .... 40 packets received, 7535 bps, 94.19%, Err 0 (0.0e+00)
014.284 .... 48 packets received, 7541 bps, 94.26%, Err 0 (0.0e+00)
016.460 .... 56 packets received, 7539 bps, 94.24%, Err 0 (0.0e+00)
018.652 .... 64 packets received, 7531 bps, 94.14%, Err 0 (0.0e+00)
020.821 .... 72 packets received, 7534 bps, 94.17%, Err 0 (0.0e+00)
022.997 .... 80 packets received, 7533 bps, 94.17%, Err 0 (0.0e+00)
025.163 .... 88 packets received, 7536 bps, 94.20%, Err 0 (0.0e+00)
027.345 .... 96 packets received, 7534 bps, 94.17%, Err 0 (0.0e+00)
029.513 .... 104 packets received, 7536 bps, 94.19%, Err 0 (0.0e+00)
031.713 .... 112 packets received, 7529 bps, 94.11%, Err 0 (0.0e+00)
033.884 .... 120 packets received, 7530 bps, 94.13%, Err 0 (0.0e+00)
036.054 .... 128 packets received, 7532 bps, 94.14%, Err 0 (0.0e+00)
038.211 .... 136 packets received, 7535 bps, 94.19%, Err 0 (0.0e+00)
040.411 .... 144 packets received, 7530 bps, 94.13%, Err 0 (0.0e+00)
042.559 .... 152 packets received, 7535 bps, 94.19%, Err 0 (0.0e+00)
044.742 .... 160 packets received, 7534 bps, 94.17%, Err 0 (0.0e+00)
046.916 .... 168 packets received, 7534 bps, 94.18%, Err 0 (0.0e+00)
049.086 .... 176 packets received, 7535 bps, 94.18%, Err 0 (0.0e+00)
051.272 .... 184 packets received, 7533 bps, 94.16%, Err 0 (0.0e+00)
053.457 .... 192 packets received, 7532 bps, 94.14%, Err 0 (0.0e+00)
055.612 .... 200 packets received, 7534 bps, 94.18%, Err 0 (0.0e+00)
057.805 .... 208 packets received, 7532 bps, 94.15%, Err 0 (0.0e+00)
059.973 .... 216 packets received, 7533 bps, 94.16%, Err 0 (0.0e+00)
062.147 .... 224 packets received, 7533 bps, 94.16%, Err 0 (0.0e+00)
064.319 .... 232 packets received, 7533 bps, 94.17%, Err 0 (0.0e+00)
066.503 .... 240 packets received, 7532 bps, 94.15%, Err 0 (0.0e+00)
068.684 .... 248 packets received, 7532 bps, 94.15%, Err 0 (0.0e+00)
070.843 .... 256 packets received, 7533 bps, 94.17%, Err 0 (0.0e+00)
073.029 .... 264 packets received, 7532 bps, 94.15%, Err 0 (0.0e+00)
075.222 .... 272 packets received, 7530 bps, 94.13%, Err 0 (0.0e+00)
077.407 .... 280 packets received, 7530 bps, 94.12%, Err 0 (0.0e+00)
079.567 .... 288 packets received, 7531 bps, 94.14%, Err 0 (0.0e+00)
081.757 .... 296 packets received, 7530 bps, 94.12%, Err 0 (0.0e+00)
083.915 .... 304 packets received, 7531 bps, 94.14%, Err 0 (0.0e+00)
086.099 .... 312 packets received, 7531 bps, 94.13%, Err 0 (0.0e+00)
088.269 .... 320 packets received, 7531 bps, 94.14%, Err 0 (0.0e+00)
090.452 .... 328 packets received, 7530 bps, 94.13%, Err 0 (0.0e+00)
092.618 .... 336 packets received, 7531 bps, 94.14%, Err 0 (0.0e+00)
094.810 .... 344 packets received, 7530 bps, 94.12%, Err 0 (0.0e+00)
096.977 .... 352 packets received, 7531 bps, 94.13%, Err 0 (0.0e+00)
099.132 .... 360 packets received, 7532 bps, 94.15%, Err 0 (0.0e+00)
101.315 .... 368 packets received, 7532 bps, 94.14%, Err 0 (0.0e+00)
103.490 .... 376 packets received, 7532 bps, 94.15%, Err 0 (0.0e+00)
105.669 .... 384 packets received, 7531 bps, 94.14%, Err 0 (0.0e+00)
107.848 .... 392 packets received, 7531 bps, 94.14%, Err 0 (0.0e+00)
110.036 .... 400 packets received, 7530 bps, 94.13%, Err 0 (0.0e+00)
112.219 .... 408 packets received, 7530 bps, 94.12%, Err 0 (0.0e+00)
114.402 .... 416 packets received, 7529 bps, 94.12%, Err 0 (0.0e+00)
116.561 .... 424 packets received, 7530 bps, 94.13%, Err 0 (0.0e+00)
118.744 .... 432 packets received, 7530 bps, 94.12%, Err 0 (0.0e+00)
120.914 .... 440 packets received, 7530 bps, 94.13%, Err 0 (0.0e+00)
123.096 .... 448 packets received, 7530 bps, 94.12%, Err 0 (0.0e+00)
125.271 .... 456 packets received, 7530 bps, 94.12%, Err 0 (0.0e+00)
127.439 .... 464 packets received, 7530 bps, 94.13%, Err 0 (0.0e+00)
129.611 .... 472 packets received, 7531 bps, 94.13%, Err 0 (0.0e+00)
131.790 .... 480 packets received, 7530 bps, 94.13%, Err 0 (0.0e+00)
133.983 .... 488 packets received, 7529 bps, 94.12%, Err 0 (0.0e+00)
136.149 .... 496 packets received, 7530 bps, 94.13%, Err 0 (0.0e+00)
138.319 .... 504 packets received, 7530 bps, 94.13%, Err 0 (0.0e+00)
140.518 .... 512 packets received, 7529 bps, 94.11%, Err 0 (0.0e+00)
142.670 .... 520 packets received, 7530 bps, 94.13%, Err 0 (0.0e+00)
144.851 .... 528 packets received, 7530 bps, 94.13%, Err 0 (0.0e+00)
147.045 .... 536 packets received, 7529 bps, 94.11%, Err 0 (0.0e+00)
149.201 .... 544 packets received, 7530 bps, 94.13%, Err 0 (0.0e+00)
151.367 .... 552 packets received, 7531 bps, 94.13%, Err 0 (0.0e+00)
153.560 .... 560 packets received, 7530 bps, 94.12%, Err 0 (0.0e+00)
155.732 .... 568 packets received, 7530 bps, 94.12%, Err 0 (0.0e+00)
157.898 .... 576 packets received, 7530 bps, 94.13%, Err 0 (0.0e+00)
160.098 .... 584 packets received, 7529 bps, 94.12%, Err 0 (0.0e+00)
162.271 .... 592 packets received, 7529 bps, 94.12%, Err 0 (0.0e+00)
164.441 .... 600 packets received, 7530 bps, 94.12%, Err 0 (0.0e+00)
166.631 .... 608 packets received, 7529 bps, 94.11%, Err 0 (0.0e+00)
168.810 .... 616 packets received, 7529 bps, 94.11%, Err 0 (0.0e+00)
170.998 .... 624 packets received, 7528 bps, 94.11%, Err 0 (0.0e+00)
173.132 .... 632 packets received, 7530 bps, 94.13%, Err 0 (0.0e+00)
175.328 .... 640 packets received, 7529 bps, 94.12%, Err 0 (0.0e+00)
177.494 .... 648 packets received, 7530 bps, 94.12%, Err 0 (0.0e+00)
179.664 .... 656 packets received, 7530 bps, 94.13%, Err 0 (0.0e+00)
181.850 .... 664 packets received, 7530 bps, 94.12%, Err 0 (0.0e+00)
184.015 .... 672 packets received, 7530 bps, 94.13%, Err 0 (0.0e+00)
186.194 .... 680 packets received, 7530 bps, 94.12%, Err 0 (0.0e+00)
188.378 .... 688 packets received, 7530 bps, 94.12%, Err 0 (0.0e+00)
190.552 .... 696 packets received, 7530 bps, 94.12%, Err 0 (0.0e+00)
192.741 .... 704 packets received, 7529 bps, 94.12%, Err 0 (0.0e+00)
194.898 .... 712 packets received, 7530 bps, 94.12%, Err 0 (0.0e+00)
197.084 .... 720 packets received, 7530 bps, 94.12%, Err 0 (0.0e+00)
199.257 .... 728 packets received, 7530 bps, 94.12%, Err 0 (0.0e+00)
201.424 .... 736 packets received, 7530 bps, 94.13%, Err 0 (0.0e+00)
203.615 .... 744 packets received, 7529 bps, 94.12%, Err 0 (0.0e+00)
205.774 .... 752 packets received, 7530 bps, 94.13%, Err 0 (0.0e+00)
207.957 .... 760 packets received, 7530 bps, 94.12%, Err 0 (0.0e+00)
210.128 .... 768 packets received, 7530 bps, 94.12%, Err 0 (0.0e+00)
212.319 .... 776 packets received, 7529 bps, 94.12%, Err 0 (0.0e+00)
214.492 .... 784 packets received, 7530 bps, 94.12%, Err 0 (0.0e+00)
216.684 .... 792 packets received, 7529 bps, 94.11%, Err 0 (0.0e+00)
218.857 .... 800 packets received, 7529 bps, 94.11%, Err 0 (0.0e+00)
221.039 .... 808 packets received, 7529 bps, 94.11%, Err 0 (0.0e+00)
223.200 .... 816 packets received, 7529 bps, 94.12%, Err 0 (0.0e+00)
225.379 .... 824 packets received, 7529 bps, 94.12%, Err 0 (0.0e+00)
227.530 .... 832 packets received, 7530 bps, 94.13%, Err 0 (0.0e+00)
229.719 .... 840 packets received, 7530 bps, 94.12%, Err 0 (0.0e+00)
231.896 .... 848 packets received, 7530 bps, 94.12%, Err 0 (0.0e+00)
234.059 .... 856 packets received, 7530 bps, 94.13%, Err 0 (0.0e+00)
236.242 .... 864 packets received, 7530 bps, 94.12%, Err 0 (0.0e+00)
238.423 .... 872 packets received, 7530 bps, 94.12%, Err 0 (0.0e+00)
240.580 .... 880 packets received, 7530 bps, 94.13%, Err 0 (0.0e+00)
242.772 .... 888 packets received, 7530 bps, 94.12%, Err 0 (0.0e+00)
244.945 .... 896 packets received, 7530 bps, 94.12%, Err 0 (0.0e+00)
247.124 .... 904 packets received, 7530 bps, 94.12%, Err 0 (0.0e+00)
249.287 .... 912 packets received, 7530 bps, 94.13%, Err 0 (0.0e+00)
251.458 .... 920 packets received, 7530 bps, 94.13%, Err 0 (0.0e+00)
253.642 .... 928 packets received, 7530 bps, 94.13%, Err 0 (0.0e+00)
255.814 .... 936 packets received, 7530 bps, 94.13%, Err 0 (0.0e+00)
258.005 .... 944 packets received, 7530 bps, 94.12%, Err 0 (0.0e+00)
260.178 .... 952 packets received, 7530 bps, 94.12%, Err 0 (0.0e+00)
262.345 .... 960 packets received, 7530 bps, 94.13%, Err 0 (0.0e+00)
264.524 .... 968 packets received, 7530 bps, 94.12%, Err 0 (0.0e+00)
266.695 .... 976 packets received, 7530 bps, 94.13%, Err 0 (0.0e+00)
268.869 .... 984 packets received, 7530 bps, 94.13%, Err 0 (0.0e+00)
271.049 .... 992 packets received, 7530 bps, 94.13%, Err 0 (0.0e+00)
273.231 .... 1000 packets received, 7530 bps, 94.12%, Err 0 (0.0e+00)
275.397 .... 1008 packets received, 7530 bps, 94.13%, Err 0 (0.0e+00)
277.566 .... 1016 packets received, 7530 bps, 94.13%, Err 0 (0.0e+00)
279.744 .... 1024 packets received, 7530 bps, 94.13%, Err 0 (0.0e+00)
281.922 .... 1032 packets received, 7530 bps, 94.13%, Err 0 (0.0e+00)
284.097 .... 1040 packets received, 7530 bps, 94.13%, Err 0 (0.0e+00)
286.286 .... 1048 packets received, 7530 bps, 94.12%, Err 0 (0.0e+00)
288.453 .... 1056 packets received, 7530 bps, 94.13%, Err 0 (0.0e+00)
290.631 .... 1064 packets received, 7530 bps, 94.13%, Err 0 (0.0e+00)
292.805 .... 1072 packets received, 7530 bps, 94.13%, Err 0 (0.0e+00)
294.992 .... 1080 packets received, 7530 bps, 94.12%, Err 0 (0.0e+00)
297.175 .... 1088 packets received, 7530 bps, 94.12%, Err 0 (0.0e+00)
299.345 .... 1096 packets received, 7530 bps, 94.12%, Err 0 (0.0e+00)
301.525 .... 1104 packets received, 7530 bps, 94.12%, Err 0 (0.0e+00)
303.696 .... 1112 packets received, 7530 bps, 94.12%, Err 0 (0.0e+00)
305.852 .... 1120 packets received, 7530 bps, 94.13%, Err 0 (0.0e+00)
308.037 .... 1128 packets received, 7530 bps, 94.13%, Err 0 (0.0e+00)
310.214 .... 1136 packets received, 7530 bps, 94.13%, Err 0 (0.0e+00)
312.389 .... 1144 packets received, 7530 bps, 94.13%, Err 0 (0.0e+00)
314.569 .... 1152 packets received, 7530 bps, 94.12%, Err 0 (0.0e+00)
316.745 .... 1160 packets received, 7530 bps, 94.12%, Err 0 (0.0e+00)
318.905 .... 1168 packets received, 7530 bps, 94.13%, Err 0 (0.0e+00)
321.079 .... 1176 packets received, 7530 bps, 94.13%, Err 0 (0.0e+00)
323.266 .... 1184 packets received, 7530 bps, 94.13%, Err 0 (0.0e+00)
325.430 .... 1192 packets received, 7530 bps, 94.13%, Err 0 (0.0e+00)
327.617 .... 1200 packets received, 7530 bps, 94.13%, Err 0 (0.0e+00)
329.799 .... 1208 packets received, 7530 bps, 94.12%, Err 0 (0.0e+00)
331.966 .... 1216 packets received, 7530 bps, 94.13%, Err 0 (0.0e+00)
334.140 .... 1224 packets received, 7530 bps, 94.13%, Err 0 (0.0e+00)
336.315 .... 1232 packets received, 7530 bps, 94.13%, Err 0 (0.0e+00)
338.498 .... 1240 packets received, 7530 bps, 94.13%, Err 0 (0.0e+00)
340.683 .... 1248 packets received, 7530 bps, 94.12%, Err 0 (0.0e+00)
342.856 .... 1256 packets received, 7530 bps, 94.12%, Err 0 (0.0e+00)
345.037 .... 1264 packets received, 7530 bps, 94.12%, Err 0 (0.0e+00)
347.218 .... 1272 packets received, 7530 bps, 94.12%, Err 0 (0.0e+00)
349.395 .... 1280 packets received, 7530 bps, 94.12%, Err 0 (0.0e+00)
351.573 .... 1288 packets received, 7530 bps, 94.12%, Err 0 (0.0e+00)
353.738 .... 1296 packets received, 7530 bps, 94.12%, Err 0 (0.0e+00)
355.911 .... 1304 packets received, 7530 bps, 94.12%, Err 0 (0.0e+00)
358.085 .... 1312 packets received, 7530 bps, 94.12%, Err 0 (0.0e+00)
360.258 .... 1320 packets received, 7530 bps, 94.13%, Err 0 (0.0e+00)
362.447 .... 1328 packets received, 7530 bps, 94.12%, Err 0 (0.0e+00)
364.636 .... 1336 packets received, 7529 bps, 94.12%, Err 0 (0.0e+00)
366.788 .... 1344 packets received, 7530 bps, 94.12%, Err 0 (0.0e+00)
369.000 .... 1352 packets received, 7529 bps, 94.12%, Err 0 (0.0e+00)
371.134 .... 1360 packets received, 7530 bps, 94.13%, Err 0 (0.0e+00)
373.305 .... 1368 packets received, 7530 bps, 94.13%, Err 0 (0.0e+00)
375.490 .... 1376 packets received, 7530 bps, 94.13%, Err 0 (0.0e+00)
377.646 .... 1384 packets received, 7530 bps, 94.13%, Err 0 (0.0e+00)
379.860 .... 1392 packets received, 7530 bps, 94.12%, Err 0 (0.0e+00)
382.036 .... 1400 packets received, 7530 bps, 94.12%, Err 0 (0.0e+00)
384.196 .... 1408 packets received, 7530 bps, 94.12%, Err 0 (0.0e+00)
386.394 .... 1416 packets received, 7530 bps, 94.12%, Err 0 (0.0e+00)
388.561 .... 1424 packets received, 7530 bps, 94.12%, Err 0 (0.0e+00)
390.741 .... 1432 packets received, 7530 bps, 94.12%, Err 0 (0.0e+00)
392.942 .... 1440 packets received, 7529 bps, 94.11%, Err 0 (0.0e+00)
395.081 .... 1448 packets received, 7530 bps, 94.12%, Err 0 (0.0e+00)
397.261 .... 1456 packets received, 7530 bps, 94.12%, Err 0 (0.0e+00)
399.453 .... 1464 packets received, 7529 bps, 94.12%, Err 0 (0.0e+00)
401.656 .... 1472 packets received, 7529 bps, 94.11%, Err 0 (0.0e+00)
402.687 ** WARNING: System too busy, sleep 15 ms, but be awakened 75 ms later
403.834 .... 1480 packets received, 7529 bps, 94.11%, Err 0 (0.0e+00)
405.997 .... 1488 packets received, 7529 bps, 94.11%, Err 0 (0.0e+00)
408.191 .... 1496 packets received, 7529 bps, 94.11%, Err 0 (0.0e+00)
410.333 .... 1504 packets received, 7529 bps, 94.12%, Err 0 (0.0e+00)
412.508 .... 1512 packets received, 7529 bps, 94.12%, Err 0 (0.0e+00)
414.687 .... 1520 packets received, 7529 bps, 94.12%, Err 0 (0.0e+00)
416.874 .... 1528 packets received, 7529 bps, 94.12%, Err 0 (0.0e+00)
419.048 .... 1536 packets received, 7529 bps, 94.12%, Err 0 (0.0e+00)
421.222 .... 1544 packets received, 7529 bps, 94.12%, Err 0 (0.0e+00)
423.409 .... 1552 packets received, 7529 bps, 94.11%, Err 0 (0.0e+00)
425.566 .... 1560 packets received, 7529 bps, 94.12%, Err 0 (0.0e+00)
427.774 .... 1568 packets received, 7529 bps, 94.11%, Err 0 (0.0e+00)
429.909 .... 1576 packets received, 7530 bps, 94.12%, Err 0 (0.0e+00)
432.110 .... 1584 packets received, 7529 bps, 94.11%, Err 0 (0.0e+00)
434.267 .... 1592 packets received, 7529 bps, 94.12%, Err 0 (0.0e+00)
436.428 .... 1600 packets received, 7530 bps, 94.12%, Err 0 (0.0e+00)
438.611 .... 1608 packets received, 7530 bps, 94.12%, Err 0 (0.0e+00)
440.813 .... 1616 packets received, 7529 bps, 94.11%, Err 0 (0.0e+00)
442.974 .... 1624 packets received, 7529 bps, 94.12%, Err 0 (0.0e+00)
445.152 .... 1632 packets received, 7529 bps, 94.12%, Err 0 (0.0e+00)
447.322 .... 1640 packets received, 7530 bps, 94.12%, Err 0 (0.0e+00)
449.497 .... 1648 packets received, 7530 bps, 94.12%, Err 0 (0.0e+00)
451.723 .... 1656 packets received, 7529 bps, 94.11%, Err 0 (0.0e+00)
453.844 .... 1664 packets received, 7530 bps, 94.12%, Err 0 (0.0e+00)
456.007 .... 1672 packets received, 7530 bps, 94.12%, Err 0 (0.0e+00)
456.603 ** WARNING: System too busy, sleep 15 ms, but be awakened 73 ms later
458.222 .... 1680 packets received, 7529 bps, 94.11%, Err 0 (0.0e+00)
458.656 ** WARNING: System too busy, sleep 15 ms, but be awakened 119 ms later
460.409 .... 1688 packets received, 7529 bps, 94.11%, Err 0 (0.0e+00)
462.565 .... 1696 packets received, 7529 bps, 94.12%, Err 0 (0.0e+00)
464.739 .... 1704 packets received, 7529 bps, 94.12%, Err 0 (0.0e+00)
466.955 .... 1712 packets received, 7529 bps, 94.11%, Err 0 (0.0e+00)
469.109 .... 1720 packets received, 7529 bps, 94.11%, Err 0 (0.0e+00)
471.293 .... 1728 packets received, 7529 bps, 94.11%, Err 0 (0.0e+00)
473.463 .... 1736 packets received, 7529 bps, 94.11%, Err 0 (0.0e+00)
475.644 .... 1744 packets received, 7529 bps, 94.11%, Err 0 (0.0e+00)
477.827 .... 1752 packets received, 7529 bps, 94.11%, Err 0 (0.0e+00)
480.006 .... 1760 packets received, 7529 bps, 94.11%, Err 0 (0.0e+00)
482.174 .... 1768 packets received, 7529 bps, 94.11%, Err 0 (0.0e+00)
484.376 .... 1776 packets received, 7529 bps, 94.11%, Err 0 (0.0e+00)
486.536 .... 1784 packets received, 7529 bps, 94.11%, Err 0 (0.0e+00)
488.566 .... 1791 packets received, 7527 bps, 94.09%, Err 0 (0.0e+00)
488.742 ** WARNING: System too busy, sleep 15 ms, but be awakened 126 ms later
490.663 .... 1799 packets received, 7528 bps, 94.10%, Err 0 (0.0e+00)
490.872 ** WARNING: System too busy, sleep 15 ms, but be awakened 90 ms later
492.837 .... 1807 packets received, 7528 bps, 94.10%, Err 0 (0.0e+00)
495.013 .... 1815 packets received, 7528 bps, 94.10%, Err 0 (0.0e+00)
497.200 .... 1823 packets received, 7528 bps, 94.10%, Err 0 (0.0e+00)
499.371 .... 1831 packets received, 7528 bps, 94.10%, Err 0 (0.0e+00)
501.545 .... 1839 packets received, 7528 bps, 94.10%, Err 0 (0.0e+00)
503.729 .... 1847 packets received, 7528 bps, 94.10%, Err 0 (0.0e+00)
505.574 ** WARNING: System too busy, sleep 15 ms, but be awakened 108 ms later
505.833 .... 1854 packets received, 7525 bps, 94.06%, Err 0 (0.0e+00)
507.836 .... 1862 packets received, 7528 bps, 94.09%, Err 0 (0.0e+00)
510.004 .... 1870 packets received, 7528 bps, 94.10%, Err 0 (0.0e+00)
512.188 .... 1878 packets received, 7528 bps, 94.09%, Err 0 (0.0e+00)
514.376 .... 1886 packets received, 7527 bps, 94.09%, Err 0 (0.0e+00)
516.538 .... 1894 packets received, 7528 bps, 94.10%, Err 0 (0.0e+00)
518.768 .... 1902 packets received, 7527 bps, 94.09%, Err 0 (0.0e+00)
520.948 .... 1910 packets received, 7527 bps, 94.09%, Err 0 (0.0e+00)
522.068 ** WARNING: System too busy, sleep 15 ms, but be awakened 67 ms later
523.097 .... 1918 packets received, 7527 bps, 94.09%, Err 0 (0.0e+00)
525.258 .... 1926 packets received, 7527 bps, 94.09%, Err 0 (0.0e+00)
527.456 .... 1934 packets received, 7527 bps, 94.09%, Err 0 (0.0e+00)
529.607 .... 1942 packets received, 7527 bps, 94.09%, Err 0 (0.0e+00)
531.817 .... 1950 packets received, 7527 bps, 94.09%, Err 0 (0.0e+00)
534.002 .... 1958 packets received, 7527 bps, 94.09%, Err 0 (0.0e+00)
536.146 .... 1966 packets received, 7527 bps, 94.09%, Err 0 (0.0e+00)
538.302 .... 1974 packets received, 7528 bps, 94.10%, Err 0 (0.0e+00)
540.488 .... 1982 packets received, 7528 bps, 94.09%, Err 0 (0.0e+00)
542.682 .... 1990 packets received, 7527 bps, 94.09%, Err 0 (0.0e+00)
544.859 .... 1998 packets received, 7527 bps, 94.09%, Err 0 (0.0e+00)
547.025 .... 2006 packets received, 7527 bps, 94.09%, Err 0 (0.0e+00)
549.206 .... 2014 packets received, 7527 bps, 94.09%, Err 0 (0.0e+00)
551.394 .... 2022 packets received, 7527 bps, 94.09%, Err 0 (0.0e+00)
553.567 .... 2030 packets received, 7527 bps, 94.09%, Err 0 (0.0e+00)
555.733 .... 2038 packets received, 7527 bps, 94.09%, Err 0 (0.0e+00)
557.915 .... 2046 packets received, 7527 bps, 94.09%, Err 0 (0.0e+00)
560.084 .... 2054 packets received, 7527 bps, 94.09%, Err 0 (0.0e+00)
562.272 .... 2062 packets received, 7527 bps, 94.09%, Err 0 (0.0e+00)
564.446 .... 2070 packets received, 7527 bps, 94.09%, Err 0 (0.0e+00)
566.618 .... 2078 packets received, 7527 bps, 94.09%, Err 0 (0.0e+00)
568.798 .... 2086 packets received, 7527 bps, 94.09%, Err 0 (0.0e+00)
569.054 ** WARNING: System too busy, sleep 15 ms, but be awakened 77 ms later
570.942 .... 2094 packets received, 7528 bps, 94.10%, Err 0 (0.0e+00)
573.128 .... 2102 packets received, 7528 bps, 94.10%, Err 0 (0.0e+00)
575.321 .... 2110 packets received, 7527 bps, 94.09%, Err 0 (0.0e+00)
577.474 .... 2118 packets received, 7528 bps, 94.10%, Err 0 (0.0e+00)
578.694 ** WARNING: System too busy, sleep 15 ms, but be awakened 122 ms later
579.687 .... 2126 packets received, 7527 bps, 94.09%, Err 0 (0.0e+00)
581.867 .... 2134 packets received, 7527 bps, 94.09%, Err 0 (0.0e+00)
584.032 .... 2142 packets received, 7527 bps, 94.09%, Err 0 (0.0e+00)
586.206 .... 2150 packets received, 7527 bps, 94.09%, Err 0 (0.0e+00)
588.378 .... 2158 packets received, 7527 bps, 94.09%, Err 0 (0.0e+00)
590.553 .... 2166 packets received, 7527 bps, 94.09%, Err 0 (0.0e+00)
592.738 .... 2174 packets received, 7527 bps, 94.09%, Err 0 (0.0e+00)
594.928 .... 2182 packets received, 7527 bps, 94.09%, Err 0 (0.0e+00)
597.096 .... 2190 packets received, 7527 bps, 94.09%, Err 0 (0.0e+00)
599.267 .... 2198 packets received, 7527 bps, 94.09%, Err 0 (0.0e+00)
601.438 .... 2206 packets received, 7527 bps, 94.09%, Err 0 (0.0e+00)
603.615 .... 2214 packets received, 7527 bps, 94.09%, Err 0 (0.0e+00)
605.800 .... 2222 packets received, 7527 bps, 94.09%, Err 0 (0.0e+00)
607.951 .... 2230 packets received, 7528 bps, 94.10%, Err 0 (0.0e+00)
610.135 .... 2238 packets received, 7528 bps, 94.09%, Err 0 (0.0e+00)
612.351 .... 2246 packets received, 7527 bps, 94.09%, Err 0 (0.0e+00)
613.594 ** WARNING: System too busy, sleep 15 ms, but be awakened 101 ms later
614.372 .... 2253 packets received, 7526 bps, 94.07%, Err 0 (0.0e+00)
616.225 ** WARNING: System too busy, sleep 15 ms, but be awakened 81 ms later
616.510 .... 2261 packets received, 7526 bps, 94.08%, Err 0 (0.0e+00)
618.579 .... 2269 packets received, 7527 bps, 94.09%, Err 0 (0.0e+00)
618.696 ** WARNING: System too busy, sleep 15 ms, but be awakened 101 ms later
620.761 .... 2277 packets received, 7527 bps, 94.09%, Err 0 (0.0e+00)
622.925 .... 2285 packets received, 7528 bps, 94.09%, Err 0 (0.0e+00)
625.134 .... 2293 packets received, 7527 bps, 94.09%, Err 0 (0.0e+00)
627.304 .... 2301 packets received, 7527 bps, 94.09%, Err 0 (0.0e+00)
627.686 ** WARNING: System too busy, sleep 15 ms, but be awakened 69 ms later
629.523 .... 2309 packets received, 7527 bps, 94.08%, Err 0 (0.0e+00)
631.697 .... 2317 packets received, 7527 bps, 94.08%, Err 0 (0.0e+00)
633.858 .... 2325 packets received, 7527 bps, 94.09%, Err 0 (0.0e+00)
636.015 .... 2333 packets received, 7527 bps, 94.09%, Err 0 (0.0e+00)
638.206 .... 2341 packets received, 7527 bps, 94.09%, Err 0 (0.0e+00)
640.379 .... 2349 packets received, 7527 bps, 94.09%, Err 0 (0.0e+00)
640.739 ** WARNING: System too busy, sleep 15 ms, but be awakened 118 ms later
642.567 .... 2357 packets received, 7527 bps, 94.09%, Err 0 (0.0e+00)
644.745 .... 2365 packets received, 7527 bps, 94.09%, Err 0 (0.0e+00)
645.370 ** WARNING: System too busy, sleep 15 ms, but be awakened 77 ms later
646.953 .... 2373 packets received, 7527 bps, 94.08%, Err 0 (0.0e+00)
649.134 .... 2381 packets received, 7526 bps, 94.08%, Err 0 (0.0e+00)
651.317 .... 2389 packets received, 7526 bps, 94.08%, Err 0 (0.0e+00)
653.502 .... 2397 packets received, 7526 bps, 94.08%, Err 0 (0.0e+00)
654.900 ** WARNING: System too busy, sleep 15 ms, but be awakened 73 ms later
655.736 .... 2405 packets received, 7526 bps, 94.07%, Err 0 (0.0e+00)
656.319 ** WARNING: System too busy, sleep 15 ms, but be awakened 67 ms later
657.905 .... 2413 packets received, 7526 bps, 94.07%, Err 0 (0.0e+00)
660.097 .... 2421 packets received, 7526 bps, 94.07%, Err 0 (0.0e+00)
662.240 .... 2429 packets received, 7526 bps, 94.07%, Err 0 (0.0e+00)
664.413 .... 2437 packets received, 7526 bps, 94.07%, Err 0 (0.0e+00)
666.597 .... 2445 packets received, 7526 bps, 94.07%, Err 0 (0.0e+00)
668.816 .... 2453 packets received, 7525 bps, 94.07%, Err 0 (0.0e+00)
670.964 .... 2461 packets received, 7526 bps, 94.07%, Err 0 (0.0e+00)
673.127 .... 2469 packets received, 7526 bps, 94.07%, Err 0 (0.0e+00)
675.299 .... 2477 packets received, 7526 bps, 94.07%, Err 0 (0.0e+00)
677.485 .... 2485 packets received, 7526 bps, 94.07%, Err 0 (0.0e+00)
678.141 ** WARNING: System too busy, sleep 15 ms, but be awakened 88 ms later
679.665 .... 2493 packets received, 7526 bps, 94.07%, Err 0 (0.0e+00)
681.854 .... 2501 packets received, 7526 bps, 94.07%, Err 0 (0.0e+00)
682.707 ** WARNING: System too busy, sleep 15 ms, but be awakened 139 ms later
684.073 .... 2509 packets received, 7525 bps, 94.07%, Err 0 (0.0e+00)
686.237 .... 2517 packets received, 7525 bps, 94.07%, Err 0 (0.0e+00)
688.411 .... 2525 packets received, 7525 bps, 94.07%, Err 0 (0.0e+00)
690.583 .... 2533 packets received, 7525 bps, 94.07%, Err 0 (0.0e+00)
692.775 .... 2541 packets received, 7525 bps, 94.07%, Err 0 (0.0e+00)
694.849 ** WARNING: System too busy, sleep 15 ms, but be awakened 83 ms later
694.987 .... 2549 packets received, 7525 bps, 94.06%, Err 0 (0.0e+00)
697.118 .... 2557 packets received, 7525 bps, 94.07%, Err 0 (0.0e+00)
699.301 .... 2565 packets received, 7525 bps, 94.07%, Err 0 (0.0e+00)
700.019 Quit.
