000.000 =============================================================
000.000                     Station B                               
000.000 -------------------------------------------------------------
000.000 Protocol.lib, version 4.0, jiangyanjun0718@bupt.edu.cn
000.000 Channel: 8000 bps, 270 ms propagation delay, bit error rate 0
000.000 Log file "ufB.log", TCP port 30013, debug mask 0x00
000.000 Station B is connecting station A (TCP port 30013) ... Done.
000.977 New epoch: Tue Apr 16 21:08:46 2019
000.977 =================================================================
000.977 
000.977 Designed by CJSoft, build: Apr 16 2019  11:10:40
003.421 .... 8 packets received, 7596 bps, 94.95%, Err 0 (0.0e+00)
005.592 .... 16 packets received, 7571 bps, 94.64%, Err 0 (0.0e+00)
007.751 .... 24 packets received, 7577 bps, 94.71%, Err 0 (0.0e+00)
009.931 .... 32 packets received, 7562 bps, 94.52%, Err 0 (0.0e+00)
012.105 .... 40 packets received, 7556 bps, 94.46%, Err 0 (0.0e+00)
014.299 .... 48 packets received, 7542 bps, 94.27%, Err 0 (0.0e+00)
016.475 .... 56 packets received, 7540 bps, 94.25%, Err 0 (0.0e+00)
018.637 .... 64 packets received, 7545 bps, 94.31%, Err 0 (0.0e+00)
020.818 .... 72 packets received, 7541 bps, 94.26%, Err 0 (0.0e+00)
022.989 .... 80 packets received, 7542 bps, 94.27%, Err 0 (0.0e+00)
025.160 .... 88 packets received, 7542 bps, 94.28%, Err 0 (0.0e+00)
027.334 .... 96 packets received, 7542 bps, 94.27%, Err 0 (0.0e+00)
029.508 .... 104 packets received, 7541 bps, 94.26%, Err 0 (0.0e+00)
031.687 .... 112 packets received, 7540 bps, 94.24%, Err 0 (0.0e+00)
033.889 .... 120 packets received, 7533 bps, 94.16%, Err 0 (0.0e+00)
036.054 .... 128 packets received, 7535 bps, 94.19%, Err 0 (0.0e+00)
038.228 .... 136 packets received, 7535 bps, 94.19%, Err 0 (0.0e+00)
040.399 .... 144 packets received, 7536 bps, 94.20%, Err 0 (0.0e+00)
042.569 .... 152 packets received, 7537 bps, 94.21%, Err 0 (0.0e+00)
044.759 .... 160 packets received, 7534 bps, 94.17%, Err 0 (0.0e+00)
046.929 .... 168 packets received, 7535 bps, 94.18%, Err 0 (0.0e+00)
049.100 .... 176 packets received, 7535 bps, 94.19%, Err 0 (0.0e+00)
051.287 .... 184 packets received, 7533 bps, 94.16%, Err 0 (0.0e+00)
053.428 .... 192 packets received, 7538 bps, 94.23%, Err 0 (0.0e+00)
055.631 .... 200 packets received, 7534 bps, 94.17%, Err 0 (0.0e+00)
057.791 .... 208 packets received, 7536 bps, 94.20%, Err 0 (0.0e+00)
059.965 .... 216 packets received, 7536 bps, 94.20%, Err 0 (0.0e+00)
062.133 .... 224 packets received, 7537 bps, 94.21%, Err 0 (0.0e+00)
064.325 .... 232 packets received, 7535 bps, 94.18%, Err 0 (0.0e+00)
066.501 .... 240 packets received, 7534 bps, 94.18%, Err 0 (0.0e+00)
068.687 .... 248 packets received, 7533 bps, 94.16%, Err 0 (0.0e+00)
070.871 .... 256 packets received, 7532 bps, 94.15%, Err 0 (0.0e+00)
073.040 .... 264 packets received, 7533 bps, 94.16%, Err 0 (0.0e+00)
075.222 .... 272 packets received, 7532 bps, 94.15%, Err 0 (0.0e+00)
077.406 .... 280 packets received, 7531 bps, 94.14%, Err 0 (0.0e+00)
079.583 .... 288 packets received, 7531 bps, 94.14%, Err 0 (0.0e+00)
081.756 .... 296 packets received, 7531 bps, 94.14%, Err 0 (0.0e+00)
083.930 .... 304 packets received, 7532 bps, 94.14%, Err 0 (0.0e+00)
086.099 .... 312 packets received, 7532 bps, 94.15%, Err 0 (0.0e+00)
088.267 .... 320 packets received, 7533 bps, 94.16%, Err 0 (0.0e+00)
090.439 .... 328 packets received, 7533 bps, 94.16%, Err 0 (0.0e+00)
092.640 .... 336 packets received, 7531 bps, 94.13%, Err 0 (0.0e+00)
094.796 .... 344 packets received, 7532 bps, 94.15%, Err 0 (0.0e+00)
096.979 .... 352 packets received, 7532 bps, 94.15%, Err 0 (0.0e+00)
099.164 .... 360 packets received, 7531 bps, 94.14%, Err 0 (0.0e+00)
101.314 .... 368 packets received, 7533 bps, 94.16%, Err 0 (0.0e+00)
103.505 .... 376 packets received, 7532 bps, 94.15%, Err 0 (0.0e+00)
105.687 .... 384 packets received, 7531 bps, 94.14%, Err 0 (0.0e+00)
107.849 .... 392 packets received, 7532 bps, 94.15%, Err 0 (0.0e+00)
110.037 .... 400 packets received, 7531 bps, 94.14%, Err 0 (0.0e+00)
112.233 .... 408 packets received, 7530 bps, 94.12%, Err 0 (0.0e+00)
114.389 .... 416 packets received, 7531 bps, 94.14%, Err 0 (0.0e+00)
116.590 .... 424 packets received, 7530 bps, 94.12%, Err 0 (0.0e+00)
118.759 .... 432 packets received, 7530 bps, 94.12%, Err 0 (0.0e+00)
120.930 .... 440 packets received, 7530 bps, 94.13%, Err 0 (0.0e+00)
123.084 .... 448 packets received, 7532 bps, 94.15%, Err 0 (0.0e+00)
125.267 .... 456 packets received, 7531 bps, 94.14%, Err 0 (0.0e+00)
127.454 .... 464 packets received, 7530 bps, 94.13%, Err 0 (0.0e+00)
129.630 .... 472 packets received, 7530 bps, 94.13%, Err 0 (0.0e+00)
131.789 .... 480 packets received, 7531 bps, 94.14%, Err 0 (0.0e+00)
133.967 .... 488 packets received, 7531 bps, 94.14%, Err 0 (0.0e+00)
136.146 .... 496 packets received, 7531 bps, 94.14%, Err 0 (0.0e+00)
138.332 .... 504 packets received, 7531 bps, 94.13%, Err 0 (0.0e+00)
140.488 .... 512 packets received, 7532 bps, 94.14%, Err 0 (0.0e+00)
142.680 .... 520 packets received, 7531 bps, 94.13%, Err 0 (0.0e+00)
144.869 .... 528 packets received, 7530 bps, 94.12%, Err 0 (0.0e+00)
147.015 .... 536 packets received, 7532 bps, 94.14%, Err 0 (0.0e+00)
149.210 .... 544 packets received, 7531 bps, 94.13%, Err 0 (0.0e+00)
151.379 .... 552 packets received, 7531 bps, 94.14%, Err 0 (0.0e+00)
153.548 .... 560 packets received, 7531 bps, 94.14%, Err 0 (0.0e+00)
155.731 .... 568 packets received, 7531 bps, 94.14%, Err 0 (0.0e+00)
157.899 .... 576 packets received, 7531 bps, 94.14%, Err 0 (0.0e+00)
160.100 .... 584 packets received, 7530 bps, 94.12%, Err 0 (0.0e+00)
162.259 .... 592 packets received, 7531 bps, 94.13%, Err 0 (0.0e+00)
164.458 .... 600 packets received, 7530 bps, 94.12%, Err 0 (0.0e+00)
166.613 .... 608 packets received, 7531 bps, 94.13%, Err 0 (0.0e+00)
168.794 .... 616 packets received, 7530 bps, 94.13%, Err 0 (0.0e+00)
170.964 .... 624 packets received, 7531 bps, 94.13%, Err 0 (0.0e+00)
173.166 .... 632 packets received, 7529 bps, 94.12%, Err 0 (0.0e+00)
175.317 .... 640 packets received, 7531 bps, 94.13%, Err 0 (0.0e+00)
177.499 .... 648 packets received, 7530 bps, 94.13%, Err 0 (0.0e+00)
179.692 .... 656 packets received, 7530 bps, 94.12%, Err 0 (0.0e+00)
181.866 .... 664 packets received, 7530 bps, 94.12%, Err 0 (0.0e+00)
184.032 .... 672 packets received, 7530 bps, 94.13%, Err 0 (0.0e+00)
186.180 .... 680 packets received, 7531 bps, 94.14%, Err 0 (0.0e+00)
188.365 .... 688 packets received, 7531 bps, 94.14%, Err 0 (0.0e+00)
190.554 .... 696 packets received, 7530 bps, 94.13%, Err 0 (0.0e+00)
192.727 .... 704 packets received, 7530 bps, 94.13%, Err 0 (0.0e+00)
194.898 .... 712 packets received, 7531 bps, 94.13%, Err 0 (0.0e+00)
197.076 .... 720 packets received, 7530 bps, 94.13%, Err 0 (0.0e+00)
199.249 .... 728 packets received, 7531 bps, 94.13%, Err 0 (0.0e+00)
201.437 .... 736 packets received, 7530 bps, 94.13%, Err 0 (0.0e+00)
203.599 .... 744 packets received, 7531 bps, 94.13%, Err 0 (0.0e+00)
205.790 .... 752 packets received, 7530 bps, 94.13%, Err 0 (0.0e+00)
207.940 .... 760 packets received, 7531 bps, 94.14%, Err 0 (0.0e+00)
210.139 .... 768 packets received, 7530 bps, 94.13%, Err 0 (0.0e+00)
212.306 .... 776 packets received, 7530 bps, 94.13%, Err 0 (0.0e+00)
214.503 .... 784 packets received, 7530 bps, 94.12%, Err 0 (0.0e+00)
216.667 .... 792 packets received, 7530 bps, 94.13%, Err 0 (0.0e+00)
218.842 .... 800 packets received, 7530 bps, 94.13%, Err 0 (0.0e+00)
221.024 .... 808 packets received, 7530 bps, 94.12%, Err 0 (0.0e+00)
223.200 .... 816 packets received, 7530 bps, 94.12%, Err 0 (0.0e+00)
225.377 .... 824 packets received, 7530 bps, 94.12%, Err 0 (0.0e+00)
227.546 .... 832 packets received, 7530 bps, 94.13%, Err 0 (0.0e+00)
229.719 .... 840 packets received, 7530 bps, 94.13%, Err 0 (0.0e+00)
231.879 .... 848 packets received, 7531 bps, 94.13%, Err 0 (0.0e+00)
234.054 .... 856 packets received, 7531 bps, 94.13%, Err 0 (0.0e+00)
236.241 .... 864 packets received, 7530 bps, 94.13%, Err 0 (0.0e+00)
238.422 .... 872 packets received, 7530 bps, 94.13%, Err 0 (0.0e+00)
240.591 .... 880 packets received, 7530 bps, 94.13%, Err 0 (0.0e+00)
242.756 .... 888 packets received, 7531 bps, 94.13%, Err 0 (0.0e+00)
244.929 .... 896 packets received, 7531 bps, 94.14%, Err 0 (0.0e+00)
247.123 .... 904 packets received, 7530 bps, 94.13%, Err 0 (0.0e+00)
249.303 .... 912 packets received, 7530 bps, 94.13%, Err 0 (0.0e+00)
251.456 .... 920 packets received, 7531 bps, 94.14%, Err 0 (0.0e+00)
253.641 .... 928 packets received, 7531 bps, 94.13%, Err 0 (0.0e+00)
255.820 .... 936 packets received, 7530 bps, 94.13%, Err 0 (0.0e+00)
257.991 .... 944 packets received, 7531 bps, 94.13%, Err 0 (0.0e+00)
260.147 .... 952 packets received, 7531 bps, 94.14%, Err 0 (0.0e+00)
262.343 .... 960 packets received, 7531 bps, 94.13%, Err 0 (0.0e+00)
264.510 .... 968 packets received, 7531 bps, 94.14%, Err 0 (0.0e+00)
266.695 .... 976 packets received, 7531 bps, 94.13%, Err 0 (0.0e+00)
268.884 .... 984 packets received, 7530 bps, 94.13%, Err 0 (0.0e+00)
271.047 .... 992 packets received, 7531 bps, 94.13%, Err 0 (0.0e+00)
273.216 .... 1000 packets received, 7531 bps, 94.13%, Err 0 (0.0e+00)
275.387 .... 1008 packets received, 7531 bps, 94.14%, Err 0 (0.0e+00)
277.577 .... 1016 packets received, 7530 bps, 94.13%, Err 0 (0.0e+00)
279.775 .... 1024 packets received, 7530 bps, 94.12%, Err 0 (0.0e+00)
281.935 .... 1032 packets received, 7530 bps, 94.13%, Err 0 (0.0e+00)
284.097 .... 1040 packets received, 7531 bps, 94.13%, Err 0 (0.0e+00)
286.272 .... 1048 packets received, 7531 bps, 94.13%, Err 0 (0.0e+00)
288.443 .... 1056 packets received, 7531 bps, 94.14%, Err 0 (0.0e+00)
290.618 .... 1064 packets received, 7531 bps, 94.14%, Err 0 (0.0e+00)
292.803 .... 1072 packets received, 7531 bps, 94.13%, Err 0 (0.0e+00)
294.976 .... 1080 packets received, 7531 bps, 94.13%, Err 0 (0.0e+00)
297.144 .... 1088 packets received, 7531 bps, 94.14%, Err 0 (0.0e+00)
299.338 .... 1096 packets received, 7530 bps, 94.13%, Err 0 (0.0e+00)
301.511 .... 1104 packets received, 7530 bps, 94.13%, Err 0 (0.0e+00)
303.696 .... 1112 packets received, 7530 bps, 94.13%, Err 0 (0.0e+00)
305.871 .... 1120 packets received, 7530 bps, 94.13%, Err 0 (0.0e+00)
308.039 .... 1128 packets received, 7530 bps, 94.13%, Err 0 (0.0e+00)
310.202 .... 1136 packets received, 7531 bps, 94.13%, Err 0 (0.0e+00)
312.389 .... 1144 packets received, 7530 bps, 94.13%, Err 0 (0.0e+00)
314.552 .... 1152 packets received, 7531 bps, 94.13%, Err 0 (0.0e+00)
316.732 .... 1160 packets received, 7531 bps, 94.13%, Err 0 (0.0e+00)
318.903 .... 1168 packets received, 7531 bps, 94.13%, Err 0 (0.0e+00)
321.084 .... 1176 packets received, 7531 bps, 94.13%, Err 0 (0.0e+00)
323.255 .... 1184 packets received, 7531 bps, 94.13%, Err 0 (0.0e+00)
325.447 .... 1192 packets received, 7530 bps, 94.13%, Err 0 (0.0e+00)
327.633 .... 1200 packets received, 7530 bps, 94.13%, Err 0 (0.0e+00)
329.798 .... 1208 packets received, 7530 bps, 94.13%, Err 0 (0.0e+00)
331.985 .... 1216 packets received, 7530 bps, 94.13%, Err 0 (0.0e+00)
334.155 .... 1224 packets received, 7530 bps, 94.13%, Err 0 (0.0e+00)
336.330 .... 1232 packets received, 7530 bps, 94.13%, Err 0 (0.0e+00)
338.513 .... 1240 packets received, 7530 bps, 94.13%, Err 0 (0.0e+00)
340.682 .... 1248 packets received, 7530 bps, 94.13%, Err 0 (0.0e+00)
342.851 .... 1256 packets received, 7530 bps, 94.13%, Err 0 (0.0e+00)
345.030 .... 1264 packets received, 7530 bps, 94.13%, Err 0 (0.0e+00)
347.202 .... 1272 packets received, 7530 bps, 94.13%, Err 0 (0.0e+00)
349.379 .... 1280 packets received, 7530 bps, 94.13%, Err 0 (0.0e+00)
351.563 .... 1288 packets received, 7530 bps, 94.13%, Err 0 (0.0e+00)
353.744 .... 1296 packets received, 7530 bps, 94.13%, Err 0 (0.0e+00)
355.921 .... 1304 packets received, 7530 bps, 94.13%, Err 0 (0.0e+00)
358.075 .... 1312 packets received, 7531 bps, 94.13%, Err 0 (0.0e+00)
360.244 .... 1320 packets received, 7531 bps, 94.13%, Err 0 (0.0e+00)
362.426 .... 1328 packets received, 7531 bps, 94.13%, Err 0 (0.0e+00)
364.619 .... 1336 packets received, 7530 bps, 94.13%, Err 0 (0.0e+00)
366.783 .... 1344 packets received, 7530 bps, 94.13%, Err 0 (0.0e+00)
368.978 .... 1352 packets received, 7530 bps, 94.13%, Err 0 (0.0e+00)
371.145 .... 1360 packets received, 7530 bps, 94.13%, Err 0 (0.0e+00)
373.338 .... 1368 packets received, 7530 bps, 94.12%, Err 0 (0.0e+00)
375.489 .... 1376 packets received, 7530 bps, 94.13%, Err 0 (0.0e+00)
377.692 .... 1384 packets received, 7530 bps, 94.12%, Err 0 (0.0e+00)
379.861 .... 1392 packets received, 7530 bps, 94.12%, Err 0 (0.0e+00)
382.016 .... 1400 packets received, 7530 bps, 94.13%, Err 0 (0.0e+00)
384.195 .... 1408 packets received, 7530 bps, 94.13%, Err 0 (0.0e+00)
386.369 .... 1416 packets received, 7530 bps, 94.13%, Err 0 (0.0e+00)
388.555 .... 1424 packets received, 7530 bps, 94.13%, Err 0 (0.0e+00)
390.740 .... 1432 packets received, 7530 bps, 94.12%, Err 0 (0.0e+00)
392.922 .... 1440 packets received, 7530 bps, 94.12%, Err 0 (0.0e+00)
395.097 .... 1448 packets received, 7530 bps, 94.12%, Err 0 (0.0e+00)
397.288 .... 1456 packets received, 7530 bps, 94.12%, Err 0 (0.0e+00)
399.451 .... 1464 packets received, 7530 bps, 94.12%, Err 0 (0.0e+00)
401.616 .... 1472 packets received, 7530 bps, 94.13%, Err 0 (0.0e+00)
402.728 ** WARNING: System too busy, sleep 15 ms, but be awakened 106 ms later
403.809 .... 1480 packets received, 7530 bps, 94.12%, Err 0 (0.0e+00)
405.997 .... 1488 packets received, 7529 bps, 94.12%, Err 0 (0.0e+00)
408.178 .... 1496 packets received, 7529 bps, 94.12%, Err 0 (0.0e+00)
410.322 .... 1504 packets received, 7530 bps, 94.12%, Err 0 (0.0e+00)
412.514 .... 1512 packets received, 7530 bps, 94.12%, Err 0 (0.0e+00)
414.687 .... 1520 packets received, 7530 bps, 94.12%, Err 0 (0.0e+00)
416.838 .... 1528 packets received, 7530 bps, 94.13%, Err 0 (0.0e+00)
419.017 .... 1536 packets received, 7530 bps, 94.13%, Err 0 (0.0e+00)
421.204 .... 1544 packets received, 7530 bps, 94.12%, Err 0 (0.0e+00)
423.393 .... 1552 packets received, 7530 bps, 94.12%, Err 0 (0.0e+00)
425.560 .... 1560 packets received, 7530 bps, 94.12%, Err 0 (0.0e+00)
427.774 .... 1568 packets received, 7529 bps, 94.11%, Err 0 (0.0e+00)
429.925 .... 1576 packets received, 7530 bps, 94.12%, Err 0 (0.0e+00)
432.087 .... 1584 packets received, 7530 bps, 94.12%, Err 0 (0.0e+00)
434.285 .... 1592 packets received, 7529 bps, 94.12%, Err 0 (0.0e+00)
436.458 .... 1600 packets received, 7530 bps, 94.12%, Err 0 (0.0e+00)
438.649 .... 1608 packets received, 7529 bps, 94.12%, Err 0 (0.0e+00)
440.801 .... 1616 packets received, 7530 bps, 94.12%, Err 0 (0.0e+00)
442.989 .... 1624 packets received, 7529 bps, 94.12%, Err 0 (0.0e+00)
445.146 .... 1632 packets received, 7530 bps, 94.12%, Err 0 (0.0e+00)
447.320 .... 1640 packets received, 7530 bps, 94.12%, Err 0 (0.0e+00)
449.485 .... 1648 packets received, 7530 bps, 94.13%, Err 0 (0.0e+00)
451.724 .... 1656 packets received, 7529 bps, 94.11%, Err 0 (0.0e+00)
453.857 .... 1664 packets received, 7530 bps, 94.12%, Err 0 (0.0e+00)
456.019 .... 1672 packets received, 7530 bps, 94.12%, Err 0 (0.0e+00)
458.229 .... 1680 packets received, 7529 bps, 94.12%, Err 0 (0.0e+00)
458.656 ** WARNING: System too busy, sleep 15 ms, but be awakened 119 ms later
460.412 .... 1688 packets received, 7529 bps, 94.12%, Err 0 (0.0e+00)
462.576 .... 1696 packets received, 7529 bps, 94.12%, Err 0 (0.0e+00)
464.754 .... 1704 packets received, 7529 bps, 94.12%, Err 0 (0.0e+00)
466.917 .... 1712 packets received, 7530 bps, 94.12%, Err 0 (0.0e+00)
469.097 .... 1720 packets received, 7530 bps, 94.12%, Err 0 (0.0e+00)
471.273 .... 1728 packets received, 7530 bps, 94.12%, Err 0 (0.0e+00)
473.475 .... 1736 packets received, 7529 bps, 94.11%, Err 0 (0.0e+00)
475.647 .... 1744 packets received, 7529 bps, 94.11%, Err 0 (0.0e+00)
477.835 .... 1752 packets received, 7529 bps, 94.11%, Err 0 (0.0e+00)
479.999 .... 1760 packets received, 7529 bps, 94.11%, Err 0 (0.0e+00)
482.206 .... 1768 packets received, 7529 bps, 94.11%, Err 0 (0.0e+00)
484.349 .... 1776 packets received, 7529 bps, 94.12%, Err 0 (0.0e+00)
486.551 .... 1784 packets received, 7529 bps, 94.11%, Err 0 (0.0e+00)
488.565 .... 1791 packets received, 7527 bps, 94.09%, Err 0 (0.0e+00)
488.743 ** WARNING: System too busy, sleep 15 ms, but be awakened 128 ms later
490.665 .... 1799 packets received, 7528 bps, 94.10%, Err 0 (0.0e+00)
490.874 ** WARNING: System too busy, sleep 15 ms, but be awakened 92 ms later
492.853 .... 1807 packets received, 7528 bps, 94.10%, Err 0 (0.0e+00)
495.029 .... 1815 packets received, 7528 bps, 94.10%, Err 0 (0.0e+00)
497.193 .... 1823 packets received, 7528 bps, 94.10%, Err 0 (0.0e+00)
499.349 .... 1831 packets received, 7529 bps, 94.11%, Err 0 (0.0e+00)
501.535 .... 1839 packets received, 7528 bps, 94.11%, Err 0 (0.0e+00)
503.711 .... 1847 packets received, 7528 bps, 94.11%, Err 0 (0.0e+00)
505.649 ** WARNING: System too busy, sleep 15 ms, but be awakened 73 ms later
505.759 .... 1854 packets received, 7526 bps, 94.08%, Err 0 (0.0e+00)
507.819 .... 1862 packets received, 7528 bps, 94.10%, Err 0 (0.0e+00)
510.008 .... 1870 packets received, 7528 bps, 94.10%, Err 0 (0.0e+00)
512.182 .... 1878 packets received, 7528 bps, 94.10%, Err 0 (0.0e+00)
514.359 .... 1886 packets received, 7528 bps, 94.10%, Err 0 (0.0e+00)
516.557 .... 1894 packets received, 7528 bps, 94.09%, Err 0 (0.0e+00)
518.739 .... 1902 packets received, 7528 bps, 94.09%, Err 0 (0.0e+00)
520.939 .... 1910 packets received, 7527 bps, 94.09%, Err 0 (0.0e+00)
522.068 ** WARNING: System too busy, sleep 15 ms, but be awakened 67 ms later
523.075 .... 1918 packets received, 7528 bps, 94.10%, Err 0 (0.0e+00)
525.241 .... 1926 packets received, 7528 bps, 94.10%, Err 0 (0.0e+00)
527.441 .... 1934 packets received, 7528 bps, 94.09%, Err 0 (0.0e+00)
529.649 .... 1942 packets received, 7527 bps, 94.09%, Err 0 (0.0e+00)
531.800 .... 1950 packets received, 7527 bps, 94.09%, Err 0 (0.0e+00)
533.987 .... 1958 packets received, 7527 bps, 94.09%, Err 0 (0.0e+00)
536.138 .... 1966 packets received, 7528 bps, 94.10%, Err 0 (0.0e+00)
538.320 .... 1974 packets received, 7528 bps, 94.10%, Err 0 (0.0e+00)
540.488 .... 1982 packets received, 7528 bps, 94.10%, Err 0 (0.0e+00)
542.684 .... 1990 packets received, 7527 bps, 94.09%, Err 0 (0.0e+00)
544.849 .... 1998 packets received, 7528 bps, 94.10%, Err 0 (0.0e+00)
547.041 .... 2006 packets received, 7527 bps, 94.09%, Err 0 (0.0e+00)
549.219 .... 2014 packets received, 7527 bps, 94.09%, Err 0 (0.0e+00)
551.365 .... 2022 packets received, 7528 bps, 94.10%, Err 0 (0.0e+00)
553.553 .... 2030 packets received, 7528 bps, 94.10%, Err 0 (0.0e+00)
555.733 .... 2038 packets received, 7528 bps, 94.10%, Err 0 (0.0e+00)
557.901 .... 2046 packets received, 7528 bps, 94.10%, Err 0 (0.0e+00)
560.071 .... 2054 packets received, 7528 bps, 94.10%, Err 0 (0.0e+00)
562.243 .... 2062 packets received, 7528 bps, 94.10%, Err 0 (0.0e+00)
564.413 .... 2070 packets received, 7528 bps, 94.10%, Err 0 (0.0e+00)
566.603 .... 2078 packets received, 7528 bps, 94.10%, Err 0 (0.0e+00)
568.781 .... 2086 packets received, 7528 bps, 94.10%, Err 0 (0.0e+00)
569.055 ** WARNING: System too busy, sleep 15 ms, but be awakened 78 ms later
570.972 .... 2094 packets received, 7528 bps, 94.09%, Err 0 (0.0e+00)
573.133 .... 2102 packets received, 7528 bps, 94.10%, Err 0 (0.0e+00)
574.683 ** WARNING: System too busy, sleep 15 ms, but be awakened 67 ms later
575.333 .... 2110 packets received, 7527 bps, 94.09%, Err 0 (0.0e+00)
577.505 .... 2118 packets received, 7528 bps, 94.09%, Err 0 (0.0e+00)
578.694 ** WARNING: System too busy, sleep 15 ms, but be awakened 121 ms later
579.678 .... 2126 packets received, 7528 bps, 94.09%, Err 0 (0.0e+00)
581.847 .... 2134 packets received, 7528 bps, 94.10%, Err 0 (0.0e+00)
584.019 .... 2142 packets received, 7528 bps, 94.10%, Err 0 (0.0e+00)
586.205 .... 2150 packets received, 7528 bps, 94.09%, Err 0 (0.0e+00)
588.365 .... 2158 packets received, 7528 bps, 94.10%, Err 0 (0.0e+00)
590.549 .... 2166 packets received, 7528 bps, 94.10%, Err 0 (0.0e+00)
592.738 .... 2174 packets received, 7528 bps, 94.09%, Err 0 (0.0e+00)
594.931 .... 2182 packets received, 7527 bps, 94.09%, Err 0 (0.0e+00)
597.083 .... 2190 packets received, 7528 bps, 94.10%, Err 0 (0.0e+00)
599.251 .... 2198 packets received, 7528 bps, 94.10%, Err 0 (0.0e+00)
601.439 .... 2206 packets received, 7528 bps, 94.10%, Err 0 (0.0e+00)
603.663 .... 2214 packets received, 7527 bps, 94.09%, Err 0 (0.0e+00)
605.785 .... 2222 packets received, 7528 bps, 94.10%, Err 0 (0.0e+00)
607.951 .... 2230 packets received, 7528 bps, 94.10%, Err 0 (0.0e+00)
610.149 .... 2238 packets received, 7528 bps, 94.09%, Err 0 (0.0e+00)
612.339 .... 2246 packets received, 7527 bps, 94.09%, Err 0 (0.0e+00)
613.604 ** WARNING: System too busy, sleep 15 ms, but be awakened 94 ms later
614.342 .... 2253 packets received, 7526 bps, 94.08%, Err 0 (0.0e+00)
616.226 ** WARNING: System too busy, sleep 15 ms, but be awakened 77 ms later
616.510 .... 2261 packets received, 7526 bps, 94.08%, Err 0 (0.0e+00)
619.041 .... 2269 packets received, 7522 bps, 94.02%, Err 0 (0.0e+00)
621.283 .... 2279 packets received, 7528 bps, 94.10%, Err 0 (0.0e+00)
623.539 .... 2287 packets received, 7527 bps, 94.09%, Err 0 (0.0e+00)
625.777 .... 2295 packets received, 7526 bps, 94.08%, Err 0 (0.0e+00)
627.686 ** WARNING: System too busy, sleep 15 ms, but be awakened 69 ms later
627.875 .... 2303 packets received, 7527 bps, 94.09%, Err 0 (0.0e+00)
630.013 .... 2311 packets received, 7528 bps, 94.09%, Err 0 (0.0e+00)
632.202 .... 2319 packets received, 7527 bps, 94.09%, Err 0 (0.0e+00)
634.393 .... 2327 packets received, 7527 bps, 94.09%, Err 0 (0.0e+00)
636.577 .... 2335 packets received, 7527 bps, 94.09%, Err 0 (0.0e+00)
638.777 .... 2343 packets received, 7527 bps, 94.09%, Err 0 (0.0e+00)
640.795 .... 2350 packets received, 7526 bps, 94.07%, Err 0 (0.0e+00)
642.914 .... 2358 packets received, 7526 bps, 94.08%, Err 0 (0.0e+00)
645.136 .... 2366 packets received, 7526 bps, 94.07%, Err 0 (0.0e+00)
645.369 ** WARNING: System too busy, sleep 15 ms, but be awakened 77 ms later
647.289 .... 2374 packets received, 7526 bps, 94.07%, Err 0 (0.0e+00)
647.931 ** WARNING: System too busy, sleep 15 ms, but be awakened 69 ms later
649.472 .... 2382 packets received, 7526 bps, 94.07%, Err 0 (0.0e+00)
651.674 .... 2390 packets received, 7526 bps, 94.07%, Err 0 (0.0e+00)
653.832 .... 2398 packets received, 7526 bps, 94.07%, Err 0 (0.0e+00)
654.893 ** WARNING: System too busy, sleep 15 ms, but be awakened 73 ms later
655.985 .... 2406 packets received, 7526 bps, 94.08%, Err 0 (0.0e+00)
658.158 .... 2414 packets received, 7526 bps, 94.08%, Err 0 (0.0e+00)
660.351 .... 2422 packets received, 7526 bps, 94.07%, Err 0 (0.0e+00)
662.525 .... 2430 packets received, 7526 bps, 94.07%, Err 0 (0.0e+00)
664.695 .... 2438 packets received, 7526 bps, 94.08%, Err 0 (0.0e+00)
666.867 .... 2446 packets received, 7526 bps, 94.08%, Err 0 (0.0e+00)
669.081 .... 2454 packets received, 7526 bps, 94.07%, Err 0 (0.0e+00)
671.221 .... 2462 packets received, 7526 bps, 94.08%, Err 0 (0.0e+00)
673.411 .... 2470 packets received, 7526 bps, 94.07%, Err 0 (0.0e+00)
675.568 .... 2478 packets received, 7526 bps, 94.08%, Err 0 (0.0e+00)
677.758 .... 2486 packets received, 7526 bps, 94.08%, Err 0 (0.0e+00)
678.149 ** WARNING: System too busy, sleep 15 ms, but be awakened 87 ms later
679.947 .... 2494 packets received, 7526 bps, 94.07%, Err 0 (0.0e+00)
680.490 ** WARNING: System too busy, sleep 15 ms, but be awakened 103 ms later
682.137 .... 2502 packets received, 7526 bps, 94.07%, Err 0 (0.0e+00)
682.700 ** WARNING: System too busy, sleep 15 ms, but be awakened 146 ms later
684.303 .... 2510 packets received, 7526 bps, 94.07%, Err 0 (0.0e+00)
686.493 .... 2518 packets received, 7526 bps, 94.07%, Err 0 (0.0e+00)
688.671 .... 2526 packets received, 7526 bps, 94.07%, Err 0 (0.0e+00)
690.853 .... 2534 packets received, 7526 bps, 94.07%, Err 0 (0.0e+00)
693.030 .... 2542 packets received, 7526 bps, 94.07%, Err 0 (0.0e+00)
694.850 ** WARNING: System too busy, sleep 15 ms, but be awakened 79 ms later
695.222 .... 2550 packets received, 7526 bps, 94.07%, Err 0 (0.0e+00)
697.385 .... 2558 packets received, 7526 bps, 94.07%, Err 0 (0.0e+00)
699.584 .... 2566 packets received, 7525 bps, 94.07%, Err 0 (0.0e+00)
700.019 Quit.
