     1 00000000                                 [FORMAT "WCOFF"]
     2 00000000                                 [INSTRSET "i486p"]
     3 00000000                                 [OPTIMIZE 1]
     4 00000000                                 [OPTION 1]
     5 00000000                                 [BITS 32]
     6 00000000                                 	EXTERN	_table_rgb.0
     7 00000000                                 	EXTERN	_io_load_eflags
     8 00000000                                 	EXTERN	_io_cli
     9 00000000                                 	EXTERN	_io_out8
    10 00000000                                 	EXTERN	_io_store_eflags
    11 00000000                                 	EXTERN	_hankaku
    12 00000000                                 [FILE "graphic.c"]
    13                                          [SECTION .data]
    14 00000000                                 _table_rgb.0:
    15 00000000 00                              	DB	0
    16 00000001 00                              	DB	0
    17 00000002 00                              	DB	0
    18 00000003 FF                              	DB	-1
    19 00000004 00                              	DB	0
    20 00000005 00                              	DB	0
    21 00000006 00                              	DB	0
    22 00000007 FF                              	DB	-1
    23 00000008 00                              	DB	0
    24 00000009 FF                              	DB	-1
    25 0000000A FF                              	DB	-1
    26 0000000B 00                              	DB	0
    27 0000000C 00                              	DB	0
    28 0000000D 00                              	DB	0
    29 0000000E FF                              	DB	-1
    30 0000000F FF                              	DB	-1
    31 00000010 00                              	DB	0
    32 00000011 FF                              	DB	-1
    33 00000012 00                              	DB	0
    34 00000013 FF                              	DB	-1
    35 00000014 FF                              	DB	-1
    36 00000015 FF                              	DB	-1
    37 00000016 FF                              	DB	-1
    38 00000017 FF                              	DB	-1
    39 00000018 C6                              	DB	-58
    40 00000019 C6                              	DB	-58
    41 0000001A C6                              	DB	-58
    42 0000001B 84                              	DB	-124
    43 0000001C 00                              	DB	0
    44 0000001D 00                              	DB	0
    45 0000001E 00                              	DB	0
    46 0000001F 84                              	DB	-124
    47 00000020 00                              	DB	0
    48 00000021 84                              	DB	-124
    49 00000022 84                              	DB	-124
    50 00000023 00                              	DB	0
    51 00000024 00                              	DB	0
    52 00000025 00                              	DB	0
    53 00000026 84                              	DB	-124
    54 00000027 84                              	DB	-124
    55 00000028 00                              	DB	0
    56 00000029 84                              	DB	-124
    57 0000002A 00                              	DB	0
    58 0000002B 84                              	DB	-124
    59 0000002C 84                              	DB	-124
    60 0000002D 84                              	DB	-124
    61 0000002E 84                              	DB	-124
    62 0000002F 84                              	DB	-124
    63                                          [SECTION .text]
    64 00000000                                 	GLOBAL	_init_palette
    65 00000000                                 _init_palette:
    66 00000000 55                              	PUSH	EBP
    67 00000001 89 E5                           	MOV	EBP,ESP
    68 00000003 68 [00000000]                   	PUSH	_table_rgb.0
    69 00000008 6A 0F                           	PUSH	15
    70 0000000A 6A 00                           	PUSH	0
    71 0000000C E8 00000002                     	CALL	_set_palette
    72 00000011 C9                              	LEAVE
    73 00000012 C3                              	RET
    74 00000013                                 	GLOBAL	_set_palette
    75 00000013                                 _set_palette:
    76 00000013 55                              	PUSH	EBP
    77 00000014 89 E5                           	MOV	EBP,ESP
    78 00000016 57                              	PUSH	EDI
    79 00000017 56                              	PUSH	ESI
    80 00000018 53                              	PUSH	EBX
    81 00000019 51                              	PUSH	ECX
    82 0000001A 8B 5D 08                        	MOV	EBX,DWORD [8+EBP]
    83 0000001D 8B 7D 0C                        	MOV	EDI,DWORD [12+EBP]
    84 00000020 8B 75 10                        	MOV	ESI,DWORD [16+EBP]
    85 00000023 E8 [00000000]                   	CALL	_io_load_eflags
    86 00000028 89 45 F0                        	MOV	DWORD [-16+EBP],EAX
    87 0000002B E8 [00000000]                   	CALL	_io_cli
    88 00000030 53                              	PUSH	EBX
    89 00000031 68 000003C8                     	PUSH	968
    90 00000036 E8 [00000000]                   	CALL	_io_out8
    91 0000003B 39 FB                           	CMP	EBX,EDI
    92 0000003D 58                              	POP	EAX
    93 0000003E 5A                              	POP	EDX
    94 0000003F 7E 12                           	JLE	L7
    95 00000041                                 L9:
    96 00000041 8B 45 F0                        	MOV	EAX,DWORD [-16+EBP]
    97 00000044 89 45 08                        	MOV	DWORD [8+EBP],EAX
    98 00000047 8D 65 F4                        	LEA	ESP,DWORD [-12+EBP]
    99 0000004A 5B                              	POP	EBX
   100 0000004B 5E                              	POP	ESI
   101 0000004C 5F                              	POP	EDI
   102 0000004D 5D                              	POP	EBP
   103 0000004E E9 [00000000]                   	JMP	_io_store_eflags
   104 00000053                                 L7:
   105 00000053 8A 06                           	MOV	AL,BYTE [ESI]
   106 00000055 43                              	INC	EBX
   107 00000056 C0 E8 02                        	SHR	AL,2
   108 00000059 0F B6 C0                        	MOVZX	EAX,AL
   109 0000005C 50                              	PUSH	EAX
   110 0000005D 68 000003C9                     	PUSH	969
   111 00000062 E8 [00000000]                   	CALL	_io_out8
   112 00000067 8A 46 01                        	MOV	AL,BYTE [1+ESI]
   113 0000006A C0 E8 02                        	SHR	AL,2
   114 0000006D 0F B6 C0                        	MOVZX	EAX,AL
   115 00000070 50                              	PUSH	EAX
   116 00000071 68 000003C9                     	PUSH	969
   117 00000076 E8 [00000000]                   	CALL	_io_out8
   118 0000007B 8A 46 02                        	MOV	AL,BYTE [2+ESI]
   119 0000007E C0 E8 02                        	SHR	AL,2
   120 00000081 83 C6 03                        	ADD	ESI,3
   121 00000084 0F B6 C0                        	MOVZX	EAX,AL
   122 00000087 50                              	PUSH	EAX
   123 00000088 68 000003C9                     	PUSH	969
   124 0000008D E8 [00000000]                   	CALL	_io_out8
   125 00000092 83 C4 18                        	ADD	ESP,24
   126 00000095 39 FB                           	CMP	EBX,EDI
   127 00000097 7E BA                           	JLE	L7
   128 00000099 EB A6                           	JMP	L9
   129 0000009B                                 	GLOBAL	_boxfill8
   130 0000009B                                 _boxfill8:
   131 0000009B 55                              	PUSH	EBP
   132 0000009C 89 E5                           	MOV	EBP,ESP
   133 0000009E 57                              	PUSH	EDI
   134 0000009F 56                              	PUSH	ESI
   135 000000A0 53                              	PUSH	EBX
   136 000000A1 83 EC 0C                        	SUB	ESP,12
   137 000000A4 8B 7D 0C                        	MOV	EDI,DWORD [12+EBP]
   138 000000A7 8A 45 10                        	MOV	AL,BYTE [16+EBP]
   139 000000AA 8B 75 1C                        	MOV	ESI,DWORD [28+EBP]
   140 000000AD 88 45 F3                        	MOV	BYTE [-13+EBP],AL
   141 000000B0 8D 47 FF                        	LEA	EAX,DWORD [-1+EDI]
   142 000000B3 39 F0                           	CMP	EAX,ESI
   143 000000B5 7D 02                           	JGE	L11
   144 000000B7 89 C6                           	MOV	ESI,EAX
   145 000000B9                                 L11:
   146 000000B9 8B 4D 18                        	MOV	ECX,DWORD [24+EBP]
   147 000000BC 3B 4D 20                        	CMP	ECX,DWORD [32+EBP]
   148 000000BF 7F 34                           	JG	L23
   149 000000C1 89 CB                           	MOV	EBX,ECX
   150 000000C3 0F AF DF                        	IMUL	EBX,EDI
   151 000000C6 89 5D E8                        	MOV	DWORD [-24+EBP],EBX
   152 000000C9                                 L21:
   153 000000C9 8B 55 14                        	MOV	EDX,DWORD [20+EBP]
   154 000000CC 39 F2                           	CMP	EDX,ESI
   155 000000CE 7F 1C                           	JG	L25
   156 000000D0 8B 45 08                        	MOV	EAX,DWORD [8+EBP]
   157 000000D3 03 45 E8                        	ADD	EAX,DWORD [-24+EBP]
   158 000000D6 01 D0                           	ADD	EAX,EDX
   159 000000D8 89 45 EC                        	MOV	DWORD [-20+EBP],EAX
   160 000000DB                                 L20:
   161 000000DB 8B 45 EC                        	MOV	EAX,DWORD [-20+EBP]
   162 000000DE 8A 5D F3                        	MOV	BL,BYTE [-13+EBP]
   163 000000E1 42                              	INC	EDX
   164 000000E2 88 18                           	MOV	BYTE [EAX],BL
   165 000000E4 40                              	INC	EAX
   166 000000E5 89 45 EC                        	MOV	DWORD [-20+EBP],EAX
   167 000000E8 39 F2                           	CMP	EDX,ESI
   168 000000EA 7E EF                           	JLE	L20
   169 000000EC                                 L25:
   170 000000EC 41                              	INC	ECX
   171 000000ED 01 7D E8                        	ADD	DWORD [-24+EBP],EDI
   172 000000F0 3B 4D 20                        	CMP	ECX,DWORD [32+EBP]
   173 000000F3 7E D4                           	JLE	L21
   174 000000F5                                 L23:
   175 000000F5 83 C4 0C                        	ADD	ESP,12
   176 000000F8 5B                              	POP	EBX
   177 000000F9 5E                              	POP	ESI
   178 000000FA 5F                              	POP	EDI
   179 000000FB 5D                              	POP	EBP
   180 000000FC C3                              	RET
   181 000000FD                                 	GLOBAL	_init_screen8
   182 000000FD                                 _init_screen8:
   183 000000FD 55                              	PUSH	EBP
   184 000000FE 89 E5                           	MOV	EBP,ESP
   185 00000100 57                              	PUSH	EDI
   186 00000101 56                              	PUSH	ESI
   187 00000102 53                              	PUSH	EBX
   188 00000103 83 EC 0C                        	SUB	ESP,12
   189 00000106 8B 45 10                        	MOV	EAX,DWORD [16+EBP]
   190 00000109 8B 7D 0C                        	MOV	EDI,DWORD [12+EBP]
   191 0000010C 83 E8 1D                        	SUB	EAX,29
   192 0000010F 4F                              	DEC	EDI
   193 00000110 50                              	PUSH	EAX
   194 00000111 57                              	PUSH	EDI
   195 00000112 6A 00                           	PUSH	0
   196 00000114 6A 00                           	PUSH	0
   197 00000116 6A 0E                           	PUSH	14
   198 00000118 FF 75 0C                        	PUSH	DWORD [12+EBP]
   199 0000011B FF 75 08                        	PUSH	DWORD [8+EBP]
   200 0000011E E8 FFFFFF78                     	CALL	_boxfill8
   201 00000123 8B 45 10                        	MOV	EAX,DWORD [16+EBP]
   202 00000126 83 E8 1C                        	SUB	EAX,28
   203 00000129 50                              	PUSH	EAX
   204 0000012A 57                              	PUSH	EDI
   205 0000012B 50                              	PUSH	EAX
   206 0000012C 6A 00                           	PUSH	0
   207 0000012E 6A 08                           	PUSH	8
   208 00000130 FF 75 0C                        	PUSH	DWORD [12+EBP]
   209 00000133 FF 75 08                        	PUSH	DWORD [8+EBP]
   210 00000136 E8 FFFFFF60                     	CALL	_boxfill8
   211 0000013B 8B 45 10                        	MOV	EAX,DWORD [16+EBP]
   212 0000013E 83 C4 38                        	ADD	ESP,56
   213 00000141 83 E8 1B                        	SUB	EAX,27
   214 00000144 50                              	PUSH	EAX
   215 00000145 57                              	PUSH	EDI
   216 00000146 50                              	PUSH	EAX
   217 00000147 6A 00                           	PUSH	0
   218 00000149 6A 07                           	PUSH	7
   219 0000014B FF 75 0C                        	PUSH	DWORD [12+EBP]
   220 0000014E FF 75 08                        	PUSH	DWORD [8+EBP]
   221 00000151 E8 FFFFFF45                     	CALL	_boxfill8
   222 00000156 8B 45 10                        	MOV	EAX,DWORD [16+EBP]
   223 00000159 48                              	DEC	EAX
   224 0000015A 50                              	PUSH	EAX
   225 0000015B 8B 45 10                        	MOV	EAX,DWORD [16+EBP]
   226 0000015E 57                              	PUSH	EDI
   227 0000015F 83 E8 1A                        	SUB	EAX,26
   228 00000162 50                              	PUSH	EAX
   229 00000163 6A 00                           	PUSH	0
   230 00000165 6A 08                           	PUSH	8
   231 00000167 FF 75 0C                        	PUSH	DWORD [12+EBP]
   232 0000016A FF 75 08                        	PUSH	DWORD [8+EBP]
   233 0000016D E8 FFFFFF29                     	CALL	_boxfill8
   234 00000172 8B 75 10                        	MOV	ESI,DWORD [16+EBP]
   235 00000175 83 C4 38                        	ADD	ESP,56
   236 00000178 83 EE 18                        	SUB	ESI,24
   237 0000017B 56                              	PUSH	ESI
   238 0000017C 6A 3B                           	PUSH	59
   239 0000017E 56                              	PUSH	ESI
   240 0000017F 6A 03                           	PUSH	3
   241 00000181 6A 07                           	PUSH	7
   242 00000183 FF 75 0C                        	PUSH	DWORD [12+EBP]
   243 00000186 FF 75 08                        	PUSH	DWORD [8+EBP]
   244 00000189 E8 FFFFFF0D                     	CALL	_boxfill8
   245 0000018E 8B 45 10                        	MOV	EAX,DWORD [16+EBP]
   246 00000191 83 E8 04                        	SUB	EAX,4
   247 00000194 50                              	PUSH	EAX
   248 00000195 89 45 F0                        	MOV	DWORD [-16+EBP],EAX
   249 00000198 6A 02                           	PUSH	2
   250 0000019A 56                              	PUSH	ESI
   251 0000019B 6A 02                           	PUSH	2
   252 0000019D 6A 07                           	PUSH	7
   253 0000019F FF 75 0C                        	PUSH	DWORD [12+EBP]
   254 000001A2 FF 75 08                        	PUSH	DWORD [8+EBP]
   255 000001A5 E8 FFFFFEF1                     	CALL	_boxfill8
   256 000001AA 83 C4 38                        	ADD	ESP,56
   257 000001AD FF 75 F0                        	PUSH	DWORD [-16+EBP]
   258 000001B0 6A 3B                           	PUSH	59
   259 000001B2 FF 75 F0                        	PUSH	DWORD [-16+EBP]
   260 000001B5 6A 03                           	PUSH	3
   261 000001B7 6A 0F                           	PUSH	15
   262 000001B9 FF 75 0C                        	PUSH	DWORD [12+EBP]
   263 000001BC FF 75 08                        	PUSH	DWORD [8+EBP]
   264 000001BF E8 FFFFFED7                     	CALL	_boxfill8
   265 000001C4 8B 45 10                        	MOV	EAX,DWORD [16+EBP]
   266 000001C7 83 E8 05                        	SUB	EAX,5
   267 000001CA 50                              	PUSH	EAX
   268 000001CB 8B 45 10                        	MOV	EAX,DWORD [16+EBP]
   269 000001CE 6A 3B                           	PUSH	59
   270 000001D0 83 E8 17                        	SUB	EAX,23
   271 000001D3 50                              	PUSH	EAX
   272 000001D4 89 45 EC                        	MOV	DWORD [-20+EBP],EAX
   273 000001D7 6A 3B                           	PUSH	59
   274 000001D9 6A 0F                           	PUSH	15
   275 000001DB FF 75 0C                        	PUSH	DWORD [12+EBP]
   276 000001DE FF 75 08                        	PUSH	DWORD [8+EBP]
   277 000001E1 E8 FFFFFEB5                     	CALL	_boxfill8
   278 000001E6 8B 45 10                        	MOV	EAX,DWORD [16+EBP]
   279 000001E9 83 C4 38                        	ADD	ESP,56
   280 000001EC 83 E8 03                        	SUB	EAX,3
   281 000001EF 89 45 E8                        	MOV	DWORD [-24+EBP],EAX
   282 000001F2 50                              	PUSH	EAX
   283 000001F3 6A 3B                           	PUSH	59
   284 000001F5 50                              	PUSH	EAX
   285 000001F6 6A 02                           	PUSH	2
   286 000001F8 6A 00                           	PUSH	0
   287 000001FA FF 75 0C                        	PUSH	DWORD [12+EBP]
   288 000001FD FF 75 08                        	PUSH	DWORD [8+EBP]
   289 00000200 E8 FFFFFE96                     	CALL	_boxfill8
   290 00000205 FF 75 E8                        	PUSH	DWORD [-24+EBP]
   291 00000208 6A 3C                           	PUSH	60
   292 0000020A 56                              	PUSH	ESI
   293 0000020B 6A 3C                           	PUSH	60
   294 0000020D 6A 00                           	PUSH	0
   295 0000020F FF 75 0C                        	PUSH	DWORD [12+EBP]
   296 00000212 FF 75 08                        	PUSH	DWORD [8+EBP]
   297 00000215 E8 FFFFFE81                     	CALL	_boxfill8
   298 0000021A 8B 7D 0C                        	MOV	EDI,DWORD [12+EBP]
   299 0000021D 83 C4 38                        	ADD	ESP,56
   300 00000220 8B 5D 0C                        	MOV	EBX,DWORD [12+EBP]
   301 00000223 83 EB 04                        	SUB	EBX,4
   302 00000226 83 EF 2F                        	SUB	EDI,47
   303 00000229 56                              	PUSH	ESI
   304 0000022A 53                              	PUSH	EBX
   305 0000022B 56                              	PUSH	ESI
   306 0000022C 57                              	PUSH	EDI
   307 0000022D 6A 0F                           	PUSH	15
   308 0000022F FF 75 0C                        	PUSH	DWORD [12+EBP]
   309 00000232 FF 75 08                        	PUSH	DWORD [8+EBP]
   310 00000235 E8 FFFFFE61                     	CALL	_boxfill8
   311 0000023A FF 75 F0                        	PUSH	DWORD [-16+EBP]
   312 0000023D 57                              	PUSH	EDI
   313 0000023E FF 75 EC                        	PUSH	DWORD [-20+EBP]
   314 00000241 57                              	PUSH	EDI
   315 00000242 6A 0F                           	PUSH	15
   316 00000244 FF 75 0C                        	PUSH	DWORD [12+EBP]
   317 00000247 FF 75 08                        	PUSH	DWORD [8+EBP]
   318 0000024A E8 FFFFFE4C                     	CALL	_boxfill8
   319 0000024F 83 C4 38                        	ADD	ESP,56
   320 00000252 FF 75 E8                        	PUSH	DWORD [-24+EBP]
   321 00000255 53                              	PUSH	EBX
   322 00000256 FF 75 E8                        	PUSH	DWORD [-24+EBP]
   323 00000259 57                              	PUSH	EDI
   324 0000025A 6A 07                           	PUSH	7
   325 0000025C FF 75 0C                        	PUSH	DWORD [12+EBP]
   326 0000025F FF 75 08                        	PUSH	DWORD [8+EBP]
   327 00000262 E8 FFFFFE34                     	CALL	_boxfill8
   328 00000267 8B 45 0C                        	MOV	EAX,DWORD [12+EBP]
   329 0000026A FF 75 E8                        	PUSH	DWORD [-24+EBP]
   330 0000026D 83 E8 03                        	SUB	EAX,3
   331 00000270 50                              	PUSH	EAX
   332 00000271 56                              	PUSH	ESI
   333 00000272 50                              	PUSH	EAX
   334 00000273 6A 07                           	PUSH	7
   335 00000275 FF 75 0C                        	PUSH	DWORD [12+EBP]
   336 00000278 FF 75 08                        	PUSH	DWORD [8+EBP]
   337 0000027B E8 FFFFFE1B                     	CALL	_boxfill8
   338 00000280 8D 65 F4                        	LEA	ESP,DWORD [-12+EBP]
   339 00000283 5B                              	POP	EBX
   340 00000284 5E                              	POP	ESI
   341 00000285 5F                              	POP	EDI
   342 00000286 5D                              	POP	EBP
   343 00000287 C3                              	RET
   344 00000288                                 	GLOBAL	_putfont8
   345 00000288                                 _putfont8:
   346 00000288 55                              	PUSH	EBP
   347 00000289 89 E5                           	MOV	EBP,ESP
   348 0000028B 57                              	PUSH	EDI
   349 0000028C 56                              	PUSH	ESI
   350 0000028D 31 F6                           	XOR	ESI,ESI
   351 0000028F 53                              	PUSH	EBX
   352 00000290 8B 7D 1C                        	MOV	EDI,DWORD [28+EBP]
   353 00000293 8A 5D 18                        	MOV	BL,BYTE [24+EBP]
   354 00000296                                 L40:
   355 00000296 8B 45 14                        	MOV	EAX,DWORD [20+EBP]
   356 00000299 8B 55 10                        	MOV	EDX,DWORD [16+EBP]
   357 0000029C 01 F0                           	ADD	EAX,ESI
   358 0000029E 0F AF 45 0C                     	IMUL	EAX,DWORD [12+EBP]
   359 000002A2 03 45 08                        	ADD	EAX,DWORD [8+EBP]
   360 000002A5 8D 0C 02                        	LEA	ECX,DWORD [EDX+EAX*1]
   361 000002A8 8A 14 3E                        	MOV	DL,BYTE [ESI+EDI*1]
   362 000002AB 84 D2                           	TEST	DL,DL
   363 000002AD 79 02                           	JNS	L32
   364 000002AF 88 19                           	MOV	BYTE [ECX],BL
   365 000002B1                                 L32:
   366 000002B1 88 D0                           	MOV	AL,DL
   367 000002B3 83 E0 40                        	AND	EAX,64
   368 000002B6 84 C0                           	TEST	AL,AL
   369 000002B8 74 03                           	JE	L33
   370 000002BA 88 59 01                        	MOV	BYTE [1+ECX],BL
   371 000002BD                                 L33:
   372 000002BD 88 D0                           	MOV	AL,DL
   373 000002BF 83 E0 20                        	AND	EAX,32
   374 000002C2 84 C0                           	TEST	AL,AL
   375 000002C4 74 03                           	JE	L34
   376 000002C6 88 59 02                        	MOV	BYTE [2+ECX],BL
   377 000002C9                                 L34:
   378 000002C9 88 D0                           	MOV	AL,DL
   379 000002CB 83 E0 10                        	AND	EAX,16
   380 000002CE 84 C0                           	TEST	AL,AL
   381 000002D0 74 03                           	JE	L35
   382 000002D2 88 59 03                        	MOV	BYTE [3+ECX],BL
   383 000002D5                                 L35:
   384 000002D5 88 D0                           	MOV	AL,DL
   385 000002D7 83 E0 08                        	AND	EAX,8
   386 000002DA 84 C0                           	TEST	AL,AL
   387 000002DC 74 03                           	JE	L36
   388 000002DE 88 59 04                        	MOV	BYTE [4+ECX],BL
   389 000002E1                                 L36:
   390 000002E1 88 D0                           	MOV	AL,DL
   391 000002E3 83 E0 04                        	AND	EAX,4
   392 000002E6 84 C0                           	TEST	AL,AL
   393 000002E8 74 03                           	JE	L37
   394 000002EA 88 59 05                        	MOV	BYTE [5+ECX],BL
   395 000002ED                                 L37:
   396 000002ED 88 D0                           	MOV	AL,DL
   397 000002EF 83 E0 02                        	AND	EAX,2
   398 000002F2 84 C0                           	TEST	AL,AL
   399 000002F4 74 03                           	JE	L38
   400 000002F6 88 59 06                        	MOV	BYTE [6+ECX],BL
   401 000002F9                                 L38:
   402 000002F9 83 E2 01                        	AND	EDX,1
   403 000002FC 84 D2                           	TEST	DL,DL
   404 000002FE 74 03                           	JE	L30
   405 00000300 88 59 07                        	MOV	BYTE [7+ECX],BL
   406 00000303                                 L30:
   407 00000303 46                              	INC	ESI
   408 00000304 83 FE 0F                        	CMP	ESI,15
   409 00000307 7E 8D                           	JLE	L40
   410 00000309 5B                              	POP	EBX
   411 0000030A 5E                              	POP	ESI
   412 0000030B 5F                              	POP	EDI
   413 0000030C 5D                              	POP	EBP
   414 0000030D C3                              	RET
   415 0000030E                                 	GLOBAL	_putfonts8_asc
   416 0000030E                                 _putfonts8_asc:
   417 0000030E 55                              	PUSH	EBP
   418 0000030F 89 E5                           	MOV	EBP,ESP
   419 00000311 57                              	PUSH	EDI
   420 00000312 56                              	PUSH	ESI
   421 00000313 53                              	PUSH	EBX
   422 00000314 53                              	PUSH	EBX
   423 00000315 8B 5D 1C                        	MOV	EBX,DWORD [28+EBP]
   424 00000318 8A 45 18                        	MOV	AL,BYTE [24+EBP]
   425 0000031B 88 45 F3                        	MOV	BYTE [-13+EBP],AL
   426 0000031E 8B 75 10                        	MOV	ESI,DWORD [16+EBP]
   427 00000321 8B 7D 14                        	MOV	EDI,DWORD [20+EBP]
   428 00000324 80 3B 00                        	CMP	BYTE [EBX],0
   429 00000327 75 08                           	JNE	L48
   430 00000329                                 L50:
   431 00000329 8D 65 F4                        	LEA	ESP,DWORD [-12+EBP]
   432 0000032C 5B                              	POP	EBX
   433 0000032D 5E                              	POP	ESI
   434 0000032E 5F                              	POP	EDI
   435 0000032F 5D                              	POP	EBP
   436 00000330 C3                              	RET
   437 00000331                                 L48:
   438 00000331 0F B6 03                        	MOVZX	EAX,BYTE [EBX]
   439 00000334 C1 E0 04                        	SAL	EAX,4
   440 00000337 43                              	INC	EBX
   441 00000338 05 [00000000]                   	ADD	EAX,_hankaku
   442 0000033D 50                              	PUSH	EAX
   443 0000033E 0F BE 45 F3                     	MOVSX	EAX,BYTE [-13+EBP]
   444 00000342 50                              	PUSH	EAX
   445 00000343 57                              	PUSH	EDI
   446 00000344 56                              	PUSH	ESI
   447 00000345 83 C6 08                        	ADD	ESI,8
   448 00000348 FF 75 0C                        	PUSH	DWORD [12+EBP]
   449 0000034B FF 75 08                        	PUSH	DWORD [8+EBP]
   450 0000034E E8 FFFFFF35                     	CALL	_putfont8
   451 00000353 83 C4 18                        	ADD	ESP,24
   452 00000356 80 3B 00                        	CMP	BYTE [EBX],0
   453 00000359 75 D6                           	JNE	L48
   454 0000035B EB CC                           	JMP	L50
   455                                          [SECTION .data]
   456 00000030                                 _cursor.1:
   457 00000030 2A 2A 2A 2A 2A 2A 2A 2A 2A 2A   	DB	"**************.."
       0000003A 2A 2A 2A 2A 2E 2E 
   458 00000040 2A 4F 4F 4F 4F 4F 4F 4F 4F 4F   	DB	"*OOOOOOOOOOO*..."
       0000004A 4F 4F 2A 2E 2E 2E 
   459 00000050 2A 4F 4F 4F 4F 4F 4F 4F 4F 4F   	DB	"*OOOOOOOOO**...."
       0000005A 2A 2A 2E 2E 2E 2E 
   460 00000060 2A 4F 4F 4F 4F 4F 4F 4F 2A 2A   	DB	"*OOOOOOO**......"
       0000006A 2E 2E 2E 2E 2E 2E 
   461 00000070 2A 4F 4F 4F 4F 4F 2A 2A 2E 2E   	DB	"*OOOOO**........"
       0000007A 2E 2E 2E 2E 2E 2E 
   462 00000080 2A 4F 4F 4F 4F 4F 4F 2A 2E 2E   	DB	"*OOOOOO*........"
       0000008A 2E 2E 2E 2E 2E 2E 
   463 00000090 2A 4F 4F 4F 2A 4F 4F 4F 2A 2E   	DB	"*OOO*OOO*......."
       0000009A 2E 2E 2E 2E 2E 2E 
   464 000000A0 2A 4F 4F 4F 2A 2A 4F 4F 4F 2A   	DB	"*OOO**OOO*......"
       000000AA 2E 2E 2E 2E 2E 2E 
   465 000000B0 2A 4F 4F 2A 2E 2E 2A 4F 4F 4F   	DB	"*OO*..*OOO*....."
       000000BA 2A 2E 2E 2E 2E 2E 
   466 000000C0 2A 4F 4F 2A 2E 2E 2E 2A 4F 4F   	DB	"*OO*...*OOO*...."
       000000CA 4F 2A 2E 2E 2E 2E 
   467 000000D0 2A 4F 2A 2E 2E 2E 2E 2E 2A 4F   	DB	"*O*.....*OOO*..."
       000000DA 4F 4F 2A 2E 2E 2E 
   468 000000E0 2A 4F 2A 2E 2E 2E 2E 2E 2E 2A   	DB	"*O*......*OOO*.."
       000000EA 4F 4F 4F 2A 2E 2E 
   469 000000F0 2A 2A 2E 2E 2E 2E 2E 2E 2E 2E   	DB	"**........*OOO*."
       000000FA 2A 4F 4F 4F 2A 2E 
   470 00000100 2A 2E 2E 2E 2E 2E 2E 2E 2E 2E   	DB	"*..........*OOO*"
       0000010A 2E 2A 4F 4F 4F 2A 
   471 00000110 2E 2E 2E 2E 2E 2E 2E 2E 2E 2E   	DB	"............*OO*"
       0000011A 2E 2E 2A 4F 4F 2A 
   472 00000120 2E 2E 2E 2E 2E 2E 2E 2E 2E 2E   	DB	".............***"
       0000012A 2E 2E 2E 2A 2A 2A 
   473                                          [SECTION .text]
   474 0000035D                                 	GLOBAL	_init_mouse_cursor8
   475 0000035D                                 _init_mouse_cursor8:
   476 0000035D 55                              	PUSH	EBP
   477 0000035E 89 E5                           	MOV	EBP,ESP
   478 00000360 57                              	PUSH	EDI
   479 00000361 56                              	PUSH	ESI
   480 00000362 53                              	PUSH	EBX
   481 00000363 31 DB                           	XOR	EBX,EBX
   482 00000365 57                              	PUSH	EDI
   483 00000366 31 FF                           	XOR	EDI,EDI
   484 00000368 8A 45 0C                        	MOV	AL,BYTE [12+EBP]
   485 0000036B 8B 75 08                        	MOV	ESI,DWORD [8+EBP]
   486 0000036E 88 45 F3                        	MOV	BYTE [-13+EBP],AL
   487 00000371                                 L64:
   488 00000371 31 D2                           	XOR	EDX,EDX
   489 00000373                                 L63:
   490 00000373 8D 04 3A                        	LEA	EAX,DWORD [EDX+EDI*1]
   491 00000376 80 B8 [00000030] 2A             	CMP	BYTE [_cursor.1+EAX],42
   492 0000037D 74 35                           	JE	L69
   493 0000037F                                 L60:
   494 0000037F 80 B8 [00000030] 4F             	CMP	BYTE [_cursor.1+EAX],79
   495 00000386 74 26                           	JE	L70
   496 00000388                                 L61:
   497 00000388 80 B8 [00000030] 2E             	CMP	BYTE [_cursor.1+EAX],46
   498 0000038F 74 15                           	JE	L71
   499 00000391                                 L58:
   500 00000391 42                              	INC	EDX
   501 00000392 83 FA 0F                        	CMP	EDX,15
   502 00000395 7E DC                           	JLE	L63
   503 00000397 43                              	INC	EBX
   504 00000398 83 C7 10                        	ADD	EDI,16
   505 0000039B 83 FB 0F                        	CMP	EBX,15
   506 0000039E 7E D1                           	JLE	L64
   507 000003A0 5E                              	POP	ESI
   508 000003A1 5B                              	POP	EBX
   509 000003A2 5E                              	POP	ESI
   510 000003A3 5F                              	POP	EDI
   511 000003A4 5D                              	POP	EBP
   512 000003A5 C3                              	RET
   513 000003A6                                 L71:
   514 000003A6 8A 4D F3                        	MOV	CL,BYTE [-13+EBP]
   515 000003A9 88 0C 30                        	MOV	BYTE [EAX+ESI*1],CL
   516 000003AC EB E3                           	JMP	L58
   517 000003AE                                 L70:
   518 000003AE C6 04 30 07                     	MOV	BYTE [EAX+ESI*1],7
   519 000003B2 EB D4                           	JMP	L61
   520 000003B4                                 L69:
   521 000003B4 C6 04 30 00                     	MOV	BYTE [EAX+ESI*1],0
   522 000003B8 EB C5                           	JMP	L60
   523 000003BA                                 	GLOBAL	_putblock8_8
   524 000003BA                                 _putblock8_8:
   525 000003BA 55                              	PUSH	EBP
   526 000003BB 89 E5                           	MOV	EBP,ESP
   527 000003BD 57                              	PUSH	EDI
   528 000003BE 56                              	PUSH	ESI
   529 000003BF 31 F6                           	XOR	ESI,ESI
   530 000003C1 53                              	PUSH	EBX
   531 000003C2 83 EC 0C                        	SUB	ESP,12
   532 000003C5 3B 75 14                        	CMP	ESI,DWORD [20+EBP]
   533 000003C8 7D 50                           	JGE	L85
   534 000003CA 31 FF                           	XOR	EDI,EDI
   535 000003CC                                 L83:
   536 000003CC 31 DB                           	XOR	EBX,EBX
   537 000003CE 3B 5D 10                        	CMP	EBX,DWORD [16+EBP]
   538 000003D1 7D 3E                           	JGE	L75
   539 000003D3 8B 45 0C                        	MOV	EAX,DWORD [12+EBP]
   540 000003D6 39 45 18                        	CMP	DWORD [24+EBP],EAX
   541 000003D9 7D 36                           	JGE	L75
   542 000003DB 8B 55 20                        	MOV	EDX,DWORD [32+EBP]
   543 000003DE 01 FA                           	ADD	EDX,EDI
   544 000003E0 89 55 EC                        	MOV	DWORD [-20+EBP],EDX
   545 000003E3                                 L82:
   546 000003E3 8B 45 1C                        	MOV	EAX,DWORD [28+EBP]
   547 000003E6 8B 55 18                        	MOV	EDX,DWORD [24+EBP]
   548 000003E9 01 F0                           	ADD	EAX,ESI
   549 000003EB 01 DA                           	ADD	EDX,EBX
   550 000003ED 0F AF 45 0C                     	IMUL	EAX,DWORD [12+EBP]
   551 000003F1 8B 4D EC                        	MOV	ECX,DWORD [-20+EBP]
   552 000003F4 01 D0                           	ADD	EAX,EDX
   553 000003F6 8B 55 08                        	MOV	EDX,DWORD [8+EBP]
   554 000003F9 43                              	INC	EBX
   555 000003FA 8A 09                           	MOV	CL,BYTE [ECX]
   556 000003FC 88 0C 10                        	MOV	BYTE [EAX+EDX*1],CL
   557 000003FF FF 45 EC                        	INC	DWORD [-20+EBP]
   558 00000402 3B 5D 10                        	CMP	EBX,DWORD [16+EBP]
   559 00000405 7D 0A                           	JGE	L75
   560 00000407 8B 45 18                        	MOV	EAX,DWORD [24+EBP]
   561 0000040A 01 D8                           	ADD	EAX,EBX
   562 0000040C 3B 45 0C                        	CMP	EAX,DWORD [12+EBP]
   563 0000040F 7C D2                           	JL	L82
   564 00000411                                 L75:
   565 00000411 46                              	INC	ESI
   566 00000412 03 7D 24                        	ADD	EDI,DWORD [36+EBP]
   567 00000415 3B 75 14                        	CMP	ESI,DWORD [20+EBP]
   568 00000418 7C B2                           	JL	L83
   569 0000041A                                 L85:
   570 0000041A 83 C4 0C                        	ADD	ESP,12
   571 0000041D 5B                              	POP	EBX
   572 0000041E 5E                              	POP	ESI
   573 0000041F 5F                              	POP	EDI
   574 00000420 5D                              	POP	EBP
   575 00000421 C3                              	RET
