     1 00000000                                 [FORMAT "WCOFF"]
     2 00000000                                 [INSTRSET "i486p"]
     3 00000000                                 [OPTIMIZE 1]
     4 00000000                                 [OPTION 1]
     5 00000000                                 [BITS 32]
     6 00000000                                 	EXTERN	_sprintf
     7 00000000                                 	EXTERN	_hankaku
     8 00000000                                 	EXTERN	_io_hlt
     9 00000000                                 	EXTERN	_io_load_eflags
    10 00000000                                 	EXTERN	_io_cli
    11 00000000                                 	EXTERN	_io_out8
    12 00000000                                 	EXTERN	_io_store_eflags
    13 00000000                                 [FILE "bootpack.c"]
    14                                          [SECTION .data]
    15 00000000                                 LC0:
    16 00000000 56 52 41 4D 20 3D 20 30 78 25   	DB	"VRAM = 0x%x",0x00
       0000000A 78 00 
    17                                          [SECTION .text]
    18 00000000                                 	GLOBAL	_HariMain
    19 00000000                                 _HariMain:
    20 00000000 55                              	PUSH	EBP
    21 00000001 89 E5                           	MOV	EBP,ESP
    22 00000003 53                              	PUSH	EBX
    23 00000004 83 EC 60                        	SUB	ESP,96
    24 00000007 8D 5D 9C                        	LEA	EBX,DWORD [-100+EBP]
    25 0000000A E8 0000005D                     	CALL	_init_palette
    26 0000000F 0F BF 05 00000FF6               	MOVSX	EAX,WORD [4086]
    27 00000016 50                              	PUSH	EAX
    28 00000017 0F BF 05 00000FF4               	MOVSX	EAX,WORD [4084]
    29 0000001E 50                              	PUSH	EAX
    30 0000001F FF 35 00000FF8                  	PUSH	DWORD [4088]
    31 00000025 E8 0000012E                     	CALL	_init_screen
    32 0000002A FF 35 00000FF8                  	PUSH	DWORD [4088]
    33 00000030 68 [00000000]                   	PUSH	LC0
    34 00000035 53                              	PUSH	EBX
    35 00000036 E8 [00000000]                   	CALL	_sprintf
    36 0000003B 53                              	PUSH	EBX
    37 0000003C 68 [00000000]                   	PUSH	_hankaku
    38 00000041 6A 07                           	PUSH	7
    39 00000043 6A 08                           	PUSH	8
    40 00000045 6A 02                           	PUSH	2
    41 00000047 0F BF 05 00000FF6               	MOVSX	EAX,WORD [4086]
    42 0000004E 50                              	PUSH	EAX
    43 0000004F 0F BF 05 00000FF4               	MOVSX	EAX,WORD [4084]
    44 00000056 50                              	PUSH	EAX
    45 00000057 FF 35 00000FF8                  	PUSH	DWORD [4088]
    46 0000005D E8 00000383                     	CALL	_pustring8
    47 00000062 83 C4 38                        	ADD	ESP,56
    48 00000065                                 L2:
    49 00000065 E8 [00000000]                   	CALL	_io_hlt
    50 0000006A EB F9                           	JMP	L2
    51                                          [SECTION .data]
    52 0000000C                                 _table_rgb.0:
    53 0000000C 00                              	DB	0
    54 0000000D 00                              	DB	0
    55 0000000E 00                              	DB	0
    56 0000000F FF                              	DB	-1
    57 00000010 00                              	DB	0
    58 00000011 00                              	DB	0
    59 00000012 00                              	DB	0
    60 00000013 FF                              	DB	-1
    61 00000014 00                              	DB	0
    62 00000015 FF                              	DB	-1
    63 00000016 FF                              	DB	-1
    64 00000017 00                              	DB	0
    65 00000018 00                              	DB	0
    66 00000019 00                              	DB	0
    67 0000001A FF                              	DB	-1
    68 0000001B FF                              	DB	-1
    69 0000001C 00                              	DB	0
    70 0000001D FF                              	DB	-1
    71 0000001E 00                              	DB	0
    72 0000001F FF                              	DB	-1
    73 00000020 FF                              	DB	-1
    74 00000021 FF                              	DB	-1
    75 00000022 FF                              	DB	-1
    76 00000023 FF                              	DB	-1
    77 00000024 C6                              	DB	-58
    78 00000025 C6                              	DB	-58
    79 00000026 C6                              	DB	-58
    80 00000027 84                              	DB	-124
    81 00000028 00                              	DB	0
    82 00000029 00                              	DB	0
    83 0000002A 00                              	DB	0
    84 0000002B 84                              	DB	-124
    85 0000002C 00                              	DB	0
    86 0000002D 84                              	DB	-124
    87 0000002E 84                              	DB	-124
    88 0000002F 00                              	DB	0
    89 00000030 00                              	DB	0
    90 00000031 00                              	DB	0
    91 00000032 84                              	DB	-124
    92 00000033 84                              	DB	-124
    93 00000034 00                              	DB	0
    94 00000035 84                              	DB	-124
    95 00000036 00                              	DB	0
    96 00000037 84                              	DB	-124
    97 00000038 84                              	DB	-124
    98 00000039 84                              	DB	-124
    99 0000003A 84                              	DB	-124
   100 0000003B 84                              	DB	-124
   101                                          [SECTION .text]
   102 0000006C                                 	GLOBAL	_init_palette
   103 0000006C                                 _init_palette:
   104 0000006C 55                              	PUSH	EBP
   105 0000006D 89 E5                           	MOV	EBP,ESP
   106 0000006F 68 [0000000C]                   	PUSH	_table_rgb.0
   107 00000074 6A 0F                           	PUSH	15
   108 00000076 6A 00                           	PUSH	0
   109 00000078 E8 00000002                     	CALL	_set_palette
   110 0000007D C9                              	LEAVE
   111 0000007E C3                              	RET
   112 0000007F                                 	GLOBAL	_set_palette
   113 0000007F                                 _set_palette:
   114 0000007F 55                              	PUSH	EBP
   115 00000080 89 E5                           	MOV	EBP,ESP
   116 00000082 57                              	PUSH	EDI
   117 00000083 56                              	PUSH	ESI
   118 00000084 53                              	PUSH	EBX
   119 00000085 51                              	PUSH	ECX
   120 00000086 8B 5D 08                        	MOV	EBX,DWORD [8+EBP]
   121 00000089 8B 7D 0C                        	MOV	EDI,DWORD [12+EBP]
   122 0000008C 8B 75 10                        	MOV	ESI,DWORD [16+EBP]
   123 0000008F E8 [00000000]                   	CALL	_io_load_eflags
   124 00000094 89 45 F0                        	MOV	DWORD [-16+EBP],EAX
   125 00000097 E8 [00000000]                   	CALL	_io_cli
   126 0000009C 53                              	PUSH	EBX
   127 0000009D 68 000003C8                     	PUSH	968
   128 000000A2 E8 [00000000]                   	CALL	_io_out8
   129 000000A7 39 FB                           	CMP	EBX,EDI
   130 000000A9 58                              	POP	EAX
   131 000000AA 5A                              	POP	EDX
   132 000000AB 7E 12                           	JLE	L11
   133 000000AD                                 L13:
   134 000000AD 8B 45 F0                        	MOV	EAX,DWORD [-16+EBP]
   135 000000B0 89 45 08                        	MOV	DWORD [8+EBP],EAX
   136 000000B3 8D 65 F4                        	LEA	ESP,DWORD [-12+EBP]
   137 000000B6 5B                              	POP	EBX
   138 000000B7 5E                              	POP	ESI
   139 000000B8 5F                              	POP	EDI
   140 000000B9 5D                              	POP	EBP
   141 000000BA E9 [00000000]                   	JMP	_io_store_eflags
   142 000000BF                                 L11:
   143 000000BF 8A 06                           	MOV	AL,BYTE [ESI]
   144 000000C1 43                              	INC	EBX
   145 000000C2 C0 E8 02                        	SHR	AL,2
   146 000000C5 0F B6 C0                        	MOVZX	EAX,AL
   147 000000C8 50                              	PUSH	EAX
   148 000000C9 68 000003C9                     	PUSH	969
   149 000000CE E8 [00000000]                   	CALL	_io_out8
   150 000000D3 8A 46 01                        	MOV	AL,BYTE [1+ESI]
   151 000000D6 C0 E8 02                        	SHR	AL,2
   152 000000D9 0F B6 C0                        	MOVZX	EAX,AL
   153 000000DC 50                              	PUSH	EAX
   154 000000DD 68 000003C9                     	PUSH	969
   155 000000E2 E8 [00000000]                   	CALL	_io_out8
   156 000000E7 8A 46 02                        	MOV	AL,BYTE [2+ESI]
   157 000000EA C0 E8 02                        	SHR	AL,2
   158 000000ED 83 C6 03                        	ADD	ESI,3
   159 000000F0 0F B6 C0                        	MOVZX	EAX,AL
   160 000000F3 50                              	PUSH	EAX
   161 000000F4 68 000003C9                     	PUSH	969
   162 000000F9 E8 [00000000]                   	CALL	_io_out8
   163 000000FE 83 C4 18                        	ADD	ESP,24
   164 00000101 39 FB                           	CMP	EBX,EDI
   165 00000103 7E BA                           	JLE	L11
   166 00000105 EB A6                           	JMP	L13
   167 00000107                                 	GLOBAL	_boxfill8
   168 00000107                                 _boxfill8:
   169 00000107 55                              	PUSH	EBP
   170 00000108 89 E5                           	MOV	EBP,ESP
   171 0000010A 57                              	PUSH	EDI
   172 0000010B 56                              	PUSH	ESI
   173 0000010C 53                              	PUSH	EBX
   174 0000010D 57                              	PUSH	EDI
   175 0000010E 57                              	PUSH	EDI
   176 0000010F 8A 45 10                        	MOV	AL,BYTE [16+EBP]
   177 00000112 8B 4D 18                        	MOV	ECX,DWORD [24+EBP]
   178 00000115 8B 7D 1C                        	MOV	EDI,DWORD [28+EBP]
   179 00000118 88 45 F3                        	MOV	BYTE [-13+EBP],AL
   180 0000011B 3B 4D 20                        	CMP	ECX,DWORD [32+EBP]
   181 0000011E 7F 31                           	JG	L26
   182 00000120 8B 5D 0C                        	MOV	EBX,DWORD [12+EBP]
   183 00000123 0F AF D9                        	IMUL	EBX,ECX
   184 00000126                                 L24:
   185 00000126 8B 55 14                        	MOV	EDX,DWORD [20+EBP]
   186 00000129 39 FA                           	CMP	EDX,EDI
   187 0000012B 7F 1B                           	JG	L28
   188 0000012D 8B 75 08                        	MOV	ESI,DWORD [8+EBP]
   189 00000130 01 DE                           	ADD	ESI,EBX
   190 00000132 01 D6                           	ADD	ESI,EDX
   191 00000134 89 75 EC                        	MOV	DWORD [-20+EBP],ESI
   192 00000137                                 L23:
   193 00000137 8B 75 EC                        	MOV	ESI,DWORD [-20+EBP]
   194 0000013A 8A 45 F3                        	MOV	AL,BYTE [-13+EBP]
   195 0000013D 42                              	INC	EDX
   196 0000013E 88 06                           	MOV	BYTE [ESI],AL
   197 00000140 46                              	INC	ESI
   198 00000141 89 75 EC                        	MOV	DWORD [-20+EBP],ESI
   199 00000144 39 FA                           	CMP	EDX,EDI
   200 00000146 7E EF                           	JLE	L23
   201 00000148                                 L28:
   202 00000148 41                              	INC	ECX
   203 00000149 03 5D 0C                        	ADD	EBX,DWORD [12+EBP]
   204 0000014C 3B 4D 20                        	CMP	ECX,DWORD [32+EBP]
   205 0000014F 7E D5                           	JLE	L24
   206 00000151                                 L26:
   207 00000151 5B                              	POP	EBX
   208 00000152 5E                              	POP	ESI
   209 00000153 5B                              	POP	EBX
   210 00000154 5E                              	POP	ESI
   211 00000155 5F                              	POP	EDI
   212 00000156 5D                              	POP	EBP
   213 00000157 C3                              	RET
   214 00000158                                 	GLOBAL	_init_screen
   215 00000158                                 _init_screen:
   216 00000158 55                              	PUSH	EBP
   217 00000159 89 E5                           	MOV	EBP,ESP
   218 0000015B 57                              	PUSH	EDI
   219 0000015C 56                              	PUSH	ESI
   220 0000015D 53                              	PUSH	EBX
   221 0000015E 83 EC 0C                        	SUB	ESP,12
   222 00000161 8B 45 10                        	MOV	EAX,DWORD [16+EBP]
   223 00000164 8B 7D 0C                        	MOV	EDI,DWORD [12+EBP]
   224 00000167 83 E8 1D                        	SUB	EAX,29
   225 0000016A 4F                              	DEC	EDI
   226 0000016B 50                              	PUSH	EAX
   227 0000016C 57                              	PUSH	EDI
   228 0000016D 6A 00                           	PUSH	0
   229 0000016F 6A 00                           	PUSH	0
   230 00000171 6A 0E                           	PUSH	14
   231 00000173 FF 75 0C                        	PUSH	DWORD [12+EBP]
   232 00000176 FF 75 08                        	PUSH	DWORD [8+EBP]
   233 00000179 E8 FFFFFF89                     	CALL	_boxfill8
   234 0000017E 8B 45 10                        	MOV	EAX,DWORD [16+EBP]
   235 00000181 83 E8 1C                        	SUB	EAX,28
   236 00000184 50                              	PUSH	EAX
   237 00000185 57                              	PUSH	EDI
   238 00000186 50                              	PUSH	EAX
   239 00000187 6A 00                           	PUSH	0
   240 00000189 6A 08                           	PUSH	8
   241 0000018B FF 75 0C                        	PUSH	DWORD [12+EBP]
   242 0000018E FF 75 08                        	PUSH	DWORD [8+EBP]
   243 00000191 E8 FFFFFF71                     	CALL	_boxfill8
   244 00000196 8B 45 10                        	MOV	EAX,DWORD [16+EBP]
   245 00000199 83 C4 38                        	ADD	ESP,56
   246 0000019C 83 E8 1B                        	SUB	EAX,27
   247 0000019F 50                              	PUSH	EAX
   248 000001A0 57                              	PUSH	EDI
   249 000001A1 50                              	PUSH	EAX
   250 000001A2 6A 00                           	PUSH	0
   251 000001A4 6A 07                           	PUSH	7
   252 000001A6 FF 75 0C                        	PUSH	DWORD [12+EBP]
   253 000001A9 FF 75 08                        	PUSH	DWORD [8+EBP]
   254 000001AC E8 FFFFFF56                     	CALL	_boxfill8
   255 000001B1 8B 45 10                        	MOV	EAX,DWORD [16+EBP]
   256 000001B4 48                              	DEC	EAX
   257 000001B5 50                              	PUSH	EAX
   258 000001B6 8B 45 10                        	MOV	EAX,DWORD [16+EBP]
   259 000001B9 57                              	PUSH	EDI
   260 000001BA 83 E8 1A                        	SUB	EAX,26
   261 000001BD 50                              	PUSH	EAX
   262 000001BE 6A 00                           	PUSH	0
   263 000001C0 6A 08                           	PUSH	8
   264 000001C2 FF 75 0C                        	PUSH	DWORD [12+EBP]
   265 000001C5 FF 75 08                        	PUSH	DWORD [8+EBP]
   266 000001C8 E8 FFFFFF3A                     	CALL	_boxfill8
   267 000001CD 8B 75 10                        	MOV	ESI,DWORD [16+EBP]
   268 000001D0 83 C4 38                        	ADD	ESP,56
   269 000001D3 83 EE 18                        	SUB	ESI,24
   270 000001D6 56                              	PUSH	ESI
   271 000001D7 6A 3B                           	PUSH	59
   272 000001D9 56                              	PUSH	ESI
   273 000001DA 6A 03                           	PUSH	3
   274 000001DC 6A 07                           	PUSH	7
   275 000001DE FF 75 0C                        	PUSH	DWORD [12+EBP]
   276 000001E1 FF 75 08                        	PUSH	DWORD [8+EBP]
   277 000001E4 E8 FFFFFF1E                     	CALL	_boxfill8
   278 000001E9 8B 45 10                        	MOV	EAX,DWORD [16+EBP]
   279 000001EC 83 E8 04                        	SUB	EAX,4
   280 000001EF 50                              	PUSH	EAX
   281 000001F0 89 45 F0                        	MOV	DWORD [-16+EBP],EAX
   282 000001F3 6A 02                           	PUSH	2
   283 000001F5 56                              	PUSH	ESI
   284 000001F6 6A 02                           	PUSH	2
   285 000001F8 6A 07                           	PUSH	7
   286 000001FA FF 75 0C                        	PUSH	DWORD [12+EBP]
   287 000001FD FF 75 08                        	PUSH	DWORD [8+EBP]
   288 00000200 E8 FFFFFF02                     	CALL	_boxfill8
   289 00000205 83 C4 38                        	ADD	ESP,56
   290 00000208 FF 75 F0                        	PUSH	DWORD [-16+EBP]
   291 0000020B 6A 3B                           	PUSH	59
   292 0000020D FF 75 F0                        	PUSH	DWORD [-16+EBP]
   293 00000210 6A 03                           	PUSH	3
   294 00000212 6A 0F                           	PUSH	15
   295 00000214 FF 75 0C                        	PUSH	DWORD [12+EBP]
   296 00000217 FF 75 08                        	PUSH	DWORD [8+EBP]
   297 0000021A E8 FFFFFEE8                     	CALL	_boxfill8
   298 0000021F 8B 45 10                        	MOV	EAX,DWORD [16+EBP]
   299 00000222 83 E8 05                        	SUB	EAX,5
   300 00000225 50                              	PUSH	EAX
   301 00000226 8B 45 10                        	MOV	EAX,DWORD [16+EBP]
   302 00000229 6A 3B                           	PUSH	59
   303 0000022B 83 E8 17                        	SUB	EAX,23
   304 0000022E 50                              	PUSH	EAX
   305 0000022F 89 45 EC                        	MOV	DWORD [-20+EBP],EAX
   306 00000232 6A 3B                           	PUSH	59
   307 00000234 6A 0F                           	PUSH	15
   308 00000236 FF 75 0C                        	PUSH	DWORD [12+EBP]
   309 00000239 FF 75 08                        	PUSH	DWORD [8+EBP]
   310 0000023C E8 FFFFFEC6                     	CALL	_boxfill8
   311 00000241 8B 45 10                        	MOV	EAX,DWORD [16+EBP]
   312 00000244 83 C4 38                        	ADD	ESP,56
   313 00000247 83 E8 03                        	SUB	EAX,3
   314 0000024A 89 45 E8                        	MOV	DWORD [-24+EBP],EAX
   315 0000024D 50                              	PUSH	EAX
   316 0000024E 6A 3B                           	PUSH	59
   317 00000250 50                              	PUSH	EAX
   318 00000251 6A 02                           	PUSH	2
   319 00000253 6A 00                           	PUSH	0
   320 00000255 FF 75 0C                        	PUSH	DWORD [12+EBP]
   321 00000258 FF 75 08                        	PUSH	DWORD [8+EBP]
   322 0000025B E8 FFFFFEA7                     	CALL	_boxfill8
   323 00000260 FF 75 E8                        	PUSH	DWORD [-24+EBP]
   324 00000263 6A 3C                           	PUSH	60
   325 00000265 56                              	PUSH	ESI
   326 00000266 6A 3C                           	PUSH	60
   327 00000268 6A 00                           	PUSH	0
   328 0000026A FF 75 0C                        	PUSH	DWORD [12+EBP]
   329 0000026D FF 75 08                        	PUSH	DWORD [8+EBP]
   330 00000270 E8 FFFFFE92                     	CALL	_boxfill8
   331 00000275 8B 7D 0C                        	MOV	EDI,DWORD [12+EBP]
   332 00000278 83 C4 38                        	ADD	ESP,56
   333 0000027B 8B 5D 0C                        	MOV	EBX,DWORD [12+EBP]
   334 0000027E 83 EB 04                        	SUB	EBX,4
   335 00000281 83 EF 2F                        	SUB	EDI,47
   336 00000284 56                              	PUSH	ESI
   337 00000285 53                              	PUSH	EBX
   338 00000286 56                              	PUSH	ESI
   339 00000287 57                              	PUSH	EDI
   340 00000288 6A 0F                           	PUSH	15
   341 0000028A FF 75 0C                        	PUSH	DWORD [12+EBP]
   342 0000028D FF 75 08                        	PUSH	DWORD [8+EBP]
   343 00000290 E8 FFFFFE72                     	CALL	_boxfill8
   344 00000295 FF 75 F0                        	PUSH	DWORD [-16+EBP]
   345 00000298 57                              	PUSH	EDI
   346 00000299 FF 75 EC                        	PUSH	DWORD [-20+EBP]
   347 0000029C 57                              	PUSH	EDI
   348 0000029D 6A 0F                           	PUSH	15
   349 0000029F FF 75 0C                        	PUSH	DWORD [12+EBP]
   350 000002A2 FF 75 08                        	PUSH	DWORD [8+EBP]
   351 000002A5 E8 FFFFFE5D                     	CALL	_boxfill8
   352 000002AA 83 C4 38                        	ADD	ESP,56
   353 000002AD FF 75 E8                        	PUSH	DWORD [-24+EBP]
   354 000002B0 53                              	PUSH	EBX
   355 000002B1 FF 75 E8                        	PUSH	DWORD [-24+EBP]
   356 000002B4 57                              	PUSH	EDI
   357 000002B5 6A 07                           	PUSH	7
   358 000002B7 FF 75 0C                        	PUSH	DWORD [12+EBP]
   359 000002BA FF 75 08                        	PUSH	DWORD [8+EBP]
   360 000002BD E8 FFFFFE45                     	CALL	_boxfill8
   361 000002C2 8B 45 0C                        	MOV	EAX,DWORD [12+EBP]
   362 000002C5 FF 75 E8                        	PUSH	DWORD [-24+EBP]
   363 000002C8 83 E8 03                        	SUB	EAX,3
   364 000002CB 50                              	PUSH	EAX
   365 000002CC 56                              	PUSH	ESI
   366 000002CD 50                              	PUSH	EAX
   367 000002CE 6A 07                           	PUSH	7
   368 000002D0 FF 75 0C                        	PUSH	DWORD [12+EBP]
   369 000002D3 FF 75 08                        	PUSH	DWORD [8+EBP]
   370 000002D6 E8 FFFFFE2C                     	CALL	_boxfill8
   371 000002DB 8D 65 F4                        	LEA	ESP,DWORD [-12+EBP]
   372 000002DE 5B                              	POP	EBX
   373 000002DF 5E                              	POP	ESI
   374 000002E0 5F                              	POP	EDI
   375 000002E1 5D                              	POP	EBP
   376 000002E2 C3                              	RET
   377 000002E3                                 	GLOBAL	_putfont8
   378 000002E3                                 _putfont8:
   379 000002E3 55                              	PUSH	EBP
   380 000002E4 89 E5                           	MOV	EBP,ESP
   381 000002E6 57                              	PUSH	EDI
   382 000002E7 56                              	PUSH	ESI
   383 000002E8 53                              	PUSH	EBX
   384 000002E9 51                              	PUSH	ECX
   385 000002EA 51                              	PUSH	ECX
   386 000002EB 8A 45 1C                        	MOV	AL,BYTE [28+EBP]
   387 000002EE 8B 75 0C                        	MOV	ESI,DWORD [12+EBP]
   388 000002F1 88 45 EF                        	MOV	BYTE [-17+EBP],AL
   389 000002F4 8B 7D 14                        	MOV	EDI,DWORD [20+EBP]
   390 000002F7 8B 45 18                        	MOV	EAX,DWORD [24+EBP]
   391 000002FA 8B 5D 10                        	MOV	EBX,DWORD [16+EBP]
   392 000002FD 0F AF C6                        	IMUL	EAX,ESI
   393 00000300 03 45 08                        	ADD	EAX,DWORD [8+EBP]
   394 00000303 39 5D 18                        	CMP	DWORD [24+EBP],EBX
   395 00000306 C7 45 F0 00000000               	MOV	DWORD [-16+EBP],0
   396 0000030D 8D 0C 07                        	LEA	ECX,DWORD [EDI+EAX*1]
   397 00000310 0F 8D 000000C8                  	JGE	L30
   398 00000316                                 L44:
   399 00000316 8B 45 20                        	MOV	EAX,DWORD [32+EBP]
   400 00000319 8B 5D F0                        	MOV	EBX,DWORD [-16+EBP]
   401 0000031C 39 F7                           	CMP	EDI,ESI
   402 0000031E 8A 14 03                        	MOV	DL,BYTE [EBX+EAX*1]
   403 00000321 7D 09                           	JGE	L36
   404 00000323 84 D2                           	TEST	DL,DL
   405 00000325 79 05                           	JNS	L36
   406 00000327 8A 45 EF                        	MOV	AL,BYTE [-17+EBP]
   407 0000032A 88 01                           	MOV	BYTE [ECX],AL
   408 0000032C                                 L36:
   409 0000032C 8D 47 01                        	LEA	EAX,DWORD [1+EDI]
   410 0000032F 39 F0                           	CMP	EAX,ESI
   411 00000331 7D 0F                           	JGE	L37
   412 00000333 88 D0                           	MOV	AL,DL
   413 00000335 83 E0 40                        	AND	EAX,64
   414 00000338 84 C0                           	TEST	AL,AL
   415 0000033A 74 06                           	JE	L37
   416 0000033C 8A 5D EF                        	MOV	BL,BYTE [-17+EBP]
   417 0000033F 88 59 01                        	MOV	BYTE [1+ECX],BL
   418 00000342                                 L37:
   419 00000342 8D 47 02                        	LEA	EAX,DWORD [2+EDI]
   420 00000345 39 F0                           	CMP	EAX,ESI
   421 00000347 7D 0F                           	JGE	L38
   422 00000349 88 D0                           	MOV	AL,DL
   423 0000034B 83 E0 20                        	AND	EAX,32
   424 0000034E 84 C0                           	TEST	AL,AL
   425 00000350 74 06                           	JE	L38
   426 00000352 8A 45 EF                        	MOV	AL,BYTE [-17+EBP]
   427 00000355 88 41 02                        	MOV	BYTE [2+ECX],AL
   428 00000358                                 L38:
   429 00000358 8D 47 03                        	LEA	EAX,DWORD [3+EDI]
   430 0000035B 39 F0                           	CMP	EAX,ESI
   431 0000035D 7D 0F                           	JGE	L39
   432 0000035F 88 D0                           	MOV	AL,DL
   433 00000361 83 E0 10                        	AND	EAX,16
   434 00000364 84 C0                           	TEST	AL,AL
   435 00000366 74 06                           	JE	L39
   436 00000368 8A 5D EF                        	MOV	BL,BYTE [-17+EBP]
   437 0000036B 88 59 03                        	MOV	BYTE [3+ECX],BL
   438 0000036E                                 L39:
   439 0000036E 8D 47 04                        	LEA	EAX,DWORD [4+EDI]
   440 00000371 39 F0                           	CMP	EAX,ESI
   441 00000373 7D 0F                           	JGE	L40
   442 00000375 88 D0                           	MOV	AL,DL
   443 00000377 83 E0 08                        	AND	EAX,8
   444 0000037A 84 C0                           	TEST	AL,AL
   445 0000037C 74 06                           	JE	L40
   446 0000037E 8A 45 EF                        	MOV	AL,BYTE [-17+EBP]
   447 00000381 88 41 04                        	MOV	BYTE [4+ECX],AL
   448 00000384                                 L40:
   449 00000384 8D 47 05                        	LEA	EAX,DWORD [5+EDI]
   450 00000387 39 F0                           	CMP	EAX,ESI
   451 00000389 7D 0F                           	JGE	L41
   452 0000038B 88 D0                           	MOV	AL,DL
   453 0000038D 83 E0 04                        	AND	EAX,4
   454 00000390 84 C0                           	TEST	AL,AL
   455 00000392 74 06                           	JE	L41
   456 00000394 8A 5D EF                        	MOV	BL,BYTE [-17+EBP]
   457 00000397 88 59 05                        	MOV	BYTE [5+ECX],BL
   458 0000039A                                 L41:
   459 0000039A 8D 47 06                        	LEA	EAX,DWORD [6+EDI]
   460 0000039D 39 F0                           	CMP	EAX,ESI
   461 0000039F 7D 0F                           	JGE	L42
   462 000003A1 88 D0                           	MOV	AL,DL
   463 000003A3 83 E0 02                        	AND	EAX,2
   464 000003A6 84 C0                           	TEST	AL,AL
   465 000003A8 74 06                           	JE	L42
   466 000003AA 8A 45 EF                        	MOV	AL,BYTE [-17+EBP]
   467 000003AD 88 41 06                        	MOV	BYTE [6+ECX],AL
   468 000003B0                                 L42:
   469 000003B0 8D 47 07                        	LEA	EAX,DWORD [7+EDI]
   470 000003B3 39 F0                           	CMP	EAX,ESI
   471 000003B5 7D 0D                           	JGE	L33
   472 000003B7 83 E2 01                        	AND	EDX,1
   473 000003BA 84 D2                           	TEST	DL,DL
   474 000003BC 74 06                           	JE	L33
   475 000003BE 8A 5D EF                        	MOV	BL,BYTE [-17+EBP]
   476 000003C1 88 59 07                        	MOV	BYTE [7+ECX],BL
   477 000003C4                                 L33:
   478 000003C4 FF 45 F0                        	INC	DWORD [-16+EBP]
   479 000003C7 01 F1                           	ADD	ECX,ESI
   480 000003C9 83 7D F0 0F                     	CMP	DWORD [-16+EBP],15
   481 000003CD 7F 0F                           	JG	L30
   482 000003CF 8B 45 18                        	MOV	EAX,DWORD [24+EBP]
   483 000003D2 03 45 F0                        	ADD	EAX,DWORD [-16+EBP]
   484 000003D5 3B 45 10                        	CMP	EAX,DWORD [16+EBP]
   485 000003D8 0F 8C FFFFFF38                  	JL	L44
   486 000003DE                                 L30:
   487 000003DE 58                              	POP	EAX
   488 000003DF 5A                              	POP	EDX
   489 000003E0 5B                              	POP	EBX
   490 000003E1 5E                              	POP	ESI
   491 000003E2 5F                              	POP	EDI
   492 000003E3 5D                              	POP	EBP
   493 000003E4 C3                              	RET
   494 000003E5                                 	GLOBAL	_pustring8
   495 000003E5                                 _pustring8:
   496 000003E5 55                              	PUSH	EBP
   497 000003E6 89 E5                           	MOV	EBP,ESP
   498 000003E8 57                              	PUSH	EDI
   499 000003E9 56                              	PUSH	ESI
   500 000003EA 53                              	PUSH	EBX
   501 000003EB 53                              	PUSH	EBX
   502 000003EC 8B 5D 24                        	MOV	EBX,DWORD [36+EBP]
   503 000003EF 8A 45 1C                        	MOV	AL,BYTE [28+EBP]
   504 000003F2 88 45 F3                        	MOV	BYTE [-13+EBP],AL
   505 000003F5 8B 75 14                        	MOV	ESI,DWORD [20+EBP]
   506 000003F8 8B 7D 20                        	MOV	EDI,DWORD [32+EBP]
   507 000003FB 80 3B 00                        	CMP	BYTE [EBX],0
   508 000003FE 75 08                           	JNE	L51
   509 00000400                                 L53:
   510 00000400 8D 65 F4                        	LEA	ESP,DWORD [-12+EBP]
   511 00000403 5B                              	POP	EBX
   512 00000404 5E                              	POP	ESI
   513 00000405 5F                              	POP	EDI
   514 00000406 5D                              	POP	EBP
   515 00000407 C3                              	RET
   516 00000408                                 L51:
   517 00000408 0F BE 03                        	MOVSX	EAX,BYTE [EBX]
   518 0000040B C1 E0 04                        	SAL	EAX,4
   519 0000040E 43                              	INC	EBX
   520 0000040F 8D 04 38                        	LEA	EAX,DWORD [EAX+EDI*1]
   521 00000412 50                              	PUSH	EAX
   522 00000413 0F BE 45 F3                     	MOVSX	EAX,BYTE [-13+EBP]
   523 00000417 50                              	PUSH	EAX
   524 00000418 FF 75 18                        	PUSH	DWORD [24+EBP]
   525 0000041B 56                              	PUSH	ESI
   526 0000041C 83 C6 08                        	ADD	ESI,8
   527 0000041F FF 75 10                        	PUSH	DWORD [16+EBP]
   528 00000422 FF 75 0C                        	PUSH	DWORD [12+EBP]
   529 00000425 FF 75 08                        	PUSH	DWORD [8+EBP]
   530 00000428 E8 FFFFFEB6                     	CALL	_putfont8
   531 0000042D 83 C4 1C                        	ADD	ESP,28
   532 00000430 80 3B 00                        	CMP	BYTE [EBX],0
   533 00000433 75 D3                           	JNE	L51
   534 00000435 EB C9                           	JMP	L53
