     1 00000000                                 [FORMAT "WCOFF"]
     2 00000000                                 [INSTRSET "i486p"]
     3 00000000                                 [OPTIMIZE 1]
     4 00000000                                 [OPTION 1]
     5 00000000                                 [BITS 32]
     6 00000000                                 	EXTERN	_api_initmalloc
     7 00000000                                 	EXTERN	_api_malloc
     8 00000000                                 	EXTERN	_api_openwin
     9 00000000                                 	EXTERN	_api_boxfilwin
    10 00000000                                 	EXTERN	_api_point
    11 00000000                                 	EXTERN	_api_end
    12 00000000                                 [FILE "star1.c"]
    13                                          [SECTION .data]
    14 00000000                                 LC0:
    15 00000000 73 74 61 72 31 00               	DB	"star1",0x00
    16                                          [SECTION .text]
    17 00000000                                 	GLOBAL	_HariMain
    18 00000000                                 _HariMain:
    19 00000000 55                              	PUSH	EBP
    20 00000001 89 E5                           	MOV	EBP,ESP
    21 00000003 57                              	PUSH	EDI
    22 00000004 56                              	PUSH	ESI
    23 00000005 BE 0000001A                     	MOV	ESI,26
    24 0000000A 53                              	PUSH	EBX
    25 0000000B E8 [00000000]                   	CALL	_api_initmalloc
    26 00000010 68 00003A98                     	PUSH	15000
    27 00000015 E8 [00000000]                   	CALL	_api_malloc
    28 0000001A 68 [00000000]                   	PUSH	LC0
    29 0000001F 6A FF                           	PUSH	-1
    30 00000021 6A 64                           	PUSH	100
    31 00000023 68 00000096                     	PUSH	150
    32 00000028 50                              	PUSH	EAX
    33 00000029 E8 [00000000]                   	CALL	_api_openwin
    34 0000002E 6A 00                           	PUSH	0
    35 00000030 6A 5D                           	PUSH	93
    36 00000032 89 C7                           	MOV	EDI,EAX
    37 00000034 68 0000008F                     	PUSH	143
    38 00000039 6A 1A                           	PUSH	26
    39 0000003B 6A 06                           	PUSH	6
    40 0000003D 50                              	PUSH	EAX
    41 0000003E E8 [00000000]                   	CALL	_api_boxfilwin
    42 00000043 83 C4 30                        	ADD	ESP,48
    43 00000046                                 L11:
    44 00000046 BB 00000006                     	MOV	EBX,6
    45 0000004B                                 L10:
    46 0000004B 6A 03                           	PUSH	3
    47 0000004D 56                              	PUSH	ESI
    48 0000004E 53                              	PUSH	EBX
    49 0000004F 83 C3 02                        	ADD	EBX,2
    50 00000052 57                              	PUSH	EDI
    51 00000053 E8 [00000000]                   	CALL	_api_point
    52 00000058 83 C4 10                        	ADD	ESP,16
    53 0000005B 81 FB 0000008F                  	CMP	EBX,143
    54 00000061 7E E8                           	JLE	L10
    55 00000063 83 C6 02                        	ADD	ESI,2
    56 00000066 83 FE 5D                        	CMP	ESI,93
    57 00000069 7E DB                           	JLE	L11
    58 0000006B 8D 65 F4                        	LEA	ESP,DWORD [-12+EBP]
    59 0000006E 5B                              	POP	EBX
    60 0000006F 5E                              	POP	ESI
    61 00000070 5F                              	POP	EDI
    62 00000071 5D                              	POP	EBP
    63 00000072 E9 [00000000]                   	JMP	_api_end
