000.000 =============================================================
000.000                     Station A                               
000.000 -------------------------------------------------------------
000.000 Protocol.lib, version 4.0, jiangyanjun0718@bupt.edu.cn
000.000 Channel: 8000 bps, 270 ms propagation delay, bit error rate 1.0E-05
000.000 Log file "A.log", TCP port 30021, debug mask 0x00
000.000 Station A is waiting for station B on TCP port 30021 ... Done.
000.354 New epoch: Thu May 16 16:47:39 2019
000.354 =================================================================
000.354 
000.354 Designed by CJSoft, build: May 16 2019  15:57:30
003.434 .... 7 packets received, 6734 bps, 84.17%, Err 1 (5.3e-05)
005.566 .... 15 packets received, 7210 bps, 90.12%, Err 1 (2.8e-05)
007.684 .... 23 packets received, 7384 bps, 92.30%, Err 1 (1.9e-05)
009.785 .... 31 packets received, 7487 bps, 93.58%, Err 1 (1.4e-05)
011.928 .... 39 packets received, 7519 bps, 93.98%, Err 1 (1.1e-05)
014.057 .... 47 packets received, 7548 bps, 94.35%, Err 1 (9.6e-06)
016.161 .... 55 packets received, 7582 bps, 94.78%, Err 1 (8.3e-06)
018.283 .... 63 packets received, 7599 bps, 94.99%, Err 1 (7.3e-06)
020.396 .... 71 packets received, 7617 bps, 95.21%, Err 1 (6.5e-06)
022.522 .... 79 packets received, 7626 bps, 95.32%, Err 1 (5.8e-06)
024.668 .... 87 packets received, 7626 bps, 95.33%, Err 1 (5.3e-06)
026.782 .... 95 packets received, 7637 bps, 95.46%, Err 1 (4.9e-06)
028.884 .... 103 packets received, 7649 bps, 95.61%, Err 1 (4.5e-06)
031.010 .... 111 packets received, 7653 bps, 95.66%, Err 1 (4.2e-06)
033.145 .... 118 packets received, 7590 bps, 94.87%, Err 2 (7.8e-06)
035.263 .... 126 packets received, 7599 bps, 94.99%, Err 2 (7.3e-06)
037.366 .... 134 packets received, 7610 bps, 95.13%, Err 3 (1.0e-05)
039.514 .... 142 packets received, 7611 bps, 95.14%, Err 3 (9.8e-06)
041.633 .... 150 packets received, 7618 bps, 95.22%, Err 3 (9.2e-06)
043.751 .... 158 packets received, 7623 bps, 95.29%, Err 3 (8.8e-06)
045.868 .... 166 packets received, 7629 bps, 95.36%, Err 3 (8.4e-06)
047.987 .... 174 packets received, 7634 bps, 95.42%, Err 3 (8.0e-06)
050.091 .... 182 packets received, 7640 bps, 95.50%, Err 3 (7.6e-06)
052.227 .... 190 packets received, 7641 bps, 95.52%, Err 3 (7.3e-06)
054.333 .... 198 packets received, 7647 bps, 95.59%, Err 3 (7.0e-06)
056.463 .... 206 packets received, 7649 bps, 95.61%, Err 4 (9.0e-06)
058.590 .... 213 packets received, 7615 bps, 95.19%, Err 4 (8.7e-06)
060.729 .... 221 packets received, 7617 bps, 95.21%, Err 4 (8.4e-06)
062.842 .... 229 packets received, 7621 bps, 95.27%, Err 4 (8.1e-06)
064.972 .... 237 packets received, 7624 bps, 95.30%, Err 4 (7.8e-06)
067.079 .... 245 packets received, 7629 bps, 95.36%, Err 4 (7.6e-06)
070.249 .... 252 packets received, 7486 bps, 93.57%, Err 6 (1.1e-05)
072.365 .... 263 packets received, 7580 bps, 94.75%, Err 7 (1.2e-05)
074.497 .... 271 packets received, 7583 bps, 94.79%, Err 7 (1.2e-05)
076.627 .... 279 packets received, 7586 bps, 94.82%, Err 7 (1.2e-05)
078.758 .... 287 packets received, 7589 bps, 94.86%, Err 7 (1.1e-05)
080.859 .... 295 packets received, 7594 bps, 94.93%, Err 7 (1.1e-05)
082.972 .... 303 packets received, 7598 bps, 94.98%, Err 7 (1.1e-05)
085.086 .... 311 packets received, 7602 bps, 95.03%, Err 7 (1.0e-05)
087.215 .... 319 packets received, 7605 bps, 95.06%, Err 7 (1.0e-05)
089.342 .... 327 packets received, 7607 bps, 95.09%, Err 7 (9.9e-06)
091.453 .... 331 packets received, 7520 bps, 94.00%, Err 8 (1.1e-05)
093.569 .... 342 packets received, 7591 bps, 94.89%, Err 8 (1.1e-05)
095.714 .... 350 packets received, 7592 bps, 94.91%, Err 8 (1.1e-05)
097.817 .... 358 packets received, 7597 bps, 94.96%, Err 8 (1.0e-05)
099.932 .... 366 packets received, 7600 bps, 95.00%, Err 8 (1.0e-05)
104.694 .... 369 packets received, 7309 bps, 91.37%, Err 8 (1.0e-05)
108.749 .... 370 packets received, 7053 bps, 88.16%, Err 8 (1.0e-05)
112.901 .... 371 packets received, 6809 bps, 85.11%, Err 8 (1.0e-05)
116.960 .... 372 packets received, 6587 bps, 82.34%, Err 8 (9.9e-06)
121.077 .... 373 packets received, 6378 bps, 79.72%, Err 8 (9.9e-06)
125.121 .... 374 packets received, 6186 bps, 77.33%, Err 8 (9.9e-06)
129.136 .... 375 packets received, 6008 bps, 75.10%, Err 8 (9.8e-06)
133.164 .... 376 packets received, 5840 bps, 73.00%, Err 8 (9.8e-06)
137.281 .... 377 packets received, 5678 bps, 70.98%, Err 8 (9.8e-06)
141.369 .... 378 packets received, 5527 bps, 69.09%, Err 8 (9.7e-06)
145.413 .... 379 packets received, 5386 bps, 67.33%, Err 8 (9.7e-06)
149.641 .... 380 packets received, 5246 bps, 65.58%, Err 8 (9.7e-06)
153.776 .... 381 packets received, 5118 bps, 63.97%, Err 8 (9.6e-06)
157.878 .... 382 packets received, 4997 bps, 62.46%, Err 8 (9.6e-06)
161.970 .... 383 packets received, 4882 bps, 61.03%, Err 8 (9.6e-06)
166.076 .... 384 packets received, 4773 bps, 59.66%, Err 8 (9.5e-06)
170.197 .... 385 packets received, 4669 bps, 58.36%, Err 8 (9.5e-06)
174.228 .... 386 packets received, 4572 bps, 57.14%, Err 8 (9.5e-06)
179.298 .... 387 packets received, 4453 bps, 55.66%, Err 9 (1.1e-05)
182.411 .... 388 packets received, 4388 bps, 54.85%, Err 9 (1.1e-05)
186.516 .... 389 packets received, 4301 bps, 53.77%, Err 9 (1.1e-05)
190.572 .... 390 packets received, 4220 bps, 52.75%, Err 9 (1.0e-05)
194.625 .... 391 packets received, 4142 bps, 51.78%, Err 9 (1.0e-05)
198.746 .... 392 packets received, 4066 bps, 50.83%, Err 9 (1.0e-05)
200.802 .... 394 packets received, 4045 bps, 50.56%, Err 9 (1.0e-05)
202.930 .... 402 packets received, 4083 bps, 51.04%, Err 9 (1.0e-05)
205.046 .... 410 packets received, 4121 bps, 51.52%, Err 9 (9.9e-06)
207.181 .... 418 packets received, 4158 bps, 51.98%, Err 9 (9.8e-06)
209.282 .... 426 packets received, 4195 bps, 52.44%, Err 9 (9.6e-06)
211.415 .... 434 packets received, 4230 bps, 52.88%, Err 9 (9.4e-06)
213.515 .... 442 packets received, 4266 bps, 53.32%, Err 9 (9.3e-06)
215.670 .... 450 packets received, 4299 bps, 53.74%, Err 9 (9.1e-06)
217.777 .... 457 packets received, 4324 bps, 54.04%, Err 10 (9.9e-06)
219.903 .... 465 packets received, 4356 bps, 54.46%, Err 10 (9.8e-06)
222.023 .... 473 packets received, 4389 bps, 54.86%, Err 10 (9.6e-06)
224.140 .... 481 packets received, 4421 bps, 55.26%, Err 10 (9.5e-06)
227.327 .... 489 packets received, 4431 bps, 55.39%, Err 11 (1.0e-05)
229.444 .... 500 packets received, 4488 bps, 56.11%, Err 11 (1.0e-05)
231.578 .... 508 packets received, 4518 bps, 56.48%, Err 11 (9.8e-06)
233.955 .... 513 packets received, 4516 bps, 56.45%, Err 12 (1.1e-05)
236.082 .... 524 packets received, 4571 bps, 57.14%, Err 12 (1.0e-05)
238.198 .... 532 packets received, 4599 bps, 57.49%, Err 12 (1.0e-05)
240.313 .... 540 packets received, 4627 bps, 57.84%, Err 12 (1.0e-05)
243.765 .... 548 packets received, 4629 bps, 57.86%, Err 13 (1.1e-05)
245.879 .... 560 packets received, 4689 bps, 58.62%, Err 13 (1.1e-05)
248.012 .... 568 packets received, 4715 bps, 58.94%, Err 13 (1.0e-05)
250.113 .... 576 packets received, 4741 bps, 59.26%, Err 13 (1.0e-05)
252.231 .... 584 packets received, 4766 bps, 59.58%, Err 13 (1.0e-05)
254.363 .... 592 packets received, 4791 bps, 59.89%, Err 13 (1.0e-05)
256.480 .... 600 packets received, 4816 bps, 60.19%, Err 13 (9.9e-06)
258.598 .... 608 packets received, 4840 bps, 60.49%, Err 13 (9.7e-06)
260.731 .... 616 packets received, 4863 bps, 60.79%, Err 13 (9.6e-06)
262.843 .... 624 packets received, 4886 bps, 61.08%, Err 14 (1.0e-05)
264.987 .... 631 packets received, 4901 bps, 61.26%, Err 14 (1.0e-05)
267.120 .... 639 packets received, 4923 bps, 61.54%, Err 14 (1.0e-05)
269.233 .... 647 packets received, 4946 bps, 61.82%, Err 14 (9.9e-06)
272.146 .... 654 packets received, 4945 bps, 61.82%, Err 15 (1.0e-05)
274.275 .... 665 packets received, 4989 bps, 62.37%, Err 15 (1.0e-05)
276.388 .... 673 packets received, 5011 bps, 62.63%, Err 15 (1.0e-05)
278.487 .... 681 packets received, 5032 bps, 62.90%, Err 15 (1.0e-05)
280.613 .... 689 packets received, 5052 bps, 63.15%, Err 15 (9.9e-06)
282.729 .... 697 packets received, 5072 bps, 63.40%, Err 15 (9.8e-06)
284.872 .... 705 packets received, 5092 bps, 63.65%, Err 15 (9.7e-06)
287.002 .... 713 packets received, 5111 bps, 63.89%, Err 15 (9.6e-06)
289.100 .... 721 packets received, 5131 bps, 64.13%, Err 15 (9.5e-06)
291.230 .... 729 packets received, 5150 bps, 64.37%, Err 15 (9.4e-06)
293.375 .... 737 packets received, 5168 bps, 64.60%, Err 15 (9.3e-06)
296.253 .... 744 packets received, 5166 bps, 64.58%, Err 16 (9.8e-06)
298.384 .... 755 packets received, 5205 bps, 65.06%, Err 16 (9.7e-06)
300.514 .... 763 packets received, 5223 bps, 65.28%, Err 16 (9.6e-06)
304.494 .... 764 packets received, 5161 bps, 64.51%, Err 16 (9.6e-06)
308.631 .... 765 packets received, 5098 bps, 63.72%, Err 16 (9.6e-06)
312.689 .... 766 packets received, 5038 bps, 62.98%, Err 16 (9.6e-06)
316.884 .... 767 packets received, 4978 bps, 62.22%, Err 16 (9.5e-06)
321.046 .... 768 packets received, 4919 bps, 61.49%, Err 16 (9.5e-06)
325.163 .... 769 packets received, 4863 bps, 60.79%, Err 16 (9.5e-06)
329.235 .... 770 packets received, 4809 bps, 60.11%, Err 16 (9.5e-06)
333.295 .... 771 packets received, 4756 bps, 59.45%, Err 16 (9.5e-06)
337.415 .... 772 packets received, 4704 bps, 58.80%, Err 16 (9.5e-06)
341.491 .... 773 packets received, 4654 bps, 58.17%, Err 16 (9.4e-06)
345.588 .... 774 packets received, 4604 bps, 57.55%, Err 16 (9.4e-06)
349.761 .... 775 packets received, 4555 bps, 56.94%, Err 16 (9.4e-06)
353.787 .... 776 packets received, 4509 bps, 56.36%, Err 16 (9.4e-06)
357.821 .... 777 packets received, 4463 bps, 55.79%, Err 16 (9.4e-06)
361.946 .... 778 packets received, 4418 bps, 55.23%, Err 16 (9.4e-06)
366.054 .... 779 packets received, 4374 bps, 54.67%, Err 16 (9.3e-06)
370.101 .... 780 packets received, 4332 bps, 54.14%, Err 16 (9.3e-06)
374.255 .... 781 packets received, 4289 bps, 53.61%, Err 16 (9.3e-06)
378.295 .... 782 packets received, 4248 bps, 53.10%, Err 16 (9.3e-06)
382.301 .... 783 packets received, 4209 bps, 52.61%, Err 16 (9.3e-06)
386.393 .... 784 packets received, 4170 bps, 52.12%, Err 16 (9.3e-06)
390.471 .... 785 packets received, 4131 bps, 51.64%, Err 16 (9.2e-06)
394.617 .... 786 packets received, 4093 bps, 51.16%, Err 16 (9.2e-06)
398.738 .... 787 packets received, 4055 bps, 50.69%, Err 16 (9.2e-06)
400.807 .... 789 packets received, 4045 bps, 50.56%, Err 17 (9.8e-06)
402.940 .... 796 packets received, 4059 bps, 50.74%, Err 17 (9.7e-06)
405.333 .... 801 packets received, 4060 bps, 50.75%, Err 18 (1.0e-05)
407.458 .... 812 packets received, 4094 bps, 51.18%, Err 18 (1.0e-05)
409.564 .... 820 packets received, 4113 bps, 51.42%, Err 18 (9.9e-06)
411.700 .... 824 packets received, 4112 bps, 51.40%, Err 19 (1.0e-05)
413.827 .... 835 packets received, 4145 bps, 51.82%, Err 19 (1.0e-05)
415.957 .... 843 packets received, 4164 bps, 52.05%, Err 19 (1.0e-05)
418.312 .... 848 packets received, 4165 bps, 52.06%, Err 21 (1.1e-05)
420.459 .... 858 packets received, 4192 bps, 52.40%, Err 21 (1.1e-05)
422.849 .... 862 packets received, 4188 bps, 52.35%, Err 22 (1.1e-05)
424.964 .... 872 packets received, 4215 bps, 52.69%, Err 22 (1.1e-05)
427.063 .... 880 packets received, 4233 bps, 52.91%, Err 22 (1.1e-05)
429.181 .... 888 packets received, 4250 bps, 53.13%, Err 22 (1.1e-05)
431.323 .... 896 packets received, 4267 bps, 53.34%, Err 22 (1.1e-05)
433.455 .... 904 packets received, 4284 bps, 53.55%, Err 22 (1.1e-05)
435.571 .... 912 packets received, 4301 bps, 53.76%, Err 22 (1.1e-05)
437.682 .... 920 packets received, 4318 bps, 53.97%, Err 22 (1.1e-05)
439.795 .... 928 packets received, 4334 bps, 54.18%, Err 22 (1.1e-05)
441.923 .... 936 packets received, 4351 bps, 54.38%, Err 22 (1.1e-05)
444.041 .... 944 packets received, 4367 bps, 54.58%, Err 22 (1.1e-05)
446.159 .... 952 packets received, 4383 bps, 54.78%, Err 22 (1.0e-05)
448.292 .... 960 packets received, 4399 bps, 54.98%, Err 22 (1.0e-05)
450.394 .... 968 packets received, 4414 bps, 55.18%, Err 22 (1.0e-05)
452.527 .... 976 packets received, 4430 bps, 55.37%, Err 22 (1.0e-05)
454.628 .... 984 packets received, 4445 bps, 55.57%, Err 22 (1.0e-05)
456.747 .... 992 packets received, 4461 bps, 55.76%, Err 22 (1.0e-05)
458.865 .... 1000 packets received, 4476 bps, 55.95%, Err 22 (1.0e-05)
460.998 .... 1008 packets received, 4491 bps, 56.13%, Err 22 (9.9e-06)
463.116 .... 1016 packets received, 4506 bps, 56.32%, Err 22 (9.8e-06)
465.233 .... 1024 packets received, 4520 bps, 56.51%, Err 22 (9.7e-06)
467.378 .... 1032 packets received, 4535 bps, 56.68%, Err 22 (9.7e-06)
469.490 .... 1040 packets received, 4549 bps, 56.87%, Err 22 (9.6e-06)
471.618 .... 1048 packets received, 4564 bps, 57.04%, Err 22 (9.5e-06)
473.713 .... 1056 packets received, 4578 bps, 57.23%, Err 22 (9.5e-06)
475.846 .... 1064 packets received, 4592 bps, 57.40%, Err 22 (9.4e-06)
477.961 .... 1072 packets received, 4606 bps, 57.57%, Err 22 (9.3e-06)
480.091 .... 1080 packets received, 4620 bps, 57.75%, Err 22 (9.3e-06)
482.199 .... 1088 packets received, 4634 bps, 57.92%, Err 22 (9.2e-06)
484.339 .... 1096 packets received, 4647 bps, 58.09%, Err 22 (9.1e-06)
486.463 .... 1103 packets received, 4656 bps, 58.20%, Err 23 (9.5e-06)
488.551 .... 1111 packets received, 4670 bps, 58.37%, Err 23 (9.4e-06)
490.697 .... 1119 packets received, 4683 bps, 58.53%, Err 23 (9.3e-06)
492.799 .... 1127 packets received, 4696 bps, 58.70%, Err 23 (9.3e-06)
494.911 .... 1135 packets received, 4709 bps, 58.86%, Err 23 (9.2e-06)
497.058 .... 1143 packets received, 4722 bps, 59.02%, Err 23 (9.2e-06)
499.156 .... 1151 packets received, 4735 bps, 59.19%, Err 23 (9.1e-06)
504.563 .... 1157 packets received, 4708 bps, 58.85%, Err 23 (9.0e-06)
508.790 .... 1158 packets received, 4673 bps, 58.42%, Err 23 (9.0e-06)
512.955 .... 1159 packets received, 4639 bps, 57.99%, Err 23 (9.0e-06)
516.997 .... 1160 packets received, 4607 bps, 57.58%, Err 23 (9.0e-06)
521.082 .... 1161 packets received, 4575 bps, 57.18%, Err 23 (9.0e-06)
525.136 .... 1162 packets received, 4543 bps, 56.79%, Err 23 (9.0e-06)
529.195 .... 1163 packets received, 4512 bps, 56.40%, Err 23 (9.0e-06)
533.254 .... 1164 packets received, 4481 bps, 56.02%, Err 23 (9.0e-06)
537.357 .... 1165 packets received, 4451 bps, 55.64%, Err 23 (9.0e-06)
541.428 .... 1166 packets received, 4421 bps, 55.26%, Err 23 (9.0e-06)
545.446 .... 1167 packets received, 4392 bps, 54.90%, Err 23 (8.9e-06)
549.609 .... 1168 packets received, 4363 bps, 54.53%, Err 23 (8.9e-06)
553.669 .... 1169 packets received, 4334 bps, 54.18%, Err 23 (8.9e-06)
557.789 .... 1170 packets received, 4306 bps, 53.82%, Err 23 (8.9e-06)
561.967 .... 1171 packets received, 4277 bps, 53.47%, Err 23 (8.9e-06)
566.025 .... 1172 packets received, 4250 bps, 53.13%, Err 23 (8.9e-06)
570.100 .... 1173 packets received, 4223 bps, 52.79%, Err 23 (8.9e-06)
574.264 .... 1174 packets received, 4196 bps, 52.45%, Err 23 (8.9e-06)
578.368 .... 1175 packets received, 4170 bps, 52.13%, Err 23 (8.9e-06)
582.487 .... 1176 packets received, 4144 bps, 51.80%, Err 23 (8.9e-06)
586.608 .... 1177 packets received, 4118 bps, 51.48%, Err 23 (8.8e-06)
590.665 .... 1178 packets received, 4093 bps, 51.17%, Err 23 (8.8e-06)
594.678 .... 1179 packets received, 4069 bps, 50.87%, Err 23 (8.8e-06)
598.842 .... 1180 packets received, 4044 bps, 50.55%, Err 23 (8.8e-06)
601.064 .... 1183 packets received, 4040 bps, 50.49%, Err 23 (8.8e-06)
603.764 .... 1188 packets received, 4038 bps, 50.48%, Err 24 (9.1e-06)
606.434 .... 1197 packets received, 4051 bps, 50.64%, Err 25 (9.4e-06)
608.563 .... 1209 packets received, 4077 bps, 50.97%, Err 25 (9.3e-06)
611.750 .... 1217 packets received, 4083 bps, 51.04%, Err 26 (9.6e-06)
613.865 .... 1228 packets received, 4106 bps, 51.32%, Err 26 (9.6e-06)
615.994 .... 1236 packets received, 4118 bps, 51.48%, Err 26 (9.5e-06)
618.093 .... 1244 packets received, 4131 bps, 51.63%, Err 26 (9.4e-06)
620.499 .... 1249 packets received, 4131 bps, 51.64%, Err 27 (9.7e-06)
622.625 .... 1260 packets received, 4153 bps, 51.92%, Err 27 (9.7e-06)
624.758 .... 1268 packets received, 4165 bps, 52.07%, Err 27 (9.6e-06)
626.875 .... 1276 packets received, 4177 bps, 52.22%, Err 27 (9.6e-06)
628.992 .... 1283 packets received, 4186 bps, 52.33%, Err 28 (9.9e-06)
631.110 .... 1291 packets received, 4198 bps, 52.48%, Err 28 (9.8e-06)
633.228 .... 1299 packets received, 4210 bps, 52.62%, Err 29 (1.0e-05)
635.345 .... 1307 packets received, 4222 bps, 52.77%, Err 29 (1.0e-05)
637.479 .... 1315 packets received, 4233 bps, 52.92%, Err 29 (1.0e-05)
640.379 .... 1322 packets received, 4237 bps, 52.96%, Err 30 (1.0e-05)
642.510 .... 1333 packets received, 4258 bps, 53.22%, Err 30 (1.0e-05)
644.627 .... 1341 packets received, 4269 bps, 53.36%, Err 30 (1.0e-05)
646.748 .... 1349 packets received, 4280 bps, 53.50%, Err 30 (1.0e-05)
648.865 .... 1357 packets received, 4292 bps, 53.65%, Err 30 (1.0e-05)
650.983 .... 1365 packets received, 4303 bps, 53.79%, Err 30 (9.9e-06)
653.392 .... 1370 packets received, 4303 bps, 53.78%, Err 31 (1.0e-05)
655.495 .... 1381 packets received, 4323 bps, 54.04%, Err 31 (1.0e-05)
657.643 .... 1389 packets received, 4334 bps, 54.18%, Err 31 (1.0e-05)
659.774 .... 1397 packets received, 4345 bps, 54.31%, Err 31 (1.0e-05)
661.891 .... 1405 packets received, 4356 bps, 54.45%, Err 32 (1.0e-05)
663.993 .... 1412 packets received, 4364 bps, 54.55%, Err 32 (1.0e-05)
666.109 .... 1420 packets received, 4374 bps, 54.68%, Err 32 (1.0e-05)
668.225 .... 1428 packets received, 4385 bps, 54.81%, Err 32 (1.0e-05)
670.358 .... 1436 packets received, 4396 bps, 54.95%, Err 32 (1.0e-05)
672.476 .... 1444 packets received, 4406 bps, 55.08%, Err 32 (1.0e-05)
674.578 .... 1452 packets received, 4417 bps, 55.21%, Err 32 (1.0e-05)
676.726 .... 1460 packets received, 4427 bps, 55.34%, Err 32 (9.9e-06)
678.844 .... 1468 packets received, 4437 bps, 55.47%, Err 32 (9.9e-06)
680.948 .... 1476 packets received, 4448 bps, 55.60%, Err 32 (9.8e-06)
683.063 .... 1484 packets received, 4458 bps, 55.72%, Err 32 (9.8e-06)
685.196 .... 1492 packets received, 4468 bps, 55.85%, Err 32 (9.7e-06)
687.591 .... 1497 packets received, 4467 bps, 55.84%, Err 34 (1.0e-05)
689.707 .... 1507 packets received, 4483 bps, 56.04%, Err 34 (1.0e-05)
691.824 .... 1513 packets received, 4487 bps, 56.09%, Err 34 (1.0e-05)
693.956 .... 1519 packets received, 4491 bps, 56.14%, Err 34 (1.0e-05)
696.088 .... 1525 packets received, 4495 bps, 56.19%, Err 35 (1.0e-05)
698.205 .... 1531 packets received, 4499 bps, 56.24%, Err 36 (1.1e-05)
700.567 .... 1536 packets received, 4499 bps, 56.23%, Err 37 (1.1e-05)
704.305 .... 1540 packets received, 4486 bps, 56.08%, Err 37 (1.1e-05)
708.365 .... 1541 packets received, 4464 bps, 55.79%, Err 37 (1.1e-05)
712.468 .... 1542 packets received, 4441 bps, 55.51%, Err 37 (1.1e-05)
716.493 .... 1543 packets received, 4419 bps, 55.23%, Err 37 (1.1e-05)
720.644 .... 1544 packets received, 4396 bps, 54.95%, Err 37 (1.1e-05)
724.686 .... 1545 packets received, 4374 bps, 54.68%, Err 37 (1.1e-05)
728.759 .... 1546 packets received, 4352 bps, 54.41%, Err 37 (1.1e-05)
732.817 .... 1547 packets received, 4331 bps, 54.14%, Err 37 (1.1e-05)
737.073 .... 1548 packets received, 4309 bps, 53.86%, Err 37 (1.1e-05)
741.211 .... 1549 packets received, 4288 bps, 53.59%, Err 37 (1.1e-05)
745.345 .... 1550 packets received, 4266 bps, 53.33%, Err 37 (1.1e-05)
749.450 .... 1551 packets received, 4246 bps, 53.07%, Err 37 (1.1e-05)
753.600 .... 1552 packets received, 4225 bps, 52.81%, Err 37 (1.1e-05)
757.671 .... 1553 packets received, 4205 bps, 52.56%, Err 37 (1.1e-05)
761.713 .... 1554 packets received, 4185 bps, 52.32%, Err 37 (1.1e-05)
765.787 .... 1555 packets received, 4166 bps, 52.07%, Err 37 (1.1e-05)
769.935 .... 1556 packets received, 4146 bps, 51.82%, Err 37 (1.1e-05)
774.038 .... 1557 packets received, 4127 bps, 51.58%, Err 37 (1.1e-05)
778.153 .... 1558 packets received, 4107 bps, 51.34%, Err 37 (1.1e-05)
782.227 .... 1559 packets received, 4089 bps, 51.11%, Err 37 (1.1e-05)
786.359 .... 1560 packets received, 4070 bps, 50.87%, Err 37 (1.1e-05)
790.403 .... 1561 packets received, 4051 bps, 50.64%, Err 37 (1.1e-05)
794.673 .... 1562 packets received, 4032 bps, 50.40%, Err 37 (1.1e-05)
798.698 .... 1563 packets received, 4014 bps, 50.18%, Err 37 (1.1e-05)
800.783 .... 1565 packets received, 4009 bps, 50.11%, Err 37 (1.1e-05)
802.911 .... 1573 packets received, 4019 bps, 50.24%, Err 37 (1.1e-05)
805.028 .... 1581 packets received, 4029 bps, 50.36%, Err 37 (1.1e-05)
807.158 .... 1589 packets received, 4038 bps, 50.48%, Err 37 (1.0e-05)
809.259 .... 1597 packets received, 4048 bps, 50.60%, Err 37 (1.0e-05)
812.217 .... 1604 packets received, 4051 bps, 50.64%, Err 38 (1.1e-05)
814.349 .... 1615 packets received, 4068 bps, 50.85%, Err 38 (1.1e-05)
816.481 .... 1623 packets received, 4078 bps, 50.97%, Err 38 (1.1e-05)
818.611 .... 1631 packets received, 4087 bps, 51.09%, Err 38 (1.0e-05)
820.743 .... 1639 packets received, 4096 bps, 51.20%, Err 38 (1.0e-05)
823.673 .... 1646 packets received, 4099 bps, 51.24%, Err 39 (1.1e-05)
826.599 .... 1656 packets received, 4109 bps, 51.37%, Err 40 (1.1e-05)
828.732 .... 1667 packets received, 4126 bps, 51.58%, Err 40 (1.1e-05)
831.925 .... 1671 packets received, 4120 bps, 51.50%, Err 42 (1.1e-05)
834.072 .... 1682 packets received, 4136 bps, 51.71%, Err 42 (1.1e-05)
836.202 .... 1688 packets received, 4141 bps, 51.76%, Err 43 (1.1e-05)
838.334 .... 1694 packets received, 4145 bps, 51.81%, Err 43 (1.1e-05)
840.467 .... 1700 packets received, 4149 bps, 51.86%, Err 43 (1.1e-05)
842.860 .... 1707 packets received, 4154 bps, 51.93%, Err 43 (1.1e-05)
844.975 .... 1713 packets received, 4158 bps, 51.98%, Err 43 (1.1e-05)
847.124 .... 1719 packets received, 4162 bps, 52.03%, Err 43 (1.1e-05)
849.258 .... 1725 packets received, 4166 bps, 52.08%, Err 43 (1.1e-05)
851.391 .... 1731 packets received, 4170 bps, 52.13%, Err 43 (1.1e-05)
853.524 .... 1737 packets received, 4174 bps, 52.18%, Err 43 (1.1e-05)
855.671 .... 1743 packets received, 4178 bps, 52.23%, Err 43 (1.1e-05)
857.804 .... 1749 packets received, 4182 bps, 52.28%, Err 43 (1.1e-05)
859.922 .... 1755 packets received, 4186 bps, 52.33%, Err 43 (1.1e-05)
862.559 .... 1760 packets received, 4185 bps, 52.31%, Err 44 (1.1e-05)
864.706 .... 1770 packets received, 4198 bps, 52.48%, Err 44 (1.1e-05)
867.882 .... 1778 packets received, 4202 bps, 52.52%, Err 45 (1.1e-05)
870.014 .... 1789 packets received, 4218 bps, 52.72%, Err 45 (1.1e-05)
872.116 .... 1797 packets received, 4226 bps, 52.83%, Err 45 (1.1e-05)
874.248 .... 1805 packets received, 4235 bps, 52.93%, Err 45 (1.1e-05)
876.366 .... 1813 packets received, 4243 bps, 53.04%, Err 45 (1.1e-05)
878.483 .... 1821 packets received, 4252 bps, 53.14%, Err 45 (1.1e-05)
880.616 .... 1829 packets received, 4260 bps, 53.25%, Err 45 (1.1e-05)
882.732 .... 1837 packets received, 4268 bps, 53.35%, Err 45 (1.1e-05)
884.864 .... 1845 packets received, 4277 bps, 53.46%, Err 45 (1.1e-05)
886.967 .... 1853 packets received, 4285 bps, 53.56%, Err 45 (1.1e-05)
889.099 .... 1861 packets received, 4293 bps, 53.66%, Err 45 (1.1e-05)
891.212 .... 1869 packets received, 4301 bps, 53.77%, Err 45 (1.1e-05)
893.326 .... 1877 packets received, 4309 bps, 53.87%, Err 45 (1.1e-05)
895.460 .... 1885 packets received, 4317 bps, 53.97%, Err 45 (1.1e-05)
897.578 .... 1893 packets received, 4326 bps, 54.07%, Err 46 (1.1e-05)
900.231 .... 1899 packets received, 4326 bps, 54.08%, Err 47 (1.1e-05)
904.518 .... 1904 packets received, 4317 bps, 53.97%, Err 47 (1.1e-05)
908.651 .... 1905 packets received, 4300 bps, 53.75%, Err 47 (1.1e-05)
912.709 .... 1906 packets received, 4283 bps, 53.54%, Err 47 (1.1e-05)
916.826 .... 1907 packets received, 4266 bps, 53.32%, Err 47 (1.1e-05)
920.885 .... 1908 packets received, 4249 bps, 53.12%, Err 47 (1.1e-05)
924.925 .... 1909 packets received, 4233 bps, 52.91%, Err 47 (1.1e-05)
928.966 .... 1910 packets received, 4217 bps, 52.71%, Err 47 (1.1e-05)
933.085 .... 1911 packets received, 4200 bps, 52.50%, Err 47 (1.1e-05)
937.234 .... 1912 packets received, 4184 bps, 52.30%, Err 47 (1.1e-05)
941.319 .... 1913 packets received, 4168 bps, 52.10%, Err 47 (1.1e-05)
945.409 .... 1914 packets received, 4152 bps, 51.90%, Err 47 (1.1e-05)
949.541 .... 1915 packets received, 4136 bps, 51.70%, Err 47 (1.1e-05)
953.692 .... 1916 packets received, 4120 bps, 51.50%, Err 47 (1.1e-05)
957.750 .... 1917 packets received, 4105 bps, 51.31%, Err 47 (1.1e-05)
961.778 .... 1918 packets received, 4090 bps, 51.12%, Err 47 (1.1e-05)
965.927 .... 1919 packets received, 4074 bps, 50.93%, Err 47 (1.1e-05)
970.013 .... 1920 packets received, 4059 bps, 50.74%, Err 47 (1.1e-05)
974.055 .... 1921 packets received, 4044 bps, 50.56%, Err 47 (1.1e-05)
978.189 .... 1922 packets received, 4029 bps, 50.37%, Err 47 (1.1e-05)
982.306 .... 1923 packets received, 4015 bps, 50.18%, Err 47 (1.1e-05)
986.331 .... 1924 packets received, 4000 bps, 50.00%, Err 47 (1.1e-05)
990.357 .... 1925 packets received, 3986 bps, 49.83%, Err 47 (1.1e-05)
994.488 .... 1926 packets received, 3972 bps, 49.64%, Err 47 (1.1e-05)
998.544 .... 1927 packets received, 3957 bps, 49.47%, Err 47 (1.1e-05)
1000.812 .... 1929 packets received, 3953 bps, 49.41%, Err 47 (1.1e-05)
1002.942 .... 1937 packets received, 3960 bps, 49.51%, Err 48 (1.1e-05)
1005.074 .... 1944 packets received, 3966 bps, 49.58%, Err 48 (1.1e-05)
1007.159 .... 1952 packets received, 3974 bps, 49.68%, Err 48 (1.1e-05)
1009.277 .... 1960 packets received, 3982 bps, 49.78%, Err 48 (1.1e-05)
1011.425 .... 1968 packets received, 3990 bps, 49.88%, Err 48 (1.1e-05)
1013.557 .... 1976 packets received, 3998 bps, 49.97%, Err 48 (1.1e-05)
1015.657 .... 1984 packets received, 4006 bps, 50.07%, Err 48 (1.1e-05)
1017.789 .... 1992 packets received, 4013 bps, 50.17%, Err 48 (1.1e-05)
1019.906 .... 2000 packets received, 4021 bps, 50.27%, Err 48 (1.1e-05)
1022.039 .... 2008 packets received, 4029 bps, 50.36%, Err 48 (1.1e-05)
1024.156 .... 2012 packets received, 4029 bps, 50.36%, Err 49 (1.1e-05)
1026.257 .... 2023 packets received, 4042 bps, 50.53%, Err 49 (1.1e-05)
1028.404 .... 2031 packets received, 4050 bps, 50.62%, Err 49 (1.1e-05)
1030.519 .... 2039 packets received, 4057 bps, 50.72%, Err 49 (1.1e-05)
1032.636 .... 2047 packets received, 4065 bps, 50.81%, Err 49 (1.1e-05)
1034.742 .... 2055 packets received, 4072 bps, 50.91%, Err 49 (1.1e-05)
1036.871 .... 2063 packets received, 4080 bps, 51.00%, Err 49 (1.1e-05)
1038.988 .... 2071 packets received, 4087 bps, 51.09%, Err 49 (1.1e-05)
1041.136 .... 2079 packets received, 4095 bps, 51.18%, Err 49 (1.0e-05)
1043.237 .... 2087 packets received, 4102 bps, 51.28%, Err 49 (1.0e-05)
1045.340 .... 2095 packets received, 4110 bps, 51.37%, Err 49 (1.0e-05)
1047.458 .... 2103 packets received, 4117 bps, 51.46%, Err 49 (1.0e-05)
1049.607 .... 2111 packets received, 4124 bps, 51.55%, Err 49 (1.0e-05)
1051.739 .... 2119 packets received, 4131 bps, 51.64%, Err 49 (1.0e-05)
1053.855 .... 2127 packets received, 4139 bps, 51.73%, Err 49 (1.0e-05)
1055.955 .... 2135 packets received, 4146 bps, 51.82%, Err 49 (1.0e-05)
1058.087 .... 2143 packets received, 4153 bps, 51.91%, Err 49 (1.0e-05)
1060.203 .... 2151 packets received, 4160 bps, 52.00%, Err 49 (1.0e-05)
1063.133 .... 2158 packets received, 4162 bps, 52.03%, Err 50 (1.0e-05)
1065.261 .... 2169 packets received, 4175 bps, 52.19%, Err 50 (1.0e-05)
1067.362 .... 2177 packets received, 4182 bps, 52.28%, Err 50 (1.0e-05)
1069.492 .... 2185 packets received, 4189 bps, 52.37%, Err 50 (1.0e-05)
1071.605 .... 2193 packets received, 4196 bps, 52.45%, Err 50 (1.0e-05)
1073.734 .... 2201 packets received, 4203 bps, 52.54%, Err 50 (1.0e-05)
1075.848 .... 2209 packets received, 4210 bps, 52.63%, Err 50 (1.0e-05)
1077.980 .... 2217 packets received, 4217 bps, 52.71%, Err 50 (1.0e-05)
1080.097 .... 2225 packets received, 4224 bps, 52.80%, Err 50 (1.0e-05)
1082.231 .... 2233 packets received, 4231 bps, 52.89%, Err 50 (1.0e-05)
1084.344 .... 2241 packets received, 4238 bps, 52.97%, Err 50 (9.9e-06)
1086.476 .... 2249 packets received, 4244 bps, 53.06%, Err 50 (9.9e-06)
1088.594 .... 2257 packets received, 4251 bps, 53.14%, Err 50 (9.9e-06)
1090.697 .... 2265 packets received, 4258 bps, 53.23%, Err 50 (9.8e-06)
1092.814 .... 2273 packets received, 4265 bps, 53.31%, Err 50 (9.8e-06)
1094.947 .... 2281 packets received, 4271 bps, 53.39%, Err 50 (9.8e-06)
1097.064 .... 2289 packets received, 4278 bps, 53.48%, Err 51 (9.9e-06)
1099.198 .... 2296 packets received, 4283 bps, 53.54%, Err 51 (9.9e-06)
1104.527 .... 2302 packets received, 4273 bps, 53.42%, Err 51 (9.9e-06)
1108.570 .... 2303 packets received, 4260 bps, 53.25%, Err 51 (9.9e-06)
1112.703 .... 2304 packets received, 4246 bps, 53.07%, Err 51 (9.9e-06)
1116.775 .... 2305 packets received, 4232 bps, 52.90%, Err 51 (9.9e-06)
1120.864 .... 2306 packets received, 4218 bps, 52.73%, Err 51 (9.9e-06)
1125.028 .... 2307 packets received, 4205 bps, 52.56%, Err 51 (9.9e-06)
1129.071 .... 2308 packets received, 4191 bps, 52.39%, Err 52 (1.0e-05)
1133.191 .... 2309 packets received, 4178 bps, 52.22%, Err 52 (1.0e-05)
1137.234 .... 2310 packets received, 4165 bps, 52.06%, Err 52 (1.0e-05)
1141.453 .... 2311 packets received, 4151 bps, 51.89%, Err 52 (1.0e-05)
1145.571 .... 2312 packets received, 4138 bps, 51.73%, Err 52 (1.0e-05)
1149.641 .... 2313 packets received, 4125 bps, 51.56%, Err 52 (1.0e-05)
1153.754 .... 2314 packets received, 4112 bps, 51.40%, Err 52 (1.0e-05)
1157.871 .... 2315 packets received, 4099 bps, 51.24%, Err 52 (1.0e-05)
1161.957 .... 2316 packets received, 4087 bps, 51.08%, Err 52 (1.0e-05)
1166.137 .... 2317 packets received, 4074 bps, 50.92%, Err 52 (1.0e-05)
1170.218 .... 2318 packets received, 4061 bps, 50.77%, Err 52 (1.0e-05)
1174.288 .... 2319 packets received, 4049 bps, 50.61%, Err 52 (1.0e-05)
1178.315 .... 2320 packets received, 4037 bps, 50.46%, Err 52 (1.0e-05)
1182.386 .... 2321 packets received, 4025 bps, 50.31%, Err 52 (1.0e-05)
1186.608 .... 2322 packets received, 4012 bps, 50.15%, Err 52 (1.0e-05)
1190.724 .... 2323 packets received, 4000 bps, 50.00%, Err 52 (1.0e-05)
1194.871 .... 2324 packets received, 3988 bps, 49.85%, Err 52 (1.0e-05)
1199.003 .... 2325 packets received, 3976 bps, 49.70%, Err 53 (1.0e-05)
1200.029 Quit.
