000.000 =============================================================
000.000                     Station B                               
000.000 -------------------------------------------------------------
000.000 Protocol.lib, version 4.0, jiangyanjun0718@bupt.edu.cn
000.000 Channel: 8000 bps, 270 ms propagation delay, bit error rate 1.0E-05
000.000 Log file "B.log", TCP port 30021, debug mask 0x00
000.000 Station B is connecting station A (TCP port 30021) ... Done.
000.348 New epoch: Thu May 16 16:47:39 2019
000.348 =================================================================
000.348 
000.348 Designed by CJSoft, build: May 16 2019  15:57:30
002.767 .... 8 packets received, 7645 bps, 95.57%, Err 0 (0.0e+00)
005.951 .... 16 packets received, 6151 bps, 76.89%, Err 1 (2.2e-05)
008.068 .... 27 packets received, 7428 bps, 92.85%, Err 1 (1.6e-05)
010.197 .... 35 packets received, 7489 bps, 93.61%, Err 1 (1.3e-05)
012.298 .... 43 packets received, 7544 bps, 94.30%, Err 1 (1.0e-05)
014.438 .... 51 packets received, 7561 bps, 94.51%, Err 1 (8.9e-06)
016.542 .... 59 packets received, 7591 bps, 94.89%, Err 1 (7.7e-06)
018.663 .... 67 packets received, 7607 bps, 95.08%, Err 1 (6.8e-06)
020.790 .... 75 packets received, 7617 bps, 95.21%, Err 1 (6.1e-06)
023.964 .... 83 packets received, 7283 bps, 91.04%, Err 2 (1.1e-05)
026.094 .... 94 packets received, 7558 bps, 94.48%, Err 2 (9.7e-06)
028.194 .... 102 packets received, 7577 bps, 94.71%, Err 2 (9.0e-06)
030.321 .... 110 packets received, 7586 bps, 94.82%, Err 2 (8.4e-06)
032.439 .... 114 packets received, 7338 bps, 91.73%, Err 4 (1.6e-05)
034.574 .... 124 packets received, 7480 bps, 93.50%, Err 4 (1.5e-05)
036.704 .... 132 packets received, 7493 bps, 93.66%, Err 4 (1.4e-05)
038.807 .... 140 packets received, 7509 bps, 93.86%, Err 4 (1.3e-05)
040.911 .... 148 packets received, 7524 bps, 94.05%, Err 4 (1.2e-05)
043.045 .... 156 packets received, 7531 bps, 94.14%, Err 4 (1.2e-05)
045.179 .... 164 packets received, 7538 bps, 94.23%, Err 4 (1.1e-05)
047.296 .... 172 packets received, 7547 bps, 94.34%, Err 4 (1.1e-05)
049.415 .... 180 packets received, 7555 bps, 94.44%, Err 4 (1.0e-05)
051.537 .... 188 packets received, 7562 bps, 94.53%, Err 4 (9.8e-06)
053.656 .... 196 packets received, 7569 bps, 94.61%, Err 4 (9.4e-06)
055.775 .... 204 packets received, 7575 bps, 94.69%, Err 4 (9.0e-06)
057.902 .... 212 packets received, 7580 bps, 94.75%, Err 4 (8.7e-06)
060.011 .... 216 packets received, 7449 bps, 93.11%, Err 5 (1.0e-05)
062.124 .... 227 packets received, 7559 bps, 94.49%, Err 5 (1.0e-05)
064.254 .... 235 packets received, 7564 bps, 94.55%, Err 5 (9.8e-06)
066.380 .... 243 packets received, 7568 bps, 94.60%, Err 5 (9.5e-06)
068.504 .... 250 packets received, 7543 bps, 94.28%, Err 6 (1.1e-05)
070.631 .... 258 packets received, 7548 bps, 94.34%, Err 6 (1.1e-05)
072.746 .... 266 packets received, 7553 bps, 94.42%, Err 6 (1.0e-05)
074.863 .... 274 packets received, 7559 bps, 94.48%, Err 6 (1.0e-05)
076.980 .... 282 packets received, 7564 bps, 94.55%, Err 6 (9.8e-06)
079.112 .... 290 packets received, 7567 bps, 94.59%, Err 6 (9.5e-06)
081.229 .... 298 packets received, 7572 bps, 94.64%, Err 6 (9.3e-06)
083.356 .... 306 packets received, 7575 bps, 94.69%, Err 6 (9.0e-06)
085.454 .... 314 packets received, 7581 bps, 94.76%, Err 6 (8.8e-06)
087.613 .... 321 packets received, 7557 bps, 94.47%, Err 7 (1.0e-05)
089.710 .... 329 packets received, 7563 bps, 94.54%, Err 7 (9.8e-06)
091.822 .... 337 packets received, 7568 bps, 94.60%, Err 7 (9.6e-06)
093.953 .... 345 packets received, 7571 bps, 94.63%, Err 7 (9.4e-06)
096.067 .... 353 packets received, 7575 bps, 94.68%, Err 7 (9.1e-06)
098.200 .... 361 packets received, 7577 bps, 94.71%, Err 7 (8.9e-06)
100.315 .... 369 packets received, 7581 bps, 94.76%, Err 7 (8.8e-06)
102.947 .... 375 packets received, 7506 bps, 93.82%, Err 8 (9.7e-06)
105.092 .... 386 packets received, 7567 bps, 94.59%, Err 8 (9.5e-06)
107.206 .... 394 packets received, 7571 bps, 94.64%, Err 8 (9.4e-06)
109.317 .... 402 packets received, 7575 bps, 94.68%, Err 8 (9.2e-06)
111.430 .... 410 packets received, 7578 bps, 94.72%, Err 9 (1.0e-05)
113.561 .... 417 packets received, 7562 bps, 94.52%, Err 9 (9.9e-06)
115.688 .... 425 packets received, 7564 bps, 94.56%, Err 10 (1.1e-05)
117.818 .... 433 packets received, 7567 bps, 94.59%, Err 10 (1.1e-05)
120.191 .... 438 packets received, 7502 bps, 93.78%, Err 11 (1.1e-05)
122.318 .... 448 packets received, 7539 bps, 94.24%, Err 12 (1.2e-05)
124.432 .... 456 packets received, 7543 bps, 94.29%, Err 12 (1.2e-05)
126.548 .... 464 packets received, 7546 bps, 94.33%, Err 12 (1.2e-05)
128.691 .... 472 packets received, 7548 bps, 94.35%, Err 12 (1.2e-05)
130.788 .... 480 packets received, 7552 bps, 94.40%, Err 12 (1.2e-05)
132.921 .... 488 packets received, 7554 bps, 94.43%, Err 12 (1.1e-05)
135.033 .... 496 packets received, 7558 bps, 94.47%, Err 12 (1.1e-05)
137.143 .... 504 packets received, 7561 bps, 94.51%, Err 12 (1.1e-05)
139.287 .... 512 packets received, 7562 bps, 94.53%, Err 12 (1.1e-05)
141.400 .... 520 packets received, 7565 bps, 94.56%, Err 12 (1.1e-05)
143.528 .... 528 packets received, 7567 bps, 94.59%, Err 12 (1.0e-05)
145.628 .... 536 packets received, 7570 bps, 94.63%, Err 12 (1.0e-05)
147.772 .... 544 packets received, 7571 bps, 94.64%, Err 12 (1.0e-05)
149.872 .... 552 packets received, 7575 bps, 94.68%, Err 12 (1.0e-05)
151.985 .... 560 packets received, 7577 bps, 94.71%, Err 12 (9.9e-06)
154.114 .... 568 packets received, 7579 bps, 94.73%, Err 12 (9.8e-06)
156.239 .... 576 packets received, 7581 bps, 94.76%, Err 13 (1.0e-05)
160.483 .... 580 packets received, 7431 bps, 92.88%, Err 15 (1.2e-05)
162.600 .... 593 packets received, 7498 bps, 93.72%, Err 15 (1.2e-05)
164.713 .... 599 packets received, 7476 bps, 93.45%, Err 15 (1.1e-05)
166.840 .... 605 packets received, 7454 bps, 93.18%, Err 15 (1.1e-05)
168.954 .... 611 packets received, 7434 bps, 92.92%, Err 15 (1.1e-05)
172.128 .... 617 packets received, 7368 bps, 92.10%, Err 16 (1.2e-05)
174.243 .... 627 packets received, 7396 bps, 92.45%, Err 16 (1.2e-05)
176.373 .... 635 packets received, 7400 bps, 92.50%, Err 16 (1.1e-05)
178.486 .... 643 packets received, 7404 bps, 92.55%, Err 16 (1.1e-05)
180.617 .... 651 packets received, 7407 bps, 92.59%, Err 16 (1.1e-05)
182.748 .... 659 packets received, 7411 bps, 92.63%, Err 16 (1.1e-05)
184.876 .... 667 packets received, 7414 bps, 92.67%, Err 16 (1.1e-05)
187.005 .... 675 packets received, 7417 bps, 92.71%, Err 16 (1.1e-05)
190.189 .... 683 packets received, 7379 bps, 92.24%, Err 17 (1.1e-05)
192.285 .... 694 packets received, 7416 bps, 92.70%, Err 17 (1.1e-05)
194.395 .... 702 packets received, 7420 bps, 92.74%, Err 17 (1.1e-05)
196.523 .... 710 packets received, 7423 bps, 92.78%, Err 17 (1.1e-05)
199.175 .... 716 packets received, 7385 bps, 92.32%, Err 18 (1.1e-05)
201.292 .... 727 packets received, 7420 bps, 92.75%, Err 18 (1.1e-05)
203.407 .... 735 packets received, 7423 bps, 92.79%, Err 18 (1.1e-05)
205.538 .... 743 packets received, 7426 bps, 92.82%, Err 18 (1.1e-05)
207.657 .... 751 packets received, 7429 bps, 92.86%, Err 18 (1.1e-05)
209.773 .... 759 packets received, 7432 bps, 92.90%, Err 18 (1.1e-05)
211.905 .... 767 packets received, 7435 bps, 92.93%, Err 18 (1.1e-05)
214.020 .... 775 packets received, 7438 bps, 92.97%, Err 18 (1.1e-05)
216.142 .... 783 packets received, 7441 bps, 93.01%, Err 18 (1.0e-05)
218.267 .... 791 packets received, 7443 bps, 93.04%, Err 18 (1.0e-05)
220.403 .... 799 packets received, 7445 bps, 93.07%, Err 18 (1.0e-05)
222.513 .... 807 packets received, 7448 bps, 93.11%, Err 18 (1.0e-05)
224.632 .... 815 packets received, 7451 bps, 93.14%, Err 18 (1.0e-05)
226.748 .... 823 packets received, 7454 bps, 93.17%, Err 18 (9.9e-06)
229.672 .... 830 packets received, 7421 bps, 92.77%, Err 19 (1.0e-05)
231.792 .... 841 packets received, 7451 bps, 93.13%, Err 19 (1.0e-05)
233.908 .... 849 packets received, 7453 bps, 93.17%, Err 19 (1.0e-05)
236.036 .... 857 packets received, 7456 bps, 93.19%, Err 19 (1.0e-05)
238.138 .... 865 packets received, 7459 bps, 93.23%, Err 19 (1.0e-05)
240.252 .... 873 packets received, 7461 bps, 93.26%, Err 19 (9.9e-06)
242.401 .... 881 packets received, 7463 bps, 93.28%, Err 19 (9.8e-06)
244.518 .... 889 packets received, 7465 bps, 93.31%, Err 19 (9.7e-06)
246.648 .... 897 packets received, 7467 bps, 93.34%, Err 19 (9.6e-06)
248.765 .... 905 packets received, 7469 bps, 93.37%, Err 19 (9.6e-06)
250.880 .... 913 packets received, 7472 bps, 93.40%, Err 19 (9.5e-06)
252.983 .... 921 packets received, 7474 bps, 93.43%, Err 19 (9.4e-06)
255.130 .... 929 packets received, 7476 bps, 93.45%, Err 19 (9.3e-06)
258.292 .... 937 packets received, 7447 bps, 93.09%, Err 20 (9.7e-06)
260.424 .... 948 packets received, 7473 bps, 93.41%, Err 20 (9.6e-06)
262.521 .... 956 packets received, 7476 bps, 93.45%, Err 20 (9.5e-06)
264.912 .... 961 packets received, 7447 bps, 93.09%, Err 21 (9.9e-06)
268.099 .... 972 packets received, 7442 bps, 93.03%, Err 22 (1.0e-05)
270.230 .... 983 packets received, 7467 bps, 93.34%, Err 22 (1.0e-05)
272.360 .... 991 packets received, 7469 bps, 93.36%, Err 22 (1.0e-05)
274.458 .... 998 packets received, 7464 bps, 93.30%, Err 23 (1.0e-05)
276.588 .... 1006 packets received, 7466 bps, 93.32%, Err 23 (1.0e-05)
278.717 .... 1014 packets received, 7468 bps, 93.34%, Err 23 (1.0e-05)
280.844 .... 1022 packets received, 7469 bps, 93.37%, Err 23 (1.0e-05)
282.972 .... 1030 packets received, 7471 bps, 93.39%, Err 23 (1.0e-05)
285.868 .... 1037 packets received, 7445 bps, 93.07%, Err 24 (1.1e-05)
287.982 .... 1048 packets received, 7469 bps, 93.36%, Err 24 (1.0e-05)
290.132 .... 1056 packets received, 7470 bps, 93.38%, Err 24 (1.0e-05)
292.235 .... 1064 packets received, 7473 bps, 93.41%, Err 24 (1.0e-05)
294.360 .... 1072 packets received, 7474 bps, 93.43%, Err 24 (1.0e-05)
296.467 .... 1080 packets received, 7476 bps, 93.45%, Err 24 (1.0e-05)
298.583 .... 1087 packets received, 7471 bps, 93.39%, Err 25 (1.0e-05)
300.714 .... 1095 packets received, 7473 bps, 93.41%, Err 25 (1.0e-05)
303.881 .... 1103 packets received, 7449 bps, 93.11%, Err 26 (1.1e-05)
306.024 .... 1114 packets received, 7470 bps, 93.38%, Err 26 (1.1e-05)
308.158 .... 1122 packets received, 7472 bps, 93.40%, Err 26 (1.1e-05)
310.258 .... 1130 packets received, 7474 bps, 93.43%, Err 26 (1.0e-05)
312.401 .... 1138 packets received, 7475 bps, 93.44%, Err 26 (1.0e-05)
314.512 .... 1146 packets received, 7477 bps, 93.47%, Err 26 (1.0e-05)
316.639 .... 1154 packets received, 7479 bps, 93.48%, Err 26 (1.0e-05)
318.737 .... 1162 packets received, 7481 bps, 93.51%, Err 26 (1.0e-05)
320.879 .... 1170 packets received, 7482 bps, 93.53%, Err 26 (1.0e-05)
322.982 .... 1178 packets received, 7484 bps, 93.55%, Err 26 (1.0e-05)
325.096 .... 1186 packets received, 7486 bps, 93.57%, Err 26 (1.0e-05)
327.223 .... 1194 packets received, 7487 bps, 93.59%, Err 26 (9.9e-06)
329.350 .... 1202 packets received, 7489 bps, 93.61%, Err 26 (9.9e-06)
331.465 .... 1210 packets received, 7490 bps, 93.63%, Err 26 (9.8e-06)
333.594 .... 1218 packets received, 7492 bps, 93.64%, Err 26 (9.8e-06)
335.721 .... 1226 packets received, 7493 bps, 93.66%, Err 26 (9.7e-06)
338.892 .... 1231 packets received, 7453 bps, 93.16%, Err 28 (1.0e-05)
341.805 .... 1241 packets received, 7449 bps, 93.12%, Err 28 (1.0e-05)
343.932 .... 1249 packets received, 7451 bps, 93.14%, Err 28 (1.0e-05)
346.055 .... 1257 packets received, 7453 bps, 93.16%, Err 28 (1.0e-05)
348.157 .... 1265 packets received, 7455 bps, 93.18%, Err 28 (1.0e-05)
350.287 .... 1273 packets received, 7456 bps, 93.20%, Err 28 (1.0e-05)
352.411 .... 1281 packets received, 7458 bps, 93.22%, Err 28 (9.9e-06)
354.522 .... 1289 packets received, 7459 bps, 93.24%, Err 28 (9.9e-06)
356.643 .... 1293 packets received, 7438 bps, 92.97%, Err 29 (1.0e-05)
359.303 .... 1302 packets received, 7434 bps, 92.93%, Err 30 (1.0e-05)
361.415 .... 1313 packets received, 7453 bps, 93.16%, Err 30 (1.0e-05)
363.529 .... 1321 packets received, 7455 bps, 93.19%, Err 30 (1.0e-05)
365.673 .... 1329 packets received, 7456 bps, 93.20%, Err 30 (1.0e-05)
367.788 .... 1337 packets received, 7458 bps, 93.22%, Err 30 (1.0e-05)
369.889 .... 1345 packets received, 7460 bps, 93.24%, Err 30 (1.0e-05)
372.020 .... 1353 packets received, 7461 bps, 93.26%, Err 30 (1.0e-05)
374.134 .... 1361 packets received, 7463 bps, 93.28%, Err 30 (1.0e-05)
376.252 .... 1369 packets received, 7464 bps, 93.30%, Err 30 (1.0e-05)
378.387 .... 1377 packets received, 7465 bps, 93.32%, Err 30 (9.9e-06)
380.498 .... 1381 packets received, 7445 bps, 93.07%, Err 31 (1.0e-05)
382.607 .... 1392 packets received, 7463 bps, 93.29%, Err 31 (1.0e-05)
384.714 .... 1400 packets received, 7465 bps, 93.31%, Err 31 (1.0e-05)
387.399 .... 1405 packets received, 7440 bps, 92.99%, Err 33 (1.1e-05)
389.512 .... 1416 packets received, 7457 bps, 93.21%, Err 33 (1.1e-05)
391.639 .... 1422 packets received, 7448 bps, 93.10%, Err 33 (1.1e-05)
393.736 .... 1428 packets received, 7439 bps, 92.99%, Err 33 (1.0e-05)
395.879 .... 1434 packets received, 7430 bps, 92.88%, Err 33 (1.0e-05)
397.990 .... 1441 packets received, 7427 bps, 92.84%, Err 33 (1.0e-05)
400.094 .... 1447 packets received, 7418 bps, 92.73%, Err 34 (1.1e-05)
402.239 .... 1453 packets received, 7409 bps, 92.62%, Err 34 (1.1e-05)
404.357 .... 1459 packets received, 7401 bps, 92.51%, Err 34 (1.1e-05)
406.482 .... 1465 packets received, 7393 bps, 92.41%, Err 35 (1.1e-05)
408.599 .... 1473 packets received, 7394 bps, 92.43%, Err 35 (1.1e-05)
410.712 .... 1481 packets received, 7396 bps, 92.45%, Err 35 (1.1e-05)
412.834 .... 1489 packets received, 7398 bps, 92.47%, Err 35 (1.1e-05)
414.983 .... 1497 packets received, 7399 bps, 92.49%, Err 35 (1.1e-05)
417.103 .... 1505 packets received, 7401 bps, 92.51%, Err 35 (1.0e-05)
419.213 .... 1513 packets received, 7403 bps, 92.53%, Err 35 (1.0e-05)
421.348 .... 1520 packets received, 7399 bps, 92.49%, Err 36 (1.1e-05)
423.492 .... 1528 packets received, 7400 bps, 92.50%, Err 36 (1.1e-05)
425.589 .... 1536 packets received, 7402 bps, 92.53%, Err 36 (1.1e-05)
427.691 .... 1544 packets received, 7404 bps, 92.55%, Err 36 (1.1e-05)
429.837 .... 1552 packets received, 7405 bps, 92.57%, Err 36 (1.0e-05)
431.952 .... 1556 packets received, 7388 bps, 92.35%, Err 37 (1.1e-05)
434.068 .... 1567 packets received, 7404 bps, 92.55%, Err 37 (1.1e-05)
436.197 .... 1575 packets received, 7405 bps, 92.57%, Err 37 (1.1e-05)
438.311 .... 1583 packets received, 7407 bps, 92.59%, Err 37 (1.1e-05)
440.423 .... 1591 packets received, 7409 bps, 92.61%, Err 37 (1.1e-05)
442.537 .... 1599 packets received, 7410 bps, 92.63%, Err 37 (1.0e-05)
444.656 .... 1607 packets received, 7412 bps, 92.65%, Err 37 (1.0e-05)
446.789 .... 1615 packets received, 7413 bps, 92.67%, Err 37 (1.0e-05)
448.891 .... 1623 packets received, 7415 bps, 92.69%, Err 37 (1.0e-05)
451.039 .... 1631 packets received, 7416 bps, 92.70%, Err 37 (1.0e-05)
453.141 .... 1639 packets received, 7418 bps, 92.72%, Err 37 (1.0e-05)
455.258 .... 1647 packets received, 7419 bps, 92.74%, Err 37 (1.0e-05)
457.376 .... 1655 packets received, 7421 bps, 92.76%, Err 37 (1.0e-05)
459.494 .... 1663 packets received, 7422 bps, 92.78%, Err 37 (1.0e-05)
461.627 .... 1671 packets received, 7423 bps, 92.79%, Err 37 (1.0e-05)
463.759 .... 1679 packets received, 7425 bps, 92.81%, Err 37 (1.0e-05)
465.876 .... 1687 packets received, 7426 bps, 92.83%, Err 37 (9.9e-06)
467.976 .... 1695 packets received, 7428 bps, 92.85%, Err 37 (9.9e-06)
470.119 .... 1703 packets received, 7429 bps, 92.86%, Err 37 (9.8e-06)
472.229 .... 1711 packets received, 7430 bps, 92.88%, Err 37 (9.8e-06)
474.359 .... 1719 packets received, 7431 bps, 92.89%, Err 37 (9.8e-06)
476.476 .... 1727 packets received, 7433 bps, 92.91%, Err 37 (9.7e-06)
478.597 .... 1735 packets received, 7434 bps, 92.93%, Err 37 (9.7e-06)
480.715 .... 1743 packets received, 7435 bps, 92.94%, Err 37 (9.6e-06)
482.826 .... 1750 packets received, 7433 bps, 92.91%, Err 38 (9.8e-06)
484.964 .... 1758 packets received, 7434 bps, 92.92%, Err 38 (9.8e-06)
487.077 .... 1766 packets received, 7435 bps, 92.94%, Err 38 (9.8e-06)
489.180 .... 1774 packets received, 7437 bps, 92.96%, Err 38 (9.7e-06)
491.328 .... 1782 packets received, 7437 bps, 92.97%, Err 38 (9.7e-06)
493.441 .... 1790 packets received, 7439 bps, 92.98%, Err 38 (9.6e-06)
495.553 .... 1798 packets received, 7440 bps, 93.00%, Err 38 (9.6e-06)
497.692 .... 1806 packets received, 7441 bps, 93.01%, Err 38 (9.6e-06)
499.793 .... 1814 packets received, 7443 bps, 93.03%, Err 38 (9.5e-06)
501.904 .... 1822 packets received, 7444 bps, 93.05%, Err 38 (9.5e-06)
504.027 .... 1830 packets received, 7445 bps, 93.06%, Err 38 (9.4e-06)
506.141 .... 1838 packets received, 7446 bps, 93.08%, Err 38 (9.4e-06)
508.284 .... 1846 packets received, 7447 bps, 93.09%, Err 38 (9.4e-06)
510.412 .... 1854 packets received, 7448 bps, 93.10%, Err 38 (9.3e-06)
512.525 .... 1862 packets received, 7449 bps, 93.12%, Err 38 (9.3e-06)
515.434 .... 1867 packets received, 7427 bps, 92.84%, Err 39 (9.5e-06)
517.563 .... 1880 packets received, 7448 bps, 93.10%, Err 39 (9.4e-06)
519.674 .... 1888 packets received, 7449 bps, 93.12%, Err 39 (9.4e-06)
522.840 .... 1894 packets received, 7428 bps, 92.85%, Err 40 (9.6e-06)
524.984 .... 1907 packets received, 7448 bps, 93.10%, Err 41 (9.8e-06)
527.096 .... 1915 packets received, 7449 bps, 93.12%, Err 42 (1.0e-05)
529.222 .... 1923 packets received, 7450 bps, 93.13%, Err 42 (9.9e-06)
531.331 .... 1931 packets received, 7452 bps, 93.15%, Err 42 (9.9e-06)
533.471 .... 1939 packets received, 7453 bps, 93.16%, Err 42 (9.8e-06)
535.580 .... 1943 packets received, 7439 bps, 92.98%, Err 43 (1.0e-05)
537.723 .... 1954 packets received, 7451 bps, 93.13%, Err 43 (1.0e-05)
539.804 .... 1962 packets received, 7452 bps, 93.15%, Err 43 (1.0e-05)
541.942 .... 1970 packets received, 7453 bps, 93.17%, Err 43 (9.9e-06)
544.052 .... 1978 packets received, 7454 bps, 93.18%, Err 43 (9.9e-06)
546.170 .... 1986 packets received, 7456 bps, 93.19%, Err 43 (9.8e-06)
548.317 .... 1993 packets received, 7452 bps, 93.16%, Err 45 (1.0e-05)
551.494 .... 1994 packets received, 7413 bps, 92.67%, Err 46 (1.0e-05)
553.883 .... 2007 packets received, 7429 bps, 92.87%, Err 46 (1.0e-05)
555.982 .... 2013 packets received, 7423 bps, 92.79%, Err 46 (1.0e-05)
558.386 .... 2020 packets received, 7417 bps, 92.71%, Err 46 (1.0e-05)
560.499 .... 2026 packets received, 7411 bps, 92.64%, Err 46 (1.0e-05)
562.625 .... 2032 packets received, 7405 bps, 92.56%, Err 46 (1.0e-05)
564.738 .... 2038 packets received, 7399 bps, 92.49%, Err 46 (1.0e-05)
566.838 .... 2045 packets received, 7397 bps, 92.46%, Err 46 (1.0e-05)
568.966 .... 2051 packets received, 7391 bps, 92.38%, Err 46 (1.0e-05)
571.356 .... 2058 packets received, 7385 bps, 92.31%, Err 46 (1.0e-05)
573.484 .... 2064 packets received, 7379 bps, 92.24%, Err 46 (1.0e-05)
575.641 .... 2070 packets received, 7373 bps, 92.16%, Err 46 (1.0e-05)
577.739 .... 2076 packets received, 7367 bps, 92.09%, Err 46 (1.0e-05)
579.868 .... 2082 packets received, 7361 bps, 92.02%, Err 46 (9.9e-06)
582.748 .... 2088 packets received, 7346 bps, 91.82%, Err 47 (1.0e-05)
584.876 .... 2098 packets received, 7354 bps, 91.93%, Err 47 (1.0e-05)
587.006 .... 2106 packets received, 7355 bps, 91.94%, Err 47 (1.0e-05)
589.119 .... 2114 packets received, 7357 bps, 91.96%, Err 47 (1.0e-05)
591.233 .... 2122 packets received, 7358 bps, 91.98%, Err 47 (9.9e-06)
594.433 .... 2130 packets received, 7346 bps, 91.83%, Err 49 (1.0e-05)
596.576 .... 2141 packets received, 7358 bps, 91.97%, Err 49 (1.0e-05)
598.658 .... 2149 packets received, 7359 bps, 91.99%, Err 49 (1.0e-05)
600.803 .... 2157 packets received, 7360 bps, 92.00%, Err 49 (1.0e-05)
602.951 .... 2165 packets received, 7361 bps, 92.02%, Err 49 (1.0e-05)
605.117 .... 2173 packets received, 7362 bps, 92.03%, Err 49 (1.0e-05)
607.265 .... 2181 packets received, 7363 bps, 92.04%, Err 49 (1.0e-05)
609.653 .... 2185 packets received, 7348 bps, 91.84%, Err 50 (1.0e-05)
612.042 .... 2194 packets received, 7349 bps, 91.86%, Err 51 (1.0e-05)
614.171 .... 2205 packets received, 7360 bps, 92.00%, Err 51 (1.0e-05)
616.286 .... 2213 packets received, 7362 bps, 92.02%, Err 51 (1.0e-05)
618.429 .... 2221 packets received, 7363 bps, 92.03%, Err 51 (1.0e-05)
620.541 .... 2229 packets received, 7364 bps, 92.05%, Err 51 (1.0e-05)
623.454 .... 2236 packets received, 7352 bps, 91.91%, Err 52 (1.0e-05)
625.571 .... 2246 packets received, 7360 bps, 92.00%, Err 53 (1.1e-05)
627.717 .... 2249 packets received, 7345 bps, 91.81%, Err 54 (1.1e-05)
629.866 .... 2261 packets received, 7359 bps, 91.99%, Err 54 (1.1e-05)
631.969 .... 2269 packets received, 7360 bps, 92.00%, Err 54 (1.1e-05)
634.086 .... 2277 packets received, 7362 bps, 92.02%, Err 54 (1.1e-05)
636.204 .... 2285 packets received, 7363 bps, 92.04%, Err 54 (1.1e-05)
638.306 .... 2293 packets received, 7364 bps, 92.05%, Err 54 (1.1e-05)
640.455 .... 2297 packets received, 7352 bps, 91.90%, Err 55 (1.1e-05)
642.572 .... 2308 packets received, 7363 bps, 92.04%, Err 55 (1.1e-05)
644.689 .... 2316 packets received, 7364 bps, 92.06%, Err 55 (1.1e-05)
646.794 .... 2324 packets received, 7366 bps, 92.07%, Err 55 (1.1e-05)
648.926 .... 2332 packets received, 7367 bps, 92.09%, Err 55 (1.1e-05)
651.044 .... 2340 packets received, 7368 bps, 92.10%, Err 55 (1.1e-05)
653.161 .... 2348 packets received, 7369 bps, 92.12%, Err 55 (1.1e-05)
655.831 .... 2354 packets received, 7358 bps, 91.97%, Err 56 (1.1e-05)
657.933 .... 2361 packets received, 7356 bps, 91.95%, Err 57 (1.1e-05)
660.050 .... 2372 packets received, 7367 bps, 92.08%, Err 57 (1.1e-05)
662.168 .... 2380 packets received, 7368 bps, 92.10%, Err 57 (1.1e-05)
664.299 .... 2388 packets received, 7369 bps, 92.11%, Err 57 (1.1e-05)
666.431 .... 2396 packets received, 7370 bps, 92.13%, Err 57 (1.1e-05)
668.548 .... 2404 packets received, 7371 bps, 92.14%, Err 57 (1.1e-05)
670.666 .... 2412 packets received, 7372 bps, 92.15%, Err 57 (1.1e-05)
672.784 .... 2420 packets received, 7373 bps, 92.17%, Err 57 (1.1e-05)
674.900 .... 2428 packets received, 7375 bps, 92.18%, Err 57 (1.1e-05)
677.033 .... 2436 packets received, 7376 bps, 92.20%, Err 57 (1.1e-05)
679.151 .... 2444 packets received, 7377 bps, 92.21%, Err 57 (1.0e-05)
681.269 .... 2452 packets received, 7378 bps, 92.22%, Err 57 (1.0e-05)
683.386 .... 2460 packets received, 7379 bps, 92.24%, Err 57 (1.0e-05)
686.577 .... 2468 packets received, 7369 bps, 92.11%, Err 58 (1.1e-05)
689.493 .... 2478 packets received, 7367 bps, 92.09%, Err 59 (1.1e-05)
691.626 .... 2489 packets received, 7377 bps, 92.21%, Err 59 (1.1e-05)
693.758 .... 2497 packets received, 7378 bps, 92.22%, Err 59 (1.1e-05)
695.919 .... 2505 packets received, 7379 bps, 92.23%, Err 60 (1.1e-05)
698.036 .... 2513 packets received, 7380 bps, 92.25%, Err 60 (1.1e-05)
700.169 .... 2521 packets received, 7381 bps, 92.26%, Err 60 (1.1e-05)
702.283 .... 2529 packets received, 7382 bps, 92.27%, Err 60 (1.1e-05)
704.397 .... 2537 packets received, 7383 bps, 92.28%, Err 60 (1.1e-05)
706.522 .... 2545 packets received, 7384 bps, 92.30%, Err 60 (1.1e-05)
708.634 .... 2553 packets received, 7385 bps, 92.31%, Err 60 (1.1e-05)
710.758 .... 2561 packets received, 7386 bps, 92.32%, Err 60 (1.1e-05)
713.403 .... 2567 packets received, 7376 bps, 92.20%, Err 61 (1.1e-05)
715.528 .... 2578 packets received, 7385 bps, 92.32%, Err 61 (1.1e-05)
717.642 .... 2586 packets received, 7386 bps, 92.33%, Err 61 (1.1e-05)
719.771 .... 2594 packets received, 7387 bps, 92.34%, Err 61 (1.1e-05)
721.899 .... 2602 packets received, 7388 bps, 92.35%, Err 61 (1.1e-05)
724.011 .... 2610 packets received, 7389 bps, 92.37%, Err 61 (1.1e-05)
726.125 .... 2618 packets received, 7390 bps, 92.38%, Err 61 (1.1e-05)
728.253 .... 2626 packets received, 7391 bps, 92.39%, Err 61 (1.0e-05)
731.684 .... 2633 packets received, 7376 bps, 92.20%, Err 62 (1.1e-05)
733.813 .... 2646 packets received, 7391 bps, 92.39%, Err 62 (1.1e-05)
735.955 .... 2654 packets received, 7392 bps, 92.40%, Err 62 (1.1e-05)
738.069 .... 2662 packets received, 7393 bps, 92.41%, Err 62 (1.1e-05)
740.184 .... 2670 packets received, 7394 bps, 92.42%, Err 62 (1.0e-05)
742.296 .... 2678 packets received, 7395 bps, 92.44%, Err 62 (1.0e-05)
744.410 .... 2686 packets received, 7396 bps, 92.45%, Err 62 (1.0e-05)
746.540 .... 2693 packets received, 7394 bps, 92.42%, Err 63 (1.1e-05)
749.465 .... 2699 packets received, 7381 bps, 92.27%, Err 64 (1.1e-05)
751.579 .... 2711 packets received, 7393 bps, 92.42%, Err 64 (1.1e-05)
753.722 .... 2719 packets received, 7394 bps, 92.43%, Err 64 (1.1e-05)
755.819 .... 2727 packets received, 7395 bps, 92.44%, Err 64 (1.1e-05)
758.742 .... 2733 packets received, 7383 bps, 92.29%, Err 65 (1.1e-05)
760.855 .... 2745 packets received, 7395 bps, 92.44%, Err 65 (1.1e-05)
762.968 .... 2753 packets received, 7396 bps, 92.45%, Err 66 (1.1e-05)
765.113 .... 2761 packets received, 7396 bps, 92.46%, Err 66 (1.1e-05)
767.225 .... 2769 packets received, 7397 bps, 92.47%, Err 66 (1.1e-05)
769.354 .... 2777 packets received, 7398 bps, 92.48%, Err 66 (1.1e-05)
771.465 .... 2785 packets received, 7399 bps, 92.49%, Err 66 (1.1e-05)
773.579 .... 2793 packets received, 7400 bps, 92.50%, Err 66 (1.1e-05)
775.693 .... 2801 packets received, 7401 bps, 92.52%, Err 66 (1.1e-05)
777.849 .... 2809 packets received, 7402 bps, 92.52%, Err 66 (1.1e-05)
779.946 .... 2817 packets received, 7403 bps, 92.54%, Err 67 (1.1e-05)
783.131 .... 2824 packets received, 7391 bps, 92.39%, Err 68 (1.1e-05)
785.243 .... 2835 packets received, 7400 bps, 92.50%, Err 68 (1.1e-05)
787.356 .... 2843 packets received, 7401 bps, 92.51%, Err 68 (1.1e-05)
789.484 .... 2851 packets received, 7402 bps, 92.52%, Err 68 (1.1e-05)
791.614 .... 2853 packets received, 7387 bps, 92.34%, Err 69 (1.1e-05)
793.711 .... 2866 packets received, 7401 bps, 92.51%, Err 69 (1.1e-05)
795.852 .... 2874 packets received, 7402 bps, 92.52%, Err 69 (1.1e-05)
797.964 .... 2882 packets received, 7403 bps, 92.53%, Err 69 (1.1e-05)
800.107 .... 2890 packets received, 7403 bps, 92.54%, Err 69 (1.1e-05)
802.221 .... 2898 packets received, 7404 bps, 92.55%, Err 69 (1.1e-05)
804.306 .... 2906 packets received, 7405 bps, 92.57%, Err 69 (1.1e-05)
806.453 .... 2914 packets received, 7406 bps, 92.57%, Err 69 (1.1e-05)
808.568 .... 2922 packets received, 7407 bps, 92.58%, Err 70 (1.1e-05)
811.206 .... 2924 packets received, 7388 bps, 92.35%, Err 71 (1.1e-05)
813.354 .... 2935 packets received, 7396 bps, 92.45%, Err 71 (1.1e-05)
815.471 .... 2941 packets received, 7392 bps, 92.40%, Err 71 (1.1e-05)
817.589 .... 2947 packets received, 7388 bps, 92.35%, Err 71 (1.1e-05)
819.719 .... 2953 packets received, 7383 bps, 92.29%, Err 71 (1.1e-05)
822.092 .... 2960 packets received, 7380 bps, 92.24%, Err 71 (1.1e-05)
824.515 .... 2967 packets received, 7375 bps, 92.19%, Err 71 (1.1e-05)
826.891 .... 2974 packets received, 7371 bps, 92.14%, Err 71 (1.1e-05)
829.315 .... 2981 packets received, 7367 bps, 92.09%, Err 71 (1.1e-05)
831.449 .... 2987 packets received, 7363 bps, 92.04%, Err 71 (1.1e-05)
833.827 .... 2994 packets received, 7359 bps, 91.99%, Err 71 (1.1e-05)
836.248 .... 3001 packets received, 7355 bps, 91.94%, Err 72 (1.1e-05)
839.440 .... 3002 packets received, 7329 bps, 91.62%, Err 73 (1.1e-05)
841.848 .... 3014 packets received, 7338 bps, 91.72%, Err 73 (1.1e-05)
843.995 .... 3020 packets received, 7334 bps, 91.67%, Err 73 (1.1e-05)
846.142 .... 3026 packets received, 7330 bps, 91.62%, Err 73 (1.1e-05)
848.245 .... 3032 packets received, 7326 bps, 91.57%, Err 73 (1.1e-05)
850.393 .... 3038 packets received, 7322 bps, 91.52%, Err 73 (1.1e-05)
852.525 .... 3044 packets received, 7318 bps, 91.47%, Err 73 (1.1e-05)
854.673 .... 3050 packets received, 7314 bps, 91.42%, Err 73 (1.1e-05)
857.344 .... 3055 packets received, 7303 bps, 91.29%, Err 74 (1.1e-05)
859.477 .... 3065 packets received, 7309 bps, 91.36%, Err 74 (1.1e-05)
861.607 .... 3072 packets received, 7307 bps, 91.34%, Err 75 (1.1e-05)
863.725 .... 3080 packets received, 7308 bps, 91.35%, Err 75 (1.1e-05)
865.842 .... 3088 packets received, 7309 bps, 91.37%, Err 75 (1.1e-05)
867.958 .... 3096 packets received, 7310 bps, 91.38%, Err 75 (1.1e-05)
870.105 .... 3100 packets received, 7302 bps, 91.27%, Err 76 (1.1e-05)
872.238 .... 3111 packets received, 7310 bps, 91.37%, Err 76 (1.1e-05)
875.660 .... 3119 packets received, 7300 bps, 91.25%, Err 77 (1.1e-05)
877.764 .... 3131 packets received, 7310 bps, 91.38%, Err 77 (1.1e-05)
879.911 .... 3139 packets received, 7311 bps, 91.39%, Err 77 (1.1e-05)
882.012 .... 3147 packets received, 7312 bps, 91.40%, Err 77 (1.1e-05)
885.202 .... 3155 packets received, 7305 bps, 91.31%, Err 78 (1.1e-05)
887.319 .... 3166 packets received, 7313 bps, 91.41%, Err 78 (1.1e-05)
889.436 .... 3174 packets received, 7314 bps, 91.42%, Err 78 (1.1e-05)
891.549 .... 3182 packets received, 7315 bps, 91.43%, Err 78 (1.1e-05)
893.663 .... 3190 packets received, 7316 bps, 91.45%, Err 78 (1.1e-05)
895.797 .... 3198 packets received, 7316 bps, 91.46%, Err 78 (1.1e-05)
897.931 .... 3206 packets received, 7317 bps, 91.47%, Err 78 (1.1e-05)
900.049 .... 3214 packets received, 7318 bps, 91.48%, Err 78 (1.1e-05)
902.176 .... 3222 packets received, 7319 bps, 91.49%, Err 78 (1.1e-05)
904.825 .... 3228 packets received, 7311 bps, 91.39%, Err 79 (1.1e-05)
906.937 .... 3239 packets received, 7319 bps, 91.49%, Err 79 (1.1e-05)
909.050 .... 3247 packets received, 7320 bps, 91.50%, Err 79 (1.1e-05)
911.163 .... 3255 packets received, 7321 bps, 91.52%, Err 79 (1.1e-05)
913.292 .... 3263 packets received, 7322 bps, 91.53%, Err 79 (1.1e-05)
915.404 .... 3271 packets received, 7323 bps, 91.54%, Err 79 (1.1e-05)
917.532 .... 3279 packets received, 7324 bps, 91.55%, Err 79 (1.1e-05)
919.660 .... 3287 packets received, 7325 bps, 91.56%, Err 79 (1.1e-05)
921.773 .... 3295 packets received, 7326 bps, 91.57%, Err 79 (1.1e-05)
923.886 .... 3303 packets received, 7327 bps, 91.58%, Err 79 (1.1e-05)
925.997 .... 3311 packets received, 7328 bps, 91.60%, Err 79 (1.1e-05)
928.124 .... 3319 packets received, 7329 bps, 91.61%, Err 79 (1.1e-05)
930.267 .... 3327 packets received, 7329 bps, 91.62%, Err 79 (1.1e-05)
932.394 .... 3335 packets received, 7330 bps, 91.63%, Err 79 (1.1e-05)
934.478 .... 3343 packets received, 7331 bps, 91.64%, Err 79 (1.1e-05)
936.620 .... 3351 packets received, 7332 bps, 91.65%, Err 79 (1.1e-05)
938.733 .... 3359 packets received, 7333 bps, 91.66%, Err 79 (1.1e-05)
940.860 .... 3367 packets received, 7334 bps, 91.67%, Err 79 (1.1e-05)
942.958 .... 3375 packets received, 7335 bps, 91.69%, Err 79 (1.0e-05)
945.102 .... 3383 packets received, 7336 bps, 91.70%, Err 80 (1.1e-05)
947.199 .... 3390 packets received, 7335 bps, 91.68%, Err 80 (1.1e-05)
949.342 .... 3398 packets received, 7335 bps, 91.69%, Err 80 (1.1e-05)
951.457 .... 3406 packets received, 7336 bps, 91.70%, Err 80 (1.1e-05)
953.585 .... 3414 packets received, 7337 bps, 91.71%, Err 80 (1.0e-05)
955.698 .... 3422 packets received, 7338 bps, 91.72%, Err 80 (1.0e-05)
957.827 .... 3430 packets received, 7339 bps, 91.73%, Err 80 (1.0e-05)
959.940 .... 3438 packets received, 7340 bps, 91.75%, Err 80 (1.0e-05)
962.053 .... 3445 packets received, 7338 bps, 91.73%, Err 81 (1.1e-05)
964.181 .... 3453 packets received, 7339 bps, 91.74%, Err 82 (1.1e-05)
966.310 .... 3461 packets received, 7340 bps, 91.75%, Err 83 (1.1e-05)
968.436 .... 3468 packets received, 7339 bps, 91.73%, Err 83 (1.1e-05)
970.549 .... 3476 packets received, 7340 bps, 91.74%, Err 83 (1.1e-05)
972.646 .... 3484 packets received, 7341 bps, 91.76%, Err 83 (1.1e-05)
974.774 .... 3492 packets received, 7341 bps, 91.77%, Err 83 (1.1e-05)
976.887 .... 3500 packets received, 7342 bps, 91.78%, Err 83 (1.1e-05)
979.015 .... 3508 packets received, 7343 bps, 91.79%, Err 83 (1.1e-05)
981.158 .... 3516 packets received, 7344 bps, 91.80%, Err 83 (1.1e-05)
983.271 .... 3524 packets received, 7345 bps, 91.81%, Err 83 (1.1e-05)
985.368 .... 3532 packets received, 7346 bps, 91.82%, Err 83 (1.1e-05)
987.511 .... 3540 packets received, 7346 bps, 91.83%, Err 83 (1.1e-05)
989.608 .... 3548 packets received, 7347 bps, 91.84%, Err 83 (1.0e-05)
991.751 .... 3556 packets received, 7348 bps, 91.85%, Err 83 (1.0e-05)
993.861 .... 3564 packets received, 7349 bps, 91.86%, Err 83 (1.0e-05)
995.974 .... 3572 packets received, 7350 bps, 91.87%, Err 83 (1.0e-05)
998.116 .... 3580 packets received, 7350 bps, 91.88%, Err 83 (1.0e-05)
1000.228 .... 3588 packets received, 7351 bps, 91.89%, Err 83 (1.0e-05)
1002.866 .... 3594 packets received, 7344 bps, 91.80%, Err 84 (1.0e-05)
1004.983 .... 3605 packets received, 7351 bps, 91.89%, Err 84 (1.0e-05)
1007.128 .... 3613 packets received, 7352 bps, 91.90%, Err 85 (1.1e-05)
1009.246 .... 3621 packets received, 7352 bps, 91.91%, Err 85 (1.1e-05)
1011.349 .... 3628 packets received, 7351 bps, 91.89%, Err 86 (1.1e-05)
1013.480 .... 3635 packets received, 7350 bps, 91.87%, Err 87 (1.1e-05)
1015.595 .... 3643 packets received, 7351 bps, 91.89%, Err 87 (1.1e-05)
1017.712 .... 3651 packets received, 7352 bps, 91.90%, Err 87 (1.1e-05)
1019.830 .... 3659 packets received, 7352 bps, 91.91%, Err 87 (1.1e-05)
1021.963 .... 3667 packets received, 7353 bps, 91.91%, Err 87 (1.1e-05)
1024.079 .... 3675 packets received, 7354 bps, 91.92%, Err 87 (1.1e-05)
1026.211 .... 3683 packets received, 7355 bps, 91.93%, Err 87 (1.1e-05)
1028.327 .... 3691 packets received, 7355 bps, 91.94%, Err 87 (1.1e-05)
1030.458 .... 3698 packets received, 7354 bps, 91.93%, Err 88 (1.1e-05)
1032.559 .... 3706 packets received, 7355 bps, 91.94%, Err 88 (1.1e-05)
1034.692 .... 3714 packets received, 7356 bps, 91.95%, Err 88 (1.1e-05)
1036.810 .... 3722 packets received, 7356 bps, 91.96%, Err 88 (1.1e-05)
1038.911 .... 3730 packets received, 7357 bps, 91.97%, Err 88 (1.1e-05)
1041.044 .... 3738 packets received, 7358 bps, 91.98%, Err 88 (1.1e-05)
1043.176 .... 3746 packets received, 7359 bps, 91.98%, Err 88 (1.1e-05)
1045.279 .... 3754 packets received, 7360 bps, 91.99%, Err 88 (1.1e-05)
1048.210 .... 3761 packets received, 7353 bps, 91.91%, Err 89 (1.1e-05)
1051.387 .... 3772 packets received, 7352 bps, 91.90%, Err 90 (1.1e-05)
1053.488 .... 3783 packets received, 7359 bps, 91.98%, Err 90 (1.1e-05)
1055.633 .... 3791 packets received, 7359 bps, 91.99%, Err 90 (1.1e-05)
1058.255 .... 3797 packets received, 7353 bps, 91.91%, Err 91 (1.1e-05)
1060.402 .... 3808 packets received, 7359 bps, 91.99%, Err 91 (1.1e-05)
1062.534 .... 3816 packets received, 7360 bps, 91.99%, Err 91 (1.1e-05)
1064.635 .... 3824 packets received, 7360 bps, 92.01%, Err 91 (1.1e-05)
1066.748 .... 3832 packets received, 7361 bps, 92.01%, Err 91 (1.1e-05)
1069.139 .... 3837 packets received, 7354 bps, 91.93%, Err 92 (1.1e-05)
1071.268 .... 3848 packets received, 7361 bps, 92.01%, Err 92 (1.1e-05)
1073.379 .... 3856 packets received, 7362 bps, 92.02%, Err 92 (1.1e-05)
1075.510 .... 3864 packets received, 7362 bps, 92.03%, Err 92 (1.1e-05)
1077.611 .... 3868 packets received, 7355 bps, 91.94%, Err 93 (1.1e-05)
1079.729 .... 3879 packets received, 7362 bps, 92.02%, Err 93 (1.1e-05)
1081.847 .... 3887 packets received, 7363 bps, 92.03%, Err 93 (1.1e-05)
1083.993 .... 3895 packets received, 7363 bps, 92.04%, Err 93 (1.1e-05)
1086.110 .... 3903 packets received, 7364 bps, 92.05%, Err 93 (1.1e-05)
1088.211 .... 3911 packets received, 7365 bps, 92.06%, Err 93 (1.1e-05)
1090.329 .... 3919 packets received, 7365 bps, 92.07%, Err 93 (1.1e-05)
1092.462 .... 3927 packets received, 7366 bps, 92.08%, Err 93 (1.1e-05)
1094.593 .... 3935 packets received, 7367 bps, 92.08%, Err 93 (1.1e-05)
1096.711 .... 3943 packets received, 7367 bps, 92.09%, Err 93 (1.1e-05)
1098.829 .... 3951 packets received, 7368 bps, 92.10%, Err 93 (1.1e-05)
1100.960 .... 3959 packets received, 7369 bps, 92.11%, Err 93 (1.1e-05)
1104.130 .... 3967 packets received, 7362 bps, 92.03%, Err 94 (1.1e-05)
1106.259 .... 3978 packets received, 7369 bps, 92.11%, Err 94 (1.1e-05)
1108.356 .... 3986 packets received, 7369 bps, 92.12%, Err 94 (1.1e-05)
1110.514 .... 3994 packets received, 7370 bps, 92.12%, Err 94 (1.1e-05)
1112.596 .... 4002 packets received, 7371 bps, 92.13%, Err 95 (1.1e-05)
1114.723 .... 4010 packets received, 7371 bps, 92.14%, Err 95 (1.1e-05)
1116.852 .... 4018 packets received, 7372 bps, 92.15%, Err 95 (1.1e-05)
1118.980 .... 4026 packets received, 7373 bps, 92.16%, Err 96 (1.1e-05)
1121.094 .... 4034 packets received, 7373 bps, 92.17%, Err 96 (1.1e-05)
1123.221 .... 4042 packets received, 7374 bps, 92.17%, Err 96 (1.1e-05)
1125.335 .... 4050 packets received, 7375 bps, 92.18%, Err 96 (1.1e-05)
1127.448 .... 4058 packets received, 7375 bps, 92.19%, Err 96 (1.1e-05)
1129.577 .... 4066 packets received, 7376 bps, 92.20%, Err 96 (1.1e-05)
1131.676 .... 4074 packets received, 7377 bps, 92.21%, Err 96 (1.1e-05)
1133.819 .... 4082 packets received, 7377 bps, 92.22%, Err 96 (1.1e-05)
1135.918 .... 4090 packets received, 7378 bps, 92.23%, Err 96 (1.1e-05)
1138.060 .... 4098 packets received, 7379 bps, 92.23%, Err 96 (1.1e-05)
1140.169 .... 4106 packets received, 7379 bps, 92.24%, Err 96 (1.1e-05)
1142.569 .... 4111 packets received, 7373 bps, 92.16%, Err 97 (1.1e-05)
1144.682 .... 4122 packets received, 7379 bps, 92.24%, Err 97 (1.1e-05)
1146.810 .... 4130 packets received, 7379 bps, 92.24%, Err 97 (1.1e-05)
1148.906 .... 4138 packets received, 7380 bps, 92.25%, Err 97 (1.1e-05)
1151.034 .... 4146 packets received, 7381 bps, 92.26%, Err 97 (1.1e-05)
1153.162 .... 4154 packets received, 7381 bps, 92.27%, Err 97 (1.1e-05)
1155.285 .... 4162 packets received, 7382 bps, 92.28%, Err 97 (1.0e-05)
1157.412 .... 4170 packets received, 7383 bps, 92.28%, Err 97 (1.0e-05)
1159.524 .... 4178 packets received, 7383 bps, 92.29%, Err 97 (1.0e-05)
1161.635 .... 4186 packets received, 7384 bps, 92.30%, Err 97 (1.0e-05)
1163.765 .... 4194 packets received, 7385 bps, 92.31%, Err 97 (1.0e-05)
1165.892 .... 4201 packets received, 7383 bps, 92.29%, Err 98 (1.1e-05)
1168.016 .... 4209 packets received, 7384 bps, 92.30%, Err 98 (1.0e-05)
1170.141 .... 4217 packets received, 7385 bps, 92.31%, Err 98 (1.0e-05)
1173.294 .... 4223 packets received, 7375 bps, 92.19%, Err 99 (1.1e-05)
1175.421 .... 4236 packets received, 7385 bps, 92.31%, Err 99 (1.1e-05)
1177.533 .... 4244 packets received, 7385 bps, 92.32%, Err 99 (1.1e-05)
1179.661 .... 4251 packets received, 7384 bps, 92.30%, Err 100 (1.1e-05)
1181.788 .... 4259 packets received, 7385 bps, 92.31%, Err 100 (1.1e-05)
1183.901 .... 4267 packets received, 7385 bps, 92.32%, Err 100 (1.1e-05)
1186.012 .... 4275 packets received, 7386 bps, 92.32%, Err 100 (1.1e-05)
1188.154 .... 4283 packets received, 7386 bps, 92.33%, Err 100 (1.1e-05)
1190.267 .... 4291 packets received, 7387 bps, 92.34%, Err 100 (1.1e-05)
1192.378 .... 4299 packets received, 7388 bps, 92.35%, Err 100 (1.0e-05)
1194.535 .... 4307 packets received, 7388 bps, 92.35%, Err 100 (1.0e-05)
1196.646 .... 4315 packets received, 7389 bps, 92.36%, Err 100 (1.0e-05)
1198.743 .... 4323 packets received, 7390 bps, 92.37%, Err 100 (1.0e-05)
1200.029 Quit.
