000.000 =============================================================
000.000                     Station A                               
000.000 -------------------------------------------------------------
000.000 Protocol.lib, version 4.0, jiangyanjun0718@bupt.edu.cn
000.000 Channel: 8000 bps, 270 ms propagation delay, bit error rate 1.0E-05
000.000 Log file "fA.log", TCP port 30024, debug mask 0x00
000.000 Station A is waiting for station B on TCP port 30024 ... Done.
000.349 New epoch: Thu May 16 16:47:41 2019
000.349 =================================================================
000.349 
000.349 Designed by CJSoft, build: May 16 2019  15:57:30
002.783 .... 7 packets received, 6637 bps, 82.96%, Err 1 (5.2e-05)
004.917 .... 15 packets received, 7154 bps, 89.43%, Err 1 (2.8e-05)
007.047 .... 23 packets received, 7333 bps, 91.66%, Err 1 (1.9e-05)
009.176 .... 31 packets received, 7423 bps, 92.79%, Err 1 (1.4e-05)
011.277 .... 39 packets received, 7497 bps, 93.71%, Err 1 (1.1e-05)
013.428 .... 47 packets received, 7517 bps, 93.96%, Err 1 (9.6e-06)
015.536 .... 55 packets received, 7553 bps, 94.41%, Err 1 (8.2e-06)
017.649 .... 63 packets received, 7578 bps, 94.73%, Err 1 (7.2e-06)
019.774 .... 71 packets received, 7593 bps, 94.91%, Err 1 (6.4e-06)
021.890 .... 79 packets received, 7608 bps, 95.10%, Err 1 (5.8e-06)
024.018 .... 87 packets received, 7616 bps, 95.20%, Err 1 (5.3e-06)
026.149 .... 95 packets received, 7622 bps, 95.28%, Err 1 (4.9e-06)
028.260 .... 103 packets received, 7633 bps, 95.41%, Err 1 (4.5e-06)
030.363 .... 111 packets received, 7644 bps, 95.55%, Err 1 (4.2e-06)
032.511 .... 119 packets received, 7643 bps, 95.53%, Err 2 (7.8e-06)
034.628 .... 127 packets received, 7649 bps, 95.61%, Err 2 (7.3e-06)
036.777 .... 135 packets received, 7647 bps, 95.59%, Err 2 (6.9e-06)
038.895 .... 142 packets received, 7599 bps, 94.98%, Err 3 (9.7e-06)
041.014 .... 150 packets received, 7606 bps, 95.07%, Err 3 (9.2e-06)
043.163 .... 158 packets received, 7607 bps, 95.08%, Err 3 (8.8e-06)
045.295 .... 166 packets received, 7610 bps, 95.13%, Err 3 (8.3e-06)
047.431 .... 174 packets received, 7613 bps, 95.16%, Err 3 (8.0e-06)
049.552 .... 182 packets received, 7618 bps, 95.22%, Err 3 (7.6e-06)
051.702 .... 190 packets received, 7618 bps, 95.23%, Err 3 (7.3e-06)
053.821 .... 198 packets received, 7623 bps, 95.28%, Err 3 (7.0e-06)
055.933 .... 206 packets received, 7628 bps, 95.35%, Err 3 (6.7e-06)
058.088 .... 214 packets received, 7627 bps, 95.33%, Err 3 (6.5e-06)
060.229 .... 222 packets received, 7628 bps, 95.35%, Err 3 (6.3e-06)
062.346 .... 230 packets received, 7632 bps, 95.39%, Err 3 (6.1e-06)
064.456 .... 237 packets received, 7604 bps, 95.05%, Err 4 (7.8e-06)
066.565 .... 245 packets received, 7609 bps, 95.11%, Err 4 (7.6e-06)
068.708 .... 253 packets received, 7610 bps, 95.13%, Err 4 (7.3e-06)
070.839 .... 261 packets received, 7613 bps, 95.16%, Err 4 (7.1e-06)
072.955 .... 269 packets received, 7616 bps, 95.21%, Err 5 (8.6e-06)
075.072 .... 273 packets received, 7510 bps, 93.87%, Err 6 (1.0e-05)
077.189 .... 284 packets received, 7596 bps, 94.96%, Err 6 (9.8e-06)
079.318 .... 292 packets received, 7599 bps, 94.99%, Err 6 (9.5e-06)
081.430 .... 300 packets received, 7603 bps, 95.04%, Err 6 (9.3e-06)
083.543 .... 308 packets received, 7607 bps, 95.09%, Err 6 (9.0e-06)
085.671 .... 316 packets received, 7609 bps, 95.12%, Err 6 (8.8e-06)
087.771 .... 324 packets received, 7614 bps, 95.18%, Err 6 (8.6e-06)
089.914 .... 332 packets received, 7615 bps, 95.19%, Err 6 (8.4e-06)
092.029 .... 339 packets received, 7595 bps, 94.94%, Err 7 (9.5e-06)
094.143 .... 347 packets received, 7599 bps, 94.99%, Err 7 (9.3e-06)
096.261 .... 355 packets received, 7602 bps, 95.02%, Err 7 (9.1e-06)
098.391 .... 363 packets received, 7604 bps, 95.05%, Err 7 (8.9e-06)
100.519 .... 371 packets received, 7606 bps, 95.07%, Err 7 (8.7e-06)
102.633 .... 379 packets received, 7609 bps, 95.11%, Err 7 (8.6e-06)
104.776 .... 387 packets received, 7610 bps, 95.12%, Err 7 (8.4e-06)
106.888 .... 395 packets received, 7613 bps, 95.16%, Err 7 (8.2e-06)
108.985 .... 403 packets received, 7617 bps, 95.21%, Err 8 (9.2e-06)
111.116 .... 410 packets received, 7599 bps, 94.99%, Err 8 (9.0e-06)
113.228 .... 418 packets received, 7602 bps, 95.03%, Err 8 (8.9e-06)
115.343 .... 426 packets received, 7605 bps, 95.06%, Err 8 (8.7e-06)
117.469 .... 434 packets received, 7607 bps, 95.09%, Err 8 (8.5e-06)
119.582 .... 442 packets received, 7609 bps, 95.12%, Err 8 (8.4e-06)
121.696 .... 450 packets received, 7612 bps, 95.15%, Err 8 (8.2e-06)
123.827 .... 458 packets received, 7613 bps, 95.17%, Err 8 (8.1e-06)
125.971 .... 466 packets received, 7614 bps, 95.17%, Err 8 (8.0e-06)
128.069 .... 474 packets received, 7617 bps, 95.21%, Err 8 (7.8e-06)
130.199 .... 482 packets received, 7618 bps, 95.23%, Err 8 (7.7e-06)
132.330 .... 489 packets received, 7604 bps, 95.05%, Err 9 (8.5e-06)
134.455 .... 497 packets received, 7605 bps, 95.07%, Err 9 (8.4e-06)
136.567 .... 505 packets received, 7608 bps, 95.10%, Err 9 (8.3e-06)
138.696 .... 513 packets received, 7609 bps, 95.11%, Err 9 (8.1e-06)
140.838 .... 521 packets received, 7610 bps, 95.12%, Err 9 (8.0e-06)
142.938 .... 528 packets received, 7598 bps, 94.98%, Err 10 (8.8e-06)
145.083 .... 536 packets received, 7599 bps, 94.99%, Err 10 (8.6e-06)
147.181 .... 544 packets received, 7602 bps, 95.02%, Err 10 (8.5e-06)
149.310 .... 548 packets received, 7548 bps, 94.35%, Err 11 (9.2e-06)
151.424 .... 559 packets received, 7592 bps, 94.90%, Err 11 (9.1e-06)
153.550 .... 567 packets received, 7593 bps, 94.92%, Err 11 (9.0e-06)
155.664 .... 575 packets received, 7595 bps, 94.94%, Err 11 (8.9e-06)
157.793 .... 579 packets received, 7545 bps, 94.31%, Err 12 (9.5e-06)
159.909 .... 590 packets received, 7586 bps, 94.82%, Err 12 (9.4e-06)
162.023 .... 598 packets received, 7588 bps, 94.85%, Err 12 (9.3e-06)
164.153 .... 606 packets received, 7589 bps, 94.87%, Err 12 (9.2e-06)
166.281 .... 614 packets received, 7591 bps, 94.88%, Err 12 (9.0e-06)
168.396 .... 622 packets received, 7593 bps, 94.91%, Err 12 (8.9e-06)
170.526 .... 630 packets received, 7594 bps, 94.92%, Err 12 (8.8e-06)
172.626 .... 638 packets received, 7597 bps, 94.96%, Err 12 (8.7e-06)
174.785 .... 646 packets received, 7596 bps, 94.96%, Err 12 (8.6e-06)
177.957 .... 654 packets received, 7553 bps, 94.41%, Err 13 (9.2e-06)
180.058 .... 665 packets received, 7590 bps, 94.88%, Err 13 (9.0e-06)
182.188 .... 673 packets received, 7591 bps, 94.89%, Err 13 (8.9e-06)
184.317 .... 681 packets received, 7592 bps, 94.91%, Err 13 (8.8e-06)
186.433 .... 688 packets received, 7583 bps, 94.79%, Err 14 (9.4e-06)
188.557 .... 696 packets received, 7585 bps, 94.81%, Err 14 (9.3e-06)
190.681 .... 703 packets received, 7575 bps, 94.69%, Err 15 (9.9e-06)
192.778 .... 711 packets received, 7578 bps, 94.72%, Err 15 (9.7e-06)
194.935 .... 719 packets received, 7578 bps, 94.73%, Err 15 (9.6e-06)
197.037 .... 727 packets received, 7580 bps, 94.75%, Err 15 (9.5e-06)
199.169 .... 735 packets received, 7582 bps, 94.77%, Err 15 (9.4e-06)
201.270 .... 743 packets received, 7584 bps, 94.80%, Err 15 (9.3e-06)
203.400 .... 751 packets received, 7585 bps, 94.81%, Err 15 (9.2e-06)
205.519 .... 759 packets received, 7586 bps, 94.83%, Err 15 (9.1e-06)
207.619 .... 767 packets received, 7589 bps, 94.86%, Err 15 (9.0e-06)
209.767 .... 771 packets received, 7550 bps, 94.37%, Err 17 (1.0e-05)
211.882 .... 782 packets received, 7581 bps, 94.76%, Err 17 (1.0e-05)
214.005 .... 790 packets received, 7582 bps, 94.78%, Err 17 (9.9e-06)
216.114 .... 798 packets received, 7584 bps, 94.80%, Err 17 (9.9e-06)
218.235 .... 806 packets received, 7585 bps, 94.82%, Err 17 (9.8e-06)
220.358 .... 814 packets received, 7587 bps, 94.83%, Err 17 (9.7e-06)
222.478 .... 822 packets received, 7588 bps, 94.85%, Err 17 (9.6e-06)
224.594 .... 830 packets received, 7590 bps, 94.87%, Err 17 (9.5e-06)
226.723 .... 838 packets received, 7591 bps, 94.88%, Err 17 (9.4e-06)
228.865 .... 845 packets received, 7582 bps, 94.78%, Err 18 (9.8e-06)
230.987 .... 853 packets received, 7583 bps, 94.79%, Err 18 (9.8e-06)
233.114 .... 861 packets received, 7585 bps, 94.81%, Err 18 (9.7e-06)
235.202 .... 869 packets received, 7587 bps, 94.84%, Err 18 (9.6e-06)
237.316 .... 877 packets received, 7588 bps, 94.85%, Err 18 (9.5e-06)
239.464 .... 881 packets received, 7554 bps, 94.43%, Err 19 (9.9e-06)
241.582 .... 892 packets received, 7581 bps, 94.77%, Err 19 (9.8e-06)
243.695 .... 900 packets received, 7583 bps, 94.79%, Err 19 (9.8e-06)
245.829 .... 904 packets received, 7550 bps, 94.38%, Err 20 (1.0e-05)
247.944 .... 915 packets received, 7577 bps, 94.71%, Err 20 (1.0e-05)
250.047 .... 923 packets received, 7579 bps, 94.73%, Err 20 (1.0e-05)
252.179 .... 931 packets received, 7580 bps, 94.74%, Err 20 (9.9e-06)
254.311 .... 939 packets received, 7580 bps, 94.76%, Err 20 (9.8e-06)
256.430 .... 946 packets received, 7574 bps, 94.67%, Err 21 (1.0e-05)
258.547 .... 954 packets received, 7575 bps, 94.69%, Err 21 (1.0e-05)
260.675 .... 962 packets received, 7576 bps, 94.70%, Err 21 (1.0e-05)
262.774 .... 970 packets received, 7578 bps, 94.72%, Err 21 (1.0e-05)
264.921 .... 978 packets received, 7578 bps, 94.73%, Err 21 (9.9e-06)
267.019 .... 986 packets received, 7580 bps, 94.75%, Err 21 (9.8e-06)
269.164 .... 994 packets received, 7581 bps, 94.76%, Err 21 (9.8e-06)
271.263 .... 1002 packets received, 7582 bps, 94.78%, Err 21 (9.7e-06)
273.391 .... 1010 packets received, 7583 bps, 94.79%, Err 21 (9.6e-06)
275.505 .... 1018 packets received, 7585 bps, 94.81%, Err 21 (9.5e-06)
277.632 .... 1026 packets received, 7585 bps, 94.82%, Err 21 (9.5e-06)
279.732 .... 1034 packets received, 7587 bps, 94.84%, Err 21 (9.4e-06)
281.861 .... 1042 packets received, 7588 bps, 94.85%, Err 21 (9.3e-06)
283.990 .... 1050 packets received, 7589 bps, 94.86%, Err 21 (9.3e-06)
286.120 .... 1058 packets received, 7590 bps, 94.87%, Err 21 (9.2e-06)
288.238 .... 1066 packets received, 7591 bps, 94.88%, Err 21 (9.1e-06)
290.372 .... 1074 packets received, 7591 bps, 94.89%, Err 21 (9.1e-06)
292.482 .... 1082 packets received, 7592 bps, 94.91%, Err 21 (9.0e-06)
294.590 .... 1090 packets received, 7594 bps, 94.92%, Err 21 (8.9e-06)
296.721 .... 1098 packets received, 7594 bps, 94.93%, Err 21 (8.9e-06)
298.836 .... 1106 packets received, 7596 bps, 94.94%, Err 21 (8.8e-06)
300.949 .... 1114 packets received, 7597 bps, 94.96%, Err 21 (8.7e-06)
303.074 .... 1122 packets received, 7597 bps, 94.97%, Err 21 (8.7e-06)
305.993 .... 1129 packets received, 7572 bps, 94.65%, Err 22 (9.0e-06)
308.140 .... 1140 packets received, 7592 bps, 94.90%, Err 22 (8.9e-06)
310.255 .... 1148 packets received, 7593 bps, 94.92%, Err 22 (8.9e-06)
312.374 .... 1156 packets received, 7594 bps, 94.93%, Err 22 (8.8e-06)
314.489 .... 1164 packets received, 7595 bps, 94.94%, Err 22 (8.8e-06)
316.615 .... 1172 packets received, 7596 bps, 94.95%, Err 22 (8.7e-06)
318.742 .... 1180 packets received, 7597 bps, 94.96%, Err 22 (8.6e-06)
320.845 .... 1188 packets received, 7598 bps, 94.97%, Err 22 (8.6e-06)
322.973 .... 1196 packets received, 7599 bps, 94.98%, Err 22 (8.5e-06)
325.091 .... 1204 packets received, 7599 bps, 94.99%, Err 22 (8.5e-06)
327.204 .... 1212 packets received, 7600 bps, 95.01%, Err 22 (8.4e-06)
329.317 .... 1220 packets received, 7601 bps, 95.02%, Err 22 (8.4e-06)
331.453 .... 1228 packets received, 7602 bps, 95.02%, Err 22 (8.3e-06)
333.566 .... 1236 packets received, 7603 bps, 95.04%, Err 22 (8.3e-06)
335.699 .... 1244 packets received, 7603 bps, 95.04%, Err 22 (8.2e-06)
337.807 .... 1252 packets received, 7604 bps, 95.06%, Err 23 (8.5e-06)
339.928 .... 1259 packets received, 7599 bps, 94.99%, Err 23 (8.5e-06)
342.054 .... 1267 packets received, 7600 bps, 95.00%, Err 24 (8.8e-06)
344.177 .... 1275 packets received, 7601 bps, 95.01%, Err 24 (8.7e-06)
346.294 .... 1283 packets received, 7601 bps, 95.02%, Err 24 (8.7e-06)
348.408 .... 1291 packets received, 7602 bps, 95.03%, Err 24 (8.6e-06)
350.532 .... 1295 packets received, 7580 bps, 94.74%, Err 25 (8.9e-06)
352.643 .... 1306 packets received, 7598 bps, 94.98%, Err 25 (8.9e-06)
354.765 .... 1314 packets received, 7599 bps, 94.99%, Err 25 (8.8e-06)
357.424 .... 1320 packets received, 7577 bps, 94.71%, Err 26 (9.1e-06)
359.537 .... 1331 packets received, 7595 bps, 94.94%, Err 27 (9.4e-06)
361.665 .... 1339 packets received, 7595 bps, 94.94%, Err 27 (9.3e-06)
363.780 .... 1347 packets received, 7596 bps, 94.95%, Err 27 (9.3e-06)
366.701 .... 1354 packets received, 7575 bps, 94.69%, Err 28 (9.6e-06)
368.818 .... 1365 packets received, 7592 bps, 94.91%, Err 29 (9.8e-06)
370.947 .... 1373 packets received, 7593 bps, 94.91%, Err 29 (9.8e-06)
373.076 .... 1381 packets received, 7594 bps, 94.92%, Err 29 (9.7e-06)
375.171 .... 1389 packets received, 7595 bps, 94.94%, Err 29 (9.7e-06)
377.328 .... 1397 packets received, 7595 bps, 94.94%, Err 29 (9.6e-06)
379.429 .... 1405 packets received, 7596 bps, 94.95%, Err 29 (9.6e-06)
381.567 .... 1413 packets received, 7596 bps, 94.96%, Err 29 (9.5e-06)
383.691 .... 1421 packets received, 7597 bps, 94.96%, Err 29 (9.5e-06)
386.327 .... 1427 packets received, 7577 bps, 94.71%, Err 30 (9.7e-06)
388.454 .... 1438 packets received, 7594 bps, 94.92%, Err 30 (9.7e-06)
390.582 .... 1446 packets received, 7594 bps, 94.93%, Err 30 (9.6e-06)
392.693 .... 1454 packets received, 7595 bps, 94.94%, Err 30 (9.6e-06)
394.822 .... 1462 packets received, 7596 bps, 94.94%, Err 30 (9.5e-06)
396.951 .... 1470 packets received, 7596 bps, 94.95%, Err 30 (9.5e-06)
399.050 .... 1478 packets received, 7597 bps, 94.97%, Err 30 (9.4e-06)
401.186 .... 1486 packets received, 7598 bps, 94.97%, Err 30 (9.4e-06)
403.302 .... 1494 packets received, 7598 bps, 94.98%, Err 30 (9.3e-06)
406.479 .... 1502 packets received, 7579 bps, 94.74%, Err 32 (9.8e-06)
408.592 .... 1512 packets received, 7590 bps, 94.88%, Err 32 (9.8e-06)
410.711 .... 1518 packets received, 7581 bps, 94.76%, Err 32 (9.7e-06)
412.846 .... 1524 packets received, 7572 bps, 94.64%, Err 32 (9.7e-06)
415.226 .... 1528 packets received, 7548 bps, 94.35%, Err 33 (9.9e-06)
417.610 .... 1535 packets received, 7539 bps, 94.24%, Err 34 (1.0e-05)
419.732 .... 1545 packets received, 7550 bps, 94.37%, Err 35 (1.0e-05)
421.861 .... 1553 packets received, 7550 bps, 94.38%, Err 35 (1.0e-05)
423.957 .... 1561 packets received, 7552 bps, 94.40%, Err 35 (1.0e-05)
426.090 .... 1569 packets received, 7552 bps, 94.41%, Err 35 (1.0e-05)
428.234 .... 1577 packets received, 7553 bps, 94.41%, Err 35 (1.0e-05)
430.352 .... 1585 packets received, 7554 bps, 94.42%, Err 35 (1.0e-05)
432.453 .... 1593 packets received, 7555 bps, 94.44%, Err 35 (1.0e-05)
434.580 .... 1601 packets received, 7556 bps, 94.45%, Err 35 (1.0e-05)
437.259 .... 1607 packets received, 7537 bps, 94.22%, Err 36 (1.0e-05)
439.372 .... 1618 packets received, 7553 bps, 94.41%, Err 36 (1.0e-05)
441.488 .... 1626 packets received, 7553 bps, 94.42%, Err 36 (1.0e-05)
443.590 .... 1634 packets received, 7555 bps, 94.43%, Err 36 (1.0e-05)
445.723 .... 1642 packets received, 7555 bps, 94.44%, Err 36 (1.0e-05)
447.842 .... 1650 packets received, 7556 bps, 94.45%, Err 36 (1.0e-05)
449.974 .... 1658 packets received, 7557 bps, 94.46%, Err 36 (1.0e-05)
452.076 .... 1666 packets received, 7558 bps, 94.47%, Err 36 (1.0e-05)
454.210 .... 1674 packets received, 7558 bps, 94.48%, Err 36 (9.9e-06)
456.312 .... 1682 packets received, 7559 bps, 94.49%, Err 36 (9.9e-06)
458.445 .... 1690 packets received, 7560 bps, 94.50%, Err 36 (9.8e-06)
460.549 .... 1694 packets received, 7543 bps, 94.29%, Err 37 (1.0e-05)
463.492 .... 1704 packets received, 7539 bps, 94.24%, Err 38 (1.0e-05)
465.608 .... 1715 packets received, 7554 bps, 94.42%, Err 38 (1.0e-05)
468.520 .... 1718 packets received, 7520 bps, 94.00%, Err 40 (1.1e-05)
470.626 .... 1729 packets received, 7534 bps, 94.17%, Err 40 (1.1e-05)
472.758 .... 1735 packets received, 7526 bps, 94.07%, Err 40 (1.1e-05)
474.875 .... 1741 packets received, 7518 bps, 93.98%, Err 40 (1.1e-05)
476.993 .... 1747 packets received, 7511 bps, 93.88%, Err 40 (1.0e-05)
479.098 .... 1753 packets received, 7503 bps, 93.79%, Err 40 (1.0e-05)
481.240 .... 1759 packets received, 7495 bps, 93.69%, Err 40 (1.0e-05)
483.376 .... 1765 packets received, 7488 bps, 93.60%, Err 40 (1.0e-05)
485.475 .... 1771 packets received, 7481 bps, 93.51%, Err 40 (1.0e-05)
487.608 .... 1778 packets received, 7477 bps, 93.47%, Err 40 (1.0e-05)
489.724 .... 1784 packets received, 7470 bps, 93.38%, Err 40 (1.0e-05)
491.870 .... 1790 packets received, 7462 bps, 93.28%, Err 40 (1.0e-05)
494.014 .... 1796 packets received, 7455 bps, 93.19%, Err 40 (1.0e-05)
496.129 .... 1802 packets received, 7448 bps, 93.10%, Err 40 (1.0e-05)
498.520 .... 1809 packets received, 7441 bps, 93.01%, Err 40 (1.0e-05)
500.924 .... 1816 packets received, 7434 bps, 92.92%, Err 41 (1.0e-05)
503.053 .... 1822 packets received, 7427 bps, 92.84%, Err 41 (1.0e-05)
505.213 .... 1828 packets received, 7419 bps, 92.74%, Err 41 (1.0e-05)
507.341 .... 1834 packets received, 7412 bps, 92.66%, Err 42 (1.0e-05)
509.728 .... 1841 packets received, 7406 bps, 92.57%, Err 42 (1.0e-05)
511.856 .... 1848 packets received, 7403 bps, 92.54%, Err 42 (1.0e-05)
513.985 .... 1854 packets received, 7396 bps, 92.45%, Err 42 (1.0e-05)
516.114 .... 1860 packets received, 7390 bps, 92.37%, Err 42 (1.0e-05)
518.500 .... 1867 packets received, 7383 bps, 92.29%, Err 42 (1.0e-05)
520.901 .... 1874 packets received, 7377 bps, 92.21%, Err 42 (1.0e-05)
523.029 .... 1881 packets received, 7374 bps, 92.18%, Err 42 (1.0e-05)
525.172 .... 1887 packets received, 7367 bps, 92.09%, Err 42 (1.0e-05)
527.313 .... 1893 packets received, 7361 bps, 92.01%, Err 42 (1.0e-05)
530.784 .... 1900 packets received, 7340 bps, 91.75%, Err 43 (1.0e-05)
532.908 .... 1911 packets received, 7353 bps, 91.91%, Err 43 (1.0e-05)
535.035 .... 1919 packets received, 7354 bps, 91.93%, Err 43 (1.0e-05)
537.146 .... 1927 packets received, 7356 bps, 91.95%, Err 43 (1.0e-05)
539.275 .... 1935 packets received, 7357 bps, 91.96%, Err 43 (1.0e-05)
541.409 .... 1943 packets received, 7358 bps, 91.98%, Err 43 (9.9e-06)
543.552 .... 1950 packets received, 7356 bps, 91.95%, Err 44 (1.0e-05)
545.658 .... 1958 packets received, 7357 bps, 91.97%, Err 44 (1.0e-05)
547.783 .... 1966 packets received, 7359 bps, 91.98%, Err 44 (1.0e-05)
550.965 .... 1974 packets received, 7346 bps, 91.82%, Err 45 (1.0e-05)
553.079 .... 1985 packets received, 7359 bps, 91.98%, Err 45 (1.0e-05)
555.208 .... 1993 packets received, 7360 bps, 92.00%, Err 45 (1.0e-05)
557.321 .... 2001 packets received, 7361 bps, 92.02%, Err 45 (1.0e-05)
559.433 .... 2009 packets received, 7363 bps, 92.04%, Err 45 (1.0e-05)
561.574 .... 2017 packets received, 7364 bps, 92.05%, Err 45 (1.0e-05)
563.687 .... 2025 packets received, 7365 bps, 92.07%, Err 45 (1.0e-05)
565.817 .... 2033 packets received, 7367 bps, 92.08%, Err 45 (9.9e-06)
567.916 .... 2041 packets received, 7368 bps, 92.10%, Err 46 (1.0e-05)
570.044 .... 2049 packets received, 7370 bps, 92.12%, Err 46 (1.0e-05)
572.157 .... 2057 packets received, 7371 bps, 92.14%, Err 46 (1.0e-05)
574.285 .... 2065 packets received, 7372 bps, 92.15%, Err 46 (1.0e-05)
576.398 .... 2073 packets received, 7374 bps, 92.17%, Err 46 (1.0e-05)
578.527 .... 2081 packets received, 7375 bps, 92.18%, Err 46 (9.9e-06)
580.641 .... 2089 packets received, 7376 bps, 92.20%, Err 46 (9.9e-06)
582.768 .... 2097 packets received, 7377 bps, 92.22%, Err 46 (9.9e-06)
584.868 .... 2105 packets received, 7379 bps, 92.24%, Err 46 (9.8e-06)
586.996 .... 2113 packets received, 7380 bps, 92.25%, Err 46 (9.8e-06)
589.110 .... 2121 packets received, 7381 bps, 92.27%, Err 46 (9.8e-06)
591.254 .... 2129 packets received, 7382 bps, 92.28%, Err 46 (9.7e-06)
594.423 .... 2137 packets received, 7370 bps, 92.13%, Err 48 (1.0e-05)
596.551 .... 2147 packets received, 7379 bps, 92.23%, Err 48 (1.0e-05)
598.665 .... 2155 packets received, 7380 bps, 92.25%, Err 48 (1.0e-05)
600.797 .... 2163 packets received, 7381 bps, 92.26%, Err 48 (1.0e-05)
602.932 .... 2171 packets received, 7382 bps, 92.27%, Err 48 (1.0e-05)
605.048 .... 2179 packets received, 7383 bps, 92.29%, Err 48 (9.9e-06)
607.147 .... 2187 packets received, 7385 bps, 92.31%, Err 49 (1.0e-05)
609.276 .... 2194 packets received, 7382 bps, 92.28%, Err 49 (1.0e-05)
611.407 .... 2202 packets received, 7383 bps, 92.29%, Err 49 (1.0e-05)
614.320 .... 2209 packets received, 7372 bps, 92.15%, Err 50 (1.0e-05)
616.462 .... 2220 packets received, 7383 bps, 92.28%, Err 50 (1.0e-05)
618.571 .... 2228 packets received, 7384 bps, 92.30%, Err 50 (1.0e-05)
620.686 .... 2236 packets received, 7385 bps, 92.32%, Err 50 (1.0e-05)
622.820 .... 2244 packets received, 7386 bps, 92.33%, Err 50 (1.0e-05)
624.921 .... 2251 packets received, 7384 bps, 92.30%, Err 51 (1.0e-05)
627.054 .... 2259 packets received, 7385 bps, 92.32%, Err 51 (1.0e-05)
629.171 .... 2267 packets received, 7387 bps, 92.33%, Err 51 (1.0e-05)
631.275 .... 2275 packets received, 7388 bps, 92.35%, Err 51 (1.0e-05)
633.422 .... 2283 packets received, 7389 bps, 92.36%, Err 51 (1.0e-05)
635.525 .... 2291 packets received, 7390 bps, 92.38%, Err 51 (1.0e-05)
637.659 .... 2299 packets received, 7391 bps, 92.39%, Err 51 (1.0e-05)
639.759 .... 2307 packets received, 7392 bps, 92.40%, Err 51 (1.0e-05)
642.966 .... 2315 packets received, 7381 bps, 92.26%, Err 52 (1.0e-05)
645.086 .... 2326 packets received, 7392 bps, 92.40%, Err 52 (1.0e-05)
647.219 .... 2334 packets received, 7393 bps, 92.41%, Err 52 (1.0e-05)
649.321 .... 2342 packets received, 7394 bps, 92.42%, Err 52 (1.0e-05)
651.454 .... 2349 packets received, 7392 bps, 92.40%, Err 53 (1.0e-05)
653.557 .... 2357 packets received, 7393 bps, 92.41%, Err 53 (1.0e-05)
655.689 .... 2365 packets received, 7394 bps, 92.42%, Err 53 (1.0e-05)
658.081 .... 2370 packets received, 7383 bps, 92.28%, Err 54 (1.0e-05)
660.229 .... 2381 packets received, 7393 bps, 92.41%, Err 54 (1.0e-05)
662.345 .... 2389 packets received, 7394 bps, 92.42%, Err 55 (1.0e-05)
664.508 .... 2396 packets received, 7391 bps, 92.39%, Err 55 (1.0e-05)
666.625 .... 2404 packets received, 7392 bps, 92.41%, Err 55 (1.0e-05)
668.773 .... 2412 packets received, 7393 bps, 92.42%, Err 55 (1.0e-05)
670.891 .... 2420 packets received, 7394 bps, 92.43%, Err 55 (1.0e-05)
673.023 .... 2428 packets received, 7395 bps, 92.44%, Err 55 (1.0e-05)
675.171 .... 2436 packets received, 7396 bps, 92.45%, Err 55 (1.0e-05)
677.304 .... 2444 packets received, 7397 bps, 92.46%, Err 55 (1.0e-05)
679.423 .... 2452 packets received, 7398 bps, 92.47%, Err 55 (1.0e-05)
681.570 .... 2460 packets received, 7399 bps, 92.48%, Err 55 (1.0e-05)
683.703 .... 2468 packets received, 7400 bps, 92.49%, Err 55 (1.0e-05)
685.820 .... 2476 packets received, 7401 bps, 92.51%, Err 55 (1.0e-05)
687.952 .... 2484 packets received, 7401 bps, 92.52%, Err 55 (1.0e-05)
690.054 .... 2492 packets received, 7403 bps, 92.53%, Err 55 (1.0e-05)
692.186 .... 2500 packets received, 7404 bps, 92.54%, Err 55 (9.9e-06)
694.303 .... 2508 packets received, 7405 bps, 92.56%, Err 55 (9.9e-06)
696.420 .... 2516 packets received, 7406 bps, 92.57%, Err 56 (1.0e-05)
698.536 .... 2524 packets received, 7407 bps, 92.58%, Err 56 (1.0e-05)
700.665 .... 2532 packets received, 7407 bps, 92.59%, Err 56 (1.0e-05)
702.780 .... 2540 packets received, 7408 bps, 92.61%, Err 56 (1.0e-05)
704.894 .... 2548 packets received, 7410 bps, 92.62%, Err 56 (9.9e-06)
707.024 .... 2556 packets received, 7410 bps, 92.63%, Err 56 (9.9e-06)
709.138 .... 2564 packets received, 7411 bps, 92.64%, Err 57 (1.0e-05)
711.265 .... 2572 packets received, 7412 bps, 92.65%, Err 57 (1.0e-05)
713.910 .... 2578 packets received, 7402 bps, 92.53%, Err 58 (1.0e-05)
716.039 .... 2589 packets received, 7411 bps, 92.64%, Err 58 (1.0e-05)
718.168 .... 2597 packets received, 7412 bps, 92.65%, Err 58 (1.0e-05)
720.282 .... 2605 packets received, 7413 bps, 92.67%, Err 58 (1.0e-05)
722.410 .... 2613 packets received, 7414 bps, 92.68%, Err 58 (1.0e-05)
724.508 .... 2621 packets received, 7415 bps, 92.69%, Err 58 (1.0e-05)
726.652 .... 2628 packets received, 7413 bps, 92.66%, Err 59 (1.0e-05)
728.749 .... 2636 packets received, 7414 bps, 92.68%, Err 59 (1.0e-05)
730.878 .... 2644 packets received, 7415 bps, 92.69%, Err 59 (1.0e-05)
733.007 .... 2652 packets received, 7416 bps, 92.70%, Err 59 (1.0e-05)
735.135 .... 2660 packets received, 7417 bps, 92.71%, Err 59 (1.0e-05)
737.234 .... 2668 packets received, 7418 bps, 92.72%, Err 59 (1.0e-05)
739.379 .... 2676 packets received, 7418 bps, 92.73%, Err 59 (1.0e-05)
741.491 .... 2684 packets received, 7419 bps, 92.74%, Err 59 (1.0e-05)
743.591 .... 2692 packets received, 7421 bps, 92.76%, Err 59 (9.9e-06)
746.515 .... 2699 packets received, 7411 bps, 92.63%, Err 60 (1.0e-05)
748.644 .... 2710 packets received, 7420 bps, 92.75%, Err 60 (1.0e-05)
750.757 .... 2717 packets received, 7418 bps, 92.72%, Err 61 (1.0e-05)
752.884 .... 2725 packets received, 7419 bps, 92.73%, Err 61 (1.0e-05)
755.011 .... 2733 packets received, 7420 bps, 92.74%, Err 61 (1.0e-05)
757.676 .... 2739 packets received, 7410 bps, 92.62%, Err 62 (1.0e-05)
759.774 .... 2750 packets received, 7419 bps, 92.74%, Err 62 (1.0e-05)
761.888 .... 2758 packets received, 7420 bps, 92.75%, Err 62 (1.0e-05)
764.015 .... 2766 packets received, 7421 bps, 92.76%, Err 62 (1.0e-05)
766.158 .... 2774 packets received, 7421 bps, 92.76%, Err 62 (1.0e-05)
768.255 .... 2782 packets received, 7422 bps, 92.78%, Err 62 (1.0e-05)
770.384 .... 2790 packets received, 7423 bps, 92.79%, Err 62 (1.0e-05)
772.482 .... 2798 packets received, 7424 bps, 92.80%, Err 62 (1.0e-05)
774.625 .... 2806 packets received, 7425 bps, 92.81%, Err 62 (1.0e-05)
776.751 .... 2814 packets received, 7425 bps, 92.82%, Err 62 (1.0e-05)
778.865 .... 2821 packets received, 7424 bps, 92.80%, Err 63 (1.0e-05)
780.977 .... 2829 packets received, 7425 bps, 92.81%, Err 63 (1.0e-05)
783.105 .... 2837 packets received, 7425 bps, 92.82%, Err 63 (1.0e-05)
785.218 .... 2845 packets received, 7426 bps, 92.83%, Err 63 (1.0e-05)
787.331 .... 2853 packets received, 7427 bps, 92.84%, Err 63 (1.0e-05)
789.476 .... 2861 packets received, 7428 bps, 92.85%, Err 63 (1.0e-05)
791.588 .... 2869 packets received, 7429 bps, 92.86%, Err 63 (1.0e-05)
793.714 .... 2877 packets received, 7429 bps, 92.87%, Err 63 (9.9e-06)
795.827 .... 2885 packets received, 7430 bps, 92.88%, Err 63 (9.9e-06)
797.955 .... 2893 packets received, 7431 bps, 92.89%, Err 63 (9.9e-06)
801.111 .... 2901 packets received, 7422 bps, 92.78%, Err 64 (1.0e-05)
803.258 .... 2912 packets received, 7430 bps, 92.88%, Err 64 (1.0e-05)
805.358 .... 2920 packets received, 7431 bps, 92.89%, Err 64 (9.9e-06)
807.489 .... 2928 packets received, 7432 bps, 92.90%, Err 64 (9.9e-06)
809.621 .... 2936 packets received, 7433 bps, 92.91%, Err 64 (9.9e-06)
811.723 .... 2944 packets received, 7434 bps, 92.92%, Err 64 (9.9e-06)
813.855 .... 2952 packets received, 7434 bps, 92.93%, Err 64 (9.8e-06)
815.981 .... 2960 packets received, 7435 bps, 92.94%, Err 64 (9.8e-06)
818.128 .... 2968 packets received, 7435 bps, 92.94%, Err 64 (9.8e-06)
820.245 .... 2976 packets received, 7436 bps, 92.95%, Err 64 (9.8e-06)
822.346 .... 2983 packets received, 7435 bps, 92.93%, Err 65 (9.9e-06)
824.461 .... 2991 packets received, 7435 bps, 92.94%, Err 65 (9.9e-06)
826.579 .... 2999 packets received, 7436 bps, 92.95%, Err 65 (9.8e-06)
828.987 .... 3004 packets received, 7427 bps, 92.84%, Err 66 (1.0e-05)
831.105 .... 3015 packets received, 7435 bps, 92.94%, Err 66 (9.9e-06)
833.221 .... 3022 packets received, 7433 bps, 92.92%, Err 67 (1.0e-05)
835.354 .... 3030 packets received, 7434 bps, 92.93%, Err 67 (1.0e-05)
837.471 .... 3038 packets received, 7435 bps, 92.94%, Err 67 (1.0e-05)
839.587 .... 3046 packets received, 7436 bps, 92.95%, Err 67 (1.0e-05)
841.703 .... 3054 packets received, 7436 bps, 92.95%, Err 67 (1.0e-05)
843.836 .... 3062 packets received, 7437 bps, 92.96%, Err 68 (1.0e-05)
845.938 .... 3069 packets received, 7435 bps, 92.94%, Err 68 (1.0e-05)
848.071 .... 3073 packets received, 7426 bps, 92.83%, Err 69 (1.0e-05)
850.188 .... 3084 packets received, 7434 bps, 92.93%, Err 69 (1.0e-05)
852.320 .... 3092 packets received, 7435 bps, 92.94%, Err 70 (1.0e-05)
854.422 .... 3099 packets received, 7434 bps, 92.92%, Err 70 (1.0e-05)
856.571 .... 3106 packets received, 7432 bps, 92.90%, Err 71 (1.0e-05)
858.672 .... 3114 packets received, 7433 bps, 92.91%, Err 71 (1.0e-05)
860.804 .... 3122 packets received, 7433 bps, 92.91%, Err 71 (1.0e-05)
863.198 .... 3127 packets received, 7424 bps, 92.80%, Err 72 (1.0e-05)
865.315 .... 3138 packets received, 7432 bps, 92.90%, Err 72 (1.0e-05)
867.433 .... 3146 packets received, 7433 bps, 92.91%, Err 72 (1.0e-05)
869.564 .... 3154 packets received, 7434 bps, 92.92%, Err 72 (1.0e-05)
871.681 .... 3161 packets received, 7432 bps, 92.90%, Err 73 (1.0e-05)
873.783 .... 3169 packets received, 7433 bps, 92.91%, Err 73 (1.0e-05)
875.917 .... 3177 packets received, 7433 bps, 92.92%, Err 73 (1.0e-05)
878.034 .... 3185 packets received, 7434 bps, 92.93%, Err 73 (1.0e-05)
880.150 .... 3193 packets received, 7435 bps, 92.94%, Err 73 (1.0e-05)
882.311 .... 3201 packets received, 7435 bps, 92.94%, Err 73 (1.0e-05)
884.415 .... 3208 packets received, 7434 bps, 92.92%, Err 75 (1.1e-05)
886.530 .... 3215 packets received, 7432 bps, 92.90%, Err 76 (1.1e-05)
888.645 .... 3223 packets received, 7433 bps, 92.91%, Err 76 (1.1e-05)
890.759 .... 3231 packets received, 7434 bps, 92.92%, Err 76 (1.1e-05)
892.891 .... 3239 packets received, 7434 bps, 92.93%, Err 76 (1.1e-05)
895.010 .... 3247 packets received, 7435 bps, 92.94%, Err 76 (1.1e-05)
897.142 .... 3255 packets received, 7436 bps, 92.95%, Err 76 (1.1e-05)
899.258 .... 3263 packets received, 7436 bps, 92.96%, Err 76 (1.1e-05)
901.356 .... 3271 packets received, 7437 bps, 92.97%, Err 76 (1.1e-05)
903.484 .... 3279 packets received, 7438 bps, 92.97%, Err 76 (1.1e-05)
905.611 .... 3287 packets received, 7439 bps, 92.98%, Err 76 (1.0e-05)
907.724 .... 3295 packets received, 7439 bps, 92.99%, Err 76 (1.0e-05)
909.867 .... 3303 packets received, 7440 bps, 93.00%, Err 76 (1.0e-05)
911.981 .... 3311 packets received, 7440 bps, 93.01%, Err 76 (1.0e-05)
914.092 .... 3319 packets received, 7441 bps, 93.02%, Err 76 (1.0e-05)
916.235 .... 3327 packets received, 7442 bps, 93.02%, Err 76 (1.0e-05)
918.348 .... 3335 packets received, 7442 bps, 93.03%, Err 76 (1.0e-05)
920.461 .... 3343 packets received, 7443 bps, 93.04%, Err 76 (1.0e-05)
922.589 .... 3351 packets received, 7444 bps, 93.05%, Err 76 (1.0e-05)
924.685 .... 3359 packets received, 7445 bps, 93.06%, Err 76 (1.0e-05)
926.828 .... 3367 packets received, 7445 bps, 93.06%, Err 76 (1.0e-05)
928.941 .... 3374 packets received, 7444 bps, 93.04%, Err 77 (1.0e-05)
931.054 .... 3382 packets received, 7444 bps, 93.05%, Err 77 (1.0e-05)
933.182 .... 3390 packets received, 7445 bps, 93.06%, Err 77 (1.0e-05)
935.295 .... 3398 packets received, 7446 bps, 93.07%, Err 78 (1.0e-05)
937.422 .... 3406 packets received, 7446 bps, 93.08%, Err 78 (1.0e-05)
939.565 .... 3414 packets received, 7447 bps, 93.08%, Err 78 (1.0e-05)
941.663 .... 3422 packets received, 7447 bps, 93.09%, Err 78 (1.0e-05)
944.846 .... 3430 packets received, 7440 bps, 92.99%, Err 79 (1.0e-05)
946.959 .... 3441 packets received, 7447 bps, 93.08%, Err 79 (1.0e-05)
949.089 .... 3449 packets received, 7447 bps, 93.09%, Err 79 (1.0e-05)
951.217 .... 3457 packets received, 7448 bps, 93.10%, Err 79 (1.0e-05)
953.346 .... 3465 packets received, 7448 bps, 93.11%, Err 79 (1.0e-05)
956.254 .... 3472 packets received, 7441 bps, 93.01%, Err 82 (1.1e-05)
958.903 .... 3475 packets received, 7427 bps, 92.83%, Err 82 (1.1e-05)
961.017 .... 3485 packets received, 7432 bps, 92.90%, Err 82 (1.1e-05)
963.130 .... 3493 packets received, 7432 bps, 92.90%, Err 82 (1.1e-05)
965.274 .... 3501 packets received, 7433 bps, 92.91%, Err 82 (1.1e-05)
967.386 .... 3509 packets received, 7433 bps, 92.92%, Err 82 (1.1e-05)
969.514 .... 3517 packets received, 7434 bps, 92.93%, Err 82 (1.1e-05)
971.627 .... 3525 packets received, 7435 bps, 92.93%, Err 82 (1.1e-05)
973.754 .... 3533 packets received, 7435 bps, 92.94%, Err 82 (1.1e-05)
975.883 .... 3541 packets received, 7436 bps, 92.95%, Err 82 (1.1e-05)
978.012 .... 3549 packets received, 7436 bps, 92.96%, Err 82 (1.0e-05)
980.139 .... 3557 packets received, 7437 bps, 92.96%, Err 82 (1.0e-05)
982.280 .... 3565 packets received, 7438 bps, 92.97%, Err 82 (1.0e-05)
984.408 .... 3573 packets received, 7438 bps, 92.98%, Err 82 (1.0e-05)
986.568 .... 3581 packets received, 7438 bps, 92.98%, Err 82 (1.0e-05)
988.663 .... 3589 packets received, 7439 bps, 92.99%, Err 82 (1.0e-05)
990.806 .... 3597 packets received, 7440 bps, 93.00%, Err 82 (1.0e-05)
992.948 .... 3605 packets received, 7440 bps, 93.00%, Err 82 (1.0e-05)
995.060 .... 3613 packets received, 7441 bps, 93.01%, Err 82 (1.0e-05)
997.203 .... 3621 packets received, 7441 bps, 93.02%, Err 82 (1.0e-05)
999.318 .... 3629 packets received, 7442 bps, 93.02%, Err 82 (1.0e-05)
1001.465 .... 3637 packets received, 7442 bps, 93.03%, Err 82 (1.0e-05)
1003.580 .... 3645 packets received, 7443 bps, 93.04%, Err 82 (1.0e-05)
1005.711 .... 3653 packets received, 7443 bps, 93.04%, Err 82 (1.0e-05)
1007.845 .... 3661 packets received, 7444 bps, 93.05%, Err 82 (1.0e-05)
1009.962 .... 3669 packets received, 7445 bps, 93.06%, Err 82 (1.0e-05)
1012.079 .... 3677 packets received, 7445 bps, 93.07%, Err 83 (1.0e-05)
1014.194 .... 3685 packets received, 7446 bps, 93.07%, Err 83 (1.0e-05)
1016.340 .... 3693 packets received, 7446 bps, 93.08%, Err 83 (1.0e-05)
1018.457 .... 3701 packets received, 7447 bps, 93.09%, Err 83 (1.0e-05)
1020.590 .... 3709 packets received, 7447 bps, 93.09%, Err 83 (1.0e-05)
1022.691 .... 3716 packets received, 7446 bps, 93.08%, Err 84 (1.0e-05)
1024.840 .... 3724 packets received, 7446 bps, 93.08%, Err 84 (1.0e-05)
1028.047 .... 3732 packets received, 7439 bps, 92.99%, Err 85 (1.0e-05)
1030.177 .... 3743 packets received, 7446 bps, 93.07%, Err 85 (1.0e-05)
1033.383 .... 3751 packets received, 7438 bps, 92.98%, Err 86 (1.0e-05)
1035.486 .... 3762 packets received, 7445 bps, 93.06%, Err 86 (1.0e-05)
1037.603 .... 3770 packets received, 7446 bps, 93.07%, Err 87 (1.0e-05)
1039.749 .... 3778 packets received, 7446 bps, 93.08%, Err 87 (1.0e-05)
1042.387 .... 3784 packets received, 7439 bps, 92.99%, Err 88 (1.1e-05)
1044.508 .... 3795 packets received, 7445 bps, 93.07%, Err 88 (1.1e-05)
1046.623 .... 3803 packets received, 7446 bps, 93.08%, Err 88 (1.1e-05)
1048.726 .... 3810 packets received, 7445 bps, 93.06%, Err 89 (1.1e-05)
1050.859 .... 3818 packets received, 7445 bps, 93.07%, Err 89 (1.1e-05)
1053.003 .... 3826 packets received, 7446 bps, 93.07%, Err 89 (1.1e-05)
1055.119 .... 3834 packets received, 7446 bps, 93.08%, Err 89 (1.1e-05)
1057.237 .... 3842 packets received, 7447 bps, 93.09%, Err 89 (1.1e-05)
1059.354 .... 3850 packets received, 7447 bps, 93.09%, Err 89 (1.1e-05)
1061.485 .... 3858 packets received, 7448 bps, 93.10%, Err 89 (1.0e-05)
1063.614 .... 3866 packets received, 7448 bps, 93.10%, Err 89 (1.0e-05)
1065.700 .... 3874 packets received, 7449 bps, 93.11%, Err 89 (1.0e-05)
1067.845 .... 3882 packets received, 7450 bps, 93.12%, Err 89 (1.0e-05)
1069.942 .... 3890 packets received, 7450 bps, 93.13%, Err 89 (1.0e-05)
1072.084 .... 3898 packets received, 7451 bps, 93.13%, Err 89 (1.0e-05)
1074.201 .... 3906 packets received, 7451 bps, 93.14%, Err 89 (1.0e-05)
1076.316 .... 3914 packets received, 7452 bps, 93.15%, Err 89 (1.0e-05)
1078.449 .... 3922 packets received, 7452 bps, 93.15%, Err 89 (1.0e-05)
1080.583 .... 3930 packets received, 7453 bps, 93.16%, Err 89 (1.0e-05)
1082.682 .... 3938 packets received, 7453 bps, 93.17%, Err 89 (1.0e-05)
1084.830 .... 3946 packets received, 7454 bps, 93.17%, Err 89 (1.0e-05)
1087.208 .... 3950 packets received, 7445 bps, 93.06%, Err 90 (1.0e-05)
1089.343 .... 3962 packets received, 7453 bps, 93.16%, Err 91 (1.0e-05)
1092.012 .... 3965 packets received, 7440 bps, 93.00%, Err 92 (1.1e-05)
1094.404 .... 3977 packets received, 7447 bps, 93.08%, Err 92 (1.1e-05)
1096.522 .... 3983 packets received, 7443 bps, 93.04%, Err 92 (1.0e-05)
1098.639 .... 3989 packets received, 7440 bps, 93.00%, Err 93 (1.1e-05)
1100.750 .... 3997 packets received, 7441 bps, 93.01%, Err 93 (1.1e-05)
1102.880 .... 4005 packets received, 7441 bps, 93.02%, Err 93 (1.1e-05)
1105.008 .... 4013 packets received, 7442 bps, 93.02%, Err 94 (1.1e-05)
1107.106 .... 4020 packets received, 7441 bps, 93.01%, Err 94 (1.1e-05)
1109.234 .... 4028 packets received, 7441 bps, 93.01%, Err 94 (1.1e-05)
1112.417 .... 4036 packets received, 7435 bps, 92.93%, Err 95 (1.1e-05)
1114.560 .... 4047 packets received, 7441 bps, 93.01%, Err 95 (1.1e-05)
1116.658 .... 4055 packets received, 7441 bps, 93.02%, Err 95 (1.1e-05)
1118.772 .... 4063 packets received, 7442 bps, 93.02%, Err 95 (1.1e-05)
1120.899 .... 4071 packets received, 7442 bps, 93.03%, Err 95 (1.1e-05)
1123.028 .... 4079 packets received, 7443 bps, 93.03%, Err 95 (1.1e-05)
1125.142 .... 4087 packets received, 7443 bps, 93.04%, Err 95 (1.1e-05)
1127.286 .... 4095 packets received, 7444 bps, 93.05%, Err 95 (1.1e-05)
1129.384 .... 4103 packets received, 7444 bps, 93.05%, Err 95 (1.1e-05)
1131.497 .... 4111 packets received, 7445 bps, 93.06%, Err 95 (1.0e-05)
1133.642 .... 4119 packets received, 7445 bps, 93.07%, Err 95 (1.0e-05)
1135.749 .... 4127 packets received, 7446 bps, 93.07%, Err 95 (1.0e-05)
1137.862 .... 4135 packets received, 7447 bps, 93.08%, Err 96 (1.1e-05)
1140.005 .... 4143 packets received, 7447 bps, 93.09%, Err 96 (1.1e-05)
1142.117 .... 4151 packets received, 7447 bps, 93.09%, Err 96 (1.1e-05)
1144.245 .... 4159 packets received, 7448 bps, 93.10%, Err 96 (1.0e-05)
1146.371 .... 4167 packets received, 7448 bps, 93.11%, Err 97 (1.1e-05)
1148.497 .... 4174 packets received, 7447 bps, 93.09%, Err 98 (1.1e-05)
1150.610 .... 4182 packets received, 7448 bps, 93.10%, Err 98 (1.1e-05)
1152.720 .... 4190 packets received, 7448 bps, 93.10%, Err 98 (1.1e-05)
1154.830 .... 4198 packets received, 7449 bps, 93.11%, Err 98 (1.1e-05)
1156.945 .... 4206 packets received, 7449 bps, 93.12%, Err 98 (1.1e-05)
1159.074 .... 4214 packets received, 7450 bps, 93.12%, Err 98 (1.1e-05)
1161.199 .... 4221 packets received, 7449 bps, 93.11%, Err 99 (1.1e-05)
1163.316 .... 4229 packets received, 7449 bps, 93.11%, Err 99 (1.1e-05)
1165.429 .... 4237 packets received, 7450 bps, 93.12%, Err 99 (1.1e-05)
1167.819 .... 4242 packets received, 7443 bps, 93.04%, Err 100 (1.1e-05)
1169.948 .... 4253 packets received, 7449 bps, 93.11%, Err 101 (1.1e-05)
1172.074 .... 4261 packets received, 7449 bps, 93.12%, Err 102 (1.1e-05)
1174.202 .... 4268 packets received, 7448 bps, 93.10%, Err 103 (1.1e-05)
1176.315 .... 4275 packets received, 7447 bps, 93.09%, Err 103 (1.1e-05)
1178.456 .... 4283 packets received, 7447 bps, 93.09%, Err 103 (1.1e-05)
1180.552 .... 4291 packets received, 7448 bps, 93.10%, Err 103 (1.1e-05)
1182.680 .... 4299 packets received, 7448 bps, 93.10%, Err 103 (1.1e-05)
1184.807 .... 4307 packets received, 7449 bps, 93.11%, Err 103 (1.1e-05)
1186.903 .... 4315 packets received, 7449 bps, 93.12%, Err 103 (1.1e-05)
1189.046 .... 4323 packets received, 7450 bps, 93.12%, Err 103 (1.1e-05)
1191.142 .... 4331 packets received, 7450 bps, 93.13%, Err 103 (1.1e-05)
1193.269 .... 4339 packets received, 7451 bps, 93.14%, Err 103 (1.1e-05)
1195.397 .... 4347 packets received, 7451 bps, 93.14%, Err 103 (1.1e-05)
1197.524 .... 4355 packets received, 7452 bps, 93.15%, Err 103 (1.1e-05)
1199.622 .... 4362 packets received, 7451 bps, 93.13%, Err 104 (1.1e-05)
1200.021 Quit.
