000.000 =============================================================
000.000                     Station B                               
000.000 -------------------------------------------------------------
000.000 Protocol.lib, version 4.0, jiangyanjun0718@bupt.edu.cn
000.000 Channel: 8000 bps, 270 ms propagation delay, bit error rate 1.0E-05
000.000 Log file "fB.log", TCP port 30024, debug mask 0x00
000.000 Station B is connecting station A (TCP port 30024) ... Failed!
000.000 Station B is connecting station A (TCP port 30024) ... Done.
000.349 New epoch: Thu May 16 16:47:41 2019
000.349 =================================================================
000.349 
000.349 Designed by CJSoft, build: May 16 2019  15:57:30
002.752 .... 8 packets received, 7696 bps, 96.20%, Err 0 (0.0e+00)
005.470 .... 13 packets received, 5493 bps, 68.66%, Err 1 (2.4e-05)
007.604 .... 24 packets received, 7041 bps, 88.01%, Err 2 (3.5e-05)
009.731 .... 32 packets received, 7195 bps, 89.94%, Err 2 (2.7e-05)
011.857 .... 40 packets received, 7292 bps, 91.15%, Err 2 (2.2e-05)
014.008 .... 48 packets received, 7344 bps, 91.80%, Err 2 (1.8e-05)
016.131 .... 56 packets received, 7395 bps, 92.44%, Err 2 (1.6e-05)
018.225 .... 64 packets received, 7446 bps, 93.08%, Err 2 (1.4e-05)
020.354 .... 72 packets received, 7473 bps, 93.42%, Err 2 (1.3e-05)
022.471 .... 80 packets received, 7499 bps, 93.74%, Err 2 (1.1e-05)
024.598 .... 87 packets received, 7432 bps, 92.90%, Err 3 (1.5e-05)
026.715 .... 95 packets received, 7457 bps, 93.21%, Err 3 (1.4e-05)
028.840 .... 103 packets received, 7476 bps, 93.45%, Err 3 (1.3e-05)
030.960 .... 111 packets received, 7493 bps, 93.67%, Err 3 (1.2e-05)
034.689 .... 114 packets received, 6854 bps, 85.67%, Err 5 (1.8e-05)
037.069 .... 126 packets received, 7080 bps, 88.51%, Err 5 (1.7e-05)
039.187 .... 132 packets received, 7010 bps, 87.63%, Err 5 (1.6e-05)
041.321 .... 138 packets received, 6944 bps, 86.81%, Err 5 (1.5e-05)
043.455 .... 144 packets received, 6885 bps, 86.07%, Err 5 (1.5e-05)
045.587 .... 151 packets received, 6878 bps, 85.97%, Err 5 (1.4e-05)
047.722 .... 157 packets received, 6827 bps, 85.34%, Err 5 (1.3e-05)
049.858 .... 163 packets received, 6780 bps, 84.75%, Err 5 (1.3e-05)
051.995 .... 170 packets received, 6777 bps, 84.72%, Err 5 (1.2e-05)
054.127 .... 176 packets received, 6737 bps, 84.21%, Err 5 (1.2e-05)
056.239 .... 182 packets received, 6702 bps, 83.77%, Err 5 (1.1e-05)
058.668 .... 189 packets received, 6668 bps, 83.36%, Err 6 (1.3e-05)
060.781 .... 195 packets received, 6639 bps, 82.98%, Err 6 (1.2e-05)
062.927 .... 203 packets received, 6673 bps, 83.41%, Err 6 (1.2e-05)
065.048 .... 211 packets received, 6707 bps, 83.84%, Err 6 (1.2e-05)
067.162 .... 219 packets received, 6741 bps, 84.26%, Err 7 (1.3e-05)
069.260 .... 226 packets received, 6743 bps, 84.29%, Err 7 (1.3e-05)
071.392 .... 234 packets received, 6772 bps, 84.65%, Err 7 (1.2e-05)
073.524 .... 242 packets received, 6798 bps, 84.98%, Err 7 (1.2e-05)
075.654 .... 250 packets received, 6824 bps, 85.30%, Err 7 (1.2e-05)
077.773 .... 258 packets received, 6849 bps, 85.61%, Err 7 (1.1e-05)
079.887 .... 266 packets received, 6873 bps, 85.91%, Err 7 (1.1e-05)
082.000 .... 274 packets received, 6896 bps, 86.20%, Err 7 (1.1e-05)
084.114 .... 282 packets received, 6917 bps, 86.47%, Err 7 (1.0e-05)
086.254 .... 290 packets received, 6936 bps, 86.70%, Err 7 (1.0e-05)
088.367 .... 298 packets received, 6956 bps, 86.94%, Err 7 (9.9e-06)
090.483 .... 306 packets received, 6974 bps, 87.18%, Err 7 (9.7e-06)
092.625 .... 314 packets received, 6990 bps, 87.37%, Err 7 (9.5e-06)
094.756 .... 322 packets received, 7006 bps, 87.57%, Err 7 (9.3e-06)
096.858 .... 330 packets received, 7023 bps, 87.79%, Err 7 (9.1e-06)
098.972 .... 338 packets received, 7038 bps, 87.98%, Err 7 (8.9e-06)
101.100 .... 346 packets received, 7052 bps, 88.16%, Err 7 (8.7e-06)
104.271 .... 354 packets received, 6995 bps, 87.43%, Err 8 (9.6e-06)
106.399 .... 365 packets received, 7067 bps, 88.34%, Err 8 (9.4e-06)
108.497 .... 373 packets received, 7081 bps, 88.52%, Err 8 (9.2e-06)
110.626 .... 381 packets received, 7093 bps, 88.67%, Err 8 (9.1e-06)
112.770 .... 389 packets received, 7104 bps, 88.80%, Err 8 (8.9e-06)
114.899 .... 397 packets received, 7115 bps, 88.94%, Err 8 (8.7e-06)
116.994 .... 405 packets received, 7128 bps, 89.09%, Err 8 (8.6e-06)
119.108 .... 413 packets received, 7139 bps, 89.23%, Err 8 (8.4e-06)
121.236 .... 421 packets received, 7149 bps, 89.36%, Err 8 (8.3e-06)
123.367 .... 429 packets received, 7158 bps, 89.47%, Err 8 (8.1e-06)
125.481 .... 436 packets received, 7152 bps, 89.39%, Err 9 (9.0e-06)
127.610 .... 444 packets received, 7161 bps, 89.51%, Err 9 (8.8e-06)
130.796 .... 452 packets received, 7111 bps, 88.89%, Err 11 (1.1e-05)
132.910 .... 463 packets received, 7168 bps, 89.60%, Err 11 (1.0e-05)
135.542 .... 468 packets received, 7104 bps, 88.80%, Err 12 (1.1e-05)
137.670 .... 480 packets received, 7173 bps, 89.66%, Err 12 (1.1e-05)
139.813 .... 488 packets received, 7180 bps, 89.75%, Err 12 (1.1e-05)
141.927 .... 495 packets received, 7174 bps, 89.68%, Err 13 (1.1e-05)
144.042 .... 503 packets received, 7183 bps, 89.78%, Err 14 (1.2e-05)
146.169 .... 510 packets received, 7176 bps, 89.70%, Err 14 (1.2e-05)
148.301 .... 518 packets received, 7184 bps, 89.80%, Err 14 (1.2e-05)
150.414 .... 526 packets received, 7192 bps, 89.90%, Err 15 (1.2e-05)
152.542 .... 534 packets received, 7199 bps, 89.98%, Err 15 (1.2e-05)
154.656 .... 542 packets received, 7206 bps, 90.08%, Err 15 (1.2e-05)
156.785 .... 550 packets received, 7213 bps, 90.16%, Err 15 (1.2e-05)
158.919 .... 557 packets received, 7206 bps, 90.08%, Err 16 (1.3e-05)
161.035 .... 565 packets received, 7213 bps, 90.17%, Err 16 (1.2e-05)
163.153 .... 573 packets received, 7220 bps, 90.25%, Err 16 (1.2e-05)
165.254 .... 581 packets received, 7228 bps, 90.35%, Err 16 (1.2e-05)
167.399 .... 589 packets received, 7233 bps, 90.41%, Err 16 (1.2e-05)
169.498 .... 597 packets received, 7240 bps, 90.50%, Err 16 (1.2e-05)
172.687 .... 605 packets received, 7201 bps, 90.01%, Err 17 (1.2e-05)
174.831 .... 616 packets received, 7242 bps, 90.52%, Err 17 (1.2e-05)
176.946 .... 623 packets received, 7236 bps, 90.45%, Err 18 (1.3e-05)
179.060 .... 631 packets received, 7242 bps, 90.53%, Err 18 (1.3e-05)
181.161 .... 639 packets received, 7249 bps, 90.61%, Err 18 (1.2e-05)
183.290 .... 647 packets received, 7254 bps, 90.67%, Err 18 (1.2e-05)
185.434 .... 655 packets received, 7258 bps, 90.73%, Err 18 (1.2e-05)
187.806 .... 660 packets received, 7221 bps, 90.26%, Err 19 (1.3e-05)
189.948 .... 671 packets received, 7258 bps, 90.73%, Err 19 (1.3e-05)
192.057 .... 679 packets received, 7264 bps, 90.80%, Err 19 (1.2e-05)
194.170 .... 687 packets received, 7269 bps, 90.87%, Err 19 (1.2e-05)
196.287 .... 695 packets received, 7275 bps, 90.93%, Err 19 (1.2e-05)
198.403 .... 703 packets received, 7280 bps, 90.99%, Err 20 (1.3e-05)
200.546 .... 711 packets received, 7283 bps, 91.04%, Err 20 (1.2e-05)
202.649 .... 719 packets received, 7289 bps, 91.11%, Err 20 (1.2e-05)
204.768 .... 727 packets received, 7293 bps, 91.17%, Err 20 (1.2e-05)
206.898 .... 735 packets received, 7297 bps, 91.22%, Err 20 (1.2e-05)
209.015 .... 743 packets received, 7302 bps, 91.27%, Err 20 (1.2e-05)
211.162 .... 751 packets received, 7305 bps, 91.32%, Err 20 (1.2e-05)
213.272 .... 759 packets received, 7310 bps, 91.37%, Err 20 (1.2e-05)
215.381 .... 767 packets received, 7314 bps, 91.43%, Err 20 (1.2e-05)
217.504 .... 775 packets received, 7318 bps, 91.48%, Err 20 (1.2e-05)
219.625 .... 783 packets received, 7322 bps, 91.53%, Err 20 (1.1e-05)
222.262 .... 789 packets received, 7291 bps, 91.13%, Err 21 (1.2e-05)
225.190 .... 799 packets received, 7287 bps, 91.08%, Err 22 (1.2e-05)
227.305 .... 810 packets received, 7318 bps, 91.48%, Err 22 (1.2e-05)
229.456 .... 818 packets received, 7321 bps, 91.51%, Err 22 (1.2e-05)
231.556 .... 826 packets received, 7325 bps, 91.57%, Err 22 (1.2e-05)
233.682 .... 834 packets received, 7329 bps, 91.61%, Err 22 (1.2e-05)
235.815 .... 842 packets received, 7332 bps, 91.65%, Err 22 (1.2e-05)
238.713 .... 849 packets received, 7303 bps, 91.29%, Err 23 (1.2e-05)
240.847 .... 860 packets received, 7332 bps, 91.65%, Err 23 (1.2e-05)
242.961 .... 868 packets received, 7335 bps, 91.69%, Err 23 (1.2e-05)
245.076 .... 876 packets received, 7339 bps, 91.74%, Err 23 (1.2e-05)
247.223 .... 884 packets received, 7342 bps, 91.77%, Err 23 (1.2e-05)
249.324 .... 892 packets received, 7345 bps, 91.82%, Err 23 (1.2e-05)
251.427 .... 899 packets received, 7341 bps, 91.76%, Err 24 (1.2e-05)
253.560 .... 907 packets received, 7344 bps, 91.80%, Err 24 (1.2e-05)
255.692 .... 915 packets received, 7347 bps, 91.83%, Err 24 (1.2e-05)
257.810 .... 923 packets received, 7350 bps, 91.87%, Err 24 (1.2e-05)
259.938 .... 931 packets received, 7353 bps, 91.91%, Err 24 (1.2e-05)
262.054 .... 939 packets received, 7356 bps, 91.95%, Err 24 (1.1e-05)
264.181 .... 947 packets received, 7359 bps, 91.98%, Err 24 (1.1e-05)
266.299 .... 955 packets received, 7362 bps, 92.02%, Err 24 (1.1e-05)
268.414 .... 963 packets received, 7365 bps, 92.06%, Err 24 (1.1e-05)
270.529 .... 971 packets received, 7368 bps, 92.10%, Err 24 (1.1e-05)
272.642 .... 979 packets received, 7371 bps, 92.13%, Err 24 (1.1e-05)
274.772 .... 987 packets received, 7373 bps, 92.17%, Err 24 (1.1e-05)
276.900 .... 995 packets received, 7376 bps, 92.20%, Err 24 (1.1e-05)
279.012 .... 1003 packets received, 7379 bps, 92.23%, Err 24 (1.1e-05)
281.142 .... 1011 packets received, 7381 bps, 92.26%, Err 24 (1.1e-05)
283.500 .... 1016 packets received, 7356 bps, 91.95%, Err 25 (1.1e-05)
285.630 .... 1027 packets received, 7380 bps, 92.25%, Err 25 (1.1e-05)
287.754 .... 1035 packets received, 7382 bps, 92.28%, Err 25 (1.1e-05)
289.887 .... 1042 packets received, 7377 bps, 92.22%, Err 26 (1.1e-05)
292.012 .... 1050 packets received, 7380 bps, 92.25%, Err 26 (1.1e-05)
294.099 .... 1058 packets received, 7383 bps, 92.29%, Err 26 (1.1e-05)
296.245 .... 1066 packets received, 7385 bps, 92.31%, Err 26 (1.1e-05)
298.361 .... 1074 packets received, 7388 bps, 92.34%, Err 26 (1.1e-05)
300.474 .... 1082 packets received, 7390 bps, 92.38%, Err 26 (1.1e-05)
302.601 .... 1090 packets received, 7392 bps, 92.40%, Err 26 (1.1e-05)
304.713 .... 1098 packets received, 7395 bps, 92.44%, Err 26 (1.1e-05)
306.846 .... 1106 packets received, 7397 bps, 92.46%, Err 26 (1.1e-05)
308.962 .... 1113 packets received, 7393 bps, 92.41%, Err 27 (1.1e-05)
311.093 .... 1121 packets received, 7395 bps, 92.43%, Err 27 (1.1e-05)
313.225 .... 1129 packets received, 7397 bps, 92.46%, Err 27 (1.1e-05)
315.338 .... 1137 packets received, 7399 bps, 92.49%, Err 27 (1.1e-05)
317.450 .... 1145 packets received, 7401 bps, 92.52%, Err 27 (1.1e-05)
319.577 .... 1153 packets received, 7403 bps, 92.54%, Err 27 (1.1e-05)
321.689 .... 1161 packets received, 7406 bps, 92.57%, Err 27 (1.1e-05)
323.818 .... 1169 packets received, 7408 bps, 92.60%, Err 27 (1.0e-05)
325.937 .... 1177 packets received, 7410 bps, 92.62%, Err 27 (1.0e-05)
328.050 .... 1185 packets received, 7412 bps, 92.65%, Err 27 (1.0e-05)
330.180 .... 1193 packets received, 7414 bps, 92.67%, Err 27 (1.0e-05)
332.293 .... 1201 packets received, 7416 bps, 92.70%, Err 27 (1.0e-05)
334.411 .... 1209 packets received, 7418 bps, 92.72%, Err 27 (1.0e-05)
336.516 .... 1217 packets received, 7420 bps, 92.75%, Err 27 (1.0e-05)
338.653 .... 1225 packets received, 7422 bps, 92.77%, Err 27 (1.0e-05)
340.763 .... 1233 packets received, 7424 bps, 92.80%, Err 27 (9.9e-06)
342.901 .... 1241 packets received, 7425 bps, 92.82%, Err 27 (9.9e-06)
345.019 .... 1249 packets received, 7427 bps, 92.84%, Err 27 (9.8e-06)
347.138 .... 1257 packets received, 7429 bps, 92.87%, Err 27 (9.7e-06)
349.253 .... 1265 packets received, 7431 bps, 92.89%, Err 27 (9.7e-06)
351.393 .... 1273 packets received, 7433 bps, 92.91%, Err 27 (9.6e-06)
353.519 .... 1281 packets received, 7434 bps, 92.93%, Err 27 (9.6e-06)
355.616 .... 1289 packets received, 7436 bps, 92.96%, Err 27 (9.5e-06)
357.744 .... 1297 packets received, 7438 bps, 92.97%, Err 27 (9.4e-06)
359.876 .... 1305 packets received, 7439 bps, 92.99%, Err 27 (9.4e-06)
361.994 .... 1313 packets received, 7441 bps, 93.01%, Err 27 (9.3e-06)
364.113 .... 1321 packets received, 7443 bps, 93.04%, Err 28 (9.6e-06)
366.229 .... 1328 packets received, 7439 bps, 92.99%, Err 28 (9.6e-06)
368.376 .... 1336 packets received, 7440 bps, 93.00%, Err 28 (9.5e-06)
370.476 .... 1344 packets received, 7442 bps, 93.03%, Err 28 (9.5e-06)
372.605 .... 1352 packets received, 7444 bps, 93.05%, Err 28 (9.4e-06)
374.987 .... 1357 packets received, 7424 bps, 92.80%, Err 30 (1.0e-05)
377.117 .... 1367 packets received, 7436 bps, 92.95%, Err 30 (1.0e-05)
379.230 .... 1375 packets received, 7438 bps, 92.97%, Err 30 (9.9e-06)
381.341 .... 1382 packets received, 7434 bps, 92.93%, Err 31 (1.0e-05)
383.467 .... 1390 packets received, 7436 bps, 92.95%, Err 31 (1.0e-05)
385.589 .... 1398 packets received, 7437 bps, 92.97%, Err 31 (1.0e-05)
387.723 .... 1406 packets received, 7439 bps, 92.98%, Err 31 (1.0e-05)
389.837 .... 1414 packets received, 7440 bps, 93.00%, Err 31 (9.9e-06)
391.947 .... 1418 packets received, 7421 bps, 92.76%, Err 32 (1.0e-05)
394.077 .... 1429 packets received, 7438 bps, 92.98%, Err 32 (1.0e-05)
396.188 .... 1437 packets received, 7440 bps, 93.00%, Err 32 (1.0e-05)
398.321 .... 1445 packets received, 7441 bps, 93.02%, Err 32 (1.0e-05)
400.436 .... 1453 packets received, 7443 bps, 93.04%, Err 32 (1.0e-05)
402.554 .... 1461 packets received, 7444 bps, 93.05%, Err 32 (9.9e-06)
404.678 .... 1465 packets received, 7426 bps, 92.82%, Err 33 (1.0e-05)
406.799 .... 1476 packets received, 7442 bps, 93.03%, Err 33 (1.0e-05)
408.939 .... 1484 packets received, 7443 bps, 93.04%, Err 33 (1.0e-05)
411.078 .... 1492 packets received, 7444 bps, 93.06%, Err 33 (1.0e-05)
413.196 .... 1499 packets received, 7441 bps, 93.01%, Err 34 (1.0e-05)
415.331 .... 1507 packets received, 7442 bps, 93.03%, Err 34 (1.0e-05)
417.472 .... 1515 packets received, 7443 bps, 93.04%, Err 34 (1.0e-05)
419.579 .... 1523 packets received, 7445 bps, 93.06%, Err 34 (1.0e-05)
421.691 .... 1531 packets received, 7447 bps, 93.08%, Err 34 (1.0e-05)
423.819 .... 1539 packets received, 7448 bps, 93.10%, Err 34 (1.0e-05)
425.921 .... 1547 packets received, 7449 bps, 93.12%, Err 34 (1.0e-05)
428.066 .... 1554 packets received, 7446 bps, 93.07%, Err 35 (1.0e-05)
430.981 .... 1561 packets received, 7429 bps, 92.86%, Err 36 (1.0e-05)
433.097 .... 1572 packets received, 7444 bps, 93.05%, Err 36 (1.0e-05)
435.208 .... 1580 packets received, 7446 bps, 93.07%, Err 36 (1.0e-05)
437.335 .... 1588 packets received, 7447 bps, 93.09%, Err 36 (1.0e-05)
439.479 .... 1596 packets received, 7448 bps, 93.10%, Err 36 (1.0e-05)
441.565 .... 1604 packets received, 7450 bps, 93.12%, Err 36 (1.0e-05)
443.698 .... 1612 packets received, 7451 bps, 93.14%, Err 36 (1.0e-05)
445.831 .... 1620 packets received, 7452 bps, 93.15%, Err 37 (1.0e-05)
447.934 .... 1627 packets received, 7449 bps, 93.11%, Err 37 (1.0e-05)
450.066 .... 1635 packets received, 7450 bps, 93.13%, Err 37 (1.0e-05)
452.183 .... 1643 packets received, 7452 bps, 93.15%, Err 37 (1.0e-05)
454.302 .... 1651 packets received, 7453 bps, 93.16%, Err 37 (1.0e-05)
456.404 .... 1659 packets received, 7455 bps, 93.18%, Err 37 (1.0e-05)
458.538 .... 1667 packets received, 7456 bps, 93.19%, Err 37 (1.0e-05)
460.671 .... 1675 packets received, 7457 bps, 93.21%, Err 37 (1.0e-05)
462.788 .... 1683 packets received, 7458 bps, 93.22%, Err 37 (1.0e-05)
464.905 .... 1691 packets received, 7459 bps, 93.24%, Err 37 (1.0e-05)
467.047 .... 1699 packets received, 7460 bps, 93.25%, Err 38 (1.0e-05)
469.161 .... 1707 packets received, 7461 bps, 93.27%, Err 38 (1.0e-05)
471.300 .... 1715 packets received, 7462 bps, 93.28%, Err 38 (1.0e-05)
473.432 .... 1723 packets received, 7463 bps, 93.29%, Err 38 (1.0e-05)
475.562 .... 1731 packets received, 7464 bps, 93.30%, Err 38 (1.0e-05)
477.710 .... 1739 packets received, 7465 bps, 93.31%, Err 38 (1.0e-05)
479.816 .... 1747 packets received, 7466 bps, 93.33%, Err 38 (9.9e-06)
481.987 .... 1755 packets received, 7467 bps, 93.33%, Err 38 (9.9e-06)
484.097 .... 1763 packets received, 7468 bps, 93.35%, Err 38 (9.8e-06)
486.228 .... 1771 packets received, 7469 bps, 93.36%, Err 38 (9.8e-06)
488.346 .... 1779 packets received, 7470 bps, 93.38%, Err 38 (9.7e-06)
490.492 .... 1787 packets received, 7471 bps, 93.39%, Err 38 (9.7e-06)
492.650 .... 1795 packets received, 7471 bps, 93.39%, Err 38 (9.6e-06)
494.758 .... 1803 packets received, 7473 bps, 93.41%, Err 38 (9.6e-06)
496.904 .... 1811 packets received, 7473 bps, 93.42%, Err 38 (9.6e-06)
499.033 .... 1814 packets received, 7454 bps, 93.17%, Err 40 (1.0e-05)
501.705 .... 1824 packets received, 7455 bps, 93.19%, Err 40 (1.0e-05)
503.819 .... 1830 packets received, 7448 bps, 93.10%, Err 40 (9.9e-06)
506.760 .... 1835 packets received, 7425 bps, 92.81%, Err 41 (1.0e-05)
508.887 .... 1845 packets received, 7434 bps, 92.93%, Err 41 (1.0e-05)
511.031 .... 1853 packets received, 7435 bps, 92.94%, Err 41 (1.0e-05)
513.159 .... 1861 packets received, 7436 bps, 92.95%, Err 41 (1.0e-05)
515.548 .... 1866 packets received, 7422 bps, 92.77%, Err 42 (1.0e-05)
517.720 .... 1877 packets received, 7434 bps, 92.92%, Err 42 (1.0e-05)
519.829 .... 1885 packets received, 7435 bps, 92.94%, Err 42 (1.0e-05)
521.957 .... 1893 packets received, 7436 bps, 92.96%, Err 42 (1.0e-05)
524.084 .... 1901 packets received, 7438 bps, 92.97%, Err 42 (1.0e-05)
526.214 .... 1909 packets received, 7439 bps, 92.98%, Err 42 (1.0e-05)
528.343 .... 1917 packets received, 7440 bps, 92.99%, Err 42 (9.9e-06)
530.487 .... 1925 packets received, 7440 bps, 93.00%, Err 42 (9.9e-06)
532.601 .... 1933 packets received, 7442 bps, 93.02%, Err 42 (9.9e-06)
534.728 .... 1941 packets received, 7443 bps, 93.03%, Err 42 (9.8e-06)
536.839 .... 1949 packets received, 7444 bps, 93.05%, Err 43 (1.0e-05)
538.969 .... 1956 packets received, 7441 bps, 93.01%, Err 43 (1.0e-05)
541.333 .... 1961 packets received, 7428 bps, 92.84%, Err 44 (1.0e-05)
543.476 .... 1972 packets received, 7440 bps, 93.00%, Err 44 (1.0e-05)
545.603 .... 1980 packets received, 7441 bps, 93.01%, Err 44 (1.0e-05)
547.731 .... 1984 packets received, 7427 bps, 92.83%, Err 45 (1.0e-05)
549.861 .... 1994 packets received, 7435 bps, 92.94%, Err 46 (1.0e-05)
551.960 .... 2002 packets received, 7437 bps, 92.96%, Err 46 (1.0e-05)
554.074 .... 2010 packets received, 7438 bps, 92.97%, Err 46 (1.0e-05)
556.187 .... 2018 packets received, 7439 bps, 92.99%, Err 46 (1.0e-05)
558.330 .... 2026 packets received, 7440 bps, 93.00%, Err 46 (1.0e-05)
560.442 .... 2034 packets received, 7441 bps, 93.01%, Err 46 (1.0e-05)
562.570 .... 2042 packets received, 7442 bps, 93.03%, Err 46 (1.0e-05)
564.669 .... 2050 packets received, 7443 bps, 93.04%, Err 46 (1.0e-05)
566.812 .... 2058 packets received, 7444 bps, 93.05%, Err 46 (1.0e-05)
568.927 .... 2066 packets received, 7445 bps, 93.07%, Err 46 (1.0e-05)
571.055 .... 2074 packets received, 7446 bps, 93.08%, Err 46 (1.0e-05)
573.153 .... 2082 packets received, 7448 bps, 93.09%, Err 47 (1.0e-05)
575.281 .... 2090 packets received, 7448 bps, 93.11%, Err 47 (1.0e-05)
577.410 .... 2098 packets received, 7449 bps, 93.12%, Err 47 (1.0e-05)
579.507 .... 2106 packets received, 7451 bps, 93.13%, Err 47 (1.0e-05)
581.665 .... 2114 packets received, 7451 bps, 93.14%, Err 47 (1.0e-05)
583.779 .... 2122 packets received, 7452 bps, 93.15%, Err 47 (1.0e-05)
585.878 .... 2130 packets received, 7454 bps, 93.17%, Err 47 (1.0e-05)
587.991 .... 2138 packets received, 7455 bps, 93.18%, Err 47 (1.0e-05)
590.120 .... 2146 packets received, 7456 bps, 93.19%, Err 47 (1.0e-05)
592.249 .... 2154 packets received, 7456 bps, 93.20%, Err 47 (9.9e-06)
594.362 .... 2162 packets received, 7457 bps, 93.22%, Err 47 (9.9e-06)
596.505 .... 2169 packets received, 7455 bps, 93.18%, Err 48 (1.0e-05)
598.880 .... 2174 packets received, 7442 bps, 93.03%, Err 49 (1.0e-05)
601.012 .... 2185 packets received, 7453 bps, 93.17%, Err 49 (1.0e-05)
603.117 .... 2193 packets received, 7454 bps, 93.18%, Err 49 (1.0e-05)
605.247 .... 2201 packets received, 7455 bps, 93.19%, Err 49 (1.0e-05)
607.346 .... 2209 packets received, 7457 bps, 93.21%, Err 49 (1.0e-05)
609.475 .... 2217 packets received, 7457 bps, 93.22%, Err 49 (1.0e-05)
611.611 .... 2225 packets received, 7458 bps, 93.23%, Err 49 (1.0e-05)
613.726 .... 2233 packets received, 7459 bps, 93.24%, Err 50 (1.0e-05)
616.376 .... 2238 packets received, 7444 bps, 93.05%, Err 51 (1.0e-05)
618.505 .... 2249 packets received, 7454 bps, 93.18%, Err 51 (1.0e-05)
620.625 .... 2257 packets received, 7455 bps, 93.19%, Err 51 (1.0e-05)
622.743 .... 2265 packets received, 7456 bps, 93.20%, Err 51 (1.0e-05)
624.859 .... 2273 packets received, 7457 bps, 93.22%, Err 51 (1.0e-05)
626.977 .... 2281 packets received, 7458 bps, 93.23%, Err 51 (1.0e-05)
629.110 .... 2289 packets received, 7459 bps, 93.24%, Err 51 (1.0e-05)
632.040 .... 2296 packets received, 7447 bps, 93.09%, Err 52 (1.0e-05)
634.143 .... 2307 packets received, 7458 bps, 93.22%, Err 52 (1.0e-05)
636.275 .... 2315 packets received, 7459 bps, 93.23%, Err 52 (1.0e-05)
638.393 .... 2323 packets received, 7460 bps, 93.24%, Err 52 (1.0e-05)
640.510 .... 2331 packets received, 7461 bps, 93.26%, Err 52 (1.0e-05)
642.643 .... 2339 packets received, 7461 bps, 93.27%, Err 52 (1.0e-05)
644.763 .... 2343 packets received, 7449 bps, 93.12%, Err 53 (1.0e-05)
646.880 .... 2353 packets received, 7457 bps, 93.21%, Err 54 (1.0e-05)
648.998 .... 2361 packets received, 7458 bps, 93.22%, Err 54 (1.0e-05)
651.131 .... 2369 packets received, 7458 bps, 93.23%, Err 54 (1.0e-05)
653.234 .... 2377 packets received, 7459 bps, 93.24%, Err 55 (1.1e-05)
655.918 .... 2380 packets received, 7438 bps, 92.98%, Err 56 (1.1e-05)
658.280 .... 2392 packets received, 7449 bps, 93.11%, Err 56 (1.1e-05)
660.414 .... 2398 packets received, 7443 bps, 93.04%, Err 56 (1.1e-05)
662.529 .... 2404 packets received, 7438 bps, 92.98%, Err 56 (1.1e-05)
664.646 .... 2410 packets received, 7433 bps, 92.91%, Err 56 (1.1e-05)
666.779 .... 2416 packets received, 7428 bps, 92.85%, Err 56 (1.1e-05)
668.896 .... 2422 packets received, 7422 bps, 92.78%, Err 56 (1.0e-05)
671.014 .... 2428 packets received, 7417 bps, 92.72%, Err 56 (1.0e-05)
673.115 .... 2434 packets received, 7412 bps, 92.66%, Err 56 (1.0e-05)
675.248 .... 2440 packets received, 7407 bps, 92.59%, Err 56 (1.0e-05)
677.366 .... 2446 packets received, 7402 bps, 92.53%, Err 56 (1.0e-05)
679.484 .... 2452 packets received, 7397 bps, 92.47%, Err 56 (1.0e-05)
681.616 .... 2458 packets received, 7392 bps, 92.40%, Err 56 (1.0e-05)
683.748 .... 2464 packets received, 7387 bps, 92.34%, Err 57 (1.0e-05)
685.881 .... 2472 packets received, 7388 bps, 92.35%, Err 57 (1.0e-05)
687.983 .... 2480 packets received, 7389 bps, 92.36%, Err 57 (1.0e-05)
690.116 .... 2488 packets received, 7390 bps, 92.38%, Err 57 (1.0e-05)
692.217 .... 2496 packets received, 7391 bps, 92.39%, Err 57 (1.0e-05)
694.349 .... 2504 packets received, 7392 bps, 92.40%, Err 57 (1.0e-05)
696.467 .... 2512 packets received, 7393 bps, 92.42%, Err 57 (1.0e-05)
698.582 .... 2520 packets received, 7394 bps, 92.43%, Err 57 (1.0e-05)
700.711 .... 2528 packets received, 7395 bps, 92.44%, Err 57 (1.0e-05)
702.826 .... 2536 packets received, 7396 bps, 92.45%, Err 57 (1.0e-05)
704.940 .... 2544 packets received, 7397 bps, 92.47%, Err 57 (1.0e-05)
707.055 .... 2552 packets received, 7398 bps, 92.48%, Err 57 (1.0e-05)
709.169 .... 2560 packets received, 7399 bps, 92.49%, Err 57 (1.0e-05)
711.295 .... 2568 packets received, 7400 bps, 92.51%, Err 57 (1.0e-05)
713.451 .... 2576 packets received, 7401 bps, 92.51%, Err 57 (1.0e-05)
715.565 .... 2583 packets received, 7399 bps, 92.49%, Err 58 (1.0e-05)
717.679 .... 2591 packets received, 7400 bps, 92.50%, Err 58 (1.0e-05)
719.793 .... 2599 packets received, 7401 bps, 92.52%, Err 58 (1.0e-05)
721.934 .... 2607 packets received, 7402 bps, 92.52%, Err 58 (1.0e-05)
724.064 .... 2615 packets received, 7403 bps, 92.54%, Err 58 (1.0e-05)
726.176 .... 2623 packets received, 7404 bps, 92.55%, Err 58 (1.0e-05)
728.289 .... 2631 packets received, 7405 bps, 92.56%, Err 58 (1.0e-05)
730.403 .... 2635 packets received, 7395 bps, 92.43%, Err 59 (1.0e-05)
732.517 .... 2646 packets received, 7404 bps, 92.55%, Err 59 (1.0e-05)
734.629 .... 2654 packets received, 7405 bps, 92.56%, Err 59 (1.0e-05)
736.774 .... 2662 packets received, 7406 bps, 92.57%, Err 59 (1.0e-05)
738.889 .... 2670 packets received, 7407 bps, 92.58%, Err 59 (1.0e-05)
741.015 .... 2678 packets received, 7408 bps, 92.60%, Err 59 (1.0e-05)
743.131 .... 2686 packets received, 7409 bps, 92.61%, Err 59 (9.9e-06)
745.229 .... 2694 packets received, 7410 bps, 92.62%, Err 59 (9.9e-06)
747.373 .... 2702 packets received, 7410 bps, 92.63%, Err 59 (9.9e-06)
749.502 .... 2710 packets received, 7411 bps, 92.64%, Err 59 (9.8e-06)
751.620 .... 2718 packets received, 7412 bps, 92.65%, Err 59 (9.8e-06)
753.737 .... 2726 packets received, 7413 bps, 92.66%, Err 59 (9.8e-06)
755.869 .... 2734 packets received, 7414 bps, 92.67%, Err 59 (9.8e-06)
758.000 .... 2742 packets received, 7415 bps, 92.68%, Err 59 (9.7e-06)
760.116 .... 2750 packets received, 7415 bps, 92.69%, Err 59 (9.7e-06)
762.235 .... 2758 packets received, 7416 bps, 92.70%, Err 59 (9.7e-06)
764.351 .... 2766 packets received, 7417 bps, 92.72%, Err 59 (9.7e-06)
766.465 .... 2774 packets received, 7418 bps, 92.73%, Err 59 (9.6e-06)
768.577 .... 2782 packets received, 7419 bps, 92.74%, Err 59 (9.6e-06)
770.690 .... 2790 packets received, 7420 bps, 92.75%, Err 59 (9.6e-06)
772.835 .... 2797 packets received, 7418 bps, 92.72%, Err 60 (9.7e-06)
774.946 .... 2805 packets received, 7419 bps, 92.74%, Err 60 (9.7e-06)
777.073 .... 2813 packets received, 7420 bps, 92.75%, Err 60 (9.7e-06)
779.187 .... 2821 packets received, 7421 bps, 92.76%, Err 60 (9.6e-06)
781.315 .... 2829 packets received, 7421 bps, 92.77%, Err 60 (9.6e-06)
783.427 .... 2836 packets received, 7420 bps, 92.75%, Err 61 (9.7e-06)
785.540 .... 2844 packets received, 7421 bps, 92.76%, Err 61 (9.7e-06)
787.668 .... 2852 packets received, 7421 bps, 92.77%, Err 61 (9.7e-06)
789.782 .... 2860 packets received, 7422 bps, 92.78%, Err 61 (9.7e-06)
791.910 .... 2868 packets received, 7423 bps, 92.79%, Err 61 (9.6e-06)
794.036 .... 2876 packets received, 7424 bps, 92.80%, Err 61 (9.6e-06)
796.177 .... 2884 packets received, 7424 bps, 92.80%, Err 61 (9.6e-06)
798.292 .... 2892 packets received, 7425 bps, 92.81%, Err 61 (9.6e-06)
800.406 .... 2900 packets received, 7426 bps, 92.83%, Err 61 (9.5e-06)
802.505 .... 2908 packets received, 7427 bps, 92.84%, Err 61 (9.5e-06)
804.652 .... 2916 packets received, 7428 bps, 92.84%, Err 61 (9.5e-06)
806.752 .... 2920 packets received, 7418 bps, 92.73%, Err 62 (9.6e-06)
808.883 .... 2931 packets received, 7427 bps, 92.83%, Err 62 (9.6e-06)
810.986 .... 2939 packets received, 7428 bps, 92.85%, Err 62 (9.6e-06)
814.450 .... 2941 packets received, 7401 bps, 92.51%, Err 65 (1.0e-05)
817.383 .... 2952 packets received, 7402 bps, 92.53%, Err 65 (9.9e-06)
819.495 .... 2960 packets received, 7403 bps, 92.54%, Err 65 (9.9e-06)
821.627 .... 2968 packets received, 7404 bps, 92.55%, Err 65 (9.9e-06)
823.758 .... 2976 packets received, 7404 bps, 92.56%, Err 65 (9.9e-06)
825.874 .... 2984 packets received, 7405 bps, 92.57%, Err 65 (9.8e-06)
827.976 .... 2992 packets received, 7406 bps, 92.58%, Err 65 (9.8e-06)
830.123 .... 3000 packets received, 7407 bps, 92.59%, Err 65 (9.8e-06)
832.239 .... 3008 packets received, 7408 bps, 92.60%, Err 65 (9.8e-06)
834.371 .... 3015 packets received, 7406 bps, 92.57%, Err 66 (9.9e-06)
836.488 .... 3023 packets received, 7407 bps, 92.59%, Err 66 (9.9e-06)
838.605 .... 3031 packets received, 7408 bps, 92.60%, Err 66 (9.8e-06)
840.722 .... 3039 packets received, 7408 bps, 92.61%, Err 66 (9.8e-06)
842.838 .... 3047 packets received, 7409 bps, 92.62%, Err 66 (9.8e-06)
844.971 .... 3055 packets received, 7410 bps, 92.63%, Err 66 (9.8e-06)
847.089 .... 3063 packets received, 7411 bps, 92.64%, Err 66 (9.7e-06)
849.207 .... 3071 packets received, 7412 bps, 92.65%, Err 66 (9.7e-06)
851.324 .... 3078 packets received, 7410 bps, 92.63%, Err 67 (9.8e-06)
853.471 .... 3086 packets received, 7411 bps, 92.63%, Err 67 (9.8e-06)
856.663 .... 3094 packets received, 7402 bps, 92.53%, Err 68 (9.9e-06)
858.764 .... 3105 packets received, 7410 bps, 92.63%, Err 68 (9.9e-06)
860.896 .... 3113 packets received, 7411 bps, 92.64%, Err 68 (9.9e-06)
863.029 .... 3121 packets received, 7412 bps, 92.64%, Err 68 (9.9e-06)
865.145 .... 3128 packets received, 7410 bps, 92.63%, Err 69 (1.0e-05)
867.261 .... 3136 packets received, 7411 bps, 92.64%, Err 69 (9.9e-06)
869.380 .... 3143 packets received, 7409 bps, 92.62%, Err 70 (1.0e-05)
871.513 .... 3151 packets received, 7410 bps, 92.62%, Err 70 (1.0e-05)
873.614 .... 3159 packets received, 7411 bps, 92.64%, Err 70 (1.0e-05)
875.733 .... 3163 packets received, 7402 bps, 92.53%, Err 71 (1.0e-05)
877.850 .... 3174 packets received, 7410 bps, 92.63%, Err 71 (1.0e-05)
879.997 .... 3182 packets received, 7411 bps, 92.63%, Err 71 (1.0e-05)
882.113 .... 3190 packets received, 7411 bps, 92.64%, Err 71 (1.0e-05)
884.232 .... 3198 packets received, 7412 bps, 92.65%, Err 71 (1.0e-05)
886.365 .... 3206 packets received, 7413 bps, 92.66%, Err 71 (1.0e-05)
888.476 .... 3214 packets received, 7414 bps, 92.67%, Err 71 (1.0e-05)
890.590 .... 3222 packets received, 7414 bps, 92.68%, Err 71 (1.0e-05)
892.722 .... 3230 packets received, 7415 bps, 92.69%, Err 71 (9.9e-06)
895.117 .... 3235 packets received, 7407 bps, 92.58%, Err 72 (1.0e-05)
897.234 .... 3246 packets received, 7414 bps, 92.68%, Err 72 (1.0e-05)
899.335 .... 3254 packets received, 7415 bps, 92.69%, Err 72 (1.0e-05)
901.448 .... 3262 packets received, 7416 bps, 92.70%, Err 72 (1.0e-05)
903.576 .... 3270 packets received, 7417 bps, 92.71%, Err 72 (1.0e-05)
905.703 .... 3278 packets received, 7417 bps, 92.72%, Err 72 (9.9e-06)
907.816 .... 3286 packets received, 7418 bps, 92.73%, Err 73 (1.0e-05)
909.929 .... 3293 packets received, 7417 bps, 92.71%, Err 73 (1.0e-05)
912.073 .... 3301 packets received, 7417 bps, 92.72%, Err 73 (1.0e-05)
914.168 .... 3309 packets received, 7418 bps, 92.73%, Err 73 (1.0e-05)
916.311 .... 3317 packets received, 7419 bps, 92.73%, Err 73 (1.0e-05)
918.440 .... 3325 packets received, 7419 bps, 92.74%, Err 73 (9.9e-06)
920.538 .... 3333 packets received, 7420 bps, 92.75%, Err 73 (9.9e-06)
922.665 .... 3341 packets received, 7421 bps, 92.76%, Err 73 (9.9e-06)
924.792 .... 3349 packets received, 7422 bps, 92.77%, Err 73 (9.9e-06)
926.905 .... 3357 packets received, 7422 bps, 92.78%, Err 73 (9.8e-06)
929.018 .... 3365 packets received, 7423 bps, 92.79%, Err 73 (9.8e-06)
931.146 .... 3373 packets received, 7424 bps, 92.80%, Err 73 (9.8e-06)
933.274 .... 3381 packets received, 7424 bps, 92.80%, Err 73 (9.8e-06)
935.648 .... 3386 packets received, 7416 bps, 92.71%, Err 75 (1.0e-05)
937.774 .... 3396 packets received, 7421 bps, 92.77%, Err 75 (1.0e-05)
939.902 .... 3404 packets received, 7422 bps, 92.78%, Err 75 (1.0e-05)
942.015 .... 3412 packets received, 7423 bps, 92.79%, Err 75 (1.0e-05)
944.143 .... 3420 packets received, 7423 bps, 92.79%, Err 75 (9.9e-06)
946.285 .... 3428 packets received, 7424 bps, 92.80%, Err 75 (9.9e-06)
948.905 .... 3434 packets received, 7416 bps, 92.70%, Err 76 (1.0e-05)
951.017 .... 3445 packets received, 7424 bps, 92.80%, Err 76 (1.0e-05)
953.162 .... 3453 packets received, 7424 bps, 92.80%, Err 76 (1.0e-05)
955.275 .... 3461 packets received, 7425 bps, 92.81%, Err 76 (9.9e-06)
957.419 .... 3469 packets received, 7425 bps, 92.82%, Err 76 (9.9e-06)
959.532 .... 3477 packets received, 7426 bps, 92.83%, Err 76 (9.9e-06)
961.676 .... 3485 packets received, 7427 bps, 92.83%, Err 76 (9.9e-06)
963.790 .... 3493 packets received, 7427 bps, 92.84%, Err 76 (9.9e-06)
966.452 .... 3499 packets received, 7419 bps, 92.74%, Err 77 (1.0e-05)
968.533 .... 3510 packets received, 7427 bps, 92.84%, Err 77 (9.9e-06)
970.661 .... 3518 packets received, 7427 bps, 92.84%, Err 77 (9.9e-06)
972.774 .... 3526 packets received, 7428 bps, 92.85%, Err 77 (9.9e-06)
974.918 .... 3534 packets received, 7429 bps, 92.86%, Err 78 (1.0e-05)
977.552 .... 3536 packets received, 7413 bps, 92.66%, Err 79 (1.0e-05)
979.694 .... 3547 packets received, 7420 bps, 92.74%, Err 79 (1.0e-05)
981.792 .... 3553 packets received, 7416 bps, 92.70%, Err 79 (1.0e-05)
983.919 .... 3559 packets received, 7413 bps, 92.66%, Err 79 (1.0e-05)
986.033 .... 3565 packets received, 7409 bps, 92.62%, Err 79 (1.0e-05)
988.174 .... 3572 packets received, 7408 bps, 92.60%, Err 79 (1.0e-05)
990.316 .... 3578 packets received, 7404 bps, 92.55%, Err 79 (1.0e-05)
992.457 .... 3584 packets received, 7400 bps, 92.51%, Err 79 (1.0e-05)
994.830 .... 3591 packets received, 7397 bps, 92.47%, Err 79 (9.9e-06)
996.958 .... 3597 packets received, 7394 bps, 92.42%, Err 79 (9.9e-06)
999.087 .... 3604 packets received, 7392 bps, 92.40%, Err 79 (9.9e-06)
1001.219 .... 3607 packets received, 7383 bps, 92.28%, Err 80 (1.0e-05)
1004.148 .... 3615 packets received, 7378 bps, 92.22%, Err 81 (1.0e-05)
1006.278 .... 3627 packets received, 7386 bps, 92.33%, Err 81 (1.0e-05)
1008.396 .... 3635 packets received, 7387 bps, 92.34%, Err 81 (1.0e-05)
1010.528 .... 3643 packets received, 7388 bps, 92.35%, Err 81 (1.0e-05)
1012.644 .... 3651 packets received, 7388 bps, 92.36%, Err 81 (1.0e-05)
1014.776 .... 3659 packets received, 7389 bps, 92.36%, Err 82 (1.0e-05)
1016.894 .... 3666 packets received, 7388 bps, 92.35%, Err 83 (1.0e-05)
1019.548 .... 3669 packets received, 7375 bps, 92.18%, Err 85 (1.0e-05)
1021.680 .... 3680 packets received, 7381 bps, 92.27%, Err 85 (1.0e-05)
1023.828 .... 3686 packets received, 7378 bps, 92.22%, Err 85 (1.0e-05)
1025.930 .... 3692 packets received, 7375 bps, 92.18%, Err 85 (1.0e-05)
1028.078 .... 3698 packets received, 7371 bps, 92.14%, Err 85 (1.0e-05)
1030.482 .... 3705 packets received, 7368 bps, 92.10%, Err 85 (1.0e-05)
1033.920 .... 3712 packets received, 7357 bps, 91.97%, Err 86 (1.0e-05)
1036.069 .... 3723 packets received, 7364 bps, 92.05%, Err 86 (1.0e-05)
1038.201 .... 3731 packets received, 7364 bps, 92.05%, Err 86 (1.0e-05)
1040.301 .... 3739 packets received, 7365 bps, 92.07%, Err 86 (1.0e-05)
1042.464 .... 3747 packets received, 7366 bps, 92.07%, Err 86 (1.0e-05)
1044.568 .... 3755 packets received, 7367 bps, 92.08%, Err 86 (1.0e-05)
1046.684 .... 3763 packets received, 7367 bps, 92.09%, Err 86 (1.0e-05)
1049.325 .... 3769 packets received, 7360 bps, 92.01%, Err 87 (1.0e-05)
1051.457 .... 3779 packets received, 7365 bps, 92.06%, Err 88 (1.0e-05)
1053.571 .... 3787 packets received, 7366 bps, 92.07%, Err 88 (1.0e-05)
1055.703 .... 3795 packets received, 7366 bps, 92.08%, Err 88 (1.0e-05)
1057.820 .... 3803 packets received, 7367 bps, 92.09%, Err 88 (1.0e-05)
1059.938 .... 3811 packets received, 7368 bps, 92.10%, Err 88 (1.0e-05)
1062.038 .... 3819 packets received, 7369 bps, 92.11%, Err 88 (1.0e-05)
1064.166 .... 3827 packets received, 7369 bps, 92.12%, Err 88 (1.0e-05)
1066.297 .... 3835 packets received, 7370 bps, 92.13%, Err 88 (1.0e-05)
1068.441 .... 3843 packets received, 7371 bps, 92.13%, Err 88 (1.0e-05)
1070.553 .... 3851 packets received, 7371 bps, 92.14%, Err 88 (1.0e-05)
1072.666 .... 3859 packets received, 7372 bps, 92.15%, Err 88 (1.0e-05)
1074.783 .... 3867 packets received, 7373 bps, 92.16%, Err 88 (1.0e-05)
1076.885 .... 3875 packets received, 7374 bps, 92.17%, Err 88 (1.0e-05)
1079.539 .... 3881 packets received, 7367 bps, 92.09%, Err 90 (1.0e-05)
1081.655 .... 3891 packets received, 7371 bps, 92.14%, Err 90 (1.0e-05)
1083.787 .... 3897 packets received, 7368 bps, 92.10%, Err 90 (1.0e-05)
1086.196 .... 3904 packets received, 7365 bps, 92.06%, Err 90 (1.0e-05)
1088.590 .... 3911 packets received, 7362 bps, 92.03%, Err 90 (1.0e-05)
1090.707 .... 3917 packets received, 7359 bps, 91.99%, Err 91 (1.0e-05)
1092.855 .... 3925 packets received, 7360 bps, 92.00%, Err 91 (1.0e-05)
1095.003 .... 3933 packets received, 7360 bps, 92.00%, Err 91 (1.0e-05)
1097.136 .... 3941 packets received, 7361 bps, 92.01%, Err 91 (1.0e-05)
1099.251 .... 3949 packets received, 7362 bps, 92.02%, Err 91 (1.0e-05)
1101.363 .... 3957 packets received, 7362 bps, 92.03%, Err 91 (1.0e-05)
1103.492 .... 3965 packets received, 7363 bps, 92.04%, Err 91 (1.0e-05)
1105.606 .... 3973 packets received, 7364 bps, 92.05%, Err 91 (1.0e-05)
1107.749 .... 3981 packets received, 7364 bps, 92.05%, Err 91 (1.0e-05)
1109.877 .... 3989 packets received, 7365 bps, 92.06%, Err 91 (1.0e-05)
1111.990 .... 3997 packets received, 7366 bps, 92.07%, Err 91 (1.0e-05)
1114.118 .... 4005 packets received, 7366 bps, 92.08%, Err 91 (1.0e-05)
1116.216 .... 4013 packets received, 7367 bps, 92.09%, Err 91 (1.0e-05)
1118.358 .... 4017 packets received, 7360 bps, 92.00%, Err 92 (1.0e-05)
1120.485 .... 4028 packets received, 7366 bps, 92.08%, Err 92 (1.0e-05)
1122.583 .... 4036 packets received, 7367 bps, 92.09%, Err 92 (1.0e-05)
1124.713 .... 4043 packets received, 7366 bps, 92.08%, Err 93 (1.0e-05)
1126.810 .... 4051 packets received, 7367 bps, 92.09%, Err 93 (1.0e-05)
1128.955 .... 4059 packets received, 7367 bps, 92.09%, Err 93 (1.0e-05)
1131.069 .... 4067 packets received, 7368 bps, 92.10%, Err 93 (1.0e-05)
1133.182 .... 4075 packets received, 7369 bps, 92.11%, Err 93 (1.0e-05)
1135.302 .... 4083 packets received, 7369 bps, 92.12%, Err 93 (1.0e-05)
1137.431 .... 4091 packets received, 7370 bps, 92.13%, Err 93 (1.0e-05)
1139.529 .... 4099 packets received, 7371 bps, 92.14%, Err 93 (1.0e-05)
1141.672 .... 4107 packets received, 7371 bps, 92.14%, Err 93 (1.0e-05)
1143.770 .... 4115 packets received, 7372 bps, 92.15%, Err 93 (1.0e-05)
1145.913 .... 4123 packets received, 7373 bps, 92.16%, Err 93 (1.0e-05)
1148.039 .... 4131 packets received, 7373 bps, 92.17%, Err 93 (1.0e-05)
1150.152 .... 4139 packets received, 7374 bps, 92.18%, Err 93 (1.0e-05)
1152.283 .... 4147 packets received, 7375 bps, 92.18%, Err 93 (1.0e-05)
1154.401 .... 4155 packets received, 7375 bps, 92.19%, Err 93 (1.0e-05)
1156.529 .... 4163 packets received, 7376 bps, 92.20%, Err 93 (1.0e-05)
1158.655 .... 4171 packets received, 7376 bps, 92.21%, Err 93 (1.0e-05)
1160.752 .... 4179 packets received, 7377 bps, 92.22%, Err 93 (1.0e-05)
1163.929 .... 4187 packets received, 7371 bps, 92.14%, Err 95 (1.0e-05)
1166.057 .... 4197 packets received, 7375 bps, 92.19%, Err 95 (1.0e-05)
1168.187 .... 4205 packets received, 7376 bps, 92.20%, Err 95 (1.0e-05)
1170.300 .... 4213 packets received, 7377 bps, 92.21%, Err 95 (1.0e-05)
1172.425 .... 4221 packets received, 7377 bps, 92.21%, Err 95 (1.0e-05)
1174.568 .... 4229 packets received, 7378 bps, 92.22%, Err 95 (1.0e-05)
1176.681 .... 4237 packets received, 7378 bps, 92.23%, Err 95 (1.0e-05)
1178.808 .... 4245 packets received, 7379 bps, 92.24%, Err 95 (1.0e-05)
1180.920 .... 4253 packets received, 7380 bps, 92.25%, Err 95 (1.0e-05)
1183.033 .... 4261 packets received, 7380 bps, 92.25%, Err 95 (1.0e-05)
1185.159 .... 4269 packets received, 7381 bps, 92.26%, Err 95 (1.0e-05)
1187.270 .... 4277 packets received, 7382 bps, 92.27%, Err 96 (1.0e-05)
1189.413 .... 4284 packets received, 7380 bps, 92.25%, Err 96 (1.0e-05)
1191.526 .... 4292 packets received, 7381 bps, 92.26%, Err 96 (1.0e-05)
1193.652 .... 4300 packets received, 7382 bps, 92.27%, Err 96 (1.0e-05)
1195.779 .... 4308 packets received, 7382 bps, 92.28%, Err 96 (1.0e-05)
1197.891 .... 4316 packets received, 7383 bps, 92.28%, Err 96 (1.0e-05)
1200.021 Quit.
