000.000 =============================================================
000.000                     Station A                               
000.000 -------------------------------------------------------------
000.000 Protocol.lib, version 4.0, jiangyanjun0718@bupt.edu.cn
000.000 Channel: 8000 bps, 270 ms propagation delay, bit error rate 1.0E-04
000.000 Log file "fbA.log", TCP port 30025, debug mask 0x00
000.000 Station A is waiting for station B on TCP port 30025 ... Done.
000.389 New epoch: Thu May 16 16:47:39 2019
000.389 =================================================================
000.389 
000.389 Designed by CJSoft, build: May 16 2019  15:57:30
004.129 .... 7 packets received, 4139 bps, 51.73%, Err 4 (1.3e-04)
007.316 .... 11 packets received, 3387 bps, 42.34%, Err 7 (1.3e-04)
009.741 .... 20 packets received, 4513 bps, 56.41%, Err 8 (1.1e-04)
011.855 .... 26 packets received, 4759 bps, 59.48%, Err 11 (1.2e-04)
015.078 .... 27 packets received, 3837 bps, 47.96%, Err 12 (1.0e-04)
017.186 .... 40 packets received, 4959 bps, 61.98%, Err 13 (9.7e-05)
020.118 .... 47 packets received, 4948 bps, 61.85%, Err 15 (9.5e-05)
023.579 .... 50 packets received, 4469 bps, 55.86%, Err 21 (1.1e-04)
026.508 .... 60 packets received, 4755 bps, 59.44%, Err 22 (1.1e-04)
030.229 .... 65 packets received, 4503 bps, 56.28%, Err 25 (1.0e-04)
034.483 .... 75 packets received, 4542 bps, 56.77%, Err 31 (1.1e-04)
037.949 .... 85 packets received, 4669 bps, 58.36%, Err 34 (1.1e-04)
040.083 .... 96 packets received, 4988 bps, 62.35%, Err 34 (1.1e-04)
042.202 .... 104 packets received, 5128 bps, 64.10%, Err 34 (1.0e-04)
046.466 .... 109 packets received, 4874 bps, 60.92%, Err 38 (1.0e-04)
048.601 .... 122 packets received, 5212 bps, 65.15%, Err 38 (9.9e-05)
050.718 .... 126 packets received, 5155 bps, 64.44%, Err 39 (9.7e-05)
052.825 .... 136 packets received, 5340 bps, 66.75%, Err 41 (9.8e-05)
054.962 .... 143 packets received, 5394 bps, 67.42%, Err 42 (9.6e-05)
057.627 .... 149 packets received, 5357 bps, 66.96%, Err 43 (9.4e-05)
060.837 .... 159 packets received, 5412 bps, 67.65%, Err 48 (9.9e-05)
063.518 .... 162 packets received, 5279 bps, 65.98%, Err 51 (1.0e-04)
066.181 .... 168 packets received, 5252 bps, 65.65%, Err 53 (1.0e-04)
069.101 .... 172 packets received, 5147 bps, 64.34%, Err 57 (1.0e-04)
072.012 .... 180 packets received, 5167 bps, 64.59%, Err 59 (1.0e-04)
074.144 .... 187 packets received, 5212 bps, 65.15%, Err 60 (1.0e-04)
076.275 .... 193 packets received, 5228 bps, 65.35%, Err 62 (1.0e-04)
078.697 .... 197 packets received, 5170 bps, 64.63%, Err 63 (1.0e-04)
080.828 .... 207 packets received, 5288 bps, 66.11%, Err 63 (9.8e-05)
085.331 .... 213 packets received, 5152 bps, 64.40%, Err 66 (9.7e-05)
087.995 .... 224 packets received, 5253 bps, 65.66%, Err 70 (1.0e-04)
090.153 .... 230 packets received, 5264 bps, 65.80%, Err 71 (9.9e-05)
092.268 .... 233 packets received, 5209 bps, 65.12%, Err 74 (1.0e-04)
094.945 .... 239 packets received, 5192 bps, 64.90%, Err 75 (9.9e-05)
097.310 .... 248 packets received, 5255 bps, 65.69%, Err 76 (9.8e-05)
102.397 .... 258 packets received, 5194 bps, 64.92%, Err 80 (9.8e-05)
105.322 .... 268 packets received, 5244 bps, 65.56%, Err 83 (9.9e-05)
109.301 .... 273 packets received, 5147 bps, 64.33%, Err 89 (1.0e-04)
111.982 .... 277 packets received, 5096 bps, 63.70%, Err 90 (1.0e-04)
114.113 .... 288 packets received, 5199 bps, 64.99%, Err 91 (1.0e-04)
117.313 .... 296 packets received, 5197 bps, 64.96%, Err 93 (9.9e-05)
119.991 .... 304 packets received, 5218 bps, 65.22%, Err 95 (9.9e-05)
123.436 .... 314 packets received, 5238 bps, 65.47%, Err 99 (1.0e-04)
126.379 .... 316 packets received, 5148 bps, 64.35%, Err 103 (1.0e-04)
129.044 .... 327 packets received, 5217 bps, 65.21%, Err 106 (1.0e-04)
131.693 .... 332 packets received, 5189 bps, 64.87%, Err 110 (1.0e-04)
134.360 .... 335 packets received, 5132 bps, 64.15%, Err 110 (1.0e-04)
136.470 .... 346 packets received, 5218 bps, 65.22%, Err 113 (1.0e-04)
138.613 .... 353 packets received, 5241 bps, 65.51%, Err 113 (1.0e-04)
142.334 .... 356 packets received, 5146 bps, 64.33%, Err 118 (1.0e-04)
145.259 .... 362 packets received, 5127 bps, 64.09%, Err 122 (1.1e-04)
148.185 .... 371 packets received, 5151 bps, 64.38%, Err 124 (1.0e-04)
151.096 .... 380 packets received, 5173 bps, 64.67%, Err 127 (1.1e-04)
154.022 .... 383 packets received, 5115 bps, 63.93%, Err 129 (1.0e-04)
156.973 .... 394 packets received, 5162 bps, 64.53%, Err 131 (1.0e-04)
160.942 .... 398 packets received, 5086 bps, 63.57%, Err 135 (1.1e-04)
163.870 .... 407 packets received, 5107 bps, 63.84%, Err 136 (1.0e-04)
165.984 .... 414 packets received, 5129 bps, 64.11%, Err 136 (1.0e-04)
168.404 .... 418 packets received, 5104 bps, 63.79%, Err 137 (1.0e-04)
170.534 .... 424 packets received, 5112 bps, 63.90%, Err 140 (1.0e-04)
173.185 .... 428 packets received, 5081 bps, 63.51%, Err 141 (1.0e-04)
175.852 .... 437 packets received, 5109 bps, 63.86%, Err 142 (1.0e-04)
177.995 .... 447 packets received, 5162 bps, 64.53%, Err 142 (1.0e-04)
180.126 .... 454 packets received, 5181 bps, 64.76%, Err 143 (9.9e-05)
183.575 .... 456 packets received, 5106 bps, 63.82%, Err 150 (1.0e-04)
186.517 .... 459 packets received, 5058 bps, 63.22%, Err 153 (1.0e-04)
189.165 .... 463 packets received, 5030 bps, 62.88%, Err 155 (1.0e-04)
191.810 .... 476 packets received, 5100 bps, 63.75%, Err 157 (1.0e-04)
193.934 .... 482 packets received, 5108 bps, 63.84%, Err 159 (1.0e-04)
196.078 .... 485 packets received, 5083 bps, 63.54%, Err 160 (1.0e-04)
198.211 .... 495 packets received, 5132 bps, 64.15%, Err 160 (1.0e-04)
201.659 .... 498 packets received, 5074 bps, 63.43%, Err 165 (1.0e-04)
204.618 .... 504 packets received, 5061 bps, 63.26%, Err 167 (1.0e-04)
207.535 .... 514 packets received, 5089 bps, 63.61%, Err 169 (1.0e-04)
210.464 .... 524 packets received, 5115 bps, 63.94%, Err 170 (1.0e-04)
212.597 .... 535 packets received, 5170 bps, 64.62%, Err 170 (1.0e-04)
215.792 .... 541 packets received, 5150 bps, 64.38%, Err 174 (1.0e-04)
217.915 .... 553 packets received, 5213 bps, 65.16%, Err 174 (1.0e-04)
221.640 .... 561 packets received, 5199 bps, 64.99%, Err 178 (1.0e-04)
224.293 .... 571 packets received, 5229 bps, 65.37%, Err 180 (1.0e-04)
229.335 .... 578 packets received, 5177 bps, 64.71%, Err 188 (1.0e-04)
232.007 .... 586 packets received, 5188 bps, 64.85%, Err 192 (1.0e-04)
235.482 .... 589 packets received, 5137 bps, 64.21%, Err 197 (1.0e-04)
238.412 .... 593 packets received, 5108 bps, 63.85%, Err 200 (1.1e-04)
241.095 .... 598 packets received, 5094 bps, 63.67%, Err 205 (1.1e-04)
244.027 .... 605 packets received, 5091 bps, 63.64%, Err 208 (1.1e-04)
247.230 .... 612 packets received, 5083 bps, 63.54%, Err 210 (1.1e-04)
250.144 .... 620 packets received, 5090 bps, 63.62%, Err 214 (1.1e-04)
252.277 .... 629 packets received, 5120 bps, 64.00%, Err 215 (1.1e-04)
254.655 .... 633 packets received, 5104 bps, 63.80%, Err 217 (1.1e-04)
256.787 .... 643 packets received, 5142 bps, 64.27%, Err 217 (1.1e-04)
259.733 .... 650 packets received, 5138 bps, 64.23%, Err 218 (1.1e-04)
261.877 .... 661 packets received, 5182 bps, 64.78%, Err 219 (1.0e-04)
265.079 .... 668 packets received, 5174 bps, 64.67%, Err 221 (1.0e-04)
268.253 .... 677 packets received, 5181 bps, 64.77%, Err 222 (1.0e-04)
271.194 .... 687 packets received, 5201 bps, 65.01%, Err 224 (1.0e-04)
273.309 .... 698 packets received, 5243 bps, 65.54%, Err 225 (1.0e-04)
275.453 .... 705 packets received, 5254 bps, 65.68%, Err 225 (1.0e-04)
278.089 .... 710 packets received, 5241 bps, 65.52%, Err 226 (1.0e-04)
280.230 .... 719 packets received, 5267 bps, 65.84%, Err 227 (1.0e-04)
283.938 .... 722 packets received, 5220 bps, 65.25%, Err 232 (1.0e-04)
286.605 .... 731 packets received, 5236 bps, 65.45%, Err 232 (1.0e-04)
288.733 .... 742 packets received, 5275 bps, 65.94%, Err 232 (1.0e-04)
290.864 .... 748 packets received, 5279 bps, 65.99%, Err 232 (1.0e-04)
293.268 .... 752 packets received, 5263 bps, 65.79%, Err 234 (1.0e-04)
296.191 .... 756 packets received, 5239 bps, 65.49%, Err 237 (1.0e-04)
298.844 .... 765 packets received, 5254 bps, 65.68%, Err 240 (1.0e-04)
301.493 .... 768 packets received, 5228 bps, 65.36%, Err 243 (1.0e-04)
303.635 .... 780 packets received, 5273 bps, 65.91%, Err 244 (1.0e-04)
306.284 .... 785 packets received, 5260 bps, 65.76%, Err 246 (1.0e-04)
308.448 .... 795 packets received, 5290 bps, 66.12%, Err 246 (1.0e-04)
310.561 .... 802 packets received, 5300 bps, 66.25%, Err 248 (1.0e-04)
312.690 .... 809 packets received, 5310 bps, 66.37%, Err 249 (1.0e-04)
315.881 .... 816 packets received, 5302 bps, 66.27%, Err 251 (9.9e-05)
319.343 .... 821 packets received, 5276 bps, 65.95%, Err 254 (1.0e-04)
322.291 .... 832 packets received, 5298 bps, 66.22%, Err 256 (9.9e-05)
324.418 .... 839 packets received, 5307 bps, 66.34%, Err 258 (1.0e-04)
327.065 .... 843 packets received, 5289 bps, 66.12%, Err 261 (1.0e-04)
333.195 .... 853 packets received, 5253 bps, 65.67%, Err 267 (1.0e-04)
335.888 .... 860 packets received, 5254 bps, 65.68%, Err 269 (1.0e-04)
338.006 .... 867 packets received, 5264 bps, 65.79%, Err 270 (1.0e-04)
340.418 .... 875 packets received, 5274 bps, 65.93%, Err 271 (1.0e-04)
342.525 .... 881 packets received, 5278 bps, 65.97%, Err 274 (1.0e-04)
345.214 .... 888 packets received, 5278 bps, 65.98%, Err 277 (1.0e-04)
347.332 .... 897 packets received, 5299 bps, 66.24%, Err 278 (1.0e-04)
349.481 .... 904 packets received, 5308 bps, 66.35%, Err 279 (1.0e-04)
352.927 .... 906 packets received, 5267 bps, 65.84%, Err 282 (1.0e-04)
355.862 .... 917 packets received, 5287 bps, 66.09%, Err 284 (1.0e-04)
357.989 .... 926 packets received, 5307 bps, 66.34%, Err 285 (1.0e-04)
361.458 .... 928 packets received, 5268 bps, 65.85%, Err 290 (1.0e-04)
364.396 .... 936 packets received, 5270 bps, 65.88%, Err 294 (1.0e-04)
367.046 .... 940 packets received, 5254 bps, 65.68%, Err 295 (1.0e-04)
369.956 .... 951 packets received, 5274 bps, 65.93%, Err 296 (1.0e-04)
372.091 .... 956 packets received, 5271 bps, 65.89%, Err 299 (1.0e-04)
374.757 .... 961 packets received, 5261 bps, 65.76%, Err 299 (1.0e-04)
377.946 .... 972 packets received, 5276 bps, 65.95%, Err 302 (1.0e-04)
380.071 .... 982 packets received, 5301 bps, 66.26%, Err 304 (1.0e-04)
382.745 .... 984 packets received, 5274 bps, 65.93%, Err 305 (1.0e-04)
385.645 .... 993 packets received, 5283 bps, 66.03%, Err 307 (1.0e-04)
389.390 .... 1000 packets received, 5269 bps, 65.86%, Err 311 (1.0e-04)
391.533 .... 1012 packets received, 5302 bps, 66.28%, Err 312 (1.0e-04)
393.661 .... 1015 packets received, 5289 bps, 66.12%, Err 313 (9.9e-05)
398.722 .... 1025 packets received, 5274 bps, 65.92%, Err 318 (1.0e-04)
401.659 .... 1032 packets received, 5271 bps, 65.88%, Err 321 (1.0e-04)
403.779 .... 1041 packets received, 5289 bps, 66.11%, Err 323 (1.0e-04)
406.708 .... 1045 packets received, 5271 bps, 65.88%, Err 325 (1.0e-04)
409.365 .... 1053 packets received, 5277 bps, 65.96%, Err 327 (1.0e-04)
412.266 .... 1059 packets received, 5269 bps, 65.87%, Err 331 (1.0e-04)
414.404 .... 1066 packets received, 5277 bps, 65.96%, Err 334 (1.0e-04)
416.530 .... 1067 packets received, 5255 bps, 65.68%, Err 336 (1.0e-04)
419.228 .... 1077 packets received, 5270 bps, 65.87%, Err 338 (1.0e-04)
422.130 .... 1082 packets received, 5258 bps, 65.72%, Err 340 (1.0e-04)
424.275 .... 1091 packets received, 5275 bps, 65.93%, Err 340 (1.0e-04)
427.983 .... 1093 packets received, 5238 bps, 65.48%, Err 346 (1.0e-04)
430.648 .... 1101 packets received, 5244 bps, 65.55%, Err 348 (1.0e-04)
435.737 .... 1109 packets received, 5220 bps, 65.25%, Err 353 (1.0e-04)
437.836 .... 1115 packets received, 5223 bps, 65.29%, Err 354 (1.0e-04)
440.777 .... 1125 packets received, 5235 bps, 65.44%, Err 355 (1.0e-04)
443.965 .... 1131 packets received, 5225 bps, 65.31%, Err 357 (1.0e-04)
447.173 .... 1140 packets received, 5229 bps, 65.36%, Err 362 (1.0e-04)
450.378 .... 1144 packets received, 5210 bps, 65.12%, Err 365 (1.0e-04)
455.441 .... 1150 packets received, 5179 bps, 64.74%, Err 370 (1.0e-04)
457.561 .... 1164 packets received, 5218 bps, 65.22%, Err 371 (1.0e-04)
459.708 .... 1170 packets received, 5220 bps, 65.25%, Err 372 (1.0e-04)
463.928 .... 1174 packets received, 5190 bps, 64.88%, Err 375 (1.0e-04)
466.076 .... 1187 packets received, 5223 bps, 65.29%, Err 377 (1.0e-04)
468.189 .... 1195 packets received, 5235 bps, 65.43%, Err 377 (1.0e-04)
471.130 .... 1202 packets received, 5232 bps, 65.41%, Err 378 (1.0e-04)
473.529 .... 1210 packets received, 5241 bps, 65.51%, Err 380 (1.0e-04)
475.647 .... 1220 packets received, 5260 bps, 65.75%, Err 380 (1.0e-04)
478.037 .... 1225 packets received, 5255 bps, 65.69%, Err 382 (1.0e-04)
480.685 .... 1233 packets received, 5261 bps, 65.76%, Err 385 (1.0e-04)
483.347 .... 1235 packets received, 5240 bps, 65.50%, Err 387 (1.0e-04)
486.020 .... 1239 packets received, 5228 bps, 65.35%, Err 389 (1.0e-04)
490.835 .... 1248 packets received, 5214 bps, 65.18%, Err 393 (1.0e-04)
493.486 .... 1260 packets received, 5236 bps, 65.45%, Err 395 (1.0e-04)
496.661 .... 1266 packets received, 5227 bps, 65.34%, Err 398 (1.0e-04)
499.079 .... 1270 packets received, 5218 bps, 65.23%, Err 400 (1.0e-04)
501.225 .... 1281 packets received, 5241 bps, 65.51%, Err 400 (1.0e-04)
503.337 .... 1287 packets received, 5244 bps, 65.54%, Err 401 (1.0e-04)
505.481 .... 1293 packets received, 5246 bps, 65.57%, Err 402 (9.9e-05)
508.376 .... 1299 packets received, 5240 bps, 65.50%, Err 406 (1.0e-04)
511.040 .... 1307 packets received, 5245 bps, 65.56%, Err 408 (1.0e-04)
513.459 .... 1309 packets received, 5228 bps, 65.35%, Err 414 (1.0e-04)
519.040 .... 1315 packets received, 5195 bps, 64.94%, Err 425 (1.0e-04)
521.967 .... 1323 packets received, 5198 bps, 64.97%, Err 426 (1.0e-04)
524.891 .... 1325 packets received, 5176 bps, 64.70%, Err 428 (1.0e-04)
527.816 .... 1338 packets received, 5198 bps, 64.98%, Err 429 (1.0e-04)
529.959 .... 1342 packets received, 5193 bps, 64.91%, Err 430 (1.0e-04)
532.073 .... 1353 packets received, 5214 bps, 65.18%, Err 432 (1.0e-04)
534.755 .... 1355 packets received, 5196 bps, 64.95%, Err 435 (1.0e-04)
537.403 .... 1364 packets received, 5205 bps, 65.06%, Err 438 (1.0e-04)
539.543 .... 1372 packets received, 5214 bps, 65.18%, Err 438 (1.0e-04)
542.720 .... 1380 packets received, 5214 bps, 65.17%, Err 440 (1.0e-04)
545.890 .... 1390 packets received, 5221 bps, 65.26%, Err 443 (1.0e-04)
548.571 .... 1398 packets received, 5226 bps, 65.32%, Err 445 (1.0e-04)
550.959 .... 1406 packets received, 5233 bps, 65.41%, Err 446 (1.0e-04)
553.087 .... 1416 packets received, 5250 bps, 65.62%, Err 447 (1.0e-04)
555.217 .... 1424 packets received, 5259 bps, 65.74%, Err 447 (1.0e-04)
557.635 .... 1429 packets received, 5254 bps, 65.68%, Err 449 (1.0e-04)
561.095 .... 1433 packets received, 5237 bps, 65.46%, Err 452 (1.0e-04)
563.742 .... 1443 packets received, 5248 bps, 65.61%, Err 456 (1.0e-04)
565.856 .... 1451 packets received, 5258 bps, 65.72%, Err 456 (1.0e-04)
567.986 .... 1459 packets received, 5267 bps, 65.84%, Err 456 (1.0e-04)
570.115 .... 1463 packets received, 5262 bps, 65.77%, Err 457 (1.0e-04)
572.488 .... 1471 packets received, 5268 bps, 65.86%, Err 458 (1.0e-04)
575.137 .... 1480 packets received, 5276 bps, 65.95%, Err 459 (1.0e-04)
578.352 .... 1489 packets received, 5279 bps, 65.98%, Err 463 (1.0e-04)
580.481 .... 1500 packets received, 5298 bps, 66.23%, Err 465 (1.0e-04)
584.461 .... 1502 packets received, 5269 bps, 65.86%, Err 471 (1.0e-04)
587.663 .... 1509 packets received, 5265 bps, 65.81%, Err 473 (1.0e-04)
590.052 .... 1520 packets received, 5282 bps, 66.02%, Err 473 (1.0e-04)
594.034 .... 1523 packets received, 5257 bps, 65.71%, Err 478 (1.0e-04)
596.975 .... 1530 packets received, 5255 bps, 65.68%, Err 481 (1.0e-04)
599.103 .... 1539 packets received, 5267 bps, 65.84%, Err 482 (1.0e-04)
601.218 .... 1545 packets received, 5269 bps, 65.86%, Err 483 (1.0e-04)
606.802 .... 1551 packets received, 5240 bps, 65.51%, Err 486 (1.0e-04)
608.963 .... 1564 packets received, 5266 bps, 65.82%, Err 488 (1.0e-04)
612.688 .... 1567 packets received, 5244 bps, 65.55%, Err 491 (1.0e-04)
615.352 .... 1578 packets received, 5258 bps, 65.72%, Err 496 (1.0e-04)
617.465 .... 1584 packets received, 5259 bps, 65.74%, Err 498 (1.0e-04)
619.593 .... 1591 packets received, 5265 bps, 65.81%, Err 498 (1.0e-04)
621.750 .... 1595 packets received, 5259 bps, 65.74%, Err 499 (1.0e-04)
623.852 .... 1606 packets received, 5278 bps, 65.97%, Err 499 (1.0e-04)
625.985 .... 1613 packets received, 5283 bps, 66.03%, Err 500 (1.0e-04)
628.102 .... 1620 packets received, 5288 bps, 66.10%, Err 501 (1.0e-04)
630.235 .... 1628 packets received, 5296 bps, 66.20%, Err 503 (1.0e-04)
632.875 .... 1633 packets received, 5290 bps, 66.12%, Err 505 (1.0e-04)
635.820 .... 1642 packets received, 5294 bps, 66.18%, Err 507 (1.0e-04)
638.475 .... 1648 packets received, 5292 bps, 66.15%, Err 509 (1.0e-04)
641.683 .... 1656 packets received, 5291 bps, 66.13%, Err 512 (1.0e-04)
647.820 .... 1666 packets received, 5272 bps, 65.90%, Err 520 (1.0e-04)
650.752 .... 1674 packets received, 5274 bps, 65.92%, Err 521 (1.0e-04)
653.943 .... 1677 packets received, 5257 bps, 65.72%, Err 524 (1.0e-04)
656.062 .... 1688 packets received, 5275 bps, 65.93%, Err 526 (1.0e-04)
658.717 .... 1691 packets received, 5263 bps, 65.78%, Err 528 (1.0e-04)
660.849 .... 1702 packets received, 5280 bps, 66.00%, Err 529 (1.0e-04)
663.808 .... 1707 packets received, 5272 bps, 65.90%, Err 533 (1.0e-04)
666.431 .... 1710 packets received, 5260 bps, 65.75%, Err 534 (1.0e-04)
668.825 .... 1718 packets received, 5266 bps, 65.82%, Err 536 (1.0e-04)
670.973 .... 1724 packets received, 5267 bps, 65.84%, Err 536 (1.0e-04)
674.148 .... 1729 packets received, 5258 bps, 65.72%, Err 540 (1.0e-04)
676.280 .... 1740 packets received, 5274 bps, 65.93%, Err 540 (1.0e-04)
679.181 .... 1746 packets received, 5270 bps, 65.88%, Err 545 (1.0e-04)
682.111 .... 1750 packets received, 5259 bps, 65.74%, Err 547 (1.0e-04)
685.335 .... 1753 packets received, 5244 bps, 65.55%, Err 553 (1.0e-04)
687.468 .... 1767 packets received, 5269 bps, 65.86%, Err 553 (1.0e-04)
689.600 .... 1775 packets received, 5277 bps, 65.96%, Err 553 (1.0e-04)
691.717 .... 1783 packets received, 5284 bps, 66.05%, Err 553 (1.0e-04)
694.110 .... 1788 packets received, 5281 bps, 66.01%, Err 556 (1.0e-04)
696.763 .... 1790 packets received, 5266 bps, 65.83%, Err 556 (1.0e-04)
699.984 .... 1801 packets received, 5274 bps, 65.93%, Err 558 (1.0e-04)
702.083 .... 1802 packets received, 5261 bps, 65.77%, Err 561 (1.0e-04)
707.701 .... 1811 packets received, 5246 bps, 65.57%, Err 567 (1.0e-04)
713.295 .... 1820 packets received, 5230 bps, 65.38%, Err 572 (1.0e-04)
716.477 .... 1830 packets received, 5236 bps, 65.45%, Err 574 (1.0e-04)
719.143 .... 1837 packets received, 5236 bps, 65.45%, Err 576 (1.0e-04)
721.533 .... 1839 packets received, 5225 bps, 65.31%, Err 577 (1.0e-04)
723.660 .... 1851 packets received, 5243 bps, 65.54%, Err 577 (1.0e-04)
725.789 .... 1857 packets received, 5245 bps, 65.56%, Err 580 (1.0e-04)
727.932 .... 1863 packets received, 5246 bps, 65.58%, Err 582 (1.0e-04)
731.117 .... 1868 packets received, 5237 bps, 65.47%, Err 586 (1.0e-04)
733.782 .... 1873 packets received, 5232 bps, 65.40%, Err 587 (1.0e-04)
735.909 .... 1882 packets received, 5242 bps, 65.53%, Err 588 (1.0e-04)
738.053 .... 1886 packets received, 5238 bps, 65.48%, Err 591 (1.0e-04)
740.674 .... 1896 packets received, 5247 bps, 65.59%, Err 593 (1.0e-04)
742.831 .... 1902 packets received, 5249 bps, 65.61%, Err 593 (1.0e-04)
744.946 .... 1908 packets received, 5250 bps, 65.63%, Err 594 (1.0e-04)
747.091 .... 1914 packets received, 5252 bps, 65.64%, Err 595 (1.0e-04)
749.220 .... 1917 packets received, 5245 bps, 65.56%, Err 598 (1.0e-04)
754.302 .... 1927 packets received, 5237 bps, 65.46%, Err 604 (1.0e-04)
757.226 .... 1931 packets received, 5227 bps, 65.34%, Err 606 (1.0e-04)
760.686 .... 1934 packets received, 5211 bps, 65.14%, Err 608 (1.0e-04)
765.710 .... 1949 packets received, 5217 bps, 65.22%, Err 613 (1.0e-04)
768.909 .... 1956 packets received, 5214 bps, 65.18%, Err 616 (1.0e-04)
771.051 .... 1966 packets received, 5226 bps, 65.33%, Err 616 (1.0e-04)
773.196 .... 1972 packets received, 5228 bps, 65.35%, Err 618 (1.0e-04)
775.310 .... 1980 packets received, 5235 bps, 65.43%, Err 620 (1.0e-04)
777.421 .... 1988 packets received, 5242 bps, 65.52%, Err 620 (1.0e-04)
780.359 .... 1994 packets received, 5238 bps, 65.47%, Err 624 (1.0e-04)
783.023 .... 1997 packets received, 5228 bps, 65.35%, Err 625 (1.0e-04)
785.687 .... 2006 packets received, 5233 bps, 65.42%, Err 627 (1.0e-04)
787.816 .... 2017 packets received, 5248 bps, 65.60%, Err 627 (1.0e-04)
792.607 .... 2024 packets received, 5234 bps, 65.43%, Err 631 (1.0e-04)
795.530 .... 2031 packets received, 5233 bps, 65.41%, Err 633 (1.0e-04)
798.192 .... 2038 packets received, 5233 bps, 65.42%, Err 636 (1.0e-04)
801.365 .... 2045 packets received, 5231 bps, 65.38%, Err 638 (1.0e-04)
804.567 .... 2056 packets received, 5238 bps, 65.47%, Err 641 (1.0e-04)
807.220 .... 2062 packets received, 5236 bps, 65.45%, Err 643 (1.0e-04)
810.698 .... 2069 packets received, 5231 bps, 65.39%, Err 647 (1.0e-04)
813.907 .... 2076 packets received, 5228 bps, 65.35%, Err 650 (1.0e-04)
816.819 .... 2084 packets received, 5229 bps, 65.37%, Err 654 (1.0e-04)
819.762 .... 2092 packets received, 5231 bps, 65.38%, Err 656 (1.0e-04)
822.153 .... 2100 packets received, 5235 bps, 65.44%, Err 657 (1.0e-04)
824.285 .... 2111 packets received, 5249 bps, 65.61%, Err 658 (1.0e-04)
826.400 .... 2119 packets received, 5256 bps, 65.69%, Err 658 (1.0e-04)
828.532 .... 2123 packets received, 5252 bps, 65.65%, Err 661 (1.0e-04)
831.203 .... 2127 packets received, 5245 bps, 65.56%, Err 663 (1.0e-04)
833.858 .... 2133 packets received, 5243 bps, 65.54%, Err 667 (1.0e-04)
836.524 .... 2136 packets received, 5234 bps, 65.42%, Err 670 (1.0e-04)
839.179 .... 2141 packets received, 5229 bps, 65.37%, Err 672 (1.0e-04)
842.369 .... 2150 packets received, 5231 bps, 65.39%, Err 673 (1.0e-04)
844.776 .... 2157 packets received, 5233 bps, 65.42%, Err 675 (1.0e-04)
847.969 .... 2168 packets received, 5240 bps, 65.50%, Err 679 (1.0e-04)
851.145 .... 2178 packets received, 5245 bps, 65.56%, Err 682 (1.0e-04)
854.090 .... 2180 packets received, 5231 bps, 65.39%, Err 684 (1.0e-04)
856.207 .... 2193 packets received, 5250 bps, 65.62%, Err 684 (1.0e-04)
859.416 .... 2196 packets received, 5237 bps, 65.46%, Err 688 (1.0e-04)
862.344 .... 2206 packets received, 5243 bps, 65.54%, Err 690 (1.0e-04)
864.476 .... 2214 packets received, 5249 bps, 65.61%, Err 691 (1.0e-04)
867.407 .... 2220 packets received, 5246 bps, 65.57%, Err 696 (1.0e-04)
870.045 .... 2225 packets received, 5241 bps, 65.52%, Err 698 (1.0e-04)
875.122 .... 2235 packets received, 5234 bps, 65.43%, Err 703 (1.0e-04)
878.055 .... 2241 packets received, 5231 bps, 65.39%, Err 704 (1.0e-04)
880.186 .... 2251 packets received, 5242 bps, 65.52%, Err 704 (1.0e-04)
882.332 .... 2257 packets received, 5243 bps, 65.53%, Err 707 (1.0e-04)
884.449 .... 2262 packets received, 5242 bps, 65.52%, Err 708 (1.0e-04)
887.626 .... 2270 packets received, 5241 bps, 65.52%, Err 710 (1.0e-04)
889.773 .... 2280 packets received, 5252 bps, 65.65%, Err 712 (1.0e-04)
891.901 .... 2286 packets received, 5253 bps, 65.66%, Err 712 (1.0e-04)
894.814 .... 2291 packets received, 5247 bps, 65.59%, Err 714 (1.0e-04)
897.731 .... 2296 packets received, 5242 bps, 65.52%, Err 715 (1.0e-04)
899.864 .... 2306 packets received, 5252 bps, 65.65%, Err 715 (9.9e-05)
904.901 .... 2312 packets received, 5236 bps, 65.46%, Err 719 (9.9e-05)
907.857 .... 2319 packets received, 5235 bps, 65.44%, Err 722 (9.9e-05)
910.795 .... 2327 packets received, 5236 bps, 65.45%, Err 725 (1.0e-04)
913.445 .... 2331 packets received, 5230 bps, 65.38%, Err 728 (1.0e-04)
916.122 .... 2336 packets received, 5226 bps, 65.32%, Err 732 (1.0e-04)
918.787 .... 2341 packets received, 5222 bps, 65.27%, Err 736 (1.0e-04)
921.467 .... 2351 packets received, 5229 bps, 65.36%, Err 736 (1.0e-04)
923.564 .... 2357 packets received, 5230 bps, 65.38%, Err 738 (1.0e-04)
925.706 .... 2363 packets received, 5232 bps, 65.39%, Err 738 (1.0e-04)
928.905 .... 2366 packets received, 5220 bps, 65.25%, Err 742 (1.0e-04)
932.379 .... 2373 packets received, 5216 bps, 65.20%, Err 745 (1.0e-04)
936.391 .... 2380 packets received, 5209 bps, 65.11%, Err 749 (1.0e-04)
939.315 .... 2387 packets received, 5208 bps, 65.10%, Err 750 (1.0e-04)
942.544 .... 2394 packets received, 5205 bps, 65.07%, Err 756 (1.0e-04)
945.179 .... 2399 packets received, 5202 bps, 65.02%, Err 758 (1.0e-04)
947.322 .... 2409 packets received, 5212 bps, 65.15%, Err 762 (1.0e-04)
949.971 .... 2411 packets received, 5201 bps, 65.02%, Err 765 (1.0e-04)
952.649 .... 2420 packets received, 5206 bps, 65.08%, Err 765 (1.0e-04)
954.779 .... 2425 packets received, 5205 bps, 65.07%, Err 766 (1.0e-04)
956.892 .... 2431 packets received, 5207 bps, 65.08%, Err 766 (1.0e-04)
959.020 .... 2437 packets received, 5208 bps, 65.10%, Err 766 (1.0e-04)
961.164 .... 2443 packets received, 5209 bps, 65.11%, Err 768 (1.0e-04)
964.379 .... 2449 packets received, 5204 bps, 65.05%, Err 772 (1.0e-04)
967.029 .... 2458 packets received, 5209 bps, 65.12%, Err 774 (1.0e-04)
969.967 .... 2461 packets received, 5200 bps, 65.00%, Err 776 (1.0e-04)
972.906 .... 2472 packets received, 5207 bps, 65.09%, Err 777 (1.0e-04)
975.572 .... 2477 packets received, 5203 bps, 65.04%, Err 780 (1.0e-04)
978.235 .... 2488 packets received, 5212 bps, 65.15%, Err 781 (1.0e-04)
981.174 .... 2493 packets received, 5207 bps, 65.09%, Err 782 (1.0e-04)
984.371 .... 2500 packets received, 5205 bps, 65.06%, Err 786 (1.0e-04)
987.297 .... 2508 packets received, 5206 bps, 65.07%, Err 789 (1.0e-04)
989.948 .... 2510 packets received, 5196 bps, 64.95%, Err 790 (1.0e-04)
992.081 .... 2520 packets received, 5206 bps, 65.07%, Err 793 (1.0e-04)
994.733 .... 2526 packets received, 5204 bps, 65.05%, Err 797 (1.0e-04)
997.918 .... 2536 packets received, 5208 bps, 65.10%, Err 799 (1.0e-04)
1001.118 .... 2545 packets received, 5210 bps, 65.12%, Err 801 (1.0e-04)
1003.756 .... 2554 packets received, 5214 bps, 65.18%, Err 807 (1.0e-04)
1006.437 .... 2557 packets received, 5207 bps, 65.08%, Err 808 (1.0e-04)
1011.471 .... 2563 packets received, 5193 bps, 64.91%, Err 814 (1.0e-04)
1014.415 .... 2577 packets received, 5206 bps, 65.08%, Err 818 (1.0e-04)
1017.083 .... 2581 packets received, 5201 bps, 65.01%, Err 819 (1.0e-04)
1019.216 .... 2588 packets received, 5204 bps, 65.05%, Err 821 (1.0e-04)
1021.333 .... 2594 packets received, 5205 bps, 65.06%, Err 822 (1.0e-04)
1023.450 .... 2600 packets received, 5206 bps, 65.08%, Err 823 (1.0e-04)
1025.566 .... 2606 packets received, 5207 bps, 65.09%, Err 823 (1.0e-04)
1030.352 .... 2611 packets received, 5193 bps, 64.91%, Err 827 (1.0e-04)
1033.297 .... 2622 packets received, 5200 bps, 65.00%, Err 832 (1.0e-04)
1035.429 .... 2625 packets received, 5195 bps, 64.94%, Err 835 (1.0e-04)
1038.084 .... 2635 packets received, 5202 bps, 65.02%, Err 836 (1.0e-04)
1042.331 .... 2637 packets received, 5185 bps, 64.81%, Err 838 (1.0e-04)
1045.540 .... 2649 packets received, 5192 bps, 64.90%, Err 842 (1.0e-04)
1048.195 .... 2657 packets received, 5195 bps, 64.93%, Err 846 (1.0e-04)
1050.327 .... 2665 packets received, 5200 bps, 65.00%, Err 846 (1.0e-04)
1052.475 .... 2673 packets received, 5205 bps, 65.06%, Err 846 (1.0e-04)
1054.590 .... 2681 packets received, 5210 bps, 65.12%, Err 846 (1.0e-04)
1056.705 .... 2688 packets received, 5213 bps, 65.16%, Err 847 (1.0e-04)
1058.838 .... 2696 packets received, 5218 bps, 65.22%, Err 848 (1.0e-04)
1063.884 .... 2704 packets received, 5209 bps, 65.11%, Err 852 (1.0e-04)
1067.086 .... 2717 packets received, 5218 bps, 65.22%, Err 854 (1.0e-04)
1069.492 .... 2718 packets received, 5208 bps, 65.10%, Err 856 (1.0e-04)
1071.621 .... 2729 packets received, 5219 bps, 65.23%, Err 859 (1.0e-04)
1073.765 .... 2733 packets received, 5216 bps, 65.20%, Err 859 (1.0e-04)
1075.893 .... 2737 packets received, 5213 bps, 65.16%, Err 860 (1.0e-04)
1077.995 .... 2744 packets received, 5216 bps, 65.20%, Err 861 (1.0e-04)
1080.418 .... 2749 packets received, 5214 bps, 65.18%, Err 864 (1.0e-04)
1083.349 .... 2751 packets received, 5204 bps, 65.05%, Err 867 (1.0e-04)
1086.569 .... 2759 packets received, 5203 bps, 65.04%, Err 869 (1.0e-04)
1089.224 .... 2766 packets received, 5204 bps, 65.05%, Err 873 (1.0e-04)
1091.895 .... 2773 packets received, 5204 bps, 65.05%, Err 875 (1.0e-04)
1094.578 .... 2784 packets received, 5212 bps, 65.15%, Err 875 (1.0e-04)
1096.696 .... 2790 packets received, 5213 bps, 65.17%, Err 877 (1.0e-04)
1098.829 .... 2796 packets received, 5214 bps, 65.18%, Err 878 (1.0e-04)
1100.945 .... 2800 packets received, 5212 bps, 65.15%, Err 879 (1.0e-04)
1104.130 .... 2808 packets received, 5212 bps, 65.14%, Err 883 (1.0e-04)
1106.809 .... 2818 packets received, 5217 bps, 65.22%, Err 884 (1.0e-04)
1109.443 .... 2826 packets received, 5220 bps, 65.25%, Err 889 (1.0e-04)
1112.122 .... 2831 packets received, 5216 bps, 65.21%, Err 892 (1.0e-04)
1114.219 .... 2841 packets received, 5225 bps, 65.31%, Err 893 (1.0e-04)
1116.393 .... 2849 packets received, 5230 bps, 65.37%, Err 894 (1.0e-04)
1119.563 .... 2857 packets received, 5229 bps, 65.37%, Err 896 (1.0e-04)
1121.690 .... 2867 packets received, 5238 bps, 65.47%, Err 896 (1.0e-04)
1125.979 .... 2870 packets received, 5223 bps, 65.29%, Err 902 (1.0e-04)
1128.887 .... 2872 packets received, 5213 bps, 65.17%, Err 903 (1.0e-04)
1131.032 .... 2886 packets received, 5229 bps, 65.36%, Err 903 (1.0e-04)
1133.161 .... 2894 packets received, 5233 bps, 65.42%, Err 905 (1.0e-04)
1137.151 .... 2898 packets received, 5222 bps, 65.28%, Err 910 (1.0e-04)
1139.280 .... 2911 packets received, 5236 bps, 65.45%, Err 912 (1.0e-04)
1142.477 .... 2918 packets received, 5234 bps, 65.42%, Err 916 (1.0e-04)
1145.141 .... 2924 packets received, 5232 bps, 65.40%, Err 918 (1.0e-04)
1147.806 .... 2933 packets received, 5236 bps, 65.45%, Err 921 (1.0e-04)
1150.177 .... 2939 packets received, 5236 bps, 65.45%, Err 923 (1.0e-04)
1152.840 .... 2947 packets received, 5238 bps, 65.48%, Err 924 (1.0e-04)
1154.978 .... 2956 packets received, 5245 bps, 65.56%, Err 925 (1.0e-04)
1157.106 .... 2963 packets received, 5247 bps, 65.59%, Err 926 (1.0e-04)
1159.248 .... 2970 packets received, 5250 bps, 65.62%, Err 927 (1.0e-04)
1162.171 .... 2976 packets received, 5247 bps, 65.59%, Err 931 (1.0e-04)
1164.836 .... 2979 packets received, 5241 bps, 65.51%, Err 932 (1.0e-04)
1166.946 .... 2988 packets received, 5247 bps, 65.59%, Err 934 (1.0e-04)
1169.069 .... 2995 packets received, 5250 bps, 65.62%, Err 934 (1.0e-04)
1171.197 .... 3003 packets received, 5254 bps, 65.68%, Err 934 (1.0e-04)
1176.003 .... 3010 packets received, 5245 bps, 65.56%, Err 940 (1.0e-04)
1178.927 .... 3021 packets received, 5251 bps, 65.64%, Err 943 (1.0e-04)
1182.126 .... 3026 packets received, 5245 bps, 65.57%, Err 947 (1.0e-04)
1184.780 .... 3032 packets received, 5244 bps, 65.55%, Err 948 (1.0e-04)
1186.911 .... 3039 packets received, 5247 bps, 65.58%, Err 951 (1.0e-04)
1189.561 .... 3043 packets received, 5242 bps, 65.52%, Err 952 (1.0e-04)
1193.556 .... 3050 packets received, 5236 bps, 65.45%, Err 956 (1.0e-04)
1196.508 .... 3056 packets received, 5234 bps, 65.42%, Err 958 (1.0e-04)
1198.636 .... 3066 packets received, 5242 bps, 65.52%, Err 960 (1.0e-04)
1200.029 Quit.
