000.000 =============================================================
000.000                     Station B                               
000.000 -------------------------------------------------------------
000.000 Protocol.lib, version 4.0, jiangyanjun0718@bupt.edu.cn
000.000 Channel: 8000 bps, 270 ms propagation delay, bit error rate 1.0E-04
000.000 Log file "fbB.log", TCP port 30025, debug mask 0x00
000.000 Station B is connecting station A (TCP port 30025) ... Done.
000.389 New epoch: Thu May 16 16:47:39 2019
000.389 =================================================================
000.389 
000.389 Designed by CJSoft, build: May 16 2019  15:57:30
003.879 .... 4 packets received, 2557 bps, 31.96%, Err 4 (1.4e-04)
006.579 .... 13 packets received, 4509 bps, 56.37%, Err 6 (1.2e-04)
008.970 .... 23 packets received, 5679 bps, 70.98%, Err 8 (1.2e-04)
011.652 .... 27 packets received, 5038 bps, 62.97%, Err 10 (1.1e-04)
013.797 .... 36 packets received, 5619 bps, 70.24%, Err 12 (1.1e-04)
015.917 .... 42 packets received, 5643 bps, 70.54%, Err 14 (1.1e-04)
019.334 .... 49 packets received, 5378 bps, 67.23%, Err 17 (1.1e-04)
022.843 .... 55 packets received, 5081 bps, 63.51%, Err 21 (1.2e-04)
024.960 .... 65 packets received, 5482 bps, 68.52%, Err 22 (1.1e-04)
027.611 .... 68 packets received, 5170 bps, 64.63%, Err 23 (1.1e-04)
029.772 .... 77 packets received, 5420 bps, 67.75%, Err 24 (1.0e-04)
034.542 .... 84 packets received, 5080 bps, 63.50%, Err 31 (1.1e-04)
037.750 .... 92 packets received, 5082 bps, 63.53%, Err 34 (1.1e-04)
040.406 .... 94 packets received, 4845 bps, 60.57%, Err 34 (1.1e-04)
043.060 .... 104 packets received, 5025 bps, 62.81%, Err 35 (1.0e-04)
047.296 .... 111 packets received, 4876 bps, 60.95%, Err 39 (1.0e-04)
050.521 .... 117 packets received, 4807 bps, 60.09%, Err 44 (1.1e-04)
052.656 .... 128 packets received, 5043 bps, 63.04%, Err 44 (1.1e-04)
054.808 .... 134 packets received, 5070 bps, 63.37%, Err 44 (1.0e-04)
057.718 .... 139 packets received, 4990 bps, 62.38%, Err 47 (1.0e-04)
059.842 .... 148 packets received, 5123 bps, 64.04%, Err 47 (9.9e-05)
062.780 .... 152 packets received, 5012 bps, 62.66%, Err 49 (9.8e-05)
065.418 .... 158 packets received, 4998 bps, 62.47%, Err 52 (1.0e-04)
068.381 .... 160 packets received, 4840 bps, 60.50%, Err 55 (1.0e-04)
071.321 .... 171 packets received, 4957 bps, 61.97%, Err 57 (1.0e-04)
073.453 .... 175 packets received, 4925 bps, 61.56%, Err 58 (9.9e-05)
076.106 .... 184 packets received, 4996 bps, 62.45%, Err 61 (1.0e-04)
078.789 .... 187 packets received, 4903 bps, 61.28%, Err 62 (9.9e-05)
081.195 .... 195 packets received, 4960 bps, 62.00%, Err 66 (1.0e-04)
084.104 .... 200 packets received, 4910 bps, 61.37%, Err 68 (1.0e-04)
086.767 .... 204 packets received, 4853 bps, 60.66%, Err 71 (1.0e-04)
089.434 .... 210 packets received, 4845 bps, 60.57%, Err 71 (1.0e-04)
091.576 .... 214 packets received, 4821 bps, 60.27%, Err 72 (9.9e-05)
093.738 .... 223 packets received, 4907 bps, 61.34%, Err 74 (9.9e-05)
096.374 .... 225 packets received, 4815 bps, 60.19%, Err 77 (1.0e-04)
098.491 .... 236 packets received, 4941 bps, 61.76%, Err 79 (1.0e-04)
100.636 .... 242 packets received, 4958 bps, 61.98%, Err 80 (1.0e-04)
102.748 .... 246 packets received, 4936 bps, 61.70%, Err 83 (1.0e-04)
105.399 .... 250 packets received, 4889 bps, 61.11%, Err 84 (1.0e-04)
108.614 .... 260 packets received, 4933 bps, 61.66%, Err 89 (1.0e-04)
111.553 .... 266 packets received, 4913 bps, 61.42%, Err 90 (1.0e-04)
113.667 .... 276 packets received, 5003 bps, 62.53%, Err 91 (1.0e-04)
116.071 .... 279 packets received, 4952 bps, 61.89%, Err 92 (9.9e-05)
119.255 .... 287 packets received, 4957 bps, 61.96%, Err 95 (1.0e-04)
121.919 .... 293 packets received, 4949 bps, 61.87%, Err 99 (1.0e-04)
124.585 .... 296 packets received, 4892 bps, 61.15%, Err 99 (1.0e-04)
128.324 .... 302 packets received, 4845 bps, 60.57%, Err 105 (1.0e-04)
130.453 .... 304 packets received, 4797 bps, 59.97%, Err 110 (1.1e-04)
132.613 .... 316 packets received, 4905 bps, 61.31%, Err 110 (1.0e-04)
135.797 .... 324 packets received, 4911 bps, 61.38%, Err 111 (1.0e-04)
138.719 .... 332 packets received, 4926 bps, 61.57%, Err 114 (1.0e-04)
141.629 .... 336 packets received, 4882 bps, 61.02%, Err 118 (1.0e-04)
144.875 .... 347 packets received, 4928 bps, 61.60%, Err 121 (1.0e-04)
147.236 .... 352 packets received, 4919 bps, 61.48%, Err 122 (1.0e-04)
149.396 .... 363 packets received, 4999 bps, 62.48%, Err 122 (1.0e-04)
151.510 .... 371 packets received, 5037 bps, 62.97%, Err 122 (1.0e-04)
153.638 .... 378 packets received, 5061 bps, 63.26%, Err 124 (1.0e-04)
155.765 .... 385 packets received, 5084 bps, 63.55%, Err 124 (1.0e-04)
160.023 .... 389 packets received, 5000 bps, 62.49%, Err 129 (1.0e-04)
162.139 .... 401 packets received, 5086 bps, 63.58%, Err 129 (1.0e-04)
164.284 .... 408 packets received, 5107 bps, 63.84%, Err 131 (1.0e-04)
167.209 .... 415 packets received, 5104 bps, 63.80%, Err 135 (1.0e-04)
169.875 .... 419 packets received, 5072 bps, 63.39%, Err 138 (1.0e-04)
172.526 .... 422 packets received, 5029 bps, 62.86%, Err 141 (1.0e-04)
174.962 .... 426 packets received, 5006 bps, 62.57%, Err 143 (1.0e-04)
177.582 .... 436 packets received, 5047 bps, 63.09%, Err 145 (1.0e-04)
180.525 .... 442 packets received, 5033 bps, 62.91%, Err 147 (1.0e-04)
182.658 .... 443 packets received, 4985 bps, 62.32%, Err 149 (1.0e-04)
184.785 .... 454 packets received, 5050 bps, 63.13%, Err 149 (1.0e-04)
189.592 .... 460 packets received, 4987 bps, 62.33%, Err 151 (1.0e-04)
191.688 .... 473 packets received, 5071 bps, 63.39%, Err 152 (9.9e-05)
193.842 .... 481 packets received, 5100 bps, 63.75%, Err 152 (9.8e-05)
195.971 .... 488 packets received, 5117 bps, 63.97%, Err 154 (9.8e-05)
198.088 .... 492 packets received, 5104 bps, 63.80%, Err 155 (9.8e-05)
200.219 .... 503 packets received, 5162 bps, 64.53%, Err 157 (9.8e-05)
203.405 .... 508 packets received, 5132 bps, 64.15%, Err 160 (9.9e-05)
206.077 .... 518 packets received, 5165 bps, 64.56%, Err 161 (9.8e-05)
208.455 .... 522 packets received, 5145 bps, 64.31%, Err 163 (9.8e-05)
211.123 .... 526 packets received, 5119 bps, 63.99%, Err 164 (9.7e-05)
214.311 .... 537 packets received, 5148 bps, 64.35%, Err 166 (9.7e-05)
218.298 .... 544 packets received, 5119 bps, 63.99%, Err 172 (9.9e-05)
221.244 .... 549 packets received, 5098 bps, 63.72%, Err 178 (1.0e-04)
223.910 .... 557 packets received, 5110 bps, 63.88%, Err 180 (1.0e-04)
226.025 .... 569 packets received, 5171 bps, 64.64%, Err 180 (1.0e-04)
228.155 .... 573 packets received, 5159 bps, 64.48%, Err 182 (1.0e-04)
230.834 .... 579 packets received, 5152 bps, 64.40%, Err 183 (9.9e-05)
234.030 .... 591 packets received, 5187 bps, 64.84%, Err 186 (1.0e-04)
236.941 .... 596 packets received, 5166 bps, 64.58%, Err 190 (1.0e-04)
239.592 .... 603 packets received, 5169 bps, 64.61%, Err 193 (1.0e-04)
242.278 .... 605 packets received, 5128 bps, 64.11%, Err 195 (1.0e-04)
244.396 .... 614 packets received, 5159 bps, 64.49%, Err 196 (1.0e-04)
247.092 .... 619 packets received, 5145 bps, 64.31%, Err 197 (1.0e-04)
249.193 .... 628 packets received, 5175 bps, 64.69%, Err 199 (1.0e-04)
252.139 .... 632 packets received, 5147 bps, 64.34%, Err 201 (1.0e-04)
254.271 .... 643 packets received, 5193 bps, 64.91%, Err 201 (9.9e-05)
256.372 .... 649 packets received, 5198 bps, 64.98%, Err 202 (9.9e-05)
259.565 .... 655 packets received, 5182 bps, 64.77%, Err 203 (9.8e-05)
262.751 .... 662 packets received, 5173 bps, 64.67%, Err 205 (9.8e-05)
265.692 .... 671 packets received, 5185 bps, 64.82%, Err 210 (9.9e-05)
268.345 .... 675 packets received, 5165 bps, 64.56%, Err 212 (9.9e-05)
272.897 .... 679 packets received, 5108 bps, 63.85%, Err 217 (1.0e-04)
276.097 .... 685 packets received, 5094 bps, 63.67%, Err 217 (9.8e-05)
279.326 .... 697 packets received, 5123 bps, 64.03%, Err 220 (9.9e-05)
281.425 .... 698 packets received, 5092 bps, 63.65%, Err 225 (1.0e-04)
284.091 .... 704 packets received, 5087 bps, 63.59%, Err 227 (1.0e-04)
286.743 .... 711 packets received, 5090 bps, 63.63%, Err 228 (1.0e-04)
291.567 .... 721 packets received, 5076 bps, 63.45%, Err 233 (1.0e-04)
295.030 .... 727 packets received, 5058 bps, 63.23%, Err 236 (1.0e-04)
297.938 .... 736 packets received, 5071 bps, 63.38%, Err 239 (1.0e-04)
301.156 .... 741 packets received, 5050 bps, 63.13%, Err 241 (1.0e-04)
303.545 .... 754 packets received, 5099 bps, 63.73%, Err 242 (1.0e-04)
305.656 .... 760 packets received, 5104 bps, 63.79%, Err 244 (1.0e-04)
309.119 .... 762 packets received, 5060 bps, 63.24%, Err 248 (1.0e-04)
311.525 .... 770 packets received, 5073 bps, 63.41%, Err 251 (1.0e-04)
314.724 .... 776 packets received, 5061 bps, 63.26%, Err 253 (1.0e-04)
317.111 .... 784 packets received, 5074 bps, 63.43%, Err 254 (1.0e-04)
320.043 .... 789 packets received, 5060 bps, 63.24%, Err 256 (1.0e-04)
323.224 .... 796 packets received, 5054 bps, 63.18%, Err 260 (1.0e-04)
325.368 .... 805 packets received, 5078 bps, 63.47%, Err 260 (1.0e-04)
327.502 .... 813 packets received, 5095 bps, 63.68%, Err 260 (9.9e-05)
330.953 .... 818 packets received, 5072 bps, 63.40%, Err 264 (1.0e-04)
334.146 .... 824 packets received, 5061 bps, 63.26%, Err 268 (1.0e-04)
336.274 .... 832 packets received, 5077 bps, 63.47%, Err 269 (1.0e-04)
339.462 .... 839 packets received, 5072 bps, 63.40%, Err 272 (1.0e-04)
341.598 .... 840 packets received, 5046 bps, 63.08%, Err 274 (1.0e-04)
343.724 .... 851 packets received, 5080 bps, 63.51%, Err 275 (1.0e-04)
346.396 .... 856 packets received, 5071 bps, 63.39%, Err 276 (1.0e-04)
349.319 .... 861 packets received, 5058 bps, 63.22%, Err 281 (1.0e-04)
352.798 .... 866 packets received, 5037 bps, 62.96%, Err 284 (1.0e-04)
355.470 .... 869 packets received, 5016 bps, 62.70%, Err 287 (1.0e-04)
358.130 .... 880 packets received, 5042 bps, 63.02%, Err 288 (1.0e-04)
360.777 .... 885 packets received, 5033 bps, 62.92%, Err 289 (1.0e-04)
362.906 .... 891 packets received, 5038 bps, 62.97%, Err 291 (1.0e-04)
365.050 .... 901 packets received, 5064 bps, 63.30%, Err 291 (1.0e-04)
369.294 .... 906 packets received, 5034 bps, 62.92%, Err 295 (1.0e-04)
372.233 .... 910 packets received, 5016 bps, 62.70%, Err 297 (1.0e-04)
377.018 .... 921 packets received, 5012 bps, 62.65%, Err 301 (1.0e-04)
380.239 .... 929 packets received, 5013 bps, 62.66%, Err 307 (1.0e-04)
385.554 .... 938 packets received, 4991 bps, 62.39%, Err 312 (1.0e-04)
388.206 .... 948 packets received, 5010 bps, 62.62%, Err 315 (1.0e-04)
390.871 .... 951 packets received, 4991 bps, 62.39%, Err 316 (1.0e-04)
394.066 .... 962 packets received, 5008 bps, 62.60%, Err 318 (1.0e-04)
396.973 .... 969 packets received, 5008 bps, 62.60%, Err 320 (1.0e-04)
399.118 .... 978 packets received, 5027 bps, 62.84%, Err 322 (1.0e-04)
403.887 .... 984 packets received, 4998 bps, 62.47%, Err 328 (1.0e-04)
406.577 .... 995 packets received, 5020 bps, 62.75%, Err 330 (1.0e-04)
408.678 .... 1002 packets received, 5030 bps, 62.87%, Err 330 (1.0e-04)
410.849 .... 1009 packets received, 5038 bps, 62.97%, Err 331 (1.0e-04)
412.956 .... 1016 packets received, 5047 bps, 63.09%, Err 332 (1.0e-04)
415.089 .... 1023 packets received, 5056 bps, 63.19%, Err 332 (1.0e-04)
417.499 .... 1027 packets received, 5046 bps, 63.08%, Err 334 (1.0e-04)
420.935 .... 1031 packets received, 5024 bps, 62.80%, Err 338 (1.0e-04)
423.615 .... 1037 packets received, 5021 bps, 62.77%, Err 339 (1.0e-04)
426.265 .... 1045 packets received, 5029 bps, 62.86%, Err 341 (1.0e-04)
430.786 .... 1053 packets received, 5014 bps, 62.67%, Err 347 (1.0e-04)
433.455 .... 1058 packets received, 5007 bps, 62.58%, Err 349 (1.0e-04)
438.219 .... 1068 packets received, 4999 bps, 62.49%, Err 354 (1.0e-04)
440.377 .... 1080 packets received, 5030 bps, 62.88%, Err 358 (1.0e-04)
443.581 .... 1086 packets received, 5022 bps, 62.77%, Err 360 (1.0e-04)
446.236 .... 1092 packets received, 5019 bps, 62.74%, Err 363 (1.0e-04)
448.891 .... 1094 packets received, 4999 bps, 62.48%, Err 365 (1.0e-04)
451.560 .... 1104 packets received, 5015 bps, 62.68%, Err 367 (1.0e-04)
456.056 .... 1109 packets received, 4988 bps, 62.34%, Err 370 (1.0e-04)
458.742 .... 1119 packets received, 5003 bps, 62.54%, Err 373 (1.0e-04)
460.891 .... 1126 packets received, 5011 bps, 62.63%, Err 373 (1.0e-04)
463.805 .... 1133 packets received, 5010 bps, 62.63%, Err 375 (1.0e-04)
467.546 .... 1140 packets received, 5001 bps, 62.51%, Err 378 (1.0e-04)
470.440 .... 1148 packets received, 5005 bps, 62.56%, Err 382 (1.0e-04)
473.637 .... 1150 packets received, 4980 bps, 62.25%, Err 385 (1.0e-04)
476.584 .... 1161 packets received, 4996 bps, 62.45%, Err 387 (1.0e-04)
478.718 .... 1165 packets received, 4991 bps, 62.39%, Err 388 (1.0e-04)
480.837 .... 1176 packets received, 5016 bps, 62.70%, Err 388 (1.0e-04)
482.980 .... 1184 packets received, 5028 bps, 62.84%, Err 388 (1.0e-04)
485.102 .... 1191 packets received, 5035 bps, 62.94%, Err 389 (1.0e-04)
487.216 .... 1195 packets received, 5030 bps, 62.88%, Err 391 (1.0e-04)
489.363 .... 1205 packets received, 5050 bps, 63.12%, Err 392 (1.0e-04)
491.494 .... 1208 packets received, 5041 bps, 63.01%, Err 393 (1.0e-04)
496.568 .... 1217 packets received, 5026 bps, 62.83%, Err 397 (1.0e-04)
499.203 .... 1227 packets received, 5041 bps, 63.01%, Err 399 (1.0e-04)
502.678 .... 1231 packets received, 5022 bps, 62.78%, Err 404 (1.0e-04)
506.141 .... 1236 packets received, 5008 bps, 62.60%, Err 409 (1.0e-04)
509.326 .... 1243 packets received, 5005 bps, 62.56%, Err 410 (1.0e-04)
511.759 .... 1256 packets received, 5033 bps, 62.91%, Err 411 (1.0e-04)
513.872 .... 1262 packets received, 5036 bps, 62.95%, Err 412 (1.0e-04)
517.058 .... 1270 packets received, 5037 bps, 62.96%, Err 413 (1.0e-04)
519.171 .... 1281 packets received, 5060 bps, 63.25%, Err 414 (1.0e-04)
522.380 .... 1282 packets received, 5033 bps, 62.91%, Err 417 (1.0e-04)
525.014 .... 1289 packets received, 5035 bps, 62.93%, Err 419 (1.0e-04)
527.969 .... 1292 packets received, 5018 bps, 62.73%, Err 422 (1.0e-04)
530.082 .... 1305 packets received, 5048 bps, 63.10%, Err 424 (1.0e-04)
533.789 .... 1308 packets received, 5025 bps, 62.81%, Err 427 (1.0e-04)
539.115 .... 1319 packets received, 5017 bps, 62.71%, Err 435 (1.0e-04)
541.776 .... 1328 packets received, 5026 bps, 62.83%, Err 437 (1.0e-04)
544.971 .... 1331 packets received, 5008 bps, 62.60%, Err 440 (1.0e-04)
548.418 .... 1340 packets received, 5010 bps, 62.63%, Err 442 (1.0e-04)
550.561 .... 1347 packets received, 5017 bps, 62.71%, Err 445 (1.0e-04)
553.210 .... 1350 packets received, 5004 bps, 62.55%, Err 445 (1.0e-04)
556.120 .... 1359 packets received, 5011 bps, 62.64%, Err 448 (1.0e-04)
558.524 .... 1361 packets received, 4997 bps, 62.46%, Err 450 (1.0e-04)
561.203 .... 1371 packets received, 5009 bps, 62.62%, Err 450 (1.0e-04)
566.239 .... 1379 packets received, 4994 bps, 62.42%, Err 456 (1.0e-04)
569.165 .... 1390 packets received, 5008 bps, 62.59%, Err 456 (1.0e-04)
573.423 .... 1395 packets received, 4988 bps, 62.35%, Err 460 (1.0e-04)
576.362 .... 1407 packets received, 5005 bps, 62.57%, Err 461 (1.0e-04)
580.864 .... 1414 packets received, 4991 bps, 62.39%, Err 465 (1.0e-04)
583.818 .... 1425 packets received, 5005 bps, 62.56%, Err 466 (1.0e-04)
587.801 .... 1429 packets received, 4985 bps, 62.31%, Err 473 (1.0e-04)
591.263 .... 1431 packets received, 4962 bps, 62.03%, Err 475 (1.0e-04)
593.911 .... 1433 packets received, 4947 bps, 61.84%, Err 475 (1.0e-04)
597.128 .... 1448 packets received, 4972 bps, 62.15%, Err 479 (1.0e-04)
600.573 .... 1452 packets received, 4957 bps, 61.96%, Err 483 (1.0e-04)
606.450 .... 1459 packets received, 4933 bps, 61.66%, Err 489 (1.0e-04)
609.369 .... 1467 packets received, 4936 bps, 61.70%, Err 490 (1.0e-04)
612.036 .... 1473 packets received, 4934 bps, 61.68%, Err 492 (1.0e-04)
614.167 .... 1484 packets received, 4954 bps, 61.92%, Err 493 (1.0e-04)
616.286 .... 1492 packets received, 4964 bps, 62.04%, Err 494 (1.0e-04)
618.429 .... 1499 packets received, 4970 bps, 62.12%, Err 495 (1.0e-04)
621.353 .... 1506 packets received, 4969 bps, 62.12%, Err 499 (1.0e-04)
624.006 .... 1516 packets received, 4981 bps, 62.26%, Err 500 (1.0e-04)
626.936 .... 1521 packets received, 4974 bps, 62.17%, Err 502 (1.0e-04)
629.576 .... 1530 packets received, 4982 bps, 62.28%, Err 505 (1.0e-04)
631.723 .... 1541 packets received, 5001 bps, 62.51%, Err 505 (1.0e-04)
634.101 .... 1546 packets received, 4999 bps, 62.48%, Err 509 (1.0e-04)
637.034 .... 1547 packets received, 4979 bps, 62.23%, Err 514 (1.0e-04)
639.689 .... 1553 packets received, 4977 bps, 62.22%, Err 514 (1.0e-04)
642.357 .... 1563 packets received, 4988 bps, 62.36%, Err 516 (1.0e-04)
645.303 .... 1564 packets received, 4969 bps, 62.11%, Err 522 (1.0e-04)
648.204 .... 1570 packets received, 4966 bps, 62.07%, Err 523 (1.0e-04)
650.353 .... 1581 packets received, 4984 bps, 62.30%, Err 524 (1.0e-04)
652.486 .... 1587 packets received, 4986 bps, 62.33%, Err 525 (1.0e-04)
654.588 .... 1591 packets received, 4983 bps, 62.29%, Err 527 (1.0e-04)
657.260 .... 1599 packets received, 4988 bps, 62.34%, Err 529 (1.0e-04)
661.524 .... 1607 packets received, 4980 bps, 62.25%, Err 533 (1.0e-04)
664.192 .... 1618 packets received, 4994 bps, 62.43%, Err 534 (1.0e-04)
666.600 .... 1623 packets received, 4991 bps, 62.39%, Err 536 (1.0e-04)
668.717 .... 1633 packets received, 5006 bps, 62.58%, Err 537 (1.0e-04)
671.372 .... 1639 packets received, 5005 bps, 62.56%, Err 538 (1.0e-04)
673.490 .... 1649 packets received, 5019 bps, 62.74%, Err 539 (1.0e-04)
675.637 .... 1657 packets received, 5028 bps, 62.85%, Err 539 (1.0e-04)
677.769 .... 1664 packets received, 5033 bps, 62.91%, Err 543 (1.0e-04)
679.887 .... 1668 packets received, 5029 bps, 62.87%, Err 546 (1.0e-04)
682.556 .... 1678 packets received, 5040 bps, 63.00%, Err 548 (1.0e-04)
684.950 .... 1685 packets received, 5043 bps, 63.04%, Err 548 (1.0e-04)
687.346 .... 1689 packets received, 5037 bps, 62.97%, Err 550 (1.0e-04)
689.462 .... 1699 packets received, 5052 bps, 63.15%, Err 550 (1.0e-04)
692.377 .... 1703 packets received, 5042 bps, 63.03%, Err 552 (1.0e-04)
695.046 .... 1713 packets received, 5052 bps, 63.15%, Err 553 (1.0e-04)
699.019 .... 1717 packets received, 5035 bps, 62.94%, Err 557 (1.0e-04)
701.976 .... 1726 packets received, 5040 bps, 63.01%, Err 561 (1.0e-04)
704.887 .... 1729 packets received, 5028 bps, 62.85%, Err 564 (1.0e-04)
707.822 .... 1736 packets received, 5028 bps, 62.85%, Err 566 (1.0e-04)
710.472 .... 1741 packets received, 5023 bps, 62.79%, Err 571 (1.0e-04)
713.953 .... 1744 packets received, 5007 bps, 62.59%, Err 574 (1.0e-04)
716.063 .... 1754 packets received, 5021 bps, 62.77%, Err 574 (1.0e-04)
718.192 .... 1758 packets received, 5018 bps, 62.72%, Err 576 (1.0e-04)
720.306 .... 1768 packets received, 5032 bps, 62.89%, Err 578 (1.0e-04)
722.956 .... 1770 packets received, 5019 bps, 62.73%, Err 580 (1.0e-04)
725.100 .... 1781 packets received, 5035 bps, 62.94%, Err 580 (1.0e-04)
727.243 .... 1787 packets received, 5037 bps, 62.96%, Err 580 (1.0e-04)
729.373 .... 1793 packets received, 5039 bps, 62.99%, Err 580 (9.9e-05)
731.500 .... 1798 packets received, 5039 bps, 62.98%, Err 581 (9.9e-05)
734.440 .... 1805 packets received, 5038 bps, 62.97%, Err 582 (9.9e-05)
736.567 .... 1816 packets received, 5054 bps, 63.17%, Err 583 (9.9e-05)
740.045 .... 1817 packets received, 5033 bps, 62.91%, Err 590 (1.0e-04)
742.694 .... 1824 packets received, 5034 bps, 62.93%, Err 594 (1.0e-04)
745.345 .... 1826 packets received, 5022 bps, 62.77%, Err 596 (1.0e-04)
748.025 .... 1832 packets received, 5020 bps, 62.75%, Err 597 (1.0e-04)
750.154 .... 1842 packets received, 5033 bps, 62.92%, Err 598 (1.0e-04)
752.282 .... 1848 packets received, 5035 bps, 62.94%, Err 598 (9.9e-05)
754.655 .... 1852 packets received, 5030 bps, 62.88%, Err 601 (1.0e-04)
758.405 .... 1857 packets received, 5019 bps, 62.74%, Err 606 (1.0e-04)
764.009 .... 1863 packets received, 4998 bps, 62.48%, Err 612 (1.0e-04)
766.918 .... 1872 packets received, 5003 bps, 62.54%, Err 612 (1.0e-04)
769.874 .... 1881 packets received, 5008 bps, 62.60%, Err 616 (1.0e-04)
772.245 .... 1884 packets received, 5001 bps, 62.51%, Err 619 (1.0e-04)
774.375 .... 1890 packets received, 5003 bps, 62.54%, Err 621 (1.0e-04)
776.502 .... 1900 packets received, 5016 bps, 62.69%, Err 621 (1.0e-04)
778.629 .... 1908 packets received, 5023 bps, 62.79%, Err 622 (1.0e-04)
781.555 .... 1912 packets received, 5015 bps, 62.68%, Err 625 (1.0e-04)
784.232 .... 1919 packets received, 5016 bps, 62.70%, Err 627 (1.0e-04)
786.360 .... 1927 packets received, 5023 bps, 62.79%, Err 629 (1.0e-04)
788.474 .... 1933 packets received, 5025 bps, 62.81%, Err 631 (1.0e-04)
791.138 .... 1936 packets received, 5016 bps, 62.70%, Err 634 (1.0e-04)
793.251 .... 1947 packets received, 5031 bps, 62.89%, Err 635 (1.0e-04)
795.653 .... 1951 packets received, 5026 bps, 62.83%, Err 637 (1.0e-04)
797.766 .... 1963 packets received, 5044 bps, 63.05%, Err 638 (1.0e-04)
801.242 .... 1965 packets received, 5027 bps, 62.84%, Err 643 (1.0e-04)
804.705 .... 1971 packets received, 5020 bps, 62.76%, Err 646 (1.0e-04)
806.836 .... 1983 packets received, 5038 bps, 62.97%, Err 646 (1.0e-04)
808.967 .... 1989 packets received, 5040 bps, 63.00%, Err 648 (1.0e-04)
811.912 .... 1994 packets received, 5034 bps, 62.92%, Err 649 (1.0e-04)
815.102 .... 2002 packets received, 5034 bps, 62.93%, Err 651 (1.0e-04)
817.752 .... 2012 packets received, 5043 bps, 63.04%, Err 654 (1.0e-04)
819.885 .... 2022 packets received, 5055 bps, 63.19%, Err 656 (1.0e-04)
824.392 .... 2026 packets received, 5037 bps, 62.97%, Err 661 (1.0e-04)
827.321 .... 2029 packets received, 5027 bps, 62.84%, Err 664 (1.0e-04)
829.469 .... 2042 packets received, 5046 bps, 63.07%, Err 665 (1.0e-04)
831.587 .... 2048 packets received, 5048 bps, 63.10%, Err 665 (1.0e-04)
833.735 .... 2051 packets received, 5042 bps, 63.03%, Err 667 (1.0e-04)
836.923 .... 2054 packets received, 5030 bps, 62.88%, Err 671 (1.0e-04)
839.855 .... 2063 packets received, 5035 bps, 62.93%, Err 674 (1.0e-04)
842.522 .... 2068 packets received, 5031 bps, 62.89%, Err 675 (1.0e-04)
845.713 .... 2078 packets received, 5036 bps, 62.95%, Err 678 (1.0e-04)
847.846 .... 2088 packets received, 5048 bps, 63.10%, Err 678 (1.0e-04)
851.836 .... 2090 packets received, 5029 bps, 62.86%, Err 684 (1.0e-04)
854.489 .... 2100 packets received, 5037 bps, 62.96%, Err 685 (1.0e-04)
857.144 .... 2108 packets received, 5041 bps, 63.01%, Err 688 (1.0e-04)
861.408 .... 2116 packets received, 5035 bps, 62.93%, Err 690 (1.0e-04)
864.062 .... 2127 packets received, 5045 bps, 63.07%, Err 694 (1.0e-04)
866.730 .... 2129 packets received, 5035 bps, 62.93%, Err 695 (1.0e-04)
868.862 .... 2141 packets received, 5050 bps, 63.13%, Err 695 (1.0e-04)
871.795 .... 2148 packets received, 5050 bps, 63.12%, Err 698 (1.0e-04)
874.463 .... 2152 packets received, 5044 bps, 63.05%, Err 700 (1.0e-04)
876.581 .... 2161 packets received, 5053 bps, 63.16%, Err 702 (1.0e-04)
879.512 .... 2163 packets received, 5041 bps, 63.01%, Err 703 (1.0e-04)
882.717 .... 2173 packets received, 5045 bps, 63.07%, Err 709 (1.0e-04)
885.371 .... 2176 packets received, 5037 bps, 62.97%, Err 711 (1.0e-04)
889.360 .... 2184 packets received, 5033 bps, 62.91%, Err 713 (1.0e-04)
893.372 .... 2194 packets received, 5033 bps, 62.92%, Err 716 (1.0e-04)
898.973 .... 2204 packets received, 5025 bps, 62.81%, Err 721 (1.0e-04)
901.917 .... 2212 packets received, 5027 bps, 62.83%, Err 723 (1.0e-04)
904.045 .... 2221 packets received, 5035 bps, 62.94%, Err 723 (1.0e-04)
906.142 .... 2228 packets received, 5039 bps, 62.99%, Err 725 (1.0e-04)
908.283 .... 2236 packets received, 5045 bps, 63.07%, Err 725 (1.0e-04)
910.443 .... 2244 packets received, 5052 bps, 63.14%, Err 725 (1.0e-04)
913.613 .... 2252 packets received, 5052 bps, 63.15%, Err 730 (1.0e-04)
916.000 .... 2254 packets received, 5043 bps, 63.04%, Err 732 (1.0e-04)
918.679 .... 2259 packets received, 5040 bps, 63.00%, Err 734 (1.0e-04)
923.488 .... 2268 packets received, 5033 bps, 62.92%, Err 739 (1.0e-04)
925.630 .... 2274 packets received, 5035 bps, 62.94%, Err 740 (1.0e-04)
928.813 .... 2285 packets received, 5042 bps, 63.03%, Err 746 (1.0e-04)
931.738 .... 2287 packets received, 5031 bps, 62.88%, Err 747 (1.0e-04)
934.661 .... 2298 packets received, 5039 bps, 62.99%, Err 749 (1.0e-04)
937.341 .... 2308 packets received, 5046 bps, 63.08%, Err 749 (1.0e-04)
939.973 .... 2312 packets received, 5041 bps, 63.01%, Err 751 (1.0e-04)
942.117 .... 2322 packets received, 5051 bps, 63.14%, Err 752 (1.0e-04)
944.259 .... 2330 packets received, 5057 bps, 63.21%, Err 752 (1.0e-04)
946.663 .... 2335 packets received, 5055 bps, 63.19%, Err 754 (1.0e-04)
949.849 .... 2339 packets received, 5047 bps, 63.08%, Err 758 (1.0e-04)
952.772 .... 2343 packets received, 5040 bps, 63.00%, Err 762 (1.0e-04)
955.453 .... 2350 packets received, 5041 bps, 63.01%, Err 765 (1.0e-04)
958.117 .... 2359 packets received, 5046 bps, 63.07%, Err 767 (1.0e-04)
960.275 .... 2368 packets received, 5054 bps, 63.17%, Err 769 (1.0e-04)
963.431 .... 2372 packets received, 5046 bps, 63.07%, Err 774 (1.0e-04)
966.647 .... 2378 packets received, 5042 bps, 63.02%, Err 775 (1.0e-04)
968.788 .... 2386 packets received, 5047 bps, 63.09%, Err 776 (1.0e-04)
970.916 .... 2392 packets received, 5049 bps, 63.11%, Err 777 (1.0e-04)
974.086 .... 2394 packets received, 5037 bps, 62.96%, Err 779 (1.0e-04)
976.764 .... 2404 packets received, 5044 bps, 63.05%, Err 780 (1.0e-04)
979.153 .... 2408 packets received, 5040 bps, 63.00%, Err 782 (1.0e-04)
982.352 .... 2415 packets received, 5038 bps, 62.98%, Err 788 (1.0e-04)
985.000 .... 2417 packets received, 5029 bps, 62.86%, Err 789 (1.0e-04)
987.143 .... 2427 packets received, 5039 bps, 62.98%, Err 789 (1.0e-04)
990.357 .... 2432 packets received, 5033 bps, 62.91%, Err 792 (1.0e-04)
992.484 .... 2443 packets received, 5045 bps, 63.06%, Err 794 (1.0e-04)
994.613 .... 2450 packets received, 5048 bps, 63.10%, Err 795 (1.0e-04)
999.922 .... 2458 packets received, 5038 bps, 62.97%, Err 801 (1.0e-04)
1005.258 .... 2469 packets received, 5033 bps, 62.92%, Err 807 (1.0e-04)
1008.187 .... 2474 packets received, 5029 bps, 62.86%, Err 809 (1.0e-04)
1010.319 .... 2486 packets received, 5043 bps, 63.03%, Err 809 (1.0e-04)
1012.436 .... 2493 packets received, 5046 bps, 63.08%, Err 810 (1.0e-04)
1014.582 .... 2501 packets received, 5052 bps, 63.15%, Err 811 (1.0e-04)
1016.684 .... 2508 packets received, 5055 bps, 63.19%, Err 813 (1.0e-04)
1018.832 .... 2516 packets received, 5061 bps, 63.26%, Err 813 (1.0e-04)
1020.949 .... 2524 packets received, 5066 bps, 63.33%, Err 813 (1.0e-04)
1023.097 .... 2532 packets received, 5072 bps, 63.40%, Err 814 (9.9e-05)
1027.101 .... 2536 packets received, 5060 bps, 63.25%, Err 818 (1.0e-04)
1032.405 .... 2547 packets received, 5056 bps, 63.20%, Err 825 (1.0e-04)
1035.337 .... 2553 packets received, 5053 bps, 63.17%, Err 826 (1.0e-04)
1040.676 .... 2564 packets received, 5049 bps, 63.11%, Err 833 (1.0e-04)
1043.314 .... 2572 packets received, 5052 bps, 63.15%, Err 833 (1.0e-04)
1045.448 .... 2580 packets received, 5057 bps, 63.22%, Err 834 (1.0e-04)
1047.580 .... 2586 packets received, 5059 bps, 63.24%, Err 835 (1.0e-04)
1049.730 .... 2592 packets received, 5060 bps, 63.25%, Err 837 (1.0e-04)
1053.150 .... 2593 packets received, 5046 bps, 63.07%, Err 842 (1.0e-04)
1055.832 .... 2604 packets received, 5054 bps, 63.18%, Err 842 (1.0e-04)
1059.529 .... 2607 packets received, 5042 bps, 63.03%, Err 849 (1.0e-04)
1062.473 .... 2612 packets received, 5038 bps, 62.98%, Err 852 (1.0e-04)
1065.399 .... 2616 packets received, 5032 bps, 62.90%, Err 855 (1.0e-04)
1069.124 .... 2624 packets received, 5030 bps, 62.87%, Err 857 (1.0e-04)
1071.257 .... 2636 packets received, 5043 bps, 63.03%, Err 857 (1.0e-04)
1073.657 .... 2641 packets received, 5041 bps, 63.01%, Err 859 (1.0e-04)
1076.063 .... 2649 packets received, 5045 bps, 63.06%, Err 862 (1.0e-04)
1078.746 .... 2654 packets received, 5042 bps, 63.02%, Err 866 (1.0e-04)
1081.401 .... 2660 packets received, 5041 bps, 63.01%, Err 870 (1.0e-04)
1084.314 .... 2664 packets received, 5035 bps, 62.93%, Err 870 (1.0e-04)
1086.446 .... 2674 packets received, 5044 bps, 63.05%, Err 870 (1.0e-04)
1088.579 .... 2680 packets received, 5045 bps, 63.06%, Err 871 (1.0e-04)
1091.788 .... 2686 packets received, 5042 bps, 63.02%, Err 873 (1.0e-04)
1094.150 .... 2693 packets received, 5044 bps, 63.05%, Err 876 (1.0e-04)
1096.313 .... 2694 packets received, 5036 bps, 62.95%, Err 877 (1.0e-04)
1098.460 .... 2705 packets received, 5046 bps, 63.08%, Err 877 (1.0e-04)
1102.155 .... 2707 packets received, 5033 bps, 62.91%, Err 882 (1.0e-04)
1104.284 .... 2714 packets received, 5036 bps, 62.96%, Err 885 (1.0e-04)
1107.207 .... 2723 packets received, 5040 bps, 63.00%, Err 887 (1.0e-04)
1109.351 .... 2732 packets received, 5047 bps, 63.08%, Err 889 (1.0e-04)
1111.464 .... 2739 packets received, 5050 bps, 63.12%, Err 889 (1.0e-04)
1113.606 .... 2743 packets received, 5048 bps, 63.10%, Err 892 (1.0e-04)
1116.240 .... 2746 packets received, 5041 bps, 63.02%, Err 893 (1.0e-04)
1118.643 .... 2755 packets received, 5047 bps, 63.09%, Err 895 (1.0e-04)
1120.757 .... 2761 packets received, 5048 bps, 63.10%, Err 895 (1.0e-04)
1122.899 .... 2767 packets received, 5050 bps, 63.12%, Err 896 (1.0e-04)
1125.565 .... 2770 packets received, 5043 bps, 63.04%, Err 900 (1.0e-04)
1128.489 .... 2775 packets received, 5039 bps, 62.99%, Err 904 (1.0e-04)
1131.430 .... 2777 packets received, 5030 bps, 62.87%, Err 906 (1.0e-04)
1133.543 .... 2790 packets received, 5044 bps, 63.05%, Err 906 (1.0e-04)
1138.061 .... 2796 packets received, 5035 bps, 62.93%, Err 910 (1.0e-04)
1140.732 .... 2808 packets received, 5044 bps, 63.05%, Err 911 (1.0e-04)
1143.933 .... 2812 packets received, 5037 bps, 62.97%, Err 916 (1.0e-04)
1146.061 .... 2823 packets received, 5048 bps, 63.10%, Err 917 (1.0e-04)
1151.126 .... 2830 packets received, 5038 bps, 62.97%, Err 923 (1.0e-04)
1153.785 .... 2838 packets received, 5040 bps, 63.01%, Err 926 (1.0e-04)
1155.927 .... 2846 packets received, 5045 bps, 63.07%, Err 926 (1.0e-04)
1158.040 .... 2852 packets received, 5047 bps, 63.08%, Err 927 (1.0e-04)
1160.152 .... 2858 packets received, 5048 bps, 63.10%, Err 928 (1.0e-04)
1162.814 .... 2864 packets received, 5047 bps, 63.09%, Err 929 (1.0e-04)
1165.484 .... 2873 packets received, 5051 bps, 63.14%, Err 932 (1.0e-04)
1168.439 .... 2876 packets received, 5044 bps, 63.05%, Err 934 (1.0e-04)
1170.569 .... 2889 packets received, 5057 bps, 63.22%, Err 935 (1.0e-04)
1172.666 .... 2892 packets received, 5054 bps, 63.17%, Err 937 (1.0e-04)
1174.778 .... 2901 packets received, 5060 bps, 63.25%, Err 937 (1.0e-04)
1178.254 .... 2906 packets received, 5054 bps, 63.18%, Err 942 (1.0e-04)
1181.176 .... 2912 packets received, 5052 bps, 63.15%, Err 946 (1.0e-04)
1184.925 .... 2915 packets received, 5041 bps, 63.01%, Err 948 (1.0e-04)
1189.715 .... 2927 packets received, 5041 bps, 63.02%, Err 952 (1.0e-04)
1192.378 .... 2934 packets received, 5042 bps, 63.03%, Err 952 (1.0e-04)
1195.821 .... 2940 packets received, 5038 bps, 62.97%, Err 954 (1.0e-04)
1197.963 .... 2952 packets received, 5049 bps, 63.12%, Err 956 (1.0e-04)
1200.029 Quit.
