000.000 =============================================================
000.000                     Station A                               
000.000 -------------------------------------------------------------
000.000 Protocol.lib, version 4.0, jiangyanjun0718@bupt.edu.cn
000.000 Channel: 8000 bps, 270 ms propagation delay, bit error rate 0
000.000 Log file "uA.log", TCP port 30022, debug mask 0x00
000.000 Station A is waiting for station B on TCP port 30022 ... Done.
000.388 New epoch: Thu May 16 16:47:39 2019
000.388 =================================================================
000.388 
000.388 Designed by CJSoft, build: May 16 2019  15:57:30
003.434 .... 8 packets received, 7696 bps, 96.20%, Err 0 (0.0e+00)
005.551 .... 16 packets received, 7717 bps, 96.47%, Err 0 (0.0e+00)
007.669 .... 24 packets received, 7723 bps, 96.54%, Err 0 (0.0e+00)
009.800 .... 32 packets received, 7715 bps, 96.43%, Err 0 (0.0e+00)
011.898 .... 40 packets received, 7733 bps, 96.67%, Err 0 (0.0e+00)
014.042 .... 48 packets received, 7718 bps, 96.47%, Err 0 (0.0e+00)
016.176 .... 56 packets received, 7712 bps, 96.40%, Err 0 (0.0e+00)
018.268 .... 64 packets received, 7727 bps, 96.59%, Err 0 (0.0e+00)
020.394 .... 72 packets received, 7725 bps, 96.56%, Err 0 (0.0e+00)
022.506 .... 80 packets received, 7728 bps, 96.60%, Err 0 (0.0e+00)
024.639 .... 88 packets received, 7724 bps, 96.55%, Err 0 (0.0e+00)
026.751 .... 96 packets received, 7726 bps, 96.58%, Err 0 (0.0e+00)
028.884 .... 104 packets received, 7723 bps, 96.54%, Err 0 (0.0e+00)
030.979 .... 112 packets received, 7730 bps, 96.62%, Err 0 (0.0e+00)
033.099 .... 120 packets received, 7730 bps, 96.62%, Err 0 (0.0e+00)
035.232 .... 128 packets received, 7727 bps, 96.58%, Err 0 (0.0e+00)
037.350 .... 136 packets received, 7727 bps, 96.59%, Err 0 (0.0e+00)
039.468 .... 144 packets received, 7728 bps, 96.60%, Err 0 (0.0e+00)
041.587 .... 152 packets received, 7728 bps, 96.60%, Err 0 (0.0e+00)
043.720 .... 160 packets received, 7726 bps, 96.57%, Err 0 (0.0e+00)
045.837 .... 168 packets received, 7726 bps, 96.58%, Err 0 (0.0e+00)
047.957 .... 176 packets received, 7726 bps, 96.58%, Err 0 (0.0e+00)
050.061 .... 184 packets received, 7729 bps, 96.61%, Err 0 (0.0e+00)
052.196 .... 192 packets received, 7727 bps, 96.58%, Err 0 (0.0e+00)
054.318 .... 200 packets received, 7726 bps, 96.58%, Err 0 (0.0e+00)
056.433 .... 208 packets received, 7727 bps, 96.59%, Err 0 (0.0e+00)
058.545 .... 216 packets received, 7728 bps, 96.60%, Err 0 (0.0e+00)
060.669 .... 224 packets received, 7728 bps, 96.60%, Err 0 (0.0e+00)
062.811 .... 232 packets received, 7725 bps, 96.56%, Err 0 (0.0e+00)
064.912 .... 240 packets received, 7727 bps, 96.59%, Err 0 (0.0e+00)
067.033 .... 248 packets received, 7727 bps, 96.59%, Err 0 (0.0e+00)
069.162 .... 256 packets received, 7726 bps, 96.58%, Err 0 (0.0e+00)
071.260 .... 264 packets received, 7729 bps, 96.61%, Err 0 (0.0e+00)
073.376 .... 272 packets received, 7729 bps, 96.62%, Err 0 (0.0e+00)
075.509 .... 280 packets received, 7728 bps, 96.60%, Err 0 (0.0e+00)
077.639 .... 288 packets received, 7727 bps, 96.59%, Err 0 (0.0e+00)
079.742 .... 296 packets received, 7729 bps, 96.61%, Err 0 (0.0e+00)
081.871 .... 304 packets received, 7728 bps, 96.60%, Err 0 (0.0e+00)
084.000 .... 312 packets received, 7727 bps, 96.59%, Err 0 (0.0e+00)
086.098 .... 320 packets received, 7729 bps, 96.61%, Err 0 (0.0e+00)
088.239 .... 328 packets received, 7727 bps, 96.59%, Err 0 (0.0e+00)
090.352 .... 336 packets received, 7728 bps, 96.60%, Err 0 (0.0e+00)
092.468 .... 344 packets received, 7728 bps, 96.60%, Err 0 (0.0e+00)
094.594 .... 352 packets received, 7728 bps, 96.59%, Err 0 (0.0e+00)
096.710 .... 360 packets received, 7728 bps, 96.60%, Err 0 (0.0e+00)
098.843 .... 368 packets received, 7727 bps, 96.59%, Err 0 (0.0e+00)
104.481 .... 375 packets received, 7444 bps, 93.04%, Err 0 (0.0e+00)
108.491 .... 376 packets received, 7184 bps, 89.80%, Err 0 (0.0e+00)
112.656 .... 377 packets received, 6934 bps, 86.67%, Err 0 (0.0e+00)
116.684 .... 378 packets received, 6710 bps, 83.87%, Err 0 (0.0e+00)
120.771 .... 379 packets received, 6497 bps, 81.21%, Err 0 (0.0e+00)
124.891 .... 380 packets received, 6297 bps, 78.71%, Err 0 (0.0e+00)
129.029 .... 381 packets received, 6109 bps, 76.37%, Err 0 (0.0e+00)
133.149 .... 382 packets received, 5934 bps, 74.17%, Err 0 (0.0e+00)
137.296 .... 383 packets received, 5768 bps, 72.10%, Err 0 (0.0e+00)
141.384 .... 384 packets received, 5614 bps, 70.18%, Err 0 (0.0e+00)
145.520 .... 385 packets received, 5467 bps, 68.34%, Err 0 (0.0e+00)
149.703 .... 386 packets received, 5327 bps, 66.59%, Err 0 (0.0e+00)
153.792 .... 387 packets received, 5198 bps, 64.97%, Err 0 (0.0e+00)
157.893 .... 388 packets received, 5075 bps, 63.43%, Err 0 (0.0e+00)
161.939 .... 389 packets received, 4960 bps, 61.99%, Err 0 (0.0e+00)
166.015 .... 390 packets received, 4849 bps, 60.62%, Err 0 (0.0e+00)
170.167 .... 391 packets received, 4742 bps, 59.28%, Err 0 (0.0e+00)
174.212 .... 392 packets received, 4643 bps, 58.04%, Err 0 (0.0e+00)
178.317 .... 393 packets received, 4547 bps, 56.84%, Err 0 (0.0e+00)
182.380 .... 394 packets received, 4456 bps, 55.70%, Err 0 (0.0e+00)
186.516 .... 395 packets received, 4368 bps, 54.60%, Err 0 (0.0e+00)
190.541 .... 396 packets received, 4286 bps, 53.57%, Err 0 (0.0e+00)
194.595 .... 397 packets received, 4206 bps, 52.58%, Err 0 (0.0e+00)
198.717 .... 398 packets received, 4129 bps, 51.61%, Err 0 (0.0e+00)
200.789 .... 400 packets received, 4107 bps, 51.33%, Err 0 (0.0e+00)
202.914 .... 408 packets received, 4145 bps, 51.81%, Err 0 (0.0e+00)
205.062 .... 416 packets received, 4181 bps, 52.27%, Err 0 (0.0e+00)
207.181 .... 424 packets received, 4218 bps, 52.72%, Err 0 (0.0e+00)
209.281 .... 432 packets received, 4254 bps, 53.18%, Err 0 (0.0e+00)
211.399 .... 440 packets received, 4289 bps, 53.61%, Err 0 (0.0e+00)
213.530 .... 448 packets received, 4323 bps, 54.04%, Err 0 (0.0e+00)
215.639 .... 456 packets received, 4357 bps, 54.46%, Err 0 (0.0e+00)
217.777 .... 464 packets received, 4390 bps, 54.87%, Err 0 (0.0e+00)
219.885 .... 472 packets received, 4422 bps, 55.28%, Err 0 (0.0e+00)
222.007 .... 480 packets received, 4454 bps, 55.68%, Err 0 (0.0e+00)
224.109 .... 488 packets received, 4486 bps, 56.07%, Err 0 (0.0e+00)
226.256 .... 496 packets received, 4516 bps, 56.45%, Err 0 (0.0e+00)
228.354 .... 504 packets received, 4546 bps, 56.83%, Err 0 (0.0e+00)
230.501 .... 512 packets received, 4575 bps, 57.19%, Err 0 (0.0e+00)
232.591 .... 520 packets received, 4605 bps, 57.56%, Err 0 (0.0e+00)
234.731 .... 528 packets received, 4632 bps, 57.91%, Err 0 (0.0e+00)
236.849 .... 536 packets received, 4660 bps, 58.25%, Err 0 (0.0e+00)
238.977 .... 544 packets received, 4688 bps, 58.60%, Err 0 (0.0e+00)
241.110 .... 552 packets received, 4714 bps, 58.93%, Err 0 (0.0e+00)
243.214 .... 560 packets received, 4741 bps, 59.26%, Err 0 (0.0e+00)
245.329 .... 568 packets received, 4767 bps, 59.59%, Err 0 (0.0e+00)
247.445 .... 576 packets received, 4793 bps, 59.91%, Err 0 (0.0e+00)
249.576 .... 584 packets received, 4817 bps, 60.22%, Err 0 (0.0e+00)
251.693 .... 592 packets received, 4842 bps, 60.53%, Err 0 (0.0e+00)
253.796 .... 600 packets received, 4867 bps, 60.83%, Err 0 (0.0e+00)
255.928 .... 608 packets received, 4890 bps, 61.13%, Err 0 (0.0e+00)
258.046 .... 616 packets received, 4914 bps, 61.42%, Err 0 (0.0e+00)
260.163 .... 624 packets received, 4937 bps, 61.71%, Err 0 (0.0e+00)
262.276 .... 632 packets received, 4960 bps, 62.00%, Err 0 (0.0e+00)
264.406 .... 640 packets received, 4982 bps, 62.27%, Err 0 (0.0e+00)
266.543 .... 648 packets received, 5003 bps, 62.54%, Err 0 (0.0e+00)
268.653 .... 656 packets received, 5025 bps, 62.82%, Err 0 (0.0e+00)
270.767 .... 664 packets received, 5047 bps, 63.08%, Err 0 (0.0e+00)
272.882 .... 672 packets received, 5068 bps, 63.35%, Err 0 (0.0e+00)
275.025 .... 680 packets received, 5088 bps, 63.60%, Err 0 (0.0e+00)
277.138 .... 688 packets received, 5108 bps, 63.85%, Err 0 (0.0e+00)
279.249 .... 696 packets received, 5128 bps, 64.10%, Err 0 (0.0e+00)
281.348 .... 704 packets received, 5148 bps, 64.36%, Err 0 (0.0e+00)
283.492 .... 712 packets received, 5167 bps, 64.59%, Err 0 (0.0e+00)
285.607 .... 720 packets received, 5187 bps, 64.83%, Err 0 (0.0e+00)
287.736 .... 728 packets received, 5205 bps, 65.07%, Err 0 (0.0e+00)
289.845 .... 736 packets received, 5224 bps, 65.30%, Err 0 (0.0e+00)
291.963 .... 744 packets received, 5242 bps, 65.53%, Err 0 (0.0e+00)
294.102 .... 752 packets received, 5260 bps, 65.75%, Err 0 (0.0e+00)
296.207 .... 760 packets received, 5278 bps, 65.97%, Err 0 (0.0e+00)
298.322 .... 768 packets received, 5296 bps, 66.19%, Err 0 (0.0e+00)
300.439 .... 776 packets received, 5313 bps, 66.41%, Err 0 (0.0e+00)
304.493 .... 777 packets received, 5249 bps, 65.61%, Err 0 (0.0e+00)
308.615 .... 778 packets received, 5185 bps, 64.81%, Err 0 (0.0e+00)
312.705 .... 779 packets received, 5123 bps, 64.04%, Err 0 (0.0e+00)
316.732 .... 780 packets received, 5064 bps, 63.30%, Err 0 (0.0e+00)
320.895 .... 781 packets received, 5005 bps, 62.56%, Err 0 (0.0e+00)
325.043 .... 782 packets received, 4947 bps, 61.84%, Err 0 (0.0e+00)
329.192 .... 783 packets received, 4891 bps, 61.13%, Err 0 (0.0e+00)
333.256 .... 784 packets received, 4837 bps, 60.46%, Err 0 (0.0e+00)
337.363 .... 785 packets received, 4784 bps, 59.80%, Err 0 (0.0e+00)
341.425 .... 786 packets received, 4733 bps, 59.16%, Err 0 (0.0e+00)
345.521 .... 787 packets received, 4682 bps, 58.53%, Err 0 (0.0e+00)
349.618 .... 788 packets received, 4633 bps, 57.92%, Err 0 (0.0e+00)
353.718 .... 789 packets received, 4585 bps, 57.31%, Err 0 (0.0e+00)
357.782 .... 790 packets received, 4539 bps, 56.73%, Err 0 (0.0e+00)
361.917 .... 791 packets received, 4492 bps, 56.15%, Err 0 (0.0e+00)
366.024 .... 792 packets received, 4447 bps, 55.59%, Err 0 (0.0e+00)
370.086 .... 793 packets received, 4404 bps, 55.05%, Err 0 (0.0e+00)
374.164 .... 794 packets received, 4361 bps, 54.51%, Err 0 (0.0e+00)
378.296 .... 795 packets received, 4319 bps, 53.99%, Err 0 (0.0e+00)
382.393 .... 796 packets received, 4278 bps, 53.47%, Err 0 (0.0e+00)
386.423 .... 797 packets received, 4238 bps, 52.98%, Err 0 (0.0e+00)
390.561 .... 798 packets received, 4199 bps, 52.48%, Err 0 (0.0e+00)
394.753 .... 799 packets received, 4159 bps, 51.99%, Err 0 (0.0e+00)
398.814 .... 800 packets received, 4122 bps, 51.52%, Err 0 (0.0e+00)
401.066 .... 803 packets received, 4114 bps, 51.42%, Err 0 (0.0e+00)
403.198 .... 811 packets received, 4133 bps, 51.66%, Err 0 (0.0e+00)
405.299 .... 819 packets received, 4152 bps, 51.90%, Err 0 (0.0e+00)
407.424 .... 827 packets received, 4170 bps, 52.13%, Err 0 (0.0e+00)
409.549 .... 835 packets received, 4189 bps, 52.36%, Err 0 (0.0e+00)
411.669 .... 843 packets received, 4207 bps, 52.59%, Err 0 (0.0e+00)
413.781 .... 851 packets received, 4225 bps, 52.82%, Err 0 (0.0e+00)
415.896 .... 859 packets received, 4243 bps, 53.04%, Err 0 (0.0e+00)
418.020 .... 867 packets received, 4261 bps, 53.26%, Err 0 (0.0e+00)
420.139 .... 875 packets received, 4279 bps, 53.48%, Err 0 (0.0e+00)
422.269 .... 883 packets received, 4296 bps, 53.70%, Err 0 (0.0e+00)
424.382 .... 891 packets received, 4313 bps, 53.91%, Err 0 (0.0e+00)
426.510 .... 899 packets received, 4330 bps, 54.13%, Err 0 (0.0e+00)
428.612 .... 907 packets received, 4347 bps, 54.34%, Err 0 (0.0e+00)
430.725 .... 915 packets received, 4364 bps, 54.55%, Err 0 (0.0e+00)
432.873 .... 923 packets received, 4380 bps, 54.75%, Err 0 (0.0e+00)
434.990 .... 931 packets received, 4396 bps, 54.96%, Err 0 (0.0e+00)
437.101 .... 939 packets received, 4413 bps, 55.16%, Err 0 (0.0e+00)
439.228 .... 947 packets received, 4429 bps, 55.36%, Err 0 (0.0e+00)
441.357 .... 955 packets received, 4445 bps, 55.56%, Err 0 (0.0e+00)
443.458 .... 963 packets received, 4461 bps, 55.76%, Err 0 (0.0e+00)
445.590 .... 971 packets received, 4476 bps, 55.95%, Err 0 (0.0e+00)
447.708 .... 979 packets received, 4491 bps, 56.14%, Err 0 (0.0e+00)
449.826 .... 987 packets received, 4507 bps, 56.33%, Err 0 (0.0e+00)
451.928 .... 995 packets received, 4522 bps, 56.53%, Err 0 (0.0e+00)
454.061 .... 1003 packets received, 4537 bps, 56.71%, Err 0 (0.0e+00)
456.194 .... 1011 packets received, 4552 bps, 56.90%, Err 0 (0.0e+00)
458.297 .... 1019 packets received, 4567 bps, 57.08%, Err 0 (0.0e+00)
460.414 .... 1027 packets received, 4581 bps, 57.27%, Err 0 (0.0e+00)
462.533 .... 1035 packets received, 4596 bps, 57.45%, Err 0 (0.0e+00)
464.665 .... 1043 packets received, 4610 bps, 57.62%, Err 0 (0.0e+00)
466.767 .... 1051 packets received, 4624 bps, 57.80%, Err 0 (0.0e+00)
468.910 .... 1059 packets received, 4638 bps, 57.98%, Err 0 (0.0e+00)
471.025 .... 1067 packets received, 4652 bps, 58.15%, Err 0 (0.0e+00)
473.147 .... 1075 packets received, 4666 bps, 58.32%, Err 0 (0.0e+00)
475.264 .... 1083 packets received, 4680 bps, 58.50%, Err 0 (0.0e+00)
477.379 .... 1091 packets received, 4693 bps, 58.67%, Err 0 (0.0e+00)
479.513 .... 1099 packets received, 4707 bps, 58.83%, Err 0 (0.0e+00)
481.632 .... 1107 packets received, 4720 bps, 59.00%, Err 0 (0.0e+00)
483.743 .... 1115 packets received, 4733 bps, 59.17%, Err 0 (0.0e+00)
485.867 .... 1123 packets received, 4746 bps, 59.33%, Err 0 (0.0e+00)
487.967 .... 1131 packets received, 4760 bps, 59.49%, Err 0 (0.0e+00)
490.100 .... 1139 packets received, 4772 bps, 59.65%, Err 0 (0.0e+00)
492.231 .... 1147 packets received, 4785 bps, 59.81%, Err 0 (0.0e+00)
494.360 .... 1155 packets received, 4798 bps, 59.97%, Err 0 (0.0e+00)
496.445 .... 1163 packets received, 4810 bps, 60.13%, Err 0 (0.0e+00)
498.567 .... 1171 packets received, 4823 bps, 60.29%, Err 0 (0.0e+00)
504.472 .... 1179 packets received, 4799 bps, 59.98%, Err 0 (0.0e+00)
508.591 .... 1180 packets received, 4764 bps, 59.55%, Err 0 (0.0e+00)
512.648 .... 1181 packets received, 4730 bps, 59.13%, Err 0 (0.0e+00)
516.736 .... 1182 packets received, 4697 bps, 58.71%, Err 0 (0.0e+00)
520.853 .... 1183 packets received, 4663 bps, 58.29%, Err 0 (0.0e+00)
524.922 .... 1184 packets received, 4631 bps, 57.89%, Err 0 (0.0e+00)
529.038 .... 1185 packets received, 4599 bps, 57.48%, Err 0 (0.0e+00)
533.121 .... 1186 packets received, 4567 bps, 57.09%, Err 0 (0.0e+00)
537.296 .... 1187 packets received, 4535 bps, 56.69%, Err 0 (0.0e+00)
541.337 .... 1188 packets received, 4505 bps, 56.32%, Err 0 (0.0e+00)
545.446 .... 1189 packets received, 4475 bps, 55.94%, Err 0 (0.0e+00)
549.585 .... 1190 packets received, 4445 bps, 55.56%, Err 0 (0.0e+00)
553.715 .... 1191 packets received, 4416 bps, 55.19%, Err 0 (0.0e+00)
557.835 .... 1192 packets received, 4386 bps, 54.83%, Err 0 (0.0e+00)
561.983 .... 1193 packets received, 4358 bps, 54.47%, Err 0 (0.0e+00)
566.010 .... 1194 packets received, 4330 bps, 54.13%, Err 0 (0.0e+00)
570.191 .... 1195 packets received, 4302 bps, 53.78%, Err 0 (0.0e+00)
574.325 .... 1196 packets received, 4275 bps, 53.43%, Err 0 (0.0e+00)
578.445 .... 1197 packets received, 4248 bps, 53.09%, Err 0 (0.0e+00)
582.487 .... 1198 packets received, 4222 bps, 52.77%, Err 0 (0.0e+00)
586.562 .... 1199 packets received, 4196 bps, 52.45%, Err 0 (0.0e+00)
590.711 .... 1200 packets received, 4170 bps, 52.12%, Err 0 (0.0e+00)
594.847 .... 1201 packets received, 4144 bps, 51.80%, Err 0 (0.0e+00)
598.888 .... 1202 packets received, 4119 bps, 51.49%, Err 0 (0.0e+00)
601.064 .... 1205 packets received, 4115 bps, 51.43%, Err 0 (0.0e+00)
603.182 .... 1213 packets received, 4127 bps, 51.59%, Err 0 (0.0e+00)
605.285 .... 1221 packets received, 4140 bps, 51.75%, Err 0 (0.0e+00)
607.444 .... 1229 packets received, 4152 bps, 51.91%, Err 0 (0.0e+00)
609.530 .... 1237 packets received, 4165 bps, 52.06%, Err 0 (0.0e+00)
611.689 .... 1245 packets received, 4177 bps, 52.22%, Err 0 (0.0e+00)
613.788 .... 1253 packets received, 4190 bps, 52.37%, Err 0 (0.0e+00)
615.917 .... 1261 packets received, 4202 bps, 52.52%, Err 0 (0.0e+00)
618.046 .... 1269 packets received, 4214 bps, 52.67%, Err 0 (0.0e+00)
620.161 .... 1277 packets received, 4226 bps, 52.83%, Err 0 (0.0e+00)
622.258 .... 1285 packets received, 4238 bps, 52.98%, Err 0 (0.0e+00)
624.390 .... 1293 packets received, 4250 bps, 53.12%, Err 0 (0.0e+00)
626.507 .... 1301 packets received, 4262 bps, 53.27%, Err 0 (0.0e+00)
628.623 .... 1309 packets received, 4273 bps, 53.42%, Err 0 (0.0e+00)
630.742 .... 1317 packets received, 4285 bps, 53.56%, Err 0 (0.0e+00)
632.860 .... 1325 packets received, 4297 bps, 53.71%, Err 0 (0.0e+00)
634.992 .... 1333 packets received, 4308 bps, 53.85%, Err 0 (0.0e+00)
637.095 .... 1341 packets received, 4320 bps, 54.00%, Err 0 (0.0e+00)
639.212 .... 1349 packets received, 4331 bps, 54.14%, Err 0 (0.0e+00)
641.345 .... 1357 packets received, 4342 bps, 54.28%, Err 0 (0.0e+00)
643.462 .... 1365 packets received, 4353 bps, 54.42%, Err 0 (0.0e+00)
645.597 .... 1373 packets received, 4364 bps, 54.55%, Err 0 (0.0e+00)
647.714 .... 1381 packets received, 4375 bps, 54.69%, Err 0 (0.0e+00)
649.830 .... 1389 packets received, 4386 bps, 54.83%, Err 0 (0.0e+00)
651.963 .... 1397 packets received, 4397 bps, 54.96%, Err 0 (0.0e+00)
654.066 .... 1405 packets received, 4408 bps, 55.10%, Err 0 (0.0e+00)
656.170 .... 1413 packets received, 4419 bps, 55.24%, Err 0 (0.0e+00)
658.287 .... 1421 packets received, 4430 bps, 55.37%, Err 0 (0.0e+00)
660.434 .... 1429 packets received, 4440 bps, 55.50%, Err 0 (0.0e+00)
662.537 .... 1437 packets received, 4451 bps, 55.63%, Err 0 (0.0e+00)
664.652 .... 1445 packets received, 4461 bps, 55.77%, Err 0 (0.0e+00)
666.783 .... 1453 packets received, 4472 bps, 55.89%, Err 0 (0.0e+00)
668.901 .... 1461 packets received, 4482 bps, 56.02%, Err 0 (0.0e+00)
671.035 .... 1469 packets received, 4492 bps, 56.15%, Err 0 (0.0e+00)
673.152 .... 1477 packets received, 4502 bps, 56.28%, Err 0 (0.0e+00)
675.255 .... 1485 packets received, 4513 bps, 56.41%, Err 0 (0.0e+00)
677.371 .... 1493 packets received, 4523 bps, 56.53%, Err 0 (0.0e+00)
679.504 .... 1501 packets received, 4533 bps, 56.66%, Err 0 (0.0e+00)
681.622 .... 1509 packets received, 4543 bps, 56.78%, Err 0 (0.0e+00)
683.738 .... 1517 packets received, 4553 bps, 56.91%, Err 0 (0.0e+00)
685.855 .... 1525 packets received, 4562 bps, 57.03%, Err 0 (0.0e+00)
687.988 .... 1533 packets received, 4572 bps, 57.15%, Err 0 (0.0e+00)
690.105 .... 1541 packets received, 4582 bps, 57.27%, Err 0 (0.0e+00)
692.211 .... 1549 packets received, 4592 bps, 57.39%, Err 0 (0.0e+00)
694.340 .... 1557 packets received, 4601 bps, 57.51%, Err 0 (0.0e+00)
696.472 .... 1565 packets received, 4611 bps, 57.63%, Err 0 (0.0e+00)
698.589 .... 1573 packets received, 4620 bps, 57.75%, Err 0 (0.0e+00)
704.489 .... 1581 packets received, 4605 bps, 57.56%, Err 0 (0.0e+00)
708.610 .... 1582 packets received, 4581 bps, 57.26%, Err 0 (0.0e+00)
712.697 .... 1583 packets received, 4557 bps, 56.97%, Err 0 (0.0e+00)
716.753 .... 1584 packets received, 4534 bps, 56.68%, Err 0 (0.0e+00)
720.859 .... 1585 packets received, 4511 bps, 56.39%, Err 0 (0.0e+00)
724.992 .... 1586 packets received, 4488 bps, 56.10%, Err 0 (0.0e+00)
729.036 .... 1587 packets received, 4466 bps, 55.83%, Err 0 (0.0e+00)
733.185 .... 1588 packets received, 4444 bps, 55.55%, Err 0 (0.0e+00)
737.227 .... 1589 packets received, 4422 bps, 55.28%, Err 0 (0.0e+00)
741.276 .... 1590 packets received, 4401 bps, 55.01%, Err 0 (0.0e+00)
745.391 .... 1591 packets received, 4379 bps, 54.74%, Err 0 (0.0e+00)
749.435 .... 1592 packets received, 4358 bps, 54.48%, Err 0 (0.0e+00)
753.615 .... 1593 packets received, 4337 bps, 54.21%, Err 0 (0.0e+00)
757.701 .... 1594 packets received, 4316 bps, 53.95%, Err 0 (0.0e+00)
761.835 .... 1595 packets received, 4295 bps, 53.69%, Err 0 (0.0e+00)
765.894 .... 1596 packets received, 4275 bps, 53.44%, Err 0 (0.0e+00)
770.026 .... 1597 packets received, 4255 bps, 53.18%, Err 0 (0.0e+00)
774.130 .... 1598 packets received, 4235 bps, 52.93%, Err 0 (0.0e+00)
778.199 .... 1599 packets received, 4215 bps, 52.69%, Err 0 (0.0e+00)
782.257 .... 1600 packets received, 4196 bps, 52.45%, Err 0 (0.0e+00)
786.359 .... 1601 packets received, 4177 bps, 52.21%, Err 0 (0.0e+00)
790.464 .... 1602 packets received, 4157 bps, 51.97%, Err 0 (0.0e+00)
794.597 .... 1603 packets received, 4138 bps, 51.73%, Err 0 (0.0e+00)
798.667 .... 1604 packets received, 4120 bps, 51.50%, Err 0 (0.0e+00)
800.798 .... 1606 packets received, 4114 bps, 51.42%, Err 0 (0.0e+00)
802.912 .... 1614 packets received, 4124 bps, 51.54%, Err 0 (0.0e+00)
805.028 .... 1622 packets received, 4133 bps, 51.66%, Err 0 (0.0e+00)
807.159 .... 1630 packets received, 4142 bps, 51.78%, Err 0 (0.0e+00)
809.274 .... 1638 packets received, 4152 bps, 51.90%, Err 0 (0.0e+00)
811.390 .... 1646 packets received, 4161 bps, 52.02%, Err 0 (0.0e+00)
813.523 .... 1654 packets received, 4171 bps, 52.13%, Err 0 (0.0e+00)
815.640 .... 1662 packets received, 4180 bps, 52.25%, Err 0 (0.0e+00)
817.751 .... 1670 packets received, 4189 bps, 52.36%, Err 0 (0.0e+00)
819.870 .... 1678 packets received, 4198 bps, 52.48%, Err 0 (0.0e+00)
821.986 .... 1686 packets received, 4207 bps, 52.59%, Err 0 (0.0e+00)
824.131 .... 1694 packets received, 4216 bps, 52.70%, Err 0 (0.0e+00)
826.246 .... 1702 packets received, 4225 bps, 52.82%, Err 0 (0.0e+00)
828.363 .... 1710 packets received, 4234 bps, 52.93%, Err 0 (0.0e+00)
830.481 .... 1718 packets received, 4243 bps, 53.04%, Err 0 (0.0e+00)
832.583 .... 1726 packets received, 4252 bps, 53.15%, Err 0 (0.0e+00)
834.715 .... 1734 packets received, 4261 bps, 53.26%, Err 0 (0.0e+00)
836.815 .... 1742 packets received, 4270 bps, 53.37%, Err 0 (0.0e+00)
838.949 .... 1750 packets received, 4279 bps, 53.48%, Err 0 (0.0e+00)
841.080 .... 1758 packets received, 4287 bps, 53.59%, Err 0 (0.0e+00)
843.198 .... 1766 packets received, 4296 bps, 53.70%, Err 0 (0.0e+00)
845.314 .... 1774 packets received, 4305 bps, 53.81%, Err 0 (0.0e+00)
847.416 .... 1782 packets received, 4313 bps, 53.92%, Err 0 (0.0e+00)
849.550 .... 1790 packets received, 4322 bps, 54.02%, Err 0 (0.0e+00)
851.667 .... 1798 packets received, 4330 bps, 54.13%, Err 0 (0.0e+00)
853.800 .... 1806 packets received, 4339 bps, 54.23%, Err 0 (0.0e+00)
855.901 .... 1814 packets received, 4347 bps, 54.34%, Err 0 (0.0e+00)
858.035 .... 1822 packets received, 4355 bps, 54.44%, Err 0 (0.0e+00)
860.151 .... 1830 packets received, 4364 bps, 54.55%, Err 0 (0.0e+00)
862.282 .... 1838 packets received, 4372 bps, 54.65%, Err 0 (0.0e+00)
864.399 .... 1846 packets received, 4380 bps, 54.75%, Err 0 (0.0e+00)
866.500 .... 1854 packets received, 4389 bps, 54.86%, Err 0 (0.0e+00)
868.632 .... 1862 packets received, 4397 bps, 54.96%, Err 0 (0.0e+00)
870.765 .... 1870 packets received, 4405 bps, 55.06%, Err 0 (0.0e+00)
872.868 .... 1878 packets received, 4413 bps, 55.16%, Err 0 (0.0e+00)
874.984 .... 1886 packets received, 4421 bps, 55.26%, Err 0 (0.0e+00)
877.118 .... 1894 packets received, 4429 bps, 55.36%, Err 0 (0.0e+00)
879.220 .... 1902 packets received, 4437 bps, 55.46%, Err 0 (0.0e+00)
881.352 .... 1910 packets received, 4445 bps, 55.56%, Err 0 (0.0e+00)
883.470 .... 1918 packets received, 4453 bps, 55.66%, Err 0 (0.0e+00)
885.604 .... 1926 packets received, 4461 bps, 55.76%, Err 0 (0.0e+00)
887.719 .... 1934 packets received, 4468 bps, 55.85%, Err 0 (0.0e+00)
889.819 .... 1942 packets received, 4476 bps, 55.95%, Err 0 (0.0e+00)
891.947 .... 1950 packets received, 4484 bps, 56.05%, Err 0 (0.0e+00)
894.063 .... 1958 packets received, 4492 bps, 56.15%, Err 0 (0.0e+00)
896.180 .... 1966 packets received, 4499 bps, 56.24%, Err 0 (0.0e+00)
898.313 .... 1974 packets received, 4507 bps, 56.34%, Err 0 (0.0e+00)
900.430 .... 1982 packets received, 4515 bps, 56.43%, Err 0 (0.0e+00)
904.579 .... 1983 packets received, 4496 bps, 56.20%, Err 0 (0.0e+00)
908.728 .... 1984 packets received, 4478 bps, 55.97%, Err 0 (0.0e+00)
912.878 .... 1985 packets received, 4460 bps, 55.75%, Err 0 (0.0e+00)
916.965 .... 1986 packets received, 4442 bps, 55.52%, Err 0 (0.0e+00)
921.069 .... 1987 packets received, 4424 bps, 55.30%, Err 0 (0.0e+00)
925.292 .... 1988 packets received, 4406 bps, 55.08%, Err 0 (0.0e+00)
929.380 .... 1989 packets received, 4389 bps, 54.86%, Err 0 (0.0e+00)
933.407 .... 1990 packets received, 4372 bps, 54.65%, Err 0 (0.0e+00)
937.464 .... 1991 packets received, 4356 bps, 54.45%, Err 0 (0.0e+00)
941.672 .... 1992 packets received, 4338 bps, 54.23%, Err 0 (0.0e+00)
945.852 .... 1993 packets received, 4321 bps, 54.02%, Err 0 (0.0e+00)
949.971 .... 1994 packets received, 4305 bps, 53.81%, Err 0 (0.0e+00)
954.105 .... 1995 packets received, 4288 bps, 53.60%, Err 0 (0.0e+00)
958.224 .... 1996 packets received, 4272 bps, 53.40%, Err 0 (0.0e+00)
962.298 .... 1997 packets received, 4256 bps, 53.20%, Err 0 (0.0e+00)
966.447 .... 1998 packets received, 4240 bps, 53.00%, Err 0 (0.0e+00)
970.549 .... 1999 packets received, 4224 bps, 52.80%, Err 0 (0.0e+00)
974.636 .... 2000 packets received, 4208 bps, 52.60%, Err 0 (0.0e+00)
978.739 .... 2001 packets received, 4193 bps, 52.41%, Err 0 (0.0e+00)
982.811 .... 2002 packets received, 4177 bps, 52.22%, Err 0 (0.0e+00)
986.898 .... 2003 packets received, 4162 bps, 52.03%, Err 0 (0.0e+00)
991.077 .... 2004 packets received, 4147 bps, 51.83%, Err 0 (0.0e+00)
995.134 .... 2005 packets received, 4132 bps, 51.65%, Err 0 (0.0e+00)
999.233 .... 2006 packets received, 4117 bps, 51.46%, Err 0 (0.0e+00)
1001.333 .... 2010 packets received, 4116 bps, 51.45%, Err 0 (0.0e+00)
1003.449 .... 2018 packets received, 4124 bps, 51.55%, Err 0 (0.0e+00)
1005.565 .... 2026 packets received, 4132 bps, 51.65%, Err 0 (0.0e+00)
1007.696 .... 2034 packets received, 4139 bps, 51.74%, Err 0 (0.0e+00)
1009.830 .... 2042 packets received, 4147 bps, 51.83%, Err 0 (0.0e+00)
1011.931 .... 2050 packets received, 4154 bps, 51.93%, Err 0 (0.0e+00)
1014.064 .... 2058 packets received, 4162 bps, 52.02%, Err 0 (0.0e+00)
1016.163 .... 2066 packets received, 4169 bps, 52.12%, Err 0 (0.0e+00)
1018.279 .... 2074 packets received, 4177 bps, 52.21%, Err 0 (0.0e+00)
1020.426 .... 2082 packets received, 4184 bps, 52.30%, Err 0 (0.0e+00)
1022.544 .... 2090 packets received, 4191 bps, 52.39%, Err 0 (0.0e+00)
1024.660 .... 2098 packets received, 4199 bps, 52.48%, Err 0 (0.0e+00)
1026.763 .... 2106 packets received, 4206 bps, 52.58%, Err 0 (0.0e+00)
1028.880 .... 2114 packets received, 4213 bps, 52.67%, Err 0 (0.0e+00)
1031.011 .... 2122 packets received, 4220 bps, 52.76%, Err 0 (0.0e+00)
1033.127 .... 2130 packets received, 4228 bps, 52.85%, Err 0 (0.0e+00)
1035.260 .... 2138 packets received, 4235 bps, 52.94%, Err 0 (0.0e+00)
1037.378 .... 2146 packets received, 4242 bps, 53.02%, Err 0 (0.0e+00)
1039.495 .... 2154 packets received, 4249 bps, 53.11%, Err 0 (0.0e+00)
1041.626 .... 2162 packets received, 4256 bps, 53.20%, Err 0 (0.0e+00)
1043.744 .... 2170 packets received, 4263 bps, 53.29%, Err 0 (0.0e+00)
1045.863 .... 2178 packets received, 4270 bps, 53.38%, Err 0 (0.0e+00)
1047.979 .... 2186 packets received, 4277 bps, 53.47%, Err 0 (0.0e+00)
1050.098 .... 2194 packets received, 4284 bps, 53.55%, Err 0 (0.0e+00)
1052.215 .... 2202 packets received, 4291 bps, 53.64%, Err 0 (0.0e+00)
1054.345 .... 2210 packets received, 4298 bps, 53.73%, Err 0 (0.0e+00)
1056.475 .... 2218 packets received, 4305 bps, 53.81%, Err 0 (0.0e+00)
1058.577 .... 2226 packets received, 4312 bps, 53.90%, Err 0 (0.0e+00)
1060.694 .... 2234 packets received, 4319 bps, 53.98%, Err 0 (0.0e+00)
1062.825 .... 2242 packets received, 4326 bps, 54.07%, Err 0 (0.0e+00)
1064.926 .... 2250 packets received, 4332 bps, 54.15%, Err 0 (0.0e+00)
1067.055 .... 2258 packets received, 4339 bps, 54.24%, Err 0 (0.0e+00)
1069.185 .... 2266 packets received, 4346 bps, 54.32%, Err 0 (0.0e+00)
1071.299 .... 2274 packets received, 4353 bps, 54.41%, Err 0 (0.0e+00)
1073.425 .... 2282 packets received, 4359 bps, 54.49%, Err 0 (0.0e+00)
1075.540 .... 2290 packets received, 4366 bps, 54.57%, Err 0 (0.0e+00)
1077.657 .... 2298 packets received, 4372 bps, 54.66%, Err 0 (0.0e+00)
1079.775 .... 2306 packets received, 4379 bps, 54.74%, Err 0 (0.0e+00)
1081.893 .... 2314 packets received, 4386 bps, 54.82%, Err 0 (0.0e+00)
1084.008 .... 2322 packets received, 4392 bps, 54.90%, Err 0 (0.0e+00)
1086.140 .... 2330 packets received, 4399 bps, 54.98%, Err 0 (0.0e+00)
1088.257 .... 2338 packets received, 4405 bps, 55.06%, Err 0 (0.0e+00)
1090.359 .... 2346 packets received, 4412 bps, 55.15%, Err 0 (0.0e+00)
1092.508 .... 2354 packets received, 4418 bps, 55.23%, Err 0 (0.0e+00)
1094.624 .... 2362 packets received, 4424 bps, 55.31%, Err 0 (0.0e+00)
1096.742 .... 2370 packets received, 4431 bps, 55.39%, Err 0 (0.0e+00)
1098.860 .... 2378 packets received, 4437 bps, 55.47%, Err 0 (0.0e+00)
1104.543 .... 2385 packets received, 4427 bps, 55.34%, Err 0 (0.0e+00)
1108.631 .... 2386 packets received, 4413 bps, 55.16%, Err 0 (0.0e+00)
1112.749 .... 2387 packets received, 4398 bps, 54.98%, Err 0 (0.0e+00)
1116.913 .... 2388 packets received, 4384 bps, 54.80%, Err 0 (0.0e+00)
1121.185 .... 2389 packets received, 4369 bps, 54.61%, Err 0 (0.0e+00)
1125.289 .... 2390 packets received, 4355 bps, 54.43%, Err 0 (0.0e+00)
1129.378 .... 2391 packets received, 4341 bps, 54.26%, Err 0 (0.0e+00)
1133.543 .... 2392 packets received, 4327 bps, 54.08%, Err 0 (0.0e+00)
1137.655 .... 2393 packets received, 4313 bps, 53.91%, Err 0 (0.0e+00)
1141.806 .... 2394 packets received, 4299 bps, 53.74%, Err 0 (0.0e+00)
1145.877 .... 2395 packets received, 4285 bps, 53.57%, Err 0 (0.0e+00)
1149.993 .... 2396 packets received, 4272 bps, 53.40%, Err 0 (0.0e+00)
1154.086 .... 2397 packets received, 4258 bps, 53.23%, Err 0 (0.0e+00)
1158.178 .... 2398 packets received, 4245 bps, 53.06%, Err 0 (0.0e+00)
1162.202 .... 2399 packets received, 4232 bps, 52.90%, Err 0 (0.0e+00)
1166.342 .... 2400 packets received, 4219 bps, 52.74%, Err 0 (0.0e+00)
1170.584 .... 2401 packets received, 4205 bps, 52.57%, Err 0 (0.0e+00)
1174.686 .... 2402 packets received, 4192 bps, 52.41%, Err 0 (0.0e+00)
1178.789 .... 2403 packets received, 4180 bps, 52.24%, Err 0 (0.0e+00)
1182.905 .... 2404 packets received, 4167 bps, 52.08%, Err 0 (0.0e+00)
1187.007 .... 2405 packets received, 4154 bps, 51.93%, Err 0 (0.0e+00)
1191.183 .... 2406 packets received, 4141 bps, 51.76%, Err 0 (0.0e+00)
1195.223 .... 2407 packets received, 4129 bps, 51.61%, Err 0 (0.0e+00)
1199.371 .... 2408 packets received, 4116 bps, 51.45%, Err 0 (0.0e+00)
1200.029 Quit.
