000.000 =============================================================
000.000                     Station B                               
000.000 -------------------------------------------------------------
000.000 Protocol.lib, version 4.0, jiangyanjun0718@bupt.edu.cn
000.000 Channel: 8000 bps, 270 ms propagation delay, bit error rate 0
000.000 Log file "uB.log", TCP port 30022, debug mask 0x00
000.000 Station B is connecting station A (TCP port 30022) ... Done.
000.388 New epoch: Thu May 16 16:47:39 2019
000.388 =================================================================
000.388 
000.388 Designed by CJSoft, build: May 16 2019  15:57:30
002.795 .... 8 packets received, 7635 bps, 95.43%, Err 0 (0.0e+00)
004.908 .... 16 packets received, 7694 bps, 96.17%, Err 0 (0.0e+00)
007.009 .... 24 packets received, 7728 bps, 96.60%, Err 0 (0.0e+00)
009.155 .... 32 packets received, 7705 bps, 96.31%, Err 0 (0.0e+00)
011.253 .... 40 packets received, 7725 bps, 96.57%, Err 0 (0.0e+00)
013.384 .... 48 packets received, 7719 bps, 96.49%, Err 0 (0.0e+00)
015.520 .... 56 packets received, 7712 bps, 96.40%, Err 0 (0.0e+00)
017.641 .... 64 packets received, 7714 bps, 96.42%, Err 0 (0.0e+00)
019.740 .... 72 packets received, 7724 bps, 96.55%, Err 0 (0.0e+00)
021.882 .... 80 packets received, 7716 bps, 96.45%, Err 0 (0.0e+00)
023.982 .... 88 packets received, 7724 bps, 96.55%, Err 0 (0.0e+00)
026.109 .... 96 packets received, 7722 bps, 96.53%, Err 0 (0.0e+00)
028.210 .... 104 packets received, 7728 bps, 96.60%, Err 0 (0.0e+00)
030.352 .... 112 packets received, 7722 bps, 96.53%, Err 0 (0.0e+00)
032.470 .... 120 packets received, 7723 bps, 96.54%, Err 0 (0.0e+00)
034.589 .... 128 packets received, 7724 bps, 96.55%, Err 0 (0.0e+00)
036.720 .... 136 packets received, 7722 bps, 96.52%, Err 0 (0.0e+00)
038.853 .... 144 packets received, 7719 bps, 96.49%, Err 0 (0.0e+00)
040.957 .... 152 packets received, 7723 bps, 96.54%, Err 0 (0.0e+00)
043.060 .... 160 packets received, 7726 bps, 96.58%, Err 0 (0.0e+00)
045.194 .... 168 packets received, 7724 bps, 96.55%, Err 0 (0.0e+00)
047.311 .... 176 packets received, 7725 bps, 96.56%, Err 0 (0.0e+00)
049.431 .... 184 packets received, 7725 bps, 96.56%, Err 0 (0.0e+00)
051.552 .... 192 packets received, 7725 bps, 96.56%, Err 0 (0.0e+00)
053.671 .... 200 packets received, 7725 bps, 96.56%, Err 0 (0.0e+00)
055.790 .... 208 packets received, 7725 bps, 96.57%, Err 0 (0.0e+00)
057.902 .... 216 packets received, 7727 bps, 96.58%, Err 0 (0.0e+00)
060.011 .... 224 packets received, 7728 bps, 96.60%, Err 0 (0.0e+00)
062.169 .... 232 packets received, 7723 bps, 96.54%, Err 0 (0.0e+00)
064.254 .... 240 packets received, 7728 bps, 96.60%, Err 0 (0.0e+00)
066.395 .... 248 packets received, 7725 bps, 96.57%, Err 0 (0.0e+00)
068.504 .... 256 packets received, 7727 bps, 96.58%, Err 0 (0.0e+00)
070.631 .... 264 packets received, 7726 bps, 96.57%, Err 0 (0.0e+00)
072.746 .... 272 packets received, 7726 bps, 96.58%, Err 0 (0.0e+00)
074.879 .... 280 packets received, 7725 bps, 96.56%, Err 0 (0.0e+00)
076.995 .... 288 packets received, 7726 bps, 96.57%, Err 0 (0.0e+00)
079.097 .... 296 packets received, 7728 bps, 96.59%, Err 0 (0.0e+00)
081.214 .... 304 packets received, 7728 bps, 96.60%, Err 0 (0.0e+00)
083.341 .... 312 packets received, 7727 bps, 96.59%, Err 0 (0.0e+00)
085.454 .... 320 packets received, 7728 bps, 96.60%, Err 0 (0.0e+00)
087.598 .... 328 packets received, 7726 bps, 96.57%, Err 0 (0.0e+00)
089.710 .... 336 packets received, 7726 bps, 96.58%, Err 0 (0.0e+00)
091.838 .... 344 packets received, 7726 bps, 96.57%, Err 0 (0.0e+00)
093.953 .... 352 packets received, 7726 bps, 96.58%, Err 0 (0.0e+00)
096.051 .... 360 packets received, 7728 bps, 96.60%, Err 0 (0.0e+00)
098.169 .... 368 packets received, 7728 bps, 96.60%, Err 0 (0.0e+00)
100.299 .... 376 packets received, 7728 bps, 96.59%, Err 0 (0.0e+00)
102.412 .... 384 packets received, 7728 bps, 96.60%, Err 0 (0.0e+00)
104.542 .... 392 packets received, 7727 bps, 96.59%, Err 0 (0.0e+00)
106.684 .... 400 packets received, 7726 bps, 96.57%, Err 0 (0.0e+00)
108.796 .... 408 packets received, 7726 bps, 96.58%, Err 0 (0.0e+00)
110.894 .... 416 packets received, 7728 bps, 96.60%, Err 0 (0.0e+00)
113.024 .... 424 packets received, 7727 bps, 96.59%, Err 0 (0.0e+00)
115.136 .... 432 packets received, 7728 bps, 96.60%, Err 0 (0.0e+00)
117.267 .... 440 packets received, 7727 bps, 96.59%, Err 0 (0.0e+00)
119.378 .... 448 packets received, 7728 bps, 96.60%, Err 0 (0.0e+00)
121.506 .... 456 packets received, 7727 bps, 96.59%, Err 0 (0.0e+00)
123.635 .... 464 packets received, 7727 bps, 96.58%, Err 0 (0.0e+00)
125.737 .... 472 packets received, 7728 bps, 96.60%, Err 0 (0.0e+00)
127.864 .... 480 packets received, 7727 bps, 96.59%, Err 0 (0.0e+00)
129.978 .... 488 packets received, 7728 bps, 96.60%, Err 0 (0.0e+00)
132.107 .... 496 packets received, 7727 bps, 96.59%, Err 0 (0.0e+00)
134.222 .... 504 packets received, 7728 bps, 96.59%, Err 0 (0.0e+00)
136.347 .... 512 packets received, 7727 bps, 96.59%, Err 0 (0.0e+00)
138.475 .... 520 packets received, 7727 bps, 96.59%, Err 0 (0.0e+00)
140.590 .... 528 packets received, 7727 bps, 96.59%, Err 0 (0.0e+00)
142.731 .... 536 packets received, 7726 bps, 96.58%, Err 0 (0.0e+00)
144.860 .... 544 packets received, 7726 bps, 96.57%, Err 0 (0.0e+00)
146.961 .... 552 packets received, 7727 bps, 96.58%, Err 0 (0.0e+00)
149.077 .... 560 packets received, 7727 bps, 96.59%, Err 0 (0.0e+00)
151.188 .... 568 packets received, 7727 bps, 96.59%, Err 0 (0.0e+00)
153.332 .... 576 packets received, 7726 bps, 96.58%, Err 0 (0.0e+00)
155.459 .... 584 packets received, 7726 bps, 96.57%, Err 0 (0.0e+00)
157.572 .... 592 packets received, 7726 bps, 96.58%, Err 0 (0.0e+00)
159.670 .... 600 packets received, 7727 bps, 96.59%, Err 0 (0.0e+00)
161.786 .... 608 packets received, 7727 bps, 96.59%, Err 0 (0.0e+00)
163.916 .... 616 packets received, 7727 bps, 96.59%, Err 0 (0.0e+00)
166.046 .... 624 packets received, 7727 bps, 96.58%, Err 0 (0.0e+00)
168.158 .... 632 packets received, 7727 bps, 96.59%, Err 0 (0.0e+00)
170.289 .... 640 packets received, 7726 bps, 96.58%, Err 0 (0.0e+00)
172.388 .... 648 packets received, 7727 bps, 96.59%, Err 0 (0.0e+00)
174.519 .... 656 packets received, 7727 bps, 96.59%, Err 0 (0.0e+00)
176.633 .... 664 packets received, 7727 bps, 96.59%, Err 0 (0.0e+00)
178.761 .... 672 packets received, 7727 bps, 96.59%, Err 0 (0.0e+00)
180.891 .... 680 packets received, 7727 bps, 96.58%, Err 0 (0.0e+00)
183.007 .... 688 packets received, 7727 bps, 96.58%, Err 0 (0.0e+00)
185.122 .... 696 packets received, 7727 bps, 96.59%, Err 0 (0.0e+00)
187.235 .... 704 packets received, 7727 bps, 96.59%, Err 0 (0.0e+00)
189.363 .... 712 packets received, 7727 bps, 96.59%, Err 0 (0.0e+00)
191.489 .... 720 packets received, 7727 bps, 96.58%, Err 0 (0.0e+00)
193.613 .... 728 packets received, 7727 bps, 96.58%, Err 0 (0.0e+00)
195.725 .... 736 packets received, 7727 bps, 96.59%, Err 0 (0.0e+00)
197.842 .... 744 packets received, 7727 bps, 96.59%, Err 0 (0.0e+00)
199.958 .... 752 packets received, 7727 bps, 96.59%, Err 0 (0.0e+00)
202.089 .... 760 packets received, 7727 bps, 96.58%, Err 0 (0.0e+00)
204.203 .... 768 packets received, 7727 bps, 96.59%, Err 0 (0.0e+00)
206.308 .... 776 packets received, 7728 bps, 96.59%, Err 0 (0.0e+00)
208.439 .... 784 packets received, 7727 bps, 96.59%, Err 0 (0.0e+00)
210.556 .... 792 packets received, 7727 bps, 96.59%, Err 0 (0.0e+00)
212.673 .... 800 packets received, 7727 bps, 96.59%, Err 0 (0.0e+00)
214.799 .... 808 packets received, 7727 bps, 96.59%, Err 0 (0.0e+00)
216.921 .... 816 packets received, 7727 bps, 96.59%, Err 0 (0.0e+00)
219.046 .... 824 packets received, 7727 bps, 96.59%, Err 0 (0.0e+00)
221.167 .... 832 packets received, 7727 bps, 96.59%, Err 0 (0.0e+00)
223.280 .... 840 packets received, 7727 bps, 96.59%, Err 0 (0.0e+00)
225.398 .... 848 packets received, 7727 bps, 96.59%, Err 0 (0.0e+00)
227.512 .... 856 packets received, 7728 bps, 96.59%, Err 0 (0.0e+00)
229.626 .... 864 packets received, 7728 bps, 96.60%, Err 0 (0.0e+00)
231.761 .... 872 packets received, 7727 bps, 96.59%, Err 0 (0.0e+00)
233.893 .... 880 packets received, 7727 bps, 96.59%, Err 0 (0.0e+00)
235.989 .... 888 packets received, 7728 bps, 96.60%, Err 0 (0.0e+00)
238.122 .... 896 packets received, 7727 bps, 96.59%, Err 0 (0.0e+00)
240.237 .... 904 packets received, 7727 bps, 96.59%, Err 0 (0.0e+00)
242.370 .... 912 packets received, 7727 bps, 96.59%, Err 0 (0.0e+00)
244.472 .... 920 packets received, 7728 bps, 96.59%, Err 0 (0.0e+00)
246.587 .... 928 packets received, 7728 bps, 96.60%, Err 0 (0.0e+00)
248.718 .... 936 packets received, 7727 bps, 96.59%, Err 0 (0.0e+00)
250.835 .... 944 packets received, 7728 bps, 96.59%, Err 0 (0.0e+00)
252.968 .... 952 packets received, 7727 bps, 96.59%, Err 0 (0.0e+00)
255.099 .... 960 packets received, 7727 bps, 96.58%, Err 0 (0.0e+00)
257.199 .... 968 packets received, 7727 bps, 96.59%, Err 0 (0.0e+00)
259.319 .... 976 packets received, 7727 bps, 96.59%, Err 0 (0.0e+00)
261.448 .... 984 packets received, 7727 bps, 96.59%, Err 0 (0.0e+00)
263.563 .... 992 packets received, 7727 bps, 96.59%, Err 0 (0.0e+00)
265.692 .... 1000 packets received, 7727 bps, 96.59%, Err 0 (0.0e+00)
267.808 .... 1008 packets received, 7727 bps, 96.59%, Err 0 (0.0e+00)
269.907 .... 1016 packets received, 7728 bps, 96.60%, Err 0 (0.0e+00)
272.026 .... 1024 packets received, 7728 bps, 96.60%, Err 0 (0.0e+00)
274.153 .... 1032 packets received, 7728 bps, 96.60%, Err 0 (0.0e+00)
276.281 .... 1040 packets received, 7727 bps, 96.59%, Err 0 (0.0e+00)
278.411 .... 1048 packets received, 7727 bps, 96.59%, Err 0 (0.0e+00)
280.506 .... 1056 packets received, 7728 bps, 96.60%, Err 0 (0.0e+00)
282.652 .... 1064 packets received, 7727 bps, 96.59%, Err 0 (0.0e+00)
284.765 .... 1072 packets received, 7727 bps, 96.59%, Err 0 (0.0e+00)
286.866 .... 1080 packets received, 7728 bps, 96.60%, Err 0 (0.0e+00)
289.023 .... 1088 packets received, 7727 bps, 96.59%, Err 0 (0.0e+00)
291.138 .... 1096 packets received, 7727 bps, 96.59%, Err 0 (0.0e+00)
293.254 .... 1104 packets received, 7727 bps, 96.59%, Err 0 (0.0e+00)
295.364 .... 1112 packets received, 7727 bps, 96.59%, Err 0 (0.0e+00)
297.479 .... 1120 packets received, 7728 bps, 96.59%, Err 0 (0.0e+00)
299.610 .... 1128 packets received, 7727 bps, 96.59%, Err 0 (0.0e+00)
301.708 .... 1136 packets received, 7728 bps, 96.60%, Err 0 (0.0e+00)
303.835 .... 1144 packets received, 7728 bps, 96.60%, Err 0 (0.0e+00)
305.947 .... 1152 packets received, 7728 bps, 96.60%, Err 0 (0.0e+00)
308.097 .... 1160 packets received, 7727 bps, 96.59%, Err 0 (0.0e+00)
310.196 .... 1168 packets received, 7728 bps, 96.60%, Err 0 (0.0e+00)
312.340 .... 1176 packets received, 7727 bps, 96.59%, Err 0 (0.0e+00)
314.438 .... 1184 packets received, 7728 bps, 96.59%, Err 0 (0.0e+00)
316.565 .... 1192 packets received, 7727 bps, 96.59%, Err 0 (0.0e+00)
318.677 .... 1200 packets received, 7728 bps, 96.60%, Err 0 (0.0e+00)
320.804 .... 1208 packets received, 7727 bps, 96.59%, Err 0 (0.0e+00)
322.936 .... 1216 packets received, 7727 bps, 96.59%, Err 0 (0.0e+00)
325.035 .... 1224 packets received, 7728 bps, 96.60%, Err 0 (0.0e+00)
327.163 .... 1232 packets received, 7727 bps, 96.59%, Err 0 (0.0e+00)
329.290 .... 1240 packets received, 7727 bps, 96.59%, Err 0 (0.0e+00)
331.401 .... 1248 packets received, 7728 bps, 96.59%, Err 0 (0.0e+00)
333.530 .... 1256 packets received, 7727 bps, 96.59%, Err 0 (0.0e+00)
335.642 .... 1264 packets received, 7728 bps, 96.59%, Err 0 (0.0e+00)
337.761 .... 1272 packets received, 7728 bps, 96.59%, Err 0 (0.0e+00)
339.883 .... 1280 packets received, 7728 bps, 96.59%, Err 0 (0.0e+00)
342.004 .... 1288 packets received, 7728 bps, 96.59%, Err 0 (0.0e+00)
344.130 .... 1296 packets received, 7727 bps, 96.59%, Err 0 (0.0e+00)
346.237 .... 1304 packets received, 7728 bps, 96.60%, Err 0 (0.0e+00)
348.385 .... 1312 packets received, 7727 bps, 96.59%, Err 0 (0.0e+00)
350.499 .... 1320 packets received, 7727 bps, 96.59%, Err 0 (0.0e+00)
352.623 .... 1328 packets received, 7727 bps, 96.59%, Err 0 (0.0e+00)
354.734 .... 1336 packets received, 7727 bps, 96.59%, Err 0 (0.0e+00)
356.856 .... 1344 packets received, 7727 bps, 96.59%, Err 0 (0.0e+00)
358.982 .... 1352 packets received, 7727 bps, 96.59%, Err 0 (0.0e+00)
361.081 .... 1360 packets received, 7728 bps, 96.60%, Err 0 (0.0e+00)
363.209 .... 1368 packets received, 7727 bps, 96.59%, Err 0 (0.0e+00)
365.339 .... 1376 packets received, 7727 bps, 96.59%, Err 0 (0.0e+00)
367.438 .... 1384 packets received, 7728 bps, 96.60%, Err 0 (0.0e+00)
369.568 .... 1392 packets received, 7727 bps, 96.59%, Err 0 (0.0e+00)
371.685 .... 1400 packets received, 7728 bps, 96.59%, Err 0 (0.0e+00)
373.829 .... 1408 packets received, 7727 bps, 96.59%, Err 0 (0.0e+00)
375.931 .... 1416 packets received, 7727 bps, 96.59%, Err 0 (0.0e+00)
378.068 .... 1424 packets received, 7727 bps, 96.59%, Err 0 (0.0e+00)
380.193 .... 1432 packets received, 7727 bps, 96.59%, Err 0 (0.0e+00)
382.301 .... 1440 packets received, 7727 bps, 96.59%, Err 0 (0.0e+00)
384.423 .... 1448 packets received, 7727 bps, 96.59%, Err 0 (0.0e+00)
386.546 .... 1456 packets received, 7727 bps, 96.59%, Err 0 (0.0e+00)
388.677 .... 1464 packets received, 7727 bps, 96.59%, Err 0 (0.0e+00)
390.789 .... 1472 packets received, 7727 bps, 96.59%, Err 0 (0.0e+00)
392.901 .... 1480 packets received, 7727 bps, 96.59%, Err 0 (0.0e+00)
395.027 .... 1488 packets received, 7727 bps, 96.59%, Err 0 (0.0e+00)
397.154 .... 1496 packets received, 7727 bps, 96.59%, Err 0 (0.0e+00)
399.270 .... 1504 packets received, 7727 bps, 96.59%, Err 0 (0.0e+00)
401.356 .... 1512 packets received, 7728 bps, 96.60%, Err 0 (0.0e+00)
403.503 .... 1520 packets received, 7727 bps, 96.59%, Err 0 (0.0e+00)
405.635 .... 1528 packets received, 7727 bps, 96.59%, Err 0 (0.0e+00)
407.760 .... 1536 packets received, 7727 bps, 96.59%, Err 0 (0.0e+00)
409.855 .... 1544 packets received, 7727 bps, 96.59%, Err 0 (0.0e+00)
411.989 .... 1552 packets received, 7727 bps, 96.59%, Err 0 (0.0e+00)
414.102 .... 1560 packets received, 7727 bps, 96.59%, Err 0 (0.0e+00)
416.228 .... 1568 packets received, 7727 bps, 96.59%, Err 0 (0.0e+00)
418.342 .... 1576 packets received, 7727 bps, 96.59%, Err 0 (0.0e+00)
420.474 .... 1584 packets received, 7727 bps, 96.59%, Err 0 (0.0e+00)
422.588 .... 1592 packets received, 7727 bps, 96.59%, Err 0 (0.0e+00)
424.717 .... 1600 packets received, 7727 bps, 96.59%, Err 0 (0.0e+00)
426.817 .... 1608 packets received, 7727 bps, 96.59%, Err 0 (0.0e+00)
428.950 .... 1616 packets received, 7727 bps, 96.59%, Err 0 (0.0e+00)
431.063 .... 1624 packets received, 7727 bps, 96.59%, Err 0 (0.0e+00)
433.180 .... 1632 packets received, 7727 bps, 96.59%, Err 0 (0.0e+00)
435.311 .... 1640 packets received, 7727 bps, 96.59%, Err 0 (0.0e+00)
437.421 .... 1648 packets received, 7727 bps, 96.59%, Err 0 (0.0e+00)
439.564 .... 1656 packets received, 7727 bps, 96.59%, Err 0 (0.0e+00)
441.663 .... 1664 packets received, 7727 bps, 96.59%, Err 0 (0.0e+00)
443.780 .... 1672 packets received, 7727 bps, 96.59%, Err 0 (0.0e+00)
445.913 .... 1680 packets received, 7727 bps, 96.59%, Err 0 (0.0e+00)
448.015 .... 1688 packets received, 7728 bps, 96.59%, Err 0 (0.0e+00)
450.133 .... 1696 packets received, 7728 bps, 96.59%, Err 0 (0.0e+00)
452.250 .... 1704 packets received, 7728 bps, 96.60%, Err 0 (0.0e+00)
454.368 .... 1712 packets received, 7728 bps, 96.60%, Err 0 (0.0e+00)
456.502 .... 1720 packets received, 7727 bps, 96.59%, Err 0 (0.0e+00)
458.604 .... 1728 packets received, 7728 bps, 96.60%, Err 0 (0.0e+00)
460.753 .... 1736 packets received, 7727 bps, 96.59%, Err 0 (0.0e+00)
462.855 .... 1744 packets received, 7728 bps, 96.59%, Err 0 (0.0e+00)
464.972 .... 1752 packets received, 7728 bps, 96.59%, Err 0 (0.0e+00)
467.104 .... 1760 packets received, 7727 bps, 96.59%, Err 0 (0.0e+00)
469.216 .... 1768 packets received, 7728 bps, 96.59%, Err 0 (0.0e+00)
471.344 .... 1776 packets received, 7727 bps, 96.59%, Err 0 (0.0e+00)
473.467 .... 1784 packets received, 7727 bps, 96.59%, Err 0 (0.0e+00)
475.585 .... 1792 packets received, 7727 bps, 96.59%, Err 0 (0.0e+00)
477.700 .... 1800 packets received, 7727 bps, 96.59%, Err 0 (0.0e+00)
479.832 .... 1808 packets received, 7727 bps, 96.59%, Err 0 (0.0e+00)
481.938 .... 1816 packets received, 7728 bps, 96.59%, Err 0 (0.0e+00)
484.048 .... 1824 packets received, 7728 bps, 96.60%, Err 0 (0.0e+00)
486.173 .... 1832 packets received, 7728 bps, 96.60%, Err 0 (0.0e+00)
488.289 .... 1840 packets received, 7728 bps, 96.60%, Err 0 (0.0e+00)
490.407 .... 1848 packets received, 7728 bps, 96.60%, Err 0 (0.0e+00)
492.553 .... 1856 packets received, 7727 bps, 96.59%, Err 0 (0.0e+00)
494.680 .... 1864 packets received, 7727 bps, 96.59%, Err 0 (0.0e+00)
496.789 .... 1872 packets received, 7727 bps, 96.59%, Err 0 (0.0e+00)
498.904 .... 1880 packets received, 7727 bps, 96.59%, Err 0 (0.0e+00)
501.003 .... 1888 packets received, 7728 bps, 96.60%, Err 0 (0.0e+00)
503.126 .... 1896 packets received, 7728 bps, 96.60%, Err 0 (0.0e+00)
505.268 .... 1904 packets received, 7727 bps, 96.59%, Err 0 (0.0e+00)
507.380 .... 1912 packets received, 7728 bps, 96.59%, Err 0 (0.0e+00)
509.523 .... 1920 packets received, 7727 bps, 96.59%, Err 0 (0.0e+00)
511.621 .... 1928 packets received, 7728 bps, 96.59%, Err 0 (0.0e+00)
513.749 .... 1936 packets received, 7727 bps, 96.59%, Err 0 (0.0e+00)
515.847 .... 1944 packets received, 7728 bps, 96.60%, Err 0 (0.0e+00)
517.991 .... 1952 packets received, 7727 bps, 96.59%, Err 0 (0.0e+00)
520.103 .... 1960 packets received, 7727 bps, 96.59%, Err 0 (0.0e+00)
522.212 .... 1968 packets received, 7728 bps, 96.60%, Err 0 (0.0e+00)
524.339 .... 1976 packets received, 7728 bps, 96.59%, Err 0 (0.0e+00)
526.467 .... 1984 packets received, 7727 bps, 96.59%, Err 0 (0.0e+00)
528.578 .... 1992 packets received, 7728 bps, 96.59%, Err 0 (0.0e+00)
530.689 .... 2000 packets received, 7728 bps, 96.60%, Err 0 (0.0e+00)
532.830 .... 2008 packets received, 7727 bps, 96.59%, Err 0 (0.0e+00)
534.938 .... 2016 packets received, 7728 bps, 96.59%, Err 0 (0.0e+00)
537.066 .... 2024 packets received, 7727 bps, 96.59%, Err 0 (0.0e+00)
539.177 .... 2032 packets received, 7728 bps, 96.60%, Err 0 (0.0e+00)
541.306 .... 2040 packets received, 7727 bps, 96.59%, Err 0 (0.0e+00)
543.424 .... 2048 packets received, 7728 bps, 96.59%, Err 0 (0.0e+00)
545.537 .... 2056 packets received, 7728 bps, 96.60%, Err 0 (0.0e+00)
547.660 .... 2064 packets received, 7728 bps, 96.59%, Err 0 (0.0e+00)
549.783 .... 2072 packets received, 7728 bps, 96.59%, Err 0 (0.0e+00)
551.907 .... 2080 packets received, 7727 bps, 96.59%, Err 0 (0.0e+00)
554.022 .... 2088 packets received, 7728 bps, 96.59%, Err 0 (0.0e+00)
556.136 .... 2096 packets received, 7728 bps, 96.60%, Err 0 (0.0e+00)
558.249 .... 2104 packets received, 7728 bps, 96.60%, Err 0 (0.0e+00)
560.376 .... 2112 packets received, 7728 bps, 96.60%, Err 0 (0.0e+00)
562.503 .... 2120 packets received, 7728 bps, 96.59%, Err 0 (0.0e+00)
564.631 .... 2128 packets received, 7727 bps, 96.59%, Err 0 (0.0e+00)
566.746 .... 2136 packets received, 7728 bps, 96.59%, Err 0 (0.0e+00)
568.858 .... 2144 packets received, 7728 bps, 96.60%, Err 0 (0.0e+00)
570.973 .... 2152 packets received, 7728 bps, 96.60%, Err 0 (0.0e+00)
573.101 .... 2160 packets received, 7728 bps, 96.59%, Err 0 (0.0e+00)
575.229 .... 2168 packets received, 7727 bps, 96.59%, Err 0 (0.0e+00)
577.327 .... 2176 packets received, 7728 bps, 96.60%, Err 0 (0.0e+00)
579.457 .... 2184 packets received, 7728 bps, 96.60%, Err 0 (0.0e+00)
581.599 .... 2192 packets received, 7727 bps, 96.59%, Err 0 (0.0e+00)
583.711 .... 2200 packets received, 7727 bps, 96.59%, Err 0 (0.0e+00)
585.841 .... 2208 packets received, 7727 bps, 96.59%, Err 0 (0.0e+00)
587.939 .... 2216 packets received, 7728 bps, 96.60%, Err 0 (0.0e+00)
590.052 .... 2224 packets received, 7728 bps, 96.60%, Err 0 (0.0e+00)
592.166 .... 2232 packets received, 7728 bps, 96.60%, Err 0 (0.0e+00)
594.310 .... 2240 packets received, 7728 bps, 96.59%, Err 0 (0.0e+00)
596.423 .... 2248 packets received, 7728 bps, 96.60%, Err 0 (0.0e+00)
598.551 .... 2256 packets received, 7728 bps, 96.59%, Err 0 (0.0e+00)
600.650 .... 2264 packets received, 7728 bps, 96.60%, Err 0 (0.0e+00)
602.782 .... 2272 packets received, 7728 bps, 96.60%, Err 0 (0.0e+00)
604.902 .... 2280 packets received, 7728 bps, 96.60%, Err 0 (0.0e+00)
607.033 .... 2288 packets received, 7727 bps, 96.59%, Err 0 (0.0e+00)
609.147 .... 2296 packets received, 7728 bps, 96.59%, Err 0 (0.0e+00)
611.246 .... 2304 packets received, 7728 bps, 96.60%, Err 0 (0.0e+00)
613.377 .... 2312 packets received, 7728 bps, 96.60%, Err 0 (0.0e+00)
615.494 .... 2320 packets received, 7728 bps, 96.60%, Err 0 (0.0e+00)
617.621 .... 2328 packets received, 7728 bps, 96.60%, Err 0 (0.0e+00)
619.761 .... 2336 packets received, 7727 bps, 96.59%, Err 0 (0.0e+00)
621.872 .... 2344 packets received, 7728 bps, 96.59%, Err 0 (0.0e+00)
623.975 .... 2352 packets received, 7728 bps, 96.60%, Err 0 (0.0e+00)
626.092 .... 2360 packets received, 7728 bps, 96.60%, Err 0 (0.0e+00)
628.224 .... 2368 packets received, 7728 bps, 96.60%, Err 0 (0.0e+00)
630.343 .... 2376 packets received, 7728 bps, 96.60%, Err 0 (0.0e+00)
632.463 .... 2384 packets received, 7728 bps, 96.60%, Err 0 (0.0e+00)
634.577 .... 2392 packets received, 7728 bps, 96.60%, Err 0 (0.0e+00)
636.711 .... 2400 packets received, 7728 bps, 96.59%, Err 0 (0.0e+00)
638.813 .... 2408 packets received, 7728 bps, 96.60%, Err 0 (0.0e+00)
640.946 .... 2416 packets received, 7728 bps, 96.60%, Err 0 (0.0e+00)
643.063 .... 2424 packets received, 7728 bps, 96.60%, Err 0 (0.0e+00)
645.181 .... 2432 packets received, 7728 bps, 96.60%, Err 0 (0.0e+00)
647.301 .... 2440 packets received, 7728 bps, 96.60%, Err 0 (0.0e+00)
649.433 .... 2448 packets received, 7728 bps, 96.59%, Err 0 (0.0e+00)
651.551 .... 2456 packets received, 7728 bps, 96.59%, Err 0 (0.0e+00)
653.652 .... 2464 packets received, 7728 bps, 96.60%, Err 0 (0.0e+00)
655.785 .... 2472 packets received, 7728 bps, 96.60%, Err 0 (0.0e+00)
657.918 .... 2480 packets received, 7727 bps, 96.59%, Err 0 (0.0e+00)
660.019 .... 2488 packets received, 7728 bps, 96.60%, Err 0 (0.0e+00)
662.152 .... 2496 packets received, 7728 bps, 96.59%, Err 0 (0.0e+00)
664.269 .... 2504 packets received, 7728 bps, 96.60%, Err 0 (0.0e+00)
666.385 .... 2512 packets received, 7728 bps, 96.60%, Err 0 (0.0e+00)
668.502 .... 2520 packets received, 7728 bps, 96.60%, Err 0 (0.0e+00)
670.619 .... 2528 packets received, 7728 bps, 96.60%, Err 0 (0.0e+00)
672.753 .... 2536 packets received, 7728 bps, 96.59%, Err 0 (0.0e+00)
674.869 .... 2544 packets received, 7728 bps, 96.60%, Err 0 (0.0e+00)
676.972 .... 2552 packets received, 7728 bps, 96.60%, Err 0 (0.0e+00)
679.090 .... 2560 packets received, 7728 bps, 96.60%, Err 0 (0.0e+00)
681.223 .... 2568 packets received, 7728 bps, 96.60%, Err 0 (0.0e+00)
683.340 .... 2576 packets received, 7728 bps, 96.60%, Err 0 (0.0e+00)
685.473 .... 2584 packets received, 7728 bps, 96.59%, Err 0 (0.0e+00)
687.576 .... 2592 packets received, 7728 bps, 96.60%, Err 0 (0.0e+00)
689.707 .... 2600 packets received, 7728 bps, 96.60%, Err 0 (0.0e+00)
691.824 .... 2608 packets received, 7728 bps, 96.60%, Err 0 (0.0e+00)
693.956 .... 2616 packets received, 7728 bps, 96.59%, Err 0 (0.0e+00)
696.073 .... 2624 packets received, 7728 bps, 96.59%, Err 0 (0.0e+00)
698.175 .... 2632 packets received, 7728 bps, 96.60%, Err 0 (0.0e+00)
700.291 .... 2640 packets received, 7728 bps, 96.60%, Err 0 (0.0e+00)
702.421 .... 2648 packets received, 7728 bps, 96.60%, Err 0 (0.0e+00)
704.535 .... 2656 packets received, 7728 bps, 96.60%, Err 0 (0.0e+00)
706.660 .... 2664 packets received, 7728 bps, 96.60%, Err 0 (0.0e+00)
708.771 .... 2672 packets received, 7728 bps, 96.60%, Err 0 (0.0e+00)
710.911 .... 2680 packets received, 7728 bps, 96.60%, Err 0 (0.0e+00)
713.019 .... 2688 packets received, 7728 bps, 96.60%, Err 0 (0.0e+00)
715.130 .... 2696 packets received, 7728 bps, 96.60%, Err 0 (0.0e+00)
717.243 .... 2704 packets received, 7728 bps, 96.60%, Err 0 (0.0e+00)
719.373 .... 2712 packets received, 7728 bps, 96.60%, Err 0 (0.0e+00)
721.487 .... 2720 packets received, 7728 bps, 96.60%, Err 0 (0.0e+00)
723.615 .... 2728 packets received, 7728 bps, 96.60%, Err 0 (0.0e+00)
725.728 .... 2736 packets received, 7728 bps, 96.60%, Err 0 (0.0e+00)
727.871 .... 2744 packets received, 7728 bps, 96.60%, Err 0 (0.0e+00)
729.998 .... 2752 packets received, 7728 bps, 96.59%, Err 0 (0.0e+00)
732.097 .... 2760 packets received, 7728 bps, 96.60%, Err 0 (0.0e+00)
734.210 .... 2768 packets received, 7728 bps, 96.60%, Err 0 (0.0e+00)
736.338 .... 2776 packets received, 7728 bps, 96.60%, Err 0 (0.0e+00)
738.452 .... 2784 packets received, 7728 bps, 96.60%, Err 0 (0.0e+00)
740.582 .... 2792 packets received, 7728 bps, 96.60%, Err 0 (0.0e+00)
742.724 .... 2800 packets received, 7728 bps, 96.59%, Err 0 (0.0e+00)
744.824 .... 2808 packets received, 7728 bps, 96.60%, Err 0 (0.0e+00)
746.953 .... 2816 packets received, 7728 bps, 96.60%, Err 0 (0.0e+00)
749.066 .... 2824 packets received, 7728 bps, 96.60%, Err 0 (0.0e+00)
751.165 .... 2832 packets received, 7728 bps, 96.60%, Err 0 (0.0e+00)
753.309 .... 2840 packets received, 7728 bps, 96.60%, Err 0 (0.0e+00)
755.421 .... 2848 packets received, 7728 bps, 96.60%, Err 0 (0.0e+00)
757.533 .... 2856 packets received, 7728 bps, 96.60%, Err 0 (0.0e+00)
759.661 .... 2864 packets received, 7728 bps, 96.60%, Err 0 (0.0e+00)
761.789 .... 2872 packets received, 7728 bps, 96.60%, Err 0 (0.0e+00)
763.903 .... 2880 packets received, 7728 bps, 96.60%, Err 0 (0.0e+00)
766.045 .... 2888 packets received, 7728 bps, 96.59%, Err 0 (0.0e+00)
768.158 .... 2896 packets received, 7728 bps, 96.60%, Err 0 (0.0e+00)
770.286 .... 2904 packets received, 7728 bps, 96.59%, Err 0 (0.0e+00)
772.368 .... 2912 packets received, 7728 bps, 96.60%, Err 0 (0.0e+00)
774.498 .... 2920 packets received, 7728 bps, 96.60%, Err 0 (0.0e+00)
776.610 .... 2928 packets received, 7728 bps, 96.60%, Err 0 (0.0e+00)
778.751 .... 2936 packets received, 7728 bps, 96.60%, Err 0 (0.0e+00)
780.880 .... 2944 packets received, 7728 bps, 96.59%, Err 0 (0.0e+00)
782.978 .... 2952 packets received, 7728 bps, 96.60%, Err 0 (0.0e+00)
785.106 .... 2960 packets received, 7728 bps, 96.60%, Err 0 (0.0e+00)
787.234 .... 2968 packets received, 7728 bps, 96.60%, Err 0 (0.0e+00)
789.332 .... 2976 packets received, 7728 bps, 96.60%, Err 0 (0.0e+00)
791.461 .... 2984 packets received, 7728 bps, 96.60%, Err 0 (0.0e+00)
793.588 .... 2992 packets received, 7728 bps, 96.60%, Err 0 (0.0e+00)
795.699 .... 3000 packets received, 7728 bps, 96.60%, Err 0 (0.0e+00)
797.827 .... 3008 packets received, 7728 bps, 96.60%, Err 0 (0.0e+00)
799.940 .... 3016 packets received, 7728 bps, 96.60%, Err 0 (0.0e+00)
802.069 .... 3024 packets received, 7728 bps, 96.60%, Err 0 (0.0e+00)
804.198 .... 3032 packets received, 7728 bps, 96.60%, Err 0 (0.0e+00)
806.330 .... 3040 packets received, 7728 bps, 96.59%, Err 0 (0.0e+00)
808.415 .... 3048 packets received, 7728 bps, 96.60%, Err 0 (0.0e+00)
810.560 .... 3056 packets received, 7728 bps, 96.60%, Err 0 (0.0e+00)
812.678 .... 3064 packets received, 7728 bps, 96.60%, Err 0 (0.0e+00)
814.795 .... 3072 packets received, 7728 bps, 96.60%, Err 0 (0.0e+00)
816.895 .... 3080 packets received, 7728 bps, 96.60%, Err 0 (0.0e+00)
819.041 .... 3088 packets received, 7728 bps, 96.60%, Err 0 (0.0e+00)
821.142 .... 3096 packets received, 7728 bps, 96.60%, Err 0 (0.0e+00)
823.273 .... 3104 packets received, 7728 bps, 96.60%, Err 0 (0.0e+00)
825.391 .... 3112 packets received, 7728 bps, 96.60%, Err 0 (0.0e+00)
827.521 .... 3120 packets received, 7728 bps, 96.60%, Err 0 (0.0e+00)
829.638 .... 3128 packets received, 7728 bps, 96.60%, Err 0 (0.0e+00)
831.740 .... 3136 packets received, 7728 bps, 96.60%, Err 0 (0.0e+00)
833.858 .... 3144 packets received, 7728 bps, 96.60%, Err 0 (0.0e+00)
835.974 .... 3152 packets received, 7728 bps, 96.60%, Err 0 (0.0e+00)
838.120 .... 3160 packets received, 7728 bps, 96.60%, Err 0 (0.0e+00)
840.236 .... 3168 packets received, 7728 bps, 96.60%, Err 0 (0.0e+00)
842.353 .... 3176 packets received, 7728 bps, 96.60%, Err 0 (0.0e+00)
844.484 .... 3184 packets received, 7728 bps, 96.60%, Err 0 (0.0e+00)
846.587 .... 3192 packets received, 7728 bps, 96.60%, Err 0 (0.0e+00)
848.721 .... 3200 packets received, 7728 bps, 96.60%, Err 0 (0.0e+00)
850.823 .... 3208 packets received, 7728 bps, 96.60%, Err 0 (0.0e+00)
852.940 .... 3216 packets received, 7728 bps, 96.60%, Err 0 (0.0e+00)
855.072 .... 3224 packets received, 7728 bps, 96.60%, Err 0 (0.0e+00)
857.175 .... 3232 packets received, 7728 bps, 96.60%, Err 0 (0.0e+00)
859.308 .... 3240 packets received, 7728 bps, 96.60%, Err 0 (0.0e+00)
861.423 .... 3248 packets received, 7728 bps, 96.60%, Err 0 (0.0e+00)
863.541 .... 3256 packets received, 7728 bps, 96.60%, Err 0 (0.0e+00)
865.658 .... 3264 packets received, 7728 bps, 96.60%, Err 0 (0.0e+00)
867.774 .... 3272 packets received, 7728 bps, 96.60%, Err 0 (0.0e+00)
869.891 .... 3280 packets received, 7728 bps, 96.60%, Err 0 (0.0e+00)
872.040 .... 3288 packets received, 7728 bps, 96.60%, Err 0 (0.0e+00)
874.156 .... 3296 packets received, 7728 bps, 96.60%, Err 0 (0.0e+00)
876.289 .... 3304 packets received, 7728 bps, 96.59%, Err 0 (0.0e+00)
878.406 .... 3312 packets received, 7728 bps, 96.60%, Err 0 (0.0e+00)
880.509 .... 3320 packets received, 7728 bps, 96.60%, Err 0 (0.0e+00)
882.640 .... 3328 packets received, 7728 bps, 96.60%, Err 0 (0.0e+00)
884.757 .... 3336 packets received, 7728 bps, 96.60%, Err 0 (0.0e+00)
886.875 .... 3344 packets received, 7728 bps, 96.60%, Err 0 (0.0e+00)
888.978 .... 3352 packets received, 7728 bps, 96.60%, Err 0 (0.0e+00)
891.104 .... 3360 packets received, 7728 bps, 96.60%, Err 0 (0.0e+00)
893.218 .... 3368 packets received, 7728 bps, 96.60%, Err 0 (0.0e+00)
895.352 .... 3376 packets received, 7728 bps, 96.60%, Err 0 (0.0e+00)
897.471 .... 3384 packets received, 7728 bps, 96.60%, Err 0 (0.0e+00)
899.572 .... 3392 packets received, 7728 bps, 96.60%, Err 0 (0.0e+00)
901.703 .... 3400 packets received, 7728 bps, 96.60%, Err 0 (0.0e+00)
903.831 .... 3408 packets received, 7728 bps, 96.60%, Err 0 (0.0e+00)
905.959 .... 3416 packets received, 7728 bps, 96.60%, Err 0 (0.0e+00)
908.070 .... 3424 packets received, 7728 bps, 96.60%, Err 0 (0.0e+00)
910.213 .... 3432 packets received, 7728 bps, 96.59%, Err 0 (0.0e+00)
912.310 .... 3440 packets received, 7728 bps, 96.60%, Err 0 (0.0e+00)
914.440 .... 3448 packets received, 7728 bps, 96.60%, Err 0 (0.0e+00)
916.551 .... 3456 packets received, 7728 bps, 96.60%, Err 0 (0.0e+00)
918.664 .... 3464 packets received, 7728 bps, 96.60%, Err 0 (0.0e+00)
920.778 .... 3472 packets received, 7728 bps, 96.60%, Err 0 (0.0e+00)
922.920 .... 3480 packets received, 7728 bps, 96.60%, Err 0 (0.0e+00)
925.017 .... 3488 packets received, 7728 bps, 96.60%, Err 0 (0.0e+00)
927.144 .... 3496 packets received, 7728 bps, 96.60%, Err 0 (0.0e+00)
929.257 .... 3504 packets received, 7728 bps, 96.60%, Err 0 (0.0e+00)
931.386 .... 3512 packets received, 7728 bps, 96.60%, Err 0 (0.0e+00)
933.499 .... 3520 packets received, 7728 bps, 96.60%, Err 0 (0.0e+00)
935.611 .... 3528 packets received, 7728 bps, 96.60%, Err 0 (0.0e+00)
937.755 .... 3536 packets received, 7728 bps, 96.60%, Err 0 (0.0e+00)
939.881 .... 3544 packets received, 7728 bps, 96.60%, Err 0 (0.0e+00)
941.994 .... 3552 packets received, 7728 bps, 96.60%, Err 0 (0.0e+00)
944.107 .... 3560 packets received, 7728 bps, 96.60%, Err 0 (0.0e+00)
946.249 .... 3568 packets received, 7728 bps, 96.60%, Err 0 (0.0e+00)
948.376 .... 3576 packets received, 7728 bps, 96.59%, Err 0 (0.0e+00)
950.476 .... 3584 packets received, 7728 bps, 96.60%, Err 0 (0.0e+00)
952.588 .... 3592 packets received, 7728 bps, 96.60%, Err 0 (0.0e+00)
954.707 .... 3600 packets received, 7728 bps, 96.60%, Err 0 (0.0e+00)
956.847 .... 3608 packets received, 7728 bps, 96.60%, Err 0 (0.0e+00)
958.943 .... 3616 packets received, 7728 bps, 96.60%, Err 0 (0.0e+00)
961.087 .... 3624 packets received, 7728 bps, 96.60%, Err 0 (0.0e+00)
963.186 .... 3632 packets received, 7728 bps, 96.60%, Err 0 (0.0e+00)
965.299 .... 3640 packets received, 7728 bps, 96.60%, Err 0 (0.0e+00)
967.427 .... 3648 packets received, 7728 bps, 96.60%, Err 0 (0.0e+00)
969.539 .... 3656 packets received, 7728 bps, 96.60%, Err 0 (0.0e+00)
971.667 .... 3664 packets received, 7728 bps, 96.60%, Err 0 (0.0e+00)
973.780 .... 3672 packets received, 7728 bps, 96.60%, Err 0 (0.0e+00)
975.911 .... 3680 packets received, 7728 bps, 96.60%, Err 0 (0.0e+00)
978.021 .... 3688 packets received, 7728 bps, 96.60%, Err 0 (0.0e+00)
980.165 .... 3696 packets received, 7728 bps, 96.60%, Err 0 (0.0e+00)
982.275 .... 3704 packets received, 7728 bps, 96.60%, Err 0 (0.0e+00)
984.402 .... 3712 packets received, 7728 bps, 96.60%, Err 0 (0.0e+00)
986.531 .... 3720 packets received, 7728 bps, 96.60%, Err 0 (0.0e+00)
988.644 .... 3728 packets received, 7728 bps, 96.60%, Err 0 (0.0e+00)
990.755 .... 3736 packets received, 7728 bps, 96.60%, Err 0 (0.0e+00)
992.868 .... 3744 packets received, 7728 bps, 96.60%, Err 0 (0.0e+00)
994.994 .... 3752 packets received, 7728 bps, 96.60%, Err 0 (0.0e+00)
997.106 .... 3760 packets received, 7728 bps, 96.60%, Err 0 (0.0e+00)
999.234 .... 3768 packets received, 7728 bps, 96.60%, Err 0 (0.0e+00)
1001.348 .... 3776 packets received, 7728 bps, 96.60%, Err 0 (0.0e+00)
1003.496 .... 3784 packets received, 7728 bps, 96.60%, Err 0 (0.0e+00)
1005.611 .... 3792 packets received, 7728 bps, 96.60%, Err 0 (0.0e+00)
1007.742 .... 3800 packets received, 7728 bps, 96.59%, Err 0 (0.0e+00)
1009.861 .... 3808 packets received, 7728 bps, 96.60%, Err 0 (0.0e+00)
1011.977 .... 3816 packets received, 7728 bps, 96.60%, Err 0 (0.0e+00)
1014.095 .... 3824 packets received, 7728 bps, 96.60%, Err 0 (0.0e+00)
1016.239 .... 3832 packets received, 7727 bps, 96.59%, Err 0 (0.0e+00)
1018.371 .... 3840 packets received, 7727 bps, 96.59%, Err 0 (0.0e+00)
1020.472 .... 3848 packets received, 7728 bps, 96.59%, Err 0 (0.0e+00)
1022.590 .... 3856 packets received, 7728 bps, 96.59%, Err 0 (0.0e+00)
1024.706 .... 3864 packets received, 7728 bps, 96.59%, Err 0 (0.0e+00)
1026.825 .... 3872 packets received, 7728 bps, 96.59%, Err 0 (0.0e+00)
1028.941 .... 3880 packets received, 7728 bps, 96.60%, Err 0 (0.0e+00)
1031.072 .... 3888 packets received, 7728 bps, 96.59%, Err 0 (0.0e+00)
1033.189 .... 3896 packets received, 7728 bps, 96.59%, Err 0 (0.0e+00)
1035.321 .... 3904 packets received, 7727 bps, 96.59%, Err 0 (0.0e+00)
1037.424 .... 3912 packets received, 7728 bps, 96.59%, Err 0 (0.0e+00)
1039.557 .... 3920 packets received, 7727 bps, 96.59%, Err 0 (0.0e+00)
1041.657 .... 3928 packets received, 7728 bps, 96.60%, Err 0 (0.0e+00)
1043.790 .... 3936 packets received, 7728 bps, 96.59%, Err 0 (0.0e+00)
1045.894 .... 3944 packets received, 7728 bps, 96.60%, Err 0 (0.0e+00)
1048.041 .... 3952 packets received, 7727 bps, 96.59%, Err 0 (0.0e+00)
1050.144 .... 3960 packets received, 7728 bps, 96.60%, Err 0 (0.0e+00)
1052.261 .... 3968 packets received, 7728 bps, 96.60%, Err 0 (0.0e+00)
1054.405 .... 3976 packets received, 7727 bps, 96.59%, Err 0 (0.0e+00)
1056.536 .... 3984 packets received, 7727 bps, 96.59%, Err 0 (0.0e+00)
1058.623 .... 3992 packets received, 7728 bps, 96.60%, Err 0 (0.0e+00)
1060.755 .... 4000 packets received, 7728 bps, 96.59%, Err 0 (0.0e+00)
1062.872 .... 4008 packets received, 7728 bps, 96.59%, Err 0 (0.0e+00)
1064.987 .... 4016 packets received, 7728 bps, 96.59%, Err 0 (0.0e+00)
1067.101 .... 4024 packets received, 7728 bps, 96.60%, Err 0 (0.0e+00)
1069.231 .... 4032 packets received, 7728 bps, 96.59%, Err 0 (0.0e+00)
1071.345 .... 4040 packets received, 7728 bps, 96.60%, Err 0 (0.0e+00)
1073.471 .... 4048 packets received, 7728 bps, 96.59%, Err 0 (0.0e+00)
1075.587 .... 4056 packets received, 7728 bps, 96.59%, Err 0 (0.0e+00)
1077.719 .... 4064 packets received, 7728 bps, 96.59%, Err 0 (0.0e+00)
1079.821 .... 4072 packets received, 7728 bps, 96.60%, Err 0 (0.0e+00)
1081.939 .... 4080 packets received, 7728 bps, 96.60%, Err 0 (0.0e+00)
1084.069 .... 4088 packets received, 7728 bps, 96.59%, Err 0 (0.0e+00)
1086.202 .... 4096 packets received, 7727 bps, 96.59%, Err 0 (0.0e+00)
1088.303 .... 4104 packets received, 7728 bps, 96.60%, Err 0 (0.0e+00)
1090.436 .... 4112 packets received, 7728 bps, 96.59%, Err 0 (0.0e+00)
1092.569 .... 4120 packets received, 7727 bps, 96.59%, Err 0 (0.0e+00)
1094.671 .... 4128 packets received, 7728 bps, 96.59%, Err 0 (0.0e+00)
1096.788 .... 4136 packets received, 7728 bps, 96.60%, Err 0 (0.0e+00)
1098.921 .... 4144 packets received, 7728 bps, 96.59%, Err 0 (0.0e+00)
1101.021 .... 4152 packets received, 7728 bps, 96.60%, Err 0 (0.0e+00)
1103.134 .... 4160 packets received, 7728 bps, 96.60%, Err 0 (0.0e+00)
1105.278 .... 4168 packets received, 7728 bps, 96.59%, Err 0 (0.0e+00)
1107.391 .... 4176 packets received, 7728 bps, 96.59%, Err 0 (0.0e+00)
1109.519 .... 4184 packets received, 7728 bps, 96.59%, Err 0 (0.0e+00)
1111.617 .... 4192 packets received, 7728 bps, 96.60%, Err 0 (0.0e+00)
1113.759 .... 4200 packets received, 7728 bps, 96.59%, Err 0 (0.0e+00)
1115.873 .... 4208 packets received, 7728 bps, 96.59%, Err 0 (0.0e+00)
1117.986 .... 4216 packets received, 7728 bps, 96.60%, Err 0 (0.0e+00)
1120.129 .... 4224 packets received, 7727 bps, 96.59%, Err 0 (0.0e+00)
1122.242 .... 4232 packets received, 7728 bps, 96.59%, Err 0 (0.0e+00)
1124.354 .... 4240 packets received, 7728 bps, 96.59%, Err 0 (0.0e+00)
1126.498 .... 4248 packets received, 7727 bps, 96.59%, Err 0 (0.0e+00)
1128.595 .... 4256 packets received, 7728 bps, 96.59%, Err 0 (0.0e+00)
1130.726 .... 4264 packets received, 7728 bps, 96.59%, Err 0 (0.0e+00)
1132.854 .... 4272 packets received, 7727 bps, 96.59%, Err 0 (0.0e+00)
1134.952 .... 4280 packets received, 7728 bps, 96.60%, Err 0 (0.0e+00)
1137.081 .... 4288 packets received, 7728 bps, 96.59%, Err 0 (0.0e+00)
1139.221 .... 4296 packets received, 7727 bps, 96.59%, Err 0 (0.0e+00)
1141.330 .... 4304 packets received, 7727 bps, 96.59%, Err 0 (0.0e+00)
1143.428 .... 4312 packets received, 7728 bps, 96.60%, Err 0 (0.0e+00)
1145.556 .... 4320 packets received, 7728 bps, 96.59%, Err 0 (0.0e+00)
1147.668 .... 4328 packets received, 7728 bps, 96.60%, Err 0 (0.0e+00)
1149.825 .... 4336 packets received, 7727 bps, 96.59%, Err 0 (0.0e+00)
1151.922 .... 4344 packets received, 7728 bps, 96.59%, Err 0 (0.0e+00)
1154.041 .... 4352 packets received, 7728 bps, 96.59%, Err 0 (0.0e+00)
1156.158 .... 4360 packets received, 7728 bps, 96.59%, Err 0 (0.0e+00)
1158.270 .... 4368 packets received, 7728 bps, 96.60%, Err 0 (0.0e+00)
1160.396 .... 4376 packets received, 7728 bps, 96.59%, Err 0 (0.0e+00)
1162.537 .... 4384 packets received, 7727 bps, 96.59%, Err 0 (0.0e+00)
1164.652 .... 4392 packets received, 7727 bps, 96.59%, Err 0 (0.0e+00)
1166.763 .... 4400 packets received, 7728 bps, 96.59%, Err 0 (0.0e+00)
1168.871 .... 4408 packets received, 7728 bps, 96.60%, Err 0 (0.0e+00)
1171.013 .... 4416 packets received, 7727 bps, 96.59%, Err 0 (0.0e+00)
1173.126 .... 4424 packets received, 7728 bps, 96.59%, Err 0 (0.0e+00)
1175.238 .... 4432 packets received, 7728 bps, 96.59%, Err 0 (0.0e+00)
1177.349 .... 4440 packets received, 7728 bps, 96.60%, Err 0 (0.0e+00)
1179.492 .... 4448 packets received, 7727 bps, 96.59%, Err 0 (0.0e+00)
1181.605 .... 4456 packets received, 7728 bps, 96.59%, Err 0 (0.0e+00)
1183.732 .... 4464 packets received, 7727 bps, 96.59%, Err 0 (0.0e+00)
1185.843 .... 4472 packets received, 7728 bps, 96.59%, Err 0 (0.0e+00)
1187.971 .... 4480 packets received, 7728 bps, 96.59%, Err 0 (0.0e+00)
1190.083 .... 4488 packets received, 7728 bps, 96.59%, Err 0 (0.0e+00)
1192.195 .... 4496 packets received, 7728 bps, 96.60%, Err 0 (0.0e+00)
1194.307 .... 4504 packets received, 7728 bps, 96.60%, Err 0 (0.0e+00)
1196.462 .... 4512 packets received, 7727 bps, 96.59%, Err 0 (0.0e+00)
1198.589 .... 4520 packets received, 7727 bps, 96.59%, Err 0 (0.0e+00)
1200.029 Quit.
