000.000 =============================================================
000.000                     Station A                               
000.000 -------------------------------------------------------------
000.000 Protocol.lib, version 4.0, jiangyanjun0718@bupt.edu.cn
000.000 Channel: 8000 bps, 270 ms propagation delay, bit error rate 0
000.000 Log file "ufA.log", TCP port 30023, debug mask 0x00
000.000 Station A is waiting for station B on TCP port 30023 ... Done.
000.365 New epoch: Thu May 16 16:47:39 2019
000.365 =================================================================
000.365 
000.365 Designed by CJSoft, build: May 16 2019  15:57:30
002.813 .... 8 packets received, 7582 bps, 94.77%, Err 0 (0.0e+00)
004.923 .... 16 packets received, 7672 bps, 95.90%, Err 0 (0.0e+00)
007.040 .... 24 packets received, 7694 bps, 96.18%, Err 0 (0.0e+00)
009.161 .... 32 packets received, 7702 bps, 96.27%, Err 0 (0.0e+00)
011.289 .... 40 packets received, 7701 bps, 96.27%, Err 0 (0.0e+00)
013.430 .... 48 packets received, 7693 bps, 96.17%, Err 0 (0.0e+00)
015.535 .... 56 packets received, 7706 bps, 96.32%, Err 0 (0.0e+00)
017.671 .... 64 packets received, 7702 bps, 96.27%, Err 0 (0.0e+00)
019.765 .... 72 packets received, 7715 bps, 96.44%, Err 0 (0.0e+00)
021.909 .... 80 packets received, 7708 bps, 96.34%, Err 0 (0.0e+00)
024.025 .... 88 packets received, 7711 bps, 96.38%, Err 0 (0.0e+00)
026.155 .... 96 packets received, 7709 bps, 96.37%, Err 0 (0.0e+00)
028.271 .... 104 packets received, 7712 bps, 96.40%, Err 0 (0.0e+00)
030.367 .... 112 packets received, 7719 bps, 96.49%, Err 0 (0.0e+00)
032.485 .... 120 packets received, 7720 bps, 96.50%, Err 0 (0.0e+00)
034.617 .... 128 packets received, 7718 bps, 96.48%, Err 0 (0.0e+00)
036.750 .... 136 packets received, 7716 bps, 96.45%, Err 0 (0.0e+00)
038.854 .... 144 packets received, 7720 bps, 96.50%, Err 0 (0.0e+00)
040.972 .... 152 packets received, 7721 bps, 96.51%, Err 0 (0.0e+00)
043.106 .... 160 packets received, 7718 bps, 96.48%, Err 0 (0.0e+00)
045.225 .... 168 packets received, 7719 bps, 96.49%, Err 0 (0.0e+00)
047.326 .... 176 packets received, 7723 bps, 96.53%, Err 0 (0.0e+00)
049.446 .... 184 packets received, 7723 bps, 96.54%, Err 0 (0.0e+00)
051.598 .... 192 packets received, 7718 bps, 96.48%, Err 0 (0.0e+00)
053.702 .... 200 packets received, 7721 bps, 96.51%, Err 0 (0.0e+00)
055.836 .... 208 packets received, 7719 bps, 96.49%, Err 0 (0.0e+00)
057.948 .... 216 packets received, 7721 bps, 96.51%, Err 0 (0.0e+00)
060.042 .... 224 packets received, 7724 bps, 96.55%, Err 0 (0.0e+00)
062.183 .... 232 packets received, 7722 bps, 96.52%, Err 0 (0.0e+00)
064.285 .... 240 packets received, 7724 bps, 96.55%, Err 0 (0.0e+00)
066.439 .... 248 packets received, 7720 bps, 96.51%, Err 0 (0.0e+00)
068.550 .... 256 packets received, 7722 bps, 96.52%, Err 0 (0.0e+00)
070.662 .... 264 packets received, 7723 bps, 96.54%, Err 0 (0.0e+00)
072.777 .... 272 packets received, 7723 bps, 96.54%, Err 0 (0.0e+00)
074.925 .... 280 packets received, 7721 bps, 96.51%, Err 0 (0.0e+00)
077.026 .... 288 packets received, 7723 bps, 96.54%, Err 0 (0.0e+00)
079.143 .... 296 packets received, 7723 bps, 96.54%, Err 0 (0.0e+00)
081.244 .... 304 packets received, 7725 bps, 96.57%, Err 0 (0.0e+00)
083.371 .... 312 packets received, 7725 bps, 96.56%, Err 0 (0.0e+00)
085.484 .... 320 packets received, 7725 bps, 96.57%, Err 0 (0.0e+00)
087.613 .... 328 packets received, 7725 bps, 96.56%, Err 0 (0.0e+00)
089.740 .... 336 packets received, 7724 bps, 96.55%, Err 0 (0.0e+00)
091.853 .... 344 packets received, 7725 bps, 96.56%, Err 0 (0.0e+00)
093.984 .... 352 packets received, 7724 bps, 96.55%, Err 0 (0.0e+00)
096.082 .... 360 packets received, 7726 bps, 96.57%, Err 0 (0.0e+00)
098.230 .... 368 packets received, 7724 bps, 96.55%, Err 0 (0.0e+00)
100.345 .... 376 packets received, 7724 bps, 96.55%, Err 0 (0.0e+00)
102.457 .... 384 packets received, 7725 bps, 96.56%, Err 0 (0.0e+00)
104.572 .... 392 packets received, 7725 bps, 96.57%, Err 0 (0.0e+00)
106.715 .... 400 packets received, 7724 bps, 96.55%, Err 0 (0.0e+00)
108.842 .... 408 packets received, 7723 bps, 96.54%, Err 0 (0.0e+00)
110.940 .... 416 packets received, 7725 bps, 96.56%, Err 0 (0.0e+00)
113.070 .... 424 packets received, 7724 bps, 96.55%, Err 0 (0.0e+00)
115.182 .... 432 packets received, 7725 bps, 96.56%, Err 0 (0.0e+00)
117.282 .... 440 packets received, 7726 bps, 96.58%, Err 0 (0.0e+00)
119.408 .... 448 packets received, 7726 bps, 96.57%, Err 0 (0.0e+00)
121.536 .... 456 packets received, 7725 bps, 96.57%, Err 0 (0.0e+00)
123.650 .... 464 packets received, 7726 bps, 96.57%, Err 0 (0.0e+00)
125.781 .... 472 packets received, 7725 bps, 96.57%, Err 0 (0.0e+00)
127.910 .... 480 packets received, 7725 bps, 96.56%, Err 0 (0.0e+00)
130.023 .... 488 packets received, 7725 bps, 96.57%, Err 0 (0.0e+00)
132.137 .... 496 packets received, 7726 bps, 96.57%, Err 0 (0.0e+00)
134.253 .... 504 packets received, 7726 bps, 96.57%, Err 0 (0.0e+00)
136.378 .... 512 packets received, 7726 bps, 96.57%, Err 0 (0.0e+00)
138.490 .... 520 packets received, 7726 bps, 96.58%, Err 0 (0.0e+00)
140.621 .... 528 packets received, 7726 bps, 96.57%, Err 0 (0.0e+00)
142.762 .... 536 packets received, 7724 bps, 96.56%, Err 0 (0.0e+00)
144.875 .... 544 packets received, 7725 bps, 96.56%, Err 0 (0.0e+00)
146.991 .... 552 packets received, 7725 bps, 96.56%, Err 0 (0.0e+00)
149.105 .... 560 packets received, 7726 bps, 96.57%, Err 0 (0.0e+00)
151.218 .... 568 packets received, 7726 bps, 96.57%, Err 0 (0.0e+00)
153.331 .... 576 packets received, 7726 bps, 96.58%, Err 0 (0.0e+00)
155.459 .... 584 packets received, 7726 bps, 96.57%, Err 0 (0.0e+00)
157.587 .... 592 packets received, 7726 bps, 96.57%, Err 0 (0.0e+00)
159.701 .... 600 packets received, 7726 bps, 96.57%, Err 0 (0.0e+00)
161.817 .... 608 packets received, 7726 bps, 96.58%, Err 0 (0.0e+00)
163.931 .... 616 packets received, 7726 bps, 96.58%, Err 0 (0.0e+00)
166.061 .... 624 packets received, 7726 bps, 96.58%, Err 0 (0.0e+00)
168.173 .... 632 packets received, 7726 bps, 96.58%, Err 0 (0.0e+00)
170.289 .... 640 packets received, 7727 bps, 96.58%, Err 0 (0.0e+00)
172.403 .... 648 packets received, 7727 bps, 96.59%, Err 0 (0.0e+00)
174.550 .... 656 packets received, 7726 bps, 96.57%, Err 0 (0.0e+00)
176.649 .... 664 packets received, 7727 bps, 96.58%, Err 0 (0.0e+00)
178.777 .... 672 packets received, 7726 bps, 96.58%, Err 0 (0.0e+00)
180.906 .... 680 packets received, 7726 bps, 96.57%, Err 0 (0.0e+00)
183.023 .... 688 packets received, 7726 bps, 96.58%, Err 0 (0.0e+00)
185.122 .... 696 packets received, 7727 bps, 96.59%, Err 0 (0.0e+00)
187.266 .... 704 packets received, 7726 bps, 96.58%, Err 0 (0.0e+00)
189.381 .... 712 packets received, 7726 bps, 96.58%, Err 0 (0.0e+00)
191.504 .... 720 packets received, 7726 bps, 96.58%, Err 0 (0.0e+00)
193.628 .... 728 packets received, 7726 bps, 96.58%, Err 0 (0.0e+00)
195.741 .... 736 packets received, 7726 bps, 96.58%, Err 0 (0.0e+00)
197.858 .... 744 packets received, 7726 bps, 96.58%, Err 0 (0.0e+00)
199.973 .... 752 packets received, 7727 bps, 96.58%, Err 0 (0.0e+00)
202.104 .... 760 packets received, 7726 bps, 96.58%, Err 0 (0.0e+00)
204.219 .... 768 packets received, 7727 bps, 96.58%, Err 0 (0.0e+00)
206.338 .... 776 packets received, 7727 bps, 96.58%, Err 0 (0.0e+00)
208.455 .... 784 packets received, 7727 bps, 96.58%, Err 0 (0.0e+00)
210.572 .... 792 packets received, 7727 bps, 96.59%, Err 0 (0.0e+00)
212.704 .... 800 packets received, 7726 bps, 96.58%, Err 0 (0.0e+00)
214.829 .... 808 packets received, 7726 bps, 96.58%, Err 0 (0.0e+00)
216.937 .... 816 packets received, 7727 bps, 96.58%, Err 0 (0.0e+00)
219.076 .... 824 packets received, 7726 bps, 96.58%, Err 0 (0.0e+00)
221.198 .... 832 packets received, 7726 bps, 96.57%, Err 0 (0.0e+00)
223.310 .... 840 packets received, 7726 bps, 96.58%, Err 0 (0.0e+00)
225.428 .... 848 packets received, 7726 bps, 96.58%, Err 0 (0.0e+00)
227.543 .... 856 packets received, 7727 bps, 96.58%, Err 0 (0.0e+00)
229.672 .... 864 packets received, 7726 bps, 96.58%, Err 0 (0.0e+00)
231.792 .... 872 packets received, 7726 bps, 96.58%, Err 0 (0.0e+00)
233.909 .... 880 packets received, 7726 bps, 96.58%, Err 0 (0.0e+00)
236.005 .... 888 packets received, 7727 bps, 96.59%, Err 0 (0.0e+00)
238.137 .... 896 packets received, 7727 bps, 96.59%, Err 0 (0.0e+00)
240.252 .... 904 packets received, 7727 bps, 96.59%, Err 0 (0.0e+00)
242.386 .... 912 packets received, 7727 bps, 96.58%, Err 0 (0.0e+00)
244.503 .... 920 packets received, 7727 bps, 96.58%, Err 0 (0.0e+00)
246.602 .... 928 packets received, 7727 bps, 96.59%, Err 0 (0.0e+00)
248.734 .... 936 packets received, 7727 bps, 96.59%, Err 0 (0.0e+00)
250.850 .... 944 packets received, 7727 bps, 96.59%, Err 0 (0.0e+00)
252.983 .... 952 packets received, 7727 bps, 96.58%, Err 0 (0.0e+00)
255.114 .... 960 packets received, 7726 bps, 96.58%, Err 0 (0.0e+00)
257.215 .... 968 packets received, 7727 bps, 96.59%, Err 0 (0.0e+00)
259.349 .... 976 packets received, 7727 bps, 96.58%, Err 0 (0.0e+00)
261.463 .... 984 packets received, 7727 bps, 96.58%, Err 0 (0.0e+00)
263.578 .... 992 packets received, 7727 bps, 96.59%, Err 0 (0.0e+00)
265.707 .... 1000 packets received, 7727 bps, 96.58%, Err 0 (0.0e+00)
267.823 .... 1008 packets received, 7727 bps, 96.59%, Err 0 (0.0e+00)
269.938 .... 1016 packets received, 7727 bps, 96.59%, Err 0 (0.0e+00)
272.069 .... 1024 packets received, 7727 bps, 96.58%, Err 0 (0.0e+00)
274.167 .... 1032 packets received, 7727 bps, 96.59%, Err 0 (0.0e+00)
276.312 .... 1040 packets received, 7727 bps, 96.58%, Err 0 (0.0e+00)
278.411 .... 1048 packets received, 7727 bps, 96.59%, Err 0 (0.0e+00)
280.537 .... 1056 packets received, 7727 bps, 96.59%, Err 0 (0.0e+00)
282.667 .... 1064 packets received, 7727 bps, 96.58%, Err 0 (0.0e+00)
284.766 .... 1072 packets received, 7727 bps, 96.59%, Err 0 (0.0e+00)
286.896 .... 1080 packets received, 7727 bps, 96.59%, Err 0 (0.0e+00)
289.023 .... 1088 packets received, 7727 bps, 96.59%, Err 0 (0.0e+00)
291.154 .... 1096 packets received, 7727 bps, 96.58%, Err 0 (0.0e+00)
293.269 .... 1104 packets received, 7727 bps, 96.58%, Err 0 (0.0e+00)
295.379 .... 1112 packets received, 7727 bps, 96.59%, Err 0 (0.0e+00)
297.509 .... 1120 packets received, 7727 bps, 96.59%, Err 0 (0.0e+00)
299.609 .... 1128 packets received, 7727 bps, 96.59%, Err 0 (0.0e+00)
301.739 .... 1136 packets received, 7727 bps, 96.59%, Err 0 (0.0e+00)
303.866 .... 1144 packets received, 7727 bps, 96.59%, Err 0 (0.0e+00)
305.978 .... 1152 packets received, 7727 bps, 96.59%, Err 0 (0.0e+00)
308.112 .... 1160 packets received, 7727 bps, 96.58%, Err 0 (0.0e+00)
310.227 .... 1168 packets received, 7727 bps, 96.59%, Err 0 (0.0e+00)
312.358 .... 1176 packets received, 7727 bps, 96.58%, Err 0 (0.0e+00)
314.475 .... 1184 packets received, 7727 bps, 96.58%, Err 0 (0.0e+00)
316.591 .... 1192 packets received, 7727 bps, 96.59%, Err 0 (0.0e+00)
318.722 .... 1200 packets received, 7727 bps, 96.58%, Err 0 (0.0e+00)
320.818 .... 1208 packets received, 7727 bps, 96.59%, Err 0 (0.0e+00)
322.961 .... 1216 packets received, 7727 bps, 96.58%, Err 0 (0.0e+00)
325.058 .... 1224 packets received, 7727 bps, 96.59%, Err 0 (0.0e+00)
327.201 .... 1232 packets received, 7727 bps, 96.58%, Err 0 (0.0e+00)
329.314 .... 1240 packets received, 7727 bps, 96.59%, Err 0 (0.0e+00)
331.428 .... 1248 packets received, 7727 bps, 96.59%, Err 0 (0.0e+00)
333.560 .... 1256 packets received, 7727 bps, 96.58%, Err 0 (0.0e+00)
335.673 .... 1264 packets received, 7727 bps, 96.59%, Err 0 (0.0e+00)
337.776 .... 1272 packets received, 7727 bps, 96.59%, Err 0 (0.0e+00)
339.914 .... 1280 packets received, 7727 bps, 96.59%, Err 0 (0.0e+00)
342.035 .... 1288 packets received, 7727 bps, 96.59%, Err 0 (0.0e+00)
344.145 .... 1296 packets received, 7727 bps, 96.59%, Err 0 (0.0e+00)
346.283 .... 1304 packets received, 7727 bps, 96.58%, Err 0 (0.0e+00)
348.401 .... 1312 packets received, 7727 bps, 96.58%, Err 0 (0.0e+00)
350.515 .... 1320 packets received, 7727 bps, 96.59%, Err 0 (0.0e+00)
352.624 .... 1328 packets received, 7727 bps, 96.59%, Err 0 (0.0e+00)
354.750 .... 1336 packets received, 7727 bps, 96.59%, Err 0 (0.0e+00)
356.871 .... 1344 packets received, 7727 bps, 96.59%, Err 0 (0.0e+00)
358.985 .... 1352 packets received, 7727 bps, 96.59%, Err 0 (0.0e+00)
361.115 .... 1360 packets received, 7727 bps, 96.59%, Err 0 (0.0e+00)
363.232 .... 1368 packets received, 7727 bps, 96.59%, Err 0 (0.0e+00)
365.351 .... 1376 packets received, 7727 bps, 96.59%, Err 0 (0.0e+00)
367.472 .... 1384 packets received, 7727 bps, 96.59%, Err 0 (0.0e+00)
369.590 .... 1392 packets received, 7727 bps, 96.59%, Err 0 (0.0e+00)
371.710 .... 1400 packets received, 7727 bps, 96.59%, Err 0 (0.0e+00)
373.843 .... 1408 packets received, 7727 bps, 96.59%, Err 0 (0.0e+00)
375.931 .... 1416 packets received, 7727 bps, 96.59%, Err 0 (0.0e+00)
378.067 .... 1424 packets received, 7727 bps, 96.59%, Err 0 (0.0e+00)
380.193 .... 1432 packets received, 7727 bps, 96.59%, Err 0 (0.0e+00)
382.286 .... 1440 packets received, 7728 bps, 96.60%, Err 0 (0.0e+00)
384.423 .... 1448 packets received, 7727 bps, 96.59%, Err 0 (0.0e+00)
386.546 .... 1456 packets received, 7727 bps, 96.59%, Err 0 (0.0e+00)
388.662 .... 1464 packets received, 7727 bps, 96.59%, Err 0 (0.0e+00)
390.789 .... 1472 packets received, 7727 bps, 96.59%, Err 0 (0.0e+00)
392.901 .... 1480 packets received, 7727 bps, 96.59%, Err 0 (0.0e+00)
395.042 .... 1488 packets received, 7727 bps, 96.59%, Err 0 (0.0e+00)
397.155 .... 1496 packets received, 7727 bps, 96.59%, Err 0 (0.0e+00)
399.254 .... 1504 packets received, 7727 bps, 96.59%, Err 0 (0.0e+00)
401.386 .... 1512 packets received, 7727 bps, 96.59%, Err 0 (0.0e+00)
403.519 .... 1520 packets received, 7727 bps, 96.59%, Err 0 (0.0e+00)
405.635 .... 1528 packets received, 7727 bps, 96.59%, Err 0 (0.0e+00)
407.745 .... 1536 packets received, 7727 bps, 96.59%, Err 0 (0.0e+00)
409.855 .... 1544 packets received, 7727 bps, 96.59%, Err 0 (0.0e+00)
411.989 .... 1552 packets received, 7727 bps, 96.59%, Err 0 (0.0e+00)
414.117 .... 1560 packets received, 7727 bps, 96.59%, Err 0 (0.0e+00)
416.228 .... 1568 packets received, 7727 bps, 96.59%, Err 0 (0.0e+00)
418.342 .... 1576 packets received, 7727 bps, 96.59%, Err 0 (0.0e+00)
420.459 .... 1584 packets received, 7727 bps, 96.59%, Err 0 (0.0e+00)
422.603 .... 1592 packets received, 7727 bps, 96.59%, Err 0 (0.0e+00)
424.702 .... 1600 packets received, 7727 bps, 96.59%, Err 0 (0.0e+00)
426.802 .... 1608 packets received, 7728 bps, 96.60%, Err 0 (0.0e+00)
428.950 .... 1616 packets received, 7727 bps, 96.59%, Err 0 (0.0e+00)
431.063 .... 1624 packets received, 7727 bps, 96.59%, Err 0 (0.0e+00)
433.180 .... 1632 packets received, 7727 bps, 96.59%, Err 0 (0.0e+00)
435.295 .... 1640 packets received, 7728 bps, 96.59%, Err 0 (0.0e+00)
437.436 .... 1648 packets received, 7727 bps, 96.59%, Err 0 (0.0e+00)
439.549 .... 1656 packets received, 7727 bps, 96.59%, Err 0 (0.0e+00)
441.663 .... 1664 packets received, 7727 bps, 96.59%, Err 0 (0.0e+00)
443.780 .... 1672 packets received, 7727 bps, 96.59%, Err 0 (0.0e+00)
445.898 .... 1680 packets received, 7728 bps, 96.59%, Err 0 (0.0e+00)
448.030 .... 1688 packets received, 7727 bps, 96.59%, Err 0 (0.0e+00)
450.133 .... 1696 packets received, 7728 bps, 96.59%, Err 0 (0.0e+00)
452.250 .... 1704 packets received, 7728 bps, 96.60%, Err 0 (0.0e+00)
454.383 .... 1712 packets received, 7727 bps, 96.59%, Err 0 (0.0e+00)
456.501 .... 1720 packets received, 7727 bps, 96.59%, Err 0 (0.0e+00)
458.619 .... 1728 packets received, 7728 bps, 96.59%, Err 0 (0.0e+00)
460.752 .... 1736 packets received, 7727 bps, 96.59%, Err 0 (0.0e+00)
462.871 .... 1744 packets received, 7727 bps, 96.59%, Err 0 (0.0e+00)
464.988 .... 1752 packets received, 7727 bps, 96.59%, Err 0 (0.0e+00)
467.088 .... 1760 packets received, 7728 bps, 96.60%, Err 0 (0.0e+00)
469.231 .... 1768 packets received, 7727 bps, 96.59%, Err 0 (0.0e+00)
471.344 .... 1776 packets received, 7727 bps, 96.59%, Err 0 (0.0e+00)
473.483 .... 1784 packets received, 7727 bps, 96.59%, Err 0 (0.0e+00)
475.570 .... 1792 packets received, 7728 bps, 96.60%, Err 0 (0.0e+00)
477.700 .... 1800 packets received, 7728 bps, 96.59%, Err 0 (0.0e+00)
479.816 .... 1808 packets received, 7728 bps, 96.59%, Err 0 (0.0e+00)
481.923 .... 1816 packets received, 7728 bps, 96.60%, Err 0 (0.0e+00)
484.064 .... 1824 packets received, 7727 bps, 96.59%, Err 0 (0.0e+00)
486.188 .... 1832 packets received, 7727 bps, 96.59%, Err 0 (0.0e+00)
488.290 .... 1840 packets received, 7728 bps, 96.60%, Err 0 (0.0e+00)
490.407 .... 1848 packets received, 7728 bps, 96.60%, Err 0 (0.0e+00)
492.538 .... 1856 packets received, 7728 bps, 96.59%, Err 0 (0.0e+00)
494.665 .... 1864 packets received, 7727 bps, 96.59%, Err 0 (0.0e+00)
496.789 .... 1872 packets received, 7727 bps, 96.59%, Err 0 (0.0e+00)
498.904 .... 1880 packets received, 7727 bps, 96.59%, Err 0 (0.0e+00)
501.018 .... 1888 packets received, 7728 bps, 96.59%, Err 0 (0.0e+00)
503.141 .... 1896 packets received, 7728 bps, 96.59%, Err 0 (0.0e+00)
505.268 .... 1904 packets received, 7727 bps, 96.59%, Err 0 (0.0e+00)
507.381 .... 1912 packets received, 7728 bps, 96.59%, Err 0 (0.0e+00)
509.508 .... 1920 packets received, 7727 bps, 96.59%, Err 0 (0.0e+00)
511.621 .... 1928 packets received, 7728 bps, 96.59%, Err 0 (0.0e+00)
513.749 .... 1936 packets received, 7727 bps, 96.59%, Err 0 (0.0e+00)
515.863 .... 1944 packets received, 7728 bps, 96.59%, Err 0 (0.0e+00)
517.976 .... 1952 packets received, 7728 bps, 96.60%, Err 0 (0.0e+00)
520.087 .... 1960 packets received, 7728 bps, 96.60%, Err 0 (0.0e+00)
522.227 .... 1968 packets received, 7727 bps, 96.59%, Err 0 (0.0e+00)
524.339 .... 1976 packets received, 7728 bps, 96.60%, Err 0 (0.0e+00)
526.452 .... 1984 packets received, 7728 bps, 96.60%, Err 0 (0.0e+00)
528.567 .... 1992 packets received, 7728 bps, 96.60%, Err 0 (0.0e+00)
530.695 .... 2000 packets received, 7728 bps, 96.60%, Err 0 (0.0e+00)
532.825 .... 2008 packets received, 7728 bps, 96.59%, Err 0 (0.0e+00)
534.923 .... 2016 packets received, 7728 bps, 96.60%, Err 0 (0.0e+00)
537.066 .... 2024 packets received, 7728 bps, 96.59%, Err 0 (0.0e+00)
539.177 .... 2032 packets received, 7728 bps, 96.60%, Err 0 (0.0e+00)
541.290 .... 2040 packets received, 7728 bps, 96.60%, Err 0 (0.0e+00)
543.424 .... 2048 packets received, 7728 bps, 96.59%, Err 0 (0.0e+00)
545.553 .... 2056 packets received, 7727 bps, 96.59%, Err 0 (0.0e+00)
547.673 .... 2064 packets received, 7727 bps, 96.59%, Err 0 (0.0e+00)
549.783 .... 2072 packets received, 7728 bps, 96.59%, Err 0 (0.0e+00)
551.891 .... 2080 packets received, 7728 bps, 96.60%, Err 0 (0.0e+00)
554.006 .... 2088 packets received, 7728 bps, 96.60%, Err 0 (0.0e+00)
556.151 .... 2096 packets received, 7727 bps, 96.59%, Err 0 (0.0e+00)
558.263 .... 2104 packets received, 7728 bps, 96.59%, Err 0 (0.0e+00)
560.376 .... 2112 packets received, 7728 bps, 96.60%, Err 0 (0.0e+00)
562.503 .... 2120 packets received, 7728 bps, 96.60%, Err 0 (0.0e+00)
564.631 .... 2128 packets received, 7727 bps, 96.59%, Err 0 (0.0e+00)
566.730 .... 2136 packets received, 7728 bps, 96.60%, Err 0 (0.0e+00)
568.858 .... 2144 packets received, 7728 bps, 96.60%, Err 0 (0.0e+00)
570.973 .... 2152 packets received, 7728 bps, 96.60%, Err 0 (0.0e+00)
573.101 .... 2160 packets received, 7728 bps, 96.60%, Err 0 (0.0e+00)
575.214 .... 2168 packets received, 7728 bps, 96.60%, Err 0 (0.0e+00)
577.342 .... 2176 packets received, 7728 bps, 96.60%, Err 0 (0.0e+00)
579.457 .... 2184 packets received, 7728 bps, 96.60%, Err 0 (0.0e+00)
581.583 .... 2192 packets received, 7728 bps, 96.60%, Err 0 (0.0e+00)
583.697 .... 2200 packets received, 7728 bps, 96.60%, Err 0 (0.0e+00)
585.841 .... 2208 packets received, 7727 bps, 96.59%, Err 0 (0.0e+00)
587.924 .... 2216 packets received, 7728 bps, 96.60%, Err 0 (0.0e+00)
590.052 .... 2224 packets received, 7728 bps, 96.60%, Err 0 (0.0e+00)
592.181 .... 2232 packets received, 7728 bps, 96.60%, Err 0 (0.0e+00)
594.310 .... 2240 packets received, 7728 bps, 96.59%, Err 0 (0.0e+00)
596.423 .... 2248 packets received, 7728 bps, 96.60%, Err 0 (0.0e+00)
598.551 .... 2256 packets received, 7728 bps, 96.59%, Err 0 (0.0e+00)
600.665 .... 2264 packets received, 7728 bps, 96.60%, Err 0 (0.0e+00)
602.782 .... 2272 packets received, 7728 bps, 96.60%, Err 0 (0.0e+00)
604.902 .... 2280 packets received, 7728 bps, 96.60%, Err 0 (0.0e+00)
607.017 .... 2288 packets received, 7728 bps, 96.60%, Err 0 (0.0e+00)
609.131 .... 2296 packets received, 7728 bps, 96.60%, Err 0 (0.0e+00)
611.246 .... 2304 packets received, 7728 bps, 96.60%, Err 0 (0.0e+00)
613.377 .... 2312 packets received, 7728 bps, 96.60%, Err 0 (0.0e+00)
615.494 .... 2320 packets received, 7728 bps, 96.60%, Err 0 (0.0e+00)
617.606 .... 2328 packets received, 7728 bps, 96.60%, Err 0 (0.0e+00)
619.761 .... 2336 packets received, 7727 bps, 96.59%, Err 0 (0.0e+00)
621.859 .... 2344 packets received, 7728 bps, 96.60%, Err 0 (0.0e+00)
623.990 .... 2352 packets received, 7728 bps, 96.59%, Err 0 (0.0e+00)
626.092 .... 2360 packets received, 7728 bps, 96.60%, Err 0 (0.0e+00)
628.224 .... 2368 packets received, 7728 bps, 96.60%, Err 0 (0.0e+00)
630.343 .... 2376 packets received, 7728 bps, 96.60%, Err 0 (0.0e+00)
632.460 .... 2384 packets received, 7728 bps, 96.60%, Err 0 (0.0e+00)
634.577 .... 2392 packets received, 7728 bps, 96.60%, Err 0 (0.0e+00)
636.695 .... 2400 packets received, 7728 bps, 96.60%, Err 0 (0.0e+00)
638.813 .... 2408 packets received, 7728 bps, 96.60%, Err 0 (0.0e+00)
640.930 .... 2416 packets received, 7728 bps, 96.60%, Err 0 (0.0e+00)
643.063 .... 2424 packets received, 7728 bps, 96.60%, Err 0 (0.0e+00)
645.181 .... 2432 packets received, 7728 bps, 96.60%, Err 0 (0.0e+00)
647.301 .... 2440 packets received, 7728 bps, 96.60%, Err 0 (0.0e+00)
649.418 .... 2448 packets received, 7728 bps, 96.60%, Err 0 (0.0e+00)
651.551 .... 2456 packets received, 7728 bps, 96.60%, Err 0 (0.0e+00)
653.668 .... 2464 packets received, 7728 bps, 96.60%, Err 0 (0.0e+00)
655.770 .... 2472 packets received, 7728 bps, 96.60%, Err 0 (0.0e+00)
657.903 .... 2480 packets received, 7728 bps, 96.60%, Err 0 (0.0e+00)
660.019 .... 2488 packets received, 7728 bps, 96.60%, Err 0 (0.0e+00)
662.137 .... 2496 packets received, 7728 bps, 96.60%, Err 0 (0.0e+00)
664.269 .... 2504 packets received, 7728 bps, 96.60%, Err 0 (0.0e+00)
666.385 .... 2512 packets received, 7728 bps, 96.60%, Err 0 (0.0e+00)
668.502 .... 2520 packets received, 7728 bps, 96.60%, Err 0 (0.0e+00)
670.604 .... 2528 packets received, 7728 bps, 96.60%, Err 0 (0.0e+00)
672.738 .... 2536 packets received, 7728 bps, 96.60%, Err 0 (0.0e+00)
674.854 .... 2544 packets received, 7728 bps, 96.60%, Err 0 (0.0e+00)
676.971 .... 2552 packets received, 7728 bps, 96.60%, Err 0 (0.0e+00)
679.089 .... 2560 packets received, 7728 bps, 96.60%, Err 0 (0.0e+00)
681.208 .... 2568 packets received, 7728 bps, 96.60%, Err 0 (0.0e+00)
683.340 .... 2576 packets received, 7728 bps, 96.60%, Err 0 (0.0e+00)
685.458 .... 2584 packets received, 7728 bps, 96.60%, Err 0 (0.0e+00)
687.576 .... 2592 packets received, 7728 bps, 96.60%, Err 0 (0.0e+00)
689.692 .... 2600 packets received, 7728 bps, 96.60%, Err 0 (0.0e+00)
691.824 .... 2608 packets received, 7728 bps, 96.60%, Err 0 (0.0e+00)
693.956 .... 2616 packets received, 7728 bps, 96.59%, Err 0 (0.0e+00)
696.057 .... 2624 packets received, 7728 bps, 96.60%, Err 0 (0.0e+00)
698.175 .... 2632 packets received, 7728 bps, 96.60%, Err 0 (0.0e+00)
700.307 .... 2640 packets received, 7728 bps, 96.60%, Err 0 (0.0e+00)
702.421 .... 2648 packets received, 7728 bps, 96.60%, Err 0 (0.0e+00)
704.550 .... 2656 packets received, 7728 bps, 96.60%, Err 0 (0.0e+00)
706.648 .... 2664 packets received, 7728 bps, 96.60%, Err 0 (0.0e+00)
708.763 .... 2672 packets received, 7728 bps, 96.60%, Err 0 (0.0e+00)
710.908 .... 2680 packets received, 7728 bps, 96.60%, Err 0 (0.0e+00)
713.004 .... 2688 packets received, 7728 bps, 96.60%, Err 0 (0.0e+00)
715.145 .... 2696 packets received, 7728 bps, 96.60%, Err 0 (0.0e+00)
717.243 .... 2704 packets received, 7728 bps, 96.60%, Err 0 (0.0e+00)
719.388 .... 2712 packets received, 7728 bps, 96.60%, Err 0 (0.0e+00)
721.487 .... 2720 packets received, 7728 bps, 96.60%, Err 0 (0.0e+00)
723.645 .... 2728 packets received, 7728 bps, 96.59%, Err 0 (0.0e+00)
725.743 .... 2736 packets received, 7728 bps, 96.60%, Err 0 (0.0e+00)
727.886 .... 2744 packets received, 7728 bps, 96.59%, Err 0 (0.0e+00)
729.998 .... 2752 packets received, 7728 bps, 96.60%, Err 0 (0.0e+00)
732.096 .... 2760 packets received, 7728 bps, 96.60%, Err 0 (0.0e+00)
734.226 .... 2768 packets received, 7728 bps, 96.60%, Err 0 (0.0e+00)
736.338 .... 2776 packets received, 7728 bps, 96.60%, Err 0 (0.0e+00)
738.467 .... 2784 packets received, 7728 bps, 96.60%, Err 0 (0.0e+00)
740.567 .... 2792 packets received, 7728 bps, 96.60%, Err 0 (0.0e+00)
742.709 .... 2800 packets received, 7728 bps, 96.60%, Err 0 (0.0e+00)
744.808 .... 2808 packets received, 7728 bps, 96.60%, Err 0 (0.0e+00)
746.938 .... 2816 packets received, 7728 bps, 96.60%, Err 0 (0.0e+00)
749.051 .... 2824 packets received, 7728 bps, 96.60%, Err 0 (0.0e+00)
751.165 .... 2832 packets received, 7728 bps, 96.60%, Err 0 (0.0e+00)
753.294 .... 2840 packets received, 7728 bps, 96.60%, Err 0 (0.0e+00)
755.421 .... 2848 packets received, 7728 bps, 96.60%, Err 0 (0.0e+00)
757.548 .... 2856 packets received, 7728 bps, 96.60%, Err 0 (0.0e+00)
759.661 .... 2864 packets received, 7728 bps, 96.60%, Err 0 (0.0e+00)
761.774 .... 2872 packets received, 7728 bps, 96.60%, Err 0 (0.0e+00)
763.888 .... 2880 packets received, 7728 bps, 96.60%, Err 0 (0.0e+00)
766.015 .... 2888 packets received, 7728 bps, 96.60%, Err 0 (0.0e+00)
768.158 .... 2896 packets received, 7728 bps, 96.60%, Err 0 (0.0e+00)
770.270 .... 2904 packets received, 7728 bps, 96.60%, Err 0 (0.0e+00)
772.383 .... 2912 packets received, 7728 bps, 96.60%, Err 0 (0.0e+00)
774.482 .... 2920 packets received, 7728 bps, 96.60%, Err 0 (0.0e+00)
776.609 .... 2928 packets received, 7728 bps, 96.60%, Err 0 (0.0e+00)
778.736 .... 2936 packets received, 7728 bps, 96.60%, Err 0 (0.0e+00)
780.865 .... 2944 packets received, 7728 bps, 96.60%, Err 0 (0.0e+00)
782.962 .... 2952 packets received, 7728 bps, 96.60%, Err 0 (0.0e+00)
785.105 .... 2960 packets received, 7728 bps, 96.60%, Err 0 (0.0e+00)
787.203 .... 2968 packets received, 7728 bps, 96.60%, Err 0 (0.0e+00)
789.331 .... 2976 packets received, 7728 bps, 96.60%, Err 0 (0.0e+00)
791.445 .... 2984 packets received, 7728 bps, 96.60%, Err 0 (0.0e+00)
793.588 .... 2992 packets received, 7728 bps, 96.60%, Err 0 (0.0e+00)
795.683 .... 3000 packets received, 7728 bps, 96.60%, Err 0 (0.0e+00)
797.827 .... 3008 packets received, 7728 bps, 96.60%, Err 0 (0.0e+00)
799.925 .... 3016 packets received, 7728 bps, 96.60%, Err 0 (0.0e+00)
802.069 .... 3024 packets received, 7728 bps, 96.60%, Err 0 (0.0e+00)
804.198 .... 3032 packets received, 7728 bps, 96.60%, Err 0 (0.0e+00)
806.299 .... 3040 packets received, 7728 bps, 96.60%, Err 0 (0.0e+00)
808.414 .... 3048 packets received, 7728 bps, 96.60%, Err 0 (0.0e+00)
810.529 .... 3056 packets received, 7728 bps, 96.60%, Err 0 (0.0e+00)
812.663 .... 3064 packets received, 7728 bps, 96.60%, Err 0 (0.0e+00)
814.779 .... 3072 packets received, 7728 bps, 96.60%, Err 0 (0.0e+00)
816.911 .... 3080 packets received, 7728 bps, 96.60%, Err 0 (0.0e+00)
819.025 .... 3088 packets received, 7728 bps, 96.60%, Err 0 (0.0e+00)
821.142 .... 3096 packets received, 7728 bps, 96.60%, Err 0 (0.0e+00)
823.258 .... 3104 packets received, 7728 bps, 96.60%, Err 0 (0.0e+00)
825.376 .... 3112 packets received, 7728 bps, 96.60%, Err 0 (0.0e+00)
827.506 .... 3120 packets received, 7728 bps, 96.60%, Err 0 (0.0e+00)
829.622 .... 3128 packets received, 7728 bps, 96.60%, Err 0 (0.0e+00)
831.740 .... 3136 packets received, 7728 bps, 96.60%, Err 0 (0.0e+00)
833.843 .... 3144 packets received, 7728 bps, 96.60%, Err 0 (0.0e+00)
835.974 .... 3152 packets received, 7728 bps, 96.60%, Err 0 (0.0e+00)
838.120 .... 3160 packets received, 7728 bps, 96.60%, Err 0 (0.0e+00)
840.221 .... 3168 packets received, 7728 bps, 96.60%, Err 0 (0.0e+00)
842.338 .... 3176 packets received, 7728 bps, 96.60%, Err 0 (0.0e+00)
844.469 .... 3184 packets received, 7728 bps, 96.60%, Err 0 (0.0e+00)
846.587 .... 3192 packets received, 7728 bps, 96.60%, Err 0 (0.0e+00)
848.690 .... 3200 packets received, 7728 bps, 96.60%, Err 0 (0.0e+00)
850.808 .... 3208 packets received, 7728 bps, 96.60%, Err 0 (0.0e+00)
852.939 .... 3216 packets received, 7728 bps, 96.60%, Err 0 (0.0e+00)
855.057 .... 3224 packets received, 7728 bps, 96.60%, Err 0 (0.0e+00)
857.190 .... 3232 packets received, 7728 bps, 96.60%, Err 0 (0.0e+00)
859.308 .... 3240 packets received, 7728 bps, 96.60%, Err 0 (0.0e+00)
861.408 .... 3248 packets received, 7728 bps, 96.60%, Err 0 (0.0e+00)
863.525 .... 3256 packets received, 7728 bps, 96.60%, Err 0 (0.0e+00)
865.658 .... 3264 packets received, 7728 bps, 96.60%, Err 0 (0.0e+00)
867.774 .... 3272 packets received, 7728 bps, 96.60%, Err 0 (0.0e+00)
869.906 .... 3280 packets received, 7728 bps, 96.60%, Err 0 (0.0e+00)
872.025 .... 3288 packets received, 7728 bps, 96.60%, Err 0 (0.0e+00)
874.141 .... 3296 packets received, 7728 bps, 96.60%, Err 0 (0.0e+00)
876.258 .... 3304 packets received, 7728 bps, 96.60%, Err 0 (0.0e+00)
878.375 .... 3312 packets received, 7728 bps, 96.60%, Err 0 (0.0e+00)
880.493 .... 3320 packets received, 7728 bps, 96.60%, Err 0 (0.0e+00)
882.625 .... 3328 packets received, 7728 bps, 96.60%, Err 0 (0.0e+00)
884.741 .... 3336 packets received, 7728 bps, 96.60%, Err 0 (0.0e+00)
886.844 .... 3344 packets received, 7728 bps, 96.60%, Err 0 (0.0e+00)
888.976 .... 3352 packets received, 7728 bps, 96.60%, Err 0 (0.0e+00)
891.088 .... 3360 packets received, 7728 bps, 96.60%, Err 0 (0.0e+00)
893.218 .... 3368 packets received, 7728 bps, 96.60%, Err 0 (0.0e+00)
895.336 .... 3376 packets received, 7728 bps, 96.60%, Err 0 (0.0e+00)
897.455 .... 3384 packets received, 7728 bps, 96.60%, Err 0 (0.0e+00)
899.572 .... 3392 packets received, 7728 bps, 96.60%, Err 0 (0.0e+00)
901.703 .... 3400 packets received, 7728 bps, 96.60%, Err 0 (0.0e+00)
903.831 .... 3408 packets received, 7728 bps, 96.60%, Err 0 (0.0e+00)
905.928 .... 3416 packets received, 7728 bps, 96.60%, Err 0 (0.0e+00)
908.071 .... 3424 packets received, 7728 bps, 96.60%, Err 0 (0.0e+00)
910.182 .... 3432 packets received, 7728 bps, 96.60%, Err 0 (0.0e+00)
912.310 .... 3440 packets received, 7728 bps, 96.60%, Err 0 (0.0e+00)
914.424 .... 3448 packets received, 7728 bps, 96.60%, Err 0 (0.0e+00)
916.551 .... 3456 packets received, 7728 bps, 96.60%, Err 0 (0.0e+00)
918.664 .... 3464 packets received, 7728 bps, 96.60%, Err 0 (0.0e+00)
920.778 .... 3472 packets received, 7728 bps, 96.60%, Err 0 (0.0e+00)
922.905 .... 3480 packets received, 7728 bps, 96.60%, Err 0 (0.0e+00)
925.032 .... 3488 packets received, 7728 bps, 96.60%, Err 0 (0.0e+00)
927.144 .... 3496 packets received, 7728 bps, 96.60%, Err 0 (0.0e+00)
929.257 .... 3504 packets received, 7728 bps, 96.60%, Err 0 (0.0e+00)
931.370 .... 3512 packets received, 7728 bps, 96.60%, Err 0 (0.0e+00)
933.499 .... 3520 packets received, 7728 bps, 96.60%, Err 0 (0.0e+00)
935.627 .... 3528 packets received, 7728 bps, 96.60%, Err 0 (0.0e+00)
937.724 .... 3536 packets received, 7728 bps, 96.60%, Err 0 (0.0e+00)
939.866 .... 3544 packets received, 7728 bps, 96.60%, Err 0 (0.0e+00)
941.978 .... 3552 packets received, 7728 bps, 96.60%, Err 0 (0.0e+00)
944.091 .... 3560 packets received, 7728 bps, 96.60%, Err 0 (0.0e+00)
946.219 .... 3568 packets received, 7728 bps, 96.60%, Err 0 (0.0e+00)
948.346 .... 3576 packets received, 7728 bps, 96.60%, Err 0 (0.0e+00)
950.461 .... 3584 packets received, 7728 bps, 96.60%, Err 0 (0.0e+00)
952.588 .... 3592 packets received, 7728 bps, 96.60%, Err 0 (0.0e+00)
954.687 .... 3600 packets received, 7728 bps, 96.60%, Err 0 (0.0e+00)
956.832 .... 3608 packets received, 7728 bps, 96.60%, Err 0 (0.0e+00)
958.928 .... 3616 packets received, 7728 bps, 96.60%, Err 0 (0.0e+00)
961.056 .... 3624 packets received, 7728 bps, 96.60%, Err 0 (0.0e+00)
963.186 .... 3632 packets received, 7728 bps, 96.60%, Err 0 (0.0e+00)
965.284 .... 3640 packets received, 7728 bps, 96.60%, Err 0 (0.0e+00)
967.427 .... 3648 packets received, 7728 bps, 96.60%, Err 0 (0.0e+00)
969.523 .... 3656 packets received, 7728 bps, 96.60%, Err 0 (0.0e+00)
971.652 .... 3664 packets received, 7728 bps, 96.60%, Err 0 (0.0e+00)
973.764 .... 3672 packets received, 7728 bps, 96.60%, Err 0 (0.0e+00)
975.907 .... 3680 packets received, 7728 bps, 96.60%, Err 0 (0.0e+00)
978.006 .... 3688 packets received, 7728 bps, 96.60%, Err 0 (0.0e+00)
980.150 .... 3696 packets received, 7728 bps, 96.60%, Err 0 (0.0e+00)
982.260 .... 3704 packets received, 7728 bps, 96.60%, Err 0 (0.0e+00)
984.402 .... 3712 packets received, 7728 bps, 96.60%, Err 0 (0.0e+00)
986.500 .... 3720 packets received, 7728 bps, 96.60%, Err 0 (0.0e+00)
988.629 .... 3728 packets received, 7728 bps, 96.60%, Err 0 (0.0e+00)
990.725 .... 3736 packets received, 7728 bps, 96.60%, Err 0 (0.0e+00)
992.868 .... 3744 packets received, 7728 bps, 96.60%, Err 0 (0.0e+00)
994.978 .... 3752 packets received, 7728 bps, 96.60%, Err 0 (0.0e+00)
997.105 .... 3760 packets received, 7728 bps, 96.60%, Err 0 (0.0e+00)
999.218 .... 3768 packets received, 7728 bps, 96.60%, Err 0 (0.0e+00)
1001.333 .... 3776 packets received, 7728 bps, 96.60%, Err 0 (0.0e+00)
1003.455 .... 3784 packets received, 7728 bps, 96.60%, Err 0 (0.0e+00)
1005.569 .... 3792 packets received, 7728 bps, 96.60%, Err 0 (0.0e+00)
1007.712 .... 3800 packets received, 7728 bps, 96.60%, Err 0 (0.0e+00)
1009.830 .... 3808 packets received, 7728 bps, 96.60%, Err 0 (0.0e+00)
1011.947 .... 3816 packets received, 7728 bps, 96.60%, Err 0 (0.0e+00)
1014.064 .... 3824 packets received, 7728 bps, 96.60%, Err 0 (0.0e+00)
1016.179 .... 3832 packets received, 7728 bps, 96.60%, Err 0 (0.0e+00)
1018.310 .... 3840 packets received, 7728 bps, 96.60%, Err 0 (0.0e+00)
1020.442 .... 3848 packets received, 7728 bps, 96.60%, Err 0 (0.0e+00)
1022.544 .... 3856 packets received, 7728 bps, 96.60%, Err 0 (0.0e+00)
1024.660 .... 3864 packets received, 7728 bps, 96.60%, Err 0 (0.0e+00)
1026.779 .... 3872 packets received, 7728 bps, 96.60%, Err 0 (0.0e+00)
1028.895 .... 3880 packets received, 7728 bps, 96.60%, Err 0 (0.0e+00)
1031.026 .... 3888 packets received, 7728 bps, 96.60%, Err 0 (0.0e+00)
1033.143 .... 3896 packets received, 7728 bps, 96.60%, Err 0 (0.0e+00)
1035.245 .... 3904 packets received, 7728 bps, 96.60%, Err 0 (0.0e+00)
1037.363 .... 3912 packets received, 7728 bps, 96.60%, Err 0 (0.0e+00)
1039.495 .... 3920 packets received, 7728 bps, 96.60%, Err 0 (0.0e+00)
1041.611 .... 3928 packets received, 7728 bps, 96.60%, Err 0 (0.0e+00)
1043.729 .... 3936 packets received, 7728 bps, 96.60%, Err 0 (0.0e+00)
1045.848 .... 3944 packets received, 7728 bps, 96.60%, Err 0 (0.0e+00)
1047.980 .... 3952 packets received, 7728 bps, 96.60%, Err 0 (0.0e+00)
1050.083 .... 3960 packets received, 7728 bps, 96.60%, Err 0 (0.0e+00)
1052.215 .... 3968 packets received, 7728 bps, 96.60%, Err 0 (0.0e+00)
1054.360 .... 3976 packets received, 7728 bps, 96.60%, Err 0 (0.0e+00)
1056.475 .... 3984 packets received, 7728 bps, 96.60%, Err 0 (0.0e+00)
1058.577 .... 3992 packets received, 7728 bps, 96.60%, Err 0 (0.0e+00)
1060.709 .... 4000 packets received, 7728 bps, 96.60%, Err 0 (0.0e+00)
1062.825 .... 4008 packets received, 7728 bps, 96.60%, Err 0 (0.0e+00)
1064.927 .... 4016 packets received, 7728 bps, 96.60%, Err 0 (0.0e+00)
1067.055 .... 4024 packets received, 7728 bps, 96.60%, Err 0 (0.0e+00)
1069.185 .... 4032 packets received, 7728 bps, 96.60%, Err 0 (0.0e+00)
1071.299 .... 4040 packets received, 7728 bps, 96.60%, Err 0 (0.0e+00)
1073.427 .... 4048 packets received, 7728 bps, 96.60%, Err 0 (0.0e+00)
1075.525 .... 4056 packets received, 7728 bps, 96.60%, Err 0 (0.0e+00)
1077.657 .... 4064 packets received, 7728 bps, 96.60%, Err 0 (0.0e+00)
1079.790 .... 4072 packets received, 7728 bps, 96.60%, Err 0 (0.0e+00)
1081.893 .... 4080 packets received, 7728 bps, 96.60%, Err 0 (0.0e+00)
1084.008 .... 4088 packets received, 7728 bps, 96.60%, Err 0 (0.0e+00)
1086.140 .... 4096 packets received, 7728 bps, 96.60%, Err 0 (0.0e+00)
1088.257 .... 4104 packets received, 7728 bps, 96.60%, Err 0 (0.0e+00)
1090.390 .... 4112 packets received, 7728 bps, 96.60%, Err 0 (0.0e+00)
1092.508 .... 4120 packets received, 7728 bps, 96.60%, Err 0 (0.0e+00)
1094.640 .... 4128 packets received, 7728 bps, 96.60%, Err 0 (0.0e+00)
1096.726 .... 4136 packets received, 7728 bps, 96.60%, Err 0 (0.0e+00)
1098.844 .... 4144 packets received, 7728 bps, 96.60%, Err 0 (0.0e+00)
1100.991 .... 4152 packets received, 7728 bps, 96.60%, Err 0 (0.0e+00)
1103.103 .... 4160 packets received, 7728 bps, 96.60%, Err 0 (0.0e+00)
1105.217 .... 4168 packets received, 7728 bps, 96.60%, Err 0 (0.0e+00)
1107.345 .... 4176 packets received, 7728 bps, 96.60%, Err 0 (0.0e+00)
1109.458 .... 4184 packets received, 7728 bps, 96.60%, Err 0 (0.0e+00)
1111.571 .... 4192 packets received, 7728 bps, 96.60%, Err 0 (0.0e+00)
1113.683 .... 4200 packets received, 7728 bps, 96.60%, Err 0 (0.0e+00)
1115.811 .... 4208 packets received, 7728 bps, 96.60%, Err 0 (0.0e+00)
1117.924 .... 4216 packets received, 7728 bps, 96.60%, Err 0 (0.0e+00)
1120.053 .... 4224 packets received, 7728 bps, 96.60%, Err 0 (0.0e+00)
1122.180 .... 4232 packets received, 7728 bps, 96.60%, Err 0 (0.0e+00)
1124.293 .... 4240 packets received, 7728 bps, 96.60%, Err 0 (0.0e+00)
1126.437 .... 4248 packets received, 7728 bps, 96.60%, Err 0 (0.0e+00)
1128.550 .... 4256 packets received, 7728 bps, 96.60%, Err 0 (0.0e+00)
1130.664 .... 4264 packets received, 7728 bps, 96.60%, Err 0 (0.0e+00)
1132.777 .... 4272 packets received, 7728 bps, 96.60%, Err 0 (0.0e+00)
1134.906 .... 4280 packets received, 7728 bps, 96.60%, Err 0 (0.0e+00)
1137.004 .... 4288 packets received, 7728 bps, 96.60%, Err 0 (0.0e+00)
1139.144 .... 4296 packets received, 7728 bps, 96.60%, Err 0 (0.0e+00)
1141.253 .... 4304 packets received, 7728 bps, 96.60%, Err 0 (0.0e+00)
1143.366 .... 4312 packets received, 7728 bps, 96.60%, Err 0 (0.0e+00)
1145.494 .... 4320 packets received, 7728 bps, 96.60%, Err 0 (0.0e+00)
1147.607 .... 4328 packets received, 7728 bps, 96.60%, Err 0 (0.0e+00)
1149.764 .... 4336 packets received, 7728 bps, 96.60%, Err 0 (0.0e+00)
1151.861 .... 4344 packets received, 7728 bps, 96.60%, Err 0 (0.0e+00)
1153.996 .... 4352 packets received, 7728 bps, 96.60%, Err 0 (0.0e+00)
1156.096 .... 4360 packets received, 7728 bps, 96.60%, Err 0 (0.0e+00)
1158.208 .... 4368 packets received, 7728 bps, 96.60%, Err 0 (0.0e+00)
1160.350 .... 4376 packets received, 7728 bps, 96.60%, Err 0 (0.0e+00)
1162.476 .... 4384 packets received, 7728 bps, 96.60%, Err 0 (0.0e+00)
1164.580 .... 4392 packets received, 7728 bps, 96.60%, Err 0 (0.0e+00)
1166.709 .... 4400 packets received, 7728 bps, 96.60%, Err 0 (0.0e+00)
1168.822 .... 4408 packets received, 7728 bps, 96.60%, Err 0 (0.0e+00)
1170.937 .... 4416 packets received, 7728 bps, 96.60%, Err 0 (0.0e+00)
1173.065 .... 4424 packets received, 7728 bps, 96.60%, Err 0 (0.0e+00)
1175.161 .... 4432 packets received, 7728 bps, 96.60%, Err 0 (0.0e+00)
1177.318 .... 4440 packets received, 7728 bps, 96.60%, Err 0 (0.0e+00)
1179.431 .... 4448 packets received, 7728 bps, 96.60%, Err 0 (0.0e+00)
1181.543 .... 4456 packets received, 7728 bps, 96.60%, Err 0 (0.0e+00)
1183.655 .... 4464 packets received, 7728 bps, 96.60%, Err 0 (0.0e+00)
1185.797 .... 4472 packets received, 7728 bps, 96.60%, Err 0 (0.0e+00)
1187.909 .... 4480 packets received, 7728 bps, 96.60%, Err 0 (0.0e+00)
1190.021 .... 4488 packets received, 7728 bps, 96.60%, Err 0 (0.0e+00)
1192.133 .... 4496 packets received, 7728 bps, 96.60%, Err 0 (0.0e+00)
1194.261 .... 4504 packets received, 7728 bps, 96.60%, Err 0 (0.0e+00)
1196.372 .... 4512 packets received, 7728 bps, 96.60%, Err 0 (0.0e+00)
1198.498 .... 4520 packets received, 7728 bps, 96.60%, Err 0 (0.0e+00)
1200.029 Quit.
