000.000 =============================================================
000.000                     Station B                               
000.000 -------------------------------------------------------------
000.000 Protocol.lib, version 4.0, jiangyanjun0718@bupt.edu.cn
000.000 Channel: 8000 bps, 270 ms propagation delay, bit error rate 0
000.000 Log file "ufB.log", TCP port 30023, debug mask 0x00
000.000 Station B is connecting station A (TCP port 30023) ... Done.
000.365 New epoch: Thu May 16 16:47:39 2019
000.365 =================================================================
000.365 
000.365 Designed by CJSoft, build: May 16 2019  15:57:30
002.767 .... 8 packets received, 7703 bps, 96.29%, Err 0 (0.0e+00)
004.877 .... 16 packets received, 7734 bps, 96.67%, Err 0 (0.0e+00)
007.010 .... 24 packets received, 7716 bps, 96.45%, Err 0 (0.0e+00)
009.125 .... 32 packets received, 7724 bps, 96.55%, Err 0 (0.0e+00)
011.253 .... 40 packets received, 7719 bps, 96.49%, Err 0 (0.0e+00)
013.354 .... 48 packets received, 7732 bps, 96.65%, Err 0 (0.0e+00)
015.505 .... 56 packets received, 7715 bps, 96.44%, Err 0 (0.0e+00)
017.611 .... 64 packets received, 7723 bps, 96.54%, Err 0 (0.0e+00)
019.734 .... 72 packets received, 7723 bps, 96.53%, Err 0 (0.0e+00)
021.848 .... 80 packets received, 7725 bps, 96.57%, Err 0 (0.0e+00)
023.979 .... 88 packets received, 7722 bps, 96.53%, Err 0 (0.0e+00)
026.094 .... 96 packets received, 7724 bps, 96.55%, Err 0 (0.0e+00)
028.195 .... 104 packets received, 7730 bps, 96.62%, Err 0 (0.0e+00)
030.351 .... 112 packets received, 7720 bps, 96.50%, Err 0 (0.0e+00)
032.454 .... 120 packets received, 7725 bps, 96.56%, Err 0 (0.0e+00)
034.574 .... 128 packets received, 7725 bps, 96.56%, Err 0 (0.0e+00)
036.689 .... 136 packets received, 7726 bps, 96.58%, Err 0 (0.0e+00)
038.807 .... 144 packets received, 7727 bps, 96.59%, Err 0 (0.0e+00)
040.941 .... 152 packets received, 7724 bps, 96.55%, Err 0 (0.0e+00)
043.045 .... 160 packets received, 7727 bps, 96.59%, Err 0 (0.0e+00)
045.179 .... 168 packets received, 7725 bps, 96.56%, Err 0 (0.0e+00)
047.296 .... 176 packets received, 7726 bps, 96.57%, Err 0 (0.0e+00)
049.415 .... 184 packets received, 7726 bps, 96.57%, Err 0 (0.0e+00)
051.537 .... 192 packets received, 7726 bps, 96.57%, Err 0 (0.0e+00)
053.656 .... 200 packets received, 7726 bps, 96.57%, Err 0 (0.0e+00)
055.775 .... 208 packets received, 7726 bps, 96.58%, Err 0 (0.0e+00)
057.902 .... 216 packets received, 7725 bps, 96.57%, Err 0 (0.0e+00)
060.011 .... 224 packets received, 7727 bps, 96.59%, Err 0 (0.0e+00)
062.153 .... 232 packets received, 7724 bps, 96.55%, Err 0 (0.0e+00)
064.239 .... 240 packets received, 7728 bps, 96.61%, Err 0 (0.0e+00)
066.379 .... 248 packets received, 7726 bps, 96.58%, Err 0 (0.0e+00)
068.488 .... 256 packets received, 7727 bps, 96.59%, Err 0 (0.0e+00)
070.615 .... 264 packets received, 7727 bps, 96.58%, Err 0 (0.0e+00)
072.731 .... 272 packets received, 7727 bps, 96.59%, Err 0 (0.0e+00)
074.848 .... 280 packets received, 7727 bps, 96.59%, Err 0 (0.0e+00)
076.980 .... 288 packets received, 7726 bps, 96.58%, Err 0 (0.0e+00)
079.097 .... 296 packets received, 7727 bps, 96.58%, Err 0 (0.0e+00)
081.226 .... 304 packets received, 7726 bps, 96.57%, Err 0 (0.0e+00)
083.338 .... 312 packets received, 7727 bps, 96.58%, Err 0 (0.0e+00)
085.451 .... 320 packets received, 7727 bps, 96.59%, Err 0 (0.0e+00)
087.565 .... 328 packets received, 7728 bps, 96.60%, Err 0 (0.0e+00)
089.679 .... 336 packets received, 7728 bps, 96.60%, Err 0 (0.0e+00)
091.807 .... 344 packets received, 7728 bps, 96.60%, Err 0 (0.0e+00)
093.938 .... 352 packets received, 7727 bps, 96.59%, Err 0 (0.0e+00)
096.036 .... 360 packets received, 7729 bps, 96.61%, Err 0 (0.0e+00)
098.169 .... 368 packets received, 7728 bps, 96.59%, Err 0 (0.0e+00)
100.299 .... 376 packets received, 7727 bps, 96.59%, Err 0 (0.0e+00)
102.397 .... 384 packets received, 7729 bps, 96.61%, Err 0 (0.0e+00)
104.542 .... 392 packets received, 7727 bps, 96.58%, Err 0 (0.0e+00)
106.669 .... 400 packets received, 7726 bps, 96.58%, Err 0 (0.0e+00)
108.795 .... 408 packets received, 7726 bps, 96.57%, Err 0 (0.0e+00)
110.909 .... 416 packets received, 7726 bps, 96.58%, Err 0 (0.0e+00)
113.024 .... 424 packets received, 7727 bps, 96.58%, Err 0 (0.0e+00)
115.138 .... 432 packets received, 7727 bps, 96.59%, Err 0 (0.0e+00)
117.236 .... 440 packets received, 7729 bps, 96.61%, Err 0 (0.0e+00)
119.377 .... 448 packets received, 7727 bps, 96.59%, Err 0 (0.0e+00)
121.475 .... 456 packets received, 7729 bps, 96.61%, Err 0 (0.0e+00)
123.620 .... 464 packets received, 7727 bps, 96.59%, Err 0 (0.0e+00)
125.735 .... 472 packets received, 7727 bps, 96.59%, Err 0 (0.0e+00)
127.833 .... 480 packets received, 7729 bps, 96.61%, Err 0 (0.0e+00)
129.977 .... 488 packets received, 7727 bps, 96.59%, Err 0 (0.0e+00)
132.079 .... 496 packets received, 7728 bps, 96.60%, Err 0 (0.0e+00)
134.222 .... 504 packets received, 7727 bps, 96.59%, Err 0 (0.0e+00)
136.316 .... 512 packets received, 7729 bps, 96.61%, Err 0 (0.0e+00)
138.460 .... 520 packets received, 7727 bps, 96.59%, Err 0 (0.0e+00)
140.575 .... 528 packets received, 7727 bps, 96.59%, Err 0 (0.0e+00)
142.701 .... 536 packets received, 7727 bps, 96.59%, Err 0 (0.0e+00)
144.814 .... 544 packets received, 7728 bps, 96.59%, Err 0 (0.0e+00)
146.945 .... 552 packets received, 7727 bps, 96.59%, Err 0 (0.0e+00)
149.059 .... 560 packets received, 7727 bps, 96.59%, Err 0 (0.0e+00)
151.172 .... 568 packets received, 7728 bps, 96.60%, Err 0 (0.0e+00)
153.286 .... 576 packets received, 7728 bps, 96.60%, Err 0 (0.0e+00)
155.413 .... 584 packets received, 7728 bps, 96.60%, Err 0 (0.0e+00)
157.541 .... 592 packets received, 7727 bps, 96.59%, Err 0 (0.0e+00)
159.654 .... 600 packets received, 7728 bps, 96.60%, Err 0 (0.0e+00)
161.770 .... 608 packets received, 7728 bps, 96.60%, Err 0 (0.0e+00)
163.885 .... 616 packets received, 7728 bps, 96.60%, Err 0 (0.0e+00)
166.015 .... 624 packets received, 7728 bps, 96.60%, Err 0 (0.0e+00)
168.127 .... 632 packets received, 7728 bps, 96.60%, Err 0 (0.0e+00)
170.243 .... 640 packets received, 7728 bps, 96.60%, Err 0 (0.0e+00)
172.373 .... 648 packets received, 7728 bps, 96.60%, Err 0 (0.0e+00)
174.473 .... 656 packets received, 7729 bps, 96.61%, Err 0 (0.0e+00)
176.618 .... 664 packets received, 7728 bps, 96.59%, Err 0 (0.0e+00)
178.732 .... 672 packets received, 7728 bps, 96.60%, Err 0 (0.0e+00)
180.876 .... 680 packets received, 7727 bps, 96.58%, Err 0 (0.0e+00)
182.992 .... 688 packets received, 7727 bps, 96.59%, Err 0 (0.0e+00)
185.106 .... 696 packets received, 7727 bps, 96.59%, Err 0 (0.0e+00)
187.220 .... 704 packets received, 7728 bps, 96.59%, Err 0 (0.0e+00)
189.348 .... 712 packets received, 7727 bps, 96.59%, Err 0 (0.0e+00)
191.443 .... 720 packets received, 7728 bps, 96.60%, Err 0 (0.0e+00)
193.581 .... 728 packets received, 7727 bps, 96.59%, Err 0 (0.0e+00)
195.710 .... 736 packets received, 7727 bps, 96.59%, Err 0 (0.0e+00)
197.811 .... 744 packets received, 7728 bps, 96.60%, Err 0 (0.0e+00)
199.927 .... 752 packets received, 7728 bps, 96.60%, Err 0 (0.0e+00)
202.043 .... 760 packets received, 7728 bps, 96.60%, Err 0 (0.0e+00)
204.167 .... 768 packets received, 7728 bps, 96.60%, Err 0 (0.0e+00)
206.284 .... 776 packets received, 7728 bps, 96.60%, Err 0 (0.0e+00)
208.399 .... 784 packets received, 7728 bps, 96.60%, Err 0 (0.0e+00)
210.532 .... 792 packets received, 7728 bps, 96.60%, Err 0 (0.0e+00)
212.650 .... 800 packets received, 7728 bps, 96.60%, Err 0 (0.0e+00)
214.761 .... 808 packets received, 7728 bps, 96.60%, Err 0 (0.0e+00)
216.883 .... 816 packets received, 7728 bps, 96.60%, Err 0 (0.0e+00)
219.019 .... 824 packets received, 7728 bps, 96.60%, Err 0 (0.0e+00)
221.137 .... 832 packets received, 7728 bps, 96.60%, Err 0 (0.0e+00)
223.233 .... 840 packets received, 7729 bps, 96.61%, Err 0 (0.0e+00)
225.382 .... 848 packets received, 7728 bps, 96.59%, Err 0 (0.0e+00)
227.512 .... 856 packets received, 7727 bps, 96.59%, Err 0 (0.0e+00)
229.597 .... 864 packets received, 7728 bps, 96.61%, Err 0 (0.0e+00)
231.730 .... 872 packets received, 7728 bps, 96.60%, Err 0 (0.0e+00)
233.862 .... 880 packets received, 7728 bps, 96.59%, Err 0 (0.0e+00)
235.974 .... 888 packets received, 7728 bps, 96.60%, Err 0 (0.0e+00)
238.091 .... 896 packets received, 7728 bps, 96.60%, Err 0 (0.0e+00)
240.221 .... 904 packets received, 7728 bps, 96.60%, Err 0 (0.0e+00)
242.325 .... 912 packets received, 7728 bps, 96.60%, Err 0 (0.0e+00)
244.442 .... 920 packets received, 7728 bps, 96.60%, Err 0 (0.0e+00)
246.556 .... 928 packets received, 7728 bps, 96.61%, Err 0 (0.0e+00)
248.688 .... 936 packets received, 7728 bps, 96.60%, Err 0 (0.0e+00)
250.820 .... 944 packets received, 7728 bps, 96.60%, Err 0 (0.0e+00)
252.922 .... 952 packets received, 7728 bps, 96.60%, Err 0 (0.0e+00)
255.068 .... 960 packets received, 7727 bps, 96.59%, Err 0 (0.0e+00)
257.169 .... 968 packets received, 7728 bps, 96.60%, Err 0 (0.0e+00)
259.288 .... 976 packets received, 7728 bps, 96.60%, Err 0 (0.0e+00)
261.417 .... 984 packets received, 7728 bps, 96.60%, Err 0 (0.0e+00)
263.517 .... 992 packets received, 7728 bps, 96.60%, Err 0 (0.0e+00)
265.661 .... 1000 packets received, 7728 bps, 96.60%, Err 0 (0.0e+00)
267.793 .... 1008 packets received, 7727 bps, 96.59%, Err 0 (0.0e+00)
269.877 .... 1016 packets received, 7728 bps, 96.60%, Err 0 (0.0e+00)
271.993 .... 1024 packets received, 7729 bps, 96.61%, Err 0 (0.0e+00)
274.121 .... 1032 packets received, 7728 bps, 96.60%, Err 0 (0.0e+00)
276.235 .... 1040 packets received, 7728 bps, 96.61%, Err 0 (0.0e+00)
278.380 .... 1048 packets received, 7728 bps, 96.60%, Err 0 (0.0e+00)
280.475 .... 1056 packets received, 7728 bps, 96.61%, Err 0 (0.0e+00)
282.621 .... 1064 packets received, 7728 bps, 96.60%, Err 0 (0.0e+00)
284.734 .... 1072 packets received, 7728 bps, 96.60%, Err 0 (0.0e+00)
286.850 .... 1080 packets received, 7728 bps, 96.60%, Err 0 (0.0e+00)
288.992 .... 1088 packets received, 7727 bps, 96.59%, Err 0 (0.0e+00)
291.108 .... 1096 packets received, 7728 bps, 96.59%, Err 0 (0.0e+00)
293.223 .... 1104 packets received, 7728 bps, 96.60%, Err 0 (0.0e+00)
295.349 .... 1112 packets received, 7728 bps, 96.59%, Err 0 (0.0e+00)
297.449 .... 1120 packets received, 7728 bps, 96.60%, Err 0 (0.0e+00)
299.564 .... 1128 packets received, 7728 bps, 96.60%, Err 0 (0.0e+00)
301.678 .... 1136 packets received, 7728 bps, 96.60%, Err 0 (0.0e+00)
303.820 .... 1144 packets received, 7728 bps, 96.60%, Err 0 (0.0e+00)
305.916 .... 1152 packets received, 7728 bps, 96.61%, Err 0 (0.0e+00)
308.054 .... 1160 packets received, 7728 bps, 96.60%, Err 0 (0.0e+00)
310.170 .... 1168 packets received, 7728 bps, 96.60%, Err 0 (0.0e+00)
312.302 .... 1176 packets received, 7728 bps, 96.60%, Err 0 (0.0e+00)
314.419 .... 1184 packets received, 7728 bps, 96.60%, Err 0 (0.0e+00)
316.533 .... 1192 packets received, 7728 bps, 96.60%, Err 0 (0.0e+00)
318.646 .... 1200 packets received, 7728 bps, 96.60%, Err 0 (0.0e+00)
320.787 .... 1208 packets received, 7728 bps, 96.60%, Err 0 (0.0e+00)
322.900 .... 1216 packets received, 7728 bps, 96.60%, Err 0 (0.0e+00)
325.011 .... 1224 packets received, 7728 bps, 96.60%, Err 0 (0.0e+00)
327.140 .... 1232 packets received, 7728 bps, 96.60%, Err 0 (0.0e+00)
329.256 .... 1240 packets received, 7728 bps, 96.60%, Err 0 (0.0e+00)
331.373 .... 1248 packets received, 7728 bps, 96.60%, Err 0 (0.0e+00)
333.502 .... 1256 packets received, 7728 bps, 96.60%, Err 0 (0.0e+00)
335.614 .... 1264 packets received, 7728 bps, 96.60%, Err 0 (0.0e+00)
337.730 .... 1272 packets received, 7728 bps, 96.60%, Err 0 (0.0e+00)
339.853 .... 1280 packets received, 7728 bps, 96.60%, Err 0 (0.0e+00)
341.989 .... 1288 packets received, 7728 bps, 96.60%, Err 0 (0.0e+00)
344.115 .... 1296 packets received, 7728 bps, 96.59%, Err 0 (0.0e+00)
346.207 .... 1304 packets received, 7728 bps, 96.60%, Err 0 (0.0e+00)
348.342 .... 1312 packets received, 7728 bps, 96.60%, Err 0 (0.0e+00)
350.459 .... 1320 packets received, 7728 bps, 96.60%, Err 0 (0.0e+00)
352.588 .... 1328 packets received, 7728 bps, 96.60%, Err 0 (0.0e+00)
354.699 .... 1336 packets received, 7728 bps, 96.60%, Err 0 (0.0e+00)
356.816 .... 1344 packets received, 7728 bps, 96.60%, Err 0 (0.0e+00)
358.946 .... 1352 packets received, 7728 bps, 96.60%, Err 0 (0.0e+00)
361.062 .... 1360 packets received, 7728 bps, 96.60%, Err 0 (0.0e+00)
363.179 .... 1368 packets received, 7728 bps, 96.60%, Err 0 (0.0e+00)
365.293 .... 1376 packets received, 7728 bps, 96.60%, Err 0 (0.0e+00)
367.423 .... 1384 packets received, 7728 bps, 96.60%, Err 0 (0.0e+00)
369.538 .... 1392 packets received, 7728 bps, 96.60%, Err 0 (0.0e+00)
371.654 .... 1400 packets received, 7728 bps, 96.60%, Err 0 (0.0e+00)
373.768 .... 1408 packets received, 7728 bps, 96.60%, Err 0 (0.0e+00)
375.900 .... 1416 packets received, 7728 bps, 96.60%, Err 0 (0.0e+00)
378.022 .... 1424 packets received, 7728 bps, 96.60%, Err 0 (0.0e+00)
380.147 .... 1432 packets received, 7728 bps, 96.60%, Err 0 (0.0e+00)
382.240 .... 1440 packets received, 7728 bps, 96.60%, Err 0 (0.0e+00)
384.365 .... 1448 packets received, 7728 bps, 96.60%, Err 0 (0.0e+00)
386.506 .... 1456 packets received, 7728 bps, 96.60%, Err 0 (0.0e+00)
388.625 .... 1464 packets received, 7728 bps, 96.60%, Err 0 (0.0e+00)
390.741 .... 1472 packets received, 7728 bps, 96.60%, Err 0 (0.0e+00)
392.871 .... 1480 packets received, 7728 bps, 96.60%, Err 0 (0.0e+00)
394.981 .... 1488 packets received, 7728 bps, 96.60%, Err 0 (0.0e+00)
397.109 .... 1496 packets received, 7728 bps, 96.60%, Err 0 (0.0e+00)
399.209 .... 1504 packets received, 7728 bps, 96.60%, Err 0 (0.0e+00)
401.355 .... 1512 packets received, 7728 bps, 96.60%, Err 0 (0.0e+00)
403.458 .... 1520 packets received, 7728 bps, 96.60%, Err 0 (0.0e+00)
405.589 .... 1528 packets received, 7728 bps, 96.60%, Err 0 (0.0e+00)
407.700 .... 1536 packets received, 7728 bps, 96.60%, Err 0 (0.0e+00)
409.794 .... 1544 packets received, 7728 bps, 96.61%, Err 0 (0.0e+00)
411.928 .... 1552 packets received, 7728 bps, 96.60%, Err 0 (0.0e+00)
414.042 .... 1560 packets received, 7728 bps, 96.60%, Err 0 (0.0e+00)
416.168 .... 1568 packets received, 7728 bps, 96.60%, Err 0 (0.0e+00)
418.297 .... 1576 packets received, 7728 bps, 96.60%, Err 0 (0.0e+00)
420.413 .... 1584 packets received, 7728 bps, 96.60%, Err 0 (0.0e+00)
422.528 .... 1592 packets received, 7728 bps, 96.60%, Err 0 (0.0e+00)
424.656 .... 1600 packets received, 7728 bps, 96.60%, Err 0 (0.0e+00)
426.771 .... 1608 packets received, 7728 bps, 96.60%, Err 0 (0.0e+00)
428.874 .... 1616 packets received, 7728 bps, 96.61%, Err 0 (0.0e+00)
431.017 .... 1624 packets received, 7728 bps, 96.60%, Err 0 (0.0e+00)
433.119 .... 1632 packets received, 7728 bps, 96.60%, Err 0 (0.0e+00)
435.250 .... 1640 packets received, 7728 bps, 96.60%, Err 0 (0.0e+00)
437.391 .... 1648 packets received, 7728 bps, 96.60%, Err 0 (0.0e+00)
439.503 .... 1656 packets received, 7728 bps, 96.60%, Err 0 (0.0e+00)
441.632 .... 1664 packets received, 7728 bps, 96.60%, Err 0 (0.0e+00)
443.734 .... 1672 packets received, 7728 bps, 96.60%, Err 0 (0.0e+00)
445.836 .... 1680 packets received, 7728 bps, 96.60%, Err 0 (0.0e+00)
447.969 .... 1688 packets received, 7728 bps, 96.60%, Err 0 (0.0e+00)
450.103 .... 1696 packets received, 7728 bps, 96.60%, Err 0 (0.0e+00)
452.204 .... 1704 packets received, 7728 bps, 96.60%, Err 0 (0.0e+00)
454.337 .... 1712 packets received, 7728 bps, 96.60%, Err 0 (0.0e+00)
456.455 .... 1720 packets received, 7728 bps, 96.60%, Err 0 (0.0e+00)
458.558 .... 1728 packets received, 7728 bps, 96.60%, Err 0 (0.0e+00)
460.675 .... 1736 packets received, 7728 bps, 96.60%, Err 0 (0.0e+00)
462.810 .... 1744 packets received, 7728 bps, 96.60%, Err 0 (0.0e+00)
464.942 .... 1752 packets received, 7728 bps, 96.60%, Err 0 (0.0e+00)
467.058 .... 1760 packets received, 7728 bps, 96.60%, Err 0 (0.0e+00)
469.170 .... 1768 packets received, 7728 bps, 96.60%, Err 0 (0.0e+00)
471.298 .... 1776 packets received, 7728 bps, 96.60%, Err 0 (0.0e+00)
473.422 .... 1784 packets received, 7728 bps, 96.60%, Err 0 (0.0e+00)
475.539 .... 1792 packets received, 7728 bps, 96.60%, Err 0 (0.0e+00)
477.669 .... 1800 packets received, 7728 bps, 96.60%, Err 0 (0.0e+00)
479.786 .... 1808 packets received, 7728 bps, 96.60%, Err 0 (0.0e+00)
481.892 .... 1816 packets received, 7728 bps, 96.60%, Err 0 (0.0e+00)
484.033 .... 1824 packets received, 7728 bps, 96.60%, Err 0 (0.0e+00)
486.142 .... 1832 packets received, 7728 bps, 96.60%, Err 0 (0.0e+00)
488.259 .... 1840 packets received, 7728 bps, 96.60%, Err 0 (0.0e+00)
490.376 .... 1848 packets received, 7728 bps, 96.60%, Err 0 (0.0e+00)
492.492 .... 1856 packets received, 7728 bps, 96.60%, Err 0 (0.0e+00)
494.634 .... 1864 packets received, 7728 bps, 96.60%, Err 0 (0.0e+00)
496.736 .... 1872 packets received, 7728 bps, 96.60%, Err 0 (0.0e+00)
498.849 .... 1880 packets received, 7728 bps, 96.60%, Err 0 (0.0e+00)
500.965 .... 1888 packets received, 7728 bps, 96.60%, Err 0 (0.0e+00)
503.093 .... 1896 packets received, 7728 bps, 96.60%, Err 0 (0.0e+00)
505.207 .... 1904 packets received, 7728 bps, 96.60%, Err 0 (0.0e+00)
507.335 .... 1912 packets received, 7728 bps, 96.60%, Err 0 (0.0e+00)
509.448 .... 1920 packets received, 7728 bps, 96.60%, Err 0 (0.0e+00)
511.575 .... 1928 packets received, 7728 bps, 96.60%, Err 0 (0.0e+00)
513.688 .... 1936 packets received, 7728 bps, 96.60%, Err 0 (0.0e+00)
515.801 .... 1944 packets received, 7728 bps, 96.60%, Err 0 (0.0e+00)
517.930 .... 1952 packets received, 7728 bps, 96.60%, Err 0 (0.0e+00)
520.057 .... 1960 packets received, 7728 bps, 96.60%, Err 0 (0.0e+00)
522.181 .... 1968 packets received, 7728 bps, 96.60%, Err 0 (0.0e+00)
524.278 .... 1976 packets received, 7728 bps, 96.60%, Err 0 (0.0e+00)
526.421 .... 1984 packets received, 7728 bps, 96.60%, Err 0 (0.0e+00)
528.532 .... 1992 packets received, 7728 bps, 96.60%, Err 0 (0.0e+00)
530.658 .... 2000 packets received, 7728 bps, 96.60%, Err 0 (0.0e+00)
532.784 .... 2008 packets received, 7728 bps, 96.60%, Err 0 (0.0e+00)
534.892 .... 2016 packets received, 7728 bps, 96.60%, Err 0 (0.0e+00)
537.020 .... 2024 packets received, 7728 bps, 96.60%, Err 0 (0.0e+00)
539.115 .... 2032 packets received, 7728 bps, 96.60%, Err 0 (0.0e+00)
541.245 .... 2040 packets received, 7728 bps, 96.60%, Err 0 (0.0e+00)
543.379 .... 2048 packets received, 7728 bps, 96.60%, Err 0 (0.0e+00)
545.506 .... 2056 packets received, 7728 bps, 96.60%, Err 0 (0.0e+00)
547.621 .... 2064 packets received, 7728 bps, 96.60%, Err 0 (0.0e+00)
549.749 .... 2072 packets received, 7728 bps, 96.60%, Err 0 (0.0e+00)
551.845 .... 2080 packets received, 7728 bps, 96.60%, Err 0 (0.0e+00)
553.975 .... 2088 packets received, 7728 bps, 96.60%, Err 0 (0.0e+00)
556.074 .... 2096 packets received, 7728 bps, 96.60%, Err 0 (0.0e+00)
558.218 .... 2104 packets received, 7728 bps, 96.60%, Err 0 (0.0e+00)
560.330 .... 2112 packets received, 7728 bps, 96.60%, Err 0 (0.0e+00)
562.457 .... 2120 packets received, 7728 bps, 96.60%, Err 0 (0.0e+00)
564.570 .... 2128 packets received, 7728 bps, 96.60%, Err 0 (0.0e+00)
566.684 .... 2136 packets received, 7728 bps, 96.60%, Err 0 (0.0e+00)
568.813 .... 2144 packets received, 7728 bps, 96.60%, Err 0 (0.0e+00)
570.927 .... 2152 packets received, 7728 bps, 96.60%, Err 0 (0.0e+00)
573.040 .... 2160 packets received, 7728 bps, 96.60%, Err 0 (0.0e+00)
575.168 .... 2168 packets received, 7728 bps, 96.60%, Err 0 (0.0e+00)
577.296 .... 2176 packets received, 7728 bps, 96.60%, Err 0 (0.0e+00)
579.395 .... 2184 packets received, 7728 bps, 96.60%, Err 0 (0.0e+00)
581.523 .... 2192 packets received, 7728 bps, 96.60%, Err 0 (0.0e+00)
583.651 .... 2200 packets received, 7728 bps, 96.60%, Err 0 (0.0e+00)
585.795 .... 2208 packets received, 7728 bps, 96.60%, Err 0 (0.0e+00)
587.893 .... 2216 packets received, 7728 bps, 96.60%, Err 0 (0.0e+00)
590.006 .... 2224 packets received, 7728 bps, 96.60%, Err 0 (0.0e+00)
592.135 .... 2232 packets received, 7728 bps, 96.60%, Err 0 (0.0e+00)
594.249 .... 2240 packets received, 7728 bps, 96.60%, Err 0 (0.0e+00)
596.362 .... 2248 packets received, 7728 bps, 96.60%, Err 0 (0.0e+00)
598.489 .... 2256 packets received, 7728 bps, 96.60%, Err 0 (0.0e+00)
600.619 .... 2264 packets received, 7728 bps, 96.60%, Err 0 (0.0e+00)
602.736 .... 2272 packets received, 7728 bps, 96.60%, Err 0 (0.0e+00)
604.840 .... 2280 packets received, 7728 bps, 96.60%, Err 0 (0.0e+00)
606.971 .... 2288 packets received, 7728 bps, 96.60%, Err 0 (0.0e+00)
609.101 .... 2296 packets received, 7728 bps, 96.60%, Err 0 (0.0e+00)
611.215 .... 2304 packets received, 7728 bps, 96.60%, Err 0 (0.0e+00)
613.331 .... 2312 packets received, 7728 bps, 96.60%, Err 0 (0.0e+00)
615.444 .... 2320 packets received, 7728 bps, 96.60%, Err 0 (0.0e+00)
617.572 .... 2328 packets received, 7728 bps, 96.60%, Err 0 (0.0e+00)
619.700 .... 2336 packets received, 7728 bps, 96.60%, Err 0 (0.0e+00)
621.813 .... 2344 packets received, 7728 bps, 96.60%, Err 0 (0.0e+00)
623.929 .... 2352 packets received, 7728 bps, 96.60%, Err 0 (0.0e+00)
626.046 .... 2360 packets received, 7728 bps, 96.60%, Err 0 (0.0e+00)
628.163 .... 2368 packets received, 7728 bps, 96.60%, Err 0 (0.0e+00)
630.281 .... 2376 packets received, 7728 bps, 96.60%, Err 0 (0.0e+00)
632.399 .... 2384 packets received, 7728 bps, 96.60%, Err 0 (0.0e+00)
634.531 .... 2392 packets received, 7728 bps, 96.60%, Err 0 (0.0e+00)
636.649 .... 2400 packets received, 7728 bps, 96.60%, Err 0 (0.0e+00)
638.782 .... 2408 packets received, 7728 bps, 96.60%, Err 0 (0.0e+00)
640.884 .... 2416 packets received, 7728 bps, 96.60%, Err 0 (0.0e+00)
643.017 .... 2424 packets received, 7728 bps, 96.60%, Err 0 (0.0e+00)
645.135 .... 2432 packets received, 7728 bps, 96.60%, Err 0 (0.0e+00)
647.255 .... 2440 packets received, 7728 bps, 96.60%, Err 0 (0.0e+00)
649.357 .... 2448 packets received, 7728 bps, 96.60%, Err 0 (0.0e+00)
651.474 .... 2456 packets received, 7728 bps, 96.60%, Err 0 (0.0e+00)
653.607 .... 2464 packets received, 7728 bps, 96.60%, Err 0 (0.0e+00)
655.755 .... 2472 packets received, 7728 bps, 96.60%, Err 0 (0.0e+00)
657.872 .... 2480 packets received, 7728 bps, 96.60%, Err 0 (0.0e+00)
659.974 .... 2488 packets received, 7728 bps, 96.60%, Err 0 (0.0e+00)
662.091 .... 2496 packets received, 7728 bps, 96.60%, Err 0 (0.0e+00)
664.223 .... 2504 packets received, 7728 bps, 96.60%, Err 0 (0.0e+00)
666.339 .... 2512 packets received, 7728 bps, 96.60%, Err 0 (0.0e+00)
668.440 .... 2520 packets received, 7728 bps, 96.60%, Err 0 (0.0e+00)
670.573 .... 2528 packets received, 7728 bps, 96.60%, Err 0 (0.0e+00)
672.691 .... 2536 packets received, 7728 bps, 96.60%, Err 0 (0.0e+00)
674.808 .... 2544 packets received, 7728 bps, 96.60%, Err 0 (0.0e+00)
676.925 .... 2552 packets received, 7728 bps, 96.60%, Err 0 (0.0e+00)
679.043 .... 2560 packets received, 7728 bps, 96.60%, Err 0 (0.0e+00)
681.162 .... 2568 packets received, 7728 bps, 96.60%, Err 0 (0.0e+00)
683.294 .... 2576 packets received, 7728 bps, 96.60%, Err 0 (0.0e+00)
685.396 .... 2584 packets received, 7728 bps, 96.60%, Err 0 (0.0e+00)
687.530 .... 2592 packets received, 7728 bps, 96.60%, Err 0 (0.0e+00)
689.661 .... 2600 packets received, 7728 bps, 96.60%, Err 0 (0.0e+00)
691.778 .... 2608 packets received, 7728 bps, 96.60%, Err 0 (0.0e+00)
693.910 .... 2616 packets received, 7728 bps, 96.60%, Err 0 (0.0e+00)
696.027 .... 2624 packets received, 7728 bps, 96.60%, Err 0 (0.0e+00)
698.113 .... 2632 packets received, 7728 bps, 96.60%, Err 0 (0.0e+00)
700.245 .... 2640 packets received, 7728 bps, 96.60%, Err 0 (0.0e+00)
702.359 .... 2648 packets received, 7728 bps, 96.60%, Err 0 (0.0e+00)
704.489 .... 2656 packets received, 7728 bps, 96.60%, Err 0 (0.0e+00)
706.603 .... 2664 packets received, 7728 bps, 96.60%, Err 0 (0.0e+00)
708.733 .... 2672 packets received, 7728 bps, 96.60%, Err 0 (0.0e+00)
710.862 .... 2680 packets received, 7728 bps, 96.60%, Err 0 (0.0e+00)
712.973 .... 2688 packets received, 7728 bps, 96.60%, Err 0 (0.0e+00)
715.083 .... 2696 packets received, 7728 bps, 96.60%, Err 0 (0.0e+00)
717.197 .... 2704 packets received, 7728 bps, 96.60%, Err 0 (0.0e+00)
719.342 .... 2712 packets received, 7728 bps, 96.60%, Err 0 (0.0e+00)
721.441 .... 2720 packets received, 7728 bps, 96.60%, Err 0 (0.0e+00)
723.569 .... 2728 packets received, 7728 bps, 96.60%, Err 0 (0.0e+00)
725.697 .... 2736 packets received, 7728 bps, 96.60%, Err 0 (0.0e+00)
727.810 .... 2744 packets received, 7728 bps, 96.60%, Err 0 (0.0e+00)
729.937 .... 2752 packets received, 7728 bps, 96.60%, Err 0 (0.0e+00)
732.066 .... 2760 packets received, 7728 bps, 96.60%, Err 0 (0.0e+00)
734.179 .... 2768 packets received, 7728 bps, 96.60%, Err 0 (0.0e+00)
736.292 .... 2776 packets received, 7728 bps, 96.60%, Err 0 (0.0e+00)
738.421 .... 2784 packets received, 7728 bps, 96.60%, Err 0 (0.0e+00)
740.521 .... 2792 packets received, 7728 bps, 96.60%, Err 0 (0.0e+00)
742.648 .... 2800 packets received, 7728 bps, 96.60%, Err 0 (0.0e+00)
744.778 .... 2808 packets received, 7728 bps, 96.60%, Err 0 (0.0e+00)
746.892 .... 2816 packets received, 7728 bps, 96.60%, Err 0 (0.0e+00)
749.005 .... 2824 packets received, 7728 bps, 96.60%, Err 0 (0.0e+00)
751.119 .... 2832 packets received, 7728 bps, 96.60%, Err 0 (0.0e+00)
753.252 .... 2840 packets received, 7728 bps, 96.60%, Err 0 (0.0e+00)
755.369 .... 2848 packets received, 7728 bps, 96.60%, Err 0 (0.0e+00)
757.487 .... 2856 packets received, 7728 bps, 96.60%, Err 0 (0.0e+00)
759.600 .... 2864 packets received, 7728 bps, 96.60%, Err 0 (0.0e+00)
761.728 .... 2872 packets received, 7728 bps, 96.60%, Err 0 (0.0e+00)
763.857 .... 2880 packets received, 7728 bps, 96.60%, Err 0 (0.0e+00)
765.984 .... 2888 packets received, 7728 bps, 96.60%, Err 0 (0.0e+00)
768.112 .... 2896 packets received, 7728 bps, 96.60%, Err 0 (0.0e+00)
770.209 .... 2904 packets received, 7728 bps, 96.60%, Err 0 (0.0e+00)
772.322 .... 2912 packets received, 7728 bps, 96.60%, Err 0 (0.0e+00)
774.452 .... 2920 packets received, 7728 bps, 96.60%, Err 0 (0.0e+00)
776.579 .... 2928 packets received, 7728 bps, 96.60%, Err 0 (0.0e+00)
778.690 .... 2936 packets received, 7728 bps, 96.60%, Err 0 (0.0e+00)
780.819 .... 2944 packets received, 7728 bps, 96.60%, Err 0 (0.0e+00)
782.931 .... 2952 packets received, 7728 bps, 96.60%, Err 0 (0.0e+00)
785.044 .... 2960 packets received, 7728 bps, 96.60%, Err 0 (0.0e+00)
787.172 .... 2968 packets received, 7728 bps, 96.60%, Err 0 (0.0e+00)
789.301 .... 2976 packets received, 7728 bps, 96.60%, Err 0 (0.0e+00)
791.415 .... 2984 packets received, 7728 bps, 96.60%, Err 0 (0.0e+00)
793.527 .... 2992 packets received, 7728 bps, 96.60%, Err 0 (0.0e+00)
795.652 .... 3000 packets received, 7728 bps, 96.60%, Err 0 (0.0e+00)
797.766 .... 3008 packets received, 7728 bps, 96.60%, Err 0 (0.0e+00)
799.879 .... 3016 packets received, 7728 bps, 96.60%, Err 0 (0.0e+00)
801.993 .... 3024 packets received, 7728 bps, 96.60%, Err 0 (0.0e+00)
804.152 .... 3032 packets received, 7728 bps, 96.60%, Err 0 (0.0e+00)
806.268 .... 3040 packets received, 7728 bps, 96.60%, Err 0 (0.0e+00)
808.353 .... 3048 packets received, 7728 bps, 96.60%, Err 0 (0.0e+00)
810.498 .... 3056 packets received, 7728 bps, 96.60%, Err 0 (0.0e+00)
812.617 .... 3064 packets received, 7728 bps, 96.60%, Err 0 (0.0e+00)
814.721 .... 3072 packets received, 7728 bps, 96.60%, Err 0 (0.0e+00)
816.849 .... 3080 packets received, 7728 bps, 96.60%, Err 0 (0.0e+00)
818.969 .... 3088 packets received, 7728 bps, 96.60%, Err 0 (0.0e+00)
821.096 .... 3096 packets received, 7728 bps, 96.60%, Err 0 (0.0e+00)
823.212 .... 3104 packets received, 7728 bps, 96.60%, Err 0 (0.0e+00)
825.329 .... 3112 packets received, 7728 bps, 96.60%, Err 0 (0.0e+00)
827.444 .... 3120 packets received, 7728 bps, 96.60%, Err 0 (0.0e+00)
829.561 .... 3128 packets received, 7728 bps, 96.60%, Err 0 (0.0e+00)
831.679 .... 3136 packets received, 7728 bps, 96.60%, Err 0 (0.0e+00)
833.797 .... 3144 packets received, 7728 bps, 96.60%, Err 0 (0.0e+00)
835.943 .... 3152 packets received, 7728 bps, 96.60%, Err 0 (0.0e+00)
838.059 .... 3160 packets received, 7728 bps, 96.60%, Err 0 (0.0e+00)
840.175 .... 3168 packets received, 7728 bps, 96.60%, Err 0 (0.0e+00)
842.292 .... 3176 packets received, 7728 bps, 96.60%, Err 0 (0.0e+00)
844.407 .... 3184 packets received, 7728 bps, 96.60%, Err 0 (0.0e+00)
846.526 .... 3192 packets received, 7728 bps, 96.60%, Err 0 (0.0e+00)
848.644 .... 3200 packets received, 7728 bps, 96.60%, Err 0 (0.0e+00)
850.762 .... 3208 packets received, 7728 bps, 96.60%, Err 0 (0.0e+00)
852.878 .... 3216 packets received, 7728 bps, 96.60%, Err 0 (0.0e+00)
854.995 .... 3224 packets received, 7728 bps, 96.60%, Err 0 (0.0e+00)
857.113 .... 3232 packets received, 7728 bps, 96.60%, Err 0 (0.0e+00)
859.262 .... 3240 packets received, 7728 bps, 96.60%, Err 0 (0.0e+00)
861.362 .... 3248 packets received, 7728 bps, 96.60%, Err 0 (0.0e+00)
863.495 .... 3256 packets received, 7728 bps, 96.60%, Err 0 (0.0e+00)
865.597 .... 3264 packets received, 7728 bps, 96.60%, Err 0 (0.0e+00)
867.728 .... 3272 packets received, 7728 bps, 96.60%, Err 0 (0.0e+00)
869.845 .... 3280 packets received, 7728 bps, 96.60%, Err 0 (0.0e+00)
871.978 .... 3288 packets received, 7728 bps, 96.60%, Err 0 (0.0e+00)
874.080 .... 3296 packets received, 7728 bps, 96.60%, Err 0 (0.0e+00)
876.212 .... 3304 packets received, 7728 bps, 96.60%, Err 0 (0.0e+00)
878.345 .... 3312 packets received, 7728 bps, 96.60%, Err 0 (0.0e+00)
880.447 .... 3320 packets received, 7728 bps, 96.60%, Err 0 (0.0e+00)
882.563 .... 3328 packets received, 7728 bps, 96.60%, Err 0 (0.0e+00)
884.695 .... 3336 packets received, 7728 bps, 96.60%, Err 0 (0.0e+00)
886.813 .... 3344 packets received, 7728 bps, 96.60%, Err 0 (0.0e+00)
888.930 .... 3352 packets received, 7728 bps, 96.60%, Err 0 (0.0e+00)
891.058 .... 3360 packets received, 7728 bps, 96.60%, Err 0 (0.0e+00)
893.172 .... 3368 packets received, 7728 bps, 96.60%, Err 0 (0.0e+00)
895.275 .... 3376 packets received, 7728 bps, 96.60%, Err 0 (0.0e+00)
897.394 .... 3384 packets received, 7728 bps, 96.60%, Err 0 (0.0e+00)
899.526 .... 3392 packets received, 7728 bps, 96.60%, Err 0 (0.0e+00)
901.656 .... 3400 packets received, 7728 bps, 96.60%, Err 0 (0.0e+00)
903.785 .... 3408 packets received, 7728 bps, 96.60%, Err 0 (0.0e+00)
905.882 .... 3416 packets received, 7728 bps, 96.60%, Err 0 (0.0e+00)
908.009 .... 3424 packets received, 7728 bps, 96.60%, Err 0 (0.0e+00)
910.122 .... 3432 packets received, 7728 bps, 96.60%, Err 0 (0.0e+00)
912.264 .... 3440 packets received, 7728 bps, 96.60%, Err 0 (0.0e+00)
914.378 .... 3448 packets received, 7728 bps, 96.60%, Err 0 (0.0e+00)
916.505 .... 3456 packets received, 7728 bps, 96.60%, Err 0 (0.0e+00)
918.603 .... 3464 packets received, 7728 bps, 96.60%, Err 0 (0.0e+00)
920.732 .... 3472 packets received, 7728 bps, 96.60%, Err 0 (0.0e+00)
922.859 .... 3480 packets received, 7728 bps, 96.60%, Err 0 (0.0e+00)
924.986 .... 3488 packets received, 7728 bps, 96.60%, Err 0 (0.0e+00)
927.083 .... 3496 packets received, 7728 bps, 96.60%, Err 0 (0.0e+00)
929.196 .... 3504 packets received, 7728 bps, 96.60%, Err 0 (0.0e+00)
931.324 .... 3512 packets received, 7728 bps, 96.60%, Err 0 (0.0e+00)
933.453 .... 3520 packets received, 7728 bps, 96.60%, Err 0 (0.0e+00)
935.565 .... 3528 packets received, 7728 bps, 96.60%, Err 0 (0.0e+00)
937.694 .... 3536 packets received, 7728 bps, 96.60%, Err 0 (0.0e+00)
939.805 .... 3544 packets received, 7728 bps, 96.60%, Err 0 (0.0e+00)
941.917 .... 3552 packets received, 7728 bps, 96.60%, Err 0 (0.0e+00)
944.061 .... 3560 packets received, 7728 bps, 96.60%, Err 0 (0.0e+00)
946.173 .... 3568 packets received, 7728 bps, 96.60%, Err 0 (0.0e+00)
948.300 .... 3576 packets received, 7728 bps, 96.60%, Err 0 (0.0e+00)
950.430 .... 3584 packets received, 7728 bps, 96.60%, Err 0 (0.0e+00)
952.542 .... 3592 packets received, 7728 bps, 96.60%, Err 0 (0.0e+00)
954.656 .... 3600 packets received, 7728 bps, 96.60%, Err 0 (0.0e+00)
956.770 .... 3608 packets received, 7728 bps, 96.60%, Err 0 (0.0e+00)
958.897 .... 3616 packets received, 7728 bps, 96.60%, Err 0 (0.0e+00)
961.010 .... 3624 packets received, 7728 bps, 96.60%, Err 0 (0.0e+00)
963.125 .... 3632 packets received, 7728 bps, 96.60%, Err 0 (0.0e+00)
965.253 .... 3640 packets received, 7728 bps, 96.60%, Err 0 (0.0e+00)
967.366 .... 3648 packets received, 7728 bps, 96.60%, Err 0 (0.0e+00)
969.493 .... 3656 packets received, 7728 bps, 96.60%, Err 0 (0.0e+00)
971.621 .... 3664 packets received, 7728 bps, 96.60%, Err 0 (0.0e+00)
973.734 .... 3672 packets received, 7728 bps, 96.60%, Err 0 (0.0e+00)
975.846 .... 3680 packets received, 7728 bps, 96.60%, Err 0 (0.0e+00)
977.960 .... 3688 packets received, 7728 bps, 96.60%, Err 0 (0.0e+00)
980.089 .... 3696 packets received, 7728 bps, 96.60%, Err 0 (0.0e+00)
982.199 .... 3704 packets received, 7728 bps, 96.60%, Err 0 (0.0e+00)
984.356 .... 3712 packets received, 7728 bps, 96.60%, Err 0 (0.0e+00)
986.454 .... 3720 packets received, 7728 bps, 96.60%, Err 0 (0.0e+00)
988.567 .... 3728 packets received, 7728 bps, 96.60%, Err 0 (0.0e+00)
990.694 .... 3736 packets received, 7728 bps, 96.60%, Err 0 (0.0e+00)
992.821 .... 3744 packets received, 7728 bps, 96.60%, Err 0 (0.0e+00)
994.932 .... 3752 packets received, 7728 bps, 96.60%, Err 0 (0.0e+00)
997.060 .... 3760 packets received, 7728 bps, 96.60%, Err 0 (0.0e+00)
999.157 .... 3768 packets received, 7728 bps, 96.60%, Err 0 (0.0e+00)
1001.287 .... 3776 packets received, 7728 bps, 96.60%, Err 0 (0.0e+00)
1003.403 .... 3784 packets received, 7728 bps, 96.60%, Err 0 (0.0e+00)
1005.534 .... 3792 packets received, 7728 bps, 96.60%, Err 0 (0.0e+00)
1007.650 .... 3800 packets received, 7728 bps, 96.60%, Err 0 (0.0e+00)
1009.768 .... 3808 packets received, 7728 bps, 96.60%, Err 0 (0.0e+00)
1011.885 .... 3816 packets received, 7728 bps, 96.60%, Err 0 (0.0e+00)
1014.018 .... 3824 packets received, 7728 bps, 96.60%, Err 0 (0.0e+00)
1016.133 .... 3832 packets received, 7728 bps, 96.60%, Err 0 (0.0e+00)
1018.234 .... 3840 packets received, 7728 bps, 96.60%, Err 0 (0.0e+00)
1020.380 .... 3848 packets received, 7728 bps, 96.60%, Err 0 (0.0e+00)
1022.498 .... 3856 packets received, 7728 bps, 96.60%, Err 0 (0.0e+00)
1024.614 .... 3864 packets received, 7728 bps, 96.60%, Err 0 (0.0e+00)
1026.717 .... 3872 packets received, 7728 bps, 96.60%, Err 0 (0.0e+00)
1028.849 .... 3880 packets received, 7728 bps, 96.60%, Err 0 (0.0e+00)
1030.980 .... 3888 packets received, 7728 bps, 96.60%, Err 0 (0.0e+00)
1033.097 .... 3896 packets received, 7728 bps, 96.60%, Err 0 (0.0e+00)
1035.199 .... 3904 packets received, 7728 bps, 96.60%, Err 0 (0.0e+00)
1037.332 .... 3912 packets received, 7728 bps, 96.60%, Err 0 (0.0e+00)
1039.449 .... 3920 packets received, 7728 bps, 96.60%, Err 0 (0.0e+00)
1041.565 .... 3928 packets received, 7728 bps, 96.60%, Err 0 (0.0e+00)
1043.698 .... 3936 packets received, 7728 bps, 96.60%, Err 0 (0.0e+00)
1045.802 .... 3944 packets received, 7728 bps, 96.60%, Err 0 (0.0e+00)
1047.918 .... 3952 packets received, 7728 bps, 96.60%, Err 0 (0.0e+00)
1050.052 .... 3960 packets received, 7728 bps, 96.60%, Err 0 (0.0e+00)
1052.170 .... 3968 packets received, 7728 bps, 96.60%, Err 0 (0.0e+00)
1054.284 .... 3976 packets received, 7728 bps, 96.60%, Err 0 (0.0e+00)
1056.429 .... 3984 packets received, 7728 bps, 96.60%, Err 0 (0.0e+00)
1058.530 .... 3992 packets received, 7728 bps, 96.60%, Err 0 (0.0e+00)
1060.663 .... 4000 packets received, 7728 bps, 96.60%, Err 0 (0.0e+00)
1062.779 .... 4008 packets received, 7728 bps, 96.60%, Err 0 (0.0e+00)
1064.896 .... 4016 packets received, 7728 bps, 96.60%, Err 0 (0.0e+00)
1066.993 .... 4024 packets received, 7728 bps, 96.60%, Err 0 (0.0e+00)
1069.124 .... 4032 packets received, 7728 bps, 96.60%, Err 0 (0.0e+00)
1071.268 .... 4040 packets received, 7728 bps, 96.60%, Err 0 (0.0e+00)
1073.394 .... 4048 packets received, 7728 bps, 96.60%, Err 0 (0.0e+00)
1075.479 .... 4056 packets received, 7728 bps, 96.60%, Err 0 (0.0e+00)
1077.611 .... 4064 packets received, 7728 bps, 96.60%, Err 0 (0.0e+00)
1079.714 .... 4072 packets received, 7728 bps, 96.60%, Err 0 (0.0e+00)
1081.847 .... 4080 packets received, 7728 bps, 96.60%, Err 0 (0.0e+00)
1083.977 .... 4088 packets received, 7728 bps, 96.60%, Err 0 (0.0e+00)
1086.079 .... 4096 packets received, 7728 bps, 96.60%, Err 0 (0.0e+00)
1088.196 .... 4104 packets received, 7728 bps, 96.60%, Err 0 (0.0e+00)
1090.329 .... 4112 packets received, 7728 bps, 96.60%, Err 0 (0.0e+00)
1092.447 .... 4120 packets received, 7728 bps, 96.60%, Err 0 (0.0e+00)
1094.578 .... 4128 packets received, 7728 bps, 96.60%, Err 0 (0.0e+00)
1096.696 .... 4136 packets received, 7728 bps, 96.60%, Err 0 (0.0e+00)
1098.814 .... 4144 packets received, 7728 bps, 96.60%, Err 0 (0.0e+00)
1100.914 .... 4152 packets received, 7728 bps, 96.60%, Err 0 (0.0e+00)
1103.057 .... 4160 packets received, 7728 bps, 96.60%, Err 0 (0.0e+00)
1105.171 .... 4168 packets received, 7728 bps, 96.60%, Err 0 (0.0e+00)
1107.299 .... 4176 packets received, 7728 bps, 96.60%, Err 0 (0.0e+00)
1109.412 .... 4184 packets received, 7728 bps, 96.60%, Err 0 (0.0e+00)
1111.525 .... 4192 packets received, 7728 bps, 96.60%, Err 0 (0.0e+00)
1113.652 .... 4200 packets received, 7728 bps, 96.60%, Err 0 (0.0e+00)
1115.781 .... 4208 packets received, 7728 bps, 96.60%, Err 0 (0.0e+00)
1117.894 .... 4216 packets received, 7728 bps, 96.60%, Err 0 (0.0e+00)
1120.022 .... 4224 packets received, 7728 bps, 96.60%, Err 0 (0.0e+00)
1122.135 .... 4232 packets received, 7728 bps, 96.60%, Err 0 (0.0e+00)
1124.247 .... 4240 packets received, 7728 bps, 96.60%, Err 0 (0.0e+00)
1126.391 .... 4248 packets received, 7728 bps, 96.60%, Err 0 (0.0e+00)
1128.504 .... 4256 packets received, 7728 bps, 96.60%, Err 0 (0.0e+00)
1130.633 .... 4264 packets received, 7728 bps, 96.60%, Err 0 (0.0e+00)
1132.716 .... 4272 packets received, 7728 bps, 96.60%, Err 0 (0.0e+00)
1134.860 .... 4280 packets received, 7728 bps, 96.60%, Err 0 (0.0e+00)
1136.973 .... 4288 packets received, 7728 bps, 96.60%, Err 0 (0.0e+00)
1139.114 .... 4296 packets received, 7728 bps, 96.60%, Err 0 (0.0e+00)
1141.223 .... 4304 packets received, 7728 bps, 96.60%, Err 0 (0.0e+00)
1143.336 .... 4312 packets received, 7728 bps, 96.60%, Err 0 (0.0e+00)
1145.448 .... 4320 packets received, 7728 bps, 96.60%, Err 0 (0.0e+00)
1147.561 .... 4328 packets received, 7728 bps, 96.60%, Err 0 (0.0e+00)
1149.687 .... 4336 packets received, 7728 bps, 96.60%, Err 0 (0.0e+00)
1151.815 .... 4344 packets received, 7728 bps, 96.60%, Err 0 (0.0e+00)
1153.935 .... 4352 packets received, 7728 bps, 96.60%, Err 0 (0.0e+00)
1156.050 .... 4360 packets received, 7728 bps, 96.60%, Err 0 (0.0e+00)
1158.162 .... 4368 packets received, 7728 bps, 96.60%, Err 0 (0.0e+00)
1160.274 .... 4376 packets received, 7728 bps, 96.60%, Err 0 (0.0e+00)
1162.415 .... 4384 packets received, 7728 bps, 96.60%, Err 0 (0.0e+00)
1164.534 .... 4392 packets received, 7728 bps, 96.60%, Err 0 (0.0e+00)
1166.663 .... 4400 packets received, 7728 bps, 96.60%, Err 0 (0.0e+00)
1168.776 .... 4408 packets received, 7728 bps, 96.60%, Err 0 (0.0e+00)
1170.875 .... 4416 packets received, 7728 bps, 96.60%, Err 0 (0.0e+00)
1173.003 .... 4424 packets received, 7728 bps, 96.60%, Err 0 (0.0e+00)
1175.131 .... 4432 packets received, 7728 bps, 96.60%, Err 0 (0.0e+00)
1177.242 .... 4440 packets received, 7728 bps, 96.60%, Err 0 (0.0e+00)
1179.370 .... 4448 packets received, 7728 bps, 96.60%, Err 0 (0.0e+00)
1181.497 .... 4456 packets received, 7728 bps, 96.60%, Err 0 (0.0e+00)
1183.609 .... 4464 packets received, 7728 bps, 96.60%, Err 0 (0.0e+00)
1185.723 .... 4472 packets received, 7728 bps, 96.60%, Err 0 (0.0e+00)
1187.837 .... 4480 packets received, 7728 bps, 96.60%, Err 0 (0.0e+00)
1189.968 .... 4488 packets received, 7728 bps, 96.60%, Err 0 (0.0e+00)
1192.100 .... 4496 packets received, 7728 bps, 96.60%, Err 0 (0.0e+00)
1194.215 .... 4504 packets received, 7728 bps, 96.60%, Err 0 (0.0e+00)
1196.326 .... 4512 packets received, 7728 bps, 96.60%, Err 0 (0.0e+00)
1198.452 .... 4520 packets received, 7728 bps, 96.60%, Err 0 (0.0e+00)
1200.029 Quit.
