     1 00000000                                 [FORMAT "WCOFF"]
     2 00000000                                 [INSTRSET "i486p"]
     3 00000000                                 [OPTIMIZE 1]
     4 00000000                                 [OPTION 1]
     5 00000000                                 [BITS 32]
     6 00000000                                 	EXTERN	_io_hlt
     7 00000000                                 	EXTERN	_io_load_eflags
     8 00000000                                 	EXTERN	_io_cli
     9 00000000                                 	EXTERN	_io_out8
    10 00000000                                 	EXTERN	_io_store_eflags
    11 00000000                                 [FILE "bootpack.c"]
    12                                          [SECTION .text]
    13 00000000                                 	GLOBAL	_HariMain
    14 00000000                                 _HariMain:
    15 00000000 55                              	PUSH	EBP
    16 00000001 89 E5                           	MOV	EBP,ESP
    17 00000003 E8 000000AF                     	CALL	_init_palette
    18 00000008 6A 46                           	PUSH	70
    19 0000000A 6A 46                           	PUSH	70
    20 0000000C 6A 0A                           	PUSH	10
    21 0000000E 6A 0A                           	PUSH	10
    22 00000010 6A 01                           	PUSH	1
    23 00000012 68 00000140                     	PUSH	320
    24 00000017 68 000A0000                     	PUSH	655360
    25 0000001C E8 00000045                     	CALL	_boxfill
    26 00000021 6A 6E                           	PUSH	110
    27 00000023 6A 6E                           	PUSH	110
    28 00000025 6A 32                           	PUSH	50
    29 00000027 6A 32                           	PUSH	50
    30 00000029 6A 02                           	PUSH	2
    31 0000002B 68 00000140                     	PUSH	320
    32 00000030 68 000A0000                     	PUSH	655360
    33 00000035 E8 0000002C                     	CALL	_boxfill
    34 0000003A 83 C4 38                        	ADD	ESP,56
    35 0000003D 68 000000B4                     	PUSH	180
    36 00000042 68 000000B4                     	PUSH	180
    37 00000047 6A 64                           	PUSH	100
    38 00000049 6A 64                           	PUSH	100
    39 0000004B 6A 03                           	PUSH	3
    40 0000004D 68 00000140                     	PUSH	320
    41 00000052 68 000A0000                     	PUSH	655360
    42 00000057 E8 0000000A                     	CALL	_boxfill
    43 0000005C 83 C4 1C                        	ADD	ESP,28
    44 0000005F                                 L2:
    45 0000005F E8 [00000000]                   	CALL	_io_hlt
    46 00000064 EB F9                           	JMP	L2
    47 00000066                                 	GLOBAL	_boxfill
    48 00000066                                 _boxfill:
    49 00000066 55                              	PUSH	EBP
    50 00000067 89 E5                           	MOV	EBP,ESP
    51 00000069 57                              	PUSH	EDI
    52 0000006A 56                              	PUSH	ESI
    53 0000006B 53                              	PUSH	EBX
    54 0000006C 51                              	PUSH	ECX
    55 0000006D 51                              	PUSH	ECX
    56 0000006E 8A 45 10                        	MOV	AL,BYTE [16+EBP]
    57 00000071 8B 4D 18                        	MOV	ECX,DWORD [24+EBP]
    58 00000074 8B 7D 1C                        	MOV	EDI,DWORD [28+EBP]
    59 00000077 88 45 F3                        	MOV	BYTE [-13+EBP],AL
    60 0000007A 3B 4D 20                        	CMP	ECX,DWORD [32+EBP]
    61 0000007D 7F 31                           	JG	L17
    62 0000007F 8B 5D 0C                        	MOV	EBX,DWORD [12+EBP]
    63 00000082 0F AF D9                        	IMUL	EBX,ECX
    64 00000085                                 L15:
    65 00000085 8B 55 14                        	MOV	EDX,DWORD [20+EBP]
    66 00000088 39 FA                           	CMP	EDX,EDI
    67 0000008A 7F 1B                           	JG	L19
    68 0000008C 8B 75 08                        	MOV	ESI,DWORD [8+EBP]
    69 0000008F 01 DE                           	ADD	ESI,EBX
    70 00000091 01 D6                           	ADD	ESI,EDX
    71 00000093 89 75 EC                        	MOV	DWORD [-20+EBP],ESI
    72 00000096                                 L14:
    73 00000096 8B 75 EC                        	MOV	ESI,DWORD [-20+EBP]
    74 00000099 8A 45 F3                        	MOV	AL,BYTE [-13+EBP]
    75 0000009C 42                              	INC	EDX
    76 0000009D 88 06                           	MOV	BYTE [ESI],AL
    77 0000009F 46                              	INC	ESI
    78 000000A0 89 75 EC                        	MOV	DWORD [-20+EBP],ESI
    79 000000A3 39 FA                           	CMP	EDX,EDI
    80 000000A5 7E EF                           	JLE	L14
    81 000000A7                                 L19:
    82 000000A7 41                              	INC	ECX
    83 000000A8 03 5D 0C                        	ADD	EBX,DWORD [12+EBP]
    84 000000AB 3B 4D 20                        	CMP	ECX,DWORD [32+EBP]
    85 000000AE 7E D5                           	JLE	L15
    86 000000B0                                 L17:
    87 000000B0 58                              	POP	EAX
    88 000000B1 5A                              	POP	EDX
    89 000000B2 5B                              	POP	EBX
    90 000000B3 5E                              	POP	ESI
    91 000000B4 5F                              	POP	EDI
    92 000000B5 5D                              	POP	EBP
    93 000000B6 C3                              	RET
    94                                          [SECTION .data]
    95 00000000                                 _table_rgb.0:
    96 00000000 00                              	DB	0
    97 00000001 00                              	DB	0
    98 00000002 00                              	DB	0
    99 00000003 FF                              	DB	-1
   100 00000004 00                              	DB	0
   101 00000005 00                              	DB	0
   102 00000006 00                              	DB	0
   103 00000007 FF                              	DB	-1
   104 00000008 00                              	DB	0
   105 00000009 FF                              	DB	-1
   106 0000000A FF                              	DB	-1
   107 0000000B 00                              	DB	0
   108 0000000C 00                              	DB	0
   109 0000000D 00                              	DB	0
   110 0000000E FF                              	DB	-1
   111 0000000F FF                              	DB	-1
   112 00000010 00                              	DB	0
   113 00000011 FF                              	DB	-1
   114 00000012 00                              	DB	0
   115 00000013 FF                              	DB	-1
   116 00000014 FF                              	DB	-1
   117 00000015 FF                              	DB	-1
   118 00000016 FF                              	DB	-1
   119 00000017 FF                              	DB	-1
   120 00000018 C6                              	DB	-58
   121 00000019 C6                              	DB	-58
   122 0000001A C6                              	DB	-58
   123 0000001B 84                              	DB	-124
   124 0000001C 00                              	DB	0
   125 0000001D 00                              	DB	0
   126 0000001E 00                              	DB	0
   127 0000001F 84                              	DB	-124
   128 00000020 00                              	DB	0
   129 00000021 84                              	DB	-124
   130 00000022 84                              	DB	-124
   131 00000023 00                              	DB	0
   132 00000024 00                              	DB	0
   133 00000025 00                              	DB	0
   134 00000026 84                              	DB	-124
   135 00000027 84                              	DB	-124
   136 00000028 00                              	DB	0
   137 00000029 84                              	DB	-124
   138 0000002A 00                              	DB	0
   139 0000002B 84                              	DB	-124
   140 0000002C 84                              	DB	-124
   141 0000002D 84                              	DB	-124
   142 0000002E 84                              	DB	-124
   143 0000002F 84                              	DB	-124
   144                                          [SECTION .text]
   145 000000B7                                 	GLOBAL	_init_palette
   146 000000B7                                 _init_palette:
   147 000000B7 55                              	PUSH	EBP
   148 000000B8 89 E5                           	MOV	EBP,ESP
   149 000000BA 68 [00000000]                   	PUSH	_table_rgb.0
   150 000000BF 6A 0F                           	PUSH	15
   151 000000C1 6A 00                           	PUSH	0
   152 000000C3 E8 00000002                     	CALL	_set_palette
   153 000000C8 C9                              	LEAVE
   154 000000C9 C3                              	RET
   155 000000CA                                 	GLOBAL	_set_palette
   156 000000CA                                 _set_palette:
   157 000000CA 55                              	PUSH	EBP
   158 000000CB 89 E5                           	MOV	EBP,ESP
   159 000000CD 57                              	PUSH	EDI
   160 000000CE 56                              	PUSH	ESI
   161 000000CF 53                              	PUSH	EBX
   162 000000D0 51                              	PUSH	ECX
   163 000000D1 8B 5D 08                        	MOV	EBX,DWORD [8+EBP]
   164 000000D4 8B 7D 0C                        	MOV	EDI,DWORD [12+EBP]
   165 000000D7 8B 75 10                        	MOV	ESI,DWORD [16+EBP]
   166 000000DA E8 [00000000]                   	CALL	_io_load_eflags
   167 000000DF 89 45 F0                        	MOV	DWORD [-16+EBP],EAX
   168 000000E2 E8 [00000000]                   	CALL	_io_cli
   169 000000E7 53                              	PUSH	EBX
   170 000000E8 68 000003C8                     	PUSH	968
   171 000000ED E8 [00000000]                   	CALL	_io_out8
   172 000000F2 39 FB                           	CMP	EBX,EDI
   173 000000F4 58                              	POP	EAX
   174 000000F5 5A                              	POP	EDX
   175 000000F6 7E 12                           	JLE	L26
   176 000000F8                                 L28:
   177 000000F8 8B 45 F0                        	MOV	EAX,DWORD [-16+EBP]
   178 000000FB 89 45 08                        	MOV	DWORD [8+EBP],EAX
   179 000000FE 8D 65 F4                        	LEA	ESP,DWORD [-12+EBP]
   180 00000101 5B                              	POP	EBX
   181 00000102 5E                              	POP	ESI
   182 00000103 5F                              	POP	EDI
   183 00000104 5D                              	POP	EBP
   184 00000105 E9 [00000000]                   	JMP	_io_store_eflags
   185 0000010A                                 L26:
   186 0000010A 8A 06                           	MOV	AL,BYTE [ESI]
   187 0000010C 43                              	INC	EBX
   188 0000010D C0 E8 02                        	SHR	AL,2
   189 00000110 0F B6 C0                        	MOVZX	EAX,AL
   190 00000113 50                              	PUSH	EAX
   191 00000114 68 000003C9                     	PUSH	969
   192 00000119 E8 [00000000]                   	CALL	_io_out8
   193 0000011E 8A 46 01                        	MOV	AL,BYTE [1+ESI]
   194 00000121 C0 E8 02                        	SHR	AL,2
   195 00000124 0F B6 C0                        	MOVZX	EAX,AL
   196 00000127 50                              	PUSH	EAX
   197 00000128 68 000003C9                     	PUSH	969
   198 0000012D E8 [00000000]                   	CALL	_io_out8
   199 00000132 8A 46 02                        	MOV	AL,BYTE [2+ESI]
   200 00000135 C0 E8 02                        	SHR	AL,2
   201 00000138 83 C6 03                        	ADD	ESI,3
   202 0000013B 0F B6 C0                        	MOVZX	EAX,AL
   203 0000013E 50                              	PUSH	EAX
   204 0000013F 68 000003C9                     	PUSH	969
   205 00000144 E8 [00000000]                   	CALL	_io_out8
   206 00000149 83 C4 18                        	ADD	ESP,24
   207 0000014C 39 FB                           	CMP	EBX,EDI
   208 0000014E 7E BA                           	JLE	L26
   209 00000150 EB A6                           	JMP	L28
