000.000 =============================================================
000.000                     Station A                               
000.000 -------------------------------------------------------------
000.000 Protocol.lib, version 4.0, jiangyanjun0718@bupt.edu.cn
000.000 Channel: 8000 bps, 270 ms propagation delay, bit error rate 1.0E-05
000.000 Log file "A.log", TCP port 30011, debug mask 0x00
000.000 Station A is waiting for station B on TCP port 30011 ... Done.
000.907 New epoch: Wed Apr 17 12:34:14 2019
000.907 =================================================================
000.907 
000.907 Designed by CJSoft, build: Apr 17 2019  12:18:00
003.435 .... 3 packets received, 2882 bps, 36.02%, Err 1 (5.2e-05)
005.575 .... 6 packets received, 2876 bps, 35.96%, Err 1 (2.8e-05)
008.546 .... 12 packets received, 3393 bps, 42.41%, Err 1 (1.7e-05)
012.560 .... 17 packets received, 3093 bps, 38.66%, Err 1 (1.1e-05)
016.545 .... 22 packets received, 2956 bps, 36.95%, Err 1 (8.1e-06)
020.568 .... 27 packets received, 2870 bps, 35.88%, Err 1 (6.4e-06)
024.593 .... 32 packets received, 2814 bps, 35.17%, Err 1 (5.3e-06)
028.609 .... 37 packets received, 2775 bps, 34.69%, Err 1 (4.5e-06)
032.607 .... 42 packets received, 2748 bps, 34.35%, Err 2 (7.9e-06)
036.593 .... 47 packets received, 2728 bps, 34.09%, Err 2 (7.0e-06)
040.594 .... 52 packets received, 2710 bps, 33.88%, Err 3 (9.5e-06)
044.640 .... 57 packets received, 2694 bps, 33.67%, Err 3 (8.6e-06)
048.626 .... 62 packets received, 2683 bps, 33.54%, Err 3 (7.9e-06)
052.646 .... 67 packets received, 2673 bps, 33.41%, Err 3 (7.3e-06)
056.663 .... 72 packets received, 2664 bps, 33.29%, Err 3 (6.7e-06)
060.671 .... 77 packets received, 2656 bps, 33.20%, Err 3 (6.3e-06)
064.690 .... 82 packets received, 2649 bps, 33.12%, Err 3 (5.9e-06)
068.669 .... 87 packets received, 2645 bps, 33.06%, Err 3 (5.5e-06)
072.685 .... 92 packets received, 2640 bps, 32.99%, Err 5 (8.7e-06)
074.819 .... 95 packets received, 2646 bps, 33.08%, Err 5 (8.5e-06)
076.978 .... 98 packets received, 2652 bps, 33.15%, Err 5 (8.2e-06)
080.725 .... 102 packets received, 2630 bps, 32.88%, Err 5 (7.8e-06)
084.728 .... 107 packets received, 2627 bps, 32.83%, Err 5 (7.5e-06)
090.076 .... 112 packets received, 2584 bps, 32.30%, Err 7 (9.8e-06)
092.772 .... 117 packets received, 2620 bps, 32.75%, Err 7 (9.5e-06)
096.772 .... 122 packets received, 2617 bps, 32.71%, Err 7 (9.1e-06)
101.887 .... 127 packets received, 2586 bps, 32.32%, Err 7 (8.8e-06)
106.066 .... 128 packets received, 2502 bps, 31.28%, Err 7 (8.8e-06)
110.114 .... 129 packets received, 2428 bps, 30.35%, Err 7 (8.7e-06)
114.252 .... 130 packets received, 2357 bps, 29.46%, Err 7 (8.7e-06)
118.338 .... 131 packets received, 2292 bps, 28.65%, Err 7 (8.6e-06)
122.456 .... 132 packets received, 2231 bps, 27.89%, Err 7 (8.6e-06)
126.503 .... 133 packets received, 2176 bps, 27.19%, Err 7 (8.6e-06)
130.559 .... 134 packets received, 2123 bps, 26.54%, Err 7 (8.5e-06)
134.687 .... 135 packets received, 2073 bps, 25.91%, Err 7 (8.5e-06)
138.756 .... 136 packets received, 2026 bps, 25.33%, Err 7 (8.5e-06)
142.828 .... 137 packets received, 1983 bps, 24.78%, Err 7 (8.4e-06)
146.840 .... 138 packets received, 1942 bps, 24.27%, Err 7 (8.4e-06)
150.937 .... 139 packets received, 1902 bps, 23.78%, Err 7 (8.4e-06)
155.106 .... 140 packets received, 1864 bps, 23.30%, Err 7 (8.3e-06)
159.214 .... 141 packets received, 1829 bps, 22.86%, Err 7 (8.3e-06)
163.422 .... 142 packets received, 1794 bps, 22.42%, Err 7 (8.3e-06)
167.461 .... 143 packets received, 1763 bps, 22.03%, Err 7 (8.3e-06)
171.575 .... 144 packets received, 1732 bps, 21.65%, Err 7 (8.2e-06)
175.757 .... 145 packets received, 1702 bps, 21.28%, Err 7 (8.2e-06)
179.884 .... 146 packets received, 1674 bps, 20.93%, Err 7 (8.2e-06)
183.953 .... 147 packets received, 1648 bps, 20.60%, Err 7 (8.1e-06)
188.025 .... 148 packets received, 1623 bps, 20.29%, Err 7 (8.1e-06)
192.056 .... 149 packets received, 1600 bps, 20.00%, Err 7 (8.1e-06)
196.126 .... 150 packets received, 1577 bps, 19.71%, Err 7 (8.0e-06)
200.129 .... 151 packets received, 1555 bps, 19.44%, Err 7 (8.0e-06)
202.141 .... 158 packets received, 1611 bps, 20.14%, Err 7 (7.8e-06)
204.249 .... 166 packets received, 1675 bps, 20.94%, Err 7 (7.7e-06)
206.364 .... 174 packets received, 1738 bps, 21.72%, Err 7 (7.6e-06)
208.495 .... 182 packets received, 1799 bps, 22.49%, Err 7 (7.4e-06)
210.601 .... 190 packets received, 1859 bps, 23.24%, Err 7 (7.3e-06)
212.741 .... 198 packets received, 1918 bps, 23.97%, Err 7 (7.2e-06)
214.848 .... 206 packets received, 1976 bps, 24.70%, Err 7 (7.0e-06)
216.963 .... 214 packets received, 2032 bps, 25.40%, Err 7 (6.9e-06)
219.093 .... 222 packets received, 2088 bps, 26.09%, Err 7 (6.8e-06)
221.190 .... 225 packets received, 2096 bps, 26.20%, Err 8 (7.7e-06)
223.624 .... 229 packets received, 2110 bps, 26.37%, Err 8 (7.5e-06)
227.642 .... 234 packets received, 2117 bps, 26.47%, Err 9 (8.2e-06)
231.660 .... 239 packets received, 2125 bps, 26.56%, Err 10 (8.9e-06)
233.780 .... 242 packets received, 2132 bps, 26.65%, Err 10 (8.7e-06)
235.933 .... 245 packets received, 2139 bps, 26.73%, Err 10 (8.6e-06)
239.692 .... 249 packets received, 2139 bps, 26.74%, Err 10 (8.4e-06)
241.805 .... 252 packets received, 2146 bps, 26.82%, Err 11 (9.1e-06)
243.963 .... 255 packets received, 2152 bps, 26.90%, Err 11 (9.0e-06)
247.726 .... 259 packets received, 2153 bps, 26.91%, Err 11 (8.8e-06)
251.729 .... 264 packets received, 2159 bps, 26.99%, Err 11 (8.5e-06)
255.738 .... 269 packets received, 2165 bps, 27.07%, Err 11 (8.3e-06)
259.773 .... 274 packets received, 2171 bps, 27.14%, Err 12 (8.9e-06)
263.744 .... 279 packets received, 2177 bps, 27.22%, Err 12 (8.7e-06)
267.796 .... 284 packets received, 2183 bps, 27.28%, Err 12 (8.5e-06)
271.777 .... 289 packets received, 2188 bps, 27.35%, Err 12 (8.3e-06)
275.796 .... 294 packets received, 2194 bps, 27.42%, Err 12 (8.1e-06)
279.815 .... 299 packets received, 2199 bps, 27.48%, Err 12 (7.9e-06)
283.822 .... 304 packets received, 2204 bps, 27.55%, Err 12 (7.8e-06)
287.837 .... 309 packets received, 2209 bps, 27.61%, Err 12 (7.6e-06)
291.866 .... 314 packets received, 2213 bps, 27.66%, Err 12 (7.5e-06)
295.871 .... 319 packets received, 2218 bps, 27.72%, Err 12 (7.3e-06)
299.883 .... 324 packets received, 2222 bps, 27.78%, Err 12 (7.2e-06)
304.584 .... 327 packets received, 2208 bps, 27.60%, Err 12 (7.1e-06)
308.736 .... 328 packets received, 2185 bps, 27.31%, Err 12 (7.1e-06)
312.936 .... 329 packets received, 2162 bps, 27.03%, Err 12 (7.1e-06)
317.059 .... 330 packets received, 2140 bps, 26.75%, Err 12 (7.1e-06)
321.167 .... 331 packets received, 2119 bps, 26.49%, Err 12 (7.0e-06)
325.283 .... 332 packets received, 2099 bps, 26.23%, Err 12 (7.0e-06)
329.336 .... 333 packets received, 2079 bps, 25.99%, Err 12 (7.0e-06)
333.410 .... 334 packets received, 2060 bps, 25.75%, Err 12 (7.0e-06)
337.671 .... 335 packets received, 2040 bps, 25.50%, Err 12 (7.0e-06)
341.728 .... 336 packets received, 2021 bps, 25.27%, Err 12 (7.0e-06)
345.909 .... 337 packets received, 2003 bps, 25.03%, Err 12 (6.9e-06)
350.010 .... 338 packets received, 1985 bps, 24.81%, Err 12 (6.9e-06)
354.191 .... 339 packets received, 1967 bps, 24.59%, Err 12 (6.9e-06)
358.273 .... 340 packets received, 1951 bps, 24.38%, Err 12 (6.9e-06)
362.450 .... 341 packets received, 1934 bps, 24.17%, Err 13 (7.4e-06)
366.563 .... 342 packets received, 1918 bps, 23.97%, Err 13 (7.4e-06)
370.647 .... 343 packets received, 1902 bps, 23.77%, Err 13 (7.4e-06)
374.687 .... 344 packets received, 1887 bps, 23.59%, Err 13 (7.4e-06)
378.722 .... 345 packets received, 1872 bps, 23.40%, Err 13 (7.4e-06)
382.825 .... 346 packets received, 1857 bps, 23.22%, Err 13 (7.4e-06)
386.938 .... 347 packets received, 1843 bps, 23.04%, Err 13 (7.4e-06)
391.040 .... 348 packets received, 1829 bps, 22.86%, Err 13 (7.3e-06)
395.102 .... 349 packets received, 1815 bps, 22.69%, Err 13 (7.3e-06)
399.184 .... 350 packets received, 1802 bps, 22.52%, Err 13 (7.3e-06)
401.347 .... 354 packets received, 1812 bps, 22.65%, Err 13 (7.3e-06)
404.812 .... 357 packets received, 1812 bps, 22.65%, Err 14 (7.7e-06)
406.937 .... 360 packets received, 1818 bps, 22.72%, Err 14 (7.6e-06)
409.072 .... 363 packets received, 1823 bps, 22.79%, Err 14 (7.6e-06)
412.853 .... 367 packets received, 1826 bps, 22.83%, Err 15 (8.0e-06)
416.872 .... 372 packets received, 1833 bps, 22.92%, Err 15 (7.9e-06)
422.186 .... 377 packets received, 1834 bps, 22.93%, Err 17 (8.7e-06)
424.888 .... 382 packets received, 1847 bps, 23.09%, Err 17 (8.6e-06)
428.907 .... 387 packets received, 1854 bps, 23.17%, Err 17 (8.5e-06)
432.918 .... 392 packets received, 1860 bps, 23.25%, Err 17 (8.3e-06)
436.935 .... 397 packets received, 1866 bps, 23.33%, Err 17 (8.2e-06)
439.073 .... 400 packets received, 1871 bps, 23.39%, Err 18 (8.6e-06)
442.299 .... 406 packets received, 1885 bps, 23.57%, Err 18 (8.5e-06)
444.990 .... 411 packets received, 1897 bps, 23.71%, Err 18 (8.4e-06)
447.682 .... 416 packets received, 1909 bps, 23.86%, Err 18 (8.3e-06)
450.360 .... 421 packets received, 1920 bps, 24.00%, Err 18 (8.3e-06)
453.069 .... 426 packets received, 1931 bps, 24.14%, Err 18 (8.2e-06)
455.761 .... 431 packets received, 1942 bps, 24.28%, Err 18 (8.1e-06)
458.449 .... 436 packets received, 1953 bps, 24.42%, Err 18 (8.0e-06)
461.124 .... 441 packets received, 1964 bps, 24.55%, Err 18 (7.9e-06)
463.828 .... 446 packets received, 1975 bps, 24.69%, Err 18 (7.9e-06)
466.508 .... 451 packets received, 1985 bps, 24.82%, Err 18 (7.8e-06)
469.184 .... 456 packets received, 1996 bps, 24.95%, Err 18 (7.7e-06)
471.866 .... 461 packets received, 2006 bps, 25.08%, Err 18 (7.7e-06)
474.560 .... 466 packets received, 2017 bps, 25.21%, Err 18 (7.6e-06)
477.254 .... 471 packets received, 2027 bps, 25.33%, Err 18 (7.5e-06)
479.950 .... 476 packets received, 2037 bps, 25.46%, Err 18 (7.5e-06)
482.631 .... 481 packets received, 2047 bps, 25.58%, Err 18 (7.4e-06)
485.320 .... 486 packets received, 2056 bps, 25.70%, Err 18 (7.3e-06)
488.018 .... 491 packets received, 2066 bps, 25.83%, Err 18 (7.3e-06)
490.688 .... 496 packets received, 2076 bps, 25.95%, Err 18 (7.2e-06)
493.387 .... 501 packets received, 2085 bps, 26.06%, Err 18 (7.1e-06)
496.086 .... 506 packets received, 2094 bps, 26.18%, Err 18 (7.1e-06)
498.776 .... 511 packets received, 2104 bps, 26.30%, Err 18 (7.0e-06)
503.914 .... 516 packets received, 2103 bps, 26.28%, Err 18 (7.0e-06)
507.966 .... 517 packets received, 2090 bps, 26.12%, Err 18 (7.0e-06)
512.004 .... 518 packets received, 2077 bps, 25.97%, Err 18 (6.9e-06)
516.109 .... 519 packets received, 2065 bps, 25.81%, Err 18 (6.9e-06)
520.202 .... 520 packets received, 2052 bps, 25.65%, Err 18 (6.9e-06)
524.273 .... 521 packets received, 2040 bps, 25.50%, Err 18 (6.9e-06)
528.314 .... 522 packets received, 2029 bps, 25.36%, Err 18 (6.9e-06)
532.329 .... 523 packets received, 2017 bps, 25.21%, Err 18 (6.9e-06)
536.440 .... 524 packets received, 2005 bps, 25.07%, Err 18 (6.9e-06)
540.518 .... 525 packets received, 1994 bps, 24.93%, Err 18 (6.9e-06)
544.655 .... 526 packets received, 1983 bps, 24.78%, Err 18 (6.9e-06)
548.722 .... 527 packets received, 1972 bps, 24.65%, Err 18 (6.8e-06)
552.818 .... 528 packets received, 1961 bps, 24.51%, Err 18 (6.8e-06)
557.034 .... 529 packets received, 1949 bps, 24.37%, Err 18 (6.8e-06)
561.047 .... 530 packets received, 1939 bps, 24.24%, Err 18 (6.8e-06)
565.073 .... 531 packets received, 1929 bps, 24.11%, Err 18 (6.8e-06)
569.190 .... 532 packets received, 1919 bps, 23.98%, Err 18 (6.8e-06)
573.340 .... 533 packets received, 1908 bps, 23.85%, Err 18 (6.8e-06)
577.441 .... 534 packets received, 1898 bps, 23.73%, Err 18 (6.8e-06)
581.570 .... 535 packets received, 1888 bps, 23.60%, Err 18 (6.8e-06)
585.713 .... 536 packets received, 1878 bps, 23.48%, Err 18 (6.8e-06)
589.858 .... 537 packets received, 1869 bps, 23.36%, Err 18 (6.8e-06)
594.006 .... 538 packets received, 1859 bps, 23.24%, Err 18 (6.8e-06)
598.108 .... 539 packets received, 1850 bps, 23.12%, Err 18 (6.7e-06)
600.539 .... 540 packets received, 1846 bps, 23.07%, Err 18 (6.7e-06)
602.911 .... 544 packets received, 1852 bps, 23.15%, Err 19 (7.1e-06)
605.607 .... 549 packets received, 1861 bps, 23.26%, Err 19 (7.0e-06)
609.622 .... 554 packets received, 1865 bps, 23.31%, Err 20 (7.3e-06)
613.618 .... 559 packets received, 1870 bps, 23.37%, Err 21 (7.6e-06)
617.625 .... 564 packets received, 1874 bps, 23.43%, Err 21 (7.5e-06)
621.582 .... 569 packets received, 1879 bps, 23.48%, Err 23 (8.1e-06)
623.709 .... 572 packets received, 1882 bps, 23.53%, Err 23 (8.0e-06)
625.879 .... 575 packets received, 1885 bps, 23.57%, Err 23 (8.0e-06)
629.902 .... 580 packets received, 1890 bps, 23.62%, Err 23 (7.9e-06)
633.902 .... 585 packets received, 1894 bps, 23.67%, Err 23 (7.8e-06)
639.253 .... 590 packets received, 1894 bps, 23.68%, Err 24 (8.0e-06)
641.921 .... 595 packets received, 1902 bps, 23.78%, Err 24 (8.0e-06)
645.917 .... 600 packets received, 1906 bps, 23.83%, Err 24 (7.9e-06)
649.945 .... 605 packets received, 1910 bps, 23.88%, Err 24 (7.8e-06)
653.950 .... 610 packets received, 1914 bps, 23.93%, Err 24 (7.7e-06)
659.291 .... 615 packets received, 1914 bps, 23.93%, Err 26 (8.3e-06)
661.982 .... 620 packets received, 1922 bps, 24.02%, Err 26 (8.2e-06)
665.999 .... 625 packets received, 1926 bps, 24.07%, Err 27 (8.4e-06)
670.025 .... 630 packets received, 1929 bps, 24.12%, Err 29 (9.0e-06)
674.036 .... 635 packets received, 1933 bps, 24.16%, Err 29 (8.9e-06)
678.043 .... 640 packets received, 1937 bps, 24.21%, Err 29 (8.8e-06)
682.066 .... 645 packets received, 1940 bps, 24.26%, Err 29 (8.7e-06)
686.072 .... 650 packets received, 1944 bps, 24.30%, Err 30 (8.9e-06)
690.100 .... 655 packets received, 1948 bps, 24.34%, Err 31 (9.1e-06)
694.111 .... 660 packets received, 1951 bps, 24.39%, Err 31 (9.1e-06)
696.800 .... 665 packets received, 1958 bps, 24.48%, Err 31 (9.0e-06)
699.489 .... 670 packets received, 1965 bps, 24.57%, Err 31 (8.9e-06)
700.017 Quit.
