000.000 =============================================================
000.000                     Station B                               
000.000 -------------------------------------------------------------
000.000 Protocol.lib, version 4.0, jiangyanjun0718@bupt.edu.cn
000.000 Channel: 8000 bps, 270 ms propagation delay, bit error rate 0
000.000 Log file "uB.log", TCP port 30012, debug mask 0x00
000.000 Station B is connecting station A (TCP port 30012) ... Done.
000.317 New epoch: Mon May  6 20:18:32 2019
000.317 =================================================================
000.317 
000.317 Designed by CJSoft, build: May  6 2019  20:16:40
002.772 .... 8 packets received, 7529 bps, 94.12%, Err 0 (0.0e+00)
003.805 ** WARNING: System too busy, sleep 15 ms, but be awakened 87 ms later
004.971 .... 16 packets received, 7490 bps, 93.62%, Err 0 (0.0e+00)
007.011 .... 24 packets received, 7662 bps, 95.78%, Err 0 (0.0e+00)
009.128 .... 32 packets received, 7681 bps, 96.02%, Err 0 (0.0e+00)
011.236 .... 40 packets received, 7699 bps, 96.24%, Err 0 (0.0e+00)
013.364 .... 48 packets received, 7699 bps, 96.24%, Err 0 (0.0e+00)
015.476 .... 56 packets received, 7708 bps, 96.34%, Err 0 (0.0e+00)
017.604 .... 64 packets received, 7706 bps, 96.33%, Err 0 (0.0e+00)
019.722 .... 72 packets received, 7710 bps, 96.38%, Err 0 (0.0e+00)
021.832 .... 80 packets received, 7715 bps, 96.44%, Err 0 (0.0e+00)
023.968 .... 88 packets received, 7711 bps, 96.39%, Err 0 (0.0e+00)
026.091 .... 96 packets received, 7712 bps, 96.40%, Err 0 (0.0e+00)
028.205 .... 104 packets received, 7715 bps, 96.43%, Err 0 (0.0e+00)
030.323 .... 112 packets received, 7716 bps, 96.45%, Err 0 (0.0e+00)
032.449 .... 120 packets received, 7715 bps, 96.44%, Err 0 (0.0e+00)
034.552 .... 128 packets received, 7720 bps, 96.50%, Err 0 (0.0e+00)
036.696 .... 136 packets received, 7715 bps, 96.44%, Err 0 (0.0e+00)
038.818 .... 144 packets received, 7716 bps, 96.45%, Err 0 (0.0e+00)
040.914 .... 152 packets received, 7721 bps, 96.51%, Err 0 (0.0e+00)
043.053 .... 160 packets received, 7718 bps, 96.47%, Err 0 (0.0e+00)
045.179 .... 168 packets received, 7717 bps, 96.47%, Err 0 (0.0e+00)
047.289 .... 176 packets received, 7720 bps, 96.49%, Err 0 (0.0e+00)
049.412 .... 184 packets received, 7719 bps, 96.49%, Err 0 (0.0e+00)
051.529 .... 192 packets received, 7720 bps, 96.50%, Err 0 (0.0e+00)
053.631 .... 200 packets received, 7723 bps, 96.54%, Err 0 (0.0e+00)
055.767 .... 208 packets received, 7721 bps, 96.51%, Err 0 (0.0e+00)
057.899 .... 216 packets received, 7720 bps, 96.50%, Err 0 (0.0e+00)
060.006 .... 224 packets received, 7722 bps, 96.52%, Err 0 (0.0e+00)
062.129 .... 232 packets received, 7722 bps, 96.52%, Err 0 (0.0e+00)
064.241 .... 240 packets received, 7723 bps, 96.54%, Err 0 (0.0e+00)
066.377 .... 248 packets received, 7721 bps, 96.51%, Err 0 (0.0e+00)
068.497 .... 256 packets received, 7721 bps, 96.52%, Err 0 (0.0e+00)
070.616 .... 264 packets received, 7722 bps, 96.52%, Err 0 (0.0e+00)
072.738 .... 272 packets received, 7722 bps, 96.52%, Err 0 (0.0e+00)
074.852 .... 280 packets received, 7722 bps, 96.53%, Err 0 (0.0e+00)
076.967 .... 288 packets received, 7723 bps, 96.54%, Err 0 (0.0e+00)
079.080 .... 296 packets received, 7724 bps, 96.55%, Err 0 (0.0e+00)
081.201 .... 304 packets received, 7724 bps, 96.55%, Err 0 (0.0e+00)
083.337 .... 312 packets received, 7723 bps, 96.53%, Err 0 (0.0e+00)
085.459 .... 320 packets received, 7723 bps, 96.53%, Err 0 (0.0e+00)
087.564 .... 328 packets received, 7724 bps, 96.55%, Err 0 (0.0e+00)
089.688 .... 336 packets received, 7724 bps, 96.55%, Err 0 (0.0e+00)
091.811 .... 344 packets received, 7724 bps, 96.55%, Err 0 (0.0e+00)
093.928 .... 352 packets received, 7724 bps, 96.55%, Err 0 (0.0e+00)
096.050 .... 360 packets received, 7724 bps, 96.55%, Err 0 (0.0e+00)
098.173 .... 368 packets received, 7724 bps, 96.55%, Err 0 (0.0e+00)
100.276 .... 376 packets received, 7725 bps, 96.57%, Err 0 (0.0e+00)
102.405 .... 384 packets received, 7725 bps, 96.56%, Err 0 (0.0e+00)
104.527 .... 392 packets received, 7725 bps, 96.56%, Err 0 (0.0e+00)
106.658 .... 400 packets received, 7724 bps, 96.55%, Err 0 (0.0e+00)
108.768 .... 408 packets received, 7725 bps, 96.56%, Err 0 (0.0e+00)
110.888 .... 416 packets received, 7725 bps, 96.56%, Err 0 (0.0e+00)
113.015 .... 424 packets received, 7724 bps, 96.55%, Err 0 (0.0e+00)
115.123 .... 432 packets received, 7725 bps, 96.56%, Err 0 (0.0e+00)
117.245 .... 440 packets received, 7725 bps, 96.56%, Err 0 (0.0e+00)
119.366 .... 448 packets received, 7725 bps, 96.56%, Err 0 (0.0e+00)
121.486 .... 456 packets received, 7725 bps, 96.56%, Err 0 (0.0e+00)
123.602 .... 464 packets received, 7725 bps, 96.57%, Err 0 (0.0e+00)
125.727 .... 472 packets received, 7725 bps, 96.56%, Err 0 (0.0e+00)
127.840 .... 480 packets received, 7726 bps, 96.57%, Err 0 (0.0e+00)
129.974 .... 488 packets received, 7725 bps, 96.56%, Err 0 (0.0e+00)
132.095 .... 496 packets received, 7725 bps, 96.56%, Err 0 (0.0e+00)
134.213 .... 504 packets received, 7725 bps, 96.56%, Err 0 (0.0e+00)
136.332 .... 512 packets received, 7725 bps, 96.56%, Err 0 (0.0e+00)
138.434 .... 520 packets received, 7726 bps, 96.58%, Err 0 (0.0e+00)
140.570 .... 528 packets received, 7725 bps, 96.57%, Err 0 (0.0e+00)
142.692 .... 536 packets received, 7725 bps, 96.57%, Err 0 (0.0e+00)
144.806 .... 544 packets received, 7726 bps, 96.57%, Err 0 (0.0e+00)
146.928 .... 552 packets received, 7726 bps, 96.57%, Err 0 (0.0e+00)
149.055 .... 560 packets received, 7725 bps, 96.57%, Err 0 (0.0e+00)
151.153 .... 568 packets received, 7726 bps, 96.58%, Err 0 (0.0e+00)
153.286 .... 576 packets received, 7726 bps, 96.57%, Err 0 (0.0e+00)
155.411 .... 584 packets received, 7726 bps, 96.57%, Err 0 (0.0e+00)
157.532 .... 592 packets received, 7726 bps, 96.57%, Err 0 (0.0e+00)
159.660 .... 600 packets received, 7725 bps, 96.56%, Err 0 (0.0e+00)
161.777 .... 608 packets received, 7725 bps, 96.57%, Err 0 (0.0e+00)
163.877 .... 616 packets received, 7726 bps, 96.58%, Err 0 (0.0e+00)
166.014 .... 624 packets received, 7726 bps, 96.57%, Err 0 (0.0e+00)
168.130 .... 632 packets received, 7726 bps, 96.57%, Err 0 (0.0e+00)
170.245 .... 640 packets received, 7726 bps, 96.58%, Err 0 (0.0e+00)
172.361 .... 648 packets received, 7726 bps, 96.58%, Err 0 (0.0e+00)
174.491 .... 656 packets received, 7726 bps, 96.57%, Err 0 (0.0e+00)
176.615 .... 664 packets received, 7726 bps, 96.57%, Err 0 (0.0e+00)
178.733 .... 672 packets received, 7726 bps, 96.57%, Err 0 (0.0e+00)
180.847 .... 680 packets received, 7726 bps, 96.58%, Err 0 (0.0e+00)
182.961 .... 688 packets received, 7726 bps, 96.58%, Err 0 (0.0e+00)
185.097 .... 696 packets received, 7726 bps, 96.57%, Err 0 (0.0e+00)
187.218 .... 704 packets received, 7726 bps, 96.57%, Err 0 (0.0e+00)
189.327 .... 712 packets received, 7726 bps, 96.58%, Err 0 (0.0e+00)
191.456 .... 720 packets received, 7726 bps, 96.57%, Err 0 (0.0e+00)
193.570 .... 728 packets received, 7726 bps, 96.58%, Err 0 (0.0e+00)
195.691 .... 736 packets received, 7726 bps, 96.58%, Err 0 (0.0e+00)
197.811 .... 744 packets received, 7726 bps, 96.58%, Err 0 (0.0e+00)
199.930 .... 752 packets received, 7726 bps, 96.58%, Err 0 (0.0e+00)
202.056 .... 760 packets received, 7726 bps, 96.58%, Err 0 (0.0e+00)
204.179 .... 768 packets received, 7726 bps, 96.57%, Err 0 (0.0e+00)
206.289 .... 776 packets received, 7726 bps, 96.58%, Err 0 (0.0e+00)
208.406 .... 784 packets received, 7726 bps, 96.58%, Err 0 (0.0e+00)
210.529 .... 792 packets received, 7726 bps, 96.58%, Err 0 (0.0e+00)
212.657 .... 800 packets received, 7726 bps, 96.58%, Err 0 (0.0e+00)
214.753 .... 808 packets received, 7727 bps, 96.59%, Err 0 (0.0e+00)
216.885 .... 816 packets received, 7727 bps, 96.58%, Err 0 (0.0e+00)
219.012 .... 824 packets received, 7726 bps, 96.58%, Err 0 (0.0e+00)
221.127 .... 832 packets received, 7727 bps, 96.58%, Err 0 (0.0e+00)
223.255 .... 840 packets received, 7726 bps, 96.58%, Err 0 (0.0e+00)
225.378 .... 848 packets received, 7726 bps, 96.58%, Err 0 (0.0e+00)
227.493 .... 856 packets received, 7726 bps, 96.58%, Err 0 (0.0e+00)
229.619 .... 864 packets received, 7726 bps, 96.58%, Err 0 (0.0e+00)
231.727 .... 872 packets received, 7727 bps, 96.58%, Err 0 (0.0e+00)
233.840 .... 880 packets received, 7727 bps, 96.59%, Err 0 (0.0e+00)
235.966 .... 888 packets received, 7727 bps, 96.58%, Err 0 (0.0e+00)
238.092 .... 896 packets received, 7726 bps, 96.58%, Err 0 (0.0e+00)
240.253 .... 904 packets received, 7725 bps, 96.56%, Err 0 (0.0e+00)
242.339 .... 912 packets received, 7726 bps, 96.58%, Err 0 (0.0e+00)
244.444 .... 920 packets received, 7727 bps, 96.58%, Err 0 (0.0e+00)
246.547 .... 928 packets received, 7727 bps, 96.59%, Err 0 (0.0e+00)
248.686 .... 936 packets received, 7727 bps, 96.58%, Err 0 (0.0e+00)
250.809 .... 944 packets received, 7727 bps, 96.58%, Err 0 (0.0e+00)
252.927 .... 952 packets received, 7727 bps, 96.58%, Err 0 (0.0e+00)
255.046 .... 960 packets received, 7727 bps, 96.58%, Err 0 (0.0e+00)
257.160 .... 968 packets received, 7727 bps, 96.59%, Err 0 (0.0e+00)
259.277 .... 976 packets received, 7727 bps, 96.59%, Err 0 (0.0e+00)
261.392 .... 984 packets received, 7727 bps, 96.59%, Err 0 (0.0e+00)
262.239 ** WARNING: System too busy, sleep 15 ms, but be awakened 79 ms later
263.568 .... 992 packets received, 7726 bps, 96.57%, Err 0 (0.0e+00)
265.723 .... 1000 packets received, 7725 bps, 96.56%, Err 0 (0.0e+00)
267.831 .... 1008 packets received, 7725 bps, 96.56%, Err 0 (0.0e+00)
269.947 .... 1016 packets received, 7725 bps, 96.56%, Err 0 (0.0e+00)
270.541 ** WARNING: System too busy, sleep 15 ms, but be awakened 71 ms later
272.065 .... 1024 packets received, 7725 bps, 96.56%, Err 0 (0.0e+00)
274.169 .... 1032 packets received, 7726 bps, 96.57%, Err 0 (0.0e+00)
276.298 .... 1040 packets received, 7725 bps, 96.57%, Err 0 (0.0e+00)
278.450 .... 1048 packets received, 7725 bps, 96.56%, Err 0 (0.0e+00)
280.544 .... 1056 packets received, 7725 bps, 96.57%, Err 0 (0.0e+00)
282.663 .... 1064 packets received, 7725 bps, 96.57%, Err 0 (0.0e+00)
284.776 .... 1072 packets received, 7726 bps, 96.57%, Err 0 (0.0e+00)
286.902 .... 1080 packets received, 7725 bps, 96.57%, Err 0 (0.0e+00)
289.025 .... 1088 packets received, 7725 bps, 96.57%, Err 0 (0.0e+00)
291.155 .... 1096 packets received, 7725 bps, 96.56%, Err 0 (0.0e+00)
293.254 .... 1104 packets received, 7726 bps, 96.57%, Err 0 (0.0e+00)
295.392 .... 1112 packets received, 7725 bps, 96.57%, Err 0 (0.0e+00)
297.506 .... 1120 packets received, 7725 bps, 96.57%, Err 0 (0.0e+00)
299.623 .... 1128 packets received, 7726 bps, 96.57%, Err 0 (0.0e+00)
301.736 .... 1136 packets received, 7726 bps, 96.57%, Err 0 (0.0e+00)
303.869 .... 1144 packets received, 7725 bps, 96.57%, Err 0 (0.0e+00)
305.977 .... 1152 packets received, 7726 bps, 96.57%, Err 0 (0.0e+00)
308.092 .... 1160 packets received, 7726 bps, 96.57%, Err 0 (0.0e+00)
310.212 .... 1168 packets received, 7726 bps, 96.57%, Err 0 (0.0e+00)
312.347 .... 1176 packets received, 7726 bps, 96.57%, Err 0 (0.0e+00)
314.462 .... 1184 packets received, 7726 bps, 96.57%, Err 0 (0.0e+00)
316.582 .... 1192 packets received, 7726 bps, 96.57%, Err 0 (0.0e+00)
318.713 .... 1200 packets received, 7725 bps, 96.57%, Err 0 (0.0e+00)
320.816 .... 1208 packets received, 7726 bps, 96.57%, Err 0 (0.0e+00)
322.935 .... 1216 packets received, 7726 bps, 96.57%, Err 0 (0.0e+00)
325.056 .... 1224 packets received, 7726 bps, 96.57%, Err 0 (0.0e+00)
327.197 .... 1232 packets received, 7725 bps, 96.57%, Err 0 (0.0e+00)
329.302 .... 1240 packets received, 7726 bps, 96.57%, Err 0 (0.0e+00)
331.422 .... 1248 packets received, 7726 bps, 96.57%, Err 0 (0.0e+00)
333.532 .... 1256 packets received, 7726 bps, 96.58%, Err 0 (0.0e+00)
335.671 .... 1264 packets received, 7726 bps, 96.57%, Err 0 (0.0e+00)
337.791 .... 1272 packets received, 7726 bps, 96.57%, Err 0 (0.0e+00)
338.953 ** WARNING: System too busy, sleep 15 ms, but be awakened 116 ms later
339.976 .... 1280 packets received, 7724 bps, 96.55%, Err 0 (0.0e+00)
342.116 .... 1288 packets received, 7724 bps, 96.55%, Err 0 (0.0e+00)
344.233 .... 1296 packets received, 7724 bps, 96.55%, Err 0 (0.0e+00)
346.334 .... 1304 packets received, 7724 bps, 96.55%, Err 0 (0.0e+00)
348.470 .... 1312 packets received, 7724 bps, 96.55%, Err 0 (0.0e+00)
350.598 .... 1320 packets received, 7724 bps, 96.55%, Err 0 (0.0e+00)
352.704 .... 1328 packets received, 7724 bps, 96.55%, Err 0 (0.0e+00)
354.829 .... 1336 packets received, 7724 bps, 96.55%, Err 0 (0.0e+00)
356.961 .... 1344 packets received, 7724 bps, 96.55%, Err 0 (0.0e+00)
359.073 .... 1352 packets received, 7724 bps, 96.55%, Err 0 (0.0e+00)
361.201 .... 1360 packets received, 7724 bps, 96.55%, Err 0 (0.0e+00)
363.314 .... 1368 packets received, 7724 bps, 96.55%, Err 0 (0.0e+00)
365.443 .... 1376 packets received, 7724 bps, 96.55%, Err 0 (0.0e+00)
367.544 .... 1384 packets received, 7724 bps, 96.55%, Err 0 (0.0e+00)
369.675 .... 1392 packets received, 7724 bps, 96.55%, Err 0 (0.0e+00)
371.788 .... 1400 packets received, 7724 bps, 96.55%, Err 0 (0.0e+00)
373.925 .... 1408 packets received, 7724 bps, 96.55%, Err 0 (0.0e+00)
376.029 .... 1416 packets received, 7724 bps, 96.55%, Err 0 (0.0e+00)
378.156 .... 1424 packets received, 7724 bps, 96.55%, Err 0 (0.0e+00)
380.277 .... 1432 packets received, 7724 bps, 96.55%, Err 0 (0.0e+00)
382.394 .... 1440 packets received, 7724 bps, 96.55%, Err 0 (0.0e+00)
384.501 .... 1448 packets received, 7725 bps, 96.56%, Err 0 (0.0e+00)
386.633 .... 1456 packets received, 7724 bps, 96.55%, Err 0 (0.0e+00)
388.754 .... 1464 packets received, 7724 bps, 96.55%, Err 0 (0.0e+00)
390.866 .... 1472 packets received, 7725 bps, 96.56%, Err 0 (0.0e+00)
392.986 .... 1480 packets received, 7725 bps, 96.56%, Err 0 (0.0e+00)
395.115 .... 1488 packets received, 7724 bps, 96.56%, Err 0 (0.0e+00)
397.234 .... 1496 packets received, 7724 bps, 96.56%, Err 0 (0.0e+00)
399.361 .... 1504 packets received, 7724 bps, 96.55%, Err 0 (0.0e+00)
401.484 .... 1512 packets received, 7724 bps, 96.55%, Err 0 (0.0e+00)
403.602 .... 1520 packets received, 7724 bps, 96.55%, Err 0 (0.0e+00)
405.731 .... 1528 packets received, 7724 bps, 96.55%, Err 0 (0.0e+00)
407.826 .... 1536 packets received, 7725 bps, 96.56%, Err 0 (0.0e+00)
409.963 .... 1544 packets received, 7724 bps, 96.55%, Err 0 (0.0e+00)
412.075 .... 1552 packets received, 7725 bps, 96.56%, Err 0 (0.0e+00)
414.194 .... 1560 packets received, 7725 bps, 96.56%, Err 0 (0.0e+00)
416.306 .... 1568 packets received, 7725 bps, 96.56%, Err 0 (0.0e+00)
418.438 .... 1576 packets received, 7725 bps, 96.56%, Err 0 (0.0e+00)
420.559 .... 1584 packets received, 7725 bps, 96.56%, Err 0 (0.0e+00)
422.657 .... 1592 packets received, 7725 bps, 96.56%, Err 0 (0.0e+00)
424.800 .... 1600 packets received, 7725 bps, 96.56%, Err 0 (0.0e+00)
426.921 .... 1608 packets received, 7725 bps, 96.56%, Err 0 (0.0e+00)
429.045 .... 1616 packets received, 7725 bps, 96.56%, Err 0 (0.0e+00)
431.157 .... 1624 packets received, 7725 bps, 96.56%, Err 0 (0.0e+00)
433.268 .... 1632 packets received, 7725 bps, 96.56%, Err 0 (0.0e+00)
435.377 .... 1640 packets received, 7725 bps, 96.56%, Err 0 (0.0e+00)
437.515 .... 1648 packets received, 7725 bps, 96.56%, Err 0 (0.0e+00)
439.624 .... 1656 packets received, 7725 bps, 96.56%, Err 0 (0.0e+00)
441.765 .... 1664 packets received, 7725 bps, 96.56%, Err 0 (0.0e+00)
443.867 .... 1672 packets received, 7725 bps, 96.56%, Err 0 (0.0e+00)
445.998 .... 1680 packets received, 7725 bps, 96.56%, Err 0 (0.0e+00)
448.117 .... 1688 packets received, 7725 bps, 96.56%, Err 0 (0.0e+00)
450.237 .... 1696 packets received, 7725 bps, 96.56%, Err 0 (0.0e+00)
452.353 .... 1704 packets received, 7725 bps, 96.56%, Err 0 (0.0e+00)
454.578 .... 1712 packets received, 7723 bps, 96.54%, Err 0 (0.0e+00)
456.585 .... 1720 packets received, 7725 bps, 96.56%, Err 0 (0.0e+00)
458.720 .... 1728 packets received, 7725 bps, 96.56%, Err 0 (0.0e+00)
459.271 ** WARNING: System too busy, sleep 15 ms, but be awakened 70 ms later
460.825 .... 1736 packets received, 7725 bps, 96.56%, Err 0 (0.0e+00)
462.942 .... 1744 packets received, 7725 bps, 96.56%, Err 0 (0.0e+00)
465.061 .... 1752 packets received, 7725 bps, 96.57%, Err 0 (0.0e+00)
467.186 .... 1760 packets received, 7725 bps, 96.56%, Err 0 (0.0e+00)
469.303 .... 1768 packets received, 7725 bps, 96.57%, Err 0 (0.0e+00)
471.426 .... 1776 packets received, 7725 bps, 96.56%, Err 0 (0.0e+00)
473.560 .... 1784 packets received, 7725 bps, 96.56%, Err 0 (0.0e+00)
475.659 .... 1792 packets received, 7725 bps, 96.57%, Err 0 (0.0e+00)
477.796 .... 1800 packets received, 7725 bps, 96.56%, Err 0 (0.0e+00)
479.904 .... 1808 packets received, 7725 bps, 96.57%, Err 0 (0.0e+00)
482.020 .... 1816 packets received, 7725 bps, 96.57%, Err 0 (0.0e+00)
484.163 .... 1824 packets received, 7725 bps, 96.56%, Err 0 (0.0e+00)
486.263 .... 1832 packets received, 7725 bps, 96.57%, Err 0 (0.0e+00)
488.423 .... 1840 packets received, 7725 bps, 96.56%, Err 0 (0.0e+00)
490.502 .... 1848 packets received, 7725 bps, 96.57%, Err 0 (0.0e+00)
492.644 .... 1856 packets received, 7725 bps, 96.56%, Err 0 (0.0e+00)
494.752 .... 1864 packets received, 7725 bps, 96.57%, Err 0 (0.0e+00)
496.862 .... 1872 packets received, 7725 bps, 96.57%, Err 0 (0.0e+00)
498.994 .... 1880 packets received, 7725 bps, 96.57%, Err 0 (0.0e+00)
501.118 .... 1888 packets received, 7725 bps, 96.56%, Err 0 (0.0e+00)
503.241 .... 1896 packets received, 7725 bps, 96.56%, Err 0 (0.0e+00)
505.347 .... 1904 packets received, 7725 bps, 96.57%, Err 0 (0.0e+00)
507.471 .... 1912 packets received, 7725 bps, 96.57%, Err 0 (0.0e+00)
509.592 .... 1920 packets received, 7725 bps, 96.57%, Err 0 (0.0e+00)
511.711 .... 1928 packets received, 7725 bps, 96.57%, Err 0 (0.0e+00)
513.828 .... 1936 packets received, 7725 bps, 96.57%, Err 0 (0.0e+00)
515.955 .... 1944 packets received, 7725 bps, 96.57%, Err 0 (0.0e+00)
518.062 .... 1952 packets received, 7726 bps, 96.57%, Err 0 (0.0e+00)
520.177 .... 1960 packets received, 7726 bps, 96.57%, Err 0 (0.0e+00)
522.306 .... 1968 packets received, 7725 bps, 96.57%, Err 0 (0.0e+00)
524.441 .... 1976 packets received, 7725 bps, 96.57%, Err 0 (0.0e+00)
524.925 ** WARNING: System too busy, sleep 15 ms, but be awakened 80 ms later
526.581 .... 1984 packets received, 7725 bps, 96.56%, Err 0 (0.0e+00)
528.685 .... 1992 packets received, 7725 bps, 96.57%, Err 0 (0.0e+00)
530.791 .... 2000 packets received, 7725 bps, 96.57%, Err 0 (0.0e+00)
532.913 .... 2008 packets received, 7725 bps, 96.57%, Err 0 (0.0e+00)
535.025 .... 2016 packets received, 7726 bps, 96.57%, Err 0 (0.0e+00)
537.150 .... 2024 packets received, 7726 bps, 96.57%, Err 0 (0.0e+00)
539.277 .... 2032 packets received, 7725 bps, 96.57%, Err 0 (0.0e+00)
541.411 .... 2040 packets received, 7725 bps, 96.57%, Err 0 (0.0e+00)
543.515 .... 2048 packets received, 7725 bps, 96.57%, Err 0 (0.0e+00)
545.631 .... 2056 packets received, 7726 bps, 96.57%, Err 0 (0.0e+00)
547.757 .... 2064 packets received, 7725 bps, 96.57%, Err 0 (0.0e+00)
549.861 .... 2072 packets received, 7726 bps, 96.57%, Err 0 (0.0e+00)
552.003 .... 2080 packets received, 7725 bps, 96.57%, Err 0 (0.0e+00)
554.120 .... 2088 packets received, 7725 bps, 96.57%, Err 0 (0.0e+00)
556.236 .... 2096 packets received, 7726 bps, 96.57%, Err 0 (0.0e+00)
558.357 .... 2104 packets received, 7726 bps, 96.57%, Err 0 (0.0e+00)
560.462 .... 2112 packets received, 7726 bps, 96.57%, Err 0 (0.0e+00)
562.604 .... 2120 packets received, 7725 bps, 96.57%, Err 0 (0.0e+00)
564.737 .... 2128 packets received, 7725 bps, 96.57%, Err 0 (0.0e+00)
566.839 .... 2136 packets received, 7726 bps, 96.57%, Err 0 (0.0e+00)
568.952 .... 2144 packets received, 7726 bps, 96.57%, Err 0 (0.0e+00)
571.074 .... 2152 packets received, 7726 bps, 96.57%, Err 0 (0.0e+00)
573.219 .... 2160 packets received, 7725 bps, 96.57%, Err 0 (0.0e+00)
575.323 .... 2168 packets received, 7726 bps, 96.57%, Err 0 (0.0e+00)
577.439 .... 2176 packets received, 7726 bps, 96.57%, Err 0 (0.0e+00)
579.557 .... 2184 packets received, 7726 bps, 96.57%, Err 0 (0.0e+00)
581.680 .... 2192 packets received, 7726 bps, 96.57%, Err 0 (0.0e+00)
583.800 .... 2200 packets received, 7726 bps, 96.57%, Err 0 (0.0e+00)
585.914 .... 2208 packets received, 7726 bps, 96.57%, Err 0 (0.0e+00)
588.029 .... 2216 packets received, 7726 bps, 96.57%, Err 0 (0.0e+00)
590.164 .... 2224 packets received, 7726 bps, 96.57%, Err 0 (0.0e+00)
592.267 .... 2232 packets received, 7726 bps, 96.57%, Err 0 (0.0e+00)
594.395 .... 2240 packets received, 7726 bps, 96.57%, Err 0 (0.0e+00)
596.518 .... 2248 packets received, 7726 bps, 96.57%, Err 0 (0.0e+00)
598.639 .... 2256 packets received, 7726 bps, 96.57%, Err 0 (0.0e+00)
600.752 .... 2264 packets received, 7726 bps, 96.57%, Err 0 (0.0e+00)
602.886 .... 2272 packets received, 7726 bps, 96.57%, Err 0 (0.0e+00)
604.988 .... 2280 packets received, 7726 bps, 96.57%, Err 0 (0.0e+00)
607.110 .... 2288 packets received, 7726 bps, 96.57%, Err 0 (0.0e+00)
609.236 .... 2296 packets received, 7726 bps, 96.57%, Err 0 (0.0e+00)
611.364 .... 2304 packets received, 7726 bps, 96.57%, Err 0 (0.0e+00)
613.468 .... 2312 packets received, 7726 bps, 96.57%, Err 0 (0.0e+00)
615.601 .... 2320 packets received, 7726 bps, 96.57%, Err 0 (0.0e+00)
617.738 .... 2328 packets received, 7726 bps, 96.57%, Err 0 (0.0e+00)
619.872 .... 2336 packets received, 7725 bps, 96.57%, Err 0 (0.0e+00)
621.998 .... 2344 packets received, 7725 bps, 96.57%, Err 0 (0.0e+00)
624.111 .... 2352 packets received, 7725 bps, 96.57%, Err 0 (0.0e+00)
626.219 .... 2360 packets received, 7726 bps, 96.57%, Err 0 (0.0e+00)
628.340 .... 2368 packets received, 7726 bps, 96.57%, Err 0 (0.0e+00)
630.491 .... 2376 packets received, 7725 bps, 96.56%, Err 0 (0.0e+00)
632.588 .... 2384 packets received, 7725 bps, 96.57%, Err 0 (0.0e+00)
634.741 .... 2392 packets received, 7725 bps, 96.56%, Err 0 (0.0e+00)
636.816 .... 2400 packets received, 7726 bps, 96.57%, Err 0 (0.0e+00)
638.953 .... 2408 packets received, 7725 bps, 96.57%, Err 0 (0.0e+00)
641.085 .... 2416 packets received, 7725 bps, 96.57%, Err 0 (0.0e+00)
643.179 .... 2424 packets received, 7726 bps, 96.57%, Err 0 (0.0e+00)
645.322 .... 2432 packets received, 7725 bps, 96.57%, Err 0 (0.0e+00)
647.438 .... 2440 packets received, 7725 bps, 96.57%, Err 0 (0.0e+00)
649.545 .... 2448 packets received, 7726 bps, 96.57%, Err 0 (0.0e+00)
651.677 .... 2456 packets received, 7725 bps, 96.57%, Err 0 (0.0e+00)
653.388 ** WARNING: System too busy, sleep 15 ms, but be awakened 99 ms later
653.797 .... 2464 packets received, 7725 bps, 96.57%, Err 0 (0.0e+00)
655.895 .... 2472 packets received, 7726 bps, 96.57%, Err 0 (0.0e+00)
658.030 .... 2480 packets received, 7726 bps, 96.57%, Err 0 (0.0e+00)
660.150 .... 2488 packets received, 7726 bps, 96.57%, Err 0 (0.0e+00)
662.274 .... 2496 packets received, 7726 bps, 96.57%, Err 0 (0.0e+00)
664.396 .... 2504 packets received, 7726 bps, 96.57%, Err 0 (0.0e+00)
666.509 .... 2512 packets received, 7726 bps, 96.57%, Err 0 (0.0e+00)
668.630 .... 2520 packets received, 7726 bps, 96.57%, Err 0 (0.0e+00)
670.736 .... 2528 packets received, 7726 bps, 96.57%, Err 0 (0.0e+00)
672.873 .... 2536 packets received, 7726 bps, 96.57%, Err 0 (0.0e+00)
674.981 .... 2544 packets received, 7726 bps, 96.57%, Err 0 (0.0e+00)
677.133 .... 2552 packets received, 7725 bps, 96.57%, Err 0 (0.0e+00)
679.227 .... 2560 packets received, 7726 bps, 96.57%, Err 0 (0.0e+00)
681.352 .... 2568 packets received, 7726 bps, 96.57%, Err 0 (0.0e+00)
683.460 .... 2576 packets received, 7726 bps, 96.57%, Err 0 (0.0e+00)
685.586 .... 2584 packets received, 7726 bps, 96.57%, Err 0 (0.0e+00)
687.706 .... 2592 packets received, 7726 bps, 96.57%, Err 0 (0.0e+00)
689.812 .... 2600 packets received, 7726 bps, 96.57%, Err 0 (0.0e+00)
691.954 .... 2608 packets received, 7726 bps, 96.57%, Err 0 (0.0e+00)
694.072 .... 2616 packets received, 7726 bps, 96.57%, Err 0 (0.0e+00)
696.186 .... 2624 packets received, 7726 bps, 96.57%, Err 0 (0.0e+00)
698.305 .... 2632 packets received, 7726 bps, 96.57%, Err 0 (0.0e+00)
700.019 Quit.
