000.000 =============================================================
000.000                     Station B                               
000.000 -------------------------------------------------------------
000.000 Protocol.lib, version 4.0, jiangyanjun0718@bupt.edu.cn
000.000 Channel: 8000 bps, 270 ms propagation delay, bit error rate 0
000.000 Log file "ufB.log", TCP port 30013, debug mask 0x00
000.000 Station B is connecting station A (TCP port 30013) ... Done.
000.274 New epoch: Wed May 15 20:12:57 2019
000.274 =================================================================
000.274 
000.274 Designed by CJSoft, build: May 15 2019  20:12:35
002.670 .... 8 packets received, 7743 bps, 96.79%, Err 0 (0.0e+00)
004.801 .... 16 packets received, 7716 bps, 96.44%, Err 0 (0.0e+00)
006.906 .... 24 packets received, 7738 bps, 96.73%, Err 0 (0.0e+00)
009.035 .... 32 packets received, 7727 bps, 96.59%, Err 0 (0.0e+00)
011.165 .... 40 packets received, 7720 bps, 96.50%, Err 0 (0.0e+00)
013.276 .... 48 packets received, 7727 bps, 96.59%, Err 0 (0.0e+00)
015.407 .... 56 packets received, 7722 bps, 96.52%, Err 0 (0.0e+00)
017.527 .... 64 packets received, 7722 bps, 96.53%, Err 0 (0.0e+00)
019.625 .... 72 packets received, 7732 bps, 96.65%, Err 0 (0.0e+00)
021.754 .... 80 packets received, 7728 bps, 96.60%, Err 0 (0.0e+00)
023.870 .... 88 packets received, 7730 bps, 96.62%, Err 0 (0.0e+00)
026.009 .... 96 packets received, 7724 bps, 96.55%, Err 0 (0.0e+00)
028.112 .... 104 packets received, 7729 bps, 96.61%, Err 0 (0.0e+00)
030.249 .... 112 packets received, 7724 bps, 96.55%, Err 0 (0.0e+00)
032.353 .... 120 packets received, 7729 bps, 96.61%, Err 0 (0.0e+00)
034.478 .... 128 packets received, 7727 bps, 96.59%, Err 0 (0.0e+00)
036.601 .... 136 packets received, 7727 bps, 96.59%, Err 0 (0.0e+00)
038.722 .... 144 packets received, 7727 bps, 96.58%, Err 0 (0.0e+00)
040.832 .... 152 packets received, 7729 bps, 96.61%, Err 0 (0.0e+00)
042.942 .... 160 packets received, 7730 bps, 96.63%, Err 0 (0.0e+00)
045.074 .... 168 packets received, 7728 bps, 96.60%, Err 0 (0.0e+00)
046.567 ** WARNING: System too busy, sleep 15 ms, but be awakened 80 ms later
047.206 .... 176 packets received, 7726 bps, 96.58%, Err 0 (0.0e+00)
049.313 .... 184 packets received, 7728 bps, 96.61%, Err 0 (0.0e+00)
051.445 .... 192 packets received, 7727 bps, 96.58%, Err 0 (0.0e+00)
053.553 .... 200 packets received, 7728 bps, 96.61%, Err 0 (0.0e+00)
055.684 .... 208 packets received, 7727 bps, 96.59%, Err 0 (0.0e+00)
057.798 .... 216 packets received, 7728 bps, 96.60%, Err 0 (0.0e+00)
059.918 .... 224 packets received, 7728 bps, 96.60%, Err 0 (0.0e+00)
062.032 .... 232 packets received, 7729 bps, 96.61%, Err 0 (0.0e+00)
064.165 .... 240 packets received, 7727 bps, 96.59%, Err 0 (0.0e+00)
066.283 .... 248 packets received, 7727 bps, 96.59%, Err 0 (0.0e+00)
068.397 .... 256 packets received, 7728 bps, 96.60%, Err 0 (0.0e+00)
070.513 .... 264 packets received, 7728 bps, 96.61%, Err 0 (0.0e+00)
072.640 .... 272 packets received, 7728 bps, 96.60%, Err 0 (0.0e+00)
074.752 .... 280 packets received, 7729 bps, 96.61%, Err 0 (0.0e+00)
076.862 .... 288 packets received, 7730 bps, 96.62%, Err 0 (0.0e+00)
078.991 .... 296 packets received, 7729 bps, 96.61%, Err 0 (0.0e+00)
081.129 .... 304 packets received, 7727 bps, 96.59%, Err 0 (0.0e+00)
083.225 .... 312 packets received, 7729 bps, 96.61%, Err 0 (0.0e+00)
085.356 .... 320 packets received, 7728 bps, 96.60%, Err 0 (0.0e+00)
087.465 .... 328 packets received, 7729 bps, 96.61%, Err 0 (0.0e+00)
089.602 .... 336 packets received, 7728 bps, 96.60%, Err 0 (0.0e+00)
091.709 .... 344 packets received, 7729 bps, 96.61%, Err 0 (0.0e+00)
093.854 .... 352 packets received, 7727 bps, 96.58%, Err 0 (0.0e+00)
095.971 .... 360 packets received, 7727 bps, 96.59%, Err 0 (0.0e+00)
098.063 .... 368 packets received, 7729 bps, 96.61%, Err 0 (0.0e+00)
100.209 .... 376 packets received, 7727 bps, 96.59%, Err 0 (0.0e+00)
102.305 .... 384 packets received, 7729 bps, 96.61%, Err 0 (0.0e+00)
104.430 .... 392 packets received, 7729 bps, 96.61%, Err 0 (0.0e+00)
106.560 .... 400 packets received, 7728 bps, 96.60%, Err 0 (0.0e+00)
108.671 .... 408 packets received, 7729 bps, 96.61%, Err 0 (0.0e+00)
110.786 .... 416 packets received, 7729 bps, 96.61%, Err 0 (0.0e+00)
112.912 .... 424 packets received, 7728 bps, 96.61%, Err 0 (0.0e+00)
115.043 .... 432 packets received, 7728 bps, 96.60%, Err 0 (0.0e+00)
117.154 .... 440 packets received, 7728 bps, 96.60%, Err 0 (0.0e+00)
119.270 .... 448 packets received, 7729 bps, 96.61%, Err 0 (0.0e+00)
121.401 .... 456 packets received, 7728 bps, 96.60%, Err 0 (0.0e+00)
123.529 .... 464 packets received, 7727 bps, 96.59%, Err 0 (0.0e+00)
125.639 .... 472 packets received, 7728 bps, 96.60%, Err 0 (0.0e+00)
127.764 .... 480 packets received, 7728 bps, 96.60%, Err 0 (0.0e+00)
129.865 .... 488 packets received, 7729 bps, 96.61%, Err 0 (0.0e+00)
131.989 .... 496 packets received, 7729 bps, 96.61%, Err 0 (0.0e+00)
134.112 .... 504 packets received, 7728 bps, 96.61%, Err 0 (0.0e+00)
136.227 .... 512 packets received, 7729 bps, 96.61%, Err 0 (0.0e+00)
138.348 .... 520 packets received, 7729 bps, 96.61%, Err 0 (0.0e+00)
140.484 .... 528 packets received, 7728 bps, 96.60%, Err 0 (0.0e+00)
142.592 .... 536 packets received, 7728 bps, 96.61%, Err 0 (0.0e+00)
144.726 .... 544 packets received, 7728 bps, 96.60%, Err 0 (0.0e+00)
146.843 .... 552 packets received, 7728 bps, 96.60%, Err 0 (0.0e+00)
148.947 .... 560 packets received, 7729 bps, 96.61%, Err 0 (0.0e+00)
151.079 .... 568 packets received, 7728 bps, 96.60%, Err 0 (0.0e+00)
153.196 .... 576 packets received, 7728 bps, 96.60%, Err 0 (0.0e+00)
155.299 .... 584 packets received, 7729 bps, 96.61%, Err 0 (0.0e+00)
157.422 .... 592 packets received, 7729 bps, 96.61%, Err 0 (0.0e+00)
159.570 .... 600 packets received, 7728 bps, 96.59%, Err 0 (0.0e+00)
161.682 .... 608 packets received, 7728 bps, 96.60%, Err 0 (0.0e+00)
163.789 .... 616 packets received, 7729 bps, 96.61%, Err 0 (0.0e+00)
165.925 .... 624 packets received, 7728 bps, 96.60%, Err 0 (0.0e+00)
168.041 .... 632 packets received, 7728 bps, 96.60%, Err 0 (0.0e+00)
170.149 .... 640 packets received, 7729 bps, 96.61%, Err 0 (0.0e+00)
172.283 .... 648 packets received, 7728 bps, 96.60%, Err 0 (0.0e+00)
174.403 .... 656 packets received, 7728 bps, 96.60%, Err 0 (0.0e+00)
176.523 .... 664 packets received, 7728 bps, 96.60%, Err 0 (0.0e+00)
178.645 .... 672 packets received, 7728 bps, 96.60%, Err 0 (0.0e+00)
180.751 .... 680 packets received, 7728 bps, 96.61%, Err 0 (0.0e+00)
182.875 .... 688 packets received, 7728 bps, 96.60%, Err 0 (0.0e+00)
185.001 .... 696 packets received, 7728 bps, 96.60%, Err 0 (0.0e+00)
187.121 .... 704 packets received, 7728 bps, 96.60%, Err 0 (0.0e+00)
189.240 .... 712 packets received, 7728 bps, 96.60%, Err 0 (0.0e+00)
191.368 .... 720 packets received, 7728 bps, 96.60%, Err 0 (0.0e+00)
193.489 .... 728 packets received, 7728 bps, 96.60%, Err 0 (0.0e+00)
195.595 .... 736 packets received, 7728 bps, 96.60%, Err 0 (0.0e+00)
197.726 .... 744 packets received, 7728 bps, 96.60%, Err 0 (0.0e+00)
199.849 .... 752 packets received, 7728 bps, 96.60%, Err 0 (0.0e+00)
201.968 .... 760 packets received, 7728 bps, 96.60%, Err 0 (0.0e+00)
204.073 .... 768 packets received, 7728 bps, 96.60%, Err 0 (0.0e+00)
206.191 .... 776 packets received, 7728 bps, 96.61%, Err 0 (0.0e+00)
208.321 .... 784 packets received, 7728 bps, 96.60%, Err 0 (0.0e+00)
210.439 .... 792 packets received, 7728 bps, 96.60%, Err 0 (0.0e+00)
212.548 .... 800 packets received, 7729 bps, 96.61%, Err 0 (0.0e+00)
214.681 .... 808 packets received, 7728 bps, 96.60%, Err 0 (0.0e+00)
216.805 .... 816 packets received, 7728 bps, 96.60%, Err 0 (0.0e+00)
218.914 .... 824 packets received, 7728 bps, 96.60%, Err 0 (0.0e+00)
221.032 .... 832 packets received, 7728 bps, 96.60%, Err 0 (0.0e+00)
223.161 .... 840 packets received, 7728 bps, 96.60%, Err 0 (0.0e+00)
225.282 .... 848 packets received, 7728 bps, 96.60%, Err 0 (0.0e+00)
227.408 .... 856 packets received, 7728 bps, 96.60%, Err 0 (0.0e+00)
229.523 .... 864 packets received, 7728 bps, 96.60%, Err 0 (0.0e+00)
231.653 .... 872 packets received, 7728 bps, 96.60%, Err 0 (0.0e+00)
233.756 .... 880 packets received, 7728 bps, 96.60%, Err 0 (0.0e+00)
235.867 .... 888 packets received, 7729 bps, 96.61%, Err 0 (0.0e+00)
237.990 .... 896 packets received, 7728 bps, 96.61%, Err 0 (0.0e+00)
240.127 .... 904 packets received, 7728 bps, 96.60%, Err 0 (0.0e+00)
242.238 .... 912 packets received, 7728 bps, 96.60%, Err 0 (0.0e+00)
244.345 .... 920 packets received, 7729 bps, 96.61%, Err 0 (0.0e+00)
246.480 .... 928 packets received, 7728 bps, 96.60%, Err 0 (0.0e+00)
248.593 .... 936 packets received, 7728 bps, 96.60%, Err 0 (0.0e+00)
250.722 .... 944 packets received, 7728 bps, 96.60%, Err 0 (0.0e+00)
252.846 .... 952 packets received, 7728 bps, 96.60%, Err 0 (0.0e+00)
254.958 .... 960 packets received, 7728 bps, 96.60%, Err 0 (0.0e+00)
257.078 .... 968 packets received, 7728 bps, 96.60%, Err 0 (0.0e+00)
259.197 .... 976 packets received, 7728 bps, 96.60%, Err 0 (0.0e+00)
261.318 .... 984 packets received, 7728 bps, 96.60%, Err 0 (0.0e+00)
263.437 .... 992 packets received, 7728 bps, 96.60%, Err 0 (0.0e+00)
265.545 .... 1000 packets received, 7729 bps, 96.61%, Err 0 (0.0e+00)
267.679 .... 1008 packets received, 7728 bps, 96.60%, Err 0 (0.0e+00)
269.798 .... 1016 packets received, 7728 bps, 96.60%, Err 0 (0.0e+00)
271.926 .... 1024 packets received, 7728 bps, 96.60%, Err 0 (0.0e+00)
274.033 .... 1032 packets received, 7728 bps, 96.60%, Err 0 (0.0e+00)
276.163 .... 1040 packets received, 7728 bps, 96.60%, Err 0 (0.0e+00)
278.275 .... 1048 packets received, 7728 bps, 96.60%, Err 0 (0.0e+00)
280.383 .... 1056 packets received, 7729 bps, 96.61%, Err 0 (0.0e+00)
282.520 .... 1064 packets received, 7728 bps, 96.60%, Err 0 (0.0e+00)
284.650 .... 1072 packets received, 7728 bps, 96.60%, Err 0 (0.0e+00)
286.774 .... 1080 packets received, 7728 bps, 96.60%, Err 0 (0.0e+00)
288.877 .... 1088 packets received, 7728 bps, 96.60%, Err 0 (0.0e+00)
290.993 .... 1096 packets received, 7728 bps, 96.60%, Err 0 (0.0e+00)
293.117 .... 1104 packets received, 7728 bps, 96.60%, Err 0 (0.0e+00)
295.237 .... 1112 packets received, 7728 bps, 96.60%, Err 0 (0.0e+00)
297.346 .... 1120 packets received, 7729 bps, 96.61%, Err 0 (0.0e+00)
299.486 .... 1128 packets received, 7728 bps, 96.60%, Err 0 (0.0e+00)
301.593 .... 1136 packets received, 7728 bps, 96.60%, Err 0 (0.0e+00)
303.720 .... 1144 packets received, 7728 bps, 96.60%, Err 0 (0.0e+00)
305.849 .... 1152 packets received, 7728 bps, 96.60%, Err 0 (0.0e+00)
307.955 .... 1160 packets received, 7728 bps, 96.60%, Err 0 (0.0e+00)
310.079 .... 1168 packets received, 7728 bps, 96.60%, Err 0 (0.0e+00)
312.209 .... 1176 packets received, 7728 bps, 96.60%, Err 0 (0.0e+00)
314.315 .... 1184 packets received, 7728 bps, 96.60%, Err 0 (0.0e+00)
316.421 .... 1192 packets received, 7729 bps, 96.61%, Err 0 (0.0e+00)
318.560 .... 1200 packets received, 7728 bps, 96.60%, Err 0 (0.0e+00)
320.663 .... 1208 packets received, 7729 bps, 96.61%, Err 0 (0.0e+00)
322.803 .... 1216 packets received, 7728 bps, 96.60%, Err 0 (0.0e+00)
324.924 .... 1224 packets received, 7728 bps, 96.60%, Err 0 (0.0e+00)
327.039 .... 1232 packets received, 7728 bps, 96.60%, Err 0 (0.0e+00)
329.146 .... 1240 packets received, 7728 bps, 96.61%, Err 0 (0.0e+00)
331.274 .... 1248 packets received, 7728 bps, 96.60%, Err 0 (0.0e+00)
333.395 .... 1256 packets received, 7728 bps, 96.60%, Err 0 (0.0e+00)
335.514 .... 1264 packets received, 7728 bps, 96.60%, Err 0 (0.0e+00)
337.638 .... 1272 packets received, 7728 bps, 96.60%, Err 0 (0.0e+00)
339.758 .... 1280 packets received, 7728 bps, 96.60%, Err 0 (0.0e+00)
341.880 .... 1288 packets received, 7728 bps, 96.60%, Err 0 (0.0e+00)
343.994 .... 1296 packets received, 7728 bps, 96.60%, Err 0 (0.0e+00)
346.117 .... 1304 packets received, 7728 bps, 96.60%, Err 0 (0.0e+00)
348.230 .... 1312 packets received, 7728 bps, 96.60%, Err 0 (0.0e+00)
350.361 .... 1320 packets received, 7728 bps, 96.60%, Err 0 (0.0e+00)
352.486 .... 1328 packets received, 7728 bps, 96.60%, Err 0 (0.0e+00)
354.600 .... 1336 packets received, 7728 bps, 96.60%, Err 0 (0.0e+00)
356.716 .... 1344 packets received, 7728 bps, 96.60%, Err 0 (0.0e+00)
358.848 .... 1352 packets received, 7728 bps, 96.60%, Err 0 (0.0e+00)
360.962 .... 1360 packets received, 7728 bps, 96.60%, Err 0 (0.0e+00)
363.076 .... 1368 packets received, 7728 bps, 96.60%, Err 0 (0.0e+00)
365.208 .... 1376 packets received, 7728 bps, 96.60%, Err 0 (0.0e+00)
367.326 .... 1384 packets received, 7728 bps, 96.60%, Err 0 (0.0e+00)
369.442 .... 1392 packets received, 7728 bps, 96.60%, Err 0 (0.0e+00)
371.561 .... 1400 packets received, 7728 bps, 96.60%, Err 0 (0.0e+00)
373.672 .... 1408 packets received, 7728 bps, 96.60%, Err 0 (0.0e+00)
375.787 .... 1416 packets received, 7728 bps, 96.61%, Err 0 (0.0e+00)
377.922 .... 1424 packets received, 7728 bps, 96.60%, Err 0 (0.0e+00)
380.037 .... 1432 packets received, 7728 bps, 96.60%, Err 0 (0.0e+00)
382.163 .... 1440 packets received, 7728 bps, 96.60%, Err 0 (0.0e+00)
384.262 .... 1448 packets received, 7729 bps, 96.61%, Err 0 (0.0e+00)
386.392 .... 1456 packets received, 7728 bps, 96.60%, Err 0 (0.0e+00)
388.526 .... 1464 packets received, 7728 bps, 96.60%, Err 0 (0.0e+00)
390.643 .... 1472 packets received, 7728 bps, 96.60%, Err 0 (0.0e+00)
392.765 .... 1480 packets received, 7728 bps, 96.60%, Err 0 (0.0e+00)
394.878 .... 1488 packets received, 7728 bps, 96.60%, Err 0 (0.0e+00)
396.990 .... 1496 packets received, 7728 bps, 96.60%, Err 0 (0.0e+00)
399.107 .... 1504 packets received, 7728 bps, 96.61%, Err 0 (0.0e+00)
401.223 .... 1512 packets received, 7729 bps, 96.61%, Err 0 (0.0e+00)
403.363 .... 1520 packets received, 7728 bps, 96.60%, Err 0 (0.0e+00)
405.479 .... 1528 packets received, 7728 bps, 96.60%, Err 0 (0.0e+00)
407.596 .... 1536 packets received, 7728 bps, 96.60%, Err 0 (0.0e+00)
409.717 .... 1544 packets received, 7728 bps, 96.60%, Err 0 (0.0e+00)
411.837 .... 1552 packets received, 7728 bps, 96.60%, Err 0 (0.0e+00)
413.957 .... 1560 packets received, 7728 bps, 96.60%, Err 0 (0.0e+00)
416.085 .... 1568 packets received, 7728 bps, 96.60%, Err 0 (0.0e+00)
418.196 .... 1576 packets received, 7728 bps, 96.60%, Err 0 (0.0e+00)
420.311 .... 1584 packets received, 7728 bps, 96.60%, Err 0 (0.0e+00)
422.437 .... 1592 packets received, 7728 bps, 96.60%, Err 0 (0.0e+00)
424.549 .... 1600 packets received, 7728 bps, 96.61%, Err 0 (0.0e+00)
426.682 .... 1608 packets received, 7728 bps, 96.60%, Err 0 (0.0e+00)
428.802 .... 1616 packets received, 7728 bps, 96.60%, Err 0 (0.0e+00)
430.907 .... 1624 packets received, 7728 bps, 96.61%, Err 0 (0.0e+00)
433.028 .... 1632 packets received, 7728 bps, 96.61%, Err 0 (0.0e+00)
435.143 .... 1640 packets received, 7728 bps, 96.61%, Err 0 (0.0e+00)
437.270 .... 1648 packets received, 7728 bps, 96.60%, Err 0 (0.0e+00)
439.399 .... 1656 packets received, 7728 bps, 96.60%, Err 0 (0.0e+00)
441.516 .... 1664 packets received, 7728 bps, 96.60%, Err 0 (0.0e+00)
443.631 .... 1672 packets received, 7728 bps, 96.60%, Err 0 (0.0e+00)
445.755 .... 1680 packets received, 7728 bps, 96.60%, Err 0 (0.0e+00)
447.873 .... 1688 packets received, 7728 bps, 96.60%, Err 0 (0.0e+00)
450.004 .... 1696 packets received, 7728 bps, 96.60%, Err 0 (0.0e+00)
452.120 .... 1704 packets received, 7728 bps, 96.60%, Err 0 (0.0e+00)
454.228 .... 1712 packets received, 7728 bps, 96.61%, Err 0 (0.0e+00)
456.351 .... 1720 packets received, 7728 bps, 96.60%, Err 0 (0.0e+00)
458.473 .... 1728 packets received, 7728 bps, 96.60%, Err 0 (0.0e+00)
460.598 .... 1736 packets received, 7728 bps, 96.60%, Err 0 (0.0e+00)
462.735 .... 1744 packets received, 7728 bps, 96.60%, Err 0 (0.0e+00)
464.833 .... 1752 packets received, 7728 bps, 96.60%, Err 0 (0.0e+00)
466.953 .... 1760 packets received, 7728 bps, 96.60%, Err 0 (0.0e+00)
469.067 .... 1768 packets received, 7728 bps, 96.61%, Err 0 (0.0e+00)
471.199 .... 1776 packets received, 7728 bps, 96.60%, Err 0 (0.0e+00)
473.317 .... 1784 packets received, 7728 bps, 96.60%, Err 0 (0.0e+00)
475.421 .... 1792 packets received, 7729 bps, 96.61%, Err 0 (0.0e+00)
477.464 .... 1799 packets received, 7725 bps, 96.57%, Err 0 (0.0e+00)
479.683 .... 1808 packets received, 7728 bps, 96.60%, Err 0 (0.0e+00)
481.824 .... 1816 packets received, 7728 bps, 96.60%, Err 0 (0.0e+00)
483.926 .... 1824 packets received, 7728 bps, 96.60%, Err 0 (0.0e+00)
486.042 .... 1832 packets received, 7728 bps, 96.60%, Err 0 (0.0e+00)
488.152 .... 1840 packets received, 7728 bps, 96.60%, Err 0 (0.0e+00)
490.274 .... 1848 packets received, 7728 bps, 96.60%, Err 0 (0.0e+00)
492.398 .... 1856 packets received, 7728 bps, 96.60%, Err 0 (0.0e+00)
494.511 .... 1864 packets received, 7728 bps, 96.60%, Err 0 (0.0e+00)
496.632 .... 1872 packets received, 7728 bps, 96.60%, Err 0 (0.0e+00)
498.755 .... 1880 packets received, 7728 bps, 96.60%, Err 0 (0.0e+00)
500.884 .... 1888 packets received, 7728 bps, 96.60%, Err 0 (0.0e+00)
503.005 .... 1896 packets received, 7728 bps, 96.60%, Err 0 (0.0e+00)
505.129 .... 1904 packets received, 7728 bps, 96.60%, Err 0 (0.0e+00)
507.252 .... 1912 packets received, 7728 bps, 96.60%, Err 0 (0.0e+00)
509.365 .... 1920 packets received, 7728 bps, 96.60%, Err 0 (0.0e+00)
511.477 .... 1928 packets received, 7728 bps, 96.60%, Err 0 (0.0e+00)
513.610 .... 1936 packets received, 7728 bps, 96.60%, Err 0 (0.0e+00)
515.721 .... 1944 packets received, 7728 bps, 96.60%, Err 0 (0.0e+00)
517.846 .... 1952 packets received, 7728 bps, 96.60%, Err 0 (0.0e+00)
519.974 .... 1960 packets received, 7728 bps, 96.60%, Err 0 (0.0e+00)
522.085 .... 1968 packets received, 7728 bps, 96.60%, Err 0 (0.0e+00)
524.195 .... 1976 packets received, 7728 bps, 96.60%, Err 0 (0.0e+00)
526.321 .... 1984 packets received, 7728 bps, 96.60%, Err 0 (0.0e+00)
528.452 .... 1992 packets received, 7728 bps, 96.60%, Err 0 (0.0e+00)
530.568 .... 2000 packets received, 7728 bps, 96.60%, Err 0 (0.0e+00)
532.694 .... 2008 packets received, 7728 bps, 96.60%, Err 0 (0.0e+00)
534.793 .... 2016 packets received, 7728 bps, 96.60%, Err 0 (0.0e+00)
536.930 .... 2024 packets received, 7728 bps, 96.60%, Err 0 (0.0e+00)
539.029 .... 2032 packets received, 7728 bps, 96.60%, Err 0 (0.0e+00)
541.161 .... 2040 packets received, 7728 bps, 96.60%, Err 0 (0.0e+00)
543.278 .... 2048 packets received, 7728 bps, 96.60%, Err 0 (0.0e+00)
545.399 .... 2056 packets received, 7728 bps, 96.60%, Err 0 (0.0e+00)
547.529 .... 2064 packets received, 7728 bps, 96.60%, Err 0 (0.0e+00)
549.644 .... 2072 packets received, 7728 bps, 96.60%, Err 0 (0.0e+00)
551.763 .... 2080 packets received, 7728 bps, 96.60%, Err 0 (0.0e+00)
553.889 .... 2088 packets received, 7728 bps, 96.60%, Err 0 (0.0e+00)
555.999 .... 2096 packets received, 7728 bps, 96.60%, Err 0 (0.0e+00)
558.129 .... 2104 packets received, 7728 bps, 96.60%, Err 0 (0.0e+00)
560.233 .... 2112 packets received, 7728 bps, 96.60%, Err 0 (0.0e+00)
562.356 .... 2120 packets received, 7728 bps, 96.60%, Err 0 (0.0e+00)
564.485 .... 2128 packets received, 7728 bps, 96.60%, Err 0 (0.0e+00)
566.589 .... 2136 packets received, 7728 bps, 96.60%, Err 0 (0.0e+00)
568.718 .... 2144 packets received, 7728 bps, 96.60%, Err 0 (0.0e+00)
570.836 .... 2152 packets received, 7728 bps, 96.60%, Err 0 (0.0e+00)
572.945 .... 2160 packets received, 7728 bps, 96.61%, Err 0 (0.0e+00)
575.085 .... 2168 packets received, 7728 bps, 96.60%, Err 0 (0.0e+00)
577.192 .... 2176 packets received, 7728 bps, 96.60%, Err 0 (0.0e+00)
579.318 .... 2184 packets received, 7728 bps, 96.60%, Err 0 (0.0e+00)
581.447 .... 2192 packets received, 7728 bps, 96.60%, Err 0 (0.0e+00)
583.561 .... 2200 packets received, 7728 bps, 96.60%, Err 0 (0.0e+00)
585.690 .... 2208 packets received, 7728 bps, 96.60%, Err 0 (0.0e+00)
587.810 .... 2216 packets received, 7728 bps, 96.60%, Err 0 (0.0e+00)
589.922 .... 2224 packets received, 7728 bps, 96.60%, Err 0 (0.0e+00)
592.036 .... 2232 packets received, 7728 bps, 96.60%, Err 0 (0.0e+00)
594.164 .... 2240 packets received, 7728 bps, 96.60%, Err 0 (0.0e+00)
596.287 .... 2248 packets received, 7728 bps, 96.60%, Err 0 (0.0e+00)
598.401 .... 2256 packets received, 7728 bps, 96.60%, Err 0 (0.0e+00)
600.522 .... 2264 packets received, 7728 bps, 96.60%, Err 0 (0.0e+00)
602.654 .... 2272 packets received, 7728 bps, 96.60%, Err 0 (0.0e+00)
604.768 .... 2280 packets received, 7728 bps, 96.60%, Err 0 (0.0e+00)
606.872 .... 2288 packets received, 7728 bps, 96.60%, Err 0 (0.0e+00)
608.990 .... 2296 packets received, 7728 bps, 96.60%, Err 0 (0.0e+00)
611.117 .... 2304 packets received, 7728 bps, 96.60%, Err 0 (0.0e+00)
613.255 .... 2312 packets received, 7728 bps, 96.60%, Err 0 (0.0e+00)
615.375 .... 2320 packets received, 7728 bps, 96.60%, Err 0 (0.0e+00)
617.487 .... 2328 packets received, 7728 bps, 96.60%, Err 0 (0.0e+00)
619.601 .... 2336 packets received, 7728 bps, 96.60%, Err 0 (0.0e+00)
621.726 .... 2344 packets received, 7728 bps, 96.60%, Err 0 (0.0e+00)
623.857 .... 2352 packets received, 7728 bps, 96.60%, Err 0 (0.0e+00)
625.949 .... 2360 packets received, 7728 bps, 96.60%, Err 0 (0.0e+00)
628.096 .... 2368 packets received, 7728 bps, 96.60%, Err 0 (0.0e+00)
630.204 .... 2376 packets received, 7728 bps, 96.60%, Err 0 (0.0e+00)
632.314 .... 2384 packets received, 7728 bps, 96.60%, Err 0 (0.0e+00)
634.436 .... 2392 packets received, 7728 bps, 96.60%, Err 0 (0.0e+00)
636.558 .... 2400 packets received, 7728 bps, 96.60%, Err 0 (0.0e+00)
638.668 .... 2408 packets received, 7728 bps, 96.60%, Err 0 (0.0e+00)
640.800 .... 2416 packets received, 7728 bps, 96.60%, Err 0 (0.0e+00)
642.921 .... 2424 packets received, 7728 bps, 96.60%, Err 0 (0.0e+00)
645.029 .... 2432 packets received, 7728 bps, 96.60%, Err 0 (0.0e+00)
647.181 .... 2440 packets received, 7728 bps, 96.60%, Err 0 (0.0e+00)
649.271 .... 2448 packets received, 7728 bps, 96.60%, Err 0 (0.0e+00)
651.405 .... 2456 packets received, 7728 bps, 96.60%, Err 0 (0.0e+00)
653.511 .... 2464 packets received, 7728 bps, 96.60%, Err 0 (0.0e+00)
655.637 .... 2472 packets received, 7728 bps, 96.60%, Err 0 (0.0e+00)
657.769 .... 2480 packets received, 7728 bps, 96.60%, Err 0 (0.0e+00)
659.896 .... 2488 packets received, 7728 bps, 96.60%, Err 0 (0.0e+00)
662.018 .... 2496 packets received, 7728 bps, 96.60%, Err 0 (0.0e+00)
664.119 .... 2504 packets received, 7728 bps, 96.60%, Err 0 (0.0e+00)
666.254 .... 2512 packets received, 7728 bps, 96.60%, Err 0 (0.0e+00)
668.366 .... 2520 packets received, 7728 bps, 96.60%, Err 0 (0.0e+00)
670.490 .... 2528 packets received, 7728 bps, 96.60%, Err 0 (0.0e+00)
672.611 .... 2536 packets received, 7728 bps, 96.60%, Err 0 (0.0e+00)
674.711 .... 2544 packets received, 7728 bps, 96.60%, Err 0 (0.0e+00)
676.838 .... 2552 packets received, 7728 bps, 96.60%, Err 0 (0.0e+00)
678.969 .... 2560 packets received, 7728 bps, 96.60%, Err 0 (0.0e+00)
681.069 .... 2568 packets received, 7728 bps, 96.60%, Err 0 (0.0e+00)
683.206 .... 2576 packets received, 7728 bps, 96.60%, Err 0 (0.0e+00)
685.314 .... 2584 packets received, 7728 bps, 96.60%, Err 0 (0.0e+00)
687.427 .... 2592 packets received, 7728 bps, 96.60%, Err 0 (0.0e+00)
689.564 .... 2600 packets received, 7728 bps, 96.60%, Err 0 (0.0e+00)
691.687 .... 2608 packets received, 7728 bps, 96.60%, Err 0 (0.0e+00)
693.801 .... 2616 packets received, 7728 bps, 96.60%, Err 0 (0.0e+00)
695.920 .... 2624 packets received, 7728 bps, 96.60%, Err 0 (0.0e+00)
698.052 .... 2632 packets received, 7728 bps, 96.60%, Err 0 (0.0e+00)
700.022 Quit.
