000.000 =============================================================
000.000                     Station A                               
000.000 -------------------------------------------------------------
000.000 Protocol.lib, version 4.0, jiangyanjun0718@bupt.edu.cn
000.000 Channel: 8000 bps, 270 ms propagation delay, bit error rate 1.0E-05
000.000 Log file "A.log", TCP port 30011, debug mask 0x00
000.000 Station A is waiting for station B on TCP port 30011 ... Done.
000.484 New epoch: Tue Apr 16 20:06:40 2019
000.484 =================================================================
000.484 
000.484 Designed by CJSoft, build: Apr 16 2019  14:04:43
003.484 .... 3 packets received, 2817 bps, 35.21%, Err 1 (5.2e-05)
005.634 .... 6 packets received, 2837 bps, 35.47%, Err 1 (2.7e-05)
009.647 .... 11 packets received, 2700 bps, 33.75%, Err 1 (1.5e-05)
013.658 .... 16 packets received, 2652 bps, 33.15%, Err 1 (9.9e-06)
017.665 .... 21 packets received, 2629 bps, 32.86%, Err 2 (1.5e-05)
021.681 .... 26 packets received, 2613 bps, 32.66%, Err 2 (1.2e-05)
025.719 .... 31 packets received, 2600 bps, 32.50%, Err 2 (1.0e-05)
029.706 .... 36 packets received, 2596 bps, 32.45%, Err 2 (8.7e-06)
033.723 .... 41 packets received, 2590 bps, 32.38%, Err 2 (7.7e-06)
037.739 .... 46 packets received, 2586 bps, 32.32%, Err 3 (1.0e-05)
041.741 .... 51 packets received, 2583 bps, 32.29%, Err 4 (1.2e-05)
045.769 .... 56 packets received, 2579 bps, 32.24%, Err 4 (1.1e-05)
049.785 .... 61 packets received, 2577 bps, 32.21%, Err 4 (1.0e-05)
053.799 .... 66 packets received, 2575 bps, 32.19%, Err 4 (9.5e-06)
057.796 .... 71 packets received, 2574 bps, 32.17%, Err 4 (8.8e-06)
061.820 .... 76 packets received, 2572 bps, 32.15%, Err 4 (8.2e-06)
065.835 .... 81 packets received, 2571 bps, 32.13%, Err 4 (7.7e-06)
069.852 .... 86 packets received, 2569 bps, 32.12%, Err 4 (7.3e-06)
073.867 .... 91 packets received, 2568 bps, 32.10%, Err 4 (6.9e-06)
077.898 .... 96 packets received, 2567 bps, 32.09%, Err 5 (8.1e-06)
080.007 .... 99 packets received, 2576 bps, 32.20%, Err 6 (9.5e-06)
082.154 .... 102 packets received, 2584 bps, 32.30%, Err 6 (9.2e-06)
085.913 .... 106 packets received, 2566 bps, 32.07%, Err 6 (8.8e-06)
089.930 .... 111 packets received, 2565 bps, 32.06%, Err 6 (8.4e-06)
093.940 .... 116 packets received, 2565 bps, 32.06%, Err 6 (8.1e-06)
097.971 .... 121 packets received, 2563 bps, 32.04%, Err 8 (1.0e-05)
103.054 .... 126 packets received, 2536 bps, 31.70%, Err 8 (9.9e-06)
107.202 .... 127 packets received, 2456 bps, 30.70%, Err 8 (9.9e-06)
111.295 .... 128 packets received, 2383 bps, 29.79%, Err 8 (9.8e-06)
115.407 .... 129 packets received, 2315 bps, 28.94%, Err 8 (9.7e-06)
119.493 .... 130 packets received, 2253 bps, 28.16%, Err 8 (9.7e-06)
123.646 .... 131 packets received, 2193 bps, 27.41%, Err 8 (9.6e-06)
127.706 .... 132 packets received, 2139 bps, 26.73%, Err 8 (9.6e-06)
131.876 .... 133 packets received, 2086 bps, 26.08%, Err 8 (9.5e-06)
135.929 .... 134 packets received, 2038 bps, 25.48%, Err 8 (9.4e-06)
140.049 .... 135 packets received, 1993 bps, 24.91%, Err 8 (9.4e-06)
144.214 .... 136 packets received, 1949 bps, 24.36%, Err 8 (9.4e-06)
148.282 .... 137 packets received, 1909 bps, 23.86%, Err 8 (9.3e-06)
152.373 .... 138 packets received, 1871 bps, 23.39%, Err 8 (9.3e-06)
156.459 .... 139 packets received, 1835 bps, 22.93%, Err 8 (9.3e-06)
160.516 .... 140 packets received, 1801 bps, 22.51%, Err 8 (9.2e-06)
164.557 .... 141 packets received, 1769 bps, 22.11%, Err 8 (9.2e-06)
168.675 .... 142 packets received, 1738 bps, 21.72%, Err 8 (9.1e-06)
172.872 .... 143 packets received, 1707 bps, 21.34%, Err 8 (9.1e-06)
176.929 .... 144 packets received, 1679 bps, 20.99%, Err 8 (9.1e-06)
180.987 .... 145 packets received, 1653 bps, 20.66%, Err 8 (9.0e-06)
185.106 .... 146 packets received, 1627 bps, 20.33%, Err 8 (9.0e-06)
190.464 .... 147 packets received, 1592 bps, 19.89%, Err 9 (1.0e-05)
193.319 .... 148 packets received, 1579 bps, 19.73%, Err 9 (1.0e-05)
197.447 .... 149 packets received, 1556 bps, 19.45%, Err 9 (1.0e-05)
200.539 .... 150 packets received, 1542 bps, 19.27%, Err 9 (9.9e-06)
202.713 .... 158 packets received, 1607 bps, 20.08%, Err 9 (9.7e-06)
204.901 .... 166 packets received, 1670 bps, 20.87%, Err 9 (9.5e-06)
207.111 .... 174 packets received, 1731 bps, 21.64%, Err 9 (9.3e-06)
209.260 .... 182 packets received, 1792 bps, 22.40%, Err 9 (9.2e-06)
211.413 .... 190 packets received, 1852 bps, 23.15%, Err 9 (9.0e-06)
214.646 .... 192 packets received, 1843 bps, 23.04%, Err 9 (8.8e-06)
216.831 .... 200 packets received, 1900 bps, 23.76%, Err 9 (8.6e-06)
219.009 .... 208 packets received, 1957 bps, 24.46%, Err 9 (8.5e-06)
221.203 .... 216 packets received, 2012 bps, 25.15%, Err 9 (8.4e-06)
223.389 .... 224 packets received, 2066 bps, 25.82%, Err 9 (8.2e-06)
225.571 .... 232 packets received, 2119 bps, 26.48%, Err 9 (8.1e-06)
227.742 .... 240 packets received, 2171 bps, 27.13%, Err 9 (8.0e-06)
231.292 .... 248 packets received, 2208 bps, 27.60%, Err 10 (8.6e-06)
233.980 .... 253 packets received, 2227 bps, 27.84%, Err 10 (8.5e-06)
236.139 .... 261 packets received, 2276 bps, 28.45%, Err 11 (9.2e-06)
238.317 .... 264 packets received, 2281 bps, 28.51%, Err 11 (9.1e-06)
240.462 .... 267 packets received, 2286 bps, 28.58%, Err 11 (8.9e-06)
242.615 .... 275 packets received, 2334 bps, 29.17%, Err 11 (8.8e-06)
244.794 .... 283 packets received, 2380 bps, 29.75%, Err 11 (8.7e-06)
246.971 .... 286 packets received, 2384 bps, 29.80%, Err 12 (9.4e-06)
249.669 .... 291 packets received, 2400 bps, 29.99%, Err 12 (9.2e-06)
251.805 .... 299 packets received, 2444 bps, 30.56%, Err 12 (9.1e-06)
253.992 .... 307 packets received, 2488 bps, 31.10%, Err 12 (9.0e-06)
256.180 .... 315 packets received, 2531 bps, 31.64%, Err 12 (8.9e-06)
258.359 .... 323 packets received, 2573 bps, 32.17%, Err 12 (8.7e-06)
260.532 .... 331 packets received, 2615 bps, 32.69%, Err 12 (8.6e-06)
262.734 .... 339 packets received, 2656 bps, 33.20%, Err 12 (8.5e-06)
264.930 .... 347 packets received, 2696 bps, 33.70%, Err 12 (8.4e-06)
267.096 .... 355 packets received, 2735 bps, 34.19%, Err 12 (8.3e-06)
269.280 .... 363 packets received, 2774 bps, 34.68%, Err 12 (8.2e-06)
271.414 .... 371 packets received, 2813 bps, 35.16%, Err 12 (8.1e-06)
274.655 .... 373 packets received, 2795 bps, 34.93%, Err 13 (8.6e-06)
276.810 .... 381 packets received, 2832 bps, 35.40%, Err 13 (8.5e-06)
280.847 .... 386 packets received, 2828 bps, 35.35%, Err 13 (8.4e-06)
285.147 .... 392 packets received, 2828 bps, 35.35%, Err 13 (8.2e-06)
287.326 .... 400 packets received, 2864 bps, 35.80%, Err 13 (8.1e-06)
289.511 .... 408 packets received, 2899 bps, 36.24%, Err 13 (8.0e-06)
291.690 .... 416 packets received, 2934 bps, 36.67%, Err 13 (7.9e-06)
293.882 .... 424 packets received, 2968 bps, 37.10%, Err 13 (7.8e-06)
297.422 .... 432 packets received, 2988 bps, 37.35%, Err 15 (8.9e-06)
300.123 .... 437 packets received, 2995 bps, 37.44%, Err 15 (8.8e-06)
304.434 .... 439 packets received, 2966 bps, 37.07%, Err 15 (8.8e-06)
308.508 .... 440 packets received, 2933 bps, 36.67%, Err 15 (8.8e-06)
312.598 .... 441 packets received, 2901 bps, 36.27%, Err 15 (8.7e-06)
316.743 .... 442 packets received, 2870 bps, 35.87%, Err 15 (8.7e-06)
320.962 .... 443 packets received, 2838 bps, 35.48%, Err 15 (8.7e-06)
325.007 .... 444 packets received, 2809 bps, 35.11%, Err 15 (8.7e-06)
329.083 .... 445 packets received, 2780 bps, 34.76%, Err 15 (8.6e-06)
333.257 .... 446 packets received, 2752 bps, 34.40%, Err 15 (8.6e-06)
337.364 .... 447 packets received, 2724 bps, 34.05%, Err 15 (8.6e-06)
341.479 .... 448 packets received, 2697 bps, 33.71%, Err 15 (8.6e-06)
345.547 .... 449 packets received, 2671 bps, 33.39%, Err 15 (8.6e-06)
349.659 .... 450 packets received, 2646 bps, 33.07%, Err 15 (8.5e-06)
353.760 .... 451 packets received, 2621 bps, 32.76%, Err 15 (8.5e-06)
357.896 .... 452 packets received, 2596 bps, 32.45%, Err 15 (8.5e-06)
361.995 .... 453 packets received, 2572 bps, 32.15%, Err 15 (8.5e-06)
366.082 .... 454 packets received, 2549 bps, 31.86%, Err 15 (8.5e-06)
370.147 .... 455 packets received, 2526 bps, 31.58%, Err 15 (8.5e-06)
374.201 .... 456 packets received, 2504 bps, 31.31%, Err 15 (8.5e-06)
378.298 .... 457 packets received, 2483 bps, 31.03%, Err 15 (8.4e-06)
382.498 .... 458 packets received, 2461 bps, 30.76%, Err 15 (8.4e-06)
386.631 .... 459 packets received, 2440 bps, 30.49%, Err 15 (8.4e-06)
390.771 .... 460 packets received, 2419 bps, 30.24%, Err 15 (8.4e-06)
394.963 .... 461 packets received, 2398 bps, 29.98%, Err 15 (8.4e-06)
399.093 .... 462 packets received, 2379 bps, 29.73%, Err 15 (8.4e-06)
402.722 .... 466 packets received, 2377 bps, 29.72%, Err 16 (8.8e-06)
405.407 .... 471 packets received, 2387 bps, 29.84%, Err 16 (8.7e-06)
407.542 .... 474 packets received, 2390 bps, 29.87%, Err 17 (9.2e-06)
410.232 .... 479 packets received, 2399 bps, 29.99%, Err 17 (9.1e-06)
412.378 .... 487 packets received, 2426 bps, 30.33%, Err 17 (9.0e-06)
414.569 .... 490 packets received, 2428 bps, 30.35%, Err 18 (9.4e-06)
416.981 .... 494 packets received, 2434 bps, 30.42%, Err 18 (9.3e-06)
419.114 .... 502 packets received, 2461 bps, 30.76%, Err 19 (9.8e-06)
421.289 .... 510 packets received, 2487 bps, 31.09%, Err 19 (9.7e-06)
425.031 .... 514 packets received, 2484 bps, 31.05%, Err 19 (9.5e-06)
427.229 .... 522 packets received, 2510 bps, 31.37%, Err 19 (9.5e-06)
429.398 .... 530 packets received, 2536 bps, 31.69%, Err 20 (9.9e-06)
431.518 .... 533 packets received, 2537 bps, 31.72%, Err 20 (9.8e-06)
433.693 .... 536 packets received, 2539 bps, 31.73%, Err 20 (9.7e-06)
435.877 .... 544 packets received, 2564 bps, 32.05%, Err 20 (9.6e-06)
438.021 .... 552 packets received, 2589 bps, 32.36%, Err 20 (9.5e-06)
441.532 .... 555 packets received, 2582 bps, 32.27%, Err 20 (9.4e-06)
443.681 .... 563 packets received, 2606 bps, 32.58%, Err 20 (9.3e-06)
447.200 .... 566 packets received, 2600 bps, 32.50%, Err 20 (9.2e-06)
449.363 .... 574 packets received, 2624 bps, 32.80%, Err 20 (9.1e-06)
451.564 .... 582 packets received, 2647 bps, 33.09%, Err 20 (9.1e-06)
453.732 .... 590 packets received, 2671 bps, 33.38%, Err 20 (9.0e-06)
457.203 .... 593 packets received, 2664 bps, 33.30%, Err 20 (8.9e-06)
459.407 .... 601 packets received, 2687 bps, 33.59%, Err 20 (8.8e-06)
461.574 .... 609 packets received, 2710 bps, 33.87%, Err 20 (8.8e-06)
463.742 .... 617 packets received, 2733 bps, 34.16%, Err 20 (8.7e-06)
465.931 .... 625 packets received, 2755 bps, 34.44%, Err 20 (8.6e-06)
468.101 .... 633 packets received, 2777 bps, 34.71%, Err 20 (8.6e-06)
470.279 .... 641 packets received, 2799 bps, 34.99%, Err 20 (8.5e-06)
472.461 .... 649 packets received, 2821 bps, 35.26%, Err 20 (8.4e-06)
474.657 .... 657 packets received, 2843 bps, 35.53%, Err 20 (8.4e-06)
476.825 .... 665 packets received, 2864 bps, 35.80%, Err 20 (8.3e-06)
478.992 .... 673 packets received, 2885 bps, 36.07%, Err 20 (8.3e-06)
481.453 .... 677 packets received, 2888 bps, 36.10%, Err 21 (8.6e-06)
484.671 .... 681 packets received, 2885 bps, 36.07%, Err 21 (8.5e-06)
486.808 .... 689 packets received, 2906 bps, 36.33%, Err 21 (8.4e-06)
488.979 .... 697 packets received, 2927 bps, 36.59%, Err 21 (8.4e-06)
491.170 .... 705 packets received, 2947 bps, 36.84%, Err 21 (8.3e-06)
493.350 .... 713 packets received, 2968 bps, 37.10%, Err 21 (8.3e-06)
495.511 .... 721 packets received, 2988 bps, 37.35%, Err 21 (8.2e-06)
499.000 .... 724 packets received, 2979 bps, 37.24%, Err 21 (8.1e-06)
504.504 .... 730 packets received, 2971 bps, 37.14%, Err 21 (8.1e-06)
508.553 .... 731 packets received, 2951 bps, 36.89%, Err 21 (8.1e-06)
512.689 .... 732 packets received, 2932 bps, 36.64%, Err 21 (8.1e-06)
516.773 .... 733 packets received, 2912 bps, 36.40%, Err 21 (8.1e-06)
520.869 .... 734 packets received, 2893 bps, 36.17%, Err 21 (8.1e-06)
524.942 .... 735 packets received, 2875 bps, 35.93%, Err 21 (8.0e-06)
529.005 .... 736 packets received, 2856 bps, 35.71%, Err 21 (8.0e-06)
533.063 .... 737 packets received, 2838 bps, 35.48%, Err 21 (8.0e-06)
537.184 .... 738 packets received, 2820 bps, 35.26%, Err 21 (8.0e-06)
541.417 .... 739 packets received, 2802 bps, 35.03%, Err 21 (8.0e-06)
545.445 .... 740 packets received, 2785 bps, 34.81%, Err 21 (8.0e-06)
549.529 .... 741 packets received, 2768 bps, 34.60%, Err 21 (8.0e-06)
553.680 .... 742 packets received, 2751 bps, 34.39%, Err 21 (8.0e-06)
557.775 .... 743 packets received, 2734 bps, 34.18%, Err 21 (8.0e-06)
561.859 .... 744 packets received, 2718 bps, 33.98%, Err 21 (7.9e-06)
565.992 .... 745 packets received, 2702 bps, 33.77%, Err 21 (7.9e-06)
570.118 .... 746 packets received, 2686 bps, 33.57%, Err 21 (7.9e-06)
574.119 .... 747 packets received, 2671 bps, 33.38%, Err 21 (7.9e-06)
578.247 .... 748 packets received, 2655 bps, 33.19%, Err 21 (7.9e-06)
582.335 .... 749 packets received, 2640 bps, 33.00%, Err 21 (7.9e-06)
586.463 .... 750 packets received, 2625 bps, 32.81%, Err 21 (7.9e-06)
590.649 .... 751 packets received, 2610 bps, 32.62%, Err 21 (7.9e-06)
594.711 .... 752 packets received, 2595 bps, 32.44%, Err 21 (7.9e-06)
598.819 .... 753 packets received, 2581 bps, 32.26%, Err 21 (7.9e-06)
601.335 .... 755 packets received, 2577 bps, 32.21%, Err 21 (7.8e-06)
603.512 .... 760 packets received, 2585 bps, 32.31%, Err 22 (8.1e-06)
605.652 .... 763 packets received, 2586 bps, 32.32%, Err 22 (8.1e-06)
607.819 .... 766 packets received, 2587 bps, 32.33%, Err 23 (8.4e-06)
610.499 .... 771 packets received, 2592 bps, 32.40%, Err 23 (8.3e-06)
613.176 .... 776 packets received, 2597 bps, 32.47%, Err 23 (8.3e-06)
615.865 .... 781 packets received, 2603 bps, 32.53%, Err 24 (8.6e-06)
617.999 .... 784 packets received, 2604 bps, 32.55%, Err 24 (8.5e-06)
620.163 .... 788 packets received, 2608 bps, 32.60%, Err 24 (8.5e-06)
622.320 .... 796 packets received, 2625 bps, 32.81%, Err 24 (8.4e-06)
625.605 .... 803 packets received, 2634 bps, 32.93%, Err 25 (8.7e-06)
628.297 .... 808 packets received, 2639 bps, 32.99%, Err 26 (9.0e-06)
630.427 .... 816 packets received, 2656 bps, 33.20%, Err 26 (8.9e-06)
634.435 .... 821 packets received, 2656 bps, 33.20%, Err 27 (9.2e-06)
636.638 .... 829 packets received, 2672 bps, 33.40%, Err 28 (9.4e-06)
638.807 .... 837 packets received, 2689 bps, 33.61%, Err 28 (9.4e-06)
640.991 .... 845 packets received, 2705 bps, 33.82%, Err 28 (9.3e-06)
644.987 .... 850 packets received, 2704 bps, 33.81%, Err 28 (9.2e-06)
647.686 .... 855 packets received, 2709 bps, 33.86%, Err 28 (9.2e-06)
651.718 .... 860 packets received, 2708 bps, 33.85%, Err 28 (9.1e-06)
655.726 .... 865 packets received, 2707 bps, 33.84%, Err 29 (9.3e-06)
659.746 .... 870 packets received, 2706 bps, 33.83%, Err 29 (9.2e-06)
663.754 .... 875 packets received, 2705 bps, 33.81%, Err 29 (9.1e-06)
667.775 .... 880 packets received, 2704 bps, 33.80%, Err 29 (9.0e-06)
671.774 .... 885 packets received, 2703 bps, 33.79%, Err 29 (8.9e-06)
675.798 .... 890 packets received, 2702 bps, 33.78%, Err 31 (9.5e-06)
679.829 .... 895 packets received, 2701 bps, 33.77%, Err 31 (9.4e-06)
683.817 .... 900 packets received, 2701 bps, 33.76%, Err 32 (9.6e-06)
687.838 .... 905 packets received, 2700 bps, 33.75%, Err 34 (1.0e-05)
691.864 .... 910 packets received, 2699 bps, 33.73%, Err 34 (1.0e-05)
695.873 .... 915 packets received, 2698 bps, 33.72%, Err 35 (1.0e-05)
699.890 .... 920 packets received, 2697 bps, 33.71%, Err 35 (1.0e-05)
700.017 Quit.
