000.000 =============================================================
000.000                     Station B                               
000.000 -------------------------------------------------------------
000.000 Protocol.lib, version 4.0, jiangyanjun0718@bupt.edu.cn
000.000 Channel: 8000 bps, 270 ms propagation delay, bit error rate 1.0E-05
000.000 Log file "B.log", TCP port 30011, debug mask 0x00
000.000 Station B is connecting station A (TCP port 30011) ... Done.
000.482 New epoch: Tue Apr 16 20:06:40 2019
000.482 =================================================================
000.482 
000.482 Designed by CJSoft, build: Apr 16 2019  14:04:43
003.671 .... 6 packets received, 4218 bps, 52.73%, Err 0 (0.0e+00)
007.749 .... 11 packets received, 3222 bps, 40.28%, Err 1 (1.7e-05)
011.763 .... 16 packets received, 2978 bps, 37.22%, Err 1 (1.1e-05)
015.778 .... 21 packets received, 2863 bps, 35.79%, Err 1 (8.2e-06)
019.783 .... 26 packets received, 2799 bps, 34.99%, Err 1 (6.5e-06)
023.784 .... 31 packets received, 2757 bps, 34.47%, Err 1 (5.4e-06)
027.812 .... 36 packets received, 2725 bps, 34.07%, Err 3 (1.4e-05)
031.836 .... 41 packets received, 2702 bps, 33.77%, Err 3 (1.2e-05)
035.863 .... 46 packets received, 2684 bps, 33.55%, Err 4 (1.4e-05)
039.849 .... 51 packets received, 2672 bps, 33.40%, Err 5 (1.6e-05)
041.964 .... 54 packets received, 2684 bps, 33.55%, Err 6 (1.8e-05)
044.134 .... 57 packets received, 2691 bps, 33.64%, Err 6 (1.7e-05)
047.898 .... 61 packets received, 2650 bps, 33.13%, Err 6 (1.6e-05)
051.900 .... 66 packets received, 2643 bps, 33.04%, Err 6 (1.5e-05)
055.914 .... 71 packets received, 2636 bps, 32.95%, Err 6 (1.4e-05)
059.928 .... 76 packets received, 2631 bps, 32.88%, Err 6 (1.3e-05)
063.950 .... 81 packets received, 2625 bps, 32.81%, Err 7 (1.4e-05)
067.948 .... 86 packets received, 2621 bps, 32.77%, Err 7 (1.3e-05)
071.980 .... 91 packets received, 2617 bps, 32.71%, Err 8 (1.4e-05)
075.992 .... 96 packets received, 2613 bps, 32.67%, Err 8 (1.3e-05)
079.989 .... 101 packets received, 2611 bps, 32.63%, Err 8 (1.3e-05)
084.024 .... 106 packets received, 2607 bps, 32.59%, Err 8 (1.2e-05)
088.031 .... 111 packets received, 2605 bps, 32.56%, Err 8 (1.1e-05)
092.041 .... 116 packets received, 2603 bps, 32.53%, Err 8 (1.1e-05)
096.078 .... 121 packets received, 2600 bps, 32.50%, Err 8 (1.0e-05)
100.081 .... 126 packets received, 2598 bps, 32.48%, Err 8 (1.0e-05)
104.059 .... 131 packets received, 2597 bps, 32.46%, Err 8 (9.7e-06)
106.989 .... 137 packets received, 2641 bps, 33.01%, Err 9 (1.1e-05)
109.650 .... 142 packets received, 2671 bps, 33.38%, Err 9 (1.0e-05)
111.749 .... 150 packets received, 2768 bps, 34.60%, Err 9 (1.0e-05)
113.877 .... 158 packets received, 2861 bps, 35.76%, Err 9 (9.9e-06)
116.020 .... 166 packets received, 2950 bps, 36.87%, Err 10 (1.1e-05)
118.134 .... 174 packets received, 3036 bps, 37.95%, Err 10 (1.1e-05)
120.258 .... 177 packets received, 3033 bps, 37.92%, Err 11 (1.1e-05)
122.374 .... 180 packets received, 3031 bps, 37.89%, Err 12 (1.2e-05)
124.521 .... 188 packets received, 3111 bps, 38.89%, Err 12 (1.2e-05)
127.163 .... 193 packets received, 3127 bps, 39.09%, Err 13 (1.3e-05)
129.809 .... 198 packets received, 3142 bps, 39.28%, Err 13 (1.3e-05)
131.933 .... 206 packets received, 3216 bps, 40.20%, Err 13 (1.2e-05)
134.078 .... 214 packets received, 3287 bps, 41.09%, Err 13 (1.2e-05)
136.198 .... 222 packets received, 3357 bps, 41.96%, Err 13 (1.2e-05)
138.323 .... 230 packets received, 3424 bps, 42.80%, Err 13 (1.2e-05)
140.981 .... 235 packets received, 3432 bps, 42.90%, Err 14 (1.2e-05)
143.099 .... 238 packets received, 3424 bps, 42.80%, Err 15 (1.3e-05)
145.229 .... 246 packets received, 3487 bps, 43.59%, Err 15 (1.3e-05)
147.352 .... 254 packets received, 3549 bps, 44.36%, Err 15 (1.3e-05)
149.472 .... 262 packets received, 3608 bps, 45.10%, Err 15 (1.3e-05)
151.599 .... 270 packets received, 3666 bps, 45.82%, Err 15 (1.2e-05)
153.729 .... 278 packets received, 3722 bps, 46.52%, Err 15 (1.2e-05)
155.850 .... 286 packets received, 3777 bps, 47.21%, Err 15 (1.2e-05)
157.975 .... 294 packets received, 3830 bps, 47.87%, Err 15 (1.2e-05)
160.091 .... 302 packets received, 3882 bps, 48.52%, Err 15 (1.2e-05)
162.220 .... 310 packets received, 3932 bps, 49.15%, Err 15 (1.2e-05)
165.665 .... 313 packets received, 3887 bps, 48.59%, Err 17 (1.3e-05)
167.789 .... 321 packets received, 3936 bps, 49.20%, Err 17 (1.3e-05)
169.908 .... 329 packets received, 3983 bps, 49.79%, Err 17 (1.3e-05)
172.037 .... 337 packets received, 4030 bps, 50.37%, Err 17 (1.2e-05)
174.162 .... 345 packets received, 4075 bps, 50.93%, Err 17 (1.2e-05)
176.285 .... 353 packets received, 4119 bps, 51.48%, Err 17 (1.2e-05)
178.421 .... 356 packets received, 4104 bps, 51.30%, Err 18 (1.3e-05)
181.066 .... 361 packets received, 4100 bps, 51.25%, Err 18 (1.2e-05)
183.185 .... 369 packets received, 4143 bps, 51.78%, Err 18 (1.2e-05)
185.293 .... 377 packets received, 4184 bps, 52.30%, Err 18 (1.2e-05)
187.446 .... 385 packets received, 4224 bps, 52.79%, Err 18 (1.2e-05)
189.568 .... 393 packets received, 4263 bps, 53.29%, Err 18 (1.2e-05)
191.690 .... 401 packets received, 4301 bps, 53.77%, Err 18 (1.2e-05)
193.807 .... 409 packets received, 4339 bps, 54.24%, Err 18 (1.2e-05)
196.738 .... 415 packets received, 4337 bps, 54.21%, Err 19 (1.2e-05)
199.379 .... 420 packets received, 4331 bps, 54.13%, Err 19 (1.2e-05)
201.519 .... 428 packets received, 4366 bps, 54.58%, Err 19 (1.2e-05)
203.705 .... 436 packets received, 4400 bps, 55.00%, Err 19 (1.2e-05)
205.878 .... 444 packets received, 4433 bps, 55.41%, Err 19 (1.2e-05)
208.069 .... 452 packets received, 4465 bps, 55.82%, Err 19 (1.1e-05)
211.068 .... 458 packets received, 4460 bps, 55.75%, Err 20 (1.2e-05)
213.757 .... 463 packets received, 4452 bps, 55.65%, Err 20 (1.2e-05)
215.898 .... 471 packets received, 4484 bps, 56.05%, Err 20 (1.2e-05)
218.090 .... 479 packets received, 4514 bps, 56.42%, Err 20 (1.1e-05)
220.272 .... 487 packets received, 4544 bps, 56.79%, Err 20 (1.1e-05)
222.463 .... 495 packets received, 4573 bps, 57.16%, Err 20 (1.1e-05)
224.630 .... 503 packets received, 4601 bps, 57.52%, Err 20 (1.1e-05)
226.829 .... 511 packets received, 4629 bps, 57.87%, Err 20 (1.1e-05)
229.011 .... 519 packets received, 4657 bps, 58.21%, Err 20 (1.1e-05)
231.176 .... 527 packets received, 4684 bps, 58.55%, Err 20 (1.1e-05)
234.936 .... 531 packets received, 4644 bps, 58.05%, Err 20 (1.1e-05)
237.122 .... 539 packets received, 4670 bps, 58.38%, Err 20 (1.1e-05)
241.421 .... 545 packets received, 4638 bps, 57.97%, Err 20 (1.0e-05)
243.596 .... 553 packets received, 4664 bps, 58.30%, Err 20 (1.0e-05)
245.767 .... 561 packets received, 4689 bps, 58.62%, Err 20 (1.0e-05)
250.607 .... 569 packets received, 4664 bps, 58.30%, Err 20 (1.0e-05)
252.787 .... 577 packets received, 4689 bps, 58.61%, Err 20 (9.9e-06)
254.976 .... 585 packets received, 4713 bps, 58.91%, Err 20 (9.8e-06)
257.166 .... 593 packets received, 4736 bps, 59.21%, Err 20 (9.7e-06)
259.347 .... 601 packets received, 4760 bps, 59.50%, Err 20 (9.7e-06)
261.537 .... 609 packets received, 4783 bps, 59.78%, Err 20 (9.6e-06)
263.714 .... 617 packets received, 4805 bps, 60.07%, Err 20 (9.5e-06)
265.889 .... 625 packets received, 4828 bps, 60.35%, Err 20 (9.4e-06)
268.084 .... 633 packets received, 4849 bps, 60.62%, Err 20 (9.3e-06)
271.099 .... 639 packets received, 4841 bps, 60.51%, Err 21 (9.7e-06)
273.769 .... 644 packets received, 4831 bps, 60.39%, Err 21 (9.6e-06)
277.278 .... 652 packets received, 4829 bps, 60.36%, Err 22 (9.9e-06)
279.982 .... 657 packets received, 4819 bps, 60.24%, Err 23 (1.0e-05)
282.103 .... 660 packets received, 4804 bps, 60.05%, Err 23 (1.0e-05)
284.255 .... 663 packets received, 4790 bps, 59.87%, Err 23 (1.0e-05)
286.407 .... 671 packets received, 4811 bps, 60.14%, Err 23 (1.0e-05)
288.574 .... 679 packets received, 4832 bps, 60.39%, Err 23 (1.0e-05)
290.760 .... 687 packets received, 4852 bps, 60.65%, Err 23 (9.9e-06)
292.956 .... 695 packets received, 4871 bps, 60.89%, Err 23 (9.8e-06)
295.130 .... 703 packets received, 4891 bps, 61.14%, Err 23 (9.8e-06)
297.283 .... 711 packets received, 4911 bps, 61.38%, Err 23 (9.7e-06)
301.063 .... 715 packets received, 4876 bps, 60.95%, Err 23 (9.6e-06)
303.177 .... 723 packets received, 4896 bps, 61.20%, Err 23 (9.5e-06)
305.317 .... 731 packets received, 4916 bps, 61.44%, Err 23 (9.4e-06)
307.435 .... 739 packets received, 4935 bps, 61.69%, Err 23 (9.4e-06)
310.089 .... 744 packets received, 4926 bps, 61.57%, Err 24 (9.7e-06)
312.740 .... 749 packets received, 4917 bps, 61.46%, Err 24 (9.6e-06)
316.184 .... 757 packets received, 4915 bps, 61.44%, Err 25 (9.9e-06)
318.852 .... 762 packets received, 4906 bps, 61.33%, Err 25 (9.8e-06)
320.978 .... 770 packets received, 4925 bps, 61.56%, Err 25 (9.8e-06)
324.420 .... 778 packets received, 4923 bps, 61.54%, Err 26 (1.0e-05)
327.085 .... 783 packets received, 4914 bps, 61.43%, Err 26 (1.0e-05)
329.199 .... 791 packets received, 4932 bps, 61.65%, Err 26 (9.9e-06)
331.339 .... 799 packets received, 4950 bps, 61.87%, Err 26 (9.8e-06)
333.446 .... 807 packets received, 4968 bps, 62.10%, Err 27 (1.0e-05)
335.575 .... 810 packets received, 4955 bps, 61.93%, Err 27 (1.0e-05)
337.707 .... 813 packets received, 4941 bps, 61.77%, Err 27 (1.0e-05)
339.832 .... 821 packets received, 4959 bps, 61.99%, Err 27 (9.9e-06)
341.947 .... 829 packets received, 4976 bps, 62.20%, Err 27 (9.9e-06)
344.085 .... 837 packets received, 4993 bps, 62.41%, Err 27 (9.8e-06)
346.199 .... 845 packets received, 5010 bps, 62.62%, Err 27 (9.8e-06)
348.321 .... 853 packets received, 5026 bps, 62.83%, Err 27 (9.7e-06)
350.711 .... 857 packets received, 5015 bps, 62.69%, Err 28 (1.0e-05)
353.365 .... 862 packets received, 5007 bps, 62.58%, Err 28 (9.9e-06)
355.487 .... 870 packets received, 5023 bps, 62.79%, Err 28 (9.9e-06)
357.616 .... 878 packets received, 5039 bps, 62.99%, Err 28 (9.8e-06)
359.735 .... 886 packets received, 5055 bps, 63.18%, Err 28 (9.7e-06)
361.869 .... 894 packets received, 5070 bps, 63.38%, Err 28 (9.7e-06)
363.991 .... 902 packets received, 5086 bps, 63.57%, Err 28 (9.6e-06)
366.113 .... 910 packets received, 5101 bps, 63.76%, Err 28 (9.6e-06)
368.237 .... 918 packets received, 5116 bps, 63.95%, Err 28 (9.5e-06)
370.353 .... 926 packets received, 5131 bps, 64.14%, Err 28 (9.5e-06)
372.480 .... 934 packets received, 5146 bps, 64.32%, Err 28 (9.4e-06)
374.597 .... 942 packets received, 5161 bps, 64.51%, Err 28 (9.4e-06)
376.730 .... 950 packets received, 5175 bps, 64.69%, Err 28 (9.3e-06)
378.864 .... 958 packets received, 5189 bps, 64.86%, Err 28 (9.3e-06)
380.978 .... 966 packets received, 5203 bps, 65.04%, Err 28 (9.2e-06)
383.113 .... 974 packets received, 5217 bps, 65.21%, Err 28 (9.1e-06)
385.219 .... 982 packets received, 5231 bps, 65.39%, Err 28 (9.1e-06)
387.365 .... 990 packets received, 5244 bps, 65.55%, Err 28 (9.0e-06)
389.473 .... 998 packets received, 5258 bps, 65.73%, Err 28 (9.0e-06)
391.589 .... 1006 packets received, 5272 bps, 65.89%, Err 28 (8.9e-06)
393.705 .... 1014 packets received, 5285 bps, 66.06%, Err 28 (8.9e-06)
395.832 .... 1022 packets received, 5298 bps, 66.22%, Err 29 (9.2e-06)
397.946 .... 1030 packets received, 5311 bps, 66.39%, Err 29 (9.1e-06)
400.098 .... 1038 packets received, 5323 bps, 66.54%, Err 29 (9.1e-06)
402.219 .... 1046 packets received, 5336 bps, 66.70%, Err 29 (9.0e-06)
406.263 .... 1051 packets received, 5308 bps, 66.35%, Err 29 (8.9e-06)
408.666 .... 1055 packets received, 5297 bps, 66.21%, Err 30 (9.2e-06)
411.101 .... 1059 packets received, 5285 bps, 66.07%, Err 30 (9.1e-06)
413.270 .... 1067 packets received, 5297 bps, 66.22%, Err 30 (9.1e-06)
417.830 .... 1074 packets received, 5274 bps, 65.92%, Err 30 (9.0e-06)
421.369 .... 1082 packets received, 5268 bps, 65.85%, Err 33 (9.8e-06)
424.068 .... 1087 packets received, 5259 bps, 65.74%, Err 33 (9.7e-06)
426.210 .... 1095 packets received, 5271 bps, 65.89%, Err 33 (9.7e-06)
429.463 .... 1102 packets received, 5264 bps, 65.81%, Err 34 (9.9e-06)
432.152 .... 1107 packets received, 5255 bps, 65.69%, Err 34 (9.8e-06)
434.321 .... 1115 packets received, 5267 bps, 65.84%, Err 34 (9.8e-06)
437.846 .... 1123 packets received, 5262 bps, 65.77%, Err 35 (1.0e-05)
440.528 .... 1128 packets received, 5253 bps, 65.66%, Err 35 (9.9e-06)
443.507 .... 1134 packets received, 5245 bps, 65.57%, Err 36 (1.0e-05)
446.196 .... 1139 packets received, 5237 bps, 65.46%, Err 36 (1.0e-05)
448.317 .... 1147 packets received, 5249 bps, 65.61%, Err 36 (1.0e-05)
450.500 .... 1155 packets received, 5260 bps, 65.74%, Err 36 (1.0e-05)
453.764 .... 1162 packets received, 5253 bps, 65.67%, Err 37 (1.0e-05)
456.481 .... 1167 packets received, 5244 bps, 65.56%, Err 37 (1.0e-05)
458.603 .... 1175 packets received, 5256 bps, 65.70%, Err 37 (1.0e-05)
460.747 .... 1183 packets received, 5267 bps, 65.84%, Err 37 (1.0e-05)
462.927 .... 1191 packets received, 5278 bps, 65.97%, Err 37 (1.0e-05)
465.098 .... 1199 packets received, 5288 bps, 66.10%, Err 37 (1.0e-05)
467.290 .... 1207 packets received, 5299 bps, 66.23%, Err 37 (9.9e-06)
469.458 .... 1215 packets received, 5309 bps, 66.36%, Err 37 (9.9e-06)
471.655 .... 1223 packets received, 5319 bps, 66.49%, Err 37 (9.8e-06)
473.840 .... 1231 packets received, 5329 bps, 66.61%, Err 37 (9.8e-06)
476.006 .... 1239 packets received, 5339 bps, 66.74%, Err 37 (9.7e-06)
478.176 .... 1247 packets received, 5349 bps, 66.87%, Err 37 (9.7e-06)
481.706 .... 1255 packets received, 5344 bps, 66.80%, Err 38 (9.9e-06)
484.366 .... 1260 packets received, 5336 bps, 66.70%, Err 38 (9.8e-06)
486.520 .... 1268 packets received, 5346 bps, 66.82%, Err 38 (9.8e-06)
488.700 .... 1276 packets received, 5356 bps, 66.95%, Err 38 (9.7e-06)
490.896 .... 1284 packets received, 5365 bps, 67.06%, Err 38 (9.7e-06)
493.081 .... 1292 packets received, 5375 bps, 67.18%, Err 38 (9.6e-06)
495.540 .... 1296 packets received, 5364 bps, 67.05%, Err 39 (9.8e-06)
498.227 .... 1301 packets received, 5356 bps, 66.95%, Err 39 (9.8e-06)
500.375 .... 1309 packets received, 5366 bps, 67.07%, Err 39 (9.8e-06)
502.508 .... 1317 packets received, 5376 bps, 67.20%, Err 39 (9.7e-06)
504.617 .... 1325 packets received, 5386 bps, 67.32%, Err 39 (9.7e-06)
506.736 .... 1333 packets received, 5395 bps, 67.44%, Err 39 (9.6e-06)
508.886 .... 1341 packets received, 5405 bps, 67.56%, Err 39 (9.6e-06)
511.000 .... 1349 packets received, 5415 bps, 67.68%, Err 39 (9.5e-06)
513.121 .... 1357 packets received, 5424 bps, 67.80%, Err 39 (9.5e-06)
515.247 .... 1365 packets received, 5434 bps, 67.92%, Err 39 (9.5e-06)
517.380 .... 1373 packets received, 5443 bps, 68.04%, Err 39 (9.4e-06)
519.493 .... 1381 packets received, 5452 bps, 68.15%, Err 39 (9.4e-06)
521.607 .... 1389 packets received, 5462 bps, 68.27%, Err 39 (9.4e-06)
523.740 .... 1397 packets received, 5471 bps, 68.38%, Err 39 (9.3e-06)
525.860 .... 1405 packets received, 5480 bps, 68.50%, Err 39 (9.3e-06)
527.998 .... 1413 packets received, 5489 bps, 68.61%, Err 39 (9.2e-06)
530.117 .... 1421 packets received, 5498 bps, 68.72%, Err 40 (9.4e-06)
532.238 .... 1424 packets received, 5487 bps, 68.59%, Err 40 (9.4e-06)
534.363 .... 1427 packets received, 5477 bps, 68.46%, Err 42 (9.8e-06)
536.488 .... 1435 packets received, 5486 bps, 68.57%, Err 42 (9.8e-06)
538.606 .... 1443 packets received, 5495 bps, 68.68%, Err 42 (9.8e-06)
540.725 .... 1451 packets received, 5503 bps, 68.79%, Err 42 (9.7e-06)
543.120 .... 1455 packets received, 5494 bps, 68.68%, Err 43 (9.9e-06)
545.786 .... 1460 packets received, 5486 bps, 68.58%, Err 43 (9.9e-06)
547.913 .... 1468 packets received, 5495 bps, 68.68%, Err 43 (9.8e-06)
550.026 .... 1471 packets received, 5485 bps, 68.56%, Err 45 (1.0e-05)
552.164 .... 1474 packets received, 5475 bps, 68.43%, Err 45 (1.0e-05)
554.288 .... 1482 packets received, 5483 bps, 68.54%, Err 45 (1.0e-05)
556.405 .... 1490 packets received, 5492 bps, 68.65%, Err 45 (1.0e-05)
558.787 .... 1494 packets received, 5483 bps, 68.54%, Err 46 (1.0e-05)
561.438 .... 1499 packets received, 5475 bps, 68.44%, Err 46 (1.0e-05)
563.582 .... 1507 packets received, 5484 bps, 68.55%, Err 46 (1.0e-05)
565.705 .... 1515 packets received, 5492 bps, 68.65%, Err 46 (1.0e-05)
567.813 .... 1523 packets received, 5501 bps, 68.76%, Err 47 (1.0e-05)
569.932 .... 1531 packets received, 5509 bps, 68.86%, Err 47 (1.0e-05)
572.075 .... 1539 packets received, 5517 bps, 68.96%, Err 47 (1.0e-05)
574.721 .... 1544 packets received, 5509 bps, 68.87%, Err 48 (1.0e-05)
577.378 .... 1549 packets received, 5502 bps, 68.77%, Err 48 (1.0e-05)
579.498 .... 1557 packets received, 5510 bps, 68.87%, Err 48 (1.0e-05)
581.626 .... 1565 packets received, 5518 bps, 68.97%, Err 48 (1.0e-05)
583.761 .... 1573 packets received, 5526 bps, 69.07%, Err 48 (1.0e-05)
585.879 .... 1581 packets received, 5534 bps, 69.17%, Err 48 (1.0e-05)
588.013 .... 1589 packets received, 5541 bps, 69.27%, Err 48 (1.0e-05)
590.126 .... 1597 packets received, 5549 bps, 69.37%, Err 48 (1.0e-05)
592.260 .... 1605 packets received, 5557 bps, 69.46%, Err 48 (1.0e-05)
594.379 .... 1613 packets received, 5565 bps, 69.56%, Err 48 (1.0e-05)
596.499 .... 1621 packets received, 5573 bps, 69.66%, Err 48 (1.0e-05)
598.626 .... 1624 packets received, 5563 bps, 69.54%, Err 49 (1.0e-05)
601.285 .... 1629 packets received, 5555 bps, 69.44%, Err 49 (1.0e-05)
603.974 .... 1634 packets received, 5548 bps, 69.35%, Err 50 (1.0e-05)
606.650 .... 1639 packets received, 5540 bps, 69.25%, Err 50 (1.0e-05)
609.365 .... 1644 packets received, 5532 bps, 69.15%, Err 50 (1.0e-05)
612.053 .... 1649 packets received, 5525 bps, 69.06%, Err 50 (1.0e-05)
614.724 .... 1654 packets received, 5517 bps, 68.97%, Err 50 (1.0e-05)
617.398 .... 1659 packets received, 5510 bps, 68.87%, Err 50 (1.0e-05)
620.071 .... 1664 packets received, 5503 bps, 68.78%, Err 50 (1.0e-05)
622.272 .... 1672 packets received, 5510 bps, 68.87%, Err 50 (1.0e-05)
624.445 .... 1680 packets received, 5517 bps, 68.96%, Err 50 (1.0e-05)
629.275 .... 1688 packets received, 5500 bps, 68.75%, Err 52 (1.0e-05)
631.444 .... 1691 packets received, 5491 bps, 68.64%, Err 52 (1.0e-05)
633.598 .... 1694 packets received, 5482 bps, 68.53%, Err 52 (1.0e-05)
635.755 .... 1702 packets received, 5489 bps, 68.62%, Err 52 (1.0e-05)
637.940 .... 1710 packets received, 5496 bps, 68.70%, Err 52 (1.0e-05)
641.488 .... 1718 packets received, 5491 bps, 68.64%, Err 54 (1.1e-05)
645.232 .... 1721 packets received, 5469 bps, 68.36%, Err 56 (1.1e-05)
647.402 .... 1729 packets received, 5476 bps, 68.45%, Err 56 (1.1e-05)
649.543 .... 1730 packets received, 5461 bps, 68.26%, Err 56 (1.1e-05)
653.573 .... 1735 packets received, 5443 bps, 68.04%, Err 56 (1.1e-05)
655.962 .... 1739 packets received, 5436 bps, 67.95%, Err 57 (1.1e-05)
658.121 .... 1742 packets received, 5427 bps, 67.84%, Err 57 (1.1e-05)
661.586 .... 1745 packets received, 5408 bps, 67.60%, Err 57 (1.1e-05)
665.618 .... 1750 packets received, 5391 bps, 67.38%, Err 57 (1.1e-05)
669.616 .... 1755 packets received, 5374 bps, 67.17%, Err 58 (1.1e-05)
671.740 .... 1758 packets received, 5366 bps, 67.07%, Err 59 (1.1e-05)
673.913 .... 1761 packets received, 5358 bps, 66.97%, Err 59 (1.1e-05)
677.643 .... 1765 packets received, 5340 bps, 66.75%, Err 59 (1.1e-05)
681.683 .... 1770 packets received, 5324 bps, 66.54%, Err 59 (1.1e-05)
685.700 .... 1775 packets received, 5307 bps, 66.34%, Err 59 (1.1e-05)
689.707 .... 1780 packets received, 5291 bps, 66.14%, Err 59 (1.1e-05)
693.700 .... 1785 packets received, 5276 bps, 65.94%, Err 59 (1.1e-05)
697.724 .... 1790 packets received, 5260 bps, 65.75%, Err 60 (1.1e-05)
700.021 Quit.
