000.000 =============================================================
000.000                     Station A                               
000.000 -------------------------------------------------------------
000.000 Protocol.lib, version 4.0, jiangyanjun0718@bupt.edu.cn
000.000 Channel: 8000 bps, 270 ms propagation delay, bit error rate 1.0E-05
000.000 Log file "fA.log", TCP port 30014, debug mask 0x00
000.000 Station A is waiting for station B on TCP port 30014 ... Done.
000.558 New epoch: Tue Apr 16 20:06:40 2019
000.558 =================================================================
000.558 
000.558 Designed by CJSoft, build: Apr 16 2019  14:04:43
002.980 .... 3 packets received, 2864 bps, 35.80%, Err 1 (5.2e-05)
005.162 .... 6 packets received, 2840 bps, 35.50%, Err 1 (2.7e-05)
007.276 .... 14 packets received, 4451 bps, 55.64%, Err 2 (3.7e-05)
009.471 .... 22 packets received, 5217 bps, 65.22%, Err 2 (2.8e-05)
011.638 .... 30 packets received, 5687 bps, 71.09%, Err 2 (2.3e-05)
013.797 .... 38 packets received, 6004 bps, 75.05%, Err 2 (1.9e-05)
015.997 .... 46 packets received, 6213 bps, 77.67%, Err 2 (1.6e-05)
018.171 .... 54 packets received, 6379 bps, 79.74%, Err 2 (1.4e-05)
020.349 .... 62 packets received, 6507 bps, 81.34%, Err 2 (1.3e-05)
022.502 .... 70 packets received, 6617 bps, 82.71%, Err 2 (1.1e-05)
024.667 .... 78 packets received, 6703 bps, 83.79%, Err 2 (1.0e-05)
026.854 .... 86 packets received, 6769 bps, 84.62%, Err 2 (9.5e-06)
030.865 .... 91 packets received, 6206 bps, 77.58%, Err 2 (8.3e-06)
033.056 .... 99 packets received, 6293 bps, 78.66%, Err 2 (7.7e-06)
036.045 .... 105 packets received, 6107 bps, 76.34%, Err 3 (1.1e-05)
038.705 .... 110 packets received, 5949 bps, 74.36%, Err 3 (9.8e-06)
041.695 .... 116 packets received, 5814 bps, 72.68%, Err 4 (1.2e-05)
044.382 .... 121 packets received, 5691 bps, 71.13%, Err 4 (1.1e-05)
048.399 .... 126 packets received, 5425 bps, 67.82%, Err 4 (1.0e-05)
052.418 .... 131 packets received, 5201 bps, 65.01%, Err 4 (9.6e-06)
056.424 .... 136 packets received, 5010 bps, 62.63%, Err 4 (9.0e-06)
060.450 .... 141 packets received, 4844 bps, 60.55%, Err 4 (8.4e-06)
064.456 .... 146 packets received, 4700 bps, 58.75%, Err 4 (7.8e-06)
068.475 .... 151 packets received, 4572 bps, 57.15%, Err 4 (7.4e-06)
071.164 .... 156 packets received, 4543 bps, 56.78%, Err 4 (7.1e-06)
073.839 .... 161 packets received, 4517 bps, 56.46%, Err 4 (6.8e-06)
076.530 .... 166 packets received, 4491 bps, 56.14%, Err 5 (8.2e-06)
079.233 .... 171 packets received, 4467 bps, 55.84%, Err 6 (9.5e-06)
081.904 .... 176 packets received, 4446 bps, 55.58%, Err 6 (9.2e-06)
084.592 .... 181 packets received, 4426 bps, 55.32%, Err 6 (8.9e-06)
087.288 .... 186 packets received, 4406 bps, 55.08%, Err 6 (8.7e-06)
089.978 .... 191 packets received, 4388 bps, 54.85%, Err 6 (8.4e-06)
092.673 .... 196 packets received, 4371 bps, 54.64%, Err 6 (8.1e-06)
095.349 .... 201 packets received, 4355 bps, 54.44%, Err 7 (9.2e-06)
097.475 .... 204 packets received, 4323 bps, 54.04%, Err 8 (1.0e-05)
100.710 .... 210 packets received, 4306 bps, 53.83%, Err 8 (1.0e-05)
103.404 .... 215 packets received, 4293 bps, 53.66%, Err 8 (9.7e-06)
106.100 .... 220 packets received, 4280 bps, 53.50%, Err 8 (9.5e-06)
108.799 .... 225 packets received, 4268 bps, 53.35%, Err 8 (9.2e-06)
111.467 .... 230 packets received, 4258 bps, 53.22%, Err 8 (9.0e-06)
114.177 .... 235 packets received, 4246 bps, 53.08%, Err 8 (8.8e-06)
116.862 .... 240 packets received, 4236 bps, 52.95%, Err 9 (9.7e-06)
119.542 .... 245 packets received, 4227 bps, 52.84%, Err 9 (9.5e-06)
122.250 .... 250 packets received, 4217 bps, 52.71%, Err 9 (9.2e-06)
124.932 .... 255 packets received, 4208 bps, 52.60%, Err 9 (9.0e-06)
127.628 .... 260 packets received, 4200 bps, 52.50%, Err 9 (8.9e-06)
130.296 .... 265 packets received, 4192 bps, 52.40%, Err 9 (8.7e-06)
132.996 .... 270 packets received, 4184 bps, 52.30%, Err 9 (8.5e-06)
135.681 .... 275 packets received, 4177 bps, 52.21%, Err 9 (8.3e-06)
139.707 .... 280 packets received, 4129 bps, 51.62%, Err 10 (9.0e-06)
142.402 .... 285 packets received, 4123 bps, 51.54%, Err 10 (8.8e-06)
147.216 .... 293 packets received, 4099 bps, 51.24%, Err 10 (8.5e-06)
150.173 .... 299 packets received, 4100 bps, 51.26%, Err 11 (9.2e-06)
152.861 .... 304 packets received, 4095 bps, 51.19%, Err 11 (9.0e-06)
157.149 .... 310 packets received, 4062 bps, 50.77%, Err 12 (9.6e-06)
159.320 .... 318 packets received, 4109 bps, 51.37%, Err 12 (9.5e-06)
161.518 .... 326 packets received, 4155 bps, 51.94%, Err 12 (9.3e-06)
163.680 .... 334 packets received, 4201 bps, 52.51%, Err 12 (9.2e-06)
166.148 .... 338 packets received, 4187 bps, 52.34%, Err 13 (9.8e-06)
168.825 .... 343 packets received, 4182 bps, 52.27%, Err 13 (9.7e-06)
170.959 .... 351 packets received, 4225 bps, 52.82%, Err 13 (9.5e-06)
173.144 .... 359 packets received, 4267 bps, 53.34%, Err 13 (9.4e-06)
175.318 .... 367 packets received, 4308 bps, 53.85%, Err 13 (9.3e-06)
177.507 .... 375 packets received, 4347 bps, 54.34%, Err 13 (9.2e-06)
179.690 .... 383 packets received, 4386 bps, 54.82%, Err 13 (9.1e-06)
182.126 .... 387 packets received, 4372 bps, 54.65%, Err 13 (9.0e-06)
186.162 .... 392 packets received, 4332 bps, 54.15%, Err 14 (9.4e-06)
190.161 .... 397 packets received, 4294 bps, 53.68%, Err 14 (9.2e-06)
194.171 .... 402 packets received, 4258 bps, 53.23%, Err 15 (9.7e-06)
198.191 .... 407 packets received, 4224 bps, 52.79%, Err 16 (1.0e-05)
202.206 .... 412 packets received, 4190 bps, 52.38%, Err 16 (9.9e-06)
206.209 .... 417 packets received, 4158 bps, 51.98%, Err 16 (9.7e-06)
210.222 .... 422 packets received, 4128 bps, 51.59%, Err 16 (9.5e-06)
214.252 .... 427 packets received, 4098 bps, 51.22%, Err 16 (9.4e-06)
218.263 .... 432 packets received, 4069 bps, 50.86%, Err 17 (9.8e-06)
222.287 .... 437 packets received, 4041 bps, 50.52%, Err 17 (9.6e-06)
226.295 .... 442 packets received, 4015 bps, 50.19%, Err 17 (9.4e-06)
230.309 .... 447 packets received, 3989 bps, 49.87%, Err 17 (9.3e-06)
234.279 .... 452 packets received, 3965 bps, 49.57%, Err 17 (9.1e-06)
238.049 .... 457 packets received, 3946 bps, 49.32%, Err 18 (9.5e-06)
240.229 .... 465 packets received, 3978 bps, 49.73%, Err 19 (9.9e-06)
242.383 .... 468 packets received, 3968 bps, 49.60%, Err 19 (9.8e-06)
244.575 .... 471 packets received, 3958 bps, 49.47%, Err 19 (9.7e-06)
246.701 .... 479 packets received, 3990 bps, 49.87%, Err 19 (9.6e-06)
248.808 .... 482 packets received, 3981 bps, 49.76%, Err 20 (1.0e-05)
250.973 .... 485 packets received, 3971 bps, 49.64%, Err 20 (1.0e-05)
253.151 .... 493 packets received, 4002 bps, 50.02%, Err 21 (1.0e-05)
255.333 .... 496 packets received, 3991 bps, 49.89%, Err 21 (1.0e-05)
257.495 .... 499 packets received, 3982 bps, 49.77%, Err 21 (1.0e-05)
259.613 .... 507 packets received, 4012 bps, 50.16%, Err 21 (1.0e-05)
263.620 .... 512 packets received, 3990 bps, 49.88%, Err 22 (1.0e-05)
265.808 .... 520 packets received, 4019 bps, 50.24%, Err 22 (1.0e-05)
268.007 .... 528 packets received, 4047 bps, 50.59%, Err 22 (1.0e-05)
270.173 .... 536 packets received, 4076 bps, 50.95%, Err 22 (1.0e-05)
272.351 .... 544 packets received, 4103 bps, 51.29%, Err 22 (1.0e-05)
274.501 .... 552 packets received, 4131 bps, 51.64%, Err 22 (1.0e-05)
276.700 .... 560 packets received, 4157 bps, 51.97%, Err 22 (1.0e-05)
278.884 .... 568 packets received, 4184 bps, 52.30%, Err 22 (9.9e-06)
282.135 .... 575 packets received, 4186 bps, 52.33%, Err 23 (1.0e-05)
284.812 .... 580 packets received, 4183 bps, 52.29%, Err 23 (1.0e-05)
286.979 .... 588 packets received, 4208 bps, 52.61%, Err 23 (1.0e-05)
289.134 .... 596 packets received, 4234 bps, 52.92%, Err 23 (1.0e-05)
291.312 .... 604 packets received, 4258 bps, 53.23%, Err 23 (9.9e-06)
293.503 .... 612 packets received, 4283 bps, 53.53%, Err 23 (9.8e-06)
295.915 .... 616 packets received, 4275 bps, 53.44%, Err 23 (9.7e-06)
299.950 .... 621 packets received, 4252 bps, 53.15%, Err 23 (9.6e-06)
303.962 .... 626 packets received, 4229 bps, 52.87%, Err 23 (9.5e-06)
306.653 .... 631 packets received, 4226 bps, 52.82%, Err 23 (9.4e-06)
309.341 .... 636 packets received, 4222 bps, 52.78%, Err 23 (9.3e-06)
312.039 .... 641 packets received, 4218 bps, 52.73%, Err 23 (9.2e-06)
314.741 .... 646 packets received, 4215 bps, 52.68%, Err 23 (9.2e-06)
317.414 .... 651 packets received, 4211 bps, 52.64%, Err 24 (9.5e-06)
320.100 .... 656 packets received, 4208 bps, 52.60%, Err 24 (9.4e-06)
322.776 .... 661 packets received, 4205 bps, 52.56%, Err 24 (9.3e-06)
324.961 .... 669 packets received, 4227 bps, 52.84%, Err 24 (9.2e-06)
327.138 .... 677 packets received, 4249 bps, 53.11%, Err 24 (9.2e-06)
329.321 .... 685 packets received, 4271 bps, 53.38%, Err 24 (9.1e-06)
331.508 .... 693 packets received, 4292 bps, 53.65%, Err 24 (9.1e-06)
333.670 .... 701 packets received, 4313 bps, 53.92%, Err 24 (9.0e-06)
335.860 .... 709 packets received, 4334 bps, 54.18%, Err 24 (8.9e-06)
338.051 .... 717 packets received, 4355 bps, 54.43%, Err 24 (8.9e-06)
340.219 .... 725 packets received, 4375 bps, 54.69%, Err 24 (8.8e-06)
342.376 .... 733 packets received, 4395 bps, 54.94%, Err 24 (8.8e-06)
344.572 .... 741 packets received, 4415 bps, 55.19%, Err 24 (8.7e-06)
346.724 .... 749 packets received, 4435 bps, 55.44%, Err 24 (8.7e-06)
349.724 .... 755 packets received, 4432 bps, 55.40%, Err 25 (9.0e-06)
352.141 .... 759 packets received, 4425 bps, 55.31%, Err 26 (9.2e-06)
354.297 .... 767 packets received, 4444 bps, 55.55%, Err 26 (9.2e-06)
357.552 .... 774 packets received, 4444 bps, 55.55%, Err 27 (9.5e-06)
360.240 .... 779 packets received, 4439 bps, 55.49%, Err 27 (9.4e-06)
362.380 .... 787 packets received, 4458 bps, 55.73%, Err 27 (9.3e-06)
364.563 .... 795 packets received, 4476 bps, 55.95%, Err 28 (9.6e-06)
367.516 .... 796 packets received, 4446 bps, 55.57%, Err 28 (9.5e-06)
371.536 .... 801 packets received, 4425 bps, 55.32%, Err 28 (9.4e-06)
375.536 .... 806 packets received, 4405 bps, 55.07%, Err 29 (9.7e-06)
379.570 .... 811 packets received, 4385 bps, 54.82%, Err 29 (9.6e-06)
383.585 .... 816 packets received, 4366 bps, 54.58%, Err 30 (9.8e-06)
387.579 .... 821 packets received, 4348 bps, 54.34%, Err 30 (9.7e-06)
391.591 .... 826 packets received, 4329 bps, 54.11%, Err 30 (9.6e-06)
395.612 .... 831 packets received, 4311 bps, 53.89%, Err 30 (9.5e-06)
400.948 .... 836 packets received, 4279 bps, 53.49%, Err 31 (9.7e-06)
403.664 .... 841 packets received, 4276 bps, 53.45%, Err 32 (9.9e-06)
405.783 .... 844 packets received, 4268 bps, 53.36%, Err 32 (9.9e-06)
407.930 .... 847 packets received, 4261 bps, 53.26%, Err 32 (9.8e-06)
411.675 .... 851 packets received, 4242 bps, 53.03%, Err 32 (9.7e-06)
415.688 .... 856 packets received, 4226 bps, 52.82%, Err 32 (9.6e-06)
419.707 .... 861 packets received, 4210 bps, 52.62%, Err 32 (9.5e-06)
421.827 .... 864 packets received, 4203 bps, 52.54%, Err 34 (1.0e-05)
423.990 .... 867 packets received, 4196 bps, 52.45%, Err 34 (1.0e-05)
427.747 .... 871 packets received, 4178 bps, 52.23%, Err 34 (9.9e-06)
433.081 .... 876 packets received, 4151 bps, 51.88%, Err 35 (1.0e-05)
435.775 .... 881 packets received, 4148 bps, 51.85%, Err 35 (1.0e-05)
439.774 .... 886 packets received, 4134 bps, 51.67%, Err 36 (1.0e-05)
443.791 .... 891 packets received, 4120 bps, 51.49%, Err 36 (1.0e-05)
447.815 .... 896 packets received, 4105 bps, 51.32%, Err 36 (1.0e-05)
451.836 .... 901 packets received, 4091 bps, 51.14%, Err 36 (1.0e-05)
455.851 .... 906 packets received, 4078 bps, 50.97%, Err 37 (1.0e-05)
459.818 .... 911 packets received, 4065 bps, 50.81%, Err 37 (1.0e-05)
463.886 .... 916 packets received, 4051 bps, 50.64%, Err 37 (1.0e-05)
467.082 .... 922 packets received, 4050 bps, 50.62%, Err 37 (9.9e-06)
469.768 .... 927 packets received, 4049 bps, 50.61%, Err 38 (1.0e-05)
471.907 .... 930 packets received, 4043 bps, 50.54%, Err 39 (1.0e-05)
475.146 .... 936 packets received, 4042 bps, 50.52%, Err 40 (1.1e-05)
477.830 .... 941 packets received, 4040 bps, 50.50%, Err 40 (1.0e-05)
480.533 .... 946 packets received, 4039 bps, 50.49%, Err 40 (1.0e-05)
483.217 .... 951 packets received, 4038 bps, 50.47%, Err 40 (1.0e-05)
485.925 .... 956 packets received, 4036 bps, 50.45%, Err 40 (1.0e-05)
488.601 .... 961 packets received, 4035 bps, 50.44%, Err 40 (1.0e-05)
491.297 .... 966 packets received, 4034 bps, 50.42%, Err 40 (1.0e-05)
493.428 .... 969 packets received, 4029 bps, 50.36%, Err 41 (1.0e-05)
496.669 .... 975 packets received, 4027 bps, 50.34%, Err 41 (1.0e-05)
499.358 .... 980 packets received, 4026 bps, 50.32%, Err 41 (1.0e-05)
502.036 .... 985 packets received, 4025 bps, 50.31%, Err 43 (1.1e-05)
504.185 .... 988 packets received, 4020 bps, 50.25%, Err 43 (1.1e-05)
507.689 .... 992 packets received, 4008 bps, 50.10%, Err 44 (1.1e-05)
510.380 .... 997 packets received, 4007 bps, 50.09%, Err 44 (1.1e-05)
513.881 .... 1005 packets received, 4012 bps, 50.15%, Err 45 (1.1e-05)
516.572 .... 1010 packets received, 4011 bps, 50.13%, Err 45 (1.1e-05)
518.715 .... 1018 packets received, 4026 bps, 50.32%, Err 45 (1.1e-05)
520.899 .... 1026 packets received, 4040 bps, 50.50%, Err 45 (1.1e-05)
523.054 .... 1029 packets received, 4035 bps, 50.44%, Err 46 (1.1e-05)
525.479 .... 1033 packets received, 4032 bps, 50.41%, Err 46 (1.1e-05)
527.619 .... 1041 packets received, 4047 bps, 50.59%, Err 46 (1.1e-05)
529.803 .... 1049 packets received, 4061 bps, 50.77%, Err 46 (1.1e-05)
531.986 .... 1057 packets received, 4076 bps, 50.94%, Err 46 (1.1e-05)
535.539 .... 1065 packets received, 4079 bps, 50.99%, Err 47 (1.1e-05)
538.232 .... 1070 packets received, 4078 bps, 50.97%, Err 47 (1.1e-05)
540.362 .... 1078 packets received, 4092 bps, 51.15%, Err 47 (1.1e-05)
542.542 .... 1086 packets received, 4106 bps, 51.32%, Err 47 (1.1e-05)
547.369 .... 1094 packets received, 4099 bps, 51.24%, Err 48 (1.1e-05)
549.561 .... 1102 packets received, 4113 bps, 51.41%, Err 48 (1.1e-05)
551.756 .... 1110 packets received, 4126 bps, 51.58%, Err 48 (1.1e-05)
553.916 .... 1118 packets received, 4140 bps, 51.75%, Err 49 (1.1e-05)
556.034 .... 1121 packets received, 4135 bps, 51.69%, Err 49 (1.1e-05)
558.183 .... 1124 packets received, 4130 bps, 51.63%, Err 49 (1.1e-05)
560.381 .... 1132 packets received, 4143 bps, 51.79%, Err 49 (1.1e-05)
562.545 .... 1140 packets received, 4156 bps, 51.96%, Err 49 (1.1e-05)
564.730 .... 1148 packets received, 4169 bps, 52.12%, Err 49 (1.1e-05)
566.924 .... 1156 packets received, 4182 bps, 52.28%, Err 49 (1.1e-05)
569.100 .... 1164 packets received, 4195 bps, 52.44%, Err 49 (1.1e-05)
571.814 .... 1169 packets received, 4193 bps, 52.41%, Err 50 (1.1e-05)
574.502 .... 1174 packets received, 4191 bps, 52.39%, Err 50 (1.1e-05)
576.638 .... 1182 packets received, 4204 bps, 52.55%, Err 50 (1.1e-05)
578.809 .... 1190 packets received, 4217 bps, 52.71%, Err 50 (1.1e-05)
580.997 .... 1198 packets received, 4229 bps, 52.86%, Err 50 (1.1e-05)
583.177 .... 1206 packets received, 4241 bps, 53.02%, Err 50 (1.1e-05)
585.362 .... 1214 packets received, 4253 bps, 53.17%, Err 50 (1.1e-05)
587.524 .... 1222 packets received, 4266 bps, 53.32%, Err 50 (1.1e-05)
589.701 .... 1230 packets received, 4278 bps, 53.47%, Err 50 (1.1e-05)
592.716 .... 1236 packets received, 4277 bps, 53.46%, Err 51 (1.1e-05)
595.388 .... 1241 packets received, 4275 bps, 53.43%, Err 51 (1.1e-05)
597.544 .... 1249 packets received, 4287 bps, 53.58%, Err 51 (1.1e-05)
599.719 .... 1257 packets received, 4299 bps, 53.73%, Err 51 (1.1e-05)
601.908 .... 1265 packets received, 4310 bps, 53.88%, Err 51 (1.1e-05)
604.065 .... 1273 packets received, 4322 bps, 54.02%, Err 51 (1.1e-05)
606.797 .... 1278 packets received, 4319 bps, 53.99%, Err 52 (1.1e-05)
609.478 .... 1283 packets received, 4317 bps, 53.96%, Err 52 (1.1e-05)
611.596 .... 1286 packets received, 4312 bps, 53.90%, Err 53 (1.1e-05)
614.036 .... 1290 packets received, 4308 bps, 53.86%, Err 53 (1.1e-05)
616.179 .... 1298 packets received, 4320 bps, 54.00%, Err 53 (1.1e-05)
618.342 .... 1306 packets received, 4331 bps, 54.14%, Err 53 (1.1e-05)
620.523 .... 1314 packets received, 4343 bps, 54.28%, Err 53 (1.1e-05)
622.707 .... 1317 packets received, 4337 bps, 54.22%, Err 54 (1.1e-05)
625.392 .... 1322 packets received, 4335 bps, 54.19%, Err 54 (1.1e-05)
627.524 .... 1330 packets received, 4346 bps, 54.33%, Err 54 (1.1e-05)
629.712 .... 1338 packets received, 4357 bps, 54.47%, Err 54 (1.1e-05)
633.737 .... 1343 packets received, 4346 bps, 54.32%, Err 54 (1.1e-05)
635.913 .... 1351 packets received, 4357 bps, 54.46%, Err 54 (1.1e-05)
638.902 .... 1357 packets received, 4356 bps, 54.44%, Err 55 (1.1e-05)
641.599 .... 1362 packets received, 4353 bps, 54.42%, Err 55 (1.1e-05)
643.734 .... 1370 packets received, 4364 bps, 54.55%, Err 55 (1.1e-05)
645.923 .... 1378 packets received, 4375 bps, 54.69%, Err 56 (1.1e-05)
649.146 .... 1380 packets received, 4359 bps, 54.49%, Err 56 (1.1e-05)
653.161 .... 1385 packets received, 4348 bps, 54.35%, Err 57 (1.1e-05)
657.169 .... 1390 packets received, 4337 bps, 54.22%, Err 58 (1.1e-05)
661.187 .... 1395 packets received, 4326 bps, 54.08%, Err 58 (1.1e-05)
665.160 .... 1400 packets received, 4316 bps, 53.95%, Err 58 (1.1e-05)
669.220 .... 1405 packets received, 4305 bps, 53.81%, Err 58 (1.1e-05)
673.238 .... 1410 packets received, 4295 bps, 53.68%, Err 58 (1.1e-05)
676.437 .... 1416 packets received, 4292 bps, 53.66%, Err 58 (1.1e-05)
679.122 .... 1421 packets received, 4291 bps, 53.63%, Err 58 (1.1e-05)
681.811 .... 1426 packets received, 4289 bps, 53.61%, Err 58 (1.1e-05)
684.505 .... 1431 packets received, 4287 bps, 53.58%, Err 59 (1.1e-05)
687.193 .... 1436 packets received, 4285 bps, 53.56%, Err 59 (1.1e-05)
689.881 .... 1441 packets received, 4283 bps, 53.54%, Err 59 (1.1e-05)
692.570 .... 1446 packets received, 4281 bps, 53.51%, Err 59 (1.1e-05)
695.263 .... 1451 packets received, 4279 bps, 53.49%, Err 59 (1.1e-05)
697.960 .... 1456 packets received, 4277 bps, 53.47%, Err 60 (1.1e-05)
700.022 Quit.
