000.000 =============================================================
000.000                     Station B                               
000.000 -------------------------------------------------------------
000.000 Protocol.lib, version 4.0, jiangyanjun0718@bupt.edu.cn
000.000 Channel: 8000 bps, 270 ms propagation delay, bit error rate 1.0E-05
000.000 Log file "fB.log", TCP port 30014, debug mask 0x00
000.000 Station B is connecting station A (TCP port 30014) ... Done.
000.561 New epoch: Tue Apr 16 20:06:40 2019
000.561 =================================================================
000.561 
000.561 Designed by CJSoft, build: Apr 16 2019  14:04:43
002.960 .... 8 packets received, 7717 bps, 96.47%, Err 0 (0.0e+00)
005.918 .... 9 packets received, 3628 bps, 45.35%, Err 1 (2.3e-05)
008.117 .... 17 packets received, 4782 bps, 59.78%, Err 1 (1.7e-05)
010.303 .... 25 packets received, 5409 bps, 67.61%, Err 1 (1.3e-05)
012.451 .... 33 packets received, 5819 bps, 72.74%, Err 1 (1.1e-05)
014.619 .... 41 packets received, 6093 bps, 76.16%, Err 1 (8.9e-06)
016.808 .... 49 packets received, 6283 bps, 78.54%, Err 1 (7.7e-06)
018.980 .... 57 packets received, 6434 bps, 80.43%, Err 1 (6.8e-06)
021.136 .... 65 packets received, 6558 bps, 81.97%, Err 1 (6.1e-06)
023.330 .... 73 packets received, 6647 bps, 83.08%, Err 1 (5.5e-06)
025.498 .... 81 packets received, 6727 bps, 84.08%, Err 1 (5.0e-06)
027.685 .... 84 packets received, 6408 bps, 80.10%, Err 3 (1.4e-05)
030.098 .... 88 packets received, 6159 bps, 76.99%, Err 3 (1.3e-05)
032.226 .... 96 packets received, 6264 bps, 78.29%, Err 3 (1.2e-05)
034.406 .... 104 packets received, 6345 bps, 79.31%, Err 3 (1.1e-05)
037.906 .... 107 packets received, 5912 bps, 73.89%, Err 5 (1.7e-05)
040.055 .... 115 packets received, 6005 bps, 75.07%, Err 5 (1.6e-05)
042.472 .... 119 packets received, 5854 bps, 73.17%, Err 5 (1.5e-05)
046.510 .... 124 packets received, 5560 bps, 69.50%, Err 5 (1.4e-05)
050.533 .... 129 packets received, 5316 bps, 66.45%, Err 5 (1.3e-05)
054.544 .... 134 packets received, 5110 bps, 63.87%, Err 5 (1.2e-05)
058.573 .... 139 packets received, 4931 bps, 61.63%, Err 5 (1.1e-05)
062.586 .... 144 packets received, 4776 bps, 59.70%, Err 6 (1.2e-05)
066.613 .... 149 packets received, 4639 bps, 57.99%, Err 6 (1.1e-05)
069.807 .... 155 packets received, 4603 bps, 57.53%, Err 6 (1.1e-05)
072.494 .... 160 packets received, 4573 bps, 57.16%, Err 7 (1.2e-05)
075.181 .... 165 packets received, 4545 bps, 56.82%, Err 7 (1.2e-05)
077.871 .... 170 packets received, 4520 bps, 56.49%, Err 7 (1.1e-05)
080.561 .... 175 packets received, 4496 bps, 56.19%, Err 7 (1.1e-05)
083.237 .... 180 packets received, 4474 bps, 55.92%, Err 7 (1.1e-05)
085.946 .... 185 packets received, 4452 bps, 55.65%, Err 7 (1.0e-05)
088.617 .... 190 packets received, 4433 bps, 55.41%, Err 7 (9.9e-06)
091.333 .... 195 packets received, 4413 bps, 55.16%, Err 7 (9.6e-06)
093.448 .... 198 packets received, 4379 bps, 54.73%, Err 8 (1.1e-05)
096.673 .... 204 packets received, 4359 bps, 54.49%, Err 8 (1.0e-05)
099.391 .... 209 packets received, 4343 bps, 54.29%, Err 8 (1.0e-05)
102.070 .... 214 packets received, 4329 bps, 54.12%, Err 8 (9.9e-06)
104.752 .... 219 packets received, 4316 bps, 53.95%, Err 8 (9.6e-06)
107.436 .... 224 packets received, 4304 bps, 53.79%, Err 8 (9.4e-06)
110.126 .... 229 packets received, 4291 bps, 53.64%, Err 9 (1.0e-05)
112.811 .... 234 packets received, 4280 bps, 53.50%, Err 9 (1.0e-05)
115.517 .... 239 packets received, 4268 bps, 53.35%, Err 9 (9.8e-06)
118.221 .... 244 packets received, 4257 bps, 53.21%, Err 9 (9.6e-06)
120.893 .... 249 packets received, 4248 bps, 53.10%, Err 9 (9.4e-06)
123.569 .... 254 packets received, 4238 bps, 52.98%, Err 9 (9.1e-06)
126.262 .... 259 packets received, 4229 bps, 52.86%, Err 9 (9.0e-06)
128.960 .... 264 packets received, 4220 bps, 52.75%, Err 9 (8.8e-06)
131.642 .... 269 packets received, 4212 bps, 52.65%, Err 10 (9.5e-06)
134.347 .... 274 packets received, 4203 bps, 52.54%, Err 10 (9.3e-06)
137.041 .... 279 packets received, 4195 bps, 52.44%, Err 10 (9.2e-06)
139.158 .... 282 packets received, 4175 bps, 52.19%, Err 12 (1.1e-05)
143.740 .... 288 packets received, 4127 bps, 51.59%, Err 13 (1.1e-05)
146.428 .... 293 packets received, 4122 bps, 51.52%, Err 13 (1.1e-05)
149.644 .... 300 packets received, 4129 bps, 51.61%, Err 14 (1.2e-05)
153.665 .... 305 packets received, 4087 bps, 51.09%, Err 15 (1.2e-05)
156.351 .... 310 packets received, 4082 bps, 51.03%, Err 15 (1.2e-05)
158.503 .... 318 packets received, 4131 bps, 51.63%, Err 15 (1.2e-05)
160.687 .... 326 packets received, 4177 bps, 52.21%, Err 15 (1.2e-05)
162.864 .... 334 packets received, 4222 bps, 52.77%, Err 15 (1.2e-05)
165.042 .... 342 packets received, 4265 bps, 53.32%, Err 15 (1.1e-05)
167.449 .... 346 packets received, 4253 bps, 53.16%, Err 16 (1.2e-05)
169.588 .... 349 packets received, 4236 bps, 52.94%, Err 16 (1.2e-05)
171.784 .... 357 packets received, 4277 bps, 53.46%, Err 16 (1.2e-05)
173.960 .... 365 packets received, 4318 bps, 53.97%, Err 16 (1.2e-05)
176.153 .... 373 packets received, 4357 bps, 54.47%, Err 16 (1.1e-05)
178.331 .... 381 packets received, 4396 bps, 54.95%, Err 16 (1.1e-05)
180.501 .... 389 packets received, 4434 bps, 55.43%, Err 17 (1.2e-05)
184.278 .... 393 packets received, 4388 bps, 54.84%, Err 18 (1.2e-05)
188.300 .... 398 packets received, 4348 bps, 54.35%, Err 18 (1.2e-05)
192.300 .... 403 packets received, 4311 bps, 53.88%, Err 18 (1.2e-05)
196.317 .... 408 packets received, 4275 bps, 53.43%, Err 19 (1.2e-05)
200.320 .... 413 packets received, 4240 bps, 53.00%, Err 19 (1.2e-05)
204.350 .... 418 packets received, 4206 bps, 52.58%, Err 19 (1.2e-05)
208.365 .... 423 packets received, 4174 bps, 52.18%, Err 20 (1.2e-05)
212.373 .... 428 packets received, 4144 bps, 51.80%, Err 20 (1.2e-05)
216.404 .... 433 packets received, 4114 bps, 51.42%, Err 20 (1.2e-05)
220.408 .... 438 packets received, 4085 bps, 51.07%, Err 20 (1.1e-05)
224.409 .... 443 packets received, 4058 bps, 50.73%, Err 20 (1.1e-05)
228.438 .... 448 packets received, 4031 bps, 50.39%, Err 20 (1.1e-05)
234.054 .... 453 packets received, 3978 bps, 49.73%, Err 22 (1.2e-05)
237.264 .... 459 packets received, 3976 bps, 49.70%, Err 22 (1.2e-05)
239.411 .... 467 packets received, 4009 bps, 50.11%, Err 22 (1.2e-05)
241.579 .... 475 packets received, 4041 bps, 50.51%, Err 22 (1.1e-05)
245.312 .... 479 packets received, 4013 bps, 50.16%, Err 22 (1.1e-05)
247.519 .... 482 packets received, 4002 bps, 50.02%, Err 23 (1.2e-05)
250.204 .... 487 packets received, 4000 bps, 50.00%, Err 23 (1.2e-05)
252.341 .... 495 packets received, 4031 bps, 50.38%, Err 23 (1.1e-05)
254.496 .... 503 packets received, 4061 bps, 50.76%, Err 23 (1.1e-05)
258.251 .... 507 packets received, 4034 bps, 50.42%, Err 23 (1.1e-05)
260.454 .... 510 packets received, 4023 bps, 50.29%, Err 24 (1.2e-05)
262.873 .... 514 packets received, 4017 bps, 50.22%, Err 24 (1.1e-05)
265.003 .... 522 packets received, 4047 bps, 50.59%, Err 24 (1.1e-05)
267.192 .... 530 packets received, 4075 bps, 50.94%, Err 24 (1.1e-05)
269.373 .... 538 packets received, 4103 bps, 51.29%, Err 24 (1.1e-05)
271.521 .... 546 packets received, 4131 bps, 51.64%, Err 24 (1.1e-05)
273.700 .... 554 packets received, 4158 bps, 51.98%, Err 24 (1.1e-05)
275.866 .... 562 packets received, 4185 bps, 52.31%, Err 24 (1.1e-05)
278.059 .... 570 packets received, 4211 bps, 52.64%, Err 24 (1.1e-05)
280.234 .... 578 packets received, 4237 bps, 52.96%, Err 24 (1.1e-05)
282.385 .... 586 packets received, 4263 bps, 53.28%, Err 24 (1.1e-05)
285.615 .... 588 packets received, 4229 bps, 52.86%, Err 24 (1.1e-05)
287.784 .... 596 packets received, 4254 bps, 53.17%, Err 24 (1.0e-05)
289.970 .... 604 packets received, 4278 bps, 53.48%, Err 24 (1.0e-05)
292.133 .... 612 packets received, 4303 bps, 53.78%, Err 24 (1.0e-05)
295.131 .... 618 packets received, 4301 bps, 53.76%, Err 25 (1.1e-05)
297.515 .... 622 packets received, 4294 bps, 53.67%, Err 26 (1.1e-05)
300.467 .... 627 packets received, 4286 bps, 53.57%, Err 27 (1.1e-05)
302.630 .... 629 packets received, 4268 bps, 53.36%, Err 27 (1.1e-05)
305.036 .... 633 packets received, 4262 bps, 53.27%, Err 27 (1.1e-05)
307.724 .... 638 packets received, 4258 bps, 53.22%, Err 27 (1.1e-05)
310.403 .... 643 packets received, 4254 bps, 53.17%, Err 27 (1.1e-05)
313.109 .... 648 packets received, 4250 bps, 53.12%, Err 27 (1.1e-05)
315.793 .... 653 packets received, 4246 bps, 53.08%, Err 27 (1.1e-05)
318.492 .... 658 packets received, 4242 bps, 53.03%, Err 28 (1.1e-05)
320.630 .... 661 packets received, 4233 bps, 52.91%, Err 28 (1.1e-05)
322.782 .... 665 packets received, 4230 bps, 52.88%, Err 28 (1.1e-05)
324.950 .... 673 packets received, 4253 bps, 53.16%, Err 28 (1.1e-05)
327.132 .... 681 packets received, 4274 bps, 53.43%, Err 28 (1.1e-05)
329.310 .... 689 packets received, 4296 bps, 53.70%, Err 28 (1.1e-05)
331.508 .... 697 packets received, 4317 bps, 53.96%, Err 28 (1.1e-05)
333.682 .... 705 packets received, 4338 bps, 54.22%, Err 28 (1.1e-05)
335.852 .... 713 packets received, 4359 bps, 54.48%, Err 28 (1.0e-05)
338.021 .... 721 packets received, 4379 bps, 54.74%, Err 28 (1.0e-05)
340.188 .... 729 packets received, 4400 bps, 54.99%, Err 28 (1.0e-05)
342.378 .... 737 packets received, 4419 bps, 55.24%, Err 28 (1.0e-05)
344.540 .... 745 packets received, 4439 bps, 55.49%, Err 28 (1.0e-05)
346.724 .... 753 packets received, 4459 bps, 55.73%, Err 28 (1.0e-05)
348.926 .... 761 packets received, 4477 bps, 55.97%, Err 28 (1.0e-05)
353.177 .... 767 packets received, 4458 bps, 55.73%, Err 28 (9.9e-06)
355.381 .... 775 packets received, 4477 bps, 55.96%, Err 28 (9.9e-06)
357.524 .... 783 packets received, 4496 bps, 56.20%, Err 28 (9.8e-06)
361.005 .... 786 packets received, 4469 bps, 55.87%, Err 28 (9.7e-06)
363.192 .... 794 packets received, 4488 bps, 56.10%, Err 28 (9.7e-06)
365.363 .... 797 packets received, 4478 bps, 55.97%, Err 28 (9.6e-06)
369.390 .... 802 packets received, 4457 bps, 55.71%, Err 28 (9.5e-06)
373.411 .... 807 packets received, 4436 bps, 55.45%, Err 28 (9.4e-06)
377.438 .... 812 packets received, 4416 bps, 55.20%, Err 28 (9.3e-06)
381.441 .... 817 packets received, 4396 bps, 54.95%, Err 29 (9.5e-06)
385.453 .... 822 packets received, 4377 bps, 54.71%, Err 29 (9.4e-06)
387.570 .... 825 packets received, 4369 bps, 54.61%, Err 30 (9.7e-06)
389.735 .... 828 packets received, 4360 bps, 54.50%, Err 31 (1.0e-05)
391.843 .... 831 packets received, 4353 bps, 54.41%, Err 32 (1.0e-05)
394.004 .... 834 packets received, 4344 bps, 54.30%, Err 32 (1.0e-05)
397.510 .... 837 packets received, 4321 bps, 54.02%, Err 33 (1.0e-05)
401.479 .... 842 packets received, 4304 bps, 53.80%, Err 33 (1.0e-05)
405.486 .... 847 packets received, 4287 bps, 53.59%, Err 34 (1.0e-05)
409.547 .... 852 packets received, 4269 bps, 53.37%, Err 35 (1.1e-05)
413.557 .... 857 packets received, 4253 bps, 53.16%, Err 35 (1.1e-05)
417.573 .... 862 packets received, 4236 bps, 52.95%, Err 35 (1.0e-05)
421.572 .... 867 packets received, 4220 bps, 52.75%, Err 36 (1.1e-05)
425.612 .... 872 packets received, 4204 bps, 52.55%, Err 36 (1.1e-05)
429.621 .... 877 packets received, 4189 bps, 52.36%, Err 37 (1.1e-05)
433.586 .... 882 packets received, 4174 bps, 52.18%, Err 37 (1.1e-05)
437.657 .... 887 packets received, 4159 bps, 51.98%, Err 37 (1.1e-05)
441.676 .... 892 packets received, 4144 bps, 51.80%, Err 38 (1.1e-05)
445.677 .... 897 packets received, 4130 bps, 51.62%, Err 39 (1.1e-05)
449.680 .... 902 packets received, 4116 bps, 51.45%, Err 39 (1.1e-05)
453.714 .... 907 packets received, 4102 bps, 51.27%, Err 39 (1.1e-05)
459.058 .... 912 packets received, 4076 bps, 50.95%, Err 40 (1.1e-05)
461.733 .... 917 packets received, 4075 bps, 50.93%, Err 40 (1.1e-05)
465.743 .... 922 packets received, 4062 bps, 50.77%, Err 40 (1.1e-05)
468.432 .... 927 packets received, 4060 bps, 50.75%, Err 40 (1.1e-05)
471.136 .... 932 packets received, 4059 bps, 50.73%, Err 40 (1.1e-05)
473.808 .... 937 packets received, 4057 bps, 50.72%, Err 40 (1.1e-05)
476.507 .... 942 packets received, 4056 bps, 50.70%, Err 40 (1.1e-05)
479.194 .... 947 packets received, 4054 bps, 50.68%, Err 40 (1.0e-05)
481.877 .... 952 packets received, 4053 bps, 50.66%, Err 40 (1.0e-05)
484.575 .... 957 packets received, 4052 bps, 50.65%, Err 40 (1.0e-05)
487.241 .... 962 packets received, 4050 bps, 50.63%, Err 40 (1.0e-05)
489.952 .... 967 packets received, 4049 bps, 50.61%, Err 40 (1.0e-05)
492.626 .... 972 packets received, 4048 bps, 50.60%, Err 40 (1.0e-05)
495.324 .... 977 packets received, 4046 bps, 50.58%, Err 40 (1.0e-05)
498.010 .... 982 packets received, 4045 bps, 50.56%, Err 40 (1.0e-05)
500.691 .... 987 packets received, 4044 bps, 50.55%, Err 40 (1.0e-05)
503.376 .... 992 packets received, 4043 bps, 50.53%, Err 40 (9.9e-06)
506.044 .... 997 packets received, 4042 bps, 50.52%, Err 42 (1.0e-05)
508.176 .... 1005 packets received, 4057 bps, 50.71%, Err 42 (1.0e-05)
511.144 .... 1006 packets received, 4037 bps, 50.47%, Err 42 (1.0e-05)
514.667 .... 1014 packets received, 4042 bps, 50.52%, Err 43 (1.0e-05)
517.334 .... 1019 packets received, 4041 bps, 50.51%, Err 43 (1.0e-05)
519.535 .... 1027 packets received, 4055 bps, 50.69%, Err 43 (1.0e-05)
521.717 .... 1035 packets received, 4069 bps, 50.87%, Err 43 (1.0e-05)
526.260 .... 1042 packets received, 4062 bps, 50.77%, Err 43 (1.0e-05)
528.447 .... 1050 packets received, 4076 bps, 50.95%, Err 43 (1.0e-05)
530.632 .... 1058 packets received, 4090 bps, 51.12%, Err 43 (1.0e-05)
532.811 .... 1066 packets received, 4104 bps, 51.30%, Err 43 (1.0e-05)
534.977 .... 1074 packets received, 4118 bps, 51.47%, Err 43 (1.0e-05)
539.006 .... 1079 packets received, 4106 bps, 51.33%, Err 43 (1.0e-05)
541.181 .... 1087 packets received, 4120 bps, 51.50%, Err 43 (9.9e-06)
543.913 .... 1092 packets received, 4118 bps, 51.48%, Err 44 (1.0e-05)
546.603 .... 1097 packets received, 4117 bps, 51.46%, Err 44 (1.0e-05)
548.740 .... 1105 packets received, 4130 bps, 51.63%, Err 44 (1.0e-05)
550.927 .... 1113 packets received, 4144 bps, 51.80%, Err 44 (1.0e-05)
553.093 .... 1121 packets received, 4157 bps, 51.96%, Err 45 (1.0e-05)
555.262 .... 1124 packets received, 4152 bps, 51.90%, Err 45 (1.0e-05)
557.426 .... 1127 packets received, 4147 bps, 51.84%, Err 45 (1.0e-05)
559.548 .... 1135 packets received, 4160 bps, 52.01%, Err 45 (1.0e-05)
561.747 .... 1143 packets received, 4173 bps, 52.17%, Err 45 (1.0e-05)
563.915 .... 1151 packets received, 4186 bps, 52.33%, Err 45 (1.0e-05)
566.112 .... 1159 packets received, 4199 bps, 52.49%, Err 45 (9.9e-06)
568.267 .... 1167 packets received, 4212 bps, 52.65%, Err 45 (9.9e-06)
570.464 .... 1175 packets received, 4225 bps, 52.81%, Err 45 (9.9e-06)
575.286 .... 1183 packets received, 4218 bps, 52.72%, Err 46 (1.0e-05)
577.458 .... 1191 packets received, 4230 bps, 52.88%, Err 46 (1.0e-05)
579.634 .... 1199 packets received, 4243 bps, 53.03%, Err 46 (9.9e-06)
581.803 .... 1207 packets received, 4255 bps, 53.19%, Err 46 (9.9e-06)
583.981 .... 1215 packets received, 4267 bps, 53.34%, Err 46 (9.9e-06)
586.181 .... 1223 packets received, 4279 bps, 53.49%, Err 46 (9.8e-06)
588.346 .... 1231 packets received, 4291 bps, 53.64%, Err 46 (9.8e-06)
590.512 .... 1239 packets received, 4303 bps, 53.79%, Err 46 (9.7e-06)
592.698 .... 1247 packets received, 4315 bps, 53.94%, Err 46 (9.7e-06)
596.176 .... 1250 packets received, 4300 bps, 53.75%, Err 48 (1.0e-05)
598.354 .... 1258 packets received, 4312 bps, 53.90%, Err 49 (1.0e-05)
600.522 .... 1266 packets received, 4324 bps, 54.04%, Err 49 (1.0e-05)
602.711 .... 1274 packets received, 4335 bps, 54.19%, Err 49 (1.0e-05)
604.897 .... 1282 packets received, 4346 bps, 54.33%, Err 49 (1.0e-05)
607.053 .... 1290 packets received, 4358 bps, 54.48%, Err 49 (1.0e-05)
610.259 .... 1292 packets received, 4342 bps, 54.27%, Err 49 (1.0e-05)
614.816 .... 1299 packets received, 4333 bps, 54.16%, Err 51 (1.0e-05)
617.006 .... 1307 packets received, 4344 bps, 54.30%, Err 51 (1.0e-05)
619.157 .... 1315 packets received, 4356 bps, 54.44%, Err 51 (1.0e-05)
621.333 .... 1323 packets received, 4367 bps, 54.58%, Err 51 (1.0e-05)
626.177 .... 1331 packets received, 4359 bps, 54.49%, Err 51 (1.0e-05)
628.359 .... 1339 packets received, 4370 bps, 54.63%, Err 51 (1.0e-05)
630.513 .... 1342 packets received, 4365 bps, 54.56%, Err 52 (1.0e-05)
632.949 .... 1346 packets received, 4361 bps, 54.51%, Err 52 (1.0e-05)
635.101 .... 1354 packets received, 4372 bps, 54.65%, Err 52 (1.0e-05)
637.284 .... 1362 packets received, 4383 bps, 54.78%, Err 52 (1.0e-05)
639.420 .... 1370 packets received, 4394 bps, 54.92%, Err 52 (1.0e-05)
642.369 .... 1371 packets received, 4377 bps, 54.71%, Err 54 (1.1e-05)
644.554 .... 1379 packets received, 4387 bps, 54.84%, Err 54 (1.0e-05)
646.992 .... 1383 packets received, 4383 bps, 54.79%, Err 54 (1.0e-05)
651.024 .... 1388 packets received, 4372 bps, 54.65%, Err 55 (1.1e-05)
655.019 .... 1393 packets received, 4361 bps, 54.51%, Err 55 (1.1e-05)
659.040 .... 1398 packets received, 4350 bps, 54.37%, Err 55 (1.0e-05)
663.060 .... 1403 packets received, 4339 bps, 54.24%, Err 55 (1.0e-05)
665.191 .... 1406 packets received, 4334 bps, 54.18%, Err 56 (1.1e-05)
667.350 .... 1409 packets received, 4329 bps, 54.12%, Err 56 (1.0e-05)
671.099 .... 1413 packets received, 4317 bps, 53.97%, Err 56 (1.0e-05)
675.103 .... 1418 packets received, 4307 bps, 53.84%, Err 57 (1.1e-05)
677.795 .... 1423 packets received, 4305 bps, 53.81%, Err 57 (1.1e-05)
680.464 .... 1428 packets received, 4303 bps, 53.79%, Err 57 (1.0e-05)
683.176 .... 1433 packets received, 4301 bps, 53.76%, Err 57 (1.0e-05)
685.851 .... 1438 packets received, 4299 bps, 53.74%, Err 57 (1.0e-05)
688.528 .... 1443 packets received, 4297 bps, 53.72%, Err 57 (1.0e-05)
691.217 .... 1448 packets received, 4295 bps, 53.69%, Err 57 (1.0e-05)
693.907 .... 1453 packets received, 4294 bps, 53.67%, Err 57 (1.0e-05)
696.614 .... 1458 packets received, 4292 bps, 53.64%, Err 57 (1.0e-05)
699.284 .... 1463 packets received, 4290 bps, 53.62%, Err 57 (1.0e-05)
700.023 Quit.
