000.000 =============================================================
000.000                     Station A                               
000.000 -------------------------------------------------------------
000.000 Protocol.lib, version 4.0, jiangyanjun0718@bupt.edu.cn
000.000 Channel: 8000 bps, 270 ms propagation delay, bit error rate 1.0E-04
000.000 Log file "fbA.log", TCP port 30015, debug mask 0x00
000.000 Station A is waiting for station B on TCP port 30015 ... Done.
000.575 New epoch: Tue Apr 16 20:06:40 2019
000.575 =================================================================
000.575 
000.575 Designed by CJSoft, build: Apr 16 2019  14:04:43
006.215 .... 3 packets received, 1149 bps, 14.37%, Err 8 (1.8e-04)
009.947 .... 10 packets received, 2256 bps, 28.20%, Err 9 (1.2e-04)
013.951 .... 15 packets received, 2348 bps, 29.36%, Err 13 (1.2e-04)
016.361 .... 19 packets received, 2512 bps, 31.40%, Err 14 (1.1e-04)
019.548 .... 21 packets received, 2303 bps, 28.78%, Err 15 (9.9e-05)
023.298 .... 25 packets received, 2283 bps, 28.54%, Err 18 (9.9e-05)
027.046 .... 27 packets received, 2112 bps, 26.41%, Err 24 (1.1e-04)
029.734 .... 30 packets received, 2129 bps, 26.61%, Err 25 (1.1e-04)
032.155 .... 33 packets received, 2160 bps, 27.00%, Err 27 (1.1e-04)
035.338 .... 39 packets received, 2317 bps, 28.97%, Err 30 (1.1e-04)
037.470 .... 42 packets received, 2350 bps, 29.38%, Err 32 (1.1e-04)
040.671 .... 44 packets received, 2264 bps, 28.30%, Err 35 (1.1e-04)
043.336 .... 49 packets received, 2363 bps, 29.54%, Err 35 (1.0e-04)
046.057 .... 54 packets received, 2447 bps, 30.59%, Err 36 (9.9e-05)
051.385 .... 57 packets received, 2311 bps, 28.89%, Err 42 (1.0e-04)
055.123 .... 59 packets received, 2227 bps, 27.84%, Err 44 (1.0e-04)
059.652 .... 65 packets received, 2265 bps, 28.31%, Err 47 (9.9e-05)
062.055 .... 69 packets received, 2310 bps, 28.87%, Err 48 (9.8e-05)
065.005 .... 74 packets received, 2363 bps, 29.54%, Err 52 (1.0e-04)
068.202 .... 75 packets received, 2281 bps, 28.52%, Err 55 (1.0e-04)
070.914 .... 80 packets received, 2339 bps, 29.24%, Err 57 (1.0e-04)
073.029 .... 83 packets received, 2356 bps, 29.45%, Err 58 (1.0e-04)
077.582 .... 85 packets received, 2269 bps, 28.37%, Err 63 (1.0e-04)
081.616 .... 90 packets received, 2283 bps, 28.53%, Err 63 (9.7e-05)
083.739 .... 93 packets received, 2298 bps, 28.73%, Err 66 (9.9e-05)
085.897 .... 96 packets received, 2312 bps, 28.90%, Err 67 (9.8e-05)
089.105 .... 103 packets received, 2391 bps, 29.88%, Err 69 (9.7e-05)
091.270 .... 106 packets received, 2401 bps, 30.02%, Err 70 (9.7e-05)
095.020 .... 110 packets received, 2393 bps, 29.91%, Err 75 (9.9e-05)
097.180 .... 118 packets received, 2509 bps, 31.37%, Err 75 (9.7e-05)
100.941 .... 122 packets received, 2497 bps, 31.21%, Err 79 (9.8e-05)
103.617 .... 127 packets received, 2531 bps, 31.64%, Err 80 (9.7e-05)
105.751 .... 130 packets received, 2538 bps, 31.73%, Err 81 (9.6e-05)
108.174 .... 134 packets received, 2558 bps, 31.97%, Err 83 (9.6e-05)
111.388 .... 141 packets received, 2613 bps, 32.66%, Err 87 (9.8e-05)
113.500 .... 144 packets received, 2618 bps, 32.73%, Err 90 (1.0e-04)
115.642 .... 145 packets received, 2587 bps, 32.34%, Err 93 (1.0e-04)
117.778 .... 146 packets received, 2558 bps, 31.97%, Err 96 (1.0e-04)
119.917 .... 154 packets received, 2649 bps, 33.12%, Err 97 (1.0e-04)
123.677 .... 155 packets received, 2585 bps, 32.31%, Err 99 (1.0e-04)
126.357 .... 160 packets received, 2611 bps, 32.64%, Err 99 (9.8e-05)
128.489 .... 163 packets received, 2616 bps, 32.70%, Err 101 (9.9e-05)
130.610 .... 166 packets received, 2620 bps, 32.75%, Err 101 (9.7e-05)
134.361 .... 170 packets received, 2608 bps, 32.60%, Err 109 (1.0e-04)
137.295 .... 171 packets received, 2567 bps, 32.09%, Err 112 (1.0e-04)
139.975 .... 176 packets received, 2591 bps, 32.39%, Err 116 (1.0e-04)
142.136 .... 184 packets received, 2668 bps, 33.34%, Err 116 (1.0e-04)
144.277 .... 187 packets received, 2671 bps, 33.38%, Err 116 (1.0e-04)
147.754 .... 190 packets received, 2649 bps, 33.11%, Err 120 (1.0e-04)
151.209 .... 193 packets received, 2629 bps, 32.86%, Err 123 (1.0e-04)
153.604 .... 195 packets received, 2615 bps, 32.68%, Err 126 (1.0e-04)
156.258 .... 198 packets received, 2610 bps, 32.62%, Err 128 (1.0e-04)
162.974 .... 205 packets received, 2590 bps, 32.37%, Err 134 (1.0e-04)
168.865 .... 208 packets received, 2536 bps, 31.70%, Err 139 (1.0e-04)
171.282 .... 210 packets received, 2524 bps, 31.55%, Err 140 (1.0e-04)
174.499 .... 215 packets received, 2536 bps, 31.70%, Err 140 (1.0e-04)
176.622 .... 218 packets received, 2540 bps, 31.75%, Err 141 (1.0e-04)
180.652 .... 221 packets received, 2518 bps, 31.47%, Err 145 (1.0e-04)
183.021 .... 223 packets received, 2507 bps, 31.34%, Err 146 (1.0e-04)
186.771 .... 230 packets received, 2534 bps, 31.67%, Err 149 (1.0e-04)
188.917 .... 238 packets received, 2592 bps, 32.40%, Err 151 (1.0e-04)
192.395 .... 241 packets received, 2577 bps, 32.21%, Err 157 (1.0e-04)
194.596 .... 244 packets received, 2579 bps, 32.24%, Err 160 (1.0e-04)
196.723 .... 247 packets received, 2583 bps, 32.29%, Err 162 (1.0e-04)
199.911 .... 252 packets received, 2593 bps, 32.41%, Err 165 (1.0e-04)
204.744 .... 258 packets received, 2592 bps, 32.40%, Err 167 (1.0e-04)
206.888 .... 261 packets received, 2595 bps, 32.43%, Err 169 (1.0e-04)
209.057 .... 264 packets received, 2597 bps, 32.46%, Err 170 (1.0e-04)
211.163 .... 266 packets received, 2591 bps, 32.38%, Err 171 (1.0e-04)
213.302 .... 268 packets received, 2584 bps, 32.30%, Err 173 (1.0e-04)
215.977 .... 273 packets received, 2599 bps, 32.49%, Err 175 (1.0e-04)
218.646 .... 278 packets received, 2614 bps, 32.68%, Err 176 (1.0e-04)
222.682 .... 283 packets received, 2613 bps, 32.66%, Err 179 (1.0e-04)
225.902 .... 289 packets received, 2630 bps, 32.88%, Err 179 (9.9e-05)
229.938 .... 294 packets received, 2629 bps, 32.86%, Err 185 (1.0e-04)
232.049 .... 297 packets received, 2631 bps, 32.89%, Err 187 (1.0e-04)
234.982 .... 300 packets received, 2624 bps, 32.80%, Err 189 (1.0e-04)
237.642 .... 301 packets received, 2604 bps, 32.54%, Err 194 (1.0e-04)
239.786 .... 305 packets received, 2614 bps, 32.68%, Err 198 (1.0e-04)
245.373 .... 306 packets received, 2563 bps, 32.04%, Err 206 (1.1e-04)
249.121 .... 313 packets received, 2582 bps, 32.28%, Err 212 (1.1e-04)
251.275 .... 316 packets received, 2584 bps, 32.31%, Err 213 (1.1e-04)
253.413 .... 319 packets received, 2587 bps, 32.34%, Err 214 (1.1e-04)
255.553 .... 321 packets received, 2581 bps, 32.27%, Err 217 (1.1e-04)
259.583 .... 322 packets received, 2549 bps, 31.86%, Err 222 (1.1e-04)
264.658 .... 327 packets received, 2539 bps, 31.73%, Err 225 (1.1e-04)
268.413 .... 334 packets received, 2557 bps, 31.96%, Err 226 (1.1e-04)
270.536 .... 337 packets received, 2559 bps, 31.99%, Err 228 (1.1e-04)
272.651 .... 340 packets received, 2562 bps, 32.03%, Err 229 (1.1e-04)
275.065 .... 343 packets received, 2562 bps, 32.02%, Err 230 (1.0e-04)
277.237 .... 345 packets received, 2557 bps, 31.96%, Err 231 (1.0e-04)
279.619 .... 349 packets received, 2564 bps, 32.05%, Err 232 (1.0e-04)
281.767 .... 352 packets received, 2566 bps, 32.08%, Err 232 (1.0e-04)
283.922 .... 356 packets received, 2576 bps, 32.20%, Err 233 (1.0e-04)
286.076 .... 359 packets received, 2578 bps, 32.22%, Err 234 (1.0e-04)
288.195 .... 362 packets received, 2580 bps, 32.25%, Err 236 (1.0e-04)
290.587 .... 365 packets received, 2580 bps, 32.25%, Err 239 (1.0e-04)
292.735 .... 368 packets received, 2582 bps, 32.28%, Err 240 (1.0e-04)
296.987 .... 374 packets received, 2587 bps, 32.33%, Err 240 (1.0e-04)
300.451 .... 377 packets received, 2577 bps, 32.22%, Err 244 (1.0e-04)
303.919 .... 378 packets received, 2555 bps, 31.93%, Err 247 (1.0e-04)
306.858 .... 381 packets received, 2550 bps, 31.88%, Err 250 (1.0e-04)
311.172 .... 389 packets received, 2567 bps, 32.09%, Err 252 (1.0e-04)
313.290 .... 392 packets received, 2570 bps, 32.12%, Err 253 (1.0e-04)
317.816 .... 399 packets received, 2578 bps, 32.23%, Err 253 (1.0e-04)
319.944 .... 402 packets received, 2580 bps, 32.25%, Err 255 (1.0e-04)
322.060 .... 405 packets received, 2582 bps, 32.28%, Err 257 (1.0e-04)
326.920 .... 406 packets received, 2550 bps, 31.88%, Err 260 (1.0e-04)
330.397 .... 408 packets received, 2536 bps, 31.70%, Err 264 (1.0e-04)
334.413 .... 413 packets received, 2536 bps, 31.70%, Err 267 (1.0e-04)
337.597 .... 415 packets received, 2524 bps, 31.55%, Err 271 (1.0e-04)
339.741 .... 418 packets received, 2526 bps, 31.58%, Err 274 (1.0e-04)
341.899 .... 421 packets received, 2528 bps, 31.60%, Err 275 (1.0e-04)
344.274 .... 425 packets received, 2535 bps, 31.68%, Err 277 (1.0e-04)
346.412 .... 428 packets received, 2537 bps, 31.71%, Err 278 (1.0e-04)
349.897 .... 431 packets received, 2529 bps, 31.61%, Err 279 (1.0e-04)
352.004 .... 434 packets received, 2531 bps, 31.64%, Err 282 (1.0e-04)
355.240 .... 436 packets received, 2520 bps, 31.50%, Err 284 (1.0e-04)
357.632 .... 440 packets received, 2526 bps, 31.57%, Err 285 (1.0e-04)
359.784 .... 443 packets received, 2528 bps, 31.60%, Err 287 (1.0e-04)
362.428 .... 448 packets received, 2538 bps, 31.72%, Err 289 (1.0e-04)
364.845 .... 452 packets received, 2543 bps, 31.79%, Err 291 (1.0e-04)
367.015 .... 455 packets received, 2545 bps, 31.81%, Err 293 (1.0e-04)
370.494 .... 458 packets received, 2538 bps, 31.72%, Err 296 (1.0e-04)
372.608 .... 461 packets received, 2540 bps, 31.75%, Err 297 (1.0e-04)
375.835 .... 463 packets received, 2529 bps, 31.61%, Err 304 (1.0e-04)
378.487 .... 468 packets received, 2538 bps, 31.73%, Err 305 (1.0e-04)
380.607 .... 471 packets received, 2540 bps, 31.75%, Err 306 (1.0e-04)
382.757 .... 474 packets received, 2542 bps, 31.77%, Err 308 (1.0e-04)
384.885 .... 477 packets received, 2544 bps, 31.80%, Err 308 (1.0e-04)
387.039 .... 480 packets received, 2546 bps, 31.82%, Err 310 (1.0e-04)
389.156 .... 483 packets received, 2548 bps, 31.84%, Err 311 (1.0e-04)
391.340 .... 486 packets received, 2549 bps, 31.86%, Err 315 (1.0e-04)
393.480 .... 494 packets received, 2577 bps, 32.21%, Err 316 (1.0e-04)
395.595 .... 497 packets received, 2579 bps, 32.23%, Err 318 (1.0e-04)
397.762 .... 500 packets received, 2580 bps, 32.25%, Err 319 (1.0e-04)
401.781 .... 505 packets received, 2580 bps, 32.25%, Err 320 (1.0e-04)
405.748 .... 510 packets received, 2580 bps, 32.25%, Err 324 (1.0e-04)
409.800 .... 515 packets received, 2579 bps, 32.24%, Err 329 (1.0e-04)
412.456 .... 520 packets received, 2587 bps, 32.34%, Err 331 (1.0e-04)
414.868 .... 524 packets received, 2592 bps, 32.40%, Err 334 (1.0e-04)
417.783 .... 529 packets received, 2599 bps, 32.48%, Err 336 (1.0e-04)
419.926 .... 531 packets received, 2595 bps, 32.44%, Err 337 (1.0e-04)
423.398 .... 534 packets received, 2588 bps, 32.35%, Err 342 (1.0e-04)
425.596 .... 542 packets received, 2613 bps, 32.67%, Err 343 (1.0e-04)
428.585 .... 548 packets received, 2624 bps, 32.80%, Err 346 (1.0e-04)
433.662 .... 550 packets received, 2603 bps, 32.53%, Err 351 (1.0e-04)
437.425 .... 557 packets received, 2613 bps, 32.66%, Err 354 (1.0e-04)
439.555 .... 560 packets received, 2614 bps, 32.68%, Err 356 (1.0e-04)
445.974 .... 564 packets received, 2595 bps, 32.44%, Err 362 (1.0e-04)
448.082 .... 567 packets received, 2597 bps, 32.46%, Err 363 (1.0e-04)
451.553 .... 573 packets received, 2604 bps, 32.55%, Err 366 (1.0e-04)
453.687 .... 581 packets received, 2628 bps, 32.85%, Err 366 (1.0e-04)
456.624 .... 582 packets received, 2615 bps, 32.69%, Err 370 (1.0e-04)
459.010 .... 586 packets received, 2620 bps, 32.74%, Err 373 (1.0e-04)
462.206 .... 587 packets received, 2606 bps, 32.57%, Err 376 (1.0e-04)
464.860 .... 591 packets received, 2609 bps, 32.61%, Err 378 (1.0e-04)
469.650 .... 597 packets received, 2608 bps, 32.60%, Err 381 (1.0e-04)
472.582 .... 600 packets received, 2605 bps, 32.56%, Err 382 (1.0e-04)
475.006 .... 601 packets received, 2596 bps, 32.45%, Err 382 (1.0e-04)
482.004 .... 606 packets received, 2580 bps, 32.24%, Err 385 (1.0e-04)
485.990 .... 611 packets received, 2579 bps, 32.24%, Err 389 (1.0e-04)
488.662 .... 616 packets received, 2586 bps, 32.33%, Err 391 (1.0e-04)
491.344 .... 621 packets received, 2593 bps, 32.41%, Err 395 (1.0e-04)
493.509 .... 624 packets received, 2594 bps, 32.43%, Err 395 (1.0e-04)
495.665 .... 627 packets received, 2595 bps, 32.44%, Err 397 (1.0e-04)
498.590 .... 628 packets received, 2584 bps, 32.30%, Err 400 (1.0e-04)
500.755 .... 631 packets received, 2585 bps, 32.31%, Err 400 (1.0e-04)
502.899 .... 634 packets received, 2586 bps, 32.33%, Err 400 (1.0e-04)
506.593 .... 638 packets received, 2584 bps, 32.30%, Err 401 (9.9e-05)
508.723 .... 641 packets received, 2585 bps, 32.31%, Err 403 (9.9e-05)
510.928 .... 644 packets received, 2586 bps, 32.32%, Err 406 (9.9e-05)
513.051 .... 647 packets received, 2587 bps, 32.34%, Err 411 (1.0e-04)
516.007 .... 648 packets received, 2576 bps, 32.20%, Err 418 (1.0e-04)
519.752 .... 650 packets received, 2566 bps, 32.07%, Err 423 (1.0e-04)
523.493 .... 657 packets received, 2575 bps, 32.18%, Err 424 (1.0e-04)
526.183 .... 662 packets received, 2581 bps, 32.26%, Err 425 (1.0e-04)
531.495 .... 667 packets received, 2574 bps, 32.18%, Err 428 (1.0e-04)
534.185 .... 672 packets received, 2581 bps, 32.26%, Err 430 (1.0e-04)
538.184 .... 677 packets received, 2580 bps, 32.26%, Err 433 (1.0e-04)
540.586 .... 681 packets received, 2584 bps, 32.30%, Err 436 (1.0e-04)
542.705 .... 684 packets received, 2585 bps, 32.32%, Err 437 (1.0e-04)
546.209 .... 687 packets received, 2580 bps, 32.25%, Err 439 (1.0e-04)
548.378 .... 690 packets received, 2581 bps, 32.26%, Err 440 (1.0e-04)
550.547 .... 693 packets received, 2582 bps, 32.27%, Err 442 (1.0e-04)
553.521 .... 699 packets received, 2590 bps, 32.38%, Err 446 (1.0e-04)
558.322 .... 700 packets received, 2572 bps, 32.15%, Err 450 (1.0e-04)
562.862 .... 706 packets received, 2573 bps, 32.16%, Err 451 (1.0e-04)
565.030 .... 709 packets received, 2574 bps, 32.17%, Err 453 (1.0e-04)
567.142 .... 712 packets received, 2575 bps, 32.19%, Err 453 (1.0e-04)
569.290 .... 715 packets received, 2576 bps, 32.20%, Err 458 (1.0e-04)
571.471 .... 718 packets received, 2577 bps, 32.21%, Err 458 (1.0e-04)
574.938 .... 721 packets received, 2572 bps, 32.15%, Err 462 (1.0e-04)
577.066 .... 724 packets received, 2573 bps, 32.17%, Err 464 (1.0e-04)
579.183 .... 727 packets received, 2575 bps, 32.18%, Err 465 (1.0e-04)
583.480 .... 731 packets received, 2570 bps, 32.12%, Err 468 (1.0e-04)
586.148 .... 736 packets received, 2575 bps, 32.19%, Err 470 (1.0e-04)
588.850 .... 741 packets received, 2581 bps, 32.26%, Err 471 (1.0e-04)
591.025 .... 749 packets received, 2599 bps, 32.49%, Err 472 (1.0e-04)
593.689 .... 754 packets received, 2605 bps, 32.56%, Err 475 (1.0e-04)
596.352 .... 759 packets received, 2610 bps, 32.63%, Err 477 (1.0e-04)
600.337 .... 764 packets received, 2610 bps, 32.63%, Err 479 (1.0e-04)
602.458 .... 767 packets received, 2611 bps, 32.64%, Err 483 (1.0e-04)
604.610 .... 770 packets received, 2612 bps, 32.65%, Err 487 (1.0e-04)
608.899 .... 774 packets received, 2607 bps, 32.59%, Err 489 (1.0e-04)
611.272 .... 778 packets received, 2610 bps, 32.63%, Err 490 (1.0e-04)
613.690 .... 782 packets received, 2613 bps, 32.67%, Err 492 (1.0e-04)
617.731 .... 787 packets received, 2613 bps, 32.66%, Err 493 (1.0e-04)
619.849 .... 790 packets received, 2614 bps, 32.67%, Err 496 (1.0e-04)
622.006 .... 792 packets received, 2611 bps, 32.64%, Err 497 (1.0e-04)
626.288 .... 794 packets received, 2600 bps, 32.50%, Err 501 (1.0e-04)
628.948 .... 796 packets received, 2596 bps, 32.44%, Err 503 (1.0e-04)
631.096 .... 804 packets received, 2613 bps, 32.66%, Err 506 (1.0e-04)
633.486 .... 805 packets received, 2606 bps, 32.58%, Err 510 (1.0e-04)
635.866 .... 806 packets received, 2600 bps, 32.49%, Err 512 (1.0e-04)
639.374 .... 808 packets received, 2592 bps, 32.40%, Err 515 (1.0e-04)
642.838 .... 815 packets received, 2600 bps, 32.50%, Err 518 (1.0e-04)
645.513 .... 820 packets received, 2605 bps, 32.56%, Err 518 (1.0e-04)
648.969 .... 823 packets received, 2601 bps, 32.51%, Err 523 (1.0e-04)
651.403 .... 827 packets received, 2604 bps, 32.54%, Err 526 (1.0e-04)
653.527 .... 830 packets received, 2604 bps, 32.56%, Err 527 (1.0e-04)
657.030 .... 833 packets received, 2600 bps, 32.50%, Err 529 (1.0e-04)
659.134 .... 836 packets received, 2601 bps, 32.51%, Err 530 (1.0e-04)
661.287 .... 839 packets received, 2602 bps, 32.52%, Err 533 (1.0e-04)
663.411 .... 842 packets received, 2603 bps, 32.53%, Err 537 (1.0e-04)
666.627 .... 844 packets received, 2596 bps, 32.45%, Err 541 (1.0e-04)
669.058 .... 848 packets received, 2599 bps, 32.49%, Err 542 (1.0e-04)
673.049 .... 853 packets received, 2599 bps, 32.49%, Err 542 (1.0e-04)
675.198 .... 856 packets received, 2600 bps, 32.50%, Err 543 (1.0e-04)
681.053 .... 858 packets received, 2583 bps, 32.29%, Err 548 (1.0e-04)
683.740 .... 863 packets received, 2588 bps, 32.35%, Err 552 (1.0e-04)
685.890 .... 866 packets received, 2589 bps, 32.36%, Err 552 (1.0e-04)
688.058 .... 869 packets received, 2590 bps, 32.37%, Err 554 (1.0e-04)
693.118 .... 873 packets received, 2583 bps, 32.28%, Err 561 (1.0e-04)
695.812 .... 878 packets received, 2587 bps, 32.34%, Err 562 (1.0e-04)
697.929 .... 881 packets received, 2588 bps, 32.36%, Err 565 (1.0e-04)
700.017 Quit.
