000.000 =============================================================
000.000                     Station B                               
000.000 -------------------------------------------------------------
000.000 Protocol.lib, version 4.0, jiangyanjun0718@bupt.edu.cn
000.000 Channel: 8000 bps, 270 ms propagation delay, bit error rate 1.0E-04
000.000 Log file "fbB.log", TCP port 30015, debug mask 0x00
000.000 Station B is connecting station A (TCP port 30015) ... Done.
000.582 New epoch: Tue Apr 16 20:06:40 2019
000.582 =================================================================
000.582 
000.582 Designed by CJSoft, build: Apr 16 2019  14:04:43
002.965 .... 3 packets received, 2922 bps, 36.52%, Err 2 (1.1e-04)
005.098 .... 6 packets received, 2901 bps, 36.26%, Err 5 (1.4e-04)
008.053 .... 7 packets received, 1994 bps, 24.92%, Err 9 (1.5e-04)
010.177 .... 10 packets received, 2199 bps, 27.48%, Err 10 (1.3e-04)
013.426 .... 12 packets received, 1956 bps, 24.45%, Err 12 (1.2e-04)
017.429 .... 16 packets received, 1978 bps, 24.72%, Err 17 (1.3e-04)
019.558 .... 18 packets received, 1972 bps, 24.65%, Err 18 (1.2e-04)
021.963 .... 20 packets received, 1941 bps, 24.26%, Err 20 (1.2e-04)
025.420 .... 27 packets received, 2252 bps, 28.15%, Err 23 (1.2e-04)
029.941 .... 35 packets received, 2465 bps, 30.81%, Err 25 (1.1e-04)
034.787 .... 43 packets received, 2596 bps, 32.45%, Err 30 (1.1e-04)
038.002 .... 44 packets received, 2426 bps, 30.33%, Err 34 (1.1e-04)
040.661 .... 48 packets received, 2470 bps, 30.88%, Err 37 (1.2e-04)
043.602 .... 52 packets received, 2492 bps, 31.15%, Err 39 (1.1e-04)
047.378 .... 60 packets received, 2642 bps, 33.02%, Err 40 (1.1e-04)
050.821 .... 63 packets received, 2583 bps, 32.28%, Err 45 (1.1e-04)
053.194 .... 67 packets received, 2622 bps, 32.78%, Err 49 (1.2e-04)
056.135 .... 69 packets received, 2557 bps, 31.96%, Err 50 (1.1e-04)
059.614 .... 73 packets received, 2545 bps, 31.81%, Err 51 (1.1e-04)
062.565 .... 78 packets received, 2589 bps, 32.36%, Err 54 (1.1e-04)
066.057 .... 81 packets received, 2544 bps, 31.81%, Err 55 (1.1e-04)
068.186 .... 84 packets received, 2555 bps, 31.94%, Err 56 (1.0e-04)
071.133 .... 89 packets received, 2594 bps, 32.42%, Err 58 (1.0e-04)
073.274 .... 92 packets received, 2602 bps, 32.52%, Err 58 (1.0e-04)
076.747 .... 95 packets received, 2564 bps, 32.05%, Err 61 (1.0e-04)
078.879 .... 98 packets received, 2573 bps, 32.16%, Err 62 (9.9e-05)
081.025 .... 101 packets received, 2580 bps, 32.25%, Err 65 (1.0e-04)
083.158 .... 104 packets received, 2588 bps, 32.35%, Err 67 (1.0e-04)
085.817 .... 109 packets received, 2628 bps, 32.85%, Err 68 (1.0e-04)
087.999 .... 112 packets received, 2632 bps, 32.90%, Err 70 (1.0e-04)
090.408 .... 116 packets received, 2653 bps, 33.16%, Err 75 (1.0e-04)
092.832 .... 120 packets received, 2672 bps, 33.40%, Err 77 (1.0e-04)
094.972 .... 123 packets received, 2677 bps, 33.46%, Err 78 (1.0e-04)
097.131 .... 131 packets received, 2787 bps, 34.84%, Err 78 (1.0e-04)
100.882 .... 135 packets received, 2764 bps, 34.55%, Err 81 (1.0e-04)
103.571 .... 140 packets received, 2792 bps, 34.89%, Err 83 (1.0e-04)
106.257 .... 145 packets received, 2818 bps, 35.22%, Err 85 (1.0e-04)
108.939 .... 150 packets received, 2842 bps, 35.53%, Err 86 (9.9e-05)
112.969 .... 155 packets received, 2832 bps, 35.39%, Err 89 (9.9e-05)
115.108 .... 158 packets received, 2832 bps, 35.40%, Err 93 (1.0e-04)
117.231 .... 159 packets received, 2798 bps, 34.98%, Err 96 (1.0e-04)
119.620 .... 163 packets received, 2811 bps, 35.14%, Err 97 (1.0e-04)
124.467 .... 169 packets received, 2800 bps, 35.00%, Err 99 (1.0e-04)
129.840 .... 174 packets received, 2763 bps, 34.54%, Err 106 (1.0e-04)
131.956 .... 177 packets received, 2765 bps, 34.56%, Err 106 (1.0e-04)
134.630 .... 181 packets received, 2771 bps, 34.64%, Err 109 (1.0e-04)
137.554 .... 182 packets received, 2727 bps, 34.09%, Err 112 (1.0e-04)
140.243 .... 187 packets received, 2748 bps, 34.35%, Err 116 (1.0e-04)
142.974 .... 192 packets received, 2767 bps, 34.59%, Err 118 (1.0e-04)
145.079 .... 195 packets received, 2769 bps, 34.61%, Err 119 (1.0e-04)
147.238 .... 197 packets received, 2756 bps, 34.45%, Err 122 (1.0e-04)
149.343 .... 199 packets received, 2745 bps, 34.31%, Err 125 (1.1e-04)
151.761 .... 200 packets received, 2714 bps, 33.93%, Err 126 (1.0e-04)
154.167 .... 202 packets received, 2699 bps, 33.73%, Err 130 (1.1e-04)
156.835 .... 204 packets received, 2679 bps, 33.48%, Err 132 (1.1e-04)
160.602 .... 210 packets received, 2692 bps, 33.65%, Err 133 (1.0e-04)
162.737 .... 213 packets received, 2695 bps, 33.69%, Err 135 (1.0e-04)
164.855 .... 215 packets received, 2685 bps, 33.56%, Err 135 (1.0e-04)
167.252 .... 219 packets received, 2696 bps, 33.69%, Err 135 (1.0e-04)
171.241 .... 224 packets received, 2693 bps, 33.66%, Err 137 (1.0e-04)
173.394 .... 227 packets received, 2695 bps, 33.68%, Err 138 (1.0e-04)
175.530 .... 230 packets received, 2697 bps, 33.71%, Err 140 (1.0e-04)
181.404 .... 237 packets received, 2688 bps, 33.61%, Err 146 (1.0e-04)
183.525 .... 240 packets received, 2691 bps, 33.64%, Err 147 (1.0e-04)
186.755 .... 242 packets received, 2666 bps, 33.33%, Err 150 (1.0e-04)
188.914 .... 245 packets received, 2668 bps, 33.35%, Err 153 (1.0e-04)
191.624 .... 250 packets received, 2684 bps, 33.55%, Err 154 (1.0e-04)
193.759 .... 258 packets received, 2739 bps, 34.24%, Err 154 (1.0e-04)
197.755 .... 263 packets received, 2736 bps, 34.20%, Err 157 (1.0e-04)
202.634 .... 269 packets received, 2730 bps, 34.13%, Err 159 (9.8e-05)
204.745 .... 272 packets received, 2732 bps, 34.15%, Err 160 (9.8e-05)
206.870 .... 275 packets received, 2734 bps, 34.17%, Err 162 (9.8e-05)
210.629 .... 279 packets received, 2724 bps, 34.05%, Err 163 (9.7e-05)
212.749 .... 282 packets received, 2726 bps, 34.07%, Err 166 (9.8e-05)
214.925 .... 285 packets received, 2727 bps, 34.08%, Err 166 (9.7e-05)
218.929 .... 289 packets received, 2714 bps, 33.93%, Err 168 (9.6e-05)
221.632 .... 294 packets received, 2727 bps, 34.09%, Err 169 (9.6e-05)
225.653 .... 299 packets received, 2724 bps, 34.05%, Err 174 (9.7e-05)
228.343 .... 304 packets received, 2737 bps, 34.21%, Err 177 (9.7e-05)
231.530 .... 306 packets received, 2717 bps, 33.96%, Err 183 (9.9e-05)
237.125 .... 310 packets received, 2687 bps, 33.59%, Err 189 (1.0e-04)
239.256 .... 312 packets received, 2680 bps, 33.50%, Err 190 (1.0e-04)
244.323 .... 316 packets received, 2658 bps, 33.23%, Err 197 (1.0e-04)
248.356 .... 321 packets received, 2656 bps, 33.20%, Err 201 (1.0e-04)
251.018 .... 326 packets received, 2669 bps, 33.36%, Err 202 (1.0e-04)
253.135 .... 329 packets received, 2671 bps, 33.39%, Err 203 (1.0e-04)
255.313 .... 332 packets received, 2672 bps, 33.40%, Err 204 (1.0e-04)
259.018 .... 336 packets received, 2666 bps, 33.32%, Err 207 (1.0e-04)
263.046 .... 341 packets received, 2664 bps, 33.30%, Err 207 (9.9e-05)
265.166 .... 344 packets received, 2666 bps, 33.32%, Err 208 (9.8e-05)
270.524 .... 349 packets received, 2651 bps, 33.13%, Err 211 (9.8e-05)
272.664 .... 352 packets received, 2652 bps, 33.15%, Err 214 (9.8e-05)
274.826 .... 355 packets received, 2654 bps, 33.17%, Err 214 (9.8e-05)
278.587 .... 359 packets received, 2647 bps, 33.09%, Err 217 (9.8e-05)
280.704 .... 362 packets received, 2649 bps, 33.12%, Err 218 (9.7e-05)
283.912 .... 368 packets received, 2663 bps, 33.28%, Err 218 (9.6e-05)
287.958 .... 373 packets received, 2661 bps, 33.26%, Err 225 (9.8e-05)
290.079 .... 376 packets received, 2663 bps, 33.28%, Err 227 (9.8e-05)
293.567 .... 377 packets received, 2638 bps, 32.97%, Err 229 (9.8e-05)
297.313 .... 378 packets received, 2611 bps, 32.64%, Err 238 (1.0e-04)
300.780 .... 384 packets received, 2622 bps, 32.78%, Err 241 (1.0e-04)
303.696 .... 385 packets received, 2604 bps, 32.55%, Err 242 (1.0e-04)
307.162 .... 388 packets received, 2594 bps, 32.43%, Err 247 (1.0e-04)
312.778 .... 395 packets received, 2594 bps, 32.42%, Err 248 (9.9e-05)
315.729 .... 397 packets received, 2582 bps, 32.28%, Err 253 (1.0e-04)
320.273 .... 401 packets received, 2571 bps, 32.14%, Err 256 (1.0e-04)
322.951 .... 406 packets received, 2582 bps, 32.27%, Err 257 (1.0e-04)
325.599 .... 411 packets received, 2592 bps, 32.40%, Err 261 (1.0e-04)
329.030 .... 414 packets received, 2584 bps, 32.30%, Err 263 (1.0e-04)
331.700 .... 418 packets received, 2588 bps, 32.34%, Err 265 (1.0e-04)
334.116 .... 421 packets received, 2587 bps, 32.34%, Err 267 (1.0e-04)
336.780 .... 426 packets received, 2597 bps, 32.47%, Err 269 (1.0e-04)
339.177 .... 430 packets received, 2603 bps, 32.54%, Err 271 (1.0e-04)
342.392 .... 432 packets received, 2591 bps, 32.38%, Err 275 (1.0e-04)
344.525 .... 435 packets received, 2592 bps, 32.40%, Err 276 (1.0e-04)
348.546 .... 437 packets received, 2574 bps, 32.18%, Err 278 (1.0e-04)
350.931 .... 439 packets received, 2568 bps, 32.10%, Err 282 (1.0e-04)
353.618 .... 442 packets received, 2566 bps, 32.08%, Err 283 (1.0e-04)
357.365 .... 449 packets received, 2579 bps, 32.24%, Err 286 (1.0e-04)
361.933 .... 451 packets received, 2558 bps, 31.98%, Err 291 (1.0e-04)
364.643 .... 456 packets received, 2567 bps, 32.09%, Err 294 (1.0e-04)
368.630 .... 461 packets received, 2567 bps, 32.09%, Err 295 (1.0e-04)
373.971 .... 466 packets received, 2558 bps, 31.97%, Err 299 (1.0e-04)
379.306 .... 471 packets received, 2549 bps, 31.86%, Err 304 (1.0e-04)
383.325 .... 476 packets received, 2549 bps, 31.86%, Err 306 (1.0e-04)
387.869 .... 483 packets received, 2556 bps, 31.95%, Err 311 (1.0e-04)
389.993 .... 486 packets received, 2558 bps, 31.97%, Err 314 (1.0e-04)
392.175 .... 489 packets received, 2559 bps, 31.99%, Err 316 (1.0e-04)
395.670 .... 492 packets received, 2552 bps, 31.90%, Err 319 (1.0e-04)
399.409 .... 496 packets received, 2549 bps, 31.86%, Err 324 (1.0e-04)
405.580 .... 502 packets received, 2540 bps, 31.75%, Err 328 (1.0e-04)
408.261 .... 507 packets received, 2549 bps, 31.86%, Err 330 (1.0e-04)
410.667 .... 511 packets received, 2554 bps, 31.92%, Err 332 (1.0e-04)
412.824 .... 513 packets received, 2550 bps, 31.88%, Err 334 (1.0e-04)
417.112 .... 515 packets received, 2534 bps, 31.67%, Err 338 (1.0e-04)
420.319 .... 520 packets received, 2539 bps, 31.74%, Err 339 (1.0e-04)
422.753 .... 522 packets received, 2534 bps, 31.67%, Err 340 (1.0e-04)
424.887 .... 530 packets received, 2560 bps, 32.00%, Err 341 (1.0e-04)
427.074 .... 538 packets received, 2585 bps, 32.31%, Err 341 (1.0e-04)
429.493 .... 542 packets received, 2590 bps, 32.37%, Err 343 (1.0e-04)
431.619 .... 545 packets received, 2591 bps, 32.39%, Err 345 (1.0e-04)
433.726 .... 546 packets received, 2583 bps, 32.29%, Err 347 (1.0e-04)
438.317 .... 551 packets received, 2580 bps, 32.24%, Err 350 (1.0e-04)
440.955 .... 555 packets received, 2583 bps, 32.28%, Err 354 (1.0e-04)
443.397 .... 559 packets received, 2587 bps, 32.34%, Err 356 (1.0e-04)
448.440 .... 562 packets received, 2572 bps, 32.14%, Err 360 (1.0e-04)
450.593 .... 564 packets received, 2568 bps, 32.10%, Err 363 (1.0e-04)
453.024 .... 565 packets received, 2559 bps, 31.99%, Err 364 (1.0e-04)
458.658 .... 568 packets received, 2541 bps, 31.76%, Err 368 (1.0e-04)
461.843 .... 570 packets received, 2532 bps, 31.65%, Err 372 (1.0e-04)
465.315 .... 571 packets received, 2518 bps, 31.47%, Err 376 (1.0e-04)
468.797 .... 572 packets received, 2503 bps, 31.29%, Err 377 (1.0e-04)
473.086 .... 575 packets received, 2494 bps, 31.17%, Err 380 (1.0e-04)
477.863 .... 580 packets received, 2490 bps, 31.13%, Err 387 (1.0e-04)
480.024 .... 588 packets received, 2513 bps, 31.41%, Err 387 (1.0e-04)
484.577 .... 593 packets received, 2511 bps, 31.38%, Err 388 (1.0e-04)
487.241 .... 598 packets received, 2518 bps, 31.48%, Err 388 (1.0e-04)
489.383 .... 601 packets received, 2520 bps, 31.49%, Err 390 (1.0e-04)
491.539 .... 605 packets received, 2525 bps, 31.56%, Err 393 (1.0e-04)
494.742 .... 612 packets received, 2538 bps, 31.72%, Err 395 (1.0e-04)
497.964 .... 614 packets received, 2530 bps, 31.62%, Err 398 (1.0e-04)
500.612 .... 619 packets received, 2537 bps, 31.71%, Err 400 (1.0e-04)
505.727 .... 621 packets received, 2519 bps, 31.49%, Err 408 (1.0e-04)
507.851 .... 622 packets received, 2513 bps, 31.41%, Err 410 (1.0e-04)
509.990 .... 630 packets received, 2534 bps, 31.68%, Err 410 (1.0e-04)
512.941 .... 632 packets received, 2528 bps, 31.60%, Err 413 (1.0e-04)
516.942 .... 637 packets received, 2528 bps, 31.60%, Err 413 (1.0e-04)
522.302 .... 642 packets received, 2522 bps, 31.52%, Err 417 (1.0e-04)
524.422 .... 645 packets received, 2523 bps, 31.54%, Err 420 (1.0e-04)
527.904 .... 651 packets received, 2530 bps, 31.62%, Err 423 (1.0e-04)
530.070 .... 653 packets received, 2527 bps, 31.59%, Err 426 (1.0e-04)
532.195 .... 655 packets received, 2525 bps, 31.56%, Err 426 (1.0e-04)
534.883 .... 657 packets received, 2520 bps, 31.50%, Err 428 (1.0e-04)
537.046 .... 658 packets received, 2513 bps, 31.42%, Err 430 (1.0e-04)
540.221 .... 663 packets received, 2517 bps, 31.47%, Err 434 (1.0e-04)
542.386 .... 664 packets received, 2511 bps, 31.39%, Err 434 (1.0e-04)
545.054 .... 668 packets received, 2514 bps, 31.42%, Err 438 (1.0e-04)
547.180 .... 676 packets received, 2534 bps, 31.68%, Err 438 (1.0e-04)
551.485 .... 682 packets received, 2537 bps, 31.71%, Err 441 (1.0e-04)
553.631 .... 690 packets received, 2556 bps, 31.96%, Err 441 (1.0e-04)
558.418 .... 693 packets received, 2546 bps, 31.82%, Err 446 (1.0e-04)
562.437 .... 698 packets received, 2546 bps, 31.82%, Err 449 (1.0e-04)
564.825 .... 702 packets received, 2549 bps, 31.87%, Err 451 (1.0e-04)
566.985 .... 704 packets received, 2547 bps, 31.83%, Err 453 (1.0e-04)
569.368 .... 707 packets received, 2547 bps, 31.84%, Err 455 (1.0e-04)
572.639 .... 713 packets received, 2554 bps, 31.92%, Err 457 (1.0e-04)
575.019 .... 717 packets received, 2558 bps, 31.97%, Err 459 (1.0e-04)
581.192 .... 719 packets received, 2537 bps, 31.72%, Err 467 (1.0e-04)
584.400 .... 725 packets received, 2544 bps, 31.81%, Err 467 (1.0e-04)
586.805 .... 729 packets received, 2548 bps, 31.85%, Err 470 (1.0e-04)
588.945 .... 732 packets received, 2549 bps, 31.86%, Err 472 (1.0e-04)
591.190 .... 740 packets received, 2567 bps, 32.09%, Err 473 (1.0e-04)
597.870 .... 743 packets received, 2549 bps, 31.86%, Err 480 (1.0e-04)
603.731 .... 745 packets received, 2531 bps, 31.64%, Err 486 (1.0e-04)
608.035 .... 753 packets received, 2540 bps, 31.75%, Err 486 (1.0e-04)
610.183 .... 756 packets received, 2541 bps, 31.76%, Err 490 (1.0e-04)
612.301 .... 759 packets received, 2542 bps, 31.78%, Err 491 (1.0e-04)
615.000 .... 763 packets received, 2544 bps, 31.81%, Err 492 (1.0e-04)
617.668 .... 768 packets received, 2550 bps, 31.88%, Err 494 (1.0e-04)
621.410 .... 773 packets received, 2551 bps, 31.89%, Err 495 (1.0e-04)
623.552 .... 776 packets received, 2552 bps, 31.90%, Err 501 (1.0e-04)
627.019 .... 779 packets received, 2548 bps, 31.85%, Err 505 (1.0e-04)
632.398 .... 784 packets received, 2542 bps, 31.78%, Err 513 (1.0e-04)
634.511 .... 787 packets received, 2544 bps, 31.80%, Err 513 (1.0e-04)
637.707 .... 789 packets received, 2537 bps, 31.72%, Err 516 (1.0e-04)
639.833 .... 792 packets received, 2538 bps, 31.73%, Err 516 (1.0e-04)
643.065 .... 794 packets received, 2532 bps, 31.65%, Err 521 (1.0e-04)
645.756 .... 799 packets received, 2537 bps, 31.72%, Err 522 (1.0e-04)
648.163 .... 803 packets received, 2541 bps, 31.76%, Err 525 (1.0e-04)
652.192 .... 808 packets received, 2541 bps, 31.76%, Err 528 (1.0e-04)
654.863 .... 813 packets received, 2546 bps, 31.82%, Err 529 (1.0e-04)
658.884 .... 818 packets received, 2546 bps, 31.82%, Err 531 (1.0e-04)
661.004 .... 821 packets received, 2547 bps, 31.84%, Err 532 (1.0e-04)
663.138 .... 824 packets received, 2548 bps, 31.85%, Err 533 (1.0e-04)
666.893 .... 828 packets received, 2546 bps, 31.83%, Err 534 (1.0e-04)
669.310 .... 832 packets received, 2549 bps, 31.86%, Err 535 (1.0e-04)
671.459 .... 835 packets received, 2550 bps, 31.88%, Err 537 (1.0e-04)
674.925 .... 838 packets received, 2546 bps, 31.83%, Err 537 (1.0e-04)
680.235 .... 843 packets received, 2541 bps, 31.77%, Err 540 (9.9e-05)
682.638 .... 847 packets received, 2544 bps, 31.80%, Err 546 (1.0e-04)
686.111 .... 850 packets received, 2540 bps, 31.75%, Err 549 (1.0e-04)
689.897 .... 857 packets received, 2547 bps, 31.84%, Err 554 (1.0e-04)
692.021 .... 860 packets received, 2548 bps, 31.85%, Err 555 (1.0e-04)
694.158 .... 863 packets received, 2549 bps, 31.87%, Err 557 (1.0e-04)
697.913 .... 867 packets received, 2547 bps, 31.84%, Err 559 (1.0e-04)
700.021 Quit.
