000.000 =============================================================
000.000                     Station A                               
000.000 -------------------------------------------------------------
000.000 Protocol.lib, version 4.0, jiangyanjun0718@bupt.edu.cn
000.000 Channel: 8000 bps, 270 ms propagation delay, bit error rate 0
000.000 Log file "uA.log", TCP port 30012, debug mask 0x00
000.000 Station A is waiting for station B on TCP port 30012 ... Done.
000.511 New epoch: Tue Apr 16 20:06:40 2019
000.511 =================================================================
000.511 
000.511 Designed by CJSoft, build: Apr 16 2019  14:04:43
003.500 .... 8 packets received, 7444 bps, 93.05%, Err 0 (0.0e+00)
005.651 .... 16 packets received, 7529 bps, 94.12%, Err 0 (0.0e+00)
007.843 .... 24 packets received, 7511 bps, 93.89%, Err 0 (0.0e+00)
010.012 .... 32 packets received, 7522 bps, 94.02%, Err 0 (0.0e+00)
012.195 .... 40 packets received, 7518 bps, 93.98%, Err 0 (0.0e+00)
014.398 .... 48 packets received, 7505 bps, 93.81%, Err 0 (0.0e+00)
016.556 .... 56 packets received, 7517 bps, 93.96%, Err 0 (0.0e+00)
018.731 .... 64 packets received, 7519 bps, 93.99%, Err 0 (0.0e+00)
020.912 .... 72 packets received, 7518 bps, 93.98%, Err 0 (0.0e+00)
023.104 .... 80 packets received, 7514 bps, 93.92%, Err 0 (0.0e+00)
025.263 .... 88 packets received, 7521 bps, 94.01%, Err 0 (0.0e+00)
027.445 .... 96 packets received, 7520 bps, 94.00%, Err 0 (0.0e+00)
029.627 .... 104 packets received, 7519 bps, 93.98%, Err 0 (0.0e+00)
031.790 .... 112 packets received, 7523 bps, 94.03%, Err 0 (0.0e+00)
033.961 .... 120 packets received, 7524 bps, 94.05%, Err 0 (0.0e+00)
036.164 .... 128 packets received, 7519 bps, 93.99%, Err 0 (0.0e+00)
038.337 .... 136 packets received, 7520 bps, 94.00%, Err 0 (0.0e+00)
040.499 .... 144 packets received, 7523 bps, 94.04%, Err 0 (0.0e+00)
042.668 .... 152 packets received, 7525 bps, 94.06%, Err 0 (0.0e+00)
044.851 .... 160 packets received, 7524 bps, 94.05%, Err 0 (0.0e+00)
047.031 .... 168 packets received, 7523 bps, 94.04%, Err 0 (0.0e+00)
049.207 .... 176 packets received, 7524 bps, 94.05%, Err 0 (0.0e+00)
051.385 .... 184 packets received, 7524 bps, 94.05%, Err 0 (0.0e+00)
053.572 .... 192 packets received, 7522 bps, 94.03%, Err 0 (0.0e+00)
055.757 .... 200 packets received, 7521 bps, 94.02%, Err 0 (0.0e+00)
057.926 .... 208 packets received, 7523 bps, 94.03%, Err 0 (0.0e+00)
060.123 .... 216 packets received, 7520 bps, 94.00%, Err 0 (0.0e+00)
062.305 .... 224 packets received, 7520 bps, 94.00%, Err 0 (0.0e+00)
064.472 .... 232 packets received, 7521 bps, 94.01%, Err 0 (0.0e+00)
066.661 .... 240 packets received, 7520 bps, 94.00%, Err 0 (0.0e+00)
068.821 .... 248 packets received, 7522 bps, 94.03%, Err 0 (0.0e+00)
071.006 .... 256 packets received, 7521 bps, 94.02%, Err 0 (0.0e+00)
073.181 .... 264 packets received, 7522 bps, 94.02%, Err 0 (0.0e+00)
075.346 .... 272 packets received, 7523 bps, 94.04%, Err 0 (0.0e+00)
077.535 .... 280 packets received, 7522 bps, 94.02%, Err 0 (0.0e+00)
079.715 .... 288 packets received, 7522 bps, 94.02%, Err 0 (0.0e+00)
081.903 .... 296 packets received, 7521 bps, 94.01%, Err 0 (0.0e+00)
084.085 .... 304 packets received, 7520 bps, 94.01%, Err 0 (0.0e+00)
086.274 .... 312 packets received, 7520 bps, 93.99%, Err 0 (0.0e+00)
088.429 .... 320 packets received, 7522 bps, 94.02%, Err 0 (0.0e+00)
090.624 .... 328 packets received, 7520 bps, 94.00%, Err 0 (0.0e+00)
092.801 .... 336 packets received, 7520 bps, 94.00%, Err 0 (0.0e+00)
094.989 .... 344 packets received, 7520 bps, 94.00%, Err 0 (0.0e+00)
097.166 .... 352 packets received, 7520 bps, 94.00%, Err 0 (0.0e+00)
099.320 .... 360 packets received, 7522 bps, 94.02%, Err 0 (0.0e+00)
104.485 .... 365 packets received, 7244 bps, 90.55%, Err 0 (0.0e+00)
108.632 .... 366 packets received, 6984 bps, 87.29%, Err 0 (0.0e+00)
112.749 .... 367 packets received, 6744 bps, 84.30%, Err 0 (0.0e+00)
116.758 .... 368 packets received, 6528 bps, 81.59%, Err 0 (0.0e+00)
120.781 .... 369 packets received, 6325 bps, 79.06%, Err 0 (0.0e+00)
124.869 .... 370 packets received, 6132 bps, 76.65%, Err 0 (0.0e+00)
128.913 .... 371 packets received, 5954 bps, 74.42%, Err 0 (0.0e+00)
132.943 .... 372 packets received, 5787 bps, 72.34%, Err 0 (0.0e+00)
137.069 .... 373 packets received, 5626 bps, 70.33%, Err 0 (0.0e+00)
141.180 .... 374 packets received, 5476 bps, 68.45%, Err 0 (0.0e+00)
145.223 .... 375 packets received, 5336 bps, 66.70%, Err 0 (0.0e+00)
149.249 .... 376 packets received, 5205 bps, 65.06%, Err 0 (0.0e+00)
153.318 .... 377 packets received, 5079 bps, 63.49%, Err 0 (0.0e+00)
157.452 .... 378 packets received, 4958 bps, 61.97%, Err 0 (0.0e+00)
161.594 .... 379 packets received, 4842 bps, 60.53%, Err 0 (0.0e+00)
165.671 .... 380 packets received, 4735 bps, 59.18%, Err 0 (0.0e+00)
169.767 .... 381 packets received, 4632 bps, 57.90%, Err 0 (0.0e+00)
173.913 .... 382 packets received, 4532 bps, 56.65%, Err 0 (0.0e+00)
178.000 .... 383 packets received, 4439 bps, 55.49%, Err 0 (0.0e+00)
182.052 .... 384 packets received, 4351 bps, 54.39%, Err 0 (0.0e+00)
186.141 .... 385 packets received, 4266 bps, 53.32%, Err 0 (0.0e+00)
190.214 .... 386 packets received, 4185 bps, 52.31%, Err 0 (0.0e+00)
194.374 .... 387 packets received, 4105 bps, 51.31%, Err 0 (0.0e+00)
198.507 .... 388 packets received, 4029 bps, 50.37%, Err 0 (0.0e+00)
200.539 .... 389 packets received, 3999 bps, 49.98%, Err 0 (0.0e+00)
202.679 .... 397 packets received, 4037 bps, 50.47%, Err 0 (0.0e+00)
204.853 .... 405 packets received, 4075 bps, 50.93%, Err 0 (0.0e+00)
207.032 .... 413 packets received, 4111 bps, 51.39%, Err 0 (0.0e+00)
209.199 .... 421 packets received, 4147 bps, 51.84%, Err 0 (0.0e+00)
211.382 .... 429 packets received, 4182 bps, 52.28%, Err 0 (0.0e+00)
213.568 .... 437 packets received, 4216 bps, 52.70%, Err 0 (0.0e+00)
215.742 .... 445 packets received, 4250 bps, 53.12%, Err 0 (0.0e+00)
217.932 .... 453 packets received, 4283 bps, 53.53%, Err 0 (0.0e+00)
220.108 .... 461 packets received, 4315 bps, 53.94%, Err 0 (0.0e+00)
222.287 .... 469 packets received, 4346 bps, 54.33%, Err 0 (0.0e+00)
224.470 .... 477 packets received, 4377 bps, 54.72%, Err 0 (0.0e+00)
226.643 .... 485 packets received, 4408 bps, 55.10%, Err 0 (0.0e+00)
228.828 .... 493 packets received, 4438 bps, 55.47%, Err 0 (0.0e+00)
230.992 .... 501 packets received, 4467 bps, 55.84%, Err 0 (0.0e+00)
233.176 .... 509 packets received, 4496 bps, 56.20%, Err 0 (0.0e+00)
235.364 .... 517 packets received, 4524 bps, 56.54%, Err 0 (0.0e+00)
237.548 .... 525 packets received, 4551 bps, 56.89%, Err 0 (0.0e+00)
239.730 .... 533 packets received, 4578 bps, 57.23%, Err 0 (0.0e+00)
241.896 .... 541 packets received, 4605 bps, 57.56%, Err 0 (0.0e+00)
244.071 .... 549 packets received, 4631 bps, 57.89%, Err 0 (0.0e+00)
246.228 .... 557 packets received, 4657 bps, 58.22%, Err 0 (0.0e+00)
248.430 .... 565 packets received, 4682 bps, 58.53%, Err 0 (0.0e+00)
250.607 .... 573 packets received, 4707 bps, 58.84%, Err 0 (0.0e+00)
252.787 .... 581 packets received, 4731 bps, 59.14%, Err 0 (0.0e+00)
254.961 .... 589 packets received, 4755 bps, 59.44%, Err 0 (0.0e+00)
257.149 .... 597 packets received, 4779 bps, 59.74%, Err 0 (0.0e+00)
259.316 .... 605 packets received, 4802 bps, 60.03%, Err 0 (0.0e+00)
261.507 .... 613 packets received, 4825 bps, 60.31%, Err 0 (0.0e+00)
263.668 .... 621 packets received, 4847 bps, 60.59%, Err 0 (0.0e+00)
265.857 .... 629 packets received, 4869 bps, 60.87%, Err 0 (0.0e+00)
268.023 .... 637 packets received, 4891 bps, 61.14%, Err 0 (0.0e+00)
270.219 .... 645 packets received, 4912 bps, 61.40%, Err 0 (0.0e+00)
272.397 .... 653 packets received, 4933 bps, 61.66%, Err 0 (0.0e+00)
274.561 .... 661 packets received, 4954 bps, 61.92%, Err 0 (0.0e+00)
276.747 .... 669 packets received, 4974 bps, 62.18%, Err 0 (0.0e+00)
278.908 .... 677 packets received, 4994 bps, 62.43%, Err 0 (0.0e+00)
281.100 .... 685 packets received, 5014 bps, 62.67%, Err 0 (0.0e+00)
283.281 .... 693 packets received, 5033 bps, 62.91%, Err 0 (0.0e+00)
285.475 .... 701 packets received, 5052 bps, 63.15%, Err 0 (0.0e+00)
287.641 .... 709 packets received, 5071 bps, 63.39%, Err 0 (0.0e+00)
289.812 .... 717 packets received, 5090 bps, 63.62%, Err 0 (0.0e+00)
292.006 .... 725 packets received, 5108 bps, 63.84%, Err 0 (0.0e+00)
294.176 .... 733 packets received, 5126 bps, 64.07%, Err 0 (0.0e+00)
296.356 .... 741 packets received, 5143 bps, 64.29%, Err 0 (0.0e+00)
298.535 .... 749 packets received, 5161 bps, 64.51%, Err 0 (0.0e+00)
304.450 .... 757 packets received, 5114 bps, 63.93%, Err 0 (0.0e+00)
308.634 .... 758 packets received, 5051 bps, 63.14%, Err 0 (0.0e+00)
312.759 .... 759 packets received, 4991 bps, 62.38%, Err 0 (0.0e+00)
316.820 .... 760 packets received, 4933 bps, 61.66%, Err 0 (0.0e+00)
320.882 .... 761 packets received, 4877 bps, 60.96%, Err 0 (0.0e+00)
325.004 .... 762 packets received, 4821 bps, 60.26%, Err 0 (0.0e+00)
329.121 .... 763 packets received, 4767 bps, 59.58%, Err 0 (0.0e+00)
333.212 .... 764 packets received, 4714 bps, 58.93%, Err 0 (0.0e+00)
337.224 .... 765 packets received, 4664 bps, 58.30%, Err 0 (0.0e+00)
341.320 .... 766 packets received, 4614 bps, 57.67%, Err 0 (0.0e+00)
345.387 .... 767 packets received, 4565 bps, 57.06%, Err 0 (0.0e+00)
349.474 .... 768 packets received, 4517 bps, 56.47%, Err 0 (0.0e+00)
353.616 .... 769 packets received, 4470 bps, 55.88%, Err 0 (0.0e+00)
357.694 .... 770 packets received, 4425 bps, 55.31%, Err 0 (0.0e+00)
361.901 .... 771 packets received, 4379 bps, 54.74%, Err 0 (0.0e+00)
365.987 .... 772 packets received, 4335 bps, 54.19%, Err 0 (0.0e+00)
370.069 .... 773 packets received, 4293 bps, 53.66%, Err 0 (0.0e+00)
374.096 .... 774 packets received, 4252 bps, 53.15%, Err 0 (0.0e+00)
378.253 .... 775 packets received, 4211 bps, 52.63%, Err 0 (0.0e+00)
382.348 .... 776 packets received, 4171 bps, 52.13%, Err 0 (0.0e+00)
386.484 .... 777 packets received, 4131 bps, 51.64%, Err 0 (0.0e+00)
390.573 .... 778 packets received, 4093 bps, 51.16%, Err 0 (0.0e+00)
394.736 .... 779 packets received, 4055 bps, 50.69%, Err 0 (0.0e+00)
398.752 .... 780 packets received, 4019 bps, 50.24%, Err 0 (0.0e+00)
400.791 .... 782 packets received, 4009 bps, 50.11%, Err 0 (0.0e+00)
402.987 .... 790 packets received, 4028 bps, 50.35%, Err 0 (0.0e+00)
405.156 .... 798 packets received, 4047 bps, 50.58%, Err 0 (0.0e+00)
407.338 .... 806 packets received, 4065 bps, 50.82%, Err 0 (0.0e+00)
409.523 .... 814 packets received, 4084 bps, 51.05%, Err 0 (0.0e+00)
411.675 .... 822 packets received, 4102 bps, 51.28%, Err 0 (0.0e+00)
413.878 .... 830 packets received, 4120 bps, 51.50%, Err 0 (0.0e+00)
416.051 .... 838 packets received, 4138 bps, 51.72%, Err 0 (0.0e+00)
418.240 .... 846 packets received, 4156 bps, 51.94%, Err 0 (0.0e+00)
420.396 .... 854 packets received, 4173 bps, 52.17%, Err 0 (0.0e+00)
422.597 .... 862 packets received, 4190 bps, 52.38%, Err 0 (0.0e+00)
424.743 .... 870 packets received, 4208 bps, 52.60%, Err 0 (0.0e+00)
426.930 .... 878 packets received, 4225 bps, 52.81%, Err 0 (0.0e+00)
429.116 .... 886 packets received, 4241 bps, 53.02%, Err 0 (0.0e+00)
431.297 .... 894 packets received, 4258 bps, 53.22%, Err 0 (0.0e+00)
433.487 .... 902 packets received, 4274 bps, 53.43%, Err 0 (0.0e+00)
435.664 .... 910 packets received, 4291 bps, 53.63%, Err 0 (0.0e+00)
437.833 .... 918 packets received, 4307 bps, 53.83%, Err 0 (0.0e+00)
440.025 .... 926 packets received, 4323 bps, 54.03%, Err 0 (0.0e+00)
442.221 .... 934 packets received, 4338 bps, 54.23%, Err 0 (0.0e+00)
444.390 .... 942 packets received, 4354 bps, 54.42%, Err 0 (0.0e+00)
446.573 .... 950 packets received, 4369 bps, 54.62%, Err 0 (0.0e+00)
448.738 .... 958 packets received, 4385 bps, 54.81%, Err 0 (0.0e+00)
450.924 .... 966 packets received, 4400 bps, 55.00%, Err 0 (0.0e+00)
453.091 .... 974 packets received, 4415 bps, 55.19%, Err 0 (0.0e+00)
455.267 .... 982 packets received, 4430 bps, 55.38%, Err 0 (0.0e+00)
457.437 .... 990 packets received, 4445 bps, 55.56%, Err 0 (0.0e+00)
459.611 .... 998 packets received, 4460 bps, 55.75%, Err 0 (0.0e+00)
461.782 .... 1006 packets received, 4474 bps, 55.93%, Err 0 (0.0e+00)
463.966 .... 1014 packets received, 4488 bps, 56.11%, Err 0 (0.0e+00)
466.140 .... 1022 packets received, 4503 bps, 56.28%, Err 0 (0.0e+00)
468.332 .... 1030 packets received, 4517 bps, 56.46%, Err 0 (0.0e+00)
470.515 .... 1038 packets received, 4531 bps, 56.63%, Err 0 (0.0e+00)
472.693 .... 1046 packets received, 4544 bps, 56.81%, Err 0 (0.0e+00)
474.863 .... 1054 packets received, 4558 bps, 56.98%, Err 0 (0.0e+00)
477.048 .... 1062 packets received, 4572 bps, 57.15%, Err 0 (0.0e+00)
479.208 .... 1070 packets received, 4585 bps, 57.32%, Err 0 (0.0e+00)
481.382 .... 1078 packets received, 4599 bps, 57.48%, Err 0 (0.0e+00)
483.557 .... 1086 packets received, 4612 bps, 57.65%, Err 0 (0.0e+00)
485.740 .... 1094 packets received, 4625 bps, 57.81%, Err 0 (0.0e+00)
487.921 .... 1102 packets received, 4638 bps, 57.97%, Err 0 (0.0e+00)
490.099 .... 1110 packets received, 4651 bps, 58.13%, Err 0 (0.0e+00)
492.287 .... 1118 packets received, 4663 bps, 58.29%, Err 0 (0.0e+00)
494.443 .... 1126 packets received, 4676 bps, 58.45%, Err 0 (0.0e+00)
496.623 .... 1134 packets received, 4689 bps, 58.61%, Err 0 (0.0e+00)
498.780 .... 1142 packets received, 4701 bps, 58.77%, Err 0 (0.0e+00)
504.421 .... 1149 packets received, 4677 bps, 58.46%, Err 0 (0.0e+00)
508.490 .... 1150 packets received, 4644 bps, 58.05%, Err 0 (0.0e+00)
512.589 .... 1151 packets received, 4610 bps, 57.63%, Err 0 (0.0e+00)
516.742 .... 1152 packets received, 4577 bps, 57.22%, Err 0 (0.0e+00)
520.813 .... 1153 packets received, 4545 bps, 56.82%, Err 0 (0.0e+00)
524.862 .... 1154 packets received, 4514 bps, 56.43%, Err 0 (0.0e+00)
528.879 .... 1155 packets received, 4484 bps, 56.04%, Err 0 (0.0e+00)
533.047 .... 1156 packets received, 4452 bps, 55.65%, Err 0 (0.0e+00)
537.184 .... 1157 packets received, 4422 bps, 55.27%, Err 0 (0.0e+00)
541.275 .... 1158 packets received, 4392 bps, 54.90%, Err 0 (0.0e+00)
545.352 .... 1159 packets received, 4363 bps, 54.54%, Err 0 (0.0e+00)
549.450 .... 1160 packets received, 4334 bps, 54.17%, Err 0 (0.0e+00)
553.553 .... 1161 packets received, 4305 bps, 53.82%, Err 0 (0.0e+00)
557.695 .... 1162 packets received, 4277 bps, 53.46%, Err 0 (0.0e+00)
561.807 .... 1163 packets received, 4249 bps, 53.12%, Err 0 (0.0e+00)
565.962 .... 1164 packets received, 4222 bps, 52.77%, Err 0 (0.0e+00)
570.009 .... 1165 packets received, 4195 bps, 52.44%, Err 0 (0.0e+00)
574.076 .... 1166 packets received, 4169 bps, 52.11%, Err 0 (0.0e+00)
578.263 .... 1167 packets received, 4142 bps, 51.78%, Err 0 (0.0e+00)
582.513 .... 1168 packets received, 4116 bps, 51.45%, Err 0 (0.0e+00)
586.687 .... 1169 packets received, 4090 bps, 51.12%, Err 0 (0.0e+00)
590.792 .... 1170 packets received, 4065 bps, 50.81%, Err 0 (0.0e+00)
594.977 .... 1171 packets received, 4040 bps, 50.49%, Err 0 (0.0e+00)
599.112 .... 1172 packets received, 4015 bps, 50.19%, Err 0 (0.0e+00)
601.351 .... 1176 packets received, 4014 bps, 50.17%, Err 0 (0.0e+00)
603.529 .... 1184 packets received, 4026 bps, 50.33%, Err 0 (0.0e+00)
605.735 .... 1192 packets received, 4039 bps, 50.49%, Err 0 (0.0e+00)
607.889 .... 1200 packets received, 4052 bps, 50.64%, Err 0 (0.0e+00)
610.066 .... 1208 packets received, 4064 bps, 50.80%, Err 0 (0.0e+00)
612.240 .... 1216 packets received, 4076 bps, 50.95%, Err 0 (0.0e+00)
614.408 .... 1224 packets received, 4089 bps, 51.11%, Err 0 (0.0e+00)
616.604 .... 1232 packets received, 4101 bps, 51.26%, Err 0 (0.0e+00)
618.769 .... 1240 packets received, 4113 bps, 51.41%, Err 0 (0.0e+00)
620.933 .... 1248 packets received, 4125 bps, 51.56%, Err 0 (0.0e+00)
623.121 .... 1256 packets received, 4137 bps, 51.71%, Err 0 (0.0e+00)
625.298 .... 1264 packets received, 4149 bps, 51.86%, Err 0 (0.0e+00)
627.476 .... 1272 packets received, 4160 bps, 52.00%, Err 0 (0.0e+00)
629.651 .... 1280 packets received, 4172 bps, 52.15%, Err 0 (0.0e+00)
631.830 .... 1288 packets received, 4183 bps, 52.29%, Err 0 (0.0e+00)
634.014 .... 1296 packets received, 4195 bps, 52.44%, Err 0 (0.0e+00)
636.182 .... 1304 packets received, 4206 bps, 52.58%, Err 0 (0.0e+00)
638.364 .... 1312 packets received, 4218 bps, 52.72%, Err 0 (0.0e+00)
640.552 .... 1320 packets received, 4229 bps, 52.86%, Err 0 (0.0e+00)
642.728 .... 1328 packets received, 4240 bps, 53.00%, Err 0 (0.0e+00)
644.899 .... 1336 packets received, 4251 bps, 53.14%, Err 0 (0.0e+00)
647.055 .... 1344 packets received, 4262 bps, 53.28%, Err 0 (0.0e+00)
649.251 .... 1352 packets received, 4273 bps, 53.42%, Err 0 (0.0e+00)
651.416 .... 1360 packets received, 4284 bps, 53.55%, Err 0 (0.0e+00)
653.604 .... 1368 packets received, 4295 bps, 53.69%, Err 0 (0.0e+00)
655.773 .... 1376 packets received, 4306 bps, 53.82%, Err 0 (0.0e+00)
657.947 .... 1384 packets received, 4317 bps, 53.96%, Err 0 (0.0e+00)
660.137 .... 1392 packets received, 4327 bps, 54.09%, Err 0 (0.0e+00)
662.340 .... 1400 packets received, 4337 bps, 54.22%, Err 0 (0.0e+00)
664.514 .... 1408 packets received, 4348 bps, 54.35%, Err 0 (0.0e+00)
666.670 .... 1416 packets received, 4358 bps, 54.48%, Err 0 (0.0e+00)
668.858 .... 1424 packets received, 4369 bps, 54.61%, Err 0 (0.0e+00)
671.036 .... 1432 packets received, 4379 bps, 54.74%, Err 0 (0.0e+00)
673.202 .... 1440 packets received, 4389 bps, 54.87%, Err 0 (0.0e+00)
675.397 .... 1448 packets received, 4399 bps, 54.99%, Err 0 (0.0e+00)
677.579 .... 1456 packets received, 4409 bps, 55.12%, Err 0 (0.0e+00)
679.767 .... 1464 packets received, 4419 bps, 55.24%, Err 0 (0.0e+00)
681.936 .... 1472 packets received, 4429 bps, 55.36%, Err 0 (0.0e+00)
684.118 .... 1480 packets received, 4439 bps, 55.49%, Err 0 (0.0e+00)
686.302 .... 1488 packets received, 4449 bps, 55.61%, Err 0 (0.0e+00)
688.481 .... 1496 packets received, 4459 bps, 55.73%, Err 0 (0.0e+00)
690.651 .... 1504 packets received, 4468 bps, 55.85%, Err 0 (0.0e+00)
692.839 .... 1512 packets received, 4478 bps, 55.97%, Err 0 (0.0e+00)
695.003 .... 1520 packets received, 4487 bps, 56.09%, Err 0 (0.0e+00)
697.192 .... 1528 packets received, 4497 bps, 56.21%, Err 0 (0.0e+00)
699.377 .... 1536 packets received, 4506 bps, 56.33%, Err 0 (0.0e+00)
700.020 Quit.
