000.000 =============================================================
000.000                     Station B                               
000.000 -------------------------------------------------------------
000.000 Protocol.lib, version 4.0, jiangyanjun0718@bupt.edu.cn
000.000 Channel: 8000 bps, 270 ms propagation delay, bit error rate 0
000.000 Log file "uB.log", TCP port 30012, debug mask 0x00
000.000 Station B is connecting station A (TCP port 30012) ... Done.
000.509 New epoch: Tue Apr 16 20:06:40 2019
000.509 =================================================================
000.509 
000.509 Designed by CJSoft, build: Apr 16 2019  14:04:43
002.949 .... 8 packets received, 7554 bps, 94.42%, Err 0 (0.0e+00)
005.115 .... 16 packets received, 7559 bps, 94.49%, Err 0 (0.0e+00)
007.292 .... 24 packets received, 7548 bps, 94.35%, Err 0 (0.0e+00)
009.484 .... 32 packets received, 7529 bps, 94.12%, Err 0 (0.0e+00)
011.653 .... 40 packets received, 7534 bps, 94.18%, Err 0 (0.0e+00)
013.832 .... 48 packets received, 7532 bps, 94.15%, Err 0 (0.0e+00)
015.997 .... 56 packets received, 7537 bps, 94.21%, Err 0 (0.0e+00)
018.183 .... 64 packets received, 7532 bps, 94.14%, Err 0 (0.0e+00)
020.364 .... 72 packets received, 7529 bps, 94.12%, Err 0 (0.0e+00)
022.535 .... 80 packets received, 7531 bps, 94.14%, Err 0 (0.0e+00)
024.728 .... 88 packets received, 7526 bps, 94.07%, Err 0 (0.0e+00)
026.887 .... 96 packets received, 7531 bps, 94.14%, Err 0 (0.0e+00)
029.064 .... 104 packets received, 7530 bps, 94.13%, Err 0 (0.0e+00)
031.265 .... 112 packets received, 7524 bps, 94.05%, Err 0 (0.0e+00)
033.437 .... 120 packets received, 7525 bps, 94.07%, Err 0 (0.0e+00)
035.605 .... 128 packets received, 7527 bps, 94.09%, Err 0 (0.0e+00)
037.787 .... 136 packets received, 7526 bps, 94.08%, Err 0 (0.0e+00)
039.944 .... 144 packets received, 7530 bps, 94.13%, Err 0 (0.0e+00)
042.130 .... 152 packets received, 7528 bps, 94.10%, Err 0 (0.0e+00)
044.314 .... 160 packets received, 7527 bps, 94.09%, Err 0 (0.0e+00)
046.495 .... 168 packets received, 7526 bps, 94.08%, Err 0 (0.0e+00)
048.657 .... 176 packets received, 7529 bps, 94.11%, Err 0 (0.0e+00)
050.854 .... 184 packets received, 7526 bps, 94.07%, Err 0 (0.0e+00)
053.019 .... 192 packets received, 7527 bps, 94.09%, Err 0 (0.0e+00)
055.198 .... 200 packets received, 7527 bps, 94.09%, Err 0 (0.0e+00)
057.402 .... 208 packets received, 7523 bps, 94.04%, Err 0 (0.0e+00)
059.567 .... 216 packets received, 7525 bps, 94.06%, Err 0 (0.0e+00)
061.743 .... 224 packets received, 7525 bps, 94.06%, Err 0 (0.0e+00)
063.931 .... 232 packets received, 7524 bps, 94.05%, Err 0 (0.0e+00)
066.121 .... 240 packets received, 7522 bps, 94.03%, Err 0 (0.0e+00)
068.299 .... 248 packets received, 7522 bps, 94.03%, Err 0 (0.0e+00)
070.455 .... 256 packets received, 7525 bps, 94.06%, Err 0 (0.0e+00)
072.647 .... 264 packets received, 7523 bps, 94.04%, Err 0 (0.0e+00)
074.823 .... 272 packets received, 7523 bps, 94.04%, Err 0 (0.0e+00)
077.009 .... 280 packets received, 7523 bps, 94.03%, Err 0 (0.0e+00)
079.169 .... 288 packets received, 7524 bps, 94.05%, Err 0 (0.0e+00)
081.352 .... 296 packets received, 7524 bps, 94.05%, Err 0 (0.0e+00)
083.534 .... 304 packets received, 7523 bps, 94.04%, Err 0 (0.0e+00)
085.722 .... 312 packets received, 7522 bps, 94.03%, Err 0 (0.0e+00)
087.904 .... 320 packets received, 7522 bps, 94.03%, Err 0 (0.0e+00)
090.075 .... 328 packets received, 7523 bps, 94.03%, Err 0 (0.0e+00)
092.261 .... 336 packets received, 7522 bps, 94.03%, Err 0 (0.0e+00)
094.435 .... 344 packets received, 7522 bps, 94.03%, Err 0 (0.0e+00)
096.619 .... 352 packets received, 7522 bps, 94.02%, Err 0 (0.0e+00)
098.788 .... 360 packets received, 7523 bps, 94.03%, Err 0 (0.0e+00)
100.966 .... 368 packets received, 7523 bps, 94.03%, Err 0 (0.0e+00)
103.098 .... 371 packets received, 7426 bps, 92.82%, Err 0 (0.0e+00)
105.204 .... 374 packets received, 7335 bps, 91.69%, Err 0 (0.0e+00)
107.341 .... 382 packets received, 7342 bps, 91.77%, Err 0 (0.0e+00)
109.461 .... 390 packets received, 7349 bps, 91.87%, Err 0 (0.0e+00)
111.575 .... 398 packets received, 7357 bps, 91.96%, Err 0 (0.0e+00)
113.701 .... 406 packets received, 7363 bps, 92.04%, Err 0 (0.0e+00)
115.833 .... 414 packets received, 7369 bps, 92.12%, Err 0 (0.0e+00)
117.945 .... 422 packets received, 7376 bps, 92.21%, Err 0 (0.0e+00)
120.085 .... 430 packets received, 7381 bps, 92.27%, Err 0 (0.0e+00)
122.214 .... 438 packets received, 7387 bps, 92.34%, Err 0 (0.0e+00)
124.317 .... 446 packets received, 7394 bps, 92.42%, Err 0 (0.0e+00)
126.450 .... 454 packets received, 7399 bps, 92.48%, Err 0 (0.0e+00)
128.582 .... 462 packets received, 7403 bps, 92.54%, Err 0 (0.0e+00)
130.699 .... 470 packets received, 7409 bps, 92.61%, Err 0 (0.0e+00)
132.806 .... 478 packets received, 7415 bps, 92.68%, Err 0 (0.0e+00)
134.957 .... 486 packets received, 7418 bps, 92.73%, Err 0 (0.0e+00)
137.054 .... 494 packets received, 7424 bps, 92.80%, Err 0 (0.0e+00)
139.206 .... 502 packets received, 7427 bps, 92.84%, Err 0 (0.0e+00)
141.319 .... 510 packets received, 7432 bps, 92.90%, Err 0 (0.0e+00)
143.441 .... 518 packets received, 7436 bps, 92.95%, Err 0 (0.0e+00)
145.562 .... 526 packets received, 7440 bps, 93.01%, Err 0 (0.0e+00)
147.681 .... 534 packets received, 7445 bps, 93.06%, Err 0 (0.0e+00)
149.805 .... 542 packets received, 7449 bps, 93.11%, Err 0 (0.0e+00)
151.925 .... 550 packets received, 7452 bps, 93.16%, Err 0 (0.0e+00)
154.053 .... 558 packets received, 7456 bps, 93.20%, Err 0 (0.0e+00)
156.173 .... 566 packets received, 7460 bps, 93.24%, Err 0 (0.0e+00)
158.308 .... 574 packets received, 7462 bps, 93.28%, Err 0 (0.0e+00)
160.436 .... 582 packets received, 7466 bps, 93.32%, Err 0 (0.0e+00)
162.549 .... 590 packets received, 7469 bps, 93.37%, Err 0 (0.0e+00)
164.679 .... 598 packets received, 7472 bps, 93.40%, Err 0 (0.0e+00)
166.804 .... 606 packets received, 7475 bps, 93.44%, Err 0 (0.0e+00)
168.917 .... 614 packets received, 7479 bps, 93.49%, Err 0 (0.0e+00)
171.049 .... 622 packets received, 7481 bps, 93.52%, Err 0 (0.0e+00)
173.154 .... 630 packets received, 7485 bps, 93.56%, Err 0 (0.0e+00)
175.307 .... 638 packets received, 7487 bps, 93.58%, Err 0 (0.0e+00)
177.420 .... 646 packets received, 7490 bps, 93.62%, Err 0 (0.0e+00)
179.549 .... 654 packets received, 7492 bps, 93.65%, Err 0 (0.0e+00)
181.676 .... 662 packets received, 7495 bps, 93.68%, Err 0 (0.0e+00)
183.781 .... 670 packets received, 7498 bps, 93.73%, Err 0 (0.0e+00)
185.911 .... 678 packets received, 7500 bps, 93.75%, Err 0 (0.0e+00)
188.033 .... 686 packets received, 7503 bps, 93.79%, Err 0 (0.0e+00)
190.160 .... 694 packets received, 7505 bps, 93.81%, Err 0 (0.0e+00)
192.269 .... 702 packets received, 7508 bps, 93.85%, Err 0 (0.0e+00)
194.407 .... 710 packets received, 7510 bps, 93.87%, Err 0 (0.0e+00)
196.519 .... 718 packets received, 7512 bps, 93.90%, Err 0 (0.0e+00)
198.646 .... 726 packets received, 7514 bps, 93.93%, Err 0 (0.0e+00)
200.777 .... 734 packets received, 7516 bps, 93.95%, Err 0 (0.0e+00)
202.935 .... 742 packets received, 7517 bps, 93.96%, Err 0 (0.0e+00)
205.134 .... 750 packets received, 7516 bps, 93.95%, Err 0 (0.0e+00)
207.289 .... 758 packets received, 7517 bps, 93.97%, Err 0 (0.0e+00)
209.470 .... 766 packets received, 7517 bps, 93.97%, Err 0 (0.0e+00)
211.673 .... 774 packets received, 7516 bps, 93.95%, Err 0 (0.0e+00)
213.848 .... 782 packets received, 7517 bps, 93.96%, Err 0 (0.0e+00)
216.025 .... 790 packets received, 7517 bps, 93.96%, Err 0 (0.0e+00)
218.199 .... 798 packets received, 7517 bps, 93.96%, Err 0 (0.0e+00)
220.381 .... 806 packets received, 7517 bps, 93.96%, Err 0 (0.0e+00)
222.558 .... 814 packets received, 7517 bps, 93.96%, Err 0 (0.0e+00)
224.744 .... 822 packets received, 7517 bps, 93.96%, Err 0 (0.0e+00)
226.925 .... 830 packets received, 7517 bps, 93.96%, Err 0 (0.0e+00)
229.100 .... 838 packets received, 7517 bps, 93.96%, Err 0 (0.0e+00)
231.277 .... 846 packets received, 7517 bps, 93.96%, Err 0 (0.0e+00)
233.461 .... 854 packets received, 7517 bps, 93.96%, Err 0 (0.0e+00)
235.645 .... 862 packets received, 7517 bps, 93.96%, Err 0 (0.0e+00)
237.832 .... 870 packets received, 7516 bps, 93.95%, Err 0 (0.0e+00)
239.994 .... 878 packets received, 7517 bps, 93.96%, Err 0 (0.0e+00)
242.178 .... 886 packets received, 7517 bps, 93.96%, Err 0 (0.0e+00)
244.332 .... 894 packets received, 7518 bps, 93.97%, Err 0 (0.0e+00)
246.529 .... 902 packets received, 7517 bps, 93.96%, Err 0 (0.0e+00)
248.682 .... 910 packets received, 7518 bps, 93.97%, Err 0 (0.0e+00)
250.879 .... 918 packets received, 7517 bps, 93.97%, Err 0 (0.0e+00)
253.056 .... 926 packets received, 7517 bps, 93.97%, Err 0 (0.0e+00)
255.236 .... 934 packets received, 7517 bps, 93.97%, Err 0 (0.0e+00)
257.419 .... 942 packets received, 7517 bps, 93.97%, Err 0 (0.0e+00)
259.598 .... 950 packets received, 7517 bps, 93.97%, Err 0 (0.0e+00)
261.773 .... 958 packets received, 7517 bps, 93.97%, Err 0 (0.0e+00)
263.965 .... 966 packets received, 7517 bps, 93.96%, Err 0 (0.0e+00)
266.137 .... 974 packets received, 7517 bps, 93.97%, Err 0 (0.0e+00)
268.305 .... 982 packets received, 7518 bps, 93.97%, Err 0 (0.0e+00)
270.493 .... 990 packets received, 7517 bps, 93.97%, Err 0 (0.0e+00)
272.666 .... 998 packets received, 7518 bps, 93.97%, Err 0 (0.0e+00)
274.827 .... 1006 packets received, 7518 bps, 93.98%, Err 0 (0.0e+00)
277.000 .... 1014 packets received, 7518 bps, 93.98%, Err 0 (0.0e+00)
279.199 .... 1022 packets received, 7518 bps, 93.97%, Err 0 (0.0e+00)
281.375 .... 1030 packets received, 7518 bps, 93.97%, Err 0 (0.0e+00)
283.556 .... 1038 packets received, 7518 bps, 93.97%, Err 0 (0.0e+00)
285.725 .... 1046 packets received, 7518 bps, 93.97%, Err 0 (0.0e+00)
287.925 .... 1054 packets received, 7517 bps, 93.97%, Err 0 (0.0e+00)
290.094 .... 1062 packets received, 7518 bps, 93.97%, Err 0 (0.0e+00)
292.257 .... 1070 packets received, 7518 bps, 93.98%, Err 0 (0.0e+00)
294.429 .... 1078 packets received, 7518 bps, 93.98%, Err 0 (0.0e+00)
296.641 .... 1086 packets received, 7517 bps, 93.97%, Err 0 (0.0e+00)
298.785 .... 1094 packets received, 7518 bps, 93.98%, Err 0 (0.0e+00)
300.972 .... 1102 packets received, 7518 bps, 93.98%, Err 0 (0.0e+00)
303.096 .... 1110 packets received, 7520 bps, 93.99%, Err 0 (0.0e+00)
305.223 .... 1118 packets received, 7521 bps, 94.01%, Err 0 (0.0e+00)
307.333 .... 1126 packets received, 7523 bps, 94.03%, Err 0 (0.0e+00)
309.466 .... 1134 packets received, 7524 bps, 94.05%, Err 0 (0.0e+00)
311.567 .... 1142 packets received, 7525 bps, 94.07%, Err 0 (0.0e+00)
313.713 .... 1150 packets received, 7526 bps, 94.08%, Err 0 (0.0e+00)
315.815 .... 1158 packets received, 7528 bps, 94.10%, Err 0 (0.0e+00)
317.950 .... 1166 packets received, 7529 bps, 94.11%, Err 0 (0.0e+00)
320.084 .... 1174 packets received, 7530 bps, 94.12%, Err 0 (0.0e+00)
322.214 .... 1182 packets received, 7531 bps, 94.14%, Err 0 (0.0e+00)
324.326 .... 1190 packets received, 7533 bps, 94.16%, Err 0 (0.0e+00)
326.454 .... 1198 packets received, 7534 bps, 94.17%, Err 0 (0.0e+00)
328.571 .... 1206 packets received, 7535 bps, 94.19%, Err 0 (0.0e+00)
330.695 .... 1214 packets received, 7536 bps, 94.20%, Err 0 (0.0e+00)
332.827 .... 1222 packets received, 7537 bps, 94.21%, Err 0 (0.0e+00)
334.936 .... 1230 packets received, 7539 bps, 94.23%, Err 0 (0.0e+00)
337.065 .... 1238 packets received, 7540 bps, 94.24%, Err 0 (0.0e+00)
339.193 .... 1246 packets received, 7541 bps, 94.26%, Err 0 (0.0e+00)
341.319 .... 1254 packets received, 7542 bps, 94.27%, Err 0 (0.0e+00)
343.438 .... 1262 packets received, 7543 bps, 94.28%, Err 0 (0.0e+00)
345.563 .... 1270 packets received, 7544 bps, 94.30%, Err 0 (0.0e+00)
347.681 .... 1278 packets received, 7545 bps, 94.31%, Err 0 (0.0e+00)
349.814 .... 1286 packets received, 7546 bps, 94.32%, Err 0 (0.0e+00)
351.934 .... 1294 packets received, 7547 bps, 94.34%, Err 0 (0.0e+00)
354.066 .... 1302 packets received, 7548 bps, 94.35%, Err 0 (0.0e+00)
356.191 .... 1310 packets received, 7549 bps, 94.36%, Err 0 (0.0e+00)
358.306 .... 1318 packets received, 7550 bps, 94.37%, Err 0 (0.0e+00)
360.440 .... 1326 packets received, 7551 bps, 94.38%, Err 0 (0.0e+00)
362.563 .... 1334 packets received, 7552 bps, 94.39%, Err 0 (0.0e+00)
364.690 .... 1342 packets received, 7552 bps, 94.41%, Err 0 (0.0e+00)
366.814 .... 1350 packets received, 7553 bps, 94.42%, Err 0 (0.0e+00)
368.935 .... 1358 packets received, 7554 bps, 94.43%, Err 0 (0.0e+00)
371.050 .... 1366 packets received, 7555 bps, 94.44%, Err 0 (0.0e+00)
373.186 .... 1374 packets received, 7556 bps, 94.45%, Err 0 (0.0e+00)
375.315 .... 1382 packets received, 7557 bps, 94.46%, Err 0 (0.0e+00)
377.422 .... 1390 packets received, 7558 bps, 94.48%, Err 0 (0.0e+00)
379.545 .... 1398 packets received, 7559 bps, 94.49%, Err 0 (0.0e+00)
381.660 .... 1406 packets received, 7560 bps, 94.50%, Err 0 (0.0e+00)
383.805 .... 1414 packets received, 7561 bps, 94.51%, Err 0 (0.0e+00)
385.918 .... 1422 packets received, 7562 bps, 94.52%, Err 0 (0.0e+00)
388.048 .... 1430 packets received, 7562 bps, 94.53%, Err 0 (0.0e+00)
390.182 .... 1438 packets received, 7563 bps, 94.54%, Err 0 (0.0e+00)
392.290 .... 1446 packets received, 7564 bps, 94.55%, Err 0 (0.0e+00)
394.412 .... 1454 packets received, 7565 bps, 94.56%, Err 0 (0.0e+00)
396.554 .... 1462 packets received, 7565 bps, 94.57%, Err 0 (0.0e+00)
398.673 .... 1470 packets received, 7566 bps, 94.58%, Err 0 (0.0e+00)
400.806 .... 1478 packets received, 7567 bps, 94.59%, Err 0 (0.0e+00)
402.956 .... 1486 packets received, 7567 bps, 94.59%, Err 0 (0.0e+00)
405.141 .... 1494 packets received, 7567 bps, 94.58%, Err 0 (0.0e+00)
407.354 .... 1502 packets received, 7566 bps, 94.57%, Err 0 (0.0e+00)
409.507 .... 1510 packets received, 7566 bps, 94.58%, Err 0 (0.0e+00)
411.692 .... 1518 packets received, 7566 bps, 94.57%, Err 0 (0.0e+00)
413.872 .... 1526 packets received, 7566 bps, 94.57%, Err 0 (0.0e+00)
416.050 .... 1534 packets received, 7565 bps, 94.57%, Err 0 (0.0e+00)
418.224 .... 1542 packets received, 7565 bps, 94.56%, Err 0 (0.0e+00)
420.412 .... 1550 packets received, 7565 bps, 94.56%, Err 0 (0.0e+00)
422.579 .... 1558 packets received, 7565 bps, 94.56%, Err 0 (0.0e+00)
424.775 .... 1566 packets received, 7564 bps, 94.55%, Err 0 (0.0e+00)
426.943 .... 1574 packets received, 7564 bps, 94.55%, Err 0 (0.0e+00)
429.112 .... 1582 packets received, 7564 bps, 94.55%, Err 0 (0.0e+00)
431.287 .... 1590 packets received, 7564 bps, 94.55%, Err 0 (0.0e+00)
433.475 .... 1598 packets received, 7564 bps, 94.54%, Err 0 (0.0e+00)
435.656 .... 1606 packets received, 7563 bps, 94.54%, Err 0 (0.0e+00)
437.862 .... 1614 packets received, 7563 bps, 94.53%, Err 0 (0.0e+00)
440.040 .... 1622 packets received, 7562 bps, 94.53%, Err 0 (0.0e+00)
442.221 .... 1630 packets received, 7562 bps, 94.53%, Err 0 (0.0e+00)
444.388 .... 1638 packets received, 7562 bps, 94.53%, Err 0 (0.0e+00)
446.558 .... 1646 packets received, 7562 bps, 94.53%, Err 0 (0.0e+00)
448.722 .... 1654 packets received, 7562 bps, 94.53%, Err 0 (0.0e+00)
450.906 .... 1662 packets received, 7562 bps, 94.52%, Err 0 (0.0e+00)
453.087 .... 1670 packets received, 7562 bps, 94.52%, Err 0 (0.0e+00)
455.262 .... 1678 packets received, 7561 bps, 94.52%, Err 0 (0.0e+00)
457.455 .... 1686 packets received, 7561 bps, 94.51%, Err 0 (0.0e+00)
459.626 .... 1694 packets received, 7561 bps, 94.51%, Err 0 (0.0e+00)
461.793 .... 1702 packets received, 7561 bps, 94.51%, Err 0 (0.0e+00)
463.977 .... 1710 packets received, 7561 bps, 94.51%, Err 0 (0.0e+00)
466.151 .... 1718 packets received, 7561 bps, 94.51%, Err 0 (0.0e+00)
468.326 .... 1726 packets received, 7560 bps, 94.51%, Err 0 (0.0e+00)
470.506 .... 1734 packets received, 7560 bps, 94.50%, Err 0 (0.0e+00)
472.694 .... 1742 packets received, 7560 bps, 94.50%, Err 0 (0.0e+00)
474.843 .... 1750 packets received, 7560 bps, 94.50%, Err 0 (0.0e+00)
477.016 .... 1758 packets received, 7560 bps, 94.50%, Err 0 (0.0e+00)
479.210 .... 1766 packets received, 7560 bps, 94.50%, Err 0 (0.0e+00)
481.390 .... 1774 packets received, 7559 bps, 94.49%, Err 0 (0.0e+00)
483.565 .... 1782 packets received, 7559 bps, 94.49%, Err 0 (0.0e+00)
485.754 .... 1790 packets received, 7559 bps, 94.49%, Err 0 (0.0e+00)
487.911 .... 1798 packets received, 7559 bps, 94.49%, Err 0 (0.0e+00)
490.099 .... 1806 packets received, 7559 bps, 94.49%, Err 0 (0.0e+00)
492.286 .... 1814 packets received, 7559 bps, 94.48%, Err 0 (0.0e+00)
494.444 .... 1822 packets received, 7559 bps, 94.48%, Err 0 (0.0e+00)
496.623 .... 1830 packets received, 7559 bps, 94.48%, Err 0 (0.0e+00)
498.792 .... 1838 packets received, 7559 bps, 94.48%, Err 0 (0.0e+00)
500.972 .... 1846 packets received, 7558 bps, 94.48%, Err 0 (0.0e+00)
503.092 .... 1854 packets received, 7559 bps, 94.49%, Err 0 (0.0e+00)
505.225 .... 1862 packets received, 7560 bps, 94.49%, Err 0 (0.0e+00)
507.355 .... 1870 packets received, 7560 bps, 94.50%, Err 0 (0.0e+00)
509.473 .... 1878 packets received, 7561 bps, 94.51%, Err 0 (0.0e+00)
511.597 .... 1886 packets received, 7561 bps, 94.52%, Err 0 (0.0e+00)
513.723 .... 1894 packets received, 7562 bps, 94.53%, Err 0 (0.0e+00)
515.839 .... 1902 packets received, 7563 bps, 94.54%, Err 0 (0.0e+00)
517.964 .... 1910 packets received, 7563 bps, 94.54%, Err 0 (0.0e+00)
520.097 .... 1918 packets received, 7564 bps, 94.55%, Err 0 (0.0e+00)
522.219 .... 1926 packets received, 7565 bps, 94.56%, Err 0 (0.0e+00)
524.332 .... 1934 packets received, 7565 bps, 94.57%, Err 0 (0.0e+00)
526.482 .... 1942 packets received, 7566 bps, 94.57%, Err 0 (0.0e+00)
528.588 .... 1950 packets received, 7566 bps, 94.58%, Err 0 (0.0e+00)
530.709 .... 1958 packets received, 7567 bps, 94.59%, Err 0 (0.0e+00)
532.827 .... 1966 packets received, 7568 bps, 94.60%, Err 0 (0.0e+00)
534.976 .... 1974 packets received, 7568 bps, 94.60%, Err 0 (0.0e+00)
537.083 .... 1982 packets received, 7569 bps, 94.61%, Err 0 (0.0e+00)
539.201 .... 1990 packets received, 7569 bps, 94.62%, Err 0 (0.0e+00)
541.335 .... 1998 packets received, 7570 bps, 94.62%, Err 0 (0.0e+00)
543.456 .... 2006 packets received, 7570 bps, 94.63%, Err 0 (0.0e+00)
545.584 .... 2014 packets received, 7571 bps, 94.64%, Err 0 (0.0e+00)
547.710 .... 2022 packets received, 7571 bps, 94.64%, Err 0 (0.0e+00)
549.825 .... 2030 packets received, 7572 bps, 94.65%, Err 0 (0.0e+00)
551.952 .... 2038 packets received, 7573 bps, 94.66%, Err 0 (0.0e+00)
554.072 .... 2046 packets received, 7573 bps, 94.67%, Err 0 (0.0e+00)
556.202 .... 2054 packets received, 7574 bps, 94.67%, Err 0 (0.0e+00)
558.334 .... 2062 packets received, 7574 bps, 94.68%, Err 0 (0.0e+00)
560.449 .... 2070 packets received, 7575 bps, 94.68%, Err 0 (0.0e+00)
562.580 .... 2078 packets received, 7575 bps, 94.69%, Err 0 (0.0e+00)
564.697 .... 2086 packets received, 7576 bps, 94.70%, Err 0 (0.0e+00)
566.822 .... 2094 packets received, 7576 bps, 94.70%, Err 0 (0.0e+00)
568.941 .... 2102 packets received, 7577 bps, 94.71%, Err 0 (0.0e+00)
571.074 .... 2110 packets received, 7577 bps, 94.72%, Err 0 (0.0e+00)
573.190 .... 2118 packets received, 7578 bps, 94.72%, Err 0 (0.0e+00)
575.332 .... 2126 packets received, 7578 bps, 94.73%, Err 0 (0.0e+00)
577.442 .... 2134 packets received, 7579 bps, 94.74%, Err 0 (0.0e+00)
579.561 .... 2142 packets received, 7579 bps, 94.74%, Err 0 (0.0e+00)
581.693 .... 2150 packets received, 7580 bps, 94.75%, Err 0 (0.0e+00)
583.824 .... 2158 packets received, 7580 bps, 94.75%, Err 0 (0.0e+00)
585.942 .... 2166 packets received, 7581 bps, 94.76%, Err 0 (0.0e+00)
588.065 .... 2174 packets received, 7581 bps, 94.77%, Err 0 (0.0e+00)
590.190 .... 2182 packets received, 7582 bps, 94.77%, Err 0 (0.0e+00)
592.321 .... 2190 packets received, 7582 bps, 94.78%, Err 0 (0.0e+00)
594.441 .... 2198 packets received, 7583 bps, 94.78%, Err 0 (0.0e+00)
596.567 .... 2206 packets received, 7583 bps, 94.79%, Err 0 (0.0e+00)
598.691 .... 2214 packets received, 7584 bps, 94.79%, Err 0 (0.0e+00)
600.820 .... 2222 packets received, 7584 bps, 94.80%, Err 0 (0.0e+00)
602.998 .... 2230 packets received, 7584 bps, 94.80%, Err 0 (0.0e+00)
605.185 .... 2238 packets received, 7583 bps, 94.79%, Err 0 (0.0e+00)
607.360 .... 2246 packets received, 7583 bps, 94.79%, Err 0 (0.0e+00)
609.543 .... 2254 packets received, 7583 bps, 94.79%, Err 0 (0.0e+00)
611.722 .... 2262 packets received, 7583 bps, 94.78%, Err 0 (0.0e+00)
613.877 .... 2270 packets received, 7583 bps, 94.78%, Err 0 (0.0e+00)
616.027 .... 2278 packets received, 7583 bps, 94.79%, Err 0 (0.0e+00)
618.236 .... 2286 packets received, 7582 bps, 94.78%, Err 0 (0.0e+00)
620.400 .... 2294 packets received, 7582 bps, 94.78%, Err 0 (0.0e+00)
622.554 .... 2302 packets received, 7582 bps, 94.78%, Err 0 (0.0e+00)
624.765 .... 2310 packets received, 7582 bps, 94.77%, Err 0 (0.0e+00)
626.929 .... 2318 packets received, 7582 bps, 94.77%, Err 0 (0.0e+00)
629.105 .... 2326 packets received, 7582 bps, 94.77%, Err 0 (0.0e+00)
631.288 .... 2334 packets received, 7581 bps, 94.77%, Err 0 (0.0e+00)
633.455 .... 2342 packets received, 7581 bps, 94.76%, Err 0 (0.0e+00)
635.626 .... 2350 packets received, 7581 bps, 94.76%, Err 0 (0.0e+00)
637.829 .... 2358 packets received, 7581 bps, 94.76%, Err 0 (0.0e+00)
640.005 .... 2366 packets received, 7580 bps, 94.75%, Err 0 (0.0e+00)
642.163 .... 2374 packets received, 7580 bps, 94.76%, Err 0 (0.0e+00)
644.365 .... 2382 packets received, 7580 bps, 94.75%, Err 0 (0.0e+00)
646.517 .... 2390 packets received, 7580 bps, 94.75%, Err 0 (0.0e+00)
648.702 .... 2398 packets received, 7580 bps, 94.75%, Err 0 (0.0e+00)
650.865 .... 2406 packets received, 7580 bps, 94.75%, Err 0 (0.0e+00)
653.042 .... 2414 packets received, 7580 bps, 94.74%, Err 0 (0.0e+00)
655.225 .... 2422 packets received, 7579 bps, 94.74%, Err 0 (0.0e+00)
657.409 .... 2430 packets received, 7579 bps, 94.74%, Err 0 (0.0e+00)
659.604 .... 2438 packets received, 7579 bps, 94.73%, Err 0 (0.0e+00)
661.789 .... 2446 packets received, 7578 bps, 94.73%, Err 0 (0.0e+00)
663.944 .... 2454 packets received, 7579 bps, 94.73%, Err 0 (0.0e+00)
666.125 .... 2462 packets received, 7578 bps, 94.73%, Err 0 (0.0e+00)
668.308 .... 2470 packets received, 7578 bps, 94.73%, Err 0 (0.0e+00)
670.487 .... 2478 packets received, 7578 bps, 94.72%, Err 0 (0.0e+00)
672.681 .... 2486 packets received, 7577 bps, 94.72%, Err 0 (0.0e+00)
674.858 .... 2494 packets received, 7577 bps, 94.72%, Err 0 (0.0e+00)
677.031 .... 2502 packets received, 7577 bps, 94.72%, Err 0 (0.0e+00)
679.232 .... 2510 packets received, 7577 bps, 94.71%, Err 0 (0.0e+00)
681.391 .... 2518 packets received, 7577 bps, 94.71%, Err 0 (0.0e+00)
683.568 .... 2526 packets received, 7577 bps, 94.71%, Err 0 (0.0e+00)
685.764 .... 2534 packets received, 7576 bps, 94.70%, Err 0 (0.0e+00)
687.932 .... 2542 packets received, 7576 bps, 94.70%, Err 0 (0.0e+00)
690.101 .... 2550 packets received, 7576 bps, 94.70%, Err 0 (0.0e+00)
692.304 .... 2558 packets received, 7576 bps, 94.70%, Err 0 (0.0e+00)
694.466 .... 2566 packets received, 7576 bps, 94.70%, Err 0 (0.0e+00)
696.642 .... 2574 packets received, 7576 bps, 94.69%, Err 0 (0.0e+00)
698.823 .... 2582 packets received, 7575 bps, 94.69%, Err 0 (0.0e+00)
700.016 Quit.
