000.000 =============================================================
000.000                     Station A                               
000.000 -------------------------------------------------------------
000.000 Protocol.lib, version 4.0, jiangyanjun0718@bupt.edu.cn
000.000 Channel: 8000 bps, 270 ms propagation delay, bit error rate 0
000.000 Log file "ufA.log", TCP port 30013, debug mask 0x00
000.000 Station A is waiting for station B on TCP port 30013 ... Done.
000.543 New epoch: Tue Apr 16 20:06:40 2019
000.543 =================================================================
000.543 
000.543 Designed by CJSoft, build: Apr 16 2019  14:04:43
002.980 .... 8 packets received, 7571 bps, 94.64%, Err 0 (0.0e+00)
005.146 .... 16 packets received, 7568 bps, 94.60%, Err 0 (0.0e+00)
007.334 .... 24 packets received, 7541 bps, 94.26%, Err 0 (0.0e+00)
009.511 .... 32 packets received, 7537 bps, 94.22%, Err 0 (0.0e+00)
011.691 .... 40 packets received, 7533 bps, 94.16%, Err 0 (0.0e+00)
013.869 .... 48 packets received, 7531 bps, 94.14%, Err 0 (0.0e+00)
016.041 .... 56 packets received, 7533 bps, 94.16%, Err 0 (0.0e+00)
018.203 .... 64 packets received, 7539 bps, 94.23%, Err 0 (0.0e+00)
020.396 .... 72 packets received, 7531 bps, 94.14%, Err 0 (0.0e+00)
022.598 .... 80 packets received, 7522 bps, 94.02%, Err 0 (0.0e+00)
024.749 .... 88 packets received, 7530 bps, 94.13%, Err 0 (0.0e+00)
026.924 .... 96 packets received, 7531 bps, 94.13%, Err 0 (0.0e+00)
029.094 .... 104 packets received, 7532 bps, 94.15%, Err 0 (0.0e+00)
031.297 .... 112 packets received, 7525 bps, 94.07%, Err 0 (0.0e+00)
033.468 .... 120 packets received, 7527 bps, 94.08%, Err 0 (0.0e+00)
035.622 .... 128 packets received, 7532 bps, 94.14%, Err 0 (0.0e+00)
037.818 .... 136 packets received, 7527 bps, 94.09%, Err 0 (0.0e+00)
039.997 .... 144 packets received, 7527 bps, 94.09%, Err 0 (0.0e+00)
042.166 .... 152 packets received, 7528 bps, 94.10%, Err 0 (0.0e+00)
044.354 .... 160 packets received, 7526 bps, 94.08%, Err 0 (0.0e+00)
046.527 .... 168 packets received, 7527 bps, 94.09%, Err 0 (0.0e+00)
048.723 .... 176 packets received, 7524 bps, 94.05%, Err 0 (0.0e+00)
050.903 .... 184 packets received, 7524 bps, 94.04%, Err 0 (0.0e+00)
053.052 .... 192 packets received, 7528 bps, 94.10%, Err 0 (0.0e+00)
055.233 .... 200 packets received, 7527 bps, 94.09%, Err 0 (0.0e+00)
057.407 .... 208 packets received, 7527 bps, 94.09%, Err 0 (0.0e+00)
059.588 .... 216 packets received, 7527 bps, 94.09%, Err 0 (0.0e+00)
061.788 .... 224 packets received, 7524 bps, 94.05%, Err 0 (0.0e+00)
063.963 .... 232 packets received, 7524 bps, 94.05%, Err 0 (0.0e+00)
066.137 .... 240 packets received, 7525 bps, 94.06%, Err 0 (0.0e+00)
068.332 .... 248 packets received, 7523 bps, 94.03%, Err 0 (0.0e+00)
070.488 .... 256 packets received, 7525 bps, 94.06%, Err 0 (0.0e+00)
072.656 .... 264 packets received, 7526 bps, 94.08%, Err 0 (0.0e+00)
074.854 .... 272 packets received, 7524 bps, 94.05%, Err 0 (0.0e+00)
077.041 .... 280 packets received, 7523 bps, 94.04%, Err 0 (0.0e+00)
079.233 .... 288 packets received, 7522 bps, 94.02%, Err 0 (0.0e+00)
081.396 .... 296 packets received, 7523 bps, 94.04%, Err 0 (0.0e+00)
083.566 .... 304 packets received, 7524 bps, 94.05%, Err 0 (0.0e+00)
085.754 .... 312 packets received, 7523 bps, 94.04%, Err 0 (0.0e+00)
087.920 .... 320 packets received, 7524 bps, 94.05%, Err 0 (0.0e+00)
090.108 .... 328 packets received, 7523 bps, 94.04%, Err 0 (0.0e+00)
092.293 .... 336 packets received, 7522 bps, 94.03%, Err 0 (0.0e+00)
094.481 .... 344 packets received, 7522 bps, 94.02%, Err 0 (0.0e+00)
096.666 .... 352 packets received, 7521 bps, 94.01%, Err 0 (0.0e+00)
098.821 .... 360 packets received, 7523 bps, 94.04%, Err 0 (0.0e+00)
101.013 .... 368 packets received, 7522 bps, 94.02%, Err 0 (0.0e+00)
103.193 .... 376 packets received, 7522 bps, 94.02%, Err 0 (0.0e+00)
105.375 .... 384 packets received, 7521 bps, 94.02%, Err 0 (0.0e+00)
107.547 .... 392 packets received, 7522 bps, 94.02%, Err 0 (0.0e+00)
109.714 .... 400 packets received, 7523 bps, 94.03%, Err 0 (0.0e+00)
111.893 .... 408 packets received, 7523 bps, 94.03%, Err 0 (0.0e+00)
114.082 .... 416 packets received, 7522 bps, 94.02%, Err 0 (0.0e+00)
116.258 .... 424 packets received, 7522 bps, 94.02%, Err 0 (0.0e+00)
118.424 .... 432 packets received, 7523 bps, 94.03%, Err 0 (0.0e+00)
120.603 .... 440 packets received, 7523 bps, 94.03%, Err 0 (0.0e+00)
122.770 .... 448 packets received, 7523 bps, 94.04%, Err 0 (0.0e+00)
124.948 .... 456 packets received, 7523 bps, 94.04%, Err 0 (0.0e+00)
127.128 .... 464 packets received, 7523 bps, 94.04%, Err 0 (0.0e+00)
129.307 .... 472 packets received, 7523 bps, 94.04%, Err 0 (0.0e+00)
131.500 .... 480 packets received, 7522 bps, 94.03%, Err 0 (0.0e+00)
133.664 .... 488 packets received, 7523 bps, 94.04%, Err 0 (0.0e+00)
135.838 .... 496 packets received, 7523 bps, 94.04%, Err 0 (0.0e+00)
138.030 .... 504 packets received, 7522 bps, 94.03%, Err 0 (0.0e+00)
140.195 .... 512 packets received, 7523 bps, 94.04%, Err 0 (0.0e+00)
142.386 .... 520 packets received, 7522 bps, 94.03%, Err 0 (0.0e+00)
144.558 .... 528 packets received, 7523 bps, 94.04%, Err 0 (0.0e+00)
146.730 .... 536 packets received, 7523 bps, 94.04%, Err 0 (0.0e+00)
148.916 .... 544 packets received, 7523 bps, 94.03%, Err 0 (0.0e+00)
151.085 .... 552 packets received, 7523 bps, 94.04%, Err 0 (0.0e+00)
153.259 .... 560 packets received, 7523 bps, 94.04%, Err 0 (0.0e+00)
155.427 .... 568 packets received, 7524 bps, 94.05%, Err 0 (0.0e+00)
157.625 .... 576 packets received, 7523 bps, 94.04%, Err 0 (0.0e+00)
159.802 .... 584 packets received, 7523 bps, 94.04%, Err 0 (0.0e+00)
161.983 .... 592 packets received, 7523 bps, 94.03%, Err 0 (0.0e+00)
164.166 .... 600 packets received, 7522 bps, 94.03%, Err 0 (0.0e+00)
166.334 .... 608 packets received, 7523 bps, 94.04%, Err 0 (0.0e+00)
168.517 .... 616 packets received, 7523 bps, 94.03%, Err 0 (0.0e+00)
170.688 .... 624 packets received, 7523 bps, 94.04%, Err 0 (0.0e+00)
172.856 .... 632 packets received, 7523 bps, 94.04%, Err 0 (0.0e+00)
175.048 .... 640 packets received, 7523 bps, 94.04%, Err 0 (0.0e+00)
177.222 .... 648 packets received, 7523 bps, 94.04%, Err 0 (0.0e+00)
179.407 .... 656 packets received, 7523 bps, 94.03%, Err 0 (0.0e+00)
181.592 .... 664 packets received, 7522 bps, 94.03%, Err 0 (0.0e+00)
183.776 .... 672 packets received, 7522 bps, 94.03%, Err 0 (0.0e+00)
185.975 .... 680 packets received, 7521 bps, 94.02%, Err 0 (0.0e+00)
188.128 .... 688 packets received, 7522 bps, 94.03%, Err 0 (0.0e+00)
190.335 .... 696 packets received, 7521 bps, 94.01%, Err 0 (0.0e+00)
192.520 .... 704 packets received, 7521 bps, 94.01%, Err 0 (0.0e+00)
194.692 .... 712 packets received, 7521 bps, 94.01%, Err 0 (0.0e+00)
196.849 .... 720 packets received, 7522 bps, 94.02%, Err 0 (0.0e+00)
199.033 .... 728 packets received, 7522 bps, 94.02%, Err 0 (0.0e+00)
201.207 .... 736 packets received, 7522 bps, 94.02%, Err 0 (0.0e+00)
203.390 .... 744 packets received, 7522 bps, 94.02%, Err 0 (0.0e+00)
205.577 .... 752 packets received, 7521 bps, 94.02%, Err 0 (0.0e+00)
207.756 .... 760 packets received, 7521 bps, 94.02%, Err 0 (0.0e+00)
209.923 .... 768 packets received, 7522 bps, 94.02%, Err 0 (0.0e+00)
212.106 .... 776 packets received, 7522 bps, 94.02%, Err 0 (0.0e+00)
214.288 .... 784 packets received, 7522 bps, 94.02%, Err 0 (0.0e+00)
216.452 .... 792 packets received, 7522 bps, 94.03%, Err 0 (0.0e+00)
218.654 .... 800 packets received, 7521 bps, 94.01%, Err 0 (0.0e+00)
220.828 .... 808 packets received, 7521 bps, 94.02%, Err 0 (0.0e+00)
223.001 .... 816 packets received, 7522 bps, 94.02%, Err 0 (0.0e+00)
225.165 .... 824 packets received, 7522 bps, 94.02%, Err 0 (0.0e+00)
227.348 .... 832 packets received, 7522 bps, 94.02%, Err 0 (0.0e+00)
229.542 .... 840 packets received, 7521 bps, 94.02%, Err 0 (0.0e+00)
231.719 .... 848 packets received, 7521 bps, 94.02%, Err 0 (0.0e+00)
233.898 .... 856 packets received, 7521 bps, 94.02%, Err 0 (0.0e+00)
236.088 .... 864 packets received, 7521 bps, 94.01%, Err 0 (0.0e+00)
238.270 .... 872 packets received, 7521 bps, 94.01%, Err 0 (0.0e+00)
240.450 .... 880 packets received, 7521 bps, 94.01%, Err 0 (0.0e+00)
242.625 .... 888 packets received, 7521 bps, 94.01%, Err 0 (0.0e+00)
244.794 .... 896 packets received, 7521 bps, 94.02%, Err 0 (0.0e+00)
246.985 .... 904 packets received, 7521 bps, 94.01%, Err 0 (0.0e+00)
249.154 .... 912 packets received, 7521 bps, 94.01%, Err 0 (0.0e+00)
251.353 .... 920 packets received, 7520 bps, 94.01%, Err 0 (0.0e+00)
253.522 .... 928 packets received, 7521 bps, 94.01%, Err 0 (0.0e+00)
255.725 .... 936 packets received, 7520 bps, 94.00%, Err 0 (0.0e+00)
257.887 .... 944 packets received, 7521 bps, 94.01%, Err 0 (0.0e+00)
260.079 .... 952 packets received, 7520 bps, 94.00%, Err 0 (0.0e+00)
262.246 .... 960 packets received, 7520 bps, 94.01%, Err 0 (0.0e+00)
264.443 .... 968 packets received, 7520 bps, 94.00%, Err 0 (0.0e+00)
266.598 .... 976 packets received, 7521 bps, 94.01%, Err 0 (0.0e+00)
268.776 .... 984 packets received, 7521 bps, 94.01%, Err 0 (0.0e+00)
270.958 .... 992 packets received, 7521 bps, 94.01%, Err 0 (0.0e+00)
273.154 .... 1000 packets received, 7520 bps, 94.00%, Err 0 (0.0e+00)
275.316 .... 1008 packets received, 7521 bps, 94.01%, Err 0 (0.0e+00)
277.504 .... 1016 packets received, 7520 bps, 94.00%, Err 0 (0.0e+00)
279.699 .... 1024 packets received, 7520 bps, 94.00%, Err 0 (0.0e+00)
281.854 .... 1032 packets received, 7520 bps, 94.01%, Err 0 (0.0e+00)
284.039 .... 1040 packets received, 7520 bps, 94.00%, Err 0 (0.0e+00)
286.228 .... 1048 packets received, 7520 bps, 94.00%, Err 0 (0.0e+00)
288.411 .... 1056 packets received, 7520 bps, 94.00%, Err 0 (0.0e+00)
290.598 .... 1064 packets received, 7520 bps, 94.00%, Err 0 (0.0e+00)
292.777 .... 1072 packets received, 7520 bps, 94.00%, Err 0 (0.0e+00)
294.974 .... 1080 packets received, 7519 bps, 93.99%, Err 0 (0.0e+00)
297.143 .... 1088 packets received, 7519 bps, 93.99%, Err 0 (0.0e+00)
299.336 .... 1096 packets received, 7519 bps, 93.99%, Err 0 (0.0e+00)
301.504 .... 1104 packets received, 7519 bps, 93.99%, Err 0 (0.0e+00)
303.680 .... 1112 packets received, 7519 bps, 93.99%, Err 0 (0.0e+00)
305.867 .... 1120 packets received, 7519 bps, 93.99%, Err 0 (0.0e+00)
308.023 .... 1128 packets received, 7520 bps, 94.00%, Err 0 (0.0e+00)
310.213 .... 1136 packets received, 7520 bps, 93.99%, Err 0 (0.0e+00)
312.399 .... 1144 packets received, 7519 bps, 93.99%, Err 0 (0.0e+00)
314.586 .... 1152 packets received, 7519 bps, 93.99%, Err 0 (0.0e+00)
316.740 .... 1160 packets received, 7520 bps, 94.00%, Err 0 (0.0e+00)
318.930 .... 1168 packets received, 7520 bps, 93.99%, Err 0 (0.0e+00)
321.120 .... 1176 packets received, 7519 bps, 93.99%, Err 0 (0.0e+00)
323.280 .... 1184 packets received, 7520 bps, 94.00%, Err 0 (0.0e+00)
325.477 .... 1192 packets received, 7519 bps, 93.99%, Err 0 (0.0e+00)
327.656 .... 1200 packets received, 7519 bps, 93.99%, Err 0 (0.0e+00)
329.832 .... 1208 packets received, 7519 bps, 93.99%, Err 0 (0.0e+00)
332.014 .... 1216 packets received, 7519 bps, 93.99%, Err 0 (0.0e+00)
334.194 .... 1224 packets received, 7519 bps, 93.99%, Err 0 (0.0e+00)
336.365 .... 1232 packets received, 7519 bps, 93.99%, Err 0 (0.0e+00)
338.544 .... 1240 packets received, 7519 bps, 93.99%, Err 0 (0.0e+00)
340.725 .... 1248 packets received, 7519 bps, 93.99%, Err 0 (0.0e+00)
342.912 .... 1256 packets received, 7519 bps, 93.99%, Err 0 (0.0e+00)
345.091 .... 1264 packets received, 7519 bps, 93.99%, Err 0 (0.0e+00)
347.269 .... 1272 packets received, 7519 bps, 93.99%, Err 0 (0.0e+00)
349.425 .... 1280 packets received, 7520 bps, 94.00%, Err 0 (0.0e+00)
351.624 .... 1288 packets received, 7519 bps, 93.99%, Err 0 (0.0e+00)
353.804 .... 1296 packets received, 7519 bps, 93.99%, Err 0 (0.0e+00)
355.958 .... 1304 packets received, 7520 bps, 94.00%, Err 0 (0.0e+00)
358.157 .... 1312 packets received, 7519 bps, 93.99%, Err 0 (0.0e+00)
360.332 .... 1320 packets received, 7519 bps, 93.99%, Err 0 (0.0e+00)
362.498 .... 1328 packets received, 7520 bps, 94.00%, Err 0 (0.0e+00)
364.690 .... 1336 packets received, 7519 bps, 93.99%, Err 0 (0.0e+00)
366.872 .... 1344 packets received, 7519 bps, 93.99%, Err 0 (0.0e+00)
369.040 .... 1352 packets received, 7520 bps, 93.99%, Err 0 (0.0e+00)
371.225 .... 1360 packets received, 7519 bps, 93.99%, Err 0 (0.0e+00)
373.394 .... 1368 packets received, 7520 bps, 94.00%, Err 0 (0.0e+00)
375.568 .... 1376 packets received, 7520 bps, 94.00%, Err 0 (0.0e+00)
377.752 .... 1384 packets received, 7520 bps, 94.00%, Err 0 (0.0e+00)
379.933 .... 1392 packets received, 7520 bps, 94.00%, Err 0 (0.0e+00)
382.083 .... 1400 packets received, 7520 bps, 94.00%, Err 0 (0.0e+00)
384.283 .... 1408 packets received, 7520 bps, 94.00%, Err 0 (0.0e+00)
386.464 .... 1416 packets received, 7520 bps, 94.00%, Err 0 (0.0e+00)
388.628 .... 1424 packets received, 7520 bps, 94.00%, Err 0 (0.0e+00)
390.822 .... 1432 packets received, 7520 bps, 94.00%, Err 0 (0.0e+00)
393.003 .... 1440 packets received, 7520 bps, 94.00%, Err 0 (0.0e+00)
395.183 .... 1448 packets received, 7520 bps, 94.00%, Err 0 (0.0e+00)
397.351 .... 1456 packets received, 7520 bps, 94.00%, Err 0 (0.0e+00)
399.533 .... 1464 packets received, 7520 bps, 94.00%, Err 0 (0.0e+00)
401.718 .... 1472 packets received, 7520 bps, 94.00%, Err 0 (0.0e+00)
403.865 .... 1480 packets received, 7520 bps, 94.00%, Err 0 (0.0e+00)
406.063 .... 1488 packets received, 7520 bps, 94.00%, Err 0 (0.0e+00)
408.227 .... 1496 packets received, 7520 bps, 94.00%, Err 0 (0.0e+00)
410.422 .... 1504 packets received, 7520 bps, 94.00%, Err 0 (0.0e+00)
412.585 .... 1512 packets received, 7520 bps, 94.00%, Err 0 (0.0e+00)
414.773 .... 1520 packets received, 7520 bps, 94.00%, Err 0 (0.0e+00)
416.939 .... 1528 packets received, 7520 bps, 94.00%, Err 0 (0.0e+00)
419.112 .... 1536 packets received, 7520 bps, 94.00%, Err 0 (0.0e+00)
421.290 .... 1544 packets received, 7520 bps, 94.00%, Err 0 (0.0e+00)
423.460 .... 1552 packets received, 7521 bps, 94.01%, Err 0 (0.0e+00)
425.642 .... 1560 packets received, 7520 bps, 94.01%, Err 0 (0.0e+00)
427.810 .... 1568 packets received, 7521 bps, 94.01%, Err 0 (0.0e+00)
429.993 .... 1576 packets received, 7521 bps, 94.01%, Err 0 (0.0e+00)
432.165 .... 1584 packets received, 7521 bps, 94.01%, Err 0 (0.0e+00)
434.331 .... 1592 packets received, 7521 bps, 94.01%, Err 0 (0.0e+00)
436.514 .... 1600 packets received, 7521 bps, 94.01%, Err 0 (0.0e+00)
438.708 .... 1608 packets received, 7521 bps, 94.01%, Err 0 (0.0e+00)
440.892 .... 1616 packets received, 7520 bps, 94.01%, Err 0 (0.0e+00)
443.066 .... 1624 packets received, 7521 bps, 94.01%, Err 0 (0.0e+00)
445.226 .... 1632 packets received, 7521 bps, 94.01%, Err 0 (0.0e+00)
447.420 .... 1640 packets received, 7521 bps, 94.01%, Err 0 (0.0e+00)
449.600 .... 1648 packets received, 7521 bps, 94.01%, Err 0 (0.0e+00)
451.759 .... 1656 packets received, 7521 bps, 94.01%, Err 0 (0.0e+00)
453.953 .... 1664 packets received, 7521 bps, 94.01%, Err 0 (0.0e+00)
456.121 .... 1672 packets received, 7521 bps, 94.01%, Err 0 (0.0e+00)
458.306 .... 1680 packets received, 7521 bps, 94.01%, Err 0 (0.0e+00)
460.464 .... 1688 packets received, 7521 bps, 94.01%, Err 0 (0.0e+00)
462.643 .... 1696 packets received, 7521 bps, 94.01%, Err 0 (0.0e+00)
464.816 .... 1704 packets received, 7521 bps, 94.01%, Err 0 (0.0e+00)
467.006 .... 1712 packets received, 7521 bps, 94.01%, Err 0 (0.0e+00)
469.173 .... 1720 packets received, 7521 bps, 94.01%, Err 0 (0.0e+00)
471.341 .... 1728 packets received, 7521 bps, 94.02%, Err 0 (0.0e+00)
473.507 .... 1736 packets received, 7521 bps, 94.02%, Err 0 (0.0e+00)
475.692 .... 1744 packets received, 7521 bps, 94.02%, Err 0 (0.0e+00)
477.861 .... 1752 packets received, 7522 bps, 94.02%, Err 0 (0.0e+00)
480.024 .... 1760 packets received, 7522 bps, 94.02%, Err 0 (0.0e+00)
482.225 .... 1768 packets received, 7521 bps, 94.02%, Err 0 (0.0e+00)
484.381 .... 1776 packets received, 7522 bps, 94.02%, Err 0 (0.0e+00)
486.571 .... 1784 packets received, 7522 bps, 94.02%, Err 0 (0.0e+00)
488.757 .... 1792 packets received, 7521 bps, 94.02%, Err 0 (0.0e+00)
490.934 .... 1800 packets received, 7521 bps, 94.02%, Err 0 (0.0e+00)
493.114 .... 1808 packets received, 7521 bps, 94.02%, Err 0 (0.0e+00)
495.290 .... 1816 packets received, 7521 bps, 94.02%, Err 0 (0.0e+00)
497.468 .... 1824 packets received, 7521 bps, 94.02%, Err 0 (0.0e+00)
499.628 .... 1832 packets received, 7522 bps, 94.02%, Err 0 (0.0e+00)
501.813 .... 1840 packets received, 7522 bps, 94.02%, Err 0 (0.0e+00)
504.011 .... 1848 packets received, 7521 bps, 94.02%, Err 0 (0.0e+00)
506.155 .... 1856 packets received, 7522 bps, 94.02%, Err 0 (0.0e+00)
508.347 .... 1864 packets received, 7522 bps, 94.02%, Err 0 (0.0e+00)
510.505 .... 1872 packets received, 7522 bps, 94.02%, Err 0 (0.0e+00)
512.721 .... 1880 packets received, 7521 bps, 94.02%, Err 0 (0.0e+00)
514.880 .... 1888 packets received, 7522 bps, 94.02%, Err 0 (0.0e+00)
517.055 .... 1896 packets received, 7522 bps, 94.02%, Err 0 (0.0e+00)
519.253 .... 1904 packets received, 7521 bps, 94.02%, Err 0 (0.0e+00)
521.419 .... 1912 packets received, 7522 bps, 94.02%, Err 0 (0.0e+00)
523.600 .... 1920 packets received, 7522 bps, 94.02%, Err 0 (0.0e+00)
525.761 .... 1928 packets received, 7522 bps, 94.02%, Err 0 (0.0e+00)
527.952 .... 1936 packets received, 7522 bps, 94.02%, Err 0 (0.0e+00)
530.133 .... 1944 packets received, 7522 bps, 94.02%, Err 0 (0.0e+00)
532.292 .... 1952 packets received, 7522 bps, 94.02%, Err 0 (0.0e+00)
534.474 .... 1960 packets received, 7522 bps, 94.02%, Err 0 (0.0e+00)
536.654 .... 1968 packets received, 7522 bps, 94.02%, Err 0 (0.0e+00)
538.818 .... 1976 packets received, 7522 bps, 94.02%, Err 0 (0.0e+00)
541.010 .... 1984 packets received, 7522 bps, 94.02%, Err 0 (0.0e+00)
543.193 .... 1992 packets received, 7522 bps, 94.02%, Err 0 (0.0e+00)
545.382 .... 2000 packets received, 7522 bps, 94.02%, Err 0 (0.0e+00)
547.558 .... 2008 packets received, 7522 bps, 94.02%, Err 0 (0.0e+00)
549.731 .... 2016 packets received, 7522 bps, 94.02%, Err 0 (0.0e+00)
551.898 .... 2024 packets received, 7522 bps, 94.02%, Err 0 (0.0e+00)
554.073 .... 2032 packets received, 7522 bps, 94.02%, Err 0 (0.0e+00)
556.250 .... 2040 packets received, 7522 bps, 94.02%, Err 0 (0.0e+00)
558.433 .... 2048 packets received, 7522 bps, 94.02%, Err 0 (0.0e+00)
560.614 .... 2056 packets received, 7522 bps, 94.02%, Err 0 (0.0e+00)
562.795 .... 2064 packets received, 7522 bps, 94.02%, Err 0 (0.0e+00)
564.984 .... 2072 packets received, 7522 bps, 94.02%, Err 0 (0.0e+00)
567.161 .... 2080 packets received, 7522 bps, 94.02%, Err 0 (0.0e+00)
569.336 .... 2088 packets received, 7522 bps, 94.02%, Err 0 (0.0e+00)
571.512 .... 2096 packets received, 7522 bps, 94.02%, Err 0 (0.0e+00)
573.691 .... 2104 packets received, 7522 bps, 94.02%, Err 0 (0.0e+00)
575.882 .... 2112 packets received, 7522 bps, 94.02%, Err 0 (0.0e+00)
578.054 .... 2120 packets received, 7522 bps, 94.02%, Err 0 (0.0e+00)
580.236 .... 2128 packets received, 7522 bps, 94.02%, Err 0 (0.0e+00)
582.406 .... 2136 packets received, 7522 bps, 94.02%, Err 0 (0.0e+00)
584.599 .... 2144 packets received, 7521 bps, 94.02%, Err 0 (0.0e+00)
586.768 .... 2152 packets received, 7522 bps, 94.02%, Err 0 (0.0e+00)
588.936 .... 2160 packets received, 7522 bps, 94.02%, Err 0 (0.0e+00)
591.166 .... 2168 packets received, 7521 bps, 94.01%, Err 0 (0.0e+00)
593.285 .... 2176 packets received, 7522 bps, 94.02%, Err 0 (0.0e+00)
595.467 .... 2184 packets received, 7522 bps, 94.02%, Err 0 (0.0e+00)
597.653 .... 2192 packets received, 7522 bps, 94.02%, Err 0 (0.0e+00)
599.812 .... 2200 packets received, 7522 bps, 94.02%, Err 0 (0.0e+00)
601.999 .... 2208 packets received, 7522 bps, 94.02%, Err 0 (0.0e+00)
604.182 .... 2216 packets received, 7522 bps, 94.02%, Err 0 (0.0e+00)
606.363 .... 2224 packets received, 7522 bps, 94.02%, Err 0 (0.0e+00)
608.539 .... 2232 packets received, 7522 bps, 94.02%, Err 0 (0.0e+00)
610.703 .... 2240 packets received, 7522 bps, 94.02%, Err 0 (0.0e+00)
612.894 .... 2248 packets received, 7522 bps, 94.02%, Err 0 (0.0e+00)
615.088 .... 2256 packets received, 7522 bps, 94.02%, Err 0 (0.0e+00)
617.247 .... 2264 packets received, 7522 bps, 94.02%, Err 0 (0.0e+00)
619.429 .... 2272 packets received, 7522 bps, 94.02%, Err 0 (0.0e+00)
621.615 .... 2280 packets received, 7522 bps, 94.02%, Err 0 (0.0e+00)
623.788 .... 2288 packets received, 7522 bps, 94.02%, Err 0 (0.0e+00)
625.970 .... 2296 packets received, 7522 bps, 94.02%, Err 0 (0.0e+00)
628.141 .... 2304 packets received, 7522 bps, 94.02%, Err 0 (0.0e+00)
630.310 .... 2312 packets received, 7522 bps, 94.02%, Err 0 (0.0e+00)
632.510 .... 2320 packets received, 7522 bps, 94.02%, Err 0 (0.0e+00)
634.672 .... 2328 packets received, 7522 bps, 94.02%, Err 0 (0.0e+00)
636.843 .... 2336 packets received, 7522 bps, 94.02%, Err 0 (0.0e+00)
639.030 .... 2344 packets received, 7522 bps, 94.02%, Err 0 (0.0e+00)
641.208 .... 2352 packets received, 7522 bps, 94.02%, Err 0 (0.0e+00)
643.396 .... 2360 packets received, 7522 bps, 94.02%, Err 0 (0.0e+00)
645.567 .... 2368 packets received, 7522 bps, 94.02%, Err 0 (0.0e+00)
647.749 .... 2376 packets received, 7522 bps, 94.02%, Err 0 (0.0e+00)
649.940 .... 2384 packets received, 7522 bps, 94.02%, Err 0 (0.0e+00)
652.113 .... 2392 packets received, 7522 bps, 94.02%, Err 0 (0.0e+00)
654.275 .... 2400 packets received, 7522 bps, 94.02%, Err 0 (0.0e+00)
656.461 .... 2408 packets received, 7522 bps, 94.02%, Err 0 (0.0e+00)
658.649 .... 2416 packets received, 7522 bps, 94.02%, Err 0 (0.0e+00)
660.841 .... 2424 packets received, 7521 bps, 94.02%, Err 0 (0.0e+00)
663.011 .... 2432 packets received, 7522 bps, 94.02%, Err 0 (0.0e+00)
665.192 .... 2440 packets received, 7522 bps, 94.02%, Err 0 (0.0e+00)
667.350 .... 2448 packets received, 7522 bps, 94.02%, Err 0 (0.0e+00)
669.546 .... 2456 packets received, 7522 bps, 94.02%, Err 0 (0.0e+00)
671.725 .... 2464 packets received, 7522 bps, 94.02%, Err 0 (0.0e+00)
673.904 .... 2472 packets received, 7522 bps, 94.02%, Err 0 (0.0e+00)
676.078 .... 2480 packets received, 7522 bps, 94.02%, Err 0 (0.0e+00)
678.257 .... 2488 packets received, 7522 bps, 94.02%, Err 0 (0.0e+00)
680.457 .... 2496 packets received, 7521 bps, 94.02%, Err 0 (0.0e+00)
682.622 .... 2504 packets received, 7521 bps, 94.02%, Err 0 (0.0e+00)
684.790 .... 2512 packets received, 7522 bps, 94.02%, Err 0 (0.0e+00)
686.974 .... 2520 packets received, 7522 bps, 94.02%, Err 0 (0.0e+00)
689.143 .... 2528 packets received, 7522 bps, 94.02%, Err 0 (0.0e+00)
691.344 .... 2536 packets received, 7521 bps, 94.02%, Err 0 (0.0e+00)
693.511 .... 2544 packets received, 7522 bps, 94.02%, Err 0 (0.0e+00)
695.688 .... 2552 packets received, 7522 bps, 94.02%, Err 0 (0.0e+00)
697.866 .... 2560 packets received, 7522 bps, 94.02%, Err 0 (0.0e+00)
700.020 Quit.
