000.000 =============================================================
000.000                     Station B                               
000.000 -------------------------------------------------------------
000.000 Protocol.lib, version 4.0, jiangyanjun0718@bupt.edu.cn
000.000 Channel: 8000 bps, 270 ms propagation delay, bit error rate 0
000.000 Log file "ufB.log", TCP port 30013, debug mask 0x00
000.000 Station B is connecting station A (TCP port 30013) ... Done.
000.541 New epoch: Tue Apr 16 20:06:40 2019
000.541 =================================================================
000.541 
000.541 Designed by CJSoft, build: Apr 16 2019  14:04:43
002.964 .... 8 packets received, 7674 bps, 95.93%, Err 0 (0.0e+00)
005.163 .... 16 packets received, 7561 bps, 94.51%, Err 0 (0.0e+00)
007.339 .... 24 packets received, 7550 bps, 94.38%, Err 0 (0.0e+00)
009.516 .... 32 packets received, 7544 bps, 94.30%, Err 0 (0.0e+00)
011.684 .... 40 packets received, 7547 bps, 94.33%, Err 0 (0.0e+00)
013.887 .... 48 packets received, 7528 bps, 94.10%, Err 0 (0.0e+00)
016.026 .... 56 packets received, 7547 bps, 94.33%, Err 0 (0.0e+00)
018.235 .... 64 packets received, 7530 bps, 94.13%, Err 0 (0.0e+00)
020.409 .... 72 packets received, 7531 bps, 94.14%, Err 0 (0.0e+00)
022.581 .... 80 packets received, 7532 bps, 94.15%, Err 0 (0.0e+00)
024.760 .... 88 packets received, 7531 bps, 94.14%, Err 0 (0.0e+00)
026.950 .... 96 packets received, 7527 bps, 94.09%, Err 0 (0.0e+00)
029.111 .... 104 packets received, 7531 bps, 94.14%, Err 0 (0.0e+00)
031.281 .... 112 packets received, 7532 bps, 94.15%, Err 0 (0.0e+00)
033.452 .... 120 packets received, 7533 bps, 94.17%, Err 0 (0.0e+00)
035.637 .... 128 packets received, 7531 bps, 94.14%, Err 0 (0.0e+00)
037.819 .... 136 packets received, 7530 bps, 94.12%, Err 0 (0.0e+00)
039.992 .... 144 packets received, 7530 bps, 94.13%, Err 0 (0.0e+00)
042.179 .... 152 packets received, 7528 bps, 94.10%, Err 0 (0.0e+00)
044.347 .... 160 packets received, 7530 bps, 94.12%, Err 0 (0.0e+00)
046.539 .... 168 packets received, 7527 bps, 94.09%, Err 0 (0.0e+00)
048.722 .... 176 packets received, 7526 bps, 94.08%, Err 0 (0.0e+00)
050.906 .... 184 packets received, 7525 bps, 94.06%, Err 0 (0.0e+00)
053.083 .... 192 packets received, 7525 bps, 94.06%, Err 0 (0.0e+00)
055.244 .... 200 packets received, 7527 bps, 94.09%, Err 0 (0.0e+00)
057.418 .... 208 packets received, 7528 bps, 94.10%, Err 0 (0.0e+00)
059.599 .... 216 packets received, 7527 bps, 94.09%, Err 0 (0.0e+00)
061.776 .... 224 packets received, 7527 bps, 94.09%, Err 0 (0.0e+00)
063.957 .... 232 packets received, 7527 bps, 94.08%, Err 0 (0.0e+00)
066.137 .... 240 packets received, 7526 bps, 94.08%, Err 0 (0.0e+00)
068.316 .... 248 packets received, 7526 bps, 94.07%, Err 0 (0.0e+00)
070.504 .... 256 packets received, 7525 bps, 94.06%, Err 0 (0.0e+00)
072.664 .... 264 packets received, 7527 bps, 94.08%, Err 0 (0.0e+00)
074.841 .... 272 packets received, 7527 bps, 94.08%, Err 0 (0.0e+00)
077.024 .... 280 packets received, 7526 bps, 94.07%, Err 0 (0.0e+00)
079.217 .... 288 packets received, 7524 bps, 94.06%, Err 0 (0.0e+00)
081.382 .... 296 packets received, 7526 bps, 94.07%, Err 0 (0.0e+00)
083.582 .... 304 packets received, 7523 bps, 94.04%, Err 0 (0.0e+00)
085.737 .... 312 packets received, 7526 bps, 94.07%, Err 0 (0.0e+00)
087.936 .... 320 packets received, 7524 bps, 94.05%, Err 0 (0.0e+00)
090.123 .... 328 packets received, 7523 bps, 94.04%, Err 0 (0.0e+00)
092.292 .... 336 packets received, 7524 bps, 94.04%, Err 0 (0.0e+00)
094.467 .... 344 packets received, 7524 bps, 94.05%, Err 0 (0.0e+00)
096.650 .... 352 packets received, 7523 bps, 94.04%, Err 0 (0.0e+00)
098.831 .... 360 packets received, 7523 bps, 94.04%, Err 0 (0.0e+00)
101.010 .... 368 packets received, 7523 bps, 94.04%, Err 0 (0.0e+00)
103.178 .... 376 packets received, 7524 bps, 94.05%, Err 0 (0.0e+00)
105.360 .... 384 packets received, 7523 bps, 94.04%, Err 0 (0.0e+00)
107.563 .... 392 packets received, 7522 bps, 94.02%, Err 0 (0.0e+00)
109.698 .... 400 packets received, 7525 bps, 94.06%, Err 0 (0.0e+00)
111.878 .... 408 packets received, 7524 bps, 94.06%, Err 0 (0.0e+00)
114.067 .... 416 packets received, 7524 bps, 94.05%, Err 0 (0.0e+00)
116.227 .... 424 packets received, 7525 bps, 94.06%, Err 0 (0.0e+00)
118.411 .... 432 packets received, 7524 bps, 94.06%, Err 0 (0.0e+00)
120.603 .... 440 packets received, 7524 bps, 94.04%, Err 0 (0.0e+00)
122.786 .... 448 packets received, 7523 bps, 94.04%, Err 0 (0.0e+00)
124.948 .... 456 packets received, 7524 bps, 94.05%, Err 0 (0.0e+00)
127.111 .... 464 packets received, 7525 bps, 94.06%, Err 0 (0.0e+00)
129.307 .... 472 packets received, 7524 bps, 94.05%, Err 0 (0.0e+00)
131.499 .... 480 packets received, 7523 bps, 94.04%, Err 0 (0.0e+00)
133.670 .... 488 packets received, 7523 bps, 94.04%, Err 0 (0.0e+00)
135.843 .... 496 packets received, 7524 bps, 94.05%, Err 0 (0.0e+00)
138.031 .... 504 packets received, 7523 bps, 94.04%, Err 0 (0.0e+00)
140.209 .... 512 packets received, 7523 bps, 94.04%, Err 0 (0.0e+00)
142.377 .... 520 packets received, 7524 bps, 94.05%, Err 0 (0.0e+00)
144.565 .... 528 packets received, 7523 bps, 94.04%, Err 0 (0.0e+00)
146.745 .... 536 packets received, 7523 bps, 94.04%, Err 0 (0.0e+00)
148.933 .... 544 packets received, 7522 bps, 94.03%, Err 0 (0.0e+00)
151.097 .... 552 packets received, 7523 bps, 94.04%, Err 0 (0.0e+00)
153.271 .... 560 packets received, 7523 bps, 94.04%, Err 0 (0.0e+00)
155.442 .... 568 packets received, 7524 bps, 94.05%, Err 0 (0.0e+00)
157.624 .... 576 packets received, 7524 bps, 94.04%, Err 0 (0.0e+00)
159.793 .... 584 packets received, 7524 bps, 94.05%, Err 0 (0.0e+00)
161.972 .... 592 packets received, 7524 bps, 94.05%, Err 0 (0.0e+00)
164.151 .... 600 packets received, 7524 bps, 94.05%, Err 0 (0.0e+00)
166.349 .... 608 packets received, 7523 bps, 94.04%, Err 0 (0.0e+00)
168.517 .... 616 packets received, 7523 bps, 94.04%, Err 0 (0.0e+00)
170.704 .... 624 packets received, 7523 bps, 94.04%, Err 0 (0.0e+00)
172.888 .... 632 packets received, 7523 bps, 94.03%, Err 0 (0.0e+00)
175.040 .... 640 packets received, 7524 bps, 94.05%, Err 0 (0.0e+00)
177.228 .... 648 packets received, 7523 bps, 94.04%, Err 0 (0.0e+00)
179.415 .... 656 packets received, 7523 bps, 94.04%, Err 0 (0.0e+00)
181.600 .... 664 packets received, 7523 bps, 94.03%, Err 0 (0.0e+00)
183.782 .... 672 packets received, 7522 bps, 94.03%, Err 0 (0.0e+00)
185.957 .... 680 packets received, 7523 bps, 94.03%, Err 0 (0.0e+00)
188.142 .... 688 packets received, 7522 bps, 94.03%, Err 0 (0.0e+00)
190.335 .... 696 packets received, 7522 bps, 94.02%, Err 0 (0.0e+00)
192.505 .... 704 packets received, 7522 bps, 94.03%, Err 0 (0.0e+00)
194.679 .... 712 packets received, 7522 bps, 94.03%, Err 0 (0.0e+00)
196.879 .... 720 packets received, 7521 bps, 94.02%, Err 0 (0.0e+00)
199.050 .... 728 packets received, 7522 bps, 94.02%, Err 0 (0.0e+00)
201.223 .... 736 packets received, 7522 bps, 94.02%, Err 0 (0.0e+00)
203.404 .... 744 packets received, 7522 bps, 94.02%, Err 0 (0.0e+00)
205.592 .... 752 packets received, 7521 bps, 94.02%, Err 0 (0.0e+00)
207.744 .... 760 packets received, 7522 bps, 94.03%, Err 0 (0.0e+00)
209.955 .... 768 packets received, 7521 bps, 94.01%, Err 0 (0.0e+00)
212.125 .... 776 packets received, 7521 bps, 94.02%, Err 0 (0.0e+00)
214.272 .... 784 packets received, 7523 bps, 94.03%, Err 0 (0.0e+00)
216.468 .... 792 packets received, 7522 bps, 94.02%, Err 0 (0.0e+00)
218.640 .... 800 packets received, 7522 bps, 94.03%, Err 0 (0.0e+00)
220.822 .... 808 packets received, 7522 bps, 94.02%, Err 0 (0.0e+00)
223.016 .... 816 packets received, 7521 bps, 94.02%, Err 0 (0.0e+00)
225.181 .... 824 packets received, 7522 bps, 94.02%, Err 0 (0.0e+00)
227.362 .... 832 packets received, 7522 bps, 94.02%, Err 0 (0.0e+00)
229.531 .... 840 packets received, 7522 bps, 94.03%, Err 0 (0.0e+00)
231.710 .... 848 packets received, 7522 bps, 94.03%, Err 0 (0.0e+00)
233.890 .... 856 packets received, 7522 bps, 94.03%, Err 0 (0.0e+00)
236.080 .... 864 packets received, 7522 bps, 94.02%, Err 0 (0.0e+00)
238.261 .... 872 packets received, 7522 bps, 94.02%, Err 0 (0.0e+00)
240.444 .... 880 packets received, 7521 bps, 94.02%, Err 0 (0.0e+00)
242.616 .... 888 packets received, 7522 bps, 94.02%, Err 0 (0.0e+00)
244.809 .... 896 packets received, 7521 bps, 94.01%, Err 0 (0.0e+00)
246.987 .... 904 packets received, 7521 bps, 94.01%, Err 0 (0.0e+00)
249.169 .... 912 packets received, 7521 bps, 94.01%, Err 0 (0.0e+00)
251.348 .... 920 packets received, 7521 bps, 94.01%, Err 0 (0.0e+00)
253.538 .... 928 packets received, 7521 bps, 94.01%, Err 0 (0.0e+00)
255.710 .... 936 packets received, 7521 bps, 94.01%, Err 0 (0.0e+00)
257.892 .... 944 packets received, 7521 bps, 94.01%, Err 0 (0.0e+00)
260.073 .... 952 packets received, 7521 bps, 94.01%, Err 0 (0.0e+00)
262.262 .... 960 packets received, 7520 bps, 94.00%, Err 0 (0.0e+00)
264.410 .... 968 packets received, 7521 bps, 94.02%, Err 0 (0.0e+00)
266.596 .... 976 packets received, 7521 bps, 94.01%, Err 0 (0.0e+00)
268.787 .... 984 packets received, 7521 bps, 94.01%, Err 0 (0.0e+00)
270.965 .... 992 packets received, 7521 bps, 94.01%, Err 0 (0.0e+00)
273.135 .... 1000 packets received, 7521 bps, 94.01%, Err 0 (0.0e+00)
275.332 .... 1008 packets received, 7520 bps, 94.01%, Err 0 (0.0e+00)
277.505 .... 1016 packets received, 7521 bps, 94.01%, Err 0 (0.0e+00)
279.681 .... 1024 packets received, 7521 bps, 94.01%, Err 0 (0.0e+00)
281.863 .... 1032 packets received, 7521 bps, 94.01%, Err 0 (0.0e+00)
284.050 .... 1040 packets received, 7520 bps, 94.00%, Err 0 (0.0e+00)
286.219 .... 1048 packets received, 7521 bps, 94.01%, Err 0 (0.0e+00)
288.402 .... 1056 packets received, 7520 bps, 94.01%, Err 0 (0.0e+00)
290.587 .... 1064 packets received, 7520 bps, 94.00%, Err 0 (0.0e+00)
292.783 .... 1072 packets received, 7520 bps, 94.00%, Err 0 (0.0e+00)
294.958 .... 1080 packets received, 7520 bps, 94.00%, Err 0 (0.0e+00)
297.142 .... 1088 packets received, 7520 bps, 94.00%, Err 0 (0.0e+00)
299.321 .... 1096 packets received, 7520 bps, 94.00%, Err 0 (0.0e+00)
301.505 .... 1104 packets received, 7520 bps, 94.00%, Err 0 (0.0e+00)
303.668 .... 1112 packets received, 7520 bps, 94.00%, Err 0 (0.0e+00)
305.849 .... 1120 packets received, 7520 bps, 94.00%, Err 0 (0.0e+00)
308.054 .... 1128 packets received, 7519 bps, 93.99%, Err 0 (0.0e+00)
310.229 .... 1136 packets received, 7519 bps, 93.99%, Err 0 (0.0e+00)
312.383 .... 1144 packets received, 7520 bps, 94.00%, Err 0 (0.0e+00)
314.572 .... 1152 packets received, 7520 bps, 94.00%, Err 0 (0.0e+00)
316.756 .... 1160 packets received, 7520 bps, 94.00%, Err 0 (0.0e+00)
318.940 .... 1168 packets received, 7520 bps, 93.99%, Err 0 (0.0e+00)
321.104 .... 1176 packets received, 7520 bps, 94.00%, Err 0 (0.0e+00)
323.283 .... 1184 packets received, 7520 bps, 94.00%, Err 0 (0.0e+00)
325.461 .... 1192 packets received, 7520 bps, 94.00%, Err 0 (0.0e+00)
327.640 .... 1200 packets received, 7520 bps, 94.00%, Err 0 (0.0e+00)
329.837 .... 1208 packets received, 7520 bps, 93.99%, Err 0 (0.0e+00)
332.017 .... 1216 packets received, 7519 bps, 93.99%, Err 0 (0.0e+00)
334.194 .... 1224 packets received, 7520 bps, 93.99%, Err 0 (0.0e+00)
336.357 .... 1232 packets received, 7520 bps, 94.00%, Err 0 (0.0e+00)
338.554 .... 1240 packets received, 7519 bps, 93.99%, Err 0 (0.0e+00)
340.725 .... 1248 packets received, 7520 bps, 94.00%, Err 0 (0.0e+00)
342.913 .... 1256 packets received, 7519 bps, 93.99%, Err 0 (0.0e+00)
345.093 .... 1264 packets received, 7519 bps, 93.99%, Err 0 (0.0e+00)
347.249 .... 1272 packets received, 7520 bps, 94.00%, Err 0 (0.0e+00)
349.439 .... 1280 packets received, 7520 bps, 94.00%, Err 0 (0.0e+00)
351.612 .... 1288 packets received, 7520 bps, 94.00%, Err 0 (0.0e+00)
353.773 .... 1296 packets received, 7520 bps, 94.00%, Err 0 (0.0e+00)
355.972 .... 1304 packets received, 7520 bps, 94.00%, Err 0 (0.0e+00)
358.150 .... 1312 packets received, 7520 bps, 94.00%, Err 0 (0.0e+00)
360.319 .... 1320 packets received, 7520 bps, 94.00%, Err 0 (0.0e+00)
362.506 .... 1328 packets received, 7520 bps, 94.00%, Err 0 (0.0e+00)
364.674 .... 1336 packets received, 7520 bps, 94.00%, Err 0 (0.0e+00)
366.856 .... 1344 packets received, 7520 bps, 94.00%, Err 0 (0.0e+00)
369.045 .... 1352 packets received, 7520 bps, 94.00%, Err 0 (0.0e+00)
371.214 .... 1360 packets received, 7520 bps, 94.00%, Err 0 (0.0e+00)
373.405 .... 1368 packets received, 7520 bps, 94.00%, Err 0 (0.0e+00)
375.568 .... 1376 packets received, 7520 bps, 94.00%, Err 0 (0.0e+00)
377.751 .... 1384 packets received, 7520 bps, 94.00%, Err 0 (0.0e+00)
379.917 .... 1392 packets received, 7520 bps, 94.00%, Err 0 (0.0e+00)
382.097 .... 1400 packets received, 7520 bps, 94.00%, Err 0 (0.0e+00)
384.271 .... 1408 packets received, 7520 bps, 94.00%, Err 0 (0.0e+00)
386.453 .... 1416 packets received, 7520 bps, 94.00%, Err 0 (0.0e+00)
388.642 .... 1424 packets received, 7520 bps, 94.00%, Err 0 (0.0e+00)
390.808 .... 1432 packets received, 7520 bps, 94.00%, Err 0 (0.0e+00)
392.990 .... 1440 packets received, 7520 bps, 94.00%, Err 0 (0.0e+00)
395.184 .... 1448 packets received, 7520 bps, 94.00%, Err 0 (0.0e+00)
397.355 .... 1456 packets received, 7520 bps, 94.00%, Err 0 (0.0e+00)
399.533 .... 1464 packets received, 7520 bps, 94.00%, Err 0 (0.0e+00)
401.704 .... 1472 packets received, 7520 bps, 94.00%, Err 0 (0.0e+00)
403.881 .... 1480 packets received, 7520 bps, 94.00%, Err 0 (0.0e+00)
406.051 .... 1488 packets received, 7520 bps, 94.00%, Err 0 (0.0e+00)
408.228 .... 1496 packets received, 7520 bps, 94.01%, Err 0 (0.0e+00)
410.422 .... 1504 packets received, 7520 bps, 94.00%, Err 0 (0.0e+00)
412.568 .... 1512 packets received, 7521 bps, 94.01%, Err 0 (0.0e+00)
414.757 .... 1520 packets received, 7521 bps, 94.01%, Err 0 (0.0e+00)
416.951 .... 1528 packets received, 7520 bps, 94.00%, Err 0 (0.0e+00)
419.114 .... 1536 packets received, 7521 bps, 94.01%, Err 0 (0.0e+00)
421.306 .... 1544 packets received, 7520 bps, 94.00%, Err 0 (0.0e+00)
423.473 .... 1552 packets received, 7521 bps, 94.01%, Err 0 (0.0e+00)
425.627 .... 1560 packets received, 7521 bps, 94.01%, Err 0 (0.0e+00)
427.809 .... 1568 packets received, 7521 bps, 94.01%, Err 0 (0.0e+00)
429.979 .... 1576 packets received, 7521 bps, 94.01%, Err 0 (0.0e+00)
432.169 .... 1584 packets received, 7521 bps, 94.01%, Err 0 (0.0e+00)
434.335 .... 1592 packets received, 7521 bps, 94.01%, Err 0 (0.0e+00)
436.524 .... 1600 packets received, 7521 bps, 94.01%, Err 0 (0.0e+00)
438.707 .... 1608 packets received, 7521 bps, 94.01%, Err 0 (0.0e+00)
440.891 .... 1616 packets received, 7521 bps, 94.01%, Err 0 (0.0e+00)
443.051 .... 1624 packets received, 7521 bps, 94.01%, Err 0 (0.0e+00)
445.240 .... 1632 packets received, 7521 bps, 94.01%, Err 0 (0.0e+00)
447.408 .... 1640 packets received, 7521 bps, 94.01%, Err 0 (0.0e+00)
449.599 .... 1648 packets received, 7521 bps, 94.01%, Err 0 (0.0e+00)
451.771 .... 1656 packets received, 7521 bps, 94.01%, Err 0 (0.0e+00)
453.939 .... 1664 packets received, 7521 bps, 94.01%, Err 0 (0.0e+00)
456.137 .... 1672 packets received, 7521 bps, 94.01%, Err 0 (0.0e+00)
458.305 .... 1680 packets received, 7521 bps, 94.01%, Err 0 (0.0e+00)
460.481 .... 1688 packets received, 7521 bps, 94.01%, Err 0 (0.0e+00)
462.627 .... 1696 packets received, 7521 bps, 94.02%, Err 0 (0.0e+00)
464.818 .... 1704 packets received, 7521 bps, 94.02%, Err 0 (0.0e+00)
467.006 .... 1712 packets received, 7521 bps, 94.01%, Err 0 (0.0e+00)
469.156 .... 1720 packets received, 7522 bps, 94.02%, Err 0 (0.0e+00)
471.357 .... 1728 packets received, 7521 bps, 94.02%, Err 0 (0.0e+00)
473.523 .... 1736 packets received, 7521 bps, 94.02%, Err 0 (0.0e+00)
475.707 .... 1744 packets received, 7521 bps, 94.02%, Err 0 (0.0e+00)
477.862 .... 1752 packets received, 7522 bps, 94.02%, Err 0 (0.0e+00)
480.040 .... 1760 packets received, 7522 bps, 94.02%, Err 0 (0.0e+00)
482.211 .... 1768 packets received, 7522 bps, 94.02%, Err 0 (0.0e+00)
484.410 .... 1776 packets received, 7521 bps, 94.02%, Err 0 (0.0e+00)
486.566 .... 1784 packets received, 7522 bps, 94.02%, Err 0 (0.0e+00)
488.751 .... 1792 packets received, 7522 bps, 94.02%, Err 0 (0.0e+00)
490.943 .... 1800 packets received, 7522 bps, 94.02%, Err 0 (0.0e+00)
493.128 .... 1808 packets received, 7521 bps, 94.02%, Err 0 (0.0e+00)
495.292 .... 1816 packets received, 7522 bps, 94.02%, Err 0 (0.0e+00)
497.453 .... 1824 packets received, 7522 bps, 94.02%, Err 0 (0.0e+00)
499.644 .... 1832 packets received, 7522 bps, 94.02%, Err 0 (0.0e+00)
501.828 .... 1840 packets received, 7522 bps, 94.02%, Err 0 (0.0e+00)
503.993 .... 1848 packets received, 7522 bps, 94.02%, Err 0 (0.0e+00)
506.171 .... 1856 packets received, 7522 bps, 94.02%, Err 0 (0.0e+00)
508.332 .... 1864 packets received, 7522 bps, 94.03%, Err 0 (0.0e+00)
510.535 .... 1872 packets received, 7522 bps, 94.02%, Err 0 (0.0e+00)
512.705 .... 1880 packets received, 7522 bps, 94.02%, Err 0 (0.0e+00)
514.891 .... 1888 packets received, 7522 bps, 94.02%, Err 0 (0.0e+00)
517.054 .... 1896 packets received, 7522 bps, 94.02%, Err 0 (0.0e+00)
519.236 .... 1904 packets received, 7522 bps, 94.02%, Err 0 (0.0e+00)
521.418 .... 1912 packets received, 7522 bps, 94.02%, Err 0 (0.0e+00)
523.586 .... 1920 packets received, 7522 bps, 94.02%, Err 0 (0.0e+00)
525.777 .... 1928 packets received, 7522 bps, 94.02%, Err 0 (0.0e+00)
527.936 .... 1936 packets received, 7522 bps, 94.03%, Err 0 (0.0e+00)
530.117 .... 1944 packets received, 7522 bps, 94.03%, Err 0 (0.0e+00)
532.307 .... 1952 packets received, 7522 bps, 94.02%, Err 0 (0.0e+00)
534.459 .... 1960 packets received, 7522 bps, 94.03%, Err 0 (0.0e+00)
536.653 .... 1968 packets received, 7522 bps, 94.02%, Err 0 (0.0e+00)
538.833 .... 1976 packets received, 7522 bps, 94.02%, Err 0 (0.0e+00)
541.024 .... 1984 packets received, 7522 bps, 94.02%, Err 0 (0.0e+00)
543.188 .... 1992 packets received, 7522 bps, 94.02%, Err 0 (0.0e+00)
545.352 .... 2000 packets received, 7522 bps, 94.03%, Err 0 (0.0e+00)
547.542 .... 2008 packets received, 7522 bps, 94.03%, Err 0 (0.0e+00)
549.730 .... 2016 packets received, 7522 bps, 94.02%, Err 0 (0.0e+00)
551.914 .... 2024 packets received, 7522 bps, 94.02%, Err 0 (0.0e+00)
554.104 .... 2032 packets received, 7522 bps, 94.02%, Err 0 (0.0e+00)
556.265 .... 2040 packets received, 7522 bps, 94.02%, Err 0 (0.0e+00)
558.447 .... 2048 packets received, 7522 bps, 94.02%, Err 0 (0.0e+00)
560.615 .... 2056 packets received, 7522 bps, 94.02%, Err 0 (0.0e+00)
562.798 .... 2064 packets received, 7522 bps, 94.02%, Err 0 (0.0e+00)
564.977 .... 2072 packets received, 7522 bps, 94.02%, Err 0 (0.0e+00)
567.146 .... 2080 packets received, 7522 bps, 94.03%, Err 0 (0.0e+00)
569.353 .... 2088 packets received, 7522 bps, 94.02%, Err 0 (0.0e+00)
571.503 .... 2096 packets received, 7522 bps, 94.02%, Err 0 (0.0e+00)
573.704 .... 2104 packets received, 7522 bps, 94.02%, Err 0 (0.0e+00)
575.866 .... 2112 packets received, 7522 bps, 94.02%, Err 0 (0.0e+00)
578.048 .... 2120 packets received, 7522 bps, 94.02%, Err 0 (0.0e+00)
580.230 .... 2128 packets received, 7522 bps, 94.02%, Err 0 (0.0e+00)
582.419 .... 2136 packets received, 7522 bps, 94.02%, Err 0 (0.0e+00)
584.583 .... 2144 packets received, 7522 bps, 94.02%, Err 0 (0.0e+00)
586.769 .... 2152 packets received, 7522 bps, 94.02%, Err 0 (0.0e+00)
588.945 .... 2160 packets received, 7522 bps, 94.02%, Err 0 (0.0e+00)
591.166 .... 2168 packets received, 7521 bps, 94.02%, Err 0 (0.0e+00)
593.295 .... 2176 packets received, 7522 bps, 94.02%, Err 0 (0.0e+00)
595.458 .... 2184 packets received, 7522 bps, 94.03%, Err 0 (0.0e+00)
597.638 .... 2192 packets received, 7522 bps, 94.03%, Err 0 (0.0e+00)
599.828 .... 2200 packets received, 7522 bps, 94.02%, Err 0 (0.0e+00)
601.999 .... 2208 packets received, 7522 bps, 94.02%, Err 0 (0.0e+00)
604.191 .... 2216 packets received, 7522 bps, 94.02%, Err 0 (0.0e+00)
606.351 .... 2224 packets received, 7522 bps, 94.03%, Err 0 (0.0e+00)
608.531 .... 2232 packets received, 7522 bps, 94.03%, Err 0 (0.0e+00)
610.718 .... 2240 packets received, 7522 bps, 94.02%, Err 0 (0.0e+00)
612.879 .... 2248 packets received, 7522 bps, 94.03%, Err 0 (0.0e+00)
615.056 .... 2256 packets received, 7522 bps, 94.03%, Err 0 (0.0e+00)
617.255 .... 2264 packets received, 7522 bps, 94.02%, Err 0 (0.0e+00)
619.439 .... 2272 packets received, 7522 bps, 94.02%, Err 0 (0.0e+00)
621.599 .... 2280 packets received, 7522 bps, 94.03%, Err 0 (0.0e+00)
623.774 .... 2288 packets received, 7522 bps, 94.03%, Err 0 (0.0e+00)
625.954 .... 2296 packets received, 7522 bps, 94.03%, Err 0 (0.0e+00)
628.141 .... 2304 packets received, 7522 bps, 94.02%, Err 0 (0.0e+00)
630.326 .... 2312 packets received, 7522 bps, 94.02%, Err 0 (0.0e+00)
632.478 .... 2320 packets received, 7522 bps, 94.03%, Err 0 (0.0e+00)
634.686 .... 2328 packets received, 7522 bps, 94.02%, Err 0 (0.0e+00)
636.856 .... 2336 packets received, 7522 bps, 94.02%, Err 0 (0.0e+00)
639.043 .... 2344 packets received, 7522 bps, 94.02%, Err 0 (0.0e+00)
641.207 .... 2352 packets received, 7522 bps, 94.02%, Err 0 (0.0e+00)
643.397 .... 2360 packets received, 7522 bps, 94.02%, Err 0 (0.0e+00)
645.583 .... 2368 packets received, 7522 bps, 94.02%, Err 0 (0.0e+00)
647.749 .... 2376 packets received, 7522 bps, 94.02%, Err 0 (0.0e+00)
649.940 .... 2384 packets received, 7522 bps, 94.02%, Err 0 (0.0e+00)
652.098 .... 2392 packets received, 7522 bps, 94.02%, Err 0 (0.0e+00)
654.290 .... 2400 packets received, 7522 bps, 94.02%, Err 0 (0.0e+00)
656.465 .... 2408 packets received, 7522 bps, 94.02%, Err 0 (0.0e+00)
658.658 .... 2416 packets received, 7522 bps, 94.02%, Err 0 (0.0e+00)
660.832 .... 2424 packets received, 7522 bps, 94.02%, Err 0 (0.0e+00)
663.001 .... 2432 packets received, 7522 bps, 94.02%, Err 0 (0.0e+00)
665.179 .... 2440 packets received, 7522 bps, 94.02%, Err 0 (0.0e+00)
667.366 .... 2448 packets received, 7522 bps, 94.02%, Err 0 (0.0e+00)
669.533 .... 2456 packets received, 7522 bps, 94.02%, Err 0 (0.0e+00)
671.711 .... 2464 packets received, 7522 bps, 94.02%, Err 0 (0.0e+00)
673.915 .... 2472 packets received, 7522 bps, 94.02%, Err 0 (0.0e+00)
676.094 .... 2480 packets received, 7522 bps, 94.02%, Err 0 (0.0e+00)
678.275 .... 2488 packets received, 7522 bps, 94.02%, Err 0 (0.0e+00)
680.444 .... 2496 packets received, 7522 bps, 94.02%, Err 0 (0.0e+00)
682.639 .... 2504 packets received, 7521 bps, 94.02%, Err 0 (0.0e+00)
684.806 .... 2512 packets received, 7522 bps, 94.02%, Err 0 (0.0e+00)
686.959 .... 2520 packets received, 7522 bps, 94.02%, Err 0 (0.0e+00)
689.157 .... 2528 packets received, 7522 bps, 94.02%, Err 0 (0.0e+00)
691.329 .... 2536 packets received, 7522 bps, 94.02%, Err 0 (0.0e+00)
693.496 .... 2544 packets received, 7522 bps, 94.02%, Err 0 (0.0e+00)
695.671 .... 2552 packets received, 7522 bps, 94.02%, Err 0 (0.0e+00)
697.865 .... 2560 packets received, 7522 bps, 94.02%, Err 0 (0.0e+00)
700.020 Quit.
