Flow report for CPU
Thu Mar 28 14:51:28 2019
Quartus II Version 9.0 Build 132 02/25/2009 SJ Full Version


---------------------
; Table of Contents ;
---------------------
  1. Legal Notice
  2. Flow Summary
  3. Flow Settings
  4. Flow Non-Default Global Settings
  5. Flow Elapsed Time
  6. Flow OS Summary
  7. Flow Log



----------------
; Legal Notice ;
----------------
Copyright (C) 1991-2009 Altera Corporation
Your use of Altera Corporation's design tools, logic functions 
and other software and tools, and its AMPP partner logic 
functions, and any output files from any of the foregoing 
(including device programming or simulation files), and any 
associated documentation or information are expressly subject 
to the terms and conditions of the Altera Program License 
Subscription Agreement, Altera MegaCore Function License 
Agreement, or other applicable license agreement, including, 
without limitation, that your use is for the sole purpose of 
programming logic devices manufactured by Altera and sold by 
Altera or its authorized distributors.  Please refer to the 
applicable agreement for further details.



+--------------------------------------------------------------------+
; Flow Summary                                                       ;
+-------------------------+------------------------------------------+
; Flow Status             ; Successful - Thu Mar 28 14:51:28 2019    ;
; Quartus II Version      ; 9.0 Build 132 02/25/2009 SJ Full Version ;
; Revision Name           ; CPU                                      ;
; Top-level Entity Name   ; cpu                                      ;
; Family                  ; MAX7000S                                 ;
; Device                  ; EPM7128SLC84-15                          ;
; Timing Models           ; Final                                    ;
; Met timing requirements ; Yes                                      ;
; Total macrocells        ; 34 / 128 ( 27 % )                        ;
; Total pins              ; 45 / 68 ( 66 % )                         ;
+-------------------------+------------------------------------------+


+-----------------------------------------+
; Flow Settings                           ;
+-------------------+---------------------+
; Option            ; Setting             ;
+-------------------+---------------------+
; Start date & time ; 03/28/2019 14:51:18 ;
; Main task         ; Compilation         ;
; Revision Name     ; CPU                 ;
+-------------------+---------------------+


+-----------------------------------------------------------------------------------------------------------------------------------------------------------+
; Flow Non-Default Global Settings                                                                                                                          ;
+------------------------------------+-----------------------------------------------------------------------+---------------+-------------+----------------+
; Assignment Name                    ; Value                                                                 ; Default Value ; Entity Name ; Section Id     ;
+------------------------------------+-----------------------------------------------------------------------+---------------+-------------+----------------+
; COMPILER_SIGNATURE_ID              ; 2543711158273.155375587721232                                         ; --            ; --          ; --             ;
; MAX_CORE_JUNCTION_TEMP             ; 85                                                                    ; --            ; --          ; --             ;
; MIN_CORE_JUNCTION_TEMP             ; 0                                                                     ; --            ; --          ; --             ;
; MISC_FILE                          ; E:/altera/91/quartus/CPU.dpf                                          ; --            ; --          ; --             ;
; MISC_FILE                          ; D:/git-repos/HomeWork/computer organization/altera/91/quartus/CPU.dpf ; --            ; --          ; --             ;
; USE_GENERATED_PHYSICAL_CONSTRAINTS ; Off                                                                   ; --            ; --          ; eda_blast_fpga ;
+------------------------------------+-----------------------------------------------------------------------+---------------+-------------+----------------+


+-----------------------------------------------------------------------------------------------------------------------------+
; Flow Elapsed Time                                                                                                           ;
+-------------------------+--------------+-------------------------+---------------------+------------------------------------+
; Module Name             ; Elapsed Time ; Average Processors Used ; Peak Virtual Memory ; Total CPU Time (on all processors) ;
+-------------------------+--------------+-------------------------+---------------------+------------------------------------+
; Analysis & Synthesis    ; 00:00:04     ; 1.0                     ; 247 MB              ; 00:00:03                           ;
; Fitter                  ; 00:00:01     ; 1.0                     ; 224 MB              ; 00:00:00                           ;
; Assembler               ; 00:00:02     ; 1.0                     ; 207 MB              ; 00:00:02                           ;
; Classic Timing Analyzer ; 00:00:00     ; 1.0                     ; 180 MB              ; 00:00:00                           ;
; Total                   ; 00:00:07     ; --                      ; --                  ; 00:00:05                           ;
+-------------------------+--------------+-------------------------+---------------------+------------------------------------+


+------------------------------------------------------------------------------------------+
; Flow OS Summary                                                                          ;
+-------------------------+------------------+---------------+------------+----------------+
; Module Name             ; Machine Hostname ; OS Name       ; OS Version ; Processor type ;
+-------------------------+------------------+---------------+------------+----------------+
; Analysis & Synthesis    ; CJSPORTABLEFRM   ; Windows Vista ; 6.2        ; x86_64         ;
; Fitter                  ; CJSPORTABLEFRM   ; Windows Vista ; 6.2        ; x86_64         ;
; Assembler               ; CJSPORTABLEFRM   ; Windows Vista ; 6.2        ; x86_64         ;
; Classic Timing Analyzer ; CJSPORTABLEFRM   ; Windows Vista ; 6.2        ; x86_64         ;
+-------------------------+------------------+---------------+------------+----------------+


------------
; Flow Log ;
------------
quartus_map --read_settings_files=on --write_settings_files=off CPU -c CPU
quartus_fit --read_settings_files=off --write_settings_files=off CPU -c CPU
quartus_asm --read_settings_files=off --write_settings_files=off CPU -c CPU
quartus_tan --read_settings_files=off --write_settings_files=off CPU -c CPU



