000.000 =============================================================
000.000                     Station A                               
000.000 -------------------------------------------------------------
000.000 Protocol.lib, version 4.0, jiangyanjun0718@bupt.edu.cn
000.000 Channel: 8000 bps, 270 ms propagation delay, bit error rate 1.0E-05
000.000 Log file "A.log", TCP port 30011, debug mask 0x00
000.000 Station A is waiting for station B on TCP port 30011 ... Done.
000.245 New epoch: Thu May 16 10:46:57 2019
000.245 =================================================================
000.245 
000.245 Designed by CJSoft, build: May 16 2019  10:46:52
003.435 .... 8 packets received, 7670 bps, 95.88%, Err 0 (0.0e+00)
005.527 .... 16 packets received, 7750 bps, 96.88%, Err 0 (0.0e+00)
007.687 .... 24 packets received, 7694 bps, 96.18%, Err 1 (1.9e-05)
009.806 .... 32 packets received, 7704 bps, 96.30%, Err 1 (1.4e-05)
011.920 .... 40 packets received, 7713 bps, 96.41%, Err 1 (1.2e-05)
014.029 .... 48 packets received, 7722 bps, 96.53%, Err 1 (9.6e-06)
016.151 .... 56 packets received, 7722 bps, 96.53%, Err 1 (8.3e-06)
018.269 .... 64 packets received, 7724 bps, 96.55%, Err 1 (7.3e-06)
020.403 .... 72 packets received, 7719 bps, 96.48%, Err 1 (6.5e-06)
022.521 .... 80 packets received, 7721 bps, 96.51%, Err 1 (5.8e-06)
024.654 .... 88 packets received, 7717 bps, 96.46%, Err 1 (5.3e-06)
026.776 .... 96 packets received, 7717 bps, 96.46%, Err 1 (4.9e-06)
028.891 .... 104 packets received, 7719 bps, 96.49%, Err 1 (4.5e-06)
031.040 .... 112 packets received, 7712 bps, 96.41%, Err 1 (4.2e-06)
033.140 .... 120 packets received, 7718 bps, 96.48%, Err 1 (3.9e-06)
035.252 .... 128 packets received, 7721 bps, 96.51%, Err 2 (7.3e-06)
037.406 .... 136 packets received, 7714 bps, 96.42%, Err 2 (6.9e-06)
039.553 .... 144 packets received, 7709 bps, 96.37%, Err 2 (6.5e-06)
042.434 .... 151 packets received, 7518 bps, 93.97%, Err 3 (9.1e-06)
044.548 .... 162 packets received, 7671 bps, 95.89%, Err 3 (8.6e-06)
046.688 .... 170 packets received, 7671 bps, 95.88%, Err 3 (8.2e-06)
048.789 .... 178 packets received, 7676 bps, 95.95%, Err 3 (7.9e-06)
051.187 .... 183 packets received, 7513 bps, 93.91%, Err 4 (1.0e-05)
053.307 .... 194 packets received, 7639 bps, 95.49%, Err 4 (9.6e-06)
054.253 ** WARNING: System too busy, sleep 15 ms, but be awakened 74 ms later
055.472 .... 202 packets received, 7637 bps, 95.46%, Err 4 (9.2e-06)
057.557 .... 210 packets received, 7645 bps, 95.56%, Err 4 (8.8e-06)
059.684 .... 218 packets received, 7647 bps, 95.59%, Err 4 (8.5e-06)
061.806 .... 226 packets received, 7649 bps, 95.62%, Err 4 (8.2e-06)
063.113 ** WARNING: System too busy, sleep 15 ms, but be awakened 66 ms later
063.924 .... 234 packets received, 7652 bps, 95.66%, Err 4 (8.0e-06)
066.062 .... 242 packets received, 7653 bps, 95.66%, Err 4 (7.7e-06)
068.169 .... 250 packets received, 7657 bps, 95.71%, Err 4 (7.5e-06)
071.108 .... 257 packets received, 7540 bps, 94.25%, Err 5 (8.9e-06)
073.214 .... 268 packets received, 7632 bps, 95.40%, Err 5 (8.7e-06)
076.123 .... 275 packets received, 7527 bps, 94.09%, Err 6 (1.0e-05)
078.255 .... 286 packets received, 7611 bps, 95.14%, Err 6 (9.7e-06)
080.257 ** WARNING: System too busy, sleep 15 ms, but be awakened 88 ms later
080.354 .... 293 packets received, 7590 bps, 94.88%, Err 7 (1.1e-05)
082.492 .... 297 packets received, 7491 bps, 93.64%, Err 8 (1.2e-05)
084.611 .... 308 packets received, 7571 bps, 94.64%, Err 8 (1.2e-05)
086.805 .... 316 packets received, 7569 bps, 94.61%, Err 8 (1.2e-05)
088.874 .... 324 packets received, 7577 bps, 94.71%, Err 8 (1.1e-05)
091.006 .... 332 packets received, 7580 bps, 94.74%, Err 8 (1.1e-05)
093.129 .... 340 packets received, 7583 bps, 94.78%, Err 8 (1.1e-05)
095.227 .... 348 packets received, 7588 bps, 94.85%, Err 8 (1.1e-05)
096.267 ** WARNING: System too busy, sleep 15 ms, but be awakened 71 ms later
097.338 .... 356 packets received, 7592 bps, 94.89%, Err 8 (1.0e-05)
099.463 .... 364 packets received, 7594 bps, 94.93%, Err 9 (1.1e-05)
104.706 .... 369 packets received, 7308 bps, 91.35%, Err 10 (1.3e-05)
108.780 .... 370 packets received, 7050 bps, 88.13%, Err 10 (1.2e-05)
112.778 .... 371 packets received, 6816 bps, 85.20%, Err 10 (1.2e-05)
116.792 .... 372 packets received, 6597 bps, 82.46%, Err 10 (1.2e-05)
120.963 .... 373 packets received, 6384 bps, 79.80%, Err 10 (1.2e-05)
125.074 .... 374 packets received, 6188 bps, 77.35%, Err 10 (1.2e-05)
129.119 .... 375 packets received, 6008 bps, 75.11%, Err 10 (1.2e-05)
133.247 .... 376 packets received, 5836 bps, 72.95%, Err 10 (1.2e-05)
137.334 .... 377 packets received, 5676 bps, 70.95%, Err 10 (1.2e-05)
141.402 .... 378 packets received, 5526 bps, 69.07%, Err 10 (1.2e-05)
145.555 .... 379 packets received, 5381 bps, 67.26%, Err 10 (1.2e-05)
149.650 .... 380 packets received, 5246 bps, 65.57%, Err 10 (1.2e-05)
152.171 ** WARNING: System too busy, sleep 15 ms, but be awakened 80 ms later
153.814 .... 381 packets received, 5116 bps, 63.95%, Err 10 (1.2e-05)
157.945 .... 382 packets received, 4994 bps, 62.43%, Err 10 (1.2e-05)
162.023 .... 383 packets received, 4880 bps, 61.00%, Err 10 (1.2e-05)
166.100 .... 384 packets received, 4772 bps, 59.65%, Err 10 (1.2e-05)
170.075 .... 385 packets received, 4672 bps, 58.40%, Err 10 (1.2e-05)
174.123 .... 386 packets received, 4574 bps, 57.18%, Err 10 (1.2e-05)
178.267 .... 387 packets received, 4479 bps, 55.98%, Err 10 (1.2e-05)
182.415 .... 388 packets received, 4387 bps, 54.84%, Err 10 (1.2e-05)
186.475 .... 389 packets received, 4302 bps, 53.78%, Err 10 (1.2e-05)
190.660 .... 390 packets received, 4218 bps, 52.72%, Err 10 (1.2e-05)
194.728 .... 391 packets received, 4140 bps, 51.75%, Err 10 (1.2e-05)
198.820 .... 392 packets received, 4064 bps, 50.81%, Err 10 (1.2e-05)
201.084 .... 395 packets received, 4049 bps, 50.61%, Err 10 (1.1e-05)
203.217 .... 403 packets received, 4088 bps, 51.09%, Err 10 (1.1e-05)
205.319 .... 411 packets received, 4126 bps, 51.57%, Err 10 (1.1e-05)
208.781 .... 419 packets received, 4136 bps, 51.70%, Err 11 (1.2e-05)
210.904 .... 431 packets received, 4211 bps, 52.64%, Err 11 (1.2e-05)
212.436 ** WARNING: System too busy, sleep 15 ms, but be awakened 82 ms later
213.018 .... 439 packets received, 4247 bps, 53.08%, Err 11 (1.1e-05)
215.116 .... 447 packets received, 4281 bps, 53.52%, Err 11 (1.1e-05)
217.247 .... 455 packets received, 4315 bps, 53.94%, Err 11 (1.1e-05)
217.412 ** WARNING: System too busy, sleep 15 ms, but be awakened 85 ms later
219.367 .... 463 packets received, 4348 bps, 54.35%, Err 11 (1.1e-05)
221.479 .... 471 packets received, 4381 bps, 54.76%, Err 11 (1.1e-05)
223.610 .... 479 packets received, 4413 bps, 55.16%, Err 11 (1.0e-05)
225.741 .... 487 packets received, 4444 bps, 55.55%, Err 11 (1.0e-05)
227.858 .... 495 packets received, 4475 bps, 55.93%, Err 11 (1.0e-05)
229.987 .... 503 packets received, 4505 bps, 56.31%, Err 11 (1.0e-05)
232.368 .... 508 packets received, 4502 bps, 56.28%, Err 12 (1.1e-05)
234.479 .... 519 packets received, 4558 bps, 56.98%, Err 12 (1.1e-05)
236.605 .... 527 packets received, 4587 bps, 57.33%, Err 12 (1.0e-05)
237.591 ** WARNING: System too busy, sleep 15 ms, but be awakened 96 ms later
238.727 .... 535 packets received, 4615 bps, 57.68%, Err 12 (1.0e-05)
240.844 .... 543 packets received, 4642 bps, 58.03%, Err 12 (1.0e-05)
244.011 .... 551 packets received, 4649 bps, 58.12%, Err 13 (1.1e-05)
246.158 .... 562 packets received, 4701 bps, 58.76%, Err 13 (1.1e-05)
249.056 .... 569 packets received, 4703 bps, 58.79%, Err 14 (1.1e-05)
249.958 ** WARNING: System too busy, sleep 15 ms, but be awakened 177 ms later
251.066 ** WARNING: System too busy, sleep 15 ms, but be awakened 88 ms later
251.491 .... 578 packets received, 4731 bps, 59.14%, Err 15 (1.2e-05)
253.079 ** WARNING: System too busy, sleep 15 ms, but be awakened 83 ms later
254.634 .... 582 packets received, 4705 bps, 58.81%, Err 16 (1.2e-05)
256.734 .... 592 packets received, 4746 bps, 59.33%, Err 16 (1.2e-05)
258.891 .... 598 packets received, 4754 bps, 59.43%, Err 16 (1.2e-05)
261.017 .... 604 packets received, 4763 bps, 59.54%, Err 16 (1.2e-05)
263.154 .... 610 packets received, 4771 bps, 59.64%, Err 16 (1.2e-05)
263.825 ** WARNING: System too busy, sleep 15 ms, but be awakened 144 ms later
269.927 ** WARNING: System too busy, sleep 15 ms, but be awakened 5181 ms later
270.750 .... 612 packets received, 4652 bps, 58.14%, Err 17 (1.2e-05)
271.048 ** WARNING: System too busy, sleep 15 ms, but be awakened 170 ms later
272.952 .... 620 packets received, 4674 bps, 58.43%, Err 17 (1.2e-05)
273.490 ** WARNING: System too busy, sleep 15 ms, but be awakened 142 ms later
275.425 .... 627 packets received, 4684 bps, 58.55%, Err 17 (1.2e-05)
277.838 .... 634 packets received, 4695 bps, 58.69%, Err 17 (1.2e-05)
280.024 .... 640 packets received, 4703 bps, 58.78%, Err 17 (1.2e-05)
282.364 .... 647 packets received, 4714 bps, 58.93%, Err 17 (1.2e-05)
284.498 .... 653 packets received, 4722 bps, 59.03%, Err 17 (1.1e-05)
286.622 .... 659 packets received, 4730 bps, 59.13%, Err 17 (1.1e-05)
287.742 ** WARNING: System too busy, sleep 15 ms, but be awakened 67 ms later
288.768 .... 665 packets received, 4738 bps, 59.22%, Err 17 (1.1e-05)
290.892 .... 671 packets received, 4745 bps, 59.32%, Err 17 (1.1e-05)
293.027 .... 677 packets received, 4753 bps, 59.41%, Err 17 (1.1e-05)
295.704 .... 682 packets received, 4744 bps, 59.30%, Err 18 (1.1e-05)
297.835 .... 692 packets received, 4779 bps, 59.74%, Err 18 (1.1e-05)
299.978 .... 700 packets received, 4800 bps, 60.00%, Err 18 (1.1e-05)
304.479 .... 703 packets received, 4749 bps, 59.36%, Err 18 (1.1e-05)
308.584 .... 704 packets received, 4692 bps, 58.65%, Err 18 (1.1e-05)
312.727 .... 705 packets received, 4636 bps, 57.95%, Err 18 (1.1e-05)
317.013 .... 706 packets received, 4580 bps, 57.25%, Err 18 (1.1e-05)
321.087 .... 707 packets received, 4528 bps, 56.60%, Err 18 (1.1e-05)
325.170 .... 708 packets received, 4477 bps, 55.96%, Err 18 (1.1e-05)
329.314 .... 709 packets received, 4427 bps, 55.33%, Err 18 (1.1e-05)
333.483 .... 710 packets received, 4377 bps, 54.72%, Err 18 (1.1e-05)
337.543 .... 711 packets received, 4331 bps, 54.13%, Err 18 (1.1e-05)
341.640 .... 712 packets received, 4284 bps, 53.56%, Err 18 (1.1e-05)
343.051 ** WARNING: System too busy, sleep 15 ms, but be awakened 71 ms later
345.781 .... 713 packets received, 4239 bps, 52.99%, Err 18 (1.1e-05)
348.057 ** WARNING: System too busy, sleep 15 ms, but be awakened 71 ms later
349.882 .... 714 packets received, 4195 bps, 52.44%, Err 18 (1.1e-05)
353.965 .... 715 packets received, 4152 bps, 51.90%, Err 18 (1.1e-05)
358.983 .... 716 packets received, 4100 bps, 51.25%, Err 19 (1.1e-05)
362.127 .... 717 packets received, 4070 bps, 50.87%, Err 19 (1.1e-05)
366.201 .... 718 packets received, 4030 bps, 50.37%, Err 19 (1.1e-05)
370.456 .... 719 packets received, 3989 bps, 49.86%, Err 19 (1.1e-05)
374.484 .... 720 packets received, 3951 bps, 49.39%, Err 19 (1.1e-05)
378.546 .... 721 packets received, 3914 bps, 48.93%, Err 19 (1.1e-05)
379.961 ** WARNING: System too busy, sleep 15 ms, but be awakened 129 ms later
382.678 .... 722 packets received, 3877 bps, 48.46%, Err 19 (1.1e-05)
386.641 .... 723 packets received, 3843 bps, 48.03%, Err 19 (1.1e-05)
390.768 .... 724 packets received, 3807 bps, 47.59%, Err 19 (1.1e-05)
394.914 .... 725 packets received, 3772 bps, 47.15%, Err 19 (1.1e-05)
395.211 ** WARNING: System too busy, sleep 15 ms, but be awakened 124 ms later
397.197 ** WARNING: System too busy, sleep 15 ms, but be awakened 76 ms later
400.017 .... 726 packets received, 3729 bps, 46.61%, Err 20 (1.2e-05)
402.163 .... 733 packets received, 3745 bps, 46.81%, Err 20 (1.2e-05)
404.292 .... 741 packets received, 3766 bps, 47.07%, Err 20 (1.2e-05)
406.418 .... 749 packets received, 3786 bps, 47.33%, Err 20 (1.1e-05)
408.541 .... 757 packets received, 3807 bps, 47.59%, Err 20 (1.1e-05)
410.684 .... 765 packets received, 3827 bps, 47.84%, Err 20 (1.1e-05)
412.834 .... 773 packets received, 3847 bps, 48.09%, Err 20 (1.1e-05)
414.953 .... 781 packets received, 3867 bps, 48.33%, Err 20 (1.1e-05)
417.076 .... 784 packets received, 3862 bps, 48.27%, Err 21 (1.1e-05)
419.180 .... 796 packets received, 3901 bps, 48.76%, Err 21 (1.1e-05)
421.310 .... 804 packets received, 3920 bps, 49.00%, Err 21 (1.1e-05)
423.437 .... 812 packets received, 3939 bps, 49.24%, Err 21 (1.1e-05)
425.546 .... 820 packets received, 3958 bps, 49.48%, Err 21 (1.1e-05)
427.693 .... 828 packets received, 3977 bps, 49.71%, Err 21 (1.1e-05)
429.806 .... 836 packets received, 3996 bps, 49.94%, Err 21 (1.1e-05)
431.932 .... 844 packets received, 4014 bps, 50.17%, Err 21 (1.1e-05)
434.029 .... 852 packets received, 4032 bps, 50.40%, Err 21 (1.1e-05)
436.160 .... 860 packets received, 4050 bps, 50.63%, Err 21 (1.1e-05)
438.283 .... 868 packets received, 4068 bps, 50.85%, Err 21 (1.1e-05)
440.417 .... 876 packets received, 4086 bps, 51.07%, Err 21 (1.0e-05)
442.553 .... 884 packets received, 4103 bps, 51.29%, Err 21 (1.0e-05)
444.655 .... 891 packets received, 4116 bps, 51.45%, Err 22 (1.1e-05)
446.766 .... 899 packets received, 4133 bps, 51.66%, Err 22 (1.1e-05)
448.914 .... 907 packets received, 4150 bps, 51.87%, Err 22 (1.1e-05)
451.022 .... 915 packets received, 4167 bps, 52.09%, Err 22 (1.0e-05)
453.146 .... 923 packets received, 4184 bps, 52.29%, Err 22 (1.0e-05)
454.185 ** WARNING: System too busy, sleep 15 ms, but be awakened 95 ms later
455.336 .... 930 packets received, 4195 bps, 52.44%, Err 22 (1.0e-05)
456.765 ** WARNING: System too busy, sleep 15 ms, but be awakened 87 ms later
457.672 .... 937 packets received, 4205 bps, 52.56%, Err 22 (1.0e-05)
459.744 .... 945 packets received, 4222 bps, 52.77%, Err 22 (1.0e-05)
461.820 .... 953 packets received, 4238 bps, 52.98%, Err 22 (1.0e-05)
463.922 .... 960 packets received, 4250 bps, 53.12%, Err 23 (1.0e-05)
466.086 .... 968 packets received, 4265 bps, 53.32%, Err 23 (1.0e-05)
468.473 .... 973 packets received, 4265 bps, 53.32%, Err 24 (1.1e-05)
469.203 ** WARNING: System too busy, sleep 15 ms, but be awakened 123 ms later
473.022 .... 980 packets received, 4255 bps, 53.18%, Err 24 (1.1e-05)
475.709 .... 985 packets received, 4252 bps, 53.15%, Err 24 (1.1e-05)
477.341 ** WARNING: System too busy, sleep 15 ms, but be awakened 135 ms later
477.777 .... 992 packets received, 4264 bps, 53.30%, Err 24 (1.1e-05)
479.899 .... 1000 packets received, 4279 bps, 53.49%, Err 24 (1.0e-05)
482.010 .... 1007 packets received, 4290 bps, 53.63%, Err 25 (1.1e-05)
484.169 .... 1015 packets received, 4305 bps, 53.81%, Err 25 (1.1e-05)
486.289 .... 1023 packets received, 4320 bps, 54.00%, Err 25 (1.1e-05)
488.417 .... 1031 packets received, 4335 bps, 54.18%, Err 25 (1.1e-05)
490.559 .... 1039 packets received, 4349 bps, 54.36%, Err 25 (1.0e-05)
492.640 ** WARNING: System too busy, sleep 15 ms, but be awakened 77 ms later
492.737 .... 1047 packets received, 4363 bps, 54.54%, Err 25 (1.0e-05)
494.818 .... 1055 packets received, 4378 bps, 54.73%, Err 25 (1.0e-05)
496.961 .... 1063 packets received, 4392 bps, 54.90%, Err 25 (1.0e-05)
499.084 .... 1071 packets received, 4406 bps, 55.08%, Err 25 (1.0e-05)
504.246 ** WARNING: System too busy, sleep 15 ms, but be awakened 102 ms later
504.595 .... 1077 packets received, 4383 bps, 54.78%, Err 25 (1.0e-05)
508.786 .... 1078 packets received, 4350 bps, 54.38%, Err 25 (1.0e-05)
512.838 .... 1079 packets received, 4320 bps, 54.00%, Err 25 (1.0e-05)
516.894 .... 1080 packets received, 4290 bps, 53.62%, Err 25 (1.0e-05)
520.966 .... 1081 packets received, 4260 bps, 53.25%, Err 25 (1.0e-05)
524.298 ** WARNING: System too busy, sleep 15 ms, but be awakened 79 ms later
525.088 .... 1082 packets received, 4231 bps, 52.88%, Err 25 (1.0e-05)
529.143 .... 1083 packets received, 4202 bps, 52.52%, Err 25 (1.0e-05)
533.164 .... 1084 packets received, 4174 bps, 52.18%, Err 25 (1.0e-05)
537.283 .... 1085 packets received, 4146 bps, 51.82%, Err 25 (1.0e-05)
541.364 .... 1086 packets received, 4118 bps, 51.48%, Err 25 (1.0e-05)
545.536 .... 1087 packets received, 4090 bps, 51.13%, Err 25 (1.0e-05)
549.649 .... 1088 packets received, 4064 bps, 50.79%, Err 25 (1.0e-05)
553.653 .... 1089 packets received, 4038 bps, 50.47%, Err 25 (1.0e-05)
557.858 .... 1090 packets received, 4011 bps, 50.14%, Err 25 (1.0e-05)
561.903 .... 1091 packets received, 3986 bps, 49.82%, Err 25 (1.0e-05)
566.034 .... 1092 packets received, 3960 bps, 49.50%, Err 25 (1.0e-05)
570.048 .... 1093 packets received, 3936 bps, 49.20%, Err 25 (1.0e-05)
574.135 .... 1094 packets received, 3911 bps, 48.89%, Err 25 (1.0e-05)
578.337 .... 1095 packets received, 3886 bps, 48.58%, Err 25 (9.9e-06)
582.558 .... 1096 packets received, 3862 bps, 48.27%, Err 25 (9.9e-06)
586.670 .... 1097 packets received, 3838 bps, 47.98%, Err 25 (9.9e-06)
589.630 ** WARNING: System too busy, sleep 15 ms, but be awakened 78 ms later
590.687 .... 1098 packets received, 3815 bps, 47.69%, Err 25 (9.9e-06)
594.810 .... 1099 packets received, 3792 bps, 47.40%, Err 25 (9.9e-06)
598.964 .... 1100 packets received, 3769 bps, 47.12%, Err 25 (9.9e-06)
601.078 .... 1103 packets received, 3766 bps, 47.08%, Err 25 (9.9e-06)
603.188 .... 1111 packets received, 3780 bps, 47.25%, Err 25 (9.8e-06)
606.113 .... 1118 packets received, 3786 bps, 47.32%, Err 26 (1.0e-05)
608.245 .... 1129 packets received, 3810 bps, 47.62%, Err 26 (1.0e-05)
610.369 .... 1137 packets received, 3823 bps, 47.79%, Err 26 (1.0e-05)
612.493 .... 1145 packets received, 3837 bps, 47.96%, Err 26 (9.9e-06)
614.608 .... 1153 packets received, 3850 bps, 48.13%, Err 26 (9.8e-06)
616.990 .... 1158 packets received, 3852 bps, 48.15%, Err 27 (1.0e-05)
619.132 .... 1169 packets received, 3875 bps, 48.44%, Err 27 (1.0e-05)
621.233 .... 1177 packets received, 3888 bps, 48.60%, Err 27 (1.0e-05)
623.366 .... 1185 packets received, 3901 bps, 48.77%, Err 27 (9.9e-06)
625.490 .... 1192 packets received, 3911 bps, 48.89%, Err 28 (1.0e-05)
627.603 .... 1200 packets received, 3924 bps, 49.05%, Err 28 (1.0e-05)
629.729 .... 1208 packets received, 3937 bps, 49.21%, Err 28 (1.0e-05)
631.835 .... 1216 packets received, 3950 bps, 49.37%, Err 28 (1.0e-05)
633.961 .... 1224 packets received, 3962 bps, 49.53%, Err 28 (1.0e-05)
634.885 ** WARNING: System too busy, sleep 15 ms, but be awakened 76 ms later
636.087 .... 1232 packets received, 3975 bps, 49.68%, Err 28 (9.9e-06)
638.211 .... 1240 packets received, 3987 bps, 49.84%, Err 28 (9.9e-06)
640.319 .... 1248 packets received, 4000 bps, 50.00%, Err 28 (9.8e-06)
642.430 .... 1256 packets received, 4012 bps, 50.15%, Err 28 (9.8e-06)
644.582 .... 1264 packets received, 4024 bps, 50.30%, Err 28 (9.7e-06)
646.705 .... 1272 packets received, 4036 bps, 50.45%, Err 28 (9.6e-06)
648.816 .... 1280 packets received, 4048 bps, 50.61%, Err 28 (9.6e-06)
650.944 .... 1288 packets received, 4060 bps, 50.76%, Err 28 (9.5e-06)
653.045 .... 1296 packets received, 4072 bps, 50.91%, Err 28 (9.5e-06)
655.173 .... 1304 packets received, 4084 bps, 51.05%, Err 28 (9.4e-06)
657.300 .... 1312 packets received, 4096 bps, 51.20%, Err 28 (9.4e-06)
659.429 .... 1320 packets received, 4108 bps, 51.35%, Err 28 (9.3e-06)
661.569 .... 1328 packets received, 4119 bps, 51.49%, Err 28 (9.3e-06)
663.695 .... 1336 packets received, 4131 bps, 51.63%, Err 28 (9.2e-06)
665.044 ** WARNING: System too busy, sleep 15 ms, but be awakened 97 ms later
667.120 .... 1338 packets received, 4116 bps, 51.44%, Err 30 (9.8e-06)
669.533 .... 1351 packets received, 4141 bps, 51.76%, Err 30 (9.7e-06)
671.627 .... 1357 packets received, 4146 bps, 51.82%, Err 31 (1.0e-05)
673.761 .... 1365 packets received, 4157 bps, 51.96%, Err 31 (9.9e-06)
675.892 .... 1373 packets received, 4168 bps, 52.10%, Err 31 (9.9e-06)
677.998 .... 1381 packets received, 4180 bps, 52.24%, Err 31 (9.8e-06)
680.123 .... 1385 packets received, 4179 bps, 52.23%, Err 32 (1.0e-05)
682.252 .... 1396 packets received, 4199 bps, 52.48%, Err 32 (1.0e-05)
684.367 .... 1404 packets received, 4210 bps, 52.62%, Err 32 (1.0e-05)
686.463 .... 1412 packets received, 4221 bps, 52.76%, Err 32 (9.9e-06)
688.591 .... 1420 packets received, 4231 bps, 52.89%, Err 33 (1.0e-05)
690.724 .... 1428 packets received, 4242 bps, 53.03%, Err 33 (1.0e-05)
693.642 .... 1435 packets received, 4245 bps, 53.06%, Err 34 (1.0e-05)
695.764 .... 1446 packets received, 4264 bps, 53.30%, Err 34 (1.0e-05)
697.866 .... 1454 packets received, 4275 bps, 53.44%, Err 34 (1.0e-05)
700.027 Quit.
