000.000 =============================================================
000.000                     Station B                               
000.000 -------------------------------------------------------------
000.000 Protocol.lib, version 4.0, jiangyanjun0718@bupt.edu.cn
000.000 Channel: 8000 bps, 270 ms propagation delay, bit error rate 1.0E-05
000.000 Log file "B.log", TCP port 30011, debug mask 0x00
000.000 Station B is connecting station A (TCP port 30011) ... Done.
000.612 New epoch: Wed May  8 15:28:05 2019
000.612 =================================================================
000.612 
000.612 Designed by CJSoft, build: May  8 2019  15:00:58
003.025 .... 8 packets received, 7638 bps, 95.48%, Err 0 (0.0e+00)
005.134 .... 16 packets received, 7705 bps, 96.31%, Err 0 (0.0e+00)
007.268 .... 23 packets received, 7374 bps, 92.17%, Err 1 (1.9e-05)
009.372 .... 31 packets received, 7476 bps, 93.45%, Err 1 (1.4e-05)
011.500 .... 39 packets received, 7521 bps, 94.01%, Err 1 (1.1e-05)
013.635 .... 47 packets received, 7547 bps, 94.33%, Err 1 (9.6e-06)
015.737 .... 55 packets received, 7582 bps, 94.77%, Err 1 (8.3e-06)
017.867 .... 63 packets received, 7595 bps, 94.94%, Err 1 (7.3e-06)
019.988 .... 71 packets received, 7610 bps, 95.12%, Err 1 (6.5e-06)
022.102 .... 79 packets received, 7624 bps, 95.30%, Err 1 (5.8e-06)
024.227 .... 87 packets received, 7632 bps, 95.40%, Err 1 (5.3e-06)
026.350 .... 94 packets received, 7558 bps, 94.48%, Err 2 (9.7e-06)
028.453 .... 102 packets received, 7576 bps, 94.70%, Err 2 (9.0e-06)
030.590 .... 110 packets received, 7583 bps, 94.78%, Err 2 (8.3e-06)
032.699 .... 118 packets received, 7595 bps, 94.94%, Err 2 (7.8e-06)
035.090 .... 123 packets received, 7363 bps, 92.04%, Err 3 (1.1e-05)
037.209 .... 133 packets received, 7498 bps, 93.72%, Err 4 (1.4e-05)
039.332 .... 141 packets received, 7510 bps, 93.87%, Err 4 (1.3e-05)
041.468 .... 149 packets received, 7518 bps, 93.98%, Err 4 (1.2e-05)
043.568 .... 157 packets received, 7532 bps, 94.15%, Err 4 (1.2e-05)
045.692 .... 165 packets received, 7541 bps, 94.26%, Err 4 (1.1e-05)
047.793 .... 173 packets received, 7552 bps, 94.40%, Err 4 (1.1e-05)
049.933 .... 181 packets received, 7557 bps, 94.46%, Err 4 (1.0e-05)
052.044 .... 189 packets received, 7565 bps, 94.57%, Err 4 (9.7e-06)
054.954 .... 196 packets received, 7423 bps, 92.79%, Err 5 (1.2e-05)
057.077 .... 207 packets received, 7544 bps, 94.30%, Err 5 (1.1e-05)
059.207 .... 215 packets received, 7549 bps, 94.36%, Err 5 (1.1e-05)
061.314 .... 223 packets received, 7557 bps, 94.46%, Err 5 (1.0e-05)
064.237 .... 230 packets received, 7435 bps, 92.93%, Err 6 (1.2e-05)
066.354 .... 241 packets received, 7538 bps, 94.23%, Err 6 (1.1e-05)
068.484 .... 249 packets received, 7543 bps, 94.29%, Err 6 (1.1e-05)
070.600 .... 257 packets received, 7549 bps, 94.37%, Err 6 (1.1e-05)
073.245 .... 263 packets received, 7443 bps, 93.04%, Err 7 (1.2e-05)
075.389 .... 274 packets received, 7531 bps, 94.14%, Err 7 (1.2e-05)
077.493 .... 282 packets received, 7538 bps, 94.23%, Err 7 (1.1e-05)
079.607 .... 290 packets received, 7544 bps, 94.30%, Err 7 (1.1e-05)
081.749 .... 298 packets received, 7547 bps, 94.34%, Err 7 (1.1e-05)
083.869 .... 306 packets received, 7551 bps, 94.39%, Err 7 (1.1e-05)
085.990 .... 314 packets received, 7556 bps, 94.45%, Err 7 (1.0e-05)
088.113 .... 322 packets received, 7560 bps, 94.50%, Err 7 (1.0e-05)
090.238 .... 330 packets received, 7563 bps, 94.54%, Err 7 (9.8e-06)
092.335 .... 338 packets received, 7569 bps, 94.61%, Err 8 (1.1e-05)
094.466 .... 345 packets received, 7550 bps, 94.37%, Err 8 (1.1e-05)
096.583 .... 353 packets received, 7554 bps, 94.43%, Err 8 (1.0e-05)
098.712 .... 361 packets received, 7557 bps, 94.46%, Err 8 (1.0e-05)
100.834 .... 369 packets received, 7561 bps, 94.51%, Err 8 (1.0e-05)
102.983 .... 377 packets received, 7562 bps, 94.52%, Err 8 (9.8e-06)
104.014 ** WARNING: System too busy, sleep 15 ms, but be awakened 68 ms later
105.107 .... 385 packets received, 7565 bps, 94.56%, Err 8 (9.6e-06)
107.206 .... 393 packets received, 7570 bps, 94.62%, Err 8 (9.4e-06)
109.326 .... 401 packets received, 7573 bps, 94.66%, Err 8 (9.2e-06)
111.453 .... 409 packets received, 7575 bps, 94.69%, Err 8 (9.0e-06)
113.570 .... 417 packets received, 7578 bps, 94.73%, Err 8 (8.9e-06)
115.684 .... 425 packets received, 7582 bps, 94.77%, Err 8 (8.7e-06)
118.096 .... 428 packets received, 7478 bps, 93.48%, Err 9 (9.6e-06)
120.455 .... 438 packets received, 7502 bps, 93.77%, Err 10 (1.0e-05)
122.606 .... 449 packets received, 7554 bps, 94.43%, Err 10 (1.0e-05)
124.712 .... 457 packets received, 7558 bps, 94.48%, Err 10 (1.0e-05)
126.825 .... 465 packets received, 7561 bps, 94.52%, Err 10 (9.9e-06)
128.956 .... 473 packets received, 7564 bps, 94.54%, Err 10 (9.7e-06)
131.060 .... 481 packets received, 7567 bps, 94.59%, Err 10 (9.6e-06)
133.178 .... 489 packets received, 7570 bps, 94.62%, Err 11 (1.0e-05)
135.327 .... 496 packets received, 7555 bps, 94.44%, Err 11 (1.0e-05)
137.425 .... 504 packets received, 7559 bps, 94.49%, Err 11 (1.0e-05)
139.548 .... 512 packets received, 7562 bps, 94.52%, Err 11 (9.9e-06)
142.746 .... 518 packets received, 7478 bps, 93.47%, Err 13 (1.1e-05)
144.851 .... 530 packets received, 7539 bps, 94.24%, Err 13 (1.1e-05)
146.976 .... 538 packets received, 7542 bps, 94.27%, Err 13 (1.1e-05)
149.623 .... 542 packets received, 7463 bps, 93.28%, Err 14 (1.2e-05)
151.742 .... 555 packets received, 7534 bps, 94.18%, Err 14 (1.2e-05)
153.855 .... 563 packets received, 7537 bps, 94.22%, Err 14 (1.1e-05)
155.980 .... 571 packets received, 7540 bps, 94.25%, Err 14 (1.1e-05)
158.095 .... 579 packets received, 7543 bps, 94.28%, Err 14 (1.1e-05)
160.215 .... 587 packets received, 7545 bps, 94.31%, Err 14 (1.1e-05)
162.348 .... 595 packets received, 7547 bps, 94.33%, Err 14 (1.1e-05)
164.479 .... 603 packets received, 7549 bps, 94.36%, Err 14 (1.1e-05)
166.598 .... 611 packets received, 7551 bps, 94.39%, Err 15 (1.1e-05)
168.708 .... 618 packets received, 7541 bps, 94.27%, Err 15 (1.1e-05)
170.807 .... 626 packets received, 7545 bps, 94.31%, Err 15 (1.1e-05)
172.944 .... 634 packets received, 7546 bps, 94.33%, Err 15 (1.1e-05)
175.055 .... 642 packets received, 7549 bps, 94.36%, Err 15 (1.1e-05)
177.190 .... 650 packets received, 7550 bps, 94.38%, Err 15 (1.1e-05)
179.288 .... 658 packets received, 7553 bps, 94.42%, Err 15 (1.0e-05)
181.417 .... 666 packets received, 7555 bps, 94.44%, Err 15 (1.0e-05)
183.532 .... 674 packets received, 7557 bps, 94.47%, Err 15 (1.0e-05)
185.648 .... 682 packets received, 7559 bps, 94.49%, Err 15 (1.0e-05)
187.773 .... 690 packets received, 7561 bps, 94.51%, Err 15 (1.0e-05)
189.919 .... 698 packets received, 7562 bps, 94.52%, Err 15 (9.9e-06)
192.032 .... 706 packets received, 7564 bps, 94.55%, Err 15 (9.8e-06)
194.157 .... 714 packets received, 7566 bps, 94.57%, Err 15 (9.7e-06)
197.315 .... 722 packets received, 7527 bps, 94.09%, Err 16 (1.0e-05)
199.978 .... 731 packets received, 7519 bps, 93.99%, Err 17 (1.1e-05)
202.102 .... 742 packets received, 7552 bps, 94.40%, Err 17 (1.1e-05)
204.236 .... 750 packets received, 7553 bps, 94.42%, Err 17 (1.0e-05)
206.353 .... 758 packets received, 7555 bps, 94.44%, Err 17 (1.0e-05)
208.472 .... 766 packets received, 7557 bps, 94.46%, Err 17 (1.0e-05)
210.617 .... 774 packets received, 7558 bps, 94.47%, Err 17 (1.0e-05)
212.738 .... 782 packets received, 7559 bps, 94.49%, Err 17 (1.0e-05)
214.878 .... 790 packets received, 7560 bps, 94.51%, Err 17 (9.9e-06)
216.996 .... 798 packets received, 7562 bps, 94.53%, Err 17 (9.8e-06)
219.126 .... 802 packets received, 7526 bps, 94.07%, Err 18 (1.0e-05)
221.240 .... 813 packets received, 7556 bps, 94.45%, Err 18 (1.0e-05)
223.383 .... 821 packets received, 7557 bps, 94.46%, Err 18 (1.0e-05)
225.531 .... 829 packets received, 7557 bps, 94.47%, Err 18 (1.0e-05)
227.665 .... 837 packets received, 7559 bps, 94.48%, Err 18 (9.9e-06)
229.810 .... 845 packets received, 7559 bps, 94.49%, Err 18 (9.8e-06)
231.936 .... 853 packets received, 7561 bps, 94.51%, Err 18 (9.7e-06)
234.057 .... 861 packets received, 7562 bps, 94.53%, Err 18 (9.6e-06)
236.180 .... 869 packets received, 7564 bps, 94.54%, Err 18 (9.6e-06)
238.289 .... 877 packets received, 7565 bps, 94.57%, Err 18 (9.5e-06)
240.430 .... 885 packets received, 7566 bps, 94.58%, Err 18 (9.4e-06)
242.542 .... 893 packets received, 7568 bps, 94.60%, Err 18 (9.3e-06)
244.673 .... 901 packets received, 7569 bps, 94.61%, Err 18 (9.2e-06)
246.785 .... 909 packets received, 7571 bps, 94.63%, Err 18 (9.1e-06)
248.899 .... 917 packets received, 7572 bps, 94.65%, Err 18 (9.1e-06)
251.016 .... 925 packets received, 7573 bps, 94.67%, Err 18 (9.0e-06)
253.149 .... 933 packets received, 7574 bps, 94.68%, Err 18 (8.9e-06)
255.244 .... 941 packets received, 7576 bps, 94.71%, Err 18 (8.8e-06)
257.390 .... 949 packets received, 7577 bps, 94.71%, Err 18 (8.8e-06)
259.521 .... 957 packets received, 7578 bps, 94.72%, Err 18 (8.7e-06)
261.639 .... 965 packets received, 7579 bps, 94.74%, Err 18 (8.6e-06)
263.739 .... 973 packets received, 7581 bps, 94.76%, Err 18 (8.6e-06)
265.865 .... 981 packets received, 7582 bps, 94.77%, Err 18 (8.5e-06)
268.002 .... 989 packets received, 7583 bps, 94.78%, Err 18 (8.4e-06)
270.113 .... 997 packets received, 7584 bps, 94.80%, Err 18 (8.4e-06)
272.245 .... 1005 packets received, 7585 bps, 94.81%, Err 18 (8.3e-06)
274.352 .... 1013 packets received, 7586 bps, 94.83%, Err 18 (8.2e-06)
276.477 .... 1021 packets received, 7587 bps, 94.84%, Err 18 (8.2e-06)
278.579 .... 1029 packets received, 7589 bps, 94.86%, Err 18 (8.1e-06)
280.710 .... 1037 packets received, 7590 bps, 94.87%, Err 18 (8.0e-06)
282.823 .... 1045 packets received, 7591 bps, 94.88%, Err 18 (8.0e-06)
284.953 .... 1053 packets received, 7592 bps, 94.89%, Err 18 (7.9e-06)
287.076 .... 1057 packets received, 7564 bps, 94.55%, Err 19 (8.3e-06)
289.212 .... 1068 packets received, 7586 bps, 94.82%, Err 19 (8.2e-06)
291.325 .... 1076 packets received, 7587 bps, 94.84%, Err 19 (8.2e-06)
293.714 .... 1081 packets received, 7560 bps, 94.50%, Err 20 (8.5e-06)
295.836 .... 1092 packets received, 7582 bps, 94.78%, Err 21 (8.9e-06)
298.498 .... 1097 packets received, 7549 bps, 94.36%, Err 22 (9.2e-06)
300.604 .... 1108 packets received, 7571 bps, 94.64%, Err 22 (9.2e-06)
302.718 .... 1116 packets received, 7572 bps, 94.65%, Err 22 (9.1e-06)
304.834 .... 1124 packets received, 7573 bps, 94.67%, Err 22 (9.0e-06)
306.966 .... 1132 packets received, 7574 bps, 94.68%, Err 23 (9.4e-06)
309.098 .... 1139 packets received, 7568 bps, 94.60%, Err 23 (9.3e-06)
311.191 .... 1147 packets received, 7570 bps, 94.63%, Err 23 (9.3e-06)
313.320 .... 1155 packets received, 7571 bps, 94.64%, Err 23 (9.2e-06)
315.442 .... 1163 packets received, 7572 bps, 94.65%, Err 23 (9.1e-06)
317.561 .... 1171 packets received, 7573 bps, 94.66%, Err 23 (9.1e-06)
319.705 .... 1179 packets received, 7573 bps, 94.67%, Err 23 (9.0e-06)
321.812 .... 1187 packets received, 7575 bps, 94.68%, Err 23 (9.0e-06)
323.934 .... 1195 packets received, 7576 bps, 94.70%, Err 23 (8.9e-06)
326.061 .... 1203 packets received, 7577 bps, 94.71%, Err 23 (8.8e-06)
328.181 .... 1211 packets received, 7578 bps, 94.72%, Err 23 (8.8e-06)
330.291 .... 1219 packets received, 7579 bps, 94.73%, Err 23 (8.7e-06)
333.465 .... 1227 packets received, 7556 bps, 94.45%, Err 24 (9.0e-06)
335.573 .... 1238 packets received, 7575 bps, 94.69%, Err 24 (9.0e-06)
337.727 .... 1246 packets received, 7576 bps, 94.69%, Err 24 (8.9e-06)
339.820 .... 1254 packets received, 7577 bps, 94.71%, Err 24 (8.8e-06)
341.958 .... 1262 packets received, 7578 bps, 94.72%, Err 24 (8.8e-06)
344.074 .... 1270 packets received, 7579 bps, 94.73%, Err 24 (8.7e-06)
346.199 .... 1278 packets received, 7579 bps, 94.74%, Err 24 (8.7e-06)
348.293 .... 1286 packets received, 7581 bps, 94.76%, Err 24 (8.6e-06)
350.444 .... 1294 packets received, 7581 bps, 94.76%, Err 24 (8.6e-06)
352.543 .... 1302 packets received, 7583 bps, 94.78%, Err 24 (8.5e-06)
354.659 .... 1310 packets received, 7583 bps, 94.79%, Err 24 (8.5e-06)
357.323 .... 1314 packets received, 7550 bps, 94.37%, Err 25 (8.8e-06)
359.443 .... 1327 packets received, 7579 bps, 94.74%, Err 25 (8.7e-06)
361.555 .... 1335 packets received, 7580 bps, 94.76%, Err 25 (8.7e-06)
363.678 .... 1343 packets received, 7581 bps, 94.77%, Err 25 (8.6e-06)
365.792 .... 1351 packets received, 7582 bps, 94.78%, Err 25 (8.6e-06)
367.913 .... 1359 packets received, 7583 bps, 94.79%, Err 25 (8.5e-06)
370.050 .... 1367 packets received, 7584 bps, 94.79%, Err 25 (8.5e-06)
372.148 .... 1375 packets received, 7585 bps, 94.81%, Err 25 (8.4e-06)
374.281 .... 1383 packets received, 7585 bps, 94.82%, Err 26 (8.7e-06)
376.395 .... 1390 packets received, 7581 bps, 94.76%, Err 26 (8.6e-06)
378.527 .... 1398 packets received, 7581 bps, 94.77%, Err 26 (8.6e-06)
382.243 .... 1406 packets received, 7551 bps, 94.38%, Err 27 (8.8e-06)
384.329 .... 1419 packets received, 7579 bps, 94.74%, Err 27 (8.8e-06)
386.472 .... 1427 packets received, 7579 bps, 94.74%, Err 27 (8.7e-06)
388.582 .... 1435 packets received, 7580 bps, 94.75%, Err 27 (8.7e-06)
390.715 .... 1443 packets received, 7581 bps, 94.76%, Err 27 (8.7e-06)
392.829 .... 1451 packets received, 7582 bps, 94.77%, Err 27 (8.6e-06)
394.958 .... 1459 packets received, 7582 bps, 94.78%, Err 27 (8.6e-06)
397.068 .... 1467 packets received, 7583 bps, 94.79%, Err 27 (8.5e-06)
399.210 .... 1475 packets received, 7584 bps, 94.80%, Err 27 (8.5e-06)
401.864 .... 1480 packets received, 7559 bps, 94.49%, Err 28 (8.7e-06)
404.249 .... 1489 packets received, 7560 bps, 94.50%, Err 29 (9.0e-06)
406.372 .... 1500 packets received, 7576 bps, 94.70%, Err 29 (8.9e-06)
408.472 .... 1508 packets received, 7577 bps, 94.71%, Err 29 (8.9e-06)
411.406 .... 1515 packets received, 7558 bps, 94.47%, Err 30 (9.1e-06)
413.511 .... 1526 packets received, 7574 bps, 94.67%, Err 30 (9.1e-06)
415.647 .... 1534 packets received, 7574 bps, 94.68%, Err 30 (9.0e-06)
417.751 .... 1542 packets received, 7576 bps, 94.69%, Err 30 (9.0e-06)
419.871 .... 1546 packets received, 7557 bps, 94.46%, Err 31 (9.2e-06)
421.998 .... 1556 packets received, 7567 bps, 94.59%, Err 32 (9.5e-06)
424.104 .... 1564 packets received, 7568 bps, 94.60%, Err 32 (9.4e-06)
426.230 .... 1572 packets received, 7569 bps, 94.61%, Err 32 (9.4e-06)
428.360 .... 1580 packets received, 7570 bps, 94.62%, Err 32 (9.4e-06)
430.471 .... 1588 packets received, 7571 bps, 94.63%, Err 32 (9.3e-06)
432.586 .... 1596 packets received, 7571 bps, 94.64%, Err 32 (9.3e-06)
434.710 .... 1604 packets received, 7572 bps, 94.65%, Err 32 (9.2e-06)
437.364 .... 1610 packets received, 7554 bps, 94.43%, Err 33 (9.4e-06)
439.488 .... 1621 packets received, 7569 bps, 94.61%, Err 33 (9.4e-06)
441.598 .... 1629 packets received, 7570 bps, 94.62%, Err 33 (9.4e-06)
443.748 .... 1637 packets received, 7570 bps, 94.63%, Err 33 (9.3e-06)
445.859 .... 1645 packets received, 7571 bps, 94.64%, Err 33 (9.3e-06)
447.971 .... 1653 packets received, 7572 bps, 94.65%, Err 33 (9.2e-06)
454.057 .... 1661 packets received, 7506 bps, 93.83%, Err 36 (9.9e-06)
456.451 .... 1678 packets received, 7543 bps, 94.29%, Err 36 (9.9e-06)
458.860 .... 1682 packets received, 7522 bps, 94.02%, Err 37 (1.0e-05)
460.961 .... 1692 packets received, 7532 bps, 94.15%, Err 37 (1.0e-05)
463.081 .... 1700 packets received, 7533 bps, 94.16%, Err 37 (1.0e-05)
465.208 .... 1708 packets received, 7533 bps, 94.17%, Err 37 (1.0e-05)
467.320 .... 1716 packets received, 7534 bps, 94.18%, Err 37 (9.9e-06)
469.427 .... 1724 packets received, 7536 bps, 94.19%, Err 37 (9.9e-06)
471.556 .... 1731 packets received, 7532 bps, 94.15%, Err 38 (1.0e-05)
473.687 .... 1739 packets received, 7533 bps, 94.16%, Err 39 (1.0e-05)
475.814 .... 1746 packets received, 7529 bps, 94.11%, Err 39 (1.0e-05)
477.937 .... 1754 packets received, 7530 bps, 94.12%, Err 39 (1.0e-05)
480.044 .... 1762 packets received, 7531 bps, 94.14%, Err 39 (1.0e-05)
482.164 .... 1770 packets received, 7532 bps, 94.15%, Err 39 (1.0e-05)
484.285 .... 1778 packets received, 7533 bps, 94.16%, Err 39 (1.0e-05)
486.406 .... 1785 packets received, 7529 bps, 94.12%, Err 40 (1.0e-05)
488.508 .... 1793 packets received, 7530 bps, 94.13%, Err 40 (1.0e-05)
490.638 .... 1801 packets received, 7531 bps, 94.14%, Err 40 (1.0e-05)
492.767 .... 1809 packets received, 7532 bps, 94.15%, Err 40 (1.0e-05)
494.872 .... 1817 packets received, 7533 bps, 94.16%, Err 40 (1.0e-05)
497.026 .... 1825 packets received, 7533 bps, 94.17%, Err 40 (1.0e-05)
499.111 .... 1833 packets received, 7535 bps, 94.18%, Err 40 (1.0e-05)
501.250 .... 1841 packets received, 7535 bps, 94.19%, Err 40 (1.0e-05)
503.354 .... 1849 packets received, 7536 bps, 94.20%, Err 40 (9.9e-06)
505.483 .... 1857 packets received, 7537 bps, 94.21%, Err 40 (9.9e-06)
508.376 .... 1864 packets received, 7522 bps, 94.03%, Err 41 (1.0e-05)
510.510 .... 1875 packets received, 7535 bps, 94.19%, Err 41 (1.0e-05)
512.646 .... 1883 packets received, 7535 bps, 94.19%, Err 41 (1.0e-05)
514.763 .... 1891 packets received, 7536 bps, 94.20%, Err 41 (1.0e-05)
516.866 .... 1899 packets received, 7537 bps, 94.22%, Err 41 (9.9e-06)
518.992 .... 1907 packets received, 7538 bps, 94.23%, Err 41 (9.9e-06)
521.128 .... 1915 packets received, 7539 bps, 94.23%, Err 41 (9.8e-06)
523.229 .... 1923 packets received, 7540 bps, 94.25%, Err 41 (9.8e-06)
525.366 .... 1931 packets received, 7540 bps, 94.25%, Err 41 (9.8e-06)
527.481 .... 1939 packets received, 7541 bps, 94.26%, Err 41 (9.7e-06)
529.613 .... 1947 packets received, 7542 bps, 94.27%, Err 41 (9.7e-06)
531.742 .... 1955 packets received, 7542 bps, 94.28%, Err 41 (9.7e-06)
534.638 .... 1962 packets received, 7528 bps, 94.10%, Err 42 (9.8e-06)
536.760 .... 1973 packets received, 7540 bps, 94.25%, Err 42 (9.8e-06)
539.400 .... 1979 packets received, 7526 bps, 94.08%, Err 43 (1.0e-05)
541.536 .... 1990 packets received, 7538 bps, 94.23%, Err 43 (9.9e-06)
543.649 .... 1998 packets received, 7539 bps, 94.24%, Err 43 (9.9e-06)
545.766 .... 2006 packets received, 7540 bps, 94.25%, Err 43 (9.9e-06)
547.876 .... 2014 packets received, 7541 bps, 94.26%, Err 43 (9.8e-06)
550.004 .... 2022 packets received, 7541 bps, 94.27%, Err 44 (1.0e-05)
552.398 .... 2027 packets received, 7527 bps, 94.09%, Err 45 (1.0e-05)
554.489 .... 2038 packets received, 7539 bps, 94.24%, Err 45 (1.0e-05)
556.627 .... 2046 packets received, 7540 bps, 94.25%, Err 45 (1.0e-05)
558.745 .... 2054 packets received, 7541 bps, 94.26%, Err 45 (1.0e-05)
560.861 .... 2062 packets received, 7541 bps, 94.27%, Err 45 (1.0e-05)
562.996 .... 2070 packets received, 7542 bps, 94.27%, Err 45 (1.0e-05)
565.104 .... 2078 packets received, 7543 bps, 94.28%, Err 45 (1.0e-05)
568.551 .... 2085 packets received, 7522 bps, 94.03%, Err 47 (1.0e-05)
570.674 .... 2097 packets received, 7537 bps, 94.22%, Err 47 (1.0e-05)
572.795 .... 2105 packets received, 7538 bps, 94.22%, Err 47 (1.0e-05)
578.087 .... 2110 packets received, 7487 bps, 93.58%, Err 50 (1.1e-05)
580.221 .... 2127 packets received, 7519 bps, 93.99%, Err 50 (1.1e-05)
582.332 .... 2135 packets received, 7520 bps, 94.00%, Err 50 (1.1e-05)
584.449 .... 2143 packets received, 7521 bps, 94.01%, Err 50 (1.1e-05)
586.566 .... 2151 packets received, 7522 bps, 94.02%, Err 51 (1.1e-05)
588.689 .... 2159 packets received, 7522 bps, 94.03%, Err 51 (1.1e-05)
590.821 .... 2167 packets received, 7523 bps, 94.04%, Err 51 (1.1e-05)
592.920 .... 2175 packets received, 7524 bps, 94.05%, Err 51 (1.1e-05)
595.050 .... 2183 packets received, 7524 bps, 94.06%, Err 51 (1.1e-05)
597.174 .... 2191 packets received, 7525 bps, 94.06%, Err 51 (1.1e-05)
599.303 .... 2199 packets received, 7526 bps, 94.07%, Err 51 (1.1e-05)
601.411 .... 2207 packets received, 7527 bps, 94.08%, Err 51 (1.1e-05)
603.518 .... 2215 packets received, 7527 bps, 94.09%, Err 51 (1.1e-05)
606.179 .... 2221 packets received, 7515 bps, 93.93%, Err 52 (1.1e-05)
608.295 .... 2232 packets received, 7526 bps, 94.07%, Err 52 (1.1e-05)
610.431 .... 2240 packets received, 7526 bps, 94.08%, Err 52 (1.1e-05)
612.545 .... 2248 packets received, 7527 bps, 94.09%, Err 52 (1.1e-05)
614.651 .... 2256 packets received, 7528 bps, 94.10%, Err 52 (1.1e-05)
616.789 .... 2264 packets received, 7528 bps, 94.10%, Err 52 (1.1e-05)
618.899 .... 2272 packets received, 7529 bps, 94.11%, Err 52 (1.1e-05)
621.014 .... 2280 packets received, 7530 bps, 94.12%, Err 52 (1.0e-05)
623.149 .... 2288 packets received, 7530 bps, 94.13%, Err 52 (1.0e-05)
625.259 .... 2296 packets received, 7531 bps, 94.14%, Err 52 (1.0e-05)
627.374 .... 2304 packets received, 7532 bps, 94.15%, Err 52 (1.0e-05)
629.509 .... 2312 packets received, 7532 bps, 94.15%, Err 52 (1.0e-05)
632.430 .... 2319 packets received, 7520 bps, 94.00%, Err 53 (1.0e-05)
634.536 .... 2330 packets received, 7531 bps, 94.13%, Err 53 (1.0e-05)
636.646 .... 2338 packets received, 7531 bps, 94.14%, Err 53 (1.0e-05)
638.782 .... 2346 packets received, 7532 bps, 94.15%, Err 53 (1.0e-05)
641.708 .... 2353 packets received, 7520 bps, 94.00%, Err 54 (1.1e-05)
643.822 .... 2364 packets received, 7530 bps, 94.13%, Err 54 (1.0e-05)
645.943 .... 2372 packets received, 7531 bps, 94.14%, Err 54 (1.0e-05)
648.050 .... 2380 packets received, 7532 bps, 94.15%, Err 54 (1.0e-05)
650.202 .... 2388 packets received, 7532 bps, 94.15%, Err 54 (1.0e-05)
652.324 .... 2396 packets received, 7533 bps, 94.16%, Err 54 (1.0e-05)
654.451 .... 2404 packets received, 7533 bps, 94.16%, Err 54 (1.0e-05)
656.563 .... 2412 packets received, 7534 bps, 94.17%, Err 54 (1.0e-05)
658.697 .... 2420 packets received, 7534 bps, 94.18%, Err 54 (1.0e-05)
660.818 .... 2428 packets received, 7535 bps, 94.19%, Err 54 (1.0e-05)
662.935 .... 2436 packets received, 7536 bps, 94.19%, Err 55 (1.0e-05)
666.111 .... 2444 packets received, 7524 bps, 94.05%, Err 56 (1.1e-05)
668.224 .... 2455 packets received, 7534 bps, 94.18%, Err 56 (1.0e-05)
670.348 .... 2463 packets received, 7535 bps, 94.18%, Err 56 (1.0e-05)
672.479 .... 2471 packets received, 7535 bps, 94.19%, Err 56 (1.0e-05)
674.578 .... 2479 packets received, 7536 bps, 94.20%, Err 56 (1.0e-05)
676.697 .... 2486 packets received, 7534 bps, 94.17%, Err 58 (1.1e-05)
679.375 .... 2489 packets received, 7513 bps, 93.91%, Err 60 (1.1e-05)
681.483 .... 2501 packets received, 7526 bps, 94.07%, Err 60 (1.1e-05)
683.604 .... 2509 packets received, 7526 bps, 94.08%, Err 60 (1.1e-05)
685.725 .... 2517 packets received, 7527 bps, 94.09%, Err 60 (1.1e-05)
687.860 .... 2525 packets received, 7527 bps, 94.09%, Err 60 (1.1e-05)
689.955 .... 2533 packets received, 7528 bps, 94.10%, Err 60 (1.1e-05)
692.139 .... 2540 packets received, 7525 bps, 94.07%, Err 61 (1.1e-05)
694.223 .... 2548 packets received, 7526 bps, 94.08%, Err 61 (1.1e-05)
696.334 .... 2556 packets received, 7527 bps, 94.09%, Err 61 (1.1e-05)
698.462 .... 2564 packets received, 7528 bps, 94.09%, Err 61 (1.1e-05)
700.024 Quit.
