000.000 =============================================================
000.000                     Station A                               
000.000 -------------------------------------------------------------
000.000 Protocol.lib, version 4.0, jiangyanjun0718@bupt.edu.cn
000.000 Channel: 8000 bps, 270 ms propagation delay, bit error rate 1.0E-05
000.000 Log file "fA.log", TCP port 30014, debug mask 0x00
000.000 Station A is waiting for station B on TCP port 30014 ... Done.
000.653 New epoch: Wed May  8 15:28:05 2019
000.653 =================================================================
000.653 
000.653 Designed by CJSoft, build: May  8 2019  15:00:58
003.060 .... 7 packets received, 6699 bps, 83.74%, Err 1 (5.2e-05)
005.168 .... 15 packets received, 7232 bps, 90.40%, Err 1 (2.8e-05)
007.303 .... 23 packets received, 7380 bps, 92.25%, Err 1 (1.9e-05)
009.429 .... 31 packets received, 7461 bps, 93.27%, Err 1 (1.4e-05)
011.543 .... 39 packets received, 7519 bps, 93.98%, Err 1 (1.2e-05)
013.665 .... 47 packets received, 7552 bps, 94.41%, Err 1 (9.6e-06)
015.785 .... 55 packets received, 7578 bps, 94.72%, Err 1 (8.3e-06)
017.899 .... 63 packets received, 7599 bps, 94.99%, Err 1 (7.3e-06)
020.026 .... 71 packets received, 7611 bps, 95.13%, Err 1 (6.5e-06)
022.145 .... 79 packets received, 7623 bps, 95.28%, Err 1 (5.8e-06)
024.267 .... 87 packets received, 7632 bps, 95.40%, Err 1 (5.3e-06)
026.385 .... 95 packets received, 7640 bps, 95.50%, Err 1 (4.9e-06)
028.501 .... 103 packets received, 7648 bps, 95.60%, Err 1 (4.5e-06)
030.635 .... 111 packets received, 7650 bps, 95.63%, Err 1 (4.2e-06)
032.762 .... 119 packets received, 7654 bps, 95.67%, Err 2 (7.8e-06)
034.882 .... 127 packets received, 7658 bps, 95.73%, Err 2 (7.3e-06)
037.000 .... 135 packets received, 7663 bps, 95.79%, Err 3 (1.0e-05)
039.125 .... 142 packets received, 7612 bps, 95.15%, Err 3 (9.8e-06)
041.254 .... 150 packets received, 7616 bps, 95.21%, Err 3 (9.2e-06)
043.379 .... 158 packets received, 7621 bps, 95.26%, Err 3 (8.8e-06)
045.485 .... 166 packets received, 7629 bps, 95.36%, Err 3 (8.4e-06)
047.621 .... 174 packets received, 7631 bps, 95.38%, Err 3 (8.0e-06)
049.725 .... 182 packets received, 7637 bps, 95.47%, Err 3 (7.6e-06)
051.853 .... 190 packets received, 7640 bps, 95.50%, Err 3 (7.3e-06)
053.972 .... 198 packets received, 7644 bps, 95.54%, Err 3 (7.0e-06)
056.093 .... 206 packets received, 7647 bps, 95.58%, Err 3 (6.8e-06)
058.193 .... 214 packets received, 7652 bps, 95.65%, Err 3 (6.5e-06)
060.332 .... 222 packets received, 7653 bps, 95.66%, Err 3 (6.3e-06)
062.448 .... 230 packets received, 7656 bps, 95.70%, Err 3 (6.1e-06)
064.584 .... 238 packets received, 7656 bps, 95.70%, Err 3 (5.9e-06)
066.691 .... 246 packets received, 7660 bps, 95.75%, Err 3 (5.7e-06)
068.817 .... 254 packets received, 7661 bps, 95.77%, Err 3 (5.5e-06)
070.929 .... 262 packets received, 7664 bps, 95.80%, Err 3 (5.3e-06)
073.071 .... 270 packets received, 7664 bps, 95.80%, Err 3 (5.2e-06)
075.196 .... 274 packets received, 7555 bps, 94.44%, Err 4 (6.7e-06)
077.577 .... 282 packets received, 7534 bps, 94.18%, Err 5 (8.1e-06)
079.701 .... 293 packets received, 7617 bps, 95.21%, Err 5 (7.9e-06)
081.816 .... 301 packets received, 7620 bps, 95.25%, Err 5 (7.7e-06)
083.916 .... 309 packets received, 7625 bps, 95.31%, Err 5 (7.5e-06)
086.053 .... 317 packets received, 7626 bps, 95.32%, Err 5 (7.3e-06)
088.174 .... 325 packets received, 7628 bps, 95.35%, Err 5 (7.1e-06)
090.301 .... 333 packets received, 7630 bps, 95.38%, Err 5 (7.0e-06)
092.434 .... 341 packets received, 7631 bps, 95.39%, Err 5 (6.8e-06)
095.602 .... 349 packets received, 7549 bps, 94.36%, Err 7 (9.2e-06)
097.722 .... 360 packets received, 7616 bps, 95.20%, Err 7 (9.0e-06)
099.855 .... 368 packets received, 7618 bps, 95.22%, Err 7 (8.8e-06)
101.952 .... 376 packets received, 7622 bps, 95.27%, Err 7 (8.6e-06)
104.144 .... 384 packets received, 7619 bps, 95.23%, Err 7 (8.5e-06)
106.256 .... 392 packets received, 7621 bps, 95.27%, Err 7 (8.3e-06)
109.390 .... 400 packets received, 7552 bps, 94.40%, Err 8 (9.2e-06)
111.533 .... 411 packets received, 7610 bps, 95.12%, Err 8 (9.0e-06)
113.650 .... 419 packets received, 7612 bps, 95.15%, Err 8 (8.9e-06)
115.763 .... 427 packets received, 7615 bps, 95.18%, Err 9 (9.8e-06)
117.888 .... 434 packets received, 7599 bps, 94.99%, Err 9 (9.6e-06)
119.989 .... 442 packets received, 7602 bps, 95.03%, Err 9 (9.4e-06)
122.145 .... 450 packets received, 7602 bps, 95.03%, Err 9 (9.3e-06)
124.264 .... 458 packets received, 7605 bps, 95.06%, Err 9 (9.1e-06)
126.364 .... 466 packets received, 7608 bps, 95.10%, Err 9 (9.0e-06)
128.482 .... 474 packets received, 7610 bps, 95.13%, Err 9 (8.8e-06)
130.602 .... 482 packets received, 7612 bps, 95.15%, Err 9 (8.7e-06)
132.755 .... 490 packets received, 7612 bps, 95.15%, Err 9 (8.5e-06)
134.874 .... 498 packets received, 7614 bps, 95.17%, Err 9 (8.4e-06)
136.989 .... 506 packets received, 7616 bps, 95.20%, Err 9 (8.3e-06)
139.092 .... 514 packets received, 7619 bps, 95.23%, Err 9 (8.1e-06)
141.255 .... 521 packets received, 7603 bps, 95.04%, Err 10 (8.9e-06)
143.373 .... 528 packets received, 7591 bps, 94.89%, Err 11 (9.6e-06)
145.999 .... 534 packets received, 7538 bps, 94.23%, Err 12 (1.0e-05)
148.146 .... 545 packets received, 7581 bps, 94.77%, Err 12 (1.0e-05)
150.265 .... 553 packets received, 7583 bps, 94.79%, Err 12 (1.0e-05)
152.369 .... 556 packets received, 7519 bps, 93.98%, Err 13 (1.1e-05)
154.493 .... 568 packets received, 7575 bps, 94.68%, Err 13 (1.1e-05)
156.615 .... 576 packets received, 7577 bps, 94.71%, Err 13 (1.0e-05)
158.743 .... 584 packets received, 7578 bps, 94.73%, Err 13 (1.0e-05)
160.860 .... 592 packets received, 7580 bps, 94.76%, Err 13 (1.0e-05)
162.987 .... 600 packets received, 7582 bps, 94.78%, Err 13 (1.0e-05)
165.096 .... 608 packets received, 7584 bps, 94.81%, Err 13 (9.9e-06)
167.233 .... 616 packets received, 7586 bps, 94.82%, Err 13 (9.8e-06)
170.129 .... 621 packets received, 7516 bps, 93.95%, Err 15 (1.1e-05)
172.258 .... 633 packets received, 7566 bps, 94.58%, Err 15 (1.1e-05)
174.378 .... 641 packets received, 7568 bps, 94.60%, Err 15 (1.1e-05)
176.524 .... 649 packets received, 7569 bps, 94.61%, Err 15 (1.1e-05)
178.632 .... 657 packets received, 7571 bps, 94.64%, Err 15 (1.1e-05)
180.730 .... 665 packets received, 7574 bps, 94.68%, Err 15 (1.0e-05)
182.877 .... 673 packets received, 7575 bps, 94.69%, Err 15 (1.0e-05)
184.991 .... 681 packets received, 7577 bps, 94.71%, Err 15 (1.0e-05)
187.118 .... 689 packets received, 7578 bps, 94.73%, Err 15 (1.0e-05)
189.244 .... 697 packets received, 7580 bps, 94.75%, Err 15 (9.9e-06)
191.360 .... 705 packets received, 7582 bps, 94.77%, Err 16 (1.0e-05)
193.488 .... 713 packets received, 7583 bps, 94.79%, Err 16 (1.0e-05)
195.587 .... 721 packets received, 7585 bps, 94.82%, Err 16 (1.0e-05)
197.714 .... 729 packets received, 7587 bps, 94.83%, Err 16 (1.0e-05)
200.882 .... 737 packets received, 7548 bps, 94.35%, Err 17 (1.1e-05)
203.016 .... 748 packets received, 7580 bps, 94.75%, Err 17 (1.1e-05)
205.139 .... 756 packets received, 7582 bps, 94.77%, Err 17 (1.0e-05)
207.258 .... 764 packets received, 7583 bps, 94.79%, Err 17 (1.0e-05)
209.396 .... 772 packets received, 7584 bps, 94.80%, Err 17 (1.0e-05)
211.514 .... 780 packets received, 7585 bps, 94.82%, Err 17 (1.0e-05)
213.629 .... 788 packets received, 7587 bps, 94.84%, Err 17 (1.0e-05)
215.740 .... 796 packets received, 7589 bps, 94.86%, Err 17 (9.9e-06)
217.884 .... 804 packets received, 7589 bps, 94.87%, Err 17 (9.8e-06)
219.985 .... 812 packets received, 7591 bps, 94.89%, Err 17 (9.7e-06)
222.098 .... 820 packets received, 7593 bps, 94.91%, Err 17 (9.6e-06)
224.250 .... 828 packets received, 7593 bps, 94.91%, Err 17 (9.5e-06)
227.405 .... 836 packets received, 7560 bps, 94.49%, Err 18 (9.9e-06)
229.539 .... 847 packets received, 7588 bps, 94.84%, Err 18 (9.8e-06)
231.664 .... 855 packets received, 7589 bps, 94.86%, Err 18 (9.7e-06)
233.760 .... 863 packets received, 7591 bps, 94.88%, Err 18 (9.7e-06)
235.887 .... 871 packets received, 7592 bps, 94.90%, Err 18 (9.6e-06)
238.010 .... 879 packets received, 7593 bps, 94.91%, Err 18 (9.5e-06)
240.141 .... 887 packets received, 7594 bps, 94.92%, Err 18 (9.4e-06)
242.265 .... 895 packets received, 7595 bps, 94.93%, Err 18 (9.3e-06)
244.381 .... 903 packets received, 7596 bps, 94.95%, Err 18 (9.2e-06)
246.524 .... 911 packets received, 7596 bps, 94.96%, Err 18 (9.2e-06)
248.617 .... 919 packets received, 7598 bps, 94.98%, Err 18 (9.1e-06)
250.756 .... 927 packets received, 7599 bps, 94.99%, Err 18 (9.0e-06)
253.150 .... 932 packets received, 7567 bps, 94.59%, Err 19 (9.4e-06)
255.259 .... 943 packets received, 7593 bps, 94.92%, Err 19 (9.3e-06)
257.358 .... 951 packets received, 7595 bps, 94.94%, Err 19 (9.3e-06)
260.034 .... 957 packets received, 7564 bps, 94.55%, Err 20 (9.6e-06)
262.156 .... 968 packets received, 7589 bps, 94.86%, Err 20 (9.6e-06)
264.268 .... 976 packets received, 7590 bps, 94.88%, Err 20 (9.5e-06)
266.385 .... 984 packets received, 7591 bps, 94.89%, Err 21 (9.9e-06)
268.501 .... 992 packets received, 7593 bps, 94.91%, Err 21 (9.8e-06)
270.617 .... 1000 packets received, 7594 bps, 94.92%, Err 21 (9.7e-06)
272.743 .... 1008 packets received, 7595 bps, 94.93%, Err 21 (9.6e-06)
274.867 .... 1016 packets received, 7596 bps, 94.94%, Err 21 (9.6e-06)
277.526 .... 1022 packets received, 7567 bps, 94.59%, Err 22 (9.9e-06)
279.641 .... 1033 packets received, 7590 bps, 94.88%, Err 22 (9.9e-06)
281.761 .... 1041 packets received, 7591 bps, 94.89%, Err 22 (9.8e-06)
283.883 .... 1049 packets received, 7592 bps, 94.90%, Err 22 (9.7e-06)
286.019 .... 1057 packets received, 7593 bps, 94.91%, Err 22 (9.6e-06)
288.113 .... 1065 packets received, 7595 bps, 94.93%, Err 22 (9.6e-06)
290.251 .... 1073 packets received, 7595 bps, 94.94%, Err 22 (9.5e-06)
292.384 .... 1081 packets received, 7596 bps, 94.95%, Err 22 (9.4e-06)
294.495 .... 1089 packets received, 7597 bps, 94.96%, Err 22 (9.4e-06)
296.615 .... 1097 packets received, 7598 bps, 94.97%, Err 22 (9.3e-06)
298.724 .... 1105 packets received, 7599 bps, 94.99%, Err 22 (9.2e-06)
300.860 .... 1113 packets received, 7600 bps, 94.99%, Err 22 (9.2e-06)
302.961 .... 1121 packets received, 7601 bps, 95.01%, Err 22 (9.1e-06)
305.090 .... 1129 packets received, 7602 bps, 95.02%, Err 22 (9.0e-06)
307.214 .... 1137 packets received, 7602 bps, 95.03%, Err 22 (9.0e-06)
309.340 .... 1145 packets received, 7603 bps, 95.04%, Err 22 (8.9e-06)
311.449 .... 1153 packets received, 7604 bps, 95.05%, Err 22 (8.8e-06)
313.578 .... 1161 packets received, 7605 bps, 95.06%, Err 22 (8.8e-06)
315.684 .... 1169 packets received, 7606 bps, 95.08%, Err 22 (8.7e-06)
317.817 .... 1177 packets received, 7607 bps, 95.08%, Err 22 (8.7e-06)
319.938 .... 1185 packets received, 7607 bps, 95.09%, Err 22 (8.6e-06)
322.051 .... 1193 packets received, 7608 bps, 95.10%, Err 22 (8.6e-06)
324.194 .... 1201 packets received, 7609 bps, 95.11%, Err 22 (8.5e-06)
326.287 .... 1209 packets received, 7610 bps, 95.12%, Err 22 (8.4e-06)
328.419 .... 1217 packets received, 7610 bps, 95.13%, Err 22 (8.4e-06)
331.339 .... 1224 packets received, 7587 bps, 94.83%, Err 24 (9.1e-06)
333.432 .... 1234 packets received, 7600 bps, 95.01%, Err 24 (9.0e-06)
335.574 .... 1242 packets received, 7601 bps, 95.01%, Err 24 (9.0e-06)
337.695 .... 1250 packets received, 7602 bps, 95.02%, Err 24 (8.9e-06)
339.820 .... 1258 packets received, 7602 bps, 95.03%, Err 24 (8.8e-06)
341.942 .... 1266 packets received, 7603 bps, 95.04%, Err 24 (8.8e-06)
344.076 .... 1274 packets received, 7603 bps, 95.04%, Err 24 (8.7e-06)
346.181 .... 1282 packets received, 7604 bps, 95.06%, Err 24 (8.7e-06)
348.293 .... 1290 packets received, 7605 bps, 95.07%, Err 24 (8.6e-06)
350.429 .... 1298 packets received, 7606 bps, 95.07%, Err 24 (8.6e-06)
352.540 .... 1306 packets received, 7607 bps, 95.08%, Err 24 (8.5e-06)
354.659 .... 1314 packets received, 7608 bps, 95.09%, Err 24 (8.5e-06)
356.770 .... 1322 packets received, 7608 bps, 95.11%, Err 24 (8.4e-06)
358.907 .... 1330 packets received, 7609 bps, 95.11%, Err 24 (8.4e-06)
361.017 .... 1338 packets received, 7610 bps, 95.12%, Err 24 (8.3e-06)
363.133 .... 1346 packets received, 7610 bps, 95.13%, Err 24 (8.3e-06)
365.263 .... 1354 packets received, 7611 bps, 95.14%, Err 24 (8.2e-06)
367.388 .... 1362 packets received, 7612 bps, 95.14%, Err 24 (8.2e-06)
369.493 .... 1370 packets received, 7612 bps, 95.16%, Err 24 (8.1e-06)
371.624 .... 1378 packets received, 7613 bps, 95.16%, Err 24 (8.1e-06)
373.737 .... 1386 packets received, 7614 bps, 95.17%, Err 24 (8.0e-06)
375.855 .... 1393 packets received, 7609 bps, 95.11%, Err 25 (8.3e-06)
377.970 .... 1401 packets received, 7610 bps, 95.12%, Err 25 (8.3e-06)
380.099 .... 1409 packets received, 7610 bps, 95.13%, Err 25 (8.2e-06)
382.228 .... 1417 packets received, 7611 bps, 95.13%, Err 25 (8.2e-06)
385.142 .... 1421 packets received, 7574 bps, 94.68%, Err 27 (8.8e-06)
387.265 .... 1434 packets received, 7602 bps, 95.02%, Err 27 (8.7e-06)
389.394 .... 1442 packets received, 7602 bps, 95.03%, Err 27 (8.7e-06)
392.553 .... 1450 packets received, 7583 bps, 94.78%, Err 28 (8.9e-06)
394.666 .... 1461 packets received, 7599 bps, 94.99%, Err 28 (8.9e-06)
396.777 .... 1469 packets received, 7600 bps, 95.00%, Err 29 (9.2e-06)
398.926 .... 1477 packets received, 7600 bps, 95.00%, Err 29 (9.1e-06)
401.045 .... 1485 packets received, 7601 bps, 95.01%, Err 29 (9.1e-06)
403.160 .... 1489 packets received, 7581 bps, 94.77%, Err 30 (9.3e-06)
405.288 .... 1500 packets received, 7597 bps, 94.96%, Err 31 (9.6e-06)
407.396 .... 1508 packets received, 7598 bps, 94.97%, Err 31 (9.5e-06)
409.554 .... 1516 packets received, 7598 bps, 94.97%, Err 31 (9.5e-06)
411.654 .... 1524 packets received, 7599 bps, 94.99%, Err 31 (9.4e-06)
413.784 .... 1532 packets received, 7599 bps, 94.99%, Err 31 (9.4e-06)
415.907 .... 1540 packets received, 7600 bps, 95.00%, Err 31 (9.3e-06)
419.089 .... 1548 packets received, 7581 bps, 94.77%, Err 32 (9.6e-06)
421.240 .... 1559 packets received, 7596 bps, 94.95%, Err 32 (9.5e-06)
424.451 .... 1567 packets received, 7577 bps, 94.72%, Err 33 (9.7e-06)
426.578 .... 1578 packets received, 7592 bps, 94.90%, Err 33 (9.7e-06)
428.694 .... 1586 packets received, 7593 bps, 94.91%, Err 33 (9.6e-06)
430.823 .... 1594 packets received, 7594 bps, 94.92%, Err 33 (9.6e-06)
432.951 .... 1602 packets received, 7594 bps, 94.93%, Err 33 (9.5e-06)
435.066 .... 1610 packets received, 7595 bps, 94.94%, Err 33 (9.5e-06)
437.179 .... 1618 packets received, 7596 bps, 94.95%, Err 33 (9.5e-06)
439.313 .... 1626 packets received, 7596 bps, 94.95%, Err 33 (9.4e-06)
441.430 .... 1634 packets received, 7597 bps, 94.96%, Err 33 (9.4e-06)
443.540 .... 1642 packets received, 7598 bps, 94.97%, Err 33 (9.3e-06)
445.666 .... 1650 packets received, 7598 bps, 94.98%, Err 33 (9.3e-06)
447.793 .... 1657 packets received, 7594 bps, 94.92%, Err 35 (9.8e-06)
449.904 .... 1665 packets received, 7595 bps, 94.93%, Err 35 (9.7e-06)
452.022 .... 1673 packets received, 7595 bps, 94.94%, Err 35 (9.7e-06)
454.167 .... 1681 packets received, 7596 bps, 94.95%, Err 35 (9.6e-06)
456.819 .... 1687 packets received, 7578 bps, 94.73%, Err 36 (9.9e-06)
459.193 .... 1695 packets received, 7575 bps, 94.69%, Err 37 (1.0e-05)
461.315 .... 1706 packets received, 7589 bps, 94.86%, Err 37 (1.0e-05)
463.445 .... 1714 packets received, 7589 bps, 94.87%, Err 37 (1.0e-05)
465.554 .... 1722 packets received, 7590 bps, 94.88%, Err 37 (9.9e-06)
467.673 .... 1730 packets received, 7591 bps, 94.89%, Err 37 (9.9e-06)
469.801 .... 1738 packets received, 7591 bps, 94.89%, Err 38 (1.0e-05)
471.940 .... 1746 packets received, 7592 bps, 94.90%, Err 38 (1.0e-05)
474.038 .... 1754 packets received, 7593 bps, 94.91%, Err 38 (1.0e-05)
476.164 .... 1762 packets received, 7593 bps, 94.91%, Err 38 (1.0e-05)
478.290 .... 1769 packets received, 7589 bps, 94.87%, Err 39 (1.0e-05)
480.394 .... 1777 packets received, 7590 bps, 94.88%, Err 39 (1.0e-05)
482.526 .... 1785 packets received, 7591 bps, 94.88%, Err 39 (1.0e-05)
484.663 .... 1793 packets received, 7591 bps, 94.89%, Err 39 (1.0e-05)
486.758 .... 1801 packets received, 7592 bps, 94.90%, Err 39 (1.0e-05)
488.887 .... 1809 packets received, 7592 bps, 94.90%, Err 39 (1.0e-05)
491.008 .... 1817 packets received, 7593 bps, 94.91%, Err 39 (9.9e-06)
493.139 .... 1825 packets received, 7593 bps, 94.92%, Err 39 (9.9e-06)
495.264 .... 1833 packets received, 7594 bps, 94.92%, Err 39 (9.9e-06)
497.378 .... 1841 packets received, 7595 bps, 94.93%, Err 39 (9.8e-06)
499.769 .... 1846 packets received, 7579 bps, 94.73%, Err 40 (1.0e-05)
502.155 .... 1854 packets received, 7575 bps, 94.69%, Err 41 (1.0e-05)
504.259 .... 1865 packets received, 7588 bps, 94.85%, Err 41 (1.0e-05)
506.385 .... 1872 packets received, 7585 bps, 94.81%, Err 43 (1.1e-05)
508.507 .... 1880 packets received, 7585 bps, 94.82%, Err 43 (1.1e-05)
510.626 .... 1888 packets received, 7586 bps, 94.82%, Err 43 (1.1e-05)
512.747 .... 1896 packets received, 7587 bps, 94.83%, Err 43 (1.0e-05)
514.858 .... 1904 packets received, 7587 bps, 94.84%, Err 43 (1.0e-05)
516.976 .... 1912 packets received, 7588 bps, 94.85%, Err 43 (1.0e-05)
519.106 .... 1920 packets received, 7588 bps, 94.85%, Err 43 (1.0e-05)
521.228 .... 1928 packets received, 7589 bps, 94.86%, Err 43 (1.0e-05)
523.339 .... 1936 packets received, 7590 bps, 94.87%, Err 44 (1.1e-05)
525.464 .... 1943 packets received, 7586 bps, 94.83%, Err 44 (1.0e-05)
527.606 .... 1951 packets received, 7586 bps, 94.83%, Err 44 (1.0e-05)
529.725 .... 1959 packets received, 7587 bps, 94.84%, Err 44 (1.0e-05)
531.833 .... 1967 packets received, 7588 bps, 94.85%, Err 44 (1.0e-05)
533.947 .... 1975 packets received, 7588 bps, 94.85%, Err 44 (1.0e-05)
536.054 .... 1983 packets received, 7589 bps, 94.86%, Err 44 (1.0e-05)
538.193 .... 1991 packets received, 7589 bps, 94.87%, Err 44 (1.0e-05)
540.597 .... 1996 packets received, 7575 bps, 94.68%, Err 45 (1.0e-05)
542.706 .... 2007 packets received, 7587 bps, 94.83%, Err 45 (1.0e-05)
544.821 .... 2015 packets received, 7587 bps, 94.84%, Err 45 (1.0e-05)
546.980 .... 2023 packets received, 7587 bps, 94.84%, Err 45 (1.0e-05)
549.081 .... 2031 packets received, 7588 bps, 94.85%, Err 45 (1.0e-05)
551.178 .... 2039 packets received, 7589 bps, 94.86%, Err 45 (1.0e-05)
553.325 .... 2047 packets received, 7589 bps, 94.86%, Err 45 (1.0e-05)
555.452 .... 2051 packets received, 7575 bps, 94.68%, Err 46 (1.0e-05)
557.562 .... 2062 packets received, 7587 bps, 94.83%, Err 46 (1.0e-05)
559.677 .... 2070 packets received, 7587 bps, 94.84%, Err 46 (1.0e-05)
561.791 .... 2078 packets received, 7588 bps, 94.85%, Err 46 (1.0e-05)
563.924 .... 2086 packets received, 7588 bps, 94.85%, Err 46 (1.0e-05)
566.051 .... 2094 packets received, 7589 bps, 94.86%, Err 46 (1.0e-05)
568.954 .... 2101 packets received, 7575 bps, 94.69%, Err 47 (1.0e-05)
571.071 .... 2112 packets received, 7586 bps, 94.83%, Err 47 (1.0e-05)
573.195 .... 2120 packets received, 7587 bps, 94.84%, Err 47 (1.0e-05)
575.324 .... 2128 packets received, 7587 bps, 94.84%, Err 47 (1.0e-05)
577.427 .... 2136 packets received, 7588 bps, 94.85%, Err 47 (1.0e-05)
580.632 .... 2144 packets received, 7574 bps, 94.68%, Err 48 (1.0e-05)
582.757 .... 2155 packets received, 7585 bps, 94.82%, Err 48 (1.0e-05)
584.881 .... 2163 packets received, 7586 bps, 94.82%, Err 48 (1.0e-05)
586.996 .... 2171 packets received, 7586 bps, 94.83%, Err 48 (1.0e-05)
589.121 .... 2179 packets received, 7587 bps, 94.84%, Err 48 (1.0e-05)
591.259 .... 2187 packets received, 7587 bps, 94.84%, Err 48 (1.0e-05)
593.361 .... 2195 packets received, 7588 bps, 94.85%, Err 48 (1.0e-05)
595.473 .... 2203 packets received, 7588 bps, 94.86%, Err 48 (1.0e-05)
597.615 .... 2211 packets received, 7589 bps, 94.86%, Err 48 (1.0e-05)
599.722 .... 2219 packets received, 7589 bps, 94.87%, Err 48 (1.0e-05)
601.847 .... 2227 packets received, 7590 bps, 94.87%, Err 48 (1.0e-05)
603.958 .... 2235 packets received, 7590 bps, 94.88%, Err 48 (9.9e-06)
606.098 .... 2239 packets received, 7577 bps, 94.71%, Err 49 (1.0e-05)
608.190 .... 2250 packets received, 7588 bps, 94.85%, Err 49 (1.0e-05)
610.321 .... 2258 packets received, 7588 bps, 94.86%, Err 49 (1.0e-05)
612.434 .... 2266 packets received, 7589 bps, 94.86%, Err 49 (1.0e-05)
614.572 .... 2274 packets received, 7589 bps, 94.87%, Err 49 (1.0e-05)
616.694 .... 2282 packets received, 7590 bps, 94.87%, Err 49 (9.9e-06)
618.820 .... 2290 packets received, 7590 bps, 94.88%, Err 49 (9.9e-06)
620.937 .... 2298 packets received, 7591 bps, 94.88%, Err 49 (9.9e-06)
623.055 .... 2306 packets received, 7591 bps, 94.89%, Err 49 (9.8e-06)
625.168 .... 2314 packets received, 7592 bps, 94.90%, Err 49 (9.8e-06)
627.547 .... 2319 packets received, 7579 bps, 94.74%, Err 51 (1.0e-05)
629.665 .... 2329 packets received, 7586 bps, 94.83%, Err 51 (1.0e-05)
631.787 .... 2337 packets received, 7587 bps, 94.83%, Err 51 (1.0e-05)
633.908 .... 2345 packets received, 7587 bps, 94.84%, Err 51 (1.0e-05)
636.050 .... 2353 packets received, 7587 bps, 94.84%, Err 51 (1.0e-05)
638.153 .... 2361 packets received, 7588 bps, 94.85%, Err 51 (1.0e-05)
640.545 .... 2366 packets received, 7576 bps, 94.70%, Err 52 (1.0e-05)
642.653 .... 2377 packets received, 7586 bps, 94.82%, Err 52 (1.0e-05)
644.787 .... 2384 packets received, 7583 bps, 94.79%, Err 53 (1.0e-05)
646.912 .... 2392 packets received, 7583 bps, 94.79%, Err 53 (1.0e-05)
649.035 .... 2400 packets received, 7584 bps, 94.80%, Err 53 (1.0e-05)
651.147 .... 2408 packets received, 7584 bps, 94.81%, Err 53 (1.0e-05)
653.272 .... 2416 packets received, 7585 bps, 94.81%, Err 53 (1.0e-05)
655.667 .... 2421 packets received, 7573 bps, 94.66%, Err 54 (1.0e-05)
657.774 .... 2432 packets received, 7583 bps, 94.78%, Err 54 (1.0e-05)
659.894 .... 2440 packets received, 7583 bps, 94.79%, Err 54 (1.0e-05)
662.011 .... 2448 packets received, 7584 bps, 94.80%, Err 54 (1.0e-05)
664.148 .... 2456 packets received, 7584 bps, 94.80%, Err 54 (1.0e-05)
666.264 .... 2464 packets received, 7584 bps, 94.81%, Err 54 (1.0e-05)
668.382 .... 2472 packets received, 7585 bps, 94.81%, Err 54 (1.0e-05)
671.287 .... 2479 packets received, 7573 bps, 94.67%, Err 55 (1.0e-05)
673.433 .... 2490 packets received, 7583 bps, 94.78%, Err 55 (1.0e-05)
675.535 .... 2498 packets received, 7583 bps, 94.79%, Err 55 (1.0e-05)
677.666 .... 2506 packets received, 7584 bps, 94.80%, Err 56 (1.0e-05)
679.786 .... 2513 packets received, 7581 bps, 94.77%, Err 56 (1.0e-05)
681.889 .... 2521 packets received, 7582 bps, 94.77%, Err 56 (1.0e-05)
684.044 .... 2529 packets received, 7582 bps, 94.77%, Err 56 (1.0e-05)
686.150 .... 2536 packets received, 7580 bps, 94.74%, Err 57 (1.0e-05)
688.279 .... 2544 packets received, 7580 bps, 94.75%, Err 58 (1.1e-05)
690.379 .... 2551 packets received, 7578 bps, 94.72%, Err 58 (1.1e-05)
692.504 .... 2559 packets received, 7578 bps, 94.73%, Err 58 (1.0e-05)
694.652 .... 2567 packets received, 7578 bps, 94.73%, Err 58 (1.0e-05)
696.756 .... 2575 packets received, 7579 bps, 94.73%, Err 58 (1.0e-05)
698.887 .... 2583 packets received, 7579 bps, 94.74%, Err 58 (1.0e-05)
700.021 Quit.
