000.000 =============================================================
000.000                     Station A                               
000.000 -------------------------------------------------------------
000.000 Protocol.lib, version 4.0, jiangyanjun0718@bupt.edu.cn
000.000 Channel: 8000 bps, 270 ms propagation delay, bit error rate 1.0E-04
000.000 Log file "fbA.log", TCP port 30015, debug mask 0x00
000.000 Station A is waiting for station B on TCP port 30015 ... Done.
000.691 New epoch: Wed May  8 15:28:05 2019
000.691 =================================================================
000.691 
000.691 Designed by CJSoft, build: May  8 2019  15:00:58
003.091 .... 7 packets received, 6715 bps, 83.93%, Err 2 (1.0e-04)
007.351 .... 8 packets received, 2562 bps, 32.03%, Err 7 (1.3e-04)
010.797 .... 16 packets received, 3330 bps, 41.62%, Err 9 (1.1e-04)
014.009 .... 18 packets received, 2824 bps, 35.30%, Err 11 (1.0e-04)
016.660 .... 32 packets received, 4173 bps, 52.17%, Err 13 (1.0e-04)
019.328 .... 40 packets received, 4459 bps, 55.74%, Err 14 (9.4e-05)
021.986 .... 50 packets received, 4869 bps, 60.87%, Err 16 (9.4e-05)
024.921 .... 57 packets received, 4871 bps, 60.89%, Err 23 (1.2e-04)
027.593 .... 62 packets received, 4767 bps, 59.59%, Err 23 (1.1e-04)
030.779 .... 64 packets received, 4395 bps, 54.94%, Err 26 (1.1e-04)
032.907 .... 76 packets received, 4871 bps, 60.89%, Err 28 (1.1e-04)
035.295 .... 79 packets received, 4712 bps, 58.90%, Err 32 (1.2e-04)
038.219 .... 88 packets received, 4837 bps, 60.46%, Err 36 (1.2e-04)
040.894 .... 93 packets received, 4769 bps, 59.61%, Err 38 (1.2e-04)
043.008 .... 106 packets received, 5162 bps, 64.53%, Err 38 (1.1e-04)
045.133 .... 114 packets received, 5285 bps, 66.06%, Err 38 (1.1e-04)
048.317 .... 121 packets received, 5232 bps, 65.40%, Err 41 (1.1e-04)
050.975 .... 126 packets received, 5159 bps, 64.49%, Err 44 (1.1e-04)
053.646 .... 136 packets received, 5286 bps, 66.08%, Err 46 (1.1e-04)
056.826 .... 147 packets received, 5389 bps, 67.36%, Err 48 (1.1e-04)
058.979 .... 158 packets received, 5577 bps, 69.71%, Err 48 (1.0e-04)
061.092 .... 165 packets received, 5619 bps, 70.24%, Err 49 (1.0e-04)
064.032 .... 172 packets received, 5585 bps, 69.81%, Err 52 (1.0e-04)
068.275 .... 177 packets received, 5385 bps, 67.31%, Err 54 (1.0e-04)
071.206 .... 191 packets received, 5568 bps, 69.60%, Err 57 (1.0e-04)
073.864 .... 199 packets received, 5590 bps, 69.87%, Err 61 (1.0e-04)
076.527 .... 203 packets received, 5501 bps, 68.77%, Err 63 (1.0e-04)
079.189 .... 211 packets received, 5524 bps, 69.05%, Err 64 (1.0e-04)
083.432 .... 219 packets received, 5438 bps, 67.98%, Err 66 (1.0e-04)
086.900 .... 233 packets received, 5552 bps, 69.40%, Err 67 (9.7e-05)
090.112 .... 243 packets received, 5582 bps, 69.77%, Err 71 (9.9e-05)
093.567 .... 244 packets received, 5396 bps, 67.45%, Err 75 (1.0e-04)
099.682 .... 258 packets received, 5352 bps, 66.90%, Err 80 (1.0e-04)
101.838 .... 274 packets received, 5562 bps, 69.53%, Err 81 (1.0e-04)
104.015 ** WARNING: System too busy, sleep 15 ms, but be awakened 66 ms later
104.090 .... 280 packets received, 5560 bps, 69.50%, Err 82 (9.9e-05)
106.148 .... 284 packets received, 5529 bps, 69.12%, Err 83 (9.8e-05)
110.648 .... 289 packets received, 5396 bps, 67.45%, Err 88 (1.0e-04)
114.654 .... 296 packets received, 5332 bps, 66.65%, Err 92 (1.0e-04)
119.178 .... 304 packets received, 5266 bps, 65.83%, Err 97 (1.0e-04)
122.128 .... 311 packets received, 5256 bps, 65.70%, Err 98 (1.0e-04)
124.265 .... 320 packets received, 5315 bps, 66.43%, Err 99 (1.0e-04)
126.411 .... 326 packets received, 5322 bps, 66.52%, Err 100 (9.9e-05)
129.328 .... 331 packets received, 5281 bps, 66.01%, Err 103 (1.0e-04)
131.470 .... 340 packets received, 5335 bps, 66.69%, Err 103 (9.8e-05)
134.389 .... 346 packets received, 5311 bps, 66.38%, Err 106 (9.9e-05)
139.158 .... 351 packets received, 5201 bps, 65.02%, Err 116 (1.0e-04)
142.906 .... 353 packets received, 5093 bps, 63.66%, Err 120 (1.1e-04)
145.857 .... 359 packets received, 5074 bps, 63.43%, Err 120 (1.0e-04)
148.799 .... 377 packets received, 5222 bps, 65.28%, Err 123 (1.0e-04)
150.946 .... 385 packets received, 5257 bps, 65.71%, Err 124 (1.0e-04)
155.183 .... 386 packets received, 5126 bps, 64.07%, Err 129 (1.0e-04)
158.649 .... 393 packets received, 5104 bps, 63.80%, Err 133 (1.1e-04)
161.867 .... 401 packets received, 5104 bps, 63.80%, Err 136 (1.1e-04)
165.863 .... 406 packets received, 5042 bps, 63.03%, Err 141 (1.1e-04)
168.503 .... 416 packets received, 5085 bps, 63.56%, Err 141 (1.1e-04)
170.644 .... 423 packets received, 5105 bps, 63.82%, Err 141 (1.0e-04)
172.786 .... 426 packets received, 5077 bps, 63.47%, Err 144 (1.0e-04)
175.181 .... 433 packets received, 5090 bps, 63.62%, Err 147 (1.1e-04)
178.396 .... 434 packets received, 5009 bps, 62.61%, Err 148 (1.0e-04)
181.303 .... 449 packets received, 5099 bps, 63.73%, Err 149 (1.0e-04)
183.979 .... 457 packets received, 5114 bps, 63.92%, Err 151 (1.0e-04)
186.634 .... 464 packets received, 5118 bps, 63.97%, Err 152 (1.0e-04)
188.767 .... 475 packets received, 5180 bps, 64.75%, Err 153 (1.0e-04)
190.874 .... 483 packets received, 5208 bps, 65.11%, Err 153 (1.0e-04)
193.792 .... 490 packets received, 5204 bps, 65.05%, Err 156 (1.0e-04)
199.657 .... 499 packets received, 5143 bps, 64.29%, Err 161 (1.0e-04)
203.129 .... 509 packets received, 5156 bps, 64.45%, Err 164 (1.0e-04)
205.256 .... 517 packets received, 5183 bps, 64.78%, Err 166 (1.0e-04)
209.753 .... 519 packets received, 5091 bps, 63.63%, Err 170 (1.0e-04)
212.434 .... 530 packets received, 5133 bps, 64.16%, Err 170 (1.0e-04)
214.541 .... 541 packets received, 5187 bps, 64.84%, Err 170 (9.9e-05)
219.600 .... 544 packets received, 5096 bps, 63.69%, Err 176 (1.0e-04)
222.518 .... 551 packets received, 5093 bps, 63.66%, Err 178 (1.0e-04)
224.675 .... 560 packets received, 5126 bps, 64.08%, Err 180 (1.0e-04)
227.872 .... 566 packets received, 5108 bps, 63.85%, Err 181 (1.0e-04)
233.697 .... 575 packets received, 5060 bps, 63.25%, Err 187 (1.0e-04)
236.890 .... 581 packets received, 5043 bps, 63.04%, Err 187 (9.9e-05)
241.691 .... 582 packets received, 4951 bps, 61.89%, Err 193 (1.0e-04)
245.153 .... 591 packets received, 4957 bps, 61.96%, Err 196 (1.0e-04)
248.368 .... 606 packets received, 5016 bps, 62.70%, Err 202 (1.0e-04)
251.820 .... 608 packets received, 4964 bps, 62.04%, Err 206 (1.0e-04)
254.787 .... 618 packets received, 4986 bps, 62.33%, Err 213 (1.0e-04)
257.710 .... 624 packets received, 4977 bps, 62.22%, Err 215 (1.0e-04)
260.363 .... 635 packets received, 5013 bps, 62.67%, Err 220 (1.1e-04)
263.546 .... 636 packets received, 4960 bps, 62.00%, Err 223 (1.1e-04)
267.007 .... 639 packets received, 4919 bps, 61.49%, Err 225 (1.1e-04)
269.695 .... 649 packets received, 4946 bps, 61.82%, Err 230 (1.1e-04)
271.827 .... 650 packets received, 4915 bps, 61.43%, Err 232 (1.1e-04)
274.754 .... 655 packets received, 4899 bps, 61.24%, Err 234 (1.1e-04)
277.443 .... 662 packets received, 4904 bps, 61.29%, Err 234 (1.1e-04)
280.080 .... 673 packets received, 4938 bps, 61.72%, Err 235 (1.1e-04)
282.211 .... 684 packets received, 4981 bps, 62.26%, Err 235 (1.0e-04)
284.322 .... 692 packets received, 5001 bps, 62.52%, Err 236 (1.0e-04)
287.012 .... 695 packets received, 4976 bps, 62.20%, Err 237 (1.0e-04)
289.119 .... 704 packets received, 5003 bps, 62.54%, Err 238 (1.0e-04)
291.257 .... 715 packets received, 5044 bps, 63.05%, Err 238 (1.0e-04)
293.371 .... 723 packets received, 5064 bps, 63.30%, Err 238 (1.0e-04)
295.773 .... 728 packets received, 5057 bps, 63.21%, Err 240 (1.0e-04)
297.885 .... 738 packets received, 5090 bps, 63.63%, Err 240 (1.0e-04)
300.016 .... 745 packets received, 5102 bps, 63.77%, Err 243 (1.0e-04)
302.151 .... 752 packets received, 5113 bps, 63.92%, Err 245 (1.0e-04)
304.271 .... 759 packets received, 5125 bps, 64.06%, Err 247 (1.0e-04)
306.933 .... 764 packets received, 5114 bps, 63.92%, Err 251 (1.0e-04)
310.405 .... 767 packets received, 5076 bps, 63.45%, Err 252 (1.0e-04)
313.591 .... 779 packets received, 5103 bps, 63.79%, Err 253 (1.0e-04)
316.227 .... 784 packets received, 5093 bps, 63.66%, Err 254 (1.0e-04)
319.165 .... 793 packets received, 5104 bps, 63.80%, Err 257 (1.0e-04)
321.847 .... 800 packets received, 5106 bps, 63.82%, Err 260 (1.0e-04)
325.534 .... 805 packets received, 5079 bps, 63.49%, Err 263 (1.0e-04)
328.737 .... 810 packets received, 5061 bps, 63.26%, Err 265 (1.0e-04)
332.755 .... 811 packets received, 5006 bps, 62.57%, Err 266 (1.0e-04)
336.214 .... 830 packets received, 5070 bps, 63.38%, Err 267 (9.9e-05)
339.164 .... 836 packets received, 5062 bps, 63.28%, Err 268 (9.9e-05)
342.337 .... 844 packets received, 5063 bps, 63.29%, Err 272 (1.0e-04)
346.313 .... 850 packets received, 5041 bps, 63.01%, Err 276 (1.0e-04)
350.027 .... 854 packets received, 5010 bps, 62.63%, Err 279 (1.0e-04)
352.730 .... 863 packets received, 5024 bps, 62.80%, Err 282 (1.0e-04)
354.867 .... 877 packets received, 5075 bps, 63.44%, Err 283 (1.0e-04)
357.771 .... 884 packets received, 5074 bps, 63.42%, Err 286 (1.0e-04)
359.894 .... 894 packets received, 5101 bps, 63.76%, Err 287 (1.0e-04)
363.335 .... 896 packets received, 5064 bps, 63.30%, Err 290 (1.0e-04)
365.472 .... 898 packets received, 5045 bps, 63.07%, Err 292 (1.0e-04)
367.655 .... 910 packets received, 5082 bps, 63.53%, Err 295 (1.0e-04)
370.565 .... 916 packets received, 5076 bps, 63.44%, Err 297 (1.0e-04)
376.395 .... 926 packets received, 5051 bps, 63.14%, Err 305 (1.0e-04)
379.083 .... 933 packets received, 5053 bps, 63.17%, Err 307 (1.0e-04)
381.198 .... 935 packets received, 5036 bps, 62.95%, Err 308 (1.0e-04)
383.339 .... 949 packets received, 5083 bps, 63.53%, Err 309 (1.0e-04)
386.015 .... 955 packets received, 5079 bps, 63.49%, Err 312 (1.0e-04)
388.928 .... 957 packets received, 5052 bps, 63.15%, Err 314 (1.0e-04)
392.126 .... 964 packets received, 5047 bps, 63.09%, Err 314 (1.0e-04)
394.265 .... 974 packets received, 5072 bps, 63.40%, Err 315 (1.0e-04)
396.399 .... 980 packets received, 5075 bps, 63.44%, Err 317 (1.0e-04)
398.531 .... 986 packets received, 5079 bps, 63.49%, Err 320 (1.0e-04)
401.467 .... 990 packets received, 5062 bps, 63.28%, Err 324 (1.0e-04)
403.582 .... 1001 packets received, 5092 bps, 63.65%, Err 324 (1.0e-04)
405.713 .... 1008 packets received, 5100 bps, 63.75%, Err 325 (1.0e-04)
410.744 .... 1012 packets received, 5058 bps, 63.22%, Err 328 (1.0e-04)
413.959 .... 1028 packets received, 5098 bps, 63.72%, Err 331 (1.0e-04)
416.087 .... 1036 packets received, 5111 bps, 63.89%, Err 332 (1.0e-04)
419.009 .... 1041 packets received, 5100 bps, 63.75%, Err 335 (1.0e-04)
421.677 .... 1042 packets received, 5072 bps, 63.40%, Err 337 (1.0e-04)
423.817 .... 1057 packets received, 5119 bps, 63.99%, Err 338 (1.0e-04)
425.948 .... 1060 packets received, 5108 bps, 63.85%, Err 340 (1.0e-04)
430.472 .... 1066 packets received, 5083 bps, 63.54%, Err 344 (1.0e-04)
432.601 .... 1081 packets received, 5129 bps, 64.11%, Err 344 (1.0e-04)
436.094 .... 1085 packets received, 5107 bps, 63.83%, Err 350 (1.0e-04)
438.741 .... 1088 packets received, 5090 bps, 63.62%, Err 351 (1.0e-04)
442.743 .... 1096 packets received, 5081 bps, 63.51%, Err 355 (1.0e-04)
445.942 .... 1097 packets received, 5049 bps, 63.11%, Err 357 (1.0e-04)
449.435 .... 1113 packets received, 5083 bps, 63.53%, Err 360 (1.0e-04)
452.090 .... 1118 packets received, 5075 bps, 63.44%, Err 364 (1.0e-04)
455.009 .... 1122 packets received, 5061 bps, 63.26%, Err 366 (1.0e-04)
458.217 .... 1129 packets received, 5057 bps, 63.21%, Err 369 (1.0e-04)
461.428 .... 1139 packets received, 5066 bps, 63.32%, Err 372 (1.0e-04)
463.561 .... 1148 packets received, 5082 bps, 63.53%, Err 372 (1.0e-04)
467.019 .... 1156 packets received, 5080 bps, 63.50%, Err 375 (1.0e-04)
469.690 .... 1162 packets received, 5077 bps, 63.46%, Err 378 (1.0e-04)
472.328 .... 1171 packets received, 5088 bps, 63.60%, Err 382 (1.0e-04)
476.834 .... 1178 packets received, 5070 bps, 63.37%, Err 386 (1.0e-04)
480.078 .... 1189 packets received, 5082 bps, 63.53%, Err 388 (1.0e-04)
482.462 .... 1196 packets received, 5087 bps, 63.59%, Err 390 (1.0e-04)
484.632 .... 1205 packets received, 5102 bps, 63.78%, Err 391 (1.0e-04)
487.800 .... 1210 packets received, 5090 bps, 63.63%, Err 396 (1.0e-04)
490.701 .... 1212 packets received, 5068 bps, 63.35%, Err 401 (1.0e-04)
493.383 .... 1217 packets received, 5061 bps, 63.27%, Err 404 (1.0e-04)
498.192 .... 1220 packets received, 5025 bps, 62.81%, Err 407 (1.0e-04)
501.377 .... 1227 packets received, 5022 bps, 62.77%, Err 410 (1.0e-04)
504.580 .... 1238 packets received, 5034 bps, 62.93%, Err 412 (1.0e-04)
506.691 .... 1250 packets received, 5062 bps, 63.27%, Err 412 (1.0e-04)
508.817 .... 1256 packets received, 5065 bps, 63.31%, Err 413 (1.0e-04)
510.951 .... 1260 packets received, 5060 bps, 63.25%, Err 415 (1.0e-04)
513.082 .... 1270 packets received, 5079 bps, 63.48%, Err 415 (1.0e-04)
515.211 .... 1277 packets received, 5086 bps, 63.57%, Err 416 (1.0e-04)
517.865 .... 1283 packets received, 5083 bps, 63.54%, Err 419 (1.0e-04)
520.546 .... 1287 packets received, 5073 bps, 63.41%, Err 420 (1.0e-04)
523.181 .... 1296 packets received, 5082 bps, 63.53%, Err 422 (1.0e-04)
526.402 .... 1300 packets received, 5067 bps, 63.34%, Err 427 (1.0e-04)
529.597 .... 1311 packets received, 5079 bps, 63.49%, Err 428 (1.0e-04)
531.724 .... 1321 packets received, 5097 bps, 63.71%, Err 428 (1.0e-04)
533.849 .... 1324 packets received, 5088 bps, 63.60%, Err 430 (1.0e-04)
535.977 .... 1335 packets received, 5110 bps, 63.88%, Err 431 (1.0e-04)
538.097 .... 1343 packets received, 5121 bps, 64.01%, Err 431 (1.0e-04)
540.238 .... 1351 packets received, 5131 bps, 64.13%, Err 431 (1.0e-04)
542.345 .... 1358 packets received, 5137 bps, 64.21%, Err 432 (1.0e-04)
544.742 .... 1363 packets received, 5133 bps, 64.17%, Err 434 (1.0e-04)
546.885 .... 1370 packets received, 5139 bps, 64.24%, Err 437 (1.0e-04)
550.052 .... 1371 packets received, 5114 bps, 63.92%, Err 442 (1.0e-04)
553.261 .... 1384 packets received, 5132 bps, 64.15%, Err 450 (1.0e-04)
556.165 .... 1390 packets received, 5127 bps, 64.09%, Err 452 (1.0e-04)
558.309 .... 1401 packets received, 5148 bps, 64.35%, Err 452 (1.0e-04)
560.433 .... 1405 packets received, 5143 bps, 64.29%, Err 453 (1.0e-04)
562.558 .... 1416 packets received, 5164 bps, 64.55%, Err 453 (1.0e-04)
564.685 .... 1424 packets received, 5173 bps, 64.67%, Err 453 (1.0e-04)
566.818 .... 1432 packets received, 5183 bps, 64.78%, Err 455 (1.0e-04)
568.939 .... 1439 packets received, 5189 bps, 64.86%, Err 456 (1.0e-04)
571.855 .... 1445 packets received, 5184 bps, 64.80%, Err 460 (1.0e-04)
573.992 .... 1456 packets received, 5204 bps, 65.05%, Err 460 (1.0e-04)
576.110 .... 1460 packets received, 5199 bps, 64.98%, Err 464 (1.0e-04)
580.113 .... 1462 packets received, 5170 bps, 64.62%, Err 467 (1.0e-04)
582.253 .... 1477 packets received, 5204 bps, 65.05%, Err 469 (1.0e-04)
584.370 .... 1481 packets received, 5199 bps, 64.99%, Err 469 (1.0e-04)
586.494 .... 1489 packets received, 5208 bps, 65.10%, Err 469 (1.0e-04)
589.958 .... 1496 packets received, 5202 bps, 65.02%, Err 472 (1.0e-04)
593.943 .... 1500 packets received, 5181 bps, 64.76%, Err 479 (1.0e-04)
597.677 .... 1507 packets received, 5172 bps, 64.65%, Err 480 (1.0e-04)
599.816 .... 1520 packets received, 5198 bps, 64.98%, Err 480 (1.0e-04)
605.403 .... 1526 packets received, 5170 bps, 64.63%, Err 482 (1.0e-04)
607.816 .... 1542 packets received, 5204 bps, 65.05%, Err 486 (1.0e-04)
610.462 .... 1547 packets received, 5198 bps, 64.98%, Err 488 (1.0e-04)
613.112 .... 1554 packets received, 5199 bps, 64.99%, Err 491 (1.0e-04)
617.356 .... 1559 packets received, 5180 bps, 64.75%, Err 493 (1.0e-04)
620.842 .... 1564 packets received, 5167 bps, 64.59%, Err 497 (1.0e-04)
622.976 .... 1578 packets received, 5196 bps, 64.94%, Err 498 (1.0e-04)
625.637 .... 1581 packets received, 5183 bps, 64.79%, Err 500 (1.0e-04)
628.573 .... 1590 packets received, 5188 bps, 64.85%, Err 502 (1.0e-04)
630.714 .... 1601 packets received, 5207 bps, 65.08%, Err 503 (1.0e-04)
635.497 .... 1604 packets received, 5177 bps, 64.71%, Err 508 (1.0e-04)
638.956 .... 1608 packets received, 5162 bps, 64.52%, Err 511 (1.0e-04)
643.501 .... 1613 packets received, 5141 bps, 64.26%, Err 517 (1.0e-04)
646.956 .... 1620 packets received, 5136 bps, 64.20%, Err 518 (1.0e-04)
649.886 .... 1622 packets received, 5119 bps, 63.99%, Err 518 (1.0e-04)
652.815 .... 1630 packets received, 5121 bps, 64.01%, Err 520 (1.0e-04)
654.960 .... 1646 packets received, 5154 bps, 64.43%, Err 521 (1.0e-04)
658.417 .... 1653 packets received, 5149 bps, 64.36%, Err 524 (1.0e-04)
662.389 .... 1657 packets received, 5131 bps, 64.13%, Err 529 (1.0e-04)
665.573 .... 1667 packets received, 5137 bps, 64.21%, Err 532 (1.0e-04)
668.775 .... 1675 packets received, 5137 bps, 64.21%, Err 536 (1.0e-04)
671.710 .... 1682 packets received, 5136 bps, 64.20%, Err 538 (1.0e-04)
673.858 .... 1690 packets received, 5144 bps, 64.29%, Err 540 (1.0e-04)
677.041 .... 1696 packets received, 5138 bps, 64.22%, Err 542 (1.0e-04)
680.236 .... 1706 packets received, 5144 bps, 64.29%, Err 545 (1.0e-04)
682.377 .... 1719 packets received, 5166 bps, 64.58%, Err 545 (1.0e-04)
685.038 .... 1722 packets received, 5155 bps, 64.44%, Err 550 (1.0e-04)
689.281 .... 1726 packets received, 5135 bps, 64.19%, Err 553 (1.0e-04)
692.504 .... 1733 packets received, 5132 bps, 64.15%, Err 555 (1.0e-04)
694.637 .... 1745 packets received, 5152 bps, 64.40%, Err 555 (1.0e-04)
700.026 Quit.
