000.000 =============================================================
000.000                     Station B                               
000.000 -------------------------------------------------------------
000.000 Protocol.lib, version 4.0, jiangyanjun0718@bupt.edu.cn
000.000 Channel: 8000 bps, 270 ms propagation delay, bit error rate 1.0E-04
000.000 Log file "fbB.log", TCP port 30015, debug mask 0x00
000.000 Station B is connecting station A (TCP port 30015) ... Done.
000.689 New epoch: Wed May  8 15:28:05 2019
000.689 =================================================================
000.689 
000.689 Designed by CJSoft, build: May  8 2019  15:00:58
003.110 .... 8 packets received, 7663 bps, 95.79%, Err 2 (1.0e-04)
008.167 .... 12 packets received, 3416 bps, 42.70%, Err 9 (1.5e-04)
012.958 .... 18 packets received, 3076 bps, 38.44%, Err 11 (1.1e-04)
015.106 .... 35 packets received, 5071 bps, 63.39%, Err 12 (1.0e-04)
017.758 .... 37 packets received, 4514 bps, 56.43%, Err 15 (1.1e-04)
020.697 .... 41 packets received, 4257 bps, 53.21%, Err 18 (1.1e-04)
023.636 .... 49 packets received, 4428 bps, 55.35%, Err 21 (1.1e-04)
025.776 .... 57 packets received, 4706 bps, 58.83%, Err 21 (1.0e-04)
027.898 .... 60 packets received, 4564 bps, 57.05%, Err 23 (1.1e-04)
034.024 .... 70 packets received, 4337 bps, 54.22%, Err 27 (1.0e-04)
039.906 .... 85 packets received, 4471 bps, 55.89%, Err 33 (1.1e-04)
043.105 .... 93 packets received, 4521 bps, 56.51%, Err 34 (1.0e-04)
045.533 .... 99 packets received, 4550 bps, 56.87%, Err 36 (1.0e-04)
048.187 .... 109 packets received, 4728 bps, 59.10%, Err 40 (1.1e-04)
052.457 .... 113 packets received, 4495 bps, 56.19%, Err 45 (1.1e-04)
055.684 .... 123 packets received, 4604 bps, 57.55%, Err 46 (1.0e-04)
057.813 .... 130 packets received, 4684 bps, 58.55%, Err 47 (1.0e-04)
061.013 .... 136 packets received, 4639 bps, 57.99%, Err 51 (1.1e-04)
063.126 .... 145 packets received, 4778 bps, 59.72%, Err 51 (1.0e-04)
065.540 .... 150 packets received, 4758 bps, 59.47%, Err 53 (1.0e-04)
067.650 .... 160 packets received, 4914 bps, 61.43%, Err 54 (1.0e-04)
070.027 .... 164 packets received, 4864 bps, 60.80%, Err 56 (1.0e-04)
072.694 .... 171 packets received, 4883 bps, 61.04%, Err 59 (1.0e-04)
075.359 .... 178 packets received, 4901 bps, 61.26%, Err 60 (1.0e-04)
077.495 .... 188 packets received, 5031 bps, 62.89%, Err 61 (9.9e-05)
080.723 .... 199 packets received, 5110 bps, 63.88%, Err 64 (1.0e-04)
083.853 .... 200 packets received, 4942 bps, 61.78%, Err 66 (9.9e-05)
087.597 .... 209 packets received, 4941 bps, 61.77%, Err 70 (1.0e-04)
090.014 .... 217 packets received, 4991 bps, 62.39%, Err 73 (1.0e-04)
092.678 .... 219 packets received, 4891 bps, 61.13%, Err 76 (1.0e-04)
096.127 .... 223 packets received, 4800 bps, 59.99%, Err 76 (1.0e-04)
098.248 .... 234 packets received, 4927 bps, 61.58%, Err 76 (9.7e-05)
100.368 .... 240 packets received, 4945 bps, 61.81%, Err 78 (9.8e-05)
102.544 .... 248 packets received, 5000 bps, 62.51%, Err 80 (9.8e-05)
105.188 .... 254 packets received, 4991 bps, 62.39%, Err 82 (9.8e-05)
111.009 .... 262 packets received, 4876 bps, 60.95%, Err 88 (1.0e-04)
114.777 .... 268 packets received, 4823 bps, 60.29%, Err 92 (1.0e-04)
116.903 .... 279 packets received, 4929 bps, 61.61%, Err 94 (1.0e-04)
119.806 .... 283 packets received, 4877 bps, 60.97%, Err 96 (1.0e-04)
121.951 .... 297 packets received, 5028 bps, 62.85%, Err 96 (9.9e-05)
124.888 .... 300 packets received, 4958 bps, 61.98%, Err 100 (1.0e-04)
127.034 .... 310 packets received, 5036 bps, 62.95%, Err 101 (1.0e-04)
130.243 .... 314 packets received, 4975 bps, 62.18%, Err 106 (1.0e-04)
132.882 .... 324 packets received, 5030 bps, 62.88%, Err 107 (1.0e-04)
135.035 .... 336 packets received, 5133 bps, 64.16%, Err 108 (1.0e-04)
139.257 .... 337 packets received, 4991 bps, 62.39%, Err 113 (1.0e-04)
143.260 .... 346 packets received, 4980 bps, 62.25%, Err 117 (1.0e-04)
145.652 .... 355 packets received, 5025 bps, 62.81%, Err 118 (1.0e-04)
147.788 .... 364 packets received, 5078 bps, 63.47%, Err 120 (1.0e-04)
151.231 .... 369 packets received, 5029 bps, 62.87%, Err 123 (1.0e-04)
154.178 .... 378 packets received, 5053 bps, 63.16%, Err 126 (1.0e-04)
157.380 .... 384 packets received, 5028 bps, 62.85%, Err 129 (1.0e-04)
159.506 .... 388 packets received, 5012 bps, 62.65%, Err 131 (1.0e-04)
161.649 .... 398 packets received, 5073 bps, 63.41%, Err 131 (1.0e-04)
164.575 .... 403 packets received, 5045 bps, 63.06%, Err 134 (1.0e-04)
167.774 .... 411 packets received, 5046 bps, 63.08%, Err 136 (1.0e-04)
169.890 .... 423 packets received, 5129 bps, 64.11%, Err 136 (1.0e-04)
172.045 .... 429 packets received, 5136 bps, 64.20%, Err 136 (9.9e-05)
174.171 .... 435 packets received, 5144 bps, 64.30%, Err 139 (1.0e-04)
177.370 .... 441 packets received, 5120 bps, 64.00%, Err 141 (1.0e-04)
179.497 .... 452 packets received, 5185 bps, 64.82%, Err 144 (1.0e-04)
182.674 .... 459 packets received, 5173 bps, 64.67%, Err 146 (1.0e-04)
185.349 .... 464 packets received, 5154 bps, 64.42%, Err 147 (1.0e-04)
191.189 .... 476 packets received, 5125 bps, 64.06%, Err 151 (9.9e-05)
197.589 .... 492 packets received, 5125 bps, 64.06%, Err 158 (1.0e-04)
200.802 .... 502 packets received, 5145 bps, 64.31%, Err 159 (9.9e-05)
204.250 .... 512 packets received, 5158 bps, 64.48%, Err 163 (1.0e-04)
207.191 .... 521 packets received, 5174 bps, 64.68%, Err 165 (1.0e-04)
209.295 .... 531 packets received, 5220 bps, 65.25%, Err 165 (9.9e-05)
211.696 .... 536 packets received, 5209 bps, 65.12%, Err 167 (9.9e-05)
214.639 .... 545 packets received, 5224 bps, 65.30%, Err 168 (9.8e-05)
216.773 .... 556 packets received, 5277 bps, 65.96%, Err 169 (9.8e-05)
218.884 .... 564 packets received, 5301 bps, 66.26%, Err 170 (9.7e-05)
221.811 .... 567 packets received, 5258 bps, 65.73%, Err 175 (9.9e-05)
224.994 .... 574 packets received, 5247 bps, 65.59%, Err 179 (1.0e-04)
228.191 .... 581 packets received, 5237 bps, 65.46%, Err 180 (9.9e-05)
230.355 .... 592 packets received, 5286 bps, 66.07%, Err 181 (9.9e-05)
236.166 .... 599 packets received, 5216 bps, 65.20%, Err 188 (1.0e-04)
238.322 .... 605 packets received, 5220 bps, 65.25%, Err 191 (1.0e-04)
241.527 .... 608 packets received, 5176 bps, 64.70%, Err 196 (1.0e-04)
245.235 .... 613 packets received, 5140 bps, 64.25%, Err 197 (1.0e-04)
247.908 .... 626 packets received, 5192 bps, 64.90%, Err 199 (1.0e-04)
250.030 .... 631 packets received, 5189 bps, 64.86%, Err 199 (1.0e-04)
252.160 .... 637 packets received, 5194 bps, 64.92%, Err 200 (9.9e-05)
255.370 .... 642 packets received, 5168 bps, 64.60%, Err 205 (1.0e-04)
261.487 .... 653 packets received, 5133 bps, 64.17%, Err 210 (1.0e-04)
264.964 .... 661 packets received, 5128 bps, 64.10%, Err 212 (1.0e-04)
267.101 .... 670 packets received, 5156 bps, 64.45%, Err 213 (1.0e-04)
269.251 .... 674 packets received, 5145 bps, 64.32%, Err 214 (1.0e-04)
272.422 .... 682 packets received, 5145 bps, 64.32%, Err 217 (1.0e-04)
274.544 .... 694 packets received, 5195 bps, 64.94%, Err 217 (9.9e-05)
277.752 .... 702 packets received, 5194 bps, 64.93%, Err 218 (9.8e-05)
280.666 .... 712 packets received, 5213 bps, 65.17%, Err 219 (9.8e-05)
283.051 .... 720 packets received, 5227 bps, 65.34%, Err 221 (9.8e-05)
285.697 .... 729 packets received, 5244 bps, 65.55%, Err 224 (9.8e-05)
289.701 .... 732 packets received, 5192 bps, 64.90%, Err 227 (9.8e-05)
293.191 .... 747 packets received, 5235 bps, 65.44%, Err 233 (1.0e-04)
296.096 .... 750 packets received, 5205 bps, 65.06%, Err 234 (9.9e-05)
298.215 .... 764 packets received, 5264 bps, 65.80%, Err 235 (9.9e-05)
300.328 .... 772 packets received, 5282 bps, 66.02%, Err 236 (9.8e-05)
302.993 .... 774 packets received, 5249 bps, 65.61%, Err 241 (1.0e-04)
305.665 .... 776 packets received, 5216 bps, 65.20%, Err 244 (1.0e-04)
308.874 .... 780 packets received, 5188 bps, 64.85%, Err 247 (1.0e-04)
313.398 .... 784 packets received, 5139 bps, 64.24%, Err 253 (1.0e-04)
316.571 .... 794 packets received, 5152 bps, 64.41%, Err 255 (1.0e-04)
319.527 .... 797 packets received, 5124 bps, 64.05%, Err 258 (1.0e-04)
322.469 .... 801 packets received, 5103 bps, 63.78%, Err 259 (1.0e-04)
324.885 .... 815 packets received, 5153 bps, 64.41%, Err 261 (1.0e-04)
327.025 .... 819 packets received, 5144 bps, 64.30%, Err 261 (1.0e-04)
329.940 .... 825 packets received, 5136 bps, 64.20%, Err 264 (1.0e-04)
332.611 .... 829 packets received, 5119 bps, 63.99%, Err 268 (1.0e-04)
336.331 .... 833 packets received, 5087 bps, 63.59%, Err 271 (1.0e-04)
339.244 .... 838 packets received, 5074 bps, 63.42%, Err 274 (1.0e-04)
341.358 .... 851 packets received, 5120 bps, 64.00%, Err 274 (1.0e-04)
343.519 .... 859 packets received, 5136 bps, 64.20%, Err 274 (1.0e-04)
346.949 .... 867 packets received, 5132 bps, 64.15%, Err 276 (1.0e-04)
349.075 .... 878 packets received, 5166 bps, 64.57%, Err 276 (9.9e-05)
352.278 .... 884 packets received, 5153 bps, 64.42%, Err 280 (1.0e-04)
354.707 .... 892 packets received, 5164 bps, 64.55%, Err 282 (1.0e-04)
360.789 .... 902 packets received, 5134 bps, 64.17%, Err 288 (1.0e-04)
364.507 .... 906 packets received, 5104 bps, 63.80%, Err 291 (1.0e-04)
368.007 .... 911 packets received, 5083 bps, 63.54%, Err 294 (1.0e-04)
371.462 .... 917 packets received, 5069 bps, 63.36%, Err 296 (1.0e-04)
376.228 .... 920 packets received, 5021 bps, 62.76%, Err 301 (1.0e-04)
379.968 .... 928 packets received, 5015 bps, 62.68%, Err 304 (1.0e-04)
383.164 .... 943 packets received, 5053 bps, 63.16%, Err 308 (1.0e-04)
386.095 .... 947 packets received, 5036 bps, 62.95%, Err 309 (1.0e-04)
388.210 .... 950 packets received, 5024 bps, 62.80%, Err 312 (1.0e-04)
390.378 .... 961 packets received, 5054 bps, 63.18%, Err 312 (1.0e-04)
393.053 .... 964 packets received, 5035 bps, 62.94%, Err 316 (1.0e-04)
395.709 .... 968 packets received, 5022 bps, 62.78%, Err 317 (1.0e-04)
398.911 .... 982 packets received, 5054 bps, 63.17%, Err 320 (1.0e-04)
401.561 .... 986 packets received, 5041 bps, 63.01%, Err 320 (1.0e-04)
406.096 .... 995 packets received, 5030 bps, 62.87%, Err 325 (1.0e-04)
409.537 .... 1000 packets received, 5013 bps, 62.66%, Err 327 (1.0e-04)
415.663 .... 1012 packets received, 4998 bps, 62.47%, Err 333 (1.0e-04)
418.883 .... 1022 packets received, 5008 bps, 62.60%, Err 338 (1.0e-04)
424.465 .... 1030 packets received, 4981 bps, 62.26%, Err 344 (1.0e-04)
427.678 .... 1041 packets received, 4996 bps, 62.45%, Err 348 (1.0e-04)
430.618 .... 1046 packets received, 4986 bps, 62.32%, Err 349 (1.0e-04)
433.827 .... 1051 packets received, 4973 bps, 62.16%, Err 351 (1.0e-04)
435.965 .... 1061 packets received, 4995 bps, 62.44%, Err 352 (1.0e-04)
438.072 .... 1065 packets received, 4990 bps, 62.37%, Err 354 (1.0e-04)
440.734 .... 1073 packets received, 4997 bps, 62.46%, Err 357 (1.0e-04)
444.211 .... 1075 packets received, 4967 bps, 62.09%, Err 361 (1.0e-04)
447.131 .... 1088 packets received, 4994 bps, 62.43%, Err 362 (1.0e-04)
449.259 .... 1094 packets received, 4998 bps, 62.47%, Err 363 (1.0e-04)
451.937 .... 1098 packets received, 4986 bps, 62.33%, Err 364 (1.0e-04)
454.057 .... 1109 packets received, 5013 bps, 62.66%, Err 365 (1.0e-04)
456.182 .... 1117 packets received, 5025 bps, 62.82%, Err 365 (1.0e-04)
458.594 .... 1121 packets received, 5017 bps, 62.71%, Err 369 (1.0e-04)
461.772 .... 1125 packets received, 5000 bps, 62.50%, Err 371 (1.0e-04)
464.694 .... 1135 packets received, 5013 bps, 62.66%, Err 372 (1.0e-04)
467.624 .... 1145 packets received, 5025 bps, 62.81%, Err 374 (1.0e-04)
473.201 .... 1154 packets received, 5005 bps, 62.56%, Err 380 (1.0e-04)
476.673 .... 1158 packets received, 4985 bps, 62.32%, Err 385 (1.0e-04)
478.826 .... 1172 packets received, 5023 bps, 62.79%, Err 386 (1.0e-04)
482.009 .... 1176 packets received, 5007 bps, 62.58%, Err 390 (1.0e-04)
485.482 .... 1181 packets received, 4992 bps, 62.40%, Err 393 (1.0e-04)
488.425 .... 1193 packets received, 5012 bps, 62.65%, Err 395 (1.0e-04)
490.539 .... 1201 packets received, 5024 bps, 62.80%, Err 395 (1.0e-04)
495.072 .... 1203 packets received, 4986 bps, 62.33%, Err 400 (1.0e-04)
499.595 .... 1216 packets received, 4994 bps, 62.43%, Err 404 (1.0e-04)
503.076 .... 1223 packets received, 4988 bps, 62.36%, Err 404 (1.0e-04)
508.407 .... 1230 packets received, 4964 bps, 62.05%, Err 407 (1.0e-04)
510.526 .... 1245 packets received, 5004 bps, 62.55%, Err 409 (1.0e-04)
513.202 .... 1247 packets received, 4986 bps, 62.32%, Err 412 (1.0e-04)
515.850 .... 1256 packets received, 4996 bps, 62.45%, Err 414 (1.0e-04)
517.995 .... 1268 packets received, 5023 bps, 62.78%, Err 414 (1.0e-04)
520.641 .... 1274 packets received, 5021 bps, 62.76%, Err 415 (1.0e-04)
523.066 .... 1282 packets received, 5029 bps, 62.86%, Err 417 (1.0e-04)
525.970 .... 1291 packets received, 5036 bps, 62.95%, Err 421 (1.0e-04)
530.762 .... 1296 packets received, 5010 bps, 62.62%, Err 424 (1.0e-04)
533.963 .... 1310 packets received, 5034 bps, 62.92%, Err 427 (1.0e-04)
539.256 .... 1315 packets received, 5003 bps, 62.54%, Err 432 (1.0e-04)
542.721 .... 1325 packets received, 5009 bps, 62.61%, Err 437 (1.0e-04)
544.884 .... 1327 packets received, 4997 bps, 62.46%, Err 440 (1.0e-04)
547.042 .... 1341 packets received, 5029 bps, 62.87%, Err 440 (1.0e-04)
549.160 .... 1347 packets received, 5032 bps, 62.90%, Err 442 (1.0e-04)
551.287 .... 1355 packets received, 5043 bps, 63.03%, Err 443 (1.0e-04)
553.387 .... 1363 packets received, 5053 bps, 63.16%, Err 443 (1.0e-04)
556.320 .... 1370 packets received, 5052 bps, 63.15%, Err 445 (1.0e-04)
560.583 .... 1374 packets received, 5028 bps, 62.86%, Err 450 (1.0e-04)
564.311 .... 1381 packets received, 5021 bps, 62.76%, Err 454 (1.0e-04)
566.970 .... 1389 packets received, 5026 bps, 62.82%, Err 457 (1.0e-04)
569.610 .... 1394 packets received, 5021 bps, 62.76%, Err 458 (1.0e-04)
572.808 .... 1404 packets received, 5028 bps, 62.85%, Err 461 (1.0e-04)
577.065 .... 1408 packets received, 5005 bps, 62.57%, Err 465 (1.0e-04)
580.538 .... 1414 packets received, 4997 bps, 62.46%, Err 469 (1.0e-04)
585.070 .... 1420 packets received, 4979 bps, 62.24%, Err 474 (1.0e-04)
588.508 .... 1425 packets received, 4967 bps, 62.09%, Err 475 (1.0e-04)
594.103 .... 1429 packets received, 4934 bps, 61.68%, Err 476 (1.0e-04)
596.243 .... 1434 packets received, 4934 bps, 61.67%, Err 478 (1.0e-04)
598.373 .... 1452 packets received, 4978 bps, 62.22%, Err 481 (1.0e-04)
600.768 .... 1457 packets received, 4975 bps, 62.19%, Err 482 (1.0e-04)
603.974 .... 1468 packets received, 4986 bps, 62.32%, Err 484 (1.0e-04)
607.432 .... 1478 packets received, 4991 bps, 62.39%, Err 485 (1.0e-04)
612.473 .... 1486 packets received, 4977 bps, 62.21%, Err 490 (1.0e-04)
616.473 .... 1496 packets received, 4978 bps, 62.22%, Err 497 (1.0e-04)
621.551 .... 1503 packets received, 4960 bps, 62.00%, Err 499 (1.0e-04)
623.957 .... 1519 packets received, 4994 bps, 62.42%, Err 499 (1.0e-04)
626.609 .... 1524 packets received, 4989 bps, 62.36%, Err 502 (1.0e-04)
628.745 .... 1533 packets received, 5001 bps, 62.51%, Err 503 (1.0e-04)
631.660 .... 1540 packets received, 5001 bps, 62.51%, Err 505 (1.0e-04)
634.318 .... 1545 packets received, 4996 bps, 62.45%, Err 510 (1.0e-04)
637.500 .... 1548 packets received, 4981 bps, 62.26%, Err 512 (1.0e-04)
640.721 .... 1553 packets received, 4972 bps, 62.14%, Err 515 (1.0e-04)
643.362 .... 1561 packets received, 4977 bps, 62.21%, Err 516 (1.0e-04)
649.224 .... 1574 packets received, 4973 bps, 62.16%, Err 521 (1.0e-04)
652.169 .... 1587 packets received, 4991 bps, 62.39%, Err 522 (1.0e-04)
656.157 .... 1592 packets received, 4976 bps, 62.20%, Err 524 (1.0e-04)
659.609 .... 1604 packets received, 4988 bps, 62.34%, Err 528 (1.0e-04)
664.929 .... 1615 packets received, 4982 bps, 62.27%, Err 536 (1.0e-04)
667.070 .... 1618 packets received, 4975 bps, 62.18%, Err 537 (1.0e-04)
669.727 .... 1619 packets received, 4958 bps, 61.98%, Err 542 (1.0e-04)
672.385 .... 1624 packets received, 4954 bps, 61.92%, Err 542 (1.0e-04)
675.581 .... 1631 packets received, 4951 bps, 61.89%, Err 546 (1.0e-04)
677.980 .... 1643 packets received, 4970 bps, 62.13%, Err 548 (1.0e-04)
681.969 .... 1645 packets received, 4947 bps, 61.84%, Err 550 (1.0e-04)
685.443 .... 1659 packets received, 4964 bps, 62.05%, Err 554 (1.0e-04)
687.577 .... 1667 packets received, 4972 bps, 62.15%, Err 555 (1.0e-04)
689.703 .... 1670 packets received, 4966 bps, 62.07%, Err 557 (1.0e-04)
693.449 .... 1681 packets received, 4972 bps, 62.14%, Err 560 (1.0e-04)
695.823 .... 1689 packets received, 4978 bps, 62.23%, Err 561 (1.0e-04)
697.959 .... 1699 packets received, 4992 bps, 62.40%, Err 562 (1.0e-04)
700.022 Quit.
