000.000 =============================================================
000.000                     Station A                               
000.000 -------------------------------------------------------------
000.000 Protocol.lib, version 4.0, jiangyanjun0718@bupt.edu.cn
000.000 Channel: 8000 bps, 270 ms propagation delay, bit error rate 0
000.000 Log file "uA.log", TCP port 30012, debug mask 0x00
000.000 Station A is waiting for station B on TCP port 30012 ... Done.
000.276 New epoch: Thu May 16 10:46:57 2019
000.276 =================================================================
000.276 
000.276 Designed by CJSoft, build: May 16 2019  10:46:52
003.435 .... 8 packets received, 7699 bps, 96.24%, Err 0 (0.0e+00)
005.556 .... 16 packets received, 7712 bps, 96.40%, Err 0 (0.0e+00)
007.655 .... 24 packets received, 7743 bps, 96.79%, Err 0 (0.0e+00)
009.788 .... 32 packets received, 7727 bps, 96.59%, Err 0 (0.0e+00)
011.920 .... 40 packets received, 7719 bps, 96.49%, Err 0 (0.0e+00)
014.042 .... 48 packets received, 7719 bps, 96.49%, Err 0 (0.0e+00)
016.149 .... 56 packets received, 7727 bps, 96.59%, Err 0 (0.0e+00)
018.264 .... 64 packets received, 7730 bps, 96.62%, Err 0 (0.0e+00)
020.403 .... 72 packets received, 7722 bps, 96.52%, Err 0 (0.0e+00)
022.521 .... 80 packets received, 7723 bps, 96.54%, Err 0 (0.0e+00)
024.639 .... 88 packets received, 7724 bps, 96.55%, Err 0 (0.0e+00)
026.741 .... 96 packets received, 7730 bps, 96.63%, Err 0 (0.0e+00)
028.874 .... 104 packets received, 7726 bps, 96.58%, Err 0 (0.0e+00)
031.004 .... 112 packets received, 7724 bps, 96.55%, Err 0 (0.0e+00)
033.109 .... 120 packets received, 7728 bps, 96.60%, Err 0 (0.0e+00)
035.237 .... 128 packets received, 7726 bps, 96.58%, Err 0 (0.0e+00)
037.355 .... 136 packets received, 7727 bps, 96.58%, Err 0 (0.0e+00)
039.467 .... 144 packets received, 7728 bps, 96.60%, Err 0 (0.0e+00)
041.592 .... 152 packets received, 7728 bps, 96.59%, Err 0 (0.0e+00)
043.730 .... 160 packets received, 7724 bps, 96.55%, Err 0 (0.0e+00)
045.831 .... 168 packets received, 7728 bps, 96.60%, Err 0 (0.0e+00)
047.937 .... 176 packets received, 7730 bps, 96.62%, Err 0 (0.0e+00)
050.048 .... 184 packets received, 7731 bps, 96.64%, Err 0 (0.0e+00)
052.173 .... 192 packets received, 7730 bps, 96.63%, Err 0 (0.0e+00)
054.250 ** WARNING: System too busy, sleep 15 ms, but be awakened 72 ms later
054.337 .... 200 packets received, 7724 bps, 96.55%, Err 0 (0.0e+00)
056.457 .... 208 packets received, 7724 bps, 96.55%, Err 0 (0.0e+00)
058.563 .... 216 packets received, 7726 bps, 96.58%, Err 0 (0.0e+00)
060.713 .... 224 packets received, 7722 bps, 96.53%, Err 0 (0.0e+00)
062.804 .... 232 packets received, 7726 bps, 96.58%, Err 0 (0.0e+00)
064.937 .... 240 packets received, 7725 bps, 96.56%, Err 0 (0.0e+00)
067.049 .... 248 packets received, 7726 bps, 96.57%, Err 0 (0.0e+00)
069.151 .... 256 packets received, 7728 bps, 96.60%, Err 0 (0.0e+00)
070.867 ** WARNING: System too busy, sleep 15 ms, but be awakened 75 ms later
071.287 .... 264 packets received, 7726 bps, 96.58%, Err 0 (0.0e+00)
073.406 .... 272 packets received, 7726 bps, 96.58%, Err 0 (0.0e+00)
075.045 ** WARNING: System too busy, sleep 15 ms, but be awakened 67 ms later
075.579 .... 280 packets received, 7721 bps, 96.51%, Err 0 (0.0e+00)
077.660 .... 288 packets received, 7725 bps, 96.56%, Err 0 (0.0e+00)
079.778 .... 296 packets received, 7725 bps, 96.57%, Err 0 (0.0e+00)
080.254 ** WARNING: System too busy, sleep 15 ms, but be awakened 85 ms later
081.920 .... 304 packets received, 7723 bps, 96.54%, Err 0 (0.0e+00)
084.002 .... 312 packets received, 7727 bps, 96.59%, Err 0 (0.0e+00)
086.199 .... 320 packets received, 7720 bps, 96.50%, Err 0 (0.0e+00)
088.259 .... 328 packets received, 7725 bps, 96.57%, Err 0 (0.0e+00)
090.389 .... 336 packets received, 7725 bps, 96.56%, Err 0 (0.0e+00)
092.486 .... 344 packets received, 7727 bps, 96.58%, Err 0 (0.0e+00)
094.596 .... 352 packets received, 7728 bps, 96.59%, Err 0 (0.0e+00)
096.266 ** WARNING: System too busy, sleep 15 ms, but be awakened 71 ms later
096.731 .... 360 packets received, 7726 bps, 96.58%, Err 0 (0.0e+00)
098.839 .... 368 packets received, 7727 bps, 96.59%, Err 0 (0.0e+00)
104.601 .... 375 packets received, 7435 bps, 92.94%, Err 0 (0.0e+00)
108.797 .... 376 packets received, 7164 bps, 89.55%, Err 0 (0.0e+00)
112.950 .... 377 packets received, 6916 bps, 86.45%, Err 0 (0.0e+00)
116.995 .... 378 packets received, 6692 bps, 83.65%, Err 0 (0.0e+00)
121.193 .... 379 packets received, 6474 bps, 80.93%, Err 0 (0.0e+00)
125.269 .... 380 packets received, 6278 bps, 78.48%, Err 0 (0.0e+00)
129.317 .... 381 packets received, 6096 bps, 76.19%, Err 0 (0.0e+00)
133.392 .... 382 packets received, 5923 bps, 74.04%, Err 0 (0.0e+00)
137.480 .... 383 packets received, 5760 bps, 72.00%, Err 0 (0.0e+00)
141.130 ** WARNING: System too busy, sleep 15 ms, but be awakened 66 ms later
141.564 .... 384 packets received, 5607 bps, 70.09%, Err 0 (0.0e+00)
145.669 .... 385 packets received, 5462 bps, 68.27%, Err 0 (0.0e+00)
149.718 .... 386 packets received, 5327 bps, 66.58%, Err 0 (0.0e+00)
152.171 ** WARNING: System too busy, sleep 15 ms, but be awakened 80 ms later
153.908 .... 387 packets received, 5194 bps, 64.92%, Err 0 (0.0e+00)
157.982 .... 388 packets received, 5072 bps, 63.40%, Err 0 (0.0e+00)
159.901 ** WARNING: System too busy, sleep 15 ms, but be awakened 70 ms later
162.072 .... 389 packets received, 4956 bps, 61.94%, Err 0 (0.0e+00)
162.197 ** WARNING: System too busy, sleep 15 ms, but be awakened 71 ms later
166.264 .... 390 packets received, 4842 bps, 60.52%, Err 0 (0.0e+00)
170.223 .... 391 packets received, 4741 bps, 59.26%, Err 0 (0.0e+00)
174.325 .... 392 packets received, 4640 bps, 58.00%, Err 0 (0.0e+00)
178.414 .... 393 packets received, 4545 bps, 56.81%, Err 0 (0.0e+00)
182.497 .... 394 packets received, 4453 bps, 55.67%, Err 0 (0.0e+00)
186.545 .... 395 packets received, 4367 bps, 54.59%, Err 0 (0.0e+00)
190.632 .... 396 packets received, 4284 bps, 53.55%, Err 0 (0.0e+00)
194.712 .... 397 packets received, 4204 bps, 52.55%, Err 0 (0.0e+00)
198.873 .... 398 packets received, 4126 bps, 51.57%, Err 0 (0.0e+00)
201.069 .... 401 packets received, 4111 bps, 51.39%, Err 0 (0.0e+00)
203.202 .... 409 packets received, 4149 bps, 51.86%, Err 0 (0.0e+00)
205.334 .... 417 packets received, 4186 bps, 52.32%, Err 0 (0.0e+00)
207.473 .... 425 packets received, 4222 bps, 52.77%, Err 0 (0.0e+00)
209.583 .... 433 packets received, 4258 bps, 53.22%, Err 0 (0.0e+00)
211.696 .... 441 packets received, 4293 bps, 53.66%, Err 0 (0.0e+00)
212.437 ** WARNING: System too busy, sleep 15 ms, but be awakened 83 ms later
213.821 .... 449 packets received, 4327 bps, 54.09%, Err 0 (0.0e+00)
215.928 .... 457 packets received, 4361 bps, 54.51%, Err 0 (0.0e+00)
217.411 ** WARNING: System too busy, sleep 15 ms, but be awakened 87 ms later
218.059 .... 465 packets received, 4394 bps, 54.92%, Err 0 (0.0e+00)
220.166 .... 473 packets received, 4426 bps, 55.33%, Err 0 (0.0e+00)
222.306 .... 481 packets received, 4457 bps, 55.72%, Err 0 (0.0e+00)
224.440 .... 489 packets received, 4488 bps, 56.10%, Err 0 (0.0e+00)
226.561 .... 497 packets received, 4519 bps, 56.48%, Err 0 (0.0e+00)
228.658 .... 505 packets received, 4549 bps, 56.86%, Err 0 (0.0e+00)
230.793 .... 513 packets received, 4578 bps, 57.23%, Err 0 (0.0e+00)
232.904 .... 521 packets received, 4607 bps, 57.59%, Err 0 (0.0e+00)
235.051 .... 529 packets received, 4635 bps, 57.94%, Err 0 (0.0e+00)
237.153 .... 537 packets received, 4663 bps, 58.29%, Err 0 (0.0e+00)
237.574 ** WARNING: System too busy, sleep 15 ms, but be awakened 83 ms later
239.289 .... 545 packets received, 4690 bps, 58.63%, Err 0 (0.0e+00)
241.393 .... 553 packets received, 4717 bps, 58.97%, Err 0 (0.0e+00)
243.513 .... 561 packets received, 4744 bps, 59.29%, Err 0 (0.0e+00)
245.627 .... 569 packets received, 4770 bps, 59.62%, Err 0 (0.0e+00)
247.775 .... 577 packets received, 4795 bps, 59.93%, Err 0 (0.0e+00)
249.958 ** WARNING: System too busy, sleep 15 ms, but be awakened 177 ms later
250.859 .... 585 packets received, 4801 bps, 60.01%, Err 0 (0.0e+00)
251.052 ** WARNING: System too busy, sleep 15 ms, but be awakened 76 ms later
253.081 ** WARNING: System too busy, sleep 15 ms, but be awakened 80 ms later
253.649 .... 593 packets received, 4813 bps, 60.16%, Err 0 (0.0e+00)
256.235 .... 598 packets received, 4804 bps, 60.05%, Err 0 (0.0e+00)
258.390 .... 604 packets received, 4812 bps, 60.15%, Err 0 (0.0e+00)
260.512 .... 610 packets received, 4820 bps, 60.25%, Err 0 (0.0e+00)
262.649 .... 616 packets received, 4827 bps, 60.34%, Err 0 (0.0e+00)
263.824 ** WARNING: System too busy, sleep 15 ms, but be awakened 144 ms later
269.937 ** WARNING: System too busy, sleep 15 ms, but be awakened 5193 ms later
269.937 .... 621 packets received, 4734 bps, 59.18%, Err 0 (0.0e+00)
271.047 ** WARNING: System too busy, sleep 15 ms, but be awakened 171 ms later
271.949 .... 625 packets received, 4729 bps, 59.12%, Err 0 (0.0e+00)
273.486 ** WARNING: System too busy, sleep 15 ms, but be awakened 151 ms later
274.052 .... 631 packets received, 4738 bps, 59.23%, Err 0 (0.0e+00)
276.121 .... 638 packets received, 4755 bps, 59.43%, Err 0 (0.0e+00)
278.275 .... 644 packets received, 4762 bps, 59.52%, Err 0 (0.0e+00)
280.373 .... 650 packets received, 4770 bps, 59.63%, Err 0 (0.0e+00)
282.537 .... 656 packets received, 4777 bps, 59.71%, Err 0 (0.0e+00)
284.654 .... 662 packets received, 4785 bps, 59.81%, Err 0 (0.0e+00)
286.809 .... 668 packets received, 4792 bps, 59.90%, Err 0 (0.0e+00)
287.742 ** WARNING: System too busy, sleep 15 ms, but be awakened 67 ms later
288.919 .... 674 packets received, 4799 bps, 59.99%, Err 0 (0.0e+00)
291.068 .... 680 packets received, 4806 bps, 60.08%, Err 0 (0.0e+00)
293.186 .... 686 packets received, 4813 bps, 60.17%, Err 0 (0.0e+00)
295.318 .... 692 packets received, 4820 bps, 60.25%, Err 0 (0.0e+00)
297.474 .... 698 packets received, 4827 bps, 60.33%, Err 0 (0.0e+00)
299.609 .... 704 packets received, 4833 bps, 60.42%, Err 0 (0.0e+00)
304.466 .... 707 packets received, 4776 bps, 59.70%, Err 0 (0.0e+00)
308.550 .... 708 packets received, 4719 bps, 58.99%, Err 0 (0.0e+00)
312.589 .... 709 packets received, 4665 bps, 58.31%, Err 0 (0.0e+00)
312.907 ** WARNING: System too busy, sleep 15 ms, but be awakened 66 ms later
316.733 .... 710 packets received, 4610 bps, 57.62%, Err 0 (0.0e+00)
320.842 .... 711 packets received, 4557 bps, 56.96%, Err 0 (0.0e+00)
325.004 .... 712 packets received, 4505 bps, 56.31%, Err 0 (0.0e+00)
329.082 .... 713 packets received, 4455 bps, 55.69%, Err 0 (0.0e+00)
333.135 .... 714 packets received, 4407 bps, 55.08%, Err 0 (0.0e+00)
337.309 .... 715 packets received, 4358 bps, 54.48%, Err 0 (0.0e+00)
341.452 .... 716 packets received, 4311 bps, 53.89%, Err 0 (0.0e+00)
343.053 ** WARNING: System too busy, sleep 15 ms, but be awakened 72 ms later
345.506 .... 717 packets received, 4266 bps, 53.33%, Err 0 (0.0e+00)
348.058 ** WARNING: System too busy, sleep 15 ms, but be awakened 72 ms later
349.541 .... 718 packets received, 4223 bps, 52.78%, Err 0 (0.0e+00)
353.666 .... 719 packets received, 4179 bps, 52.24%, Err 0 (0.0e+00)
357.692 .... 720 packets received, 4138 bps, 51.72%, Err 0 (0.0e+00)
361.731 .... 721 packets received, 4097 bps, 51.21%, Err 0 (0.0e+00)
365.908 .... 722 packets received, 4056 bps, 50.69%, Err 0 (0.0e+00)
370.015 .... 723 packets received, 4016 bps, 50.20%, Err 0 (0.0e+00)
374.251 .... 724 packets received, 3976 bps, 49.70%, Err 0 (0.0e+00)
378.340 .... 725 packets received, 3938 bps, 49.23%, Err 0 (0.0e+00)
380.094 ** WARNING: System too busy, sleep 15 ms, but be awakened 130 ms later
382.729 .... 726 packets received, 3898 bps, 48.73%, Err 0 (0.0e+00)
386.713 .... 727 packets received, 3863 bps, 48.29%, Err 0 (0.0e+00)
388.241 ** WARNING: System too busy, sleep 15 ms, but be awakened 106 ms later
390.752 .... 728 packets received, 3828 bps, 47.85%, Err 0 (0.0e+00)
394.608 ** WARNING: System too busy, sleep 15 ms, but be awakened 76 ms later
394.915 .... 729 packets received, 3793 bps, 47.41%, Err 0 (0.0e+00)
397.190 ** WARNING: System too busy, sleep 15 ms, but be awakened 70 ms later
398.937 .... 730 packets received, 3760 bps, 47.00%, Err 0 (0.0e+00)
401.088 .... 733 packets received, 3755 bps, 46.94%, Err 0 (0.0e+00)
403.220 .... 741 packets received, 3776 bps, 47.20%, Err 0 (0.0e+00)
405.337 .... 749 packets received, 3797 bps, 47.46%, Err 0 (0.0e+00)
407.490 .... 757 packets received, 3817 bps, 47.71%, Err 0 (0.0e+00)
409.608 .... 765 packets received, 3837 bps, 47.96%, Err 0 (0.0e+00)
411.739 .... 773 packets received, 3857 bps, 48.21%, Err 0 (0.0e+00)
413.900 .... 781 packets received, 3877 bps, 48.46%, Err 0 (0.0e+00)
415.994 .... 789 packets received, 3897 bps, 48.71%, Err 0 (0.0e+00)
416.193 ** WARNING: System too busy, sleep 15 ms, but be awakened 70 ms later
418.133 .... 797 packets received, 3916 bps, 48.95%, Err 0 (0.0e+00)
420.275 .... 805 packets received, 3935 bps, 49.19%, Err 0 (0.0e+00)
422.386 .... 813 packets received, 3954 bps, 49.43%, Err 0 (0.0e+00)
424.542 .... 821 packets received, 3973 bps, 49.66%, Err 0 (0.0e+00)
426.671 .... 829 packets received, 3991 bps, 49.89%, Err 0 (0.0e+00)
428.798 .... 837 packets received, 4010 bps, 50.12%, Err 0 (0.0e+00)
430.940 .... 845 packets received, 4028 bps, 50.35%, Err 0 (0.0e+00)
433.063 .... 853 packets received, 4046 bps, 50.58%, Err 0 (0.0e+00)
435.171 .... 861 packets received, 4064 bps, 50.80%, Err 0 (0.0e+00)
437.327 .... 869 packets received, 4082 bps, 51.02%, Err 0 (0.0e+00)
439.490 .... 877 packets received, 4099 bps, 51.24%, Err 0 (0.0e+00)
441.633 .... 885 packets received, 4116 bps, 51.45%, Err 0 (0.0e+00)
443.783 .... 893 packets received, 4133 bps, 51.67%, Err 0 (0.0e+00)
445.918 .... 901 packets received, 4150 bps, 51.88%, Err 0 (0.0e+00)
448.029 .... 909 packets received, 4167 bps, 52.09%, Err 0 (0.0e+00)
450.152 .... 917 packets received, 4184 bps, 52.30%, Err 0 (0.0e+00)
452.281 .... 925 packets received, 4201 bps, 52.51%, Err 0 (0.0e+00)
454.401 .... 932 packets received, 4213 bps, 52.66%, Err 0 (0.0e+00)
454.597 ** WARNING: System too busy, sleep 15 ms, but be awakened 119 ms later
456.542 .... 937 packets received, 4215 bps, 52.69%, Err 0 (0.0e+00)
456.764 ** WARNING: System too busy, sleep 15 ms, but be awakened 86 ms later
458.772 .... 946 packets received, 4235 bps, 52.94%, Err 0 (0.0e+00)
460.906 .... 955 packets received, 4256 bps, 53.19%, Err 0 (0.0e+00)
463.042 .... 963 packets received, 4271 bps, 53.39%, Err 0 (0.0e+00)
465.181 .... 971 packets received, 4287 bps, 53.59%, Err 0 (0.0e+00)
467.297 .... 979 packets received, 4303 bps, 53.78%, Err 0 (0.0e+00)
469.134 ** WARNING: System too busy, sleep 15 ms, but be awakened 164 ms later
471.470 .... 986 packets received, 4295 bps, 53.69%, Err 0 (0.0e+00)
474.304 .... 987 packets received, 4274 bps, 53.42%, Err 0 (0.0e+00)
476.386 .... 1002 packets received, 4319 bps, 53.99%, Err 0 (0.0e+00)
477.338 ** WARNING: System too busy, sleep 15 ms, but be awakened 133 ms later
478.623 .... 1009 packets received, 4329 bps, 54.12%, Err 0 (0.0e+00)
480.678 .... 1015 packets received, 4336 bps, 54.20%, Err 0 (0.0e+00)
483.090 .... 1022 packets received, 4344 bps, 54.30%, Err 0 (0.0e+00)
485.229 .... 1029 packets received, 4355 bps, 54.44%, Err 0 (0.0e+00)
487.402 .... 1035 packets received, 4361 bps, 54.51%, Err 0 (0.0e+00)
489.513 .... 1041 packets received, 4367 bps, 54.59%, Err 0 (0.0e+00)
491.650 .... 1047 packets received, 4373 bps, 54.66%, Err 0 (0.0e+00)
493.806 .... 1053 packets received, 4379 bps, 54.73%, Err 0 (0.0e+00)
494.222 ** WARNING: System too busy, sleep 15 ms, but be awakened 66 ms later
496.232 .... 1060 packets received, 4386 bps, 54.83%, Err 0 (0.0e+00)
498.622 .... 1067 packets received, 4394 bps, 54.93%, Err 0 (0.0e+00)
504.257 ** WARNING: System too busy, sleep 15 ms, but be awakened 101 ms later
504.368 .... 1073 packets received, 4368 bps, 54.60%, Err 0 (0.0e+00)
508.433 .... 1074 packets received, 4337 bps, 54.22%, Err 0 (0.0e+00)
512.527 .... 1075 packets received, 4307 bps, 53.83%, Err 0 (0.0e+00)
516.687 .... 1076 packets received, 4276 bps, 53.45%, Err 0 (0.0e+00)
520.705 .... 1077 packets received, 4247 bps, 53.08%, Err 0 (0.0e+00)
524.292 ** WARNING: System too busy, sleep 15 ms, but be awakened 77 ms later
524.746 .... 1078 packets received, 4218 bps, 52.72%, Err 0 (0.0e+00)
528.831 .... 1079 packets received, 4189 bps, 52.36%, Err 0 (0.0e+00)
532.961 .... 1080 packets received, 4160 bps, 52.00%, Err 0 (0.0e+00)
536.948 .... 1081 packets received, 4133 bps, 51.66%, Err 0 (0.0e+00)
541.010 .... 1082 packets received, 4106 bps, 51.32%, Err 0 (0.0e+00)
545.140 .... 1083 packets received, 4078 bps, 50.98%, Err 0 (0.0e+00)
549.277 .... 1084 packets received, 4051 bps, 50.64%, Err 0 (0.0e+00)
553.321 .... 1085 packets received, 4025 bps, 50.32%, Err 0 (0.0e+00)
557.305 .... 1086 packets received, 4000 bps, 50.00%, Err 0 (0.0e+00)
561.350 .... 1087 packets received, 3975 bps, 49.69%, Err 0 (0.0e+00)
565.510 .... 1088 packets received, 3949 bps, 49.37%, Err 0 (0.0e+00)
569.812 .... 1089 packets received, 3923 bps, 49.04%, Err 0 (0.0e+00)
573.970 .... 1090 packets received, 3898 bps, 48.73%, Err 0 (0.0e+00)
577.985 .... 1091 packets received, 3875 bps, 48.43%, Err 0 (0.0e+00)
582.034 .... 1092 packets received, 3851 bps, 48.14%, Err 0 (0.0e+00)
586.150 .... 1093 packets received, 3827 bps, 47.84%, Err 0 (0.0e+00)
589.630 ** WARNING: System too busy, sleep 15 ms, but be awakened 78 ms later
590.297 .... 1094 packets received, 3804 bps, 47.55%, Err 0 (0.0e+00)
594.469 .... 1095 packets received, 3781 bps, 47.26%, Err 0 (0.0e+00)
598.593 .... 1096 packets received, 3758 bps, 46.98%, Err 0 (0.0e+00)
600.822 .... 1098 packets received, 3751 bps, 46.89%, Err 0 (0.0e+00)
602.936 .... 1106 packets received, 3765 bps, 47.06%, Err 0 (0.0e+00)
605.102 .... 1114 packets received, 3779 bps, 47.23%, Err 0 (0.0e+00)
607.213 .... 1122 packets received, 3792 bps, 47.41%, Err 0 (0.0e+00)
609.352 .... 1130 packets received, 3806 bps, 47.58%, Err 0 (0.0e+00)
611.473 .... 1138 packets received, 3820 bps, 47.75%, Err 0 (0.0e+00)
613.600 .... 1146 packets received, 3833 bps, 47.91%, Err 0 (0.0e+00)
615.746 .... 1154 packets received, 3846 bps, 48.08%, Err 0 (0.0e+00)
617.884 .... 1162 packets received, 3860 bps, 48.25%, Err 0 (0.0e+00)
620.013 .... 1170 packets received, 3873 bps, 48.41%, Err 0 (0.0e+00)
622.146 .... 1178 packets received, 3886 bps, 48.57%, Err 0 (0.0e+00)
624.264 .... 1186 packets received, 3899 bps, 48.74%, Err 0 (0.0e+00)
626.396 .... 1194 packets received, 3912 bps, 48.90%, Err 0 (0.0e+00)
628.555 .... 1202 packets received, 3925 bps, 49.06%, Err 0 (0.0e+00)
630.667 .... 1210 packets received, 3937 bps, 49.22%, Err 0 (0.0e+00)
632.795 .... 1218 packets received, 3950 bps, 49.38%, Err 0 (0.0e+00)
634.868 ** WARNING: System too busy, sleep 15 ms, but be awakened 69 ms later
635.007 .... 1226 packets received, 3962 bps, 49.53%, Err 0 (0.0e+00)
637.107 .... 1234 packets received, 3975 bps, 49.69%, Err 0 (0.0e+00)
639.231 .... 1242 packets received, 3987 bps, 49.84%, Err 0 (0.0e+00)
641.389 .... 1250 packets received, 3999 bps, 49.99%, Err 0 (0.0e+00)
643.521 .... 1258 packets received, 4012 bps, 50.15%, Err 0 (0.0e+00)
645.646 .... 1266 packets received, 4024 bps, 50.30%, Err 0 (0.0e+00)
647.791 .... 1274 packets received, 4036 bps, 50.45%, Err 0 (0.0e+00)
649.934 .... 1282 packets received, 4048 bps, 50.60%, Err 0 (0.0e+00)
652.059 .... 1290 packets received, 4060 bps, 50.75%, Err 0 (0.0e+00)
654.178 .... 1298 packets received, 4072 bps, 50.90%, Err 0 (0.0e+00)
656.330 .... 1306 packets received, 4083 bps, 51.04%, Err 0 (0.0e+00)
658.455 .... 1314 packets received, 4095 bps, 51.19%, Err 0 (0.0e+00)
660.601 .... 1322 packets received, 4107 bps, 51.33%, Err 0 (0.0e+00)
662.718 .... 1330 packets received, 4118 bps, 51.48%, Err 0 (0.0e+00)
664.847 .... 1338 packets received, 4130 bps, 51.62%, Err 0 (0.0e+00)
665.042 ** WARNING: System too busy, sleep 15 ms, but be awakened 97 ms later
666.999 .... 1346 packets received, 4141 bps, 51.76%, Err 0 (0.0e+00)
669.128 .... 1354 packets received, 4152 bps, 51.90%, Err 0 (0.0e+00)
671.256 .... 1362 packets received, 4164 bps, 52.04%, Err 0 (0.0e+00)
673.372 .... 1370 packets received, 4175 bps, 52.19%, Err 0 (0.0e+00)
675.508 .... 1378 packets received, 4186 bps, 52.32%, Err 0 (0.0e+00)
677.629 .... 1386 packets received, 4197 bps, 52.46%, Err 0 (0.0e+00)
679.790 .... 1394 packets received, 4208 bps, 52.60%, Err 0 (0.0e+00)
681.931 .... 1402 packets received, 4219 bps, 52.73%, Err 0 (0.0e+00)
684.045 .... 1410 packets received, 4230 bps, 52.87%, Err 0 (0.0e+00)
686.182 .... 1418 packets received, 4240 bps, 53.00%, Err 0 (0.0e+00)
688.322 .... 1426 packets received, 4251 bps, 53.14%, Err 0 (0.0e+00)
690.447 .... 1434 packets received, 4262 bps, 53.27%, Err 0 (0.0e+00)
692.570 .... 1442 packets received, 4272 bps, 53.40%, Err 0 (0.0e+00)
694.711 .... 1450 packets received, 4283 bps, 53.53%, Err 0 (0.0e+00)
696.836 .... 1458 packets received, 4293 bps, 53.66%, Err 0 (0.0e+00)
698.973 .... 1466 packets received, 4303 bps, 53.79%, Err 0 (0.0e+00)
700.034 Quit.
