000.000 =============================================================
000.000                     Station B                               
000.000 -------------------------------------------------------------
000.000 Protocol.lib, version 4.0, jiangyanjun0718@bupt.edu.cn
000.000 Channel: 8000 bps, 270 ms propagation delay, bit error rate 0
000.000 Log file "uB.log", TCP port 30012, debug mask 0x00
000.000 Station B is connecting station A (TCP port 30012) ... Done.
000.275 New epoch: Thu May 16 10:46:57 2019
000.275 =================================================================
000.275 
000.275 Designed by CJSoft, build: May 16 2019  10:46:52
002.681 .... 8 packets received, 7743 bps, 96.79%, Err 0 (0.0e+00)
004.806 .... 16 packets received, 7726 bps, 96.58%, Err 0 (0.0e+00)
006.915 .... 24 packets received, 7740 bps, 96.76%, Err 0 (0.0e+00)
009.040 .... 32 packets received, 7733 bps, 96.66%, Err 0 (0.0e+00)
011.149 .... 40 packets received, 7740 bps, 96.75%, Err 0 (0.0e+00)
013.265 .... 48 packets received, 7740 bps, 96.76%, Err 0 (0.0e+00)
015.408 .... 56 packets received, 7727 bps, 96.58%, Err 0 (0.0e+00)
017.509 .... 64 packets received, 7736 bps, 96.69%, Err 0 (0.0e+00)
019.650 .... 72 packets received, 7726 bps, 96.58%, Err 0 (0.0e+00)
021.767 .... 80 packets received, 7728 bps, 96.60%, Err 0 (0.0e+00)
023.885 .... 88 packets received, 7728 bps, 96.60%, Err 0 (0.0e+00)
026.003 .... 96 packets received, 7729 bps, 96.61%, Err 0 (0.0e+00)
028.115 .... 104 packets received, 7731 bps, 96.64%, Err 0 (0.0e+00)
030.260 .... 112 packets received, 7724 bps, 96.55%, Err 0 (0.0e+00)
032.353 .... 120 packets received, 7731 bps, 96.64%, Err 0 (0.0e+00)
034.492 .... 128 packets received, 7727 bps, 96.58%, Err 0 (0.0e+00)
036.616 .... 136 packets received, 7726 bps, 96.57%, Err 0 (0.0e+00)
038.733 .... 144 packets received, 7727 bps, 96.58%, Err 0 (0.0e+00)
040.844 .... 152 packets received, 7728 bps, 96.61%, Err 0 (0.0e+00)
042.955 .... 160 packets received, 7730 bps, 96.63%, Err 0 (0.0e+00)
045.088 .... 168 packets received, 7728 bps, 96.60%, Err 0 (0.0e+00)
047.219 .... 176 packets received, 7726 bps, 96.58%, Err 0 (0.0e+00)
049.328 .... 184 packets received, 7728 bps, 96.60%, Err 0 (0.0e+00)
051.439 .... 192 packets received, 7729 bps, 96.62%, Err 0 (0.0e+00)
053.572 .... 200 packets received, 7727 bps, 96.59%, Err 0 (0.0e+00)
054.253 ** WARNING: System too busy, sleep 15 ms, but be awakened 74 ms later
055.720 .... 208 packets received, 7723 bps, 96.54%, Err 0 (0.0e+00)
057.805 .... 216 packets received, 7728 bps, 96.60%, Err 0 (0.0e+00)
059.938 .... 224 packets received, 7727 bps, 96.58%, Err 0 (0.0e+00)
062.076 .... 232 packets received, 7724 bps, 96.56%, Err 0 (0.0e+00)
063.103 ** WARNING: System too busy, sleep 15 ms, but be awakened 70 ms later
064.235 .... 240 packets received, 7720 bps, 96.50%, Err 0 (0.0e+00)
066.321 .... 248 packets received, 7724 bps, 96.55%, Err 0 (0.0e+00)
068.437 .... 256 packets received, 7725 bps, 96.56%, Err 0 (0.0e+00)
070.554 .... 264 packets received, 7725 bps, 96.56%, Err 0 (0.0e+00)
070.868 ** WARNING: System too busy, sleep 15 ms, but be awakened 70 ms later
072.682 .... 272 packets received, 7724 bps, 96.55%, Err 0 (0.0e+00)
074.800 .... 280 packets received, 7725 bps, 96.56%, Err 0 (0.0e+00)
076.932 .... 288 packets received, 7724 bps, 96.54%, Err 0 (0.0e+00)
079.046 .... 296 packets received, 7724 bps, 96.55%, Err 0 (0.0e+00)
080.257 ** WARNING: System too busy, sleep 15 ms, but be awakened 88 ms later
081.185 .... 304 packets received, 7723 bps, 96.53%, Err 0 (0.0e+00)
083.305 .... 312 packets received, 7723 bps, 96.53%, Err 0 (0.0e+00)
085.411 .... 320 packets received, 7724 bps, 96.55%, Err 0 (0.0e+00)
087.556 .... 328 packets received, 7722 bps, 96.52%, Err 0 (0.0e+00)
089.665 .... 336 packets received, 7723 bps, 96.54%, Err 0 (0.0e+00)
091.791 .... 344 packets received, 7723 bps, 96.53%, Err 0 (0.0e+00)
093.909 .... 352 packets received, 7723 bps, 96.54%, Err 0 (0.0e+00)
096.041 .... 360 packets received, 7722 bps, 96.53%, Err 0 (0.0e+00)
096.267 ** WARNING: System too busy, sleep 15 ms, but be awakened 71 ms later
098.154 .... 368 packets received, 7723 bps, 96.54%, Err 0 (0.0e+00)
100.264 .... 376 packets received, 7724 bps, 96.55%, Err 0 (0.0e+00)
102.399 .... 384 packets received, 7723 bps, 96.53%, Err 0 (0.0e+00)
104.544 .... 392 packets received, 7721 bps, 96.51%, Err 0 (0.0e+00)
106.614 .... 400 packets received, 7725 bps, 96.56%, Err 0 (0.0e+00)
108.747 .... 408 packets received, 7724 bps, 96.55%, Err 0 (0.0e+00)
110.897 .... 416 packets received, 7722 bps, 96.52%, Err 0 (0.0e+00)
113.016 .... 424 packets received, 7722 bps, 96.53%, Err 0 (0.0e+00)
115.135 .... 432 packets received, 7722 bps, 96.53%, Err 0 (0.0e+00)
117.243 .... 440 packets received, 7723 bps, 96.54%, Err 0 (0.0e+00)
119.371 .... 448 packets received, 7723 bps, 96.53%, Err 0 (0.0e+00)
121.485 .... 456 packets received, 7723 bps, 96.54%, Err 0 (0.0e+00)
123.607 .... 464 packets received, 7723 bps, 96.54%, Err 0 (0.0e+00)
125.745 .... 472 packets received, 7722 bps, 96.53%, Err 0 (0.0e+00)
127.849 .... 480 packets received, 7723 bps, 96.54%, Err 0 (0.0e+00)
129.967 .... 488 packets received, 7723 bps, 96.54%, Err 0 (0.0e+00)
132.115 .... 496 packets received, 7722 bps, 96.52%, Err 0 (0.0e+00)
134.224 .... 504 packets received, 7723 bps, 96.53%, Err 0 (0.0e+00)
136.336 .... 512 packets received, 7723 bps, 96.54%, Err 0 (0.0e+00)
138.453 .... 520 packets received, 7723 bps, 96.54%, Err 0 (0.0e+00)
140.567 .... 528 packets received, 7724 bps, 96.55%, Err 0 (0.0e+00)
142.758 .... 536 packets received, 7720 bps, 96.50%, Err 0 (0.0e+00)
144.867 .... 544 packets received, 7721 bps, 96.51%, Err 0 (0.0e+00)
146.976 .... 552 packets received, 7721 bps, 96.52%, Err 0 (0.0e+00)
149.108 .... 560 packets received, 7721 bps, 96.51%, Err 0 (0.0e+00)
151.209 .... 568 packets received, 7722 bps, 96.52%, Err 0 (0.0e+00)
152.167 ** WARNING: System too busy, sleep 15 ms, but be awakened 80 ms later
153.341 .... 576 packets received, 7721 bps, 96.52%, Err 0 (0.0e+00)
155.451 .... 584 packets received, 7722 bps, 96.53%, Err 0 (0.0e+00)
157.563 .... 592 packets received, 7723 bps, 96.53%, Err 0 (0.0e+00)
159.684 .... 600 packets received, 7723 bps, 96.53%, Err 0 (0.0e+00)
159.902 ** WARNING: System too busy, sleep 15 ms, but be awakened 67 ms later
161.828 .... 608 packets received, 7721 bps, 96.52%, Err 0 (0.0e+00)
162.196 ** WARNING: System too busy, sleep 15 ms, but be awakened 71 ms later
163.933 .... 616 packets received, 7722 bps, 96.53%, Err 0 (0.0e+00)
166.130 .... 624 packets received, 7719 bps, 96.48%, Err 0 (0.0e+00)
168.206 .... 632 packets received, 7721 bps, 96.51%, Err 0 (0.0e+00)
170.309 .... 640 packets received, 7722 bps, 96.52%, Err 0 (0.0e+00)
172.439 .... 648 packets received, 7721 bps, 96.52%, Err 0 (0.0e+00)
174.541 .... 656 packets received, 7722 bps, 96.53%, Err 0 (0.0e+00)
176.661 .... 664 packets received, 7722 bps, 96.53%, Err 0 (0.0e+00)
178.793 .... 672 packets received, 7722 bps, 96.52%, Err 0 (0.0e+00)
180.917 .... 680 packets received, 7722 bps, 96.52%, Err 0 (0.0e+00)
183.016 .... 688 packets received, 7723 bps, 96.53%, Err 0 (0.0e+00)
185.150 .... 696 packets received, 7722 bps, 96.53%, Err 0 (0.0e+00)
187.263 .... 704 packets received, 7723 bps, 96.53%, Err 0 (0.0e+00)
189.387 .... 712 packets received, 7722 bps, 96.53%, Err 0 (0.0e+00)
191.515 .... 720 packets received, 7722 bps, 96.53%, Err 0 (0.0e+00)
193.626 .... 728 packets received, 7723 bps, 96.53%, Err 0 (0.0e+00)
195.758 .... 736 packets received, 7722 bps, 96.53%, Err 0 (0.0e+00)
197.871 .... 744 packets received, 7723 bps, 96.53%, Err 0 (0.0e+00)
199.984 .... 752 packets received, 7723 bps, 96.54%, Err 0 (0.0e+00)
202.102 .... 760 packets received, 7723 bps, 96.54%, Err 0 (0.0e+00)
204.218 .... 768 packets received, 7723 bps, 96.54%, Err 0 (0.0e+00)
206.338 .... 776 packets received, 7723 bps, 96.54%, Err 0 (0.0e+00)
208.483 .... 784 packets received, 7722 bps, 96.53%, Err 0 (0.0e+00)
210.610 .... 792 packets received, 7722 bps, 96.53%, Err 0 (0.0e+00)
212.445 ** WARNING: System too busy, sleep 15 ms, but be awakened 81 ms later
212.715 .... 800 packets received, 7723 bps, 96.54%, Err 0 (0.0e+00)
214.836 .... 808 packets received, 7723 bps, 96.54%, Err 0 (0.0e+00)
216.961 .... 816 packets received, 7723 bps, 96.53%, Err 0 (0.0e+00)
217.412 ** WARNING: System too busy, sleep 15 ms, but be awakened 84 ms later
219.059 .... 824 packets received, 7724 bps, 96.54%, Err 0 (0.0e+00)
221.182 .... 832 packets received, 7724 bps, 96.54%, Err 0 (0.0e+00)
223.304 .... 840 packets received, 7723 bps, 96.54%, Err 0 (0.0e+00)
225.434 .... 848 packets received, 7723 bps, 96.54%, Err 0 (0.0e+00)
227.561 .... 856 packets received, 7723 bps, 96.54%, Err 0 (0.0e+00)
229.665 .... 864 packets received, 7724 bps, 96.54%, Err 0 (0.0e+00)
231.806 .... 872 packets received, 7723 bps, 96.54%, Err 0 (0.0e+00)
233.914 .... 880 packets received, 7723 bps, 96.54%, Err 0 (0.0e+00)
236.018 .... 888 packets received, 7724 bps, 96.55%, Err 0 (0.0e+00)
238.161 .... 896 packets received, 7723 bps, 96.54%, Err 0 (0.0e+00)
240.310 .... 904 packets received, 7722 bps, 96.53%, Err 0 (0.0e+00)
242.423 .... 912 packets received, 7723 bps, 96.53%, Err 0 (0.0e+00)
244.530 .... 920 packets received, 7723 bps, 96.54%, Err 0 (0.0e+00)
246.668 .... 928 packets received, 7723 bps, 96.53%, Err 0 (0.0e+00)
248.785 .... 936 packets received, 7723 bps, 96.53%, Err 0 (0.0e+00)
249.957 ** WARNING: System too busy, sleep 15 ms, but be awakened 177 ms later
251.064 ** WARNING: System too busy, sleep 15 ms, but be awakened 87 ms later
251.065 .... 941 packets received, 7693 bps, 96.17%, Err 0 (0.0e+00)
253.080 ** WARNING: System too busy, sleep 15 ms, but be awakened 84 ms later
253.589 .... 949 packets received, 7681 bps, 96.02%, Err 0 (0.0e+00)
255.820 .... 956 packets received, 7670 bps, 95.88%, Err 0 (0.0e+00)
257.955 .... 962 packets received, 7654 bps, 95.68%, Err 0 (0.0e+00)
260.091 .... 968 packets received, 7639 bps, 95.48%, Err 0 (0.0e+00)
262.218 .... 974 packets received, 7624 bps, 95.30%, Err 0 (0.0e+00)
263.824 ** WARNING: System too busy, sleep 15 ms, but be awakened 143 ms later
264.399 .... 980 packets received, 7607 bps, 95.09%, Err 0 (0.0e+00)
269.936 ** WARNING: System too busy, sleep 15 ms, but be awakened 5191 ms later
270.182 .... 981 packets received, 7452 bps, 93.15%, Err 0 (0.0e+00)
271.047 ** WARNING: System too busy, sleep 15 ms, but be awakened 169 ms later
272.656 .... 988 packets received, 7437 bps, 92.96%, Err 0 (0.0e+00)
273.491 ** WARNING: System too busy, sleep 15 ms, but be awakened 143 ms later
274.804 .... 995 packets received, 7431 bps, 92.88%, Err 0 (0.0e+00)
276.953 .... 1001 packets received, 7417 bps, 92.72%, Err 0 (0.0e+00)
279.378 .... 1008 packets received, 7404 bps, 92.55%, Err 0 (0.0e+00)
281.539 .... 1014 packets received, 7391 bps, 92.39%, Err 0 (0.0e+00)
283.700 .... 1020 packets received, 7378 bps, 92.22%, Err 0 (0.0e+00)
285.829 .... 1026 packets received, 7366 bps, 92.07%, Err 0 (0.0e+00)
287.741 ** WARNING: System too busy, sleep 15 ms, but be awakened 69 ms later
288.015 .... 1032 packets received, 7353 bps, 91.91%, Err 0 (0.0e+00)
290.091 .... 1038 packets received, 7342 bps, 91.78%, Err 0 (0.0e+00)
292.246 .... 1044 packets received, 7330 bps, 91.63%, Err 0 (0.0e+00)
294.363 .... 1050 packets received, 7319 bps, 91.49%, Err 0 (0.0e+00)
296.498 .... 1056 packets received, 7308 bps, 91.35%, Err 0 (0.0e+00)
298.640 .... 1062 packets received, 7297 bps, 91.21%, Err 0 (0.0e+00)
300.757 .... 1068 packets received, 7286 bps, 91.08%, Err 0 (0.0e+00)
302.888 .... 1074 packets received, 7276 bps, 90.94%, Err 0 (0.0e+00)
305.015 .... 1080 packets received, 7265 bps, 90.81%, Err 0 (0.0e+00)
307.134 .... 1087 packets received, 7262 bps, 90.77%, Err 0 (0.0e+00)
309.245 .... 1093 packets received, 7252 bps, 90.65%, Err 0 (0.0e+00)
311.369 .... 1099 packets received, 7242 bps, 90.52%, Err 0 (0.0e+00)
313.509 .... 1105 packets received, 7231 bps, 90.39%, Err 0 (0.0e+00)
315.604 .... 1111 packets received, 7222 bps, 90.28%, Err 0 (0.0e+00)
317.730 .... 1117 packets received, 7213 bps, 90.16%, Err 0 (0.0e+00)
319.852 .... 1123 packets received, 7203 bps, 90.04%, Err 0 (0.0e+00)
321.980 .... 1129 packets received, 7194 bps, 89.92%, Err 0 (0.0e+00)
324.088 .... 1135 packets received, 7185 bps, 89.81%, Err 0 (0.0e+00)
326.217 .... 1141 packets received, 7176 bps, 89.70%, Err 0 (0.0e+00)
328.315 .... 1147 packets received, 7167 bps, 89.59%, Err 0 (0.0e+00)
330.459 .... 1153 packets received, 7158 bps, 89.47%, Err 0 (0.0e+00)
332.567 .... 1159 packets received, 7149 bps, 89.37%, Err 0 (0.0e+00)
334.699 .... 1165 packets received, 7141 bps, 89.26%, Err 0 (0.0e+00)
336.819 .... 1172 packets received, 7138 bps, 89.23%, Err 0 (0.0e+00)
338.921 .... 1178 packets received, 7130 bps, 89.13%, Err 0 (0.0e+00)
341.312 .... 1185 packets received, 7122 bps, 89.03%, Err 0 (0.0e+00)
343.055 ** WARNING: System too busy, sleep 15 ms, but be awakened 71 ms later
343.445 .... 1191 packets received, 7114 bps, 88.92%, Err 0 (0.0e+00)
345.562 .... 1198 packets received, 7112 bps, 88.90%, Err 0 (0.0e+00)
347.687 .... 1204 packets received, 7104 bps, 88.79%, Err 0 (0.0e+00)
349.810 .... 1210 packets received, 7096 bps, 88.69%, Err 0 (0.0e+00)
351.911 .... 1216 packets received, 7088 bps, 88.60%, Err 0 (0.0e+00)
354.031 .... 1223 packets received, 7086 bps, 88.58%, Err 0 (0.0e+00)
356.181 .... 1229 packets received, 7078 bps, 88.47%, Err 0 (0.0e+00)
358.275 .... 1235 packets received, 7071 bps, 88.38%, Err 0 (0.0e+00)
360.412 .... 1241 packets received, 7063 bps, 88.29%, Err 0 (0.0e+00)
362.525 .... 1247 packets received, 7056 bps, 88.20%, Err 0 (0.0e+00)
364.885 .... 1254 packets received, 7049 bps, 88.12%, Err 0 (0.0e+00)
367.011 .... 1261 packets received, 7047 bps, 88.09%, Err 0 (0.0e+00)
369.137 .... 1267 packets received, 7040 bps, 88.00%, Err 0 (0.0e+00)
371.279 .... 1273 packets received, 7033 bps, 87.91%, Err 0 (0.0e+00)
373.397 .... 1279 packets received, 7026 bps, 87.82%, Err 0 (0.0e+00)
375.498 .... 1285 packets received, 7019 bps, 87.74%, Err 0 (0.0e+00)
377.617 .... 1291 packets received, 7012 bps, 87.65%, Err 0 (0.0e+00)
379.752 .... 1297 packets received, 7005 bps, 87.56%, Err 0 (0.0e+00)
379.996 ** WARNING: System too busy, sleep 15 ms, but be awakened 135 ms later
381.973 .... 1304 packets received, 7002 bps, 87.52%, Err 0 (0.0e+00)
384.118 .... 1310 packets received, 6995 bps, 87.44%, Err 0 (0.0e+00)
386.223 .... 1316 packets received, 6988 bps, 87.36%, Err 0 (0.0e+00)
388.241 ** WARNING: System too busy, sleep 15 ms, but be awakened 107 ms later
388.433 .... 1322 packets received, 6980 bps, 87.25%, Err 0 (0.0e+00)
390.464 .... 1328 packets received, 6976 bps, 87.19%, Err 0 (0.0e+00)
392.578 .... 1334 packets received, 6969 bps, 87.12%, Err 0 (0.0e+00)
394.623 ** WARNING: System too busy, sleep 15 ms, but be awakened 91 ms later
394.830 .... 1340 packets received, 6961 bps, 87.01%, Err 0 (0.0e+00)
396.909 .... 1347 packets received, 6960 bps, 87.00%, Err 0 (0.0e+00)
399.004 .... 1353 packets received, 6954 bps, 86.93%, Err 0 (0.0e+00)
401.139 .... 1360 packets received, 6953 bps, 86.92%, Err 0 (0.0e+00)
403.275 .... 1366 packets received, 6947 bps, 86.84%, Err 0 (0.0e+00)
405.385 .... 1372 packets received, 6941 bps, 86.76%, Err 0 (0.0e+00)
407.779 .... 1379 packets received, 6935 bps, 86.69%, Err 0 (0.0e+00)
409.983 .... 1386 packets received, 6933 bps, 86.66%, Err 0 (0.0e+00)
412.055 .... 1392 packets received, 6928 bps, 86.60%, Err 0 (0.0e+00)
414.445 .... 1399 packets received, 6923 bps, 86.53%, Err 0 (0.0e+00)
416.193 ** WARNING: System too busy, sleep 15 ms, but be awakened 71 ms later
416.588 .... 1406 packets received, 6921 bps, 86.52%, Err 0 (0.0e+00)
418.722 .... 1412 packets received, 6916 bps, 86.44%, Err 0 (0.0e+00)
421.095 .... 1419 packets received, 6911 bps, 86.38%, Err 0 (0.0e+00)
423.239 .... 1426 packets received, 6909 bps, 86.37%, Err 0 (0.0e+00)
425.370 .... 1432 packets received, 6904 bps, 86.30%, Err 0 (0.0e+00)
427.789 .... 1439 packets received, 6898 bps, 86.23%, Err 0 (0.0e+00)
430.149 .... 1446 packets received, 6894 bps, 86.17%, Err 0 (0.0e+00)
432.311 .... 1453 packets received, 6892 bps, 86.15%, Err 0 (0.0e+00)
434.460 .... 1459 packets received, 6887 bps, 86.08%, Err 0 (0.0e+00)
436.584 .... 1465 packets received, 6881 bps, 86.01%, Err 0 (0.0e+00)
438.685 ** WARNING: System too busy, sleep 15 ms, but be awakened 71 ms later
438.752 .... 1471 packets received, 6875 bps, 85.94%, Err 0 (0.0e+00)
441.161 .... 1478 packets received, 6870 bps, 85.88%, Err 0 (0.0e+00)
443.544 .... 1485 packets received, 6866 bps, 85.82%, Err 0 (0.0e+00)
445.699 .... 1492 packets received, 6864 bps, 85.81%, Err 0 (0.0e+00)
447.826 .... 1498 packets received, 6859 bps, 85.74%, Err 0 (0.0e+00)
449.920 .... 1504 packets received, 6855 bps, 85.68%, Err 0 (0.0e+00)
452.314 .... 1511 packets received, 6850 bps, 85.63%, Err 0 (0.0e+00)
454.194 ** WARNING: System too busy, sleep 15 ms, but be awakened 99 ms later
454.719 .... 1518 packets received, 6845 bps, 85.57%, Err 0 (0.0e+00)
456.764 ** WARNING: System too busy, sleep 15 ms, but be awakened 86 ms later
457.126 .... 1523 packets received, 6832 bps, 85.40%, Err 0 (0.0e+00)
459.178 .... 1529 packets received, 6828 bps, 85.35%, Err 0 (0.0e+00)
461.313 .... 1535 packets received, 6823 bps, 85.29%, Err 0 (0.0e+00)
463.405 .... 1541 packets received, 6819 bps, 85.23%, Err 0 (0.0e+00)
465.526 .... 1547 packets received, 6814 bps, 85.18%, Err 0 (0.0e+00)
467.641 .... 1553 packets received, 6809 bps, 85.12%, Err 0 (0.0e+00)
469.134 ** WARNING: System too busy, sleep 15 ms, but be awakened 164 ms later
469.791 .... 1558 packets received, 6800 bps, 85.00%, Err 0 (0.0e+00)
471.811 .... 1561 packets received, 6784 bps, 84.80%, Err 0 (0.0e+00)
471.894 ** WARNING: System too busy, sleep 15 ms, but be awakened 82 ms later
473.008 ** WARNING: System too busy, sleep 15 ms, but be awakened 97 ms later
474.745 .... 1562 packets received, 6746 bps, 84.33%, Err 0 (0.0e+00)
476.937 .... 1567 packets received, 6737 bps, 84.21%, Err 0 (0.0e+00)
477.338 ** WARNING: System too busy, sleep 15 ms, but be awakened 133 ms later
479.348 .... 1572 packets received, 6724 bps, 84.05%, Err 0 (0.0e+00)
481.479 .... 1577 packets received, 6716 bps, 83.95%, Err 0 (0.0e+00)
483.665 .... 1582 packets received, 6707 bps, 83.83%, Err 0 (0.0e+00)
486.008 .... 1587 packets received, 6695 bps, 83.69%, Err 0 (0.0e+00)
488.402 .... 1592 packets received, 6683 bps, 83.54%, Err 0 (0.0e+00)
490.540 .... 1598 packets received, 6679 bps, 83.49%, Err 0 (0.0e+00)
492.646 ** WARNING: System too busy, sleep 15 ms, but be awakened 67 ms later
492.730 .... 1604 packets received, 6675 bps, 83.43%, Err 0 (0.0e+00)
494.855 .... 1610 packets received, 6671 bps, 83.38%, Err 0 (0.0e+00)
496.946 .... 1616 packets received, 6667 bps, 83.34%, Err 0 (0.0e+00)
499.340 .... 1623 packets received, 6664 bps, 83.30%, Err 0 (0.0e+00)
501.494 .... 1629 packets received, 6660 bps, 83.25%, Err 0 (0.0e+00)
503.609 .... 1635 packets received, 6656 bps, 83.21%, Err 0 (0.0e+00)
504.236 ** WARNING: System too busy, sleep 15 ms, but be awakened 100 ms later
505.737 .... 1641 packets received, 6653 bps, 83.16%, Err 0 (0.0e+00)
507.849 .... 1647 packets received, 6649 bps, 83.12%, Err 0 (0.0e+00)
509.981 .... 1653 packets received, 6646 bps, 83.07%, Err 0 (0.0e+00)
512.102 .... 1660 packets received, 6646 bps, 83.08%, Err 0 (0.0e+00)
514.194 .... 1666 packets received, 6643 bps, 83.04%, Err 0 (0.0e+00)
516.354 .... 1672 packets received, 6639 bps, 82.99%, Err 0 (0.0e+00)
518.466 .... 1678 packets received, 6636 bps, 82.94%, Err 0 (0.0e+00)
520.578 .... 1684 packets received, 6632 bps, 82.90%, Err 0 (0.0e+00)
522.686 .... 1690 packets received, 6629 bps, 82.86%, Err 0 (0.0e+00)
525.089 .... 1697 packets received, 6626 bps, 82.82%, Err 0 (0.0e+00)
527.197 .... 1704 packets received, 6627 bps, 82.83%, Err 0 (0.0e+00)
529.324 .... 1710 packets received, 6623 bps, 82.79%, Err 0 (0.0e+00)
531.429 .... 1716 packets received, 6620 bps, 82.75%, Err 0 (0.0e+00)
533.573 .... 1722 packets received, 6617 bps, 82.71%, Err 0 (0.0e+00)
535.695 .... 1728 packets received, 6613 bps, 82.67%, Err 0 (0.0e+00)
537.784 .... 1734 packets received, 6610 bps, 82.63%, Err 0 (0.0e+00)
539.931 .... 1740 packets received, 6607 bps, 82.59%, Err 0 (0.0e+00)
542.036 .... 1746 packets received, 6604 bps, 82.55%, Err 0 (0.0e+00)
544.169 .... 1752 packets received, 6601 bps, 82.51%, Err 0 (0.0e+00)
546.272 .... 1758 packets received, 6598 bps, 82.47%, Err 0 (0.0e+00)
548.390 .... 1764 packets received, 6595 bps, 82.43%, Err 0 (0.0e+00)
550.514 .... 1770 packets received, 6591 bps, 82.39%, Err 0 (0.0e+00)
552.639 .... 1776 packets received, 6588 bps, 82.35%, Err 0 (0.0e+00)
554.765 .... 1782 packets received, 6585 bps, 82.32%, Err 0 (0.0e+00)
556.892 .... 1788 packets received, 6582 bps, 82.28%, Err 0 (0.0e+00)
559.014 .... 1794 packets received, 6579 bps, 82.24%, Err 0 (0.0e+00)
561.109 .... 1800 packets received, 6576 bps, 82.21%, Err 0 (0.0e+00)
563.227 .... 1806 packets received, 6574 bps, 82.17%, Err 0 (0.0e+00)
565.376 .... 1812 packets received, 6570 bps, 82.13%, Err 0 (0.0e+00)
567.494 .... 1818 packets received, 6567 bps, 82.09%, Err 0 (0.0e+00)
569.680 .... 1824 packets received, 6564 bps, 82.05%, Err 0 (0.0e+00)
571.721 .... 1830 packets received, 6562 bps, 82.02%, Err 0 (0.0e+00)
573.852 .... 1836 packets received, 6559 bps, 81.99%, Err 0 (0.0e+00)
575.966 .... 1842 packets received, 6556 bps, 81.95%, Err 0 (0.0e+00)
578.091 .... 1848 packets received, 6553 bps, 81.92%, Err 0 (0.0e+00)
580.220 .... 1855 packets received, 6554 bps, 81.92%, Err 0 (0.0e+00)
582.338 .... 1861 packets received, 6551 bps, 81.89%, Err 0 (0.0e+00)
584.465 .... 1868 packets received, 6552 bps, 81.90%, Err 0 (0.0e+00)
586.583 .... 1874 packets received, 6549 bps, 81.87%, Err 0 (0.0e+00)
588.690 .... 1881 packets received, 6550 bps, 81.88%, Err 0 (0.0e+00)
589.628 ** WARNING: System too busy, sleep 15 ms, but be awakened 77 ms later
590.836 .... 1887 packets received, 6547 bps, 81.84%, Err 0 (0.0e+00)
592.951 .... 1893 packets received, 6544 bps, 81.81%, Err 0 (0.0e+00)
595.060 .... 1899 packets received, 6542 bps, 81.77%, Err 0 (0.0e+00)
597.203 .... 1905 packets received, 6539 bps, 81.74%, Err 0 (0.0e+00)
599.295 .... 1911 packets received, 6537 bps, 81.71%, Err 0 (0.0e+00)
601.409 .... 1917 packets received, 6534 bps, 81.68%, Err 0 (0.0e+00)
603.564 .... 1923 packets received, 6531 bps, 81.64%, Err 0 (0.0e+00)
605.656 .... 1929 packets received, 6529 bps, 81.61%, Err 0 (0.0e+00)
607.791 .... 1935 packets received, 6526 bps, 81.58%, Err 0 (0.0e+00)
610.198 .... 1942 packets received, 6524 bps, 81.55%, Err 0 (0.0e+00)
612.312 .... 1949 packets received, 6525 bps, 81.56%, Err 0 (0.0e+00)
614.452 .... 1955 packets received, 6522 bps, 81.53%, Err 0 (0.0e+00)
616.857 .... 1962 packets received, 6520 bps, 81.50%, Err 0 (0.0e+00)
619.240 .... 1969 packets received, 6518 bps, 81.47%, Err 0 (0.0e+00)
621.654 .... 1976 packets received, 6516 bps, 81.45%, Err 0 (0.0e+00)
624.050 .... 1983 packets received, 6514 bps, 81.42%, Err 0 (0.0e+00)
626.153 .... 1990 packets received, 6515 bps, 81.43%, Err 0 (0.0e+00)
628.316 .... 1996 packets received, 6512 bps, 81.40%, Err 0 (0.0e+00)
630.720 .... 2003 packets received, 6510 bps, 81.37%, Err 0 (0.0e+00)
633.087 .... 2010 packets received, 6508 bps, 81.35%, Err 0 (0.0e+00)
634.883 ** WARNING: System too busy, sleep 15 ms, but be awakened 76 ms later
635.233 .... 2017 packets received, 6509 bps, 81.36%, Err 0 (0.0e+00)
637.375 .... 2023 packets received, 6506 bps, 81.33%, Err 0 (0.0e+00)
639.736 .... 2030 packets received, 6504 bps, 81.31%, Err 0 (0.0e+00)
642.138 .... 2037 packets received, 6502 bps, 81.28%, Err 0 (0.0e+00)
644.239 .... 2043 packets received, 6500 bps, 81.25%, Err 0 (0.0e+00)
646.363 .... 2049 packets received, 6498 bps, 81.22%, Err 0 (0.0e+00)
648.499 .... 2055 packets received, 6495 bps, 81.19%, Err 0 (0.0e+00)
650.616 .... 2061 packets received, 6493 bps, 81.17%, Err 0 (0.0e+00)
652.728 .... 2067 packets received, 6491 bps, 81.14%, Err 0 (0.0e+00)
654.854 .... 2073 packets received, 6489 bps, 81.11%, Err 0 (0.0e+00)
656.966 .... 2079 packets received, 6487 bps, 81.08%, Err 0 (0.0e+00)
659.094 .... 2085 packets received, 6484 bps, 81.05%, Err 0 (0.0e+00)
661.205 .... 2091 packets received, 6482 bps, 81.03%, Err 0 (0.0e+00)
663.342 .... 2097 packets received, 6480 bps, 81.00%, Err 0 (0.0e+00)
665.041 ** WARNING: System too busy, sleep 15 ms, but be awakened 97 ms later
665.455 .... 2103 packets received, 6478 bps, 80.97%, Err 0 (0.0e+00)
667.569 .... 2109 packets received, 6476 bps, 80.94%, Err 0 (0.0e+00)
669.705 .... 2116 packets received, 6476 bps, 80.95%, Err 0 (0.0e+00)
671.834 .... 2122 packets received, 6474 bps, 80.93%, Err 0 (0.0e+00)
674.220 .... 2129 packets received, 6472 bps, 80.91%, Err 0 (0.0e+00)
676.630 .... 2136 packets received, 6471 bps, 80.88%, Err 0 (0.0e+00)
679.009 .... 2143 packets received, 6469 bps, 80.86%, Err 0 (0.0e+00)
681.424 .... 2150 packets received, 6467 bps, 80.84%, Err 0 (0.0e+00)
683.813 .... 2157 packets received, 6465 bps, 80.82%, Err 0 (0.0e+00)
686.216 .... 2164 packets received, 6464 bps, 80.80%, Err 0 (0.0e+00)
688.608 .... 2171 packets received, 6462 bps, 80.78%, Err 0 (0.0e+00)
690.744 .... 2177 packets received, 6460 bps, 80.75%, Err 0 (0.0e+00)
693.158 .... 2184 packets received, 6458 bps, 80.73%, Err 0 (0.0e+00)
695.259 .... 2191 packets received, 6459 bps, 80.74%, Err 0 (0.0e+00)
697.414 .... 2197 packets received, 6457 bps, 80.71%, Err 0 (0.0e+00)
699.804 .... 2204 packets received, 6455 bps, 80.69%, Err 0 (0.0e+00)
700.028 Quit.
