000.000 =============================================================
000.000                     Station A                               
000.000 -------------------------------------------------------------
000.000 Protocol.lib, version 4.0, jiangyanjun0718@bupt.edu.cn
000.000 Channel: 8000 bps, 270 ms propagation delay, bit error rate 0
000.000 Log file "ufA.log", TCP port 30013, debug mask 0x00
000.000 Station A is waiting for station B on TCP port 30013 ... Done.
000.303 New epoch: Thu May 16 10:46:57 2019
000.303 =================================================================
000.303 
000.303 Designed by CJSoft, build: May 16 2019  10:46:52
002.742 .... 8 packets received, 7561 bps, 94.51%, Err 0 (0.0e+00)
004.888 .... 16 packets received, 7597 bps, 94.97%, Err 0 (0.0e+00)
006.997 .... 24 packets received, 7654 bps, 95.67%, Err 0 (0.0e+00)
009.121 .... 32 packets received, 7669 bps, 95.86%, Err 0 (0.0e+00)
011.254 .... 40 packets received, 7671 bps, 95.89%, Err 0 (0.0e+00)
013.366 .... 48 packets received, 7685 bps, 96.07%, Err 0 (0.0e+00)
015.490 .... 56 packets received, 7689 bps, 96.12%, Err 0 (0.0e+00)
017.604 .... 64 packets received, 7697 bps, 96.21%, Err 0 (0.0e+00)
019.714 .... 72 packets received, 7704 bps, 96.31%, Err 0 (0.0e+00)
021.848 .... 80 packets received, 7702 bps, 96.27%, Err 0 (0.0e+00)
023.972 .... 88 packets received, 7703 bps, 96.29%, Err 0 (0.0e+00)
026.086 .... 96 packets received, 7707 bps, 96.33%, Err 0 (0.0e+00)
028.231 .... 104 packets received, 7701 bps, 96.27%, Err 0 (0.0e+00)
030.328 .... 112 packets received, 7709 bps, 96.37%, Err 0 (0.0e+00)
032.492 .... 120 packets received, 7700 bps, 96.25%, Err 0 (0.0e+00)
034.592 .... 128 packets received, 7706 bps, 96.33%, Err 0 (0.0e+00)
036.715 .... 136 packets received, 7707 bps, 96.34%, Err 0 (0.0e+00)
038.818 .... 144 packets received, 7712 bps, 96.39%, Err 0 (0.0e+00)
040.942 .... 152 packets received, 7712 bps, 96.40%, Err 0 (0.0e+00)
043.086 .... 160 packets received, 7708 bps, 96.35%, Err 0 (0.0e+00)
045.214 .... 168 packets received, 7708 bps, 96.35%, Err 0 (0.0e+00)
047.304 .... 176 packets received, 7714 bps, 96.42%, Err 0 (0.0e+00)
049.426 .... 184 packets received, 7714 bps, 96.42%, Err 0 (0.0e+00)
051.542 .... 192 packets received, 7715 bps, 96.44%, Err 0 (0.0e+00)
053.690 .... 200 packets received, 7712 bps, 96.39%, Err 0 (0.0e+00)
054.248 ** WARNING: System too busy, sleep 15 ms, but be awakened 74 ms later
055.818 .... 208 packets received, 7711 bps, 96.39%, Err 0 (0.0e+00)
057.932 .... 216 packets received, 7713 bps, 96.41%, Err 0 (0.0e+00)
060.039 .... 224 packets received, 7715 bps, 96.43%, Err 0 (0.0e+00)
062.160 .... 232 packets received, 7715 bps, 96.44%, Err 0 (0.0e+00)
063.114 ** WARNING: System too busy, sleep 15 ms, but be awakened 66 ms later
064.269 .... 240 packets received, 7717 bps, 96.46%, Err 0 (0.0e+00)
066.421 .... 248 packets received, 7714 bps, 96.42%, Err 0 (0.0e+00)
068.514 .... 256 packets received, 7717 bps, 96.46%, Err 0 (0.0e+00)
070.637 .... 264 packets received, 7717 bps, 96.46%, Err 0 (0.0e+00)
072.764 .... 272 packets received, 7717 bps, 96.46%, Err 0 (0.0e+00)
074.878 .... 280 packets received, 7718 bps, 96.47%, Err 0 (0.0e+00)
077.017 .... 288 packets received, 7716 bps, 96.45%, Err 0 (0.0e+00)
079.138 .... 296 packets received, 7716 bps, 96.45%, Err 0 (0.0e+00)
080.256 ** WARNING: System too busy, sleep 15 ms, but be awakened 87 ms later
081.274 .... 304 packets received, 7715 bps, 96.44%, Err 0 (0.0e+00)
083.383 .... 312 packets received, 7716 bps, 96.45%, Err 0 (0.0e+00)
085.493 .... 320 packets received, 7718 bps, 96.47%, Err 0 (0.0e+00)
087.643 .... 328 packets received, 7715 bps, 96.44%, Err 0 (0.0e+00)
089.751 .... 336 packets received, 7717 bps, 96.46%, Err 0 (0.0e+00)
091.848 .... 344 packets received, 7719 bps, 96.48%, Err 0 (0.0e+00)
094.015 .... 352 packets received, 7715 bps, 96.44%, Err 0 (0.0e+00)
096.130 .... 360 packets received, 7716 bps, 96.45%, Err 0 (0.0e+00)
098.248 .... 368 packets received, 7716 bps, 96.45%, Err 0 (0.0e+00)
100.382 .... 376 packets received, 7715 bps, 96.44%, Err 0 (0.0e+00)
102.493 .... 384 packets received, 7716 bps, 96.45%, Err 0 (0.0e+00)
104.608 .... 392 packets received, 7717 bps, 96.46%, Err 0 (0.0e+00)
106.762 .... 400 packets received, 7715 bps, 96.43%, Err 0 (0.0e+00)
108.854 .... 408 packets received, 7717 bps, 96.46%, Err 0 (0.0e+00)
110.992 .... 416 packets received, 7716 bps, 96.45%, Err 0 (0.0e+00)
113.111 .... 424 packets received, 7716 bps, 96.45%, Err 0 (0.0e+00)
115.216 .... 432 packets received, 7717 bps, 96.47%, Err 0 (0.0e+00)
117.328 .... 440 packets received, 7718 bps, 96.48%, Err 0 (0.0e+00)
119.456 .... 448 packets received, 7718 bps, 96.47%, Err 0 (0.0e+00)
121.576 .... 456 packets received, 7718 bps, 96.48%, Err 0 (0.0e+00)
123.717 .... 464 packets received, 7717 bps, 96.46%, Err 0 (0.0e+00)
125.841 .... 472 packets received, 7717 bps, 96.46%, Err 0 (0.0e+00)
127.948 .... 480 packets received, 7718 bps, 96.47%, Err 0 (0.0e+00)
130.077 .... 488 packets received, 7717 bps, 96.47%, Err 0 (0.0e+00)
132.211 .... 496 packets received, 7717 bps, 96.46%, Err 0 (0.0e+00)
134.330 .... 504 packets received, 7717 bps, 96.46%, Err 0 (0.0e+00)
136.432 .... 512 packets received, 7718 bps, 96.48%, Err 0 (0.0e+00)
138.546 .... 520 packets received, 7719 bps, 96.48%, Err 0 (0.0e+00)
140.715 .... 528 packets received, 7716 bps, 96.45%, Err 0 (0.0e+00)
141.133 ** WARNING: System too busy, sleep 15 ms, but be awakened 68 ms later
142.791 .... 536 packets received, 7719 bps, 96.48%, Err 0 (0.0e+00)
144.900 .... 544 packets received, 7719 bps, 96.49%, Err 0 (0.0e+00)
147.042 .... 552 packets received, 7718 bps, 96.48%, Err 0 (0.0e+00)
149.142 .... 560 packets received, 7720 bps, 96.50%, Err 0 (0.0e+00)
151.256 .... 568 packets received, 7720 bps, 96.50%, Err 0 (0.0e+00)
152.172 ** WARNING: System too busy, sleep 15 ms, but be awakened 79 ms later
153.371 .... 576 packets received, 7720 bps, 96.51%, Err 0 (0.0e+00)
155.497 .... 584 packets received, 7720 bps, 96.50%, Err 0 (0.0e+00)
157.631 .... 592 packets received, 7720 bps, 96.50%, Err 0 (0.0e+00)
159.734 .... 600 packets received, 7721 bps, 96.51%, Err 0 (0.0e+00)
161.875 .... 608 packets received, 7720 bps, 96.50%, Err 0 (0.0e+00)
162.197 ** WARNING: System too busy, sleep 15 ms, but be awakened 70 ms later
163.996 .... 616 packets received, 7720 bps, 96.50%, Err 0 (0.0e+00)
166.204 .... 624 packets received, 7716 bps, 96.45%, Err 0 (0.0e+00)
168.248 .... 632 packets received, 7719 bps, 96.49%, Err 0 (0.0e+00)
170.366 .... 640 packets received, 7720 bps, 96.50%, Err 0 (0.0e+00)
172.481 .... 648 packets received, 7720 bps, 96.50%, Err 0 (0.0e+00)
174.588 .... 656 packets received, 7721 bps, 96.51%, Err 0 (0.0e+00)
176.709 .... 664 packets received, 7721 bps, 96.51%, Err 0 (0.0e+00)
178.840 .... 672 packets received, 7720 bps, 96.50%, Err 0 (0.0e+00)
180.952 .... 680 packets received, 7721 bps, 96.51%, Err 0 (0.0e+00)
183.079 .... 688 packets received, 7721 bps, 96.51%, Err 0 (0.0e+00)
185.197 .... 696 packets received, 7721 bps, 96.51%, Err 0 (0.0e+00)
187.331 .... 704 packets received, 7720 bps, 96.50%, Err 0 (0.0e+00)
189.434 .... 712 packets received, 7721 bps, 96.51%, Err 0 (0.0e+00)
191.555 .... 720 packets received, 7721 bps, 96.51%, Err 0 (0.0e+00)
193.691 .... 728 packets received, 7720 bps, 96.51%, Err 0 (0.0e+00)
195.790 .... 736 packets received, 7721 bps, 96.52%, Err 0 (0.0e+00)
197.916 .... 744 packets received, 7721 bps, 96.52%, Err 0 (0.0e+00)
200.037 .... 752 packets received, 7721 bps, 96.52%, Err 0 (0.0e+00)
202.154 .... 760 packets received, 7721 bps, 96.52%, Err 0 (0.0e+00)
204.270 .... 768 packets received, 7722 bps, 96.52%, Err 0 (0.0e+00)
206.406 .... 776 packets received, 7721 bps, 96.51%, Err 0 (0.0e+00)
208.499 .... 784 packets received, 7722 bps, 96.53%, Err 0 (0.0e+00)
210.642 .... 792 packets received, 7721 bps, 96.52%, Err 0 (0.0e+00)
212.765 .... 800 packets received, 7721 bps, 96.52%, Err 0 (0.0e+00)
214.885 .... 808 packets received, 7721 bps, 96.52%, Err 0 (0.0e+00)
217.001 .... 816 packets received, 7722 bps, 96.52%, Err 0 (0.0e+00)
217.415 ** WARNING: System too busy, sleep 15 ms, but be awakened 73 ms later
219.120 .... 824 packets received, 7722 bps, 96.52%, Err 0 (0.0e+00)
221.230 .... 832 packets received, 7722 bps, 96.53%, Err 0 (0.0e+00)
223.352 .... 840 packets received, 7722 bps, 96.53%, Err 0 (0.0e+00)
225.497 .... 848 packets received, 7721 bps, 96.52%, Err 0 (0.0e+00)
227.609 .... 856 packets received, 7722 bps, 96.52%, Err 0 (0.0e+00)
229.717 .... 864 packets received, 7722 bps, 96.53%, Err 0 (0.0e+00)
231.839 .... 872 packets received, 7722 bps, 96.53%, Err 0 (0.0e+00)
233.966 .... 880 packets received, 7722 bps, 96.52%, Err 0 (0.0e+00)
236.069 .... 888 packets received, 7723 bps, 96.53%, Err 0 (0.0e+00)
237.582 ** WARNING: System too busy, sleep 15 ms, but be awakened 89 ms later
238.207 .... 896 packets received, 7722 bps, 96.53%, Err 0 (0.0e+00)
240.384 .... 904 packets received, 7720 bps, 96.50%, Err 0 (0.0e+00)
242.455 .... 912 packets received, 7722 bps, 96.52%, Err 0 (0.0e+00)
244.545 .... 920 packets received, 7723 bps, 96.54%, Err 0 (0.0e+00)
246.687 .... 928 packets received, 7722 bps, 96.53%, Err 0 (0.0e+00)
248.839 .... 936 packets received, 7721 bps, 96.52%, Err 0 (0.0e+00)
249.957 ** WARNING: System too busy, sleep 15 ms, but be awakened 177 ms later
250.924 .... 941 packets received, 7698 bps, 96.22%, Err 0 (0.0e+00)
251.068 ** WARNING: System too busy, sleep 15 ms, but be awakened 80 ms later
252.995 .... 949 packets received, 7700 bps, 96.25%, Err 0 (0.0e+00)
253.078 ** WARNING: System too busy, sleep 15 ms, but be awakened 83 ms later
255.132 .... 957 packets received, 7699 bps, 96.24%, Err 0 (0.0e+00)
257.271 .... 965 packets received, 7699 bps, 96.24%, Err 0 (0.0e+00)
259.345 .... 973 packets received, 7701 bps, 96.26%, Err 0 (0.0e+00)
261.472 .... 981 packets received, 7701 bps, 96.26%, Err 0 (0.0e+00)
263.608 .... 989 packets received, 7700 bps, 96.26%, Err 0 (0.0e+00)
263.823 ** WARNING: System too busy, sleep 15 ms, but be awakened 145 ms later
269.937 ** WARNING: System too busy, sleep 15 ms, but be awakened 5192 ms later
270.304 .... 993 packets received, 7540 bps, 94.25%, Err 0 (0.0e+00)
271.048 ** WARNING: System too busy, sleep 15 ms, but be awakened 171 ms later
272.650 .... 999 packets received, 7520 bps, 94.00%, Err 0 (0.0e+00)
273.484 ** WARNING: System too busy, sleep 15 ms, but be awakened 149 ms later
274.804 .... 1006 packets received, 7513 bps, 93.91%, Err 0 (0.0e+00)
276.938 .... 1012 packets received, 7499 bps, 93.74%, Err 0 (0.0e+00)
279.077 .... 1018 packets received, 7486 bps, 93.57%, Err 0 (0.0e+00)
281.204 .... 1024 packets received, 7473 bps, 93.41%, Err 0 (0.0e+00)
283.317 .... 1030 packets received, 7461 bps, 93.26%, Err 0 (0.0e+00)
285.455 .... 1036 packets received, 7448 bps, 93.10%, Err 0 (0.0e+00)
287.881 .... 1043 packets received, 7435 bps, 92.94%, Err 0 (0.0e+00)
290.242 .... 1050 packets received, 7424 bps, 92.80%, Err 0 (0.0e+00)
292.649 .... 1057 packets received, 7412 bps, 92.65%, Err 0 (0.0e+00)
295.068 .... 1064 packets received, 7399 bps, 92.49%, Err 0 (0.0e+00)
297.474 .... 1071 packets received, 7388 bps, 92.35%, Err 0 (0.0e+00)
299.589 .... 1077 packets received, 7377 bps, 92.21%, Err 0 (0.0e+00)
302.010 .... 1084 packets received, 7365 bps, 92.06%, Err 0 (0.0e+00)
304.131 .... 1090 packets received, 7354 bps, 91.92%, Err 0 (0.0e+00)
306.310 .... 1096 packets received, 7342 bps, 91.77%, Err 0 (0.0e+00)
308.404 .... 1102 packets received, 7332 bps, 91.65%, Err 0 (0.0e+00)
310.535 .... 1108 packets received, 7321 bps, 91.51%, Err 0 (0.0e+00)
312.657 .... 1114 packets received, 7310 bps, 91.38%, Err 0 (0.0e+00)
315.065 .... 1121 packets received, 7300 bps, 91.25%, Err 0 (0.0e+00)
317.171 .... 1127 packets received, 7290 bps, 91.13%, Err 0 (0.0e+00)
319.312 .... 1133 packets received, 7280 bps, 91.00%, Err 0 (0.0e+00)
321.444 .... 1139 packets received, 7270 bps, 90.87%, Err 0 (0.0e+00)
323.601 .... 1145 packets received, 7259 bps, 90.74%, Err 0 (0.0e+00)
325.730 .... 1151 packets received, 7250 bps, 90.62%, Err 0 (0.0e+00)
327.849 .... 1157 packets received, 7240 bps, 90.50%, Err 0 (0.0e+00)
329.990 .... 1163 packets received, 7230 bps, 90.38%, Err 0 (0.0e+00)
332.138 .... 1169 packets received, 7221 bps, 90.26%, Err 0 (0.0e+00)
334.280 .... 1175 packets received, 7211 bps, 90.14%, Err 0 (0.0e+00)
336.390 .... 1181 packets received, 7202 bps, 90.03%, Err 0 (0.0e+00)
338.520 .... 1187 packets received, 7193 bps, 89.92%, Err 0 (0.0e+00)
340.674 .... 1193 packets received, 7184 bps, 89.80%, Err 0 (0.0e+00)
343.053 ** WARNING: System too busy, sleep 15 ms, but be awakened 72 ms later
343.133 .... 1200 packets received, 7174 bps, 89.68%, Err 0 (0.0e+00)
345.226 .... 1206 packets received, 7166 bps, 89.58%, Err 0 (0.0e+00)
347.370 .... 1212 packets received, 7157 bps, 89.47%, Err 0 (0.0e+00)
348.052 ** WARNING: System too busy, sleep 15 ms, but be awakened 77 ms later
349.499 .... 1218 packets received, 7149 bps, 89.36%, Err 0 (0.0e+00)
351.655 .... 1224 packets received, 7140 bps, 89.25%, Err 0 (0.0e+00)
354.050 .... 1231 packets received, 7132 bps, 89.15%, Err 0 (0.0e+00)
356.179 .... 1237 packets received, 7124 bps, 89.05%, Err 0 (0.0e+00)
358.319 .... 1243 packets received, 7116 bps, 88.95%, Err 0 (0.0e+00)
360.462 .... 1249 packets received, 7108 bps, 88.85%, Err 0 (0.0e+00)
362.589 .... 1255 packets received, 7100 bps, 88.75%, Err 0 (0.0e+00)
364.708 .... 1261 packets received, 7092 bps, 88.65%, Err 0 (0.0e+00)
366.835 .... 1267 packets received, 7085 bps, 88.56%, Err 0 (0.0e+00)
368.978 .... 1273 packets received, 7077 bps, 88.46%, Err 0 (0.0e+00)
371.108 .... 1279 packets received, 7069 bps, 88.37%, Err 0 (0.0e+00)
373.238 .... 1285 packets received, 7062 bps, 88.27%, Err 0 (0.0e+00)
375.376 .... 1291 packets received, 7054 bps, 88.18%, Err 0 (0.0e+00)
377.772 .... 1298 packets received, 7048 bps, 88.09%, Err 0 (0.0e+00)
379.962 ** WARNING: System too busy, sleep 15 ms, but be awakened 129 ms later
380.511 .... 1304 packets received, 7029 bps, 87.86%, Err 0 (0.0e+00)
382.697 .... 1312 packets received, 7032 bps, 87.90%, Err 0 (0.0e+00)
385.071 .... 1319 packets received, 7026 bps, 87.82%, Err 0 (0.0e+00)
387.237 .... 1325 packets received, 7018 bps, 87.73%, Err 0 (0.0e+00)
388.242 ** WARNING: System too busy, sleep 15 ms, but be awakened 106 ms later
389.382 .... 1331 packets received, 7011 bps, 87.64%, Err 0 (0.0e+00)
391.523 .... 1337 packets received, 7004 bps, 87.55%, Err 0 (0.0e+00)
393.655 .... 1343 packets received, 6997 bps, 87.47%, Err 0 (0.0e+00)
394.609 ** WARNING: System too busy, sleep 15 ms, but be awakened 77 ms later
395.908 .... 1349 packets received, 6988 bps, 87.36%, Err 0 (0.0e+00)
397.190 ** WARNING: System too busy, sleep 15 ms, but be awakened 69 ms later
397.968 .... 1356 packets received, 6988 bps, 87.35%, Err 0 (0.0e+00)
400.096 .... 1362 packets received, 6982 bps, 87.27%, Err 0 (0.0e+00)
402.516 .... 1369 packets received, 6975 bps, 87.19%, Err 0 (0.0e+00)
404.636 .... 1376 packets received, 6974 bps, 87.18%, Err 0 (0.0e+00)
406.822 .... 1382 packets received, 6967 bps, 87.09%, Err 0 (0.0e+00)
408.917 .... 1388 packets received, 6961 bps, 87.02%, Err 0 (0.0e+00)
411.347 .... 1395 packets received, 6955 bps, 86.94%, Err 0 (0.0e+00)
413.786 .... 1402 packets received, 6949 bps, 86.86%, Err 0 (0.0e+00)
415.888 .... 1408 packets received, 6943 bps, 86.79%, Err 0 (0.0e+00)
416.231 ** WARNING: System too busy, sleep 15 ms, but be awakened 104 ms later
418.029 .... 1414 packets received, 6937 bps, 86.71%, Err 0 (0.0e+00)
420.161 .... 1420 packets received, 6931 bps, 86.64%, Err 0 (0.0e+00)
422.315 .... 1426 packets received, 6925 bps, 86.56%, Err 0 (0.0e+00)
424.444 .... 1432 packets received, 6919 bps, 86.49%, Err 0 (0.0e+00)
426.554 .... 1438 packets received, 6914 bps, 86.42%, Err 0 (0.0e+00)
428.694 .... 1444 packets received, 6908 bps, 86.35%, Err 0 (0.0e+00)
430.849 .... 1450 packets received, 6902 bps, 86.27%, Err 0 (0.0e+00)
432.978 .... 1456 packets received, 6896 bps, 86.20%, Err 0 (0.0e+00)
435.087 .... 1462 packets received, 6891 bps, 86.14%, Err 0 (0.0e+00)
437.240 .... 1468 packets received, 6885 bps, 86.06%, Err 0 (0.0e+00)
439.364 .... 1474 packets received, 6880 bps, 86.00%, Err 0 (0.0e+00)
441.514 .... 1480 packets received, 6874 bps, 85.93%, Err 0 (0.0e+00)
443.650 .... 1486 packets received, 6869 bps, 85.86%, Err 0 (0.0e+00)
445.783 .... 1492 packets received, 6863 bps, 85.79%, Err 0 (0.0e+00)
447.899 .... 1498 packets received, 6858 bps, 85.73%, Err 0 (0.0e+00)
450.056 .... 1504 packets received, 6853 bps, 85.66%, Err 0 (0.0e+00)
452.179 .... 1510 packets received, 6848 bps, 85.60%, Err 0 (0.0e+00)
454.195 ** WARNING: System too busy, sleep 15 ms, but be awakened 100 ms later
454.530 .... 1516 packets received, 6839 bps, 85.49%, Err 0 (0.0e+00)
456.630 .... 1523 packets received, 6839 bps, 85.49%, Err 0 (0.0e+00)
456.767 ** WARNING: System too busy, sleep 15 ms, but be awakened 88 ms later
458.982 .... 1530 packets received, 6835 bps, 85.44%, Err 0 (0.0e+00)
461.129 .... 1536 packets received, 6830 bps, 85.38%, Err 0 (0.0e+00)
463.259 .... 1542 packets received, 6825 bps, 85.32%, Err 0 (0.0e+00)
465.383 .... 1548 packets received, 6821 bps, 85.26%, Err 0 (0.0e+00)
467.541 .... 1554 packets received, 6815 bps, 85.19%, Err 0 (0.0e+00)
469.130 ** WARNING: System too busy, sleep 15 ms, but be awakened 160 ms later
471.482 .... 1559 packets received, 6780 bps, 84.75%, Err 0 (0.0e+00)
474.566 .... 1560 packets received, 6740 bps, 84.25%, Err 0 (0.0e+00)
476.900 .... 1568 packets received, 6742 bps, 84.27%, Err 0 (0.0e+00)
477.340 ** WARNING: System too busy, sleep 15 ms, but be awakened 134 ms later
479.295 .... 1573 packets received, 6729 bps, 84.12%, Err 0 (0.0e+00)
481.413 .... 1577 packets received, 6717 bps, 83.96%, Err 0 (0.0e+00)
483.841 .... 1582 packets received, 6704 bps, 83.80%, Err 0 (0.0e+00)
485.974 .... 1588 packets received, 6700 bps, 83.75%, Err 0 (0.0e+00)
488.099 .... 1594 packets received, 6696 bps, 83.70%, Err 0 (0.0e+00)
490.242 .... 1600 packets received, 6692 bps, 83.65%, Err 0 (0.0e+00)
492.360 .... 1606 packets received, 6688 bps, 83.60%, Err 0 (0.0e+00)
494.542 .... 1612 packets received, 6683 bps, 83.54%, Err 0 (0.0e+00)
496.652 .... 1618 packets received, 6680 bps, 83.50%, Err 0 (0.0e+00)
499.053 .... 1625 packets received, 6676 bps, 83.45%, Err 0 (0.0e+00)
501.203 .... 1631 packets received, 6672 bps, 83.40%, Err 0 (0.0e+00)
503.323 .... 1637 packets received, 6669 bps, 83.36%, Err 0 (0.0e+00)
504.247 ** WARNING: System too busy, sleep 15 ms, but be awakened 100 ms later
505.457 .... 1643 packets received, 6665 bps, 83.31%, Err 0 (0.0e+00)
507.866 .... 1650 packets received, 6661 bps, 83.27%, Err 0 (0.0e+00)
509.995 .... 1656 packets received, 6658 bps, 83.22%, Err 0 (0.0e+00)
512.119 .... 1662 packets received, 6654 bps, 83.17%, Err 0 (0.0e+00)
514.256 .... 1668 packets received, 6650 bps, 83.13%, Err 0 (0.0e+00)
516.406 .... 1674 packets received, 6646 bps, 83.08%, Err 0 (0.0e+00)
518.810 .... 1681 packets received, 6643 bps, 83.04%, Err 0 (0.0e+00)
520.931 .... 1687 packets received, 6640 bps, 83.00%, Err 0 (0.0e+00)
523.061 .... 1693 packets received, 6636 bps, 82.95%, Err 0 (0.0e+00)
524.301 ** WARNING: System too busy, sleep 15 ms, but be awakened 81 ms later
525.465 .... 1700 packets received, 6633 bps, 82.91%, Err 0 (0.0e+00)
527.588 .... 1706 packets received, 6630 bps, 82.87%, Err 0 (0.0e+00)
529.981 .... 1713 packets received, 6627 bps, 82.83%, Err 0 (0.0e+00)
532.133 .... 1719 packets received, 6623 bps, 82.79%, Err 0 (0.0e+00)
534.273 .... 1725 packets received, 6619 bps, 82.74%, Err 0 (0.0e+00)
536.405 .... 1731 packets received, 6616 bps, 82.70%, Err 0 (0.0e+00)
538.523 .... 1737 packets received, 6613 bps, 82.66%, Err 0 (0.0e+00)
540.684 .... 1743 packets received, 6609 bps, 82.61%, Err 0 (0.0e+00)
542.781 .... 1749 packets received, 6606 bps, 82.58%, Err 0 (0.0e+00)
544.925 .... 1755 packets received, 6603 bps, 82.54%, Err 0 (0.0e+00)
547.073 .... 1761 packets received, 6599 bps, 82.49%, Err 0 (0.0e+00)
549.194 .... 1767 packets received, 6596 bps, 82.45%, Err 0 (0.0e+00)
551.586 .... 1774 packets received, 6594 bps, 82.42%, Err 0 (0.0e+00)
553.722 .... 1780 packets received, 6590 bps, 82.38%, Err 0 (0.0e+00)
555.873 .... 1786 packets received, 6587 bps, 82.34%, Err 0 (0.0e+00)
557.987 .... 1792 packets received, 6584 bps, 82.30%, Err 0 (0.0e+00)
560.140 .... 1798 packets received, 6581 bps, 82.26%, Err 0 (0.0e+00)
562.277 .... 1804 packets received, 6577 bps, 82.22%, Err 0 (0.0e+00)
564.411 .... 1810 packets received, 6574 bps, 82.18%, Err 0 (0.0e+00)
566.807 .... 1817 packets received, 6572 bps, 82.15%, Err 0 (0.0e+00)
569.199 .... 1824 packets received, 6569 bps, 82.12%, Err 0 (0.0e+00)
571.330 .... 1830 packets received, 6566 bps, 82.08%, Err 0 (0.0e+00)
573.728 .... 1837 packets received, 6564 bps, 82.05%, Err 0 (0.0e+00)
575.887 .... 1843 packets received, 6561 bps, 82.01%, Err 0 (0.0e+00)
578.021 .... 1849 packets received, 6558 bps, 81.97%, Err 0 (0.0e+00)
580.167 .... 1855 packets received, 6555 bps, 81.93%, Err 0 (0.0e+00)
582.273 .... 1861 packets received, 6552 bps, 81.90%, Err 0 (0.0e+00)
584.414 .... 1867 packets received, 6549 bps, 81.86%, Err 0 (0.0e+00)
586.533 .... 1873 packets received, 6546 bps, 81.83%, Err 0 (0.0e+00)
588.676 .... 1879 packets received, 6543 bps, 81.79%, Err 0 (0.0e+00)
589.627 ** WARNING: System too busy, sleep 15 ms, but be awakened 76 ms later
590.840 .... 1885 packets received, 6540 bps, 81.75%, Err 0 (0.0e+00)
592.981 .... 1891 packets received, 6537 bps, 81.72%, Err 0 (0.0e+00)
595.094 .... 1897 packets received, 6535 bps, 81.68%, Err 0 (0.0e+00)
597.220 .... 1903 packets received, 6532 bps, 81.65%, Err 0 (0.0e+00)
599.369 .... 1909 packets received, 6529 bps, 81.61%, Err 0 (0.0e+00)
601.491 .... 1915 packets received, 6527 bps, 81.58%, Err 0 (0.0e+00)
603.630 .... 1921 packets received, 6524 bps, 81.55%, Err 0 (0.0e+00)
605.760 .... 1927 packets received, 6521 bps, 81.51%, Err 0 (0.0e+00)
607.890 .... 1933 packets received, 6519 bps, 81.48%, Err 0 (0.0e+00)
610.065 .... 1939 packets received, 6515 bps, 81.44%, Err 0 (0.0e+00)
612.147 .... 1945 packets received, 6513 bps, 81.42%, Err 0 (0.0e+00)
614.295 .... 1951 packets received, 6511 bps, 81.38%, Err 0 (0.0e+00)
616.440 .... 1957 packets received, 6508 bps, 81.35%, Err 0 (0.0e+00)
618.565 .... 1963 packets received, 6505 bps, 81.32%, Err 0 (0.0e+00)
620.704 .... 1969 packets received, 6503 bps, 81.28%, Err 0 (0.0e+00)
622.840 .... 1975 packets received, 6500 bps, 81.25%, Err 0 (0.0e+00)
624.947 .... 1981 packets received, 6498 bps, 81.22%, Err 0 (0.0e+00)
627.086 .... 1987 packets received, 6495 bps, 81.19%, Err 0 (0.0e+00)
629.240 .... 1993 packets received, 6493 bps, 81.16%, Err 0 (0.0e+00)
631.377 .... 1999 packets received, 6490 bps, 81.13%, Err 0 (0.0e+00)
633.494 .... 2005 packets received, 6488 bps, 81.10%, Err 0 (0.0e+00)
634.866 ** WARNING: System too busy, sleep 15 ms, but be awakened 68 ms later
635.636 .... 2011 packets received, 6485 bps, 81.07%, Err 0 (0.0e+00)
637.790 .... 2017 packets received, 6483 bps, 81.03%, Err 0 (0.0e+00)
639.954 .... 2023 packets received, 6480 bps, 81.00%, Err 0 (0.0e+00)
642.085 .... 2029 packets received, 6478 bps, 80.97%, Err 0 (0.0e+00)
644.189 .... 2035 packets received, 6475 bps, 80.94%, Err 0 (0.0e+00)
646.299 .... 2041 packets received, 6473 bps, 80.92%, Err 0 (0.0e+00)
648.448 .... 2047 packets received, 6471 bps, 80.88%, Err 0 (0.0e+00)
650.600 .... 2053 packets received, 6468 bps, 80.85%, Err 0 (0.0e+00)
652.731 .... 2059 packets received, 6466 bps, 80.82%, Err 0 (0.0e+00)
654.869 .... 2065 packets received, 6464 bps, 80.80%, Err 0 (0.0e+00)
656.998 .... 2071 packets received, 6461 bps, 80.77%, Err 0 (0.0e+00)
659.110 .... 2077 packets received, 6459 bps, 80.74%, Err 0 (0.0e+00)
661.257 .... 2083 packets received, 6457 bps, 80.71%, Err 0 (0.0e+00)
663.376 .... 2089 packets received, 6455 bps, 80.69%, Err 0 (0.0e+00)
665.044 ** WARNING: System too busy, sleep 15 ms, but be awakened 96 ms later
665.607 .... 2095 packets received, 6452 bps, 80.65%, Err 0 (0.0e+00)
667.729 .... 2101 packets received, 6450 bps, 80.62%, Err 0 (0.0e+00)
669.873 .... 2107 packets received, 6447 bps, 80.59%, Err 0 (0.0e+00)
671.987 .... 2113 packets received, 6445 bps, 80.57%, Err 0 (0.0e+00)
674.125 .... 2119 packets received, 6443 bps, 80.54%, Err 0 (0.0e+00)
676.257 .... 2125 packets received, 6441 bps, 80.51%, Err 0 (0.0e+00)
678.405 .... 2131 packets received, 6439 bps, 80.48%, Err 0 (0.0e+00)
680.528 .... 2137 packets received, 6437 bps, 80.46%, Err 0 (0.0e+00)
682.664 .... 2143 packets received, 6434 bps, 80.43%, Err 0 (0.0e+00)
684.807 .... 2149 packets received, 6432 bps, 80.40%, Err 0 (0.0e+00)
686.931 .... 2155 packets received, 6430 bps, 80.38%, Err 0 (0.0e+00)
689.057 .... 2161 packets received, 6428 bps, 80.35%, Err 0 (0.0e+00)
691.188 .... 2167 packets received, 6426 bps, 80.33%, Err 0 (0.0e+00)
693.322 .... 2173 packets received, 6424 bps, 80.30%, Err 0 (0.0e+00)
695.464 .... 2179 packets received, 6422 bps, 80.28%, Err 0 (0.0e+00)
697.601 .... 2185 packets received, 6420 bps, 80.25%, Err 0 (0.0e+00)
699.724 .... 2191 packets received, 6418 bps, 80.23%, Err 0 (0.0e+00)
700.029 Quit.
