000.000 =============================================================
000.000                     Station B                               
000.000 -------------------------------------------------------------
000.000 Protocol.lib, version 4.0, jiangyanjun0718@bupt.edu.cn
000.000 Channel: 8000 bps, 270 ms propagation delay, bit error rate 0
000.000 Log file "ufB.log", TCP port 30013, debug mask 0x00
000.000 Station B is connecting station A (TCP port 30013) ... Done.
000.640 New epoch: Wed May  8 15:28:05 2019
000.640 =================================================================
000.640 
000.640 Designed by CJSoft, build: May  8 2019  15:00:58
003.052 .... 8 packets received, 7628 bps, 95.34%, Err 0 (0.0e+00)
005.148 .... 16 packets received, 7721 bps, 96.51%, Err 0 (0.0e+00)
007.288 .... 24 packets received, 7699 bps, 96.24%, Err 0 (0.0e+00)
009.411 .... 32 packets received, 7704 bps, 96.30%, Err 0 (0.0e+00)
011.535 .... 40 packets received, 7706 bps, 96.32%, Err 0 (0.0e+00)
013.634 .... 48 packets received, 7722 bps, 96.53%, Err 0 (0.0e+00)
015.785 .... 56 packets received, 7707 bps, 96.34%, Err 0 (0.0e+00)
017.883 .... 64 packets received, 7720 bps, 96.50%, Err 0 (0.0e+00)
020.003 .... 72 packets received, 7721 bps, 96.51%, Err 0 (0.0e+00)
022.134 .... 80 packets received, 7717 bps, 96.47%, Err 0 (0.0e+00)
024.255 .... 88 packets received, 7718 bps, 96.48%, Err 0 (0.0e+00)
026.370 .... 96 packets received, 7720 bps, 96.51%, Err 0 (0.0e+00)
028.500 .... 104 packets received, 7718 bps, 96.48%, Err 0 (0.0e+00)
030.619 .... 112 packets received, 7719 bps, 96.49%, Err 0 (0.0e+00)
032.746 .... 120 packets received, 7718 bps, 96.48%, Err 0 (0.0e+00)
034.867 .... 128 packets received, 7719 bps, 96.48%, Err 0 (0.0e+00)
036.968 .... 136 packets received, 7723 bps, 96.54%, Err 0 (0.0e+00)
039.107 .... 144 packets received, 7720 bps, 96.50%, Err 0 (0.0e+00)
041.208 .... 152 packets received, 7724 bps, 96.55%, Err 0 (0.0e+00)
043.329 .... 160 packets received, 7724 bps, 96.55%, Err 0 (0.0e+00)
045.452 .... 168 packets received, 7723 bps, 96.54%, Err 0 (0.0e+00)
047.591 .... 176 packets received, 7721 bps, 96.51%, Err 0 (0.0e+00)
049.694 .... 184 packets received, 7724 bps, 96.54%, Err 0 (0.0e+00)
051.805 .... 192 packets received, 7725 bps, 96.56%, Err 0 (0.0e+00)
053.940 .... 200 packets received, 7723 bps, 96.54%, Err 0 (0.0e+00)
056.046 .... 208 packets received, 7725 bps, 96.57%, Err 0 (0.0e+00)
058.174 .... 216 packets received, 7724 bps, 96.55%, Err 0 (0.0e+00)
060.284 .... 224 packets received, 7726 bps, 96.57%, Err 0 (0.0e+00)
062.428 .... 232 packets received, 7723 bps, 96.53%, Err 0 (0.0e+00)
064.519 .... 240 packets received, 7726 bps, 96.58%, Err 0 (0.0e+00)
066.658 .... 248 packets received, 7724 bps, 96.55%, Err 0 (0.0e+00)
068.768 .... 256 packets received, 7726 bps, 96.57%, Err 0 (0.0e+00)
070.893 .... 264 packets received, 7725 bps, 96.56%, Err 0 (0.0e+00)
073.023 .... 272 packets received, 7724 bps, 96.55%, Err 0 (0.0e+00)
075.114 .... 280 packets received, 7727 bps, 96.59%, Err 0 (0.0e+00)
077.260 .... 288 packets received, 7725 bps, 96.56%, Err 0 (0.0e+00)
079.379 .... 296 packets received, 7725 bps, 96.56%, Err 0 (0.0e+00)
081.494 .... 304 packets received, 7725 bps, 96.57%, Err 0 (0.0e+00)
083.607 .... 312 packets received, 7726 bps, 96.58%, Err 0 (0.0e+00)
085.732 .... 320 packets received, 7726 bps, 96.57%, Err 0 (0.0e+00)
087.858 .... 328 packets received, 7725 bps, 96.57%, Err 0 (0.0e+00)
089.982 .... 336 packets received, 7725 bps, 96.56%, Err 0 (0.0e+00)
092.102 .... 344 packets received, 7725 bps, 96.56%, Err 0 (0.0e+00)
094.226 .... 352 packets received, 7725 bps, 96.56%, Err 0 (0.0e+00)
096.338 .... 360 packets received, 7726 bps, 96.57%, Err 0 (0.0e+00)
098.458 .... 368 packets received, 7726 bps, 96.57%, Err 0 (0.0e+00)
100.556 .... 376 packets received, 7727 bps, 96.59%, Err 0 (0.0e+00)
102.695 .... 384 packets received, 7726 bps, 96.57%, Err 0 (0.0e+00)
104.819 .... 392 packets received, 7726 bps, 96.57%, Err 0 (0.0e+00)
106.963 .... 400 packets received, 7724 bps, 96.55%, Err 0 (0.0e+00)
109.053 .... 408 packets received, 7726 bps, 96.58%, Err 0 (0.0e+00)
111.201 .... 416 packets received, 7724 bps, 96.55%, Err 0 (0.0e+00)
113.305 .... 424 packets received, 7725 bps, 96.57%, Err 0 (0.0e+00)
115.417 .... 432 packets received, 7726 bps, 96.58%, Err 0 (0.0e+00)
117.540 .... 440 packets received, 7726 bps, 96.57%, Err 0 (0.0e+00)
119.681 .... 448 packets received, 7725 bps, 96.56%, Err 0 (0.0e+00)
121.773 .... 456 packets received, 7726 bps, 96.58%, Err 0 (0.0e+00)
123.911 .... 464 packets received, 7725 bps, 96.57%, Err 0 (0.0e+00)
126.037 .... 472 packets received, 7725 bps, 96.56%, Err 0 (0.0e+00)
128.157 .... 480 packets received, 7725 bps, 96.56%, Err 0 (0.0e+00)
130.276 .... 488 packets received, 7725 bps, 96.56%, Err 0 (0.0e+00)
132.398 .... 496 packets received, 7725 bps, 96.56%, Err 0 (0.0e+00)
134.506 .... 504 packets received, 7726 bps, 96.57%, Err 0 (0.0e+00)
136.631 .... 512 packets received, 7726 bps, 96.57%, Err 0 (0.0e+00)
138.746 .... 520 packets received, 7726 bps, 96.57%, Err 0 (0.0e+00)
140.869 .... 528 packets received, 7726 bps, 96.57%, Err 0 (0.0e+00)
142.991 .... 536 packets received, 7726 bps, 96.57%, Err 0 (0.0e+00)
145.107 .... 544 packets received, 7726 bps, 96.57%, Err 0 (0.0e+00)
147.234 .... 552 packets received, 7726 bps, 96.57%, Err 0 (0.0e+00)
149.338 .... 560 packets received, 7727 bps, 96.58%, Err 0 (0.0e+00)
151.468 .... 568 packets received, 7726 bps, 96.58%, Err 0 (0.0e+00)
153.604 .... 576 packets received, 7725 bps, 96.57%, Err 0 (0.0e+00)
155.691 .... 584 packets received, 7727 bps, 96.59%, Err 0 (0.0e+00)
157.848 .... 592 packets received, 7725 bps, 96.56%, Err 0 (0.0e+00)
159.952 .... 600 packets received, 7726 bps, 96.57%, Err 0 (0.0e+00)
162.050 .... 608 packets received, 7727 bps, 96.59%, Err 0 (0.0e+00)
164.175 .... 616 packets received, 7727 bps, 96.59%, Err 0 (0.0e+00)
166.308 .... 624 packets received, 7726 bps, 96.58%, Err 0 (0.0e+00)
168.421 .... 632 packets received, 7727 bps, 96.58%, Err 0 (0.0e+00)
170.563 .... 640 packets received, 7726 bps, 96.57%, Err 0 (0.0e+00)
172.660 .... 648 packets received, 7727 bps, 96.58%, Err 0 (0.0e+00)
174.799 .... 656 packets received, 7726 bps, 96.57%, Err 0 (0.0e+00)
176.909 .... 664 packets received, 7726 bps, 96.58%, Err 0 (0.0e+00)
179.040 .... 672 packets received, 7726 bps, 96.57%, Err 0 (0.0e+00)
181.160 .... 680 packets received, 7726 bps, 96.57%, Err 0 (0.0e+00)
183.270 .... 688 packets received, 7726 bps, 96.58%, Err 0 (0.0e+00)
185.387 .... 696 packets received, 7727 bps, 96.58%, Err 0 (0.0e+00)
187.503 .... 704 packets received, 7727 bps, 96.58%, Err 0 (0.0e+00)
189.615 .... 712 packets received, 7727 bps, 96.59%, Err 0 (0.0e+00)
191.741 .... 720 packets received, 7727 bps, 96.59%, Err 0 (0.0e+00)
193.871 .... 728 packets received, 7726 bps, 96.58%, Err 0 (0.0e+00)
195.993 .... 736 packets received, 7726 bps, 96.58%, Err 0 (0.0e+00)
198.105 .... 744 packets received, 7727 bps, 96.58%, Err 0 (0.0e+00)
200.229 .... 752 packets received, 7727 bps, 96.58%, Err 0 (0.0e+00)
202.363 .... 760 packets received, 7726 bps, 96.58%, Err 0 (0.0e+00)
204.475 .... 768 packets received, 7726 bps, 96.58%, Err 0 (0.0e+00)
206.586 .... 776 packets received, 7727 bps, 96.58%, Err 0 (0.0e+00)
208.724 .... 784 packets received, 7726 bps, 96.58%, Err 0 (0.0e+00)
210.822 .... 792 packets received, 7727 bps, 96.59%, Err 0 (0.0e+00)
212.950 .... 800 packets received, 7727 bps, 96.58%, Err 0 (0.0e+00)
215.073 .... 808 packets received, 7727 bps, 96.58%, Err 0 (0.0e+00)
217.198 .... 816 packets received, 7726 bps, 96.58%, Err 0 (0.0e+00)
219.311 .... 824 packets received, 7727 bps, 96.58%, Err 0 (0.0e+00)
221.439 .... 832 packets received, 7726 bps, 96.58%, Err 0 (0.0e+00)
223.550 .... 840 packets received, 7727 bps, 96.58%, Err 0 (0.0e+00)
225.663 .... 848 packets received, 7727 bps, 96.59%, Err 0 (0.0e+00)
227.791 .... 856 packets received, 7727 bps, 96.58%, Err 0 (0.0e+00)
229.923 .... 864 packets received, 7726 bps, 96.58%, Err 0 (0.0e+00)
232.034 .... 872 packets received, 7727 bps, 96.58%, Err 0 (0.0e+00)
234.152 .... 880 packets received, 7727 bps, 96.58%, Err 0 (0.0e+00)
236.276 .... 888 packets received, 7727 bps, 96.58%, Err 0 (0.0e+00)
238.389 .... 896 packets received, 7727 bps, 96.59%, Err 0 (0.0e+00)
240.512 .... 904 packets received, 7727 bps, 96.58%, Err 0 (0.0e+00)
242.606 .... 912 packets received, 7728 bps, 96.59%, Err 0 (0.0e+00)
244.751 .... 920 packets received, 7727 bps, 96.59%, Err 0 (0.0e+00)
246.860 .... 928 packets received, 7727 bps, 96.59%, Err 0 (0.0e+00)
248.992 .... 936 packets received, 7727 bps, 96.59%, Err 0 (0.0e+00)
251.110 .... 944 packets received, 7727 bps, 96.59%, Err 0 (0.0e+00)
253.233 .... 952 packets received, 7727 bps, 96.59%, Err 0 (0.0e+00)
255.353 .... 960 packets received, 7727 bps, 96.59%, Err 0 (0.0e+00)
257.490 .... 968 packets received, 7726 bps, 96.58%, Err 0 (0.0e+00)
259.591 .... 976 packets received, 7727 bps, 96.59%, Err 0 (0.0e+00)
261.723 .... 984 packets received, 7727 bps, 96.58%, Err 0 (0.0e+00)
263.816 .... 992 packets received, 7727 bps, 96.59%, Err 0 (0.0e+00)
265.946 .... 1000 packets received, 7727 bps, 96.59%, Err 0 (0.0e+00)
268.068 .... 1008 packets received, 7727 bps, 96.59%, Err 0 (0.0e+00)
270.208 .... 1016 packets received, 7726 bps, 96.58%, Err 0 (0.0e+00)
272.327 .... 1024 packets received, 7727 bps, 96.58%, Err 0 (0.0e+00)
274.427 .... 1032 packets received, 7727 bps, 96.59%, Err 0 (0.0e+00)
276.560 .... 1040 packets received, 7727 bps, 96.58%, Err 0 (0.0e+00)
278.674 .... 1048 packets received, 7727 bps, 96.59%, Err 0 (0.0e+00)
280.787 .... 1056 packets received, 7727 bps, 96.59%, Err 0 (0.0e+00)
282.922 .... 1064 packets received, 7727 bps, 96.58%, Err 0 (0.0e+00)
285.032 .... 1072 packets received, 7727 bps, 96.59%, Err 0 (0.0e+00)
287.157 .... 1080 packets received, 7727 bps, 96.59%, Err 0 (0.0e+00)
289.262 .... 1088 packets received, 7727 bps, 96.59%, Err 0 (0.0e+00)
291.374 .... 1096 packets received, 7728 bps, 96.59%, Err 0 (0.0e+00)
293.502 .... 1104 packets received, 7727 bps, 96.59%, Err 0 (0.0e+00)
295.616 .... 1112 packets received, 7727 bps, 96.59%, Err 0 (0.0e+00)
297.756 .... 1120 packets received, 7727 bps, 96.59%, Err 0 (0.0e+00)
299.866 .... 1128 packets received, 7727 bps, 96.59%, Err 0 (0.0e+00)
301.990 .... 1136 packets received, 7727 bps, 96.59%, Err 0 (0.0e+00)
304.107 .... 1144 packets received, 7727 bps, 96.59%, Err 0 (0.0e+00)
306.225 .... 1152 packets received, 7727 bps, 96.59%, Err 0 (0.0e+00)
308.335 .... 1160 packets received, 7728 bps, 96.59%, Err 0 (0.0e+00)
310.466 .... 1168 packets received, 7727 bps, 96.59%, Err 0 (0.0e+00)
312.574 .... 1176 packets received, 7728 bps, 96.59%, Err 0 (0.0e+00)
314.723 .... 1184 packets received, 7727 bps, 96.59%, Err 0 (0.0e+00)
316.826 .... 1192 packets received, 7727 bps, 96.59%, Err 0 (0.0e+00)
318.960 .... 1200 packets received, 7727 bps, 96.59%, Err 0 (0.0e+00)
321.069 .... 1208 packets received, 7727 bps, 96.59%, Err 0 (0.0e+00)
323.190 .... 1216 packets received, 7727 bps, 96.59%, Err 0 (0.0e+00)
325.305 .... 1224 packets received, 7727 bps, 96.59%, Err 0 (0.0e+00)
327.445 .... 1232 packets received, 7727 bps, 96.59%, Err 0 (0.0e+00)
329.553 .... 1240 packets received, 7727 bps, 96.59%, Err 0 (0.0e+00)
331.669 .... 1248 packets received, 7727 bps, 96.59%, Err 0 (0.0e+00)
333.800 .... 1256 packets received, 7727 bps, 96.59%, Err 0 (0.0e+00)
335.923 .... 1264 packets received, 7727 bps, 96.59%, Err 0 (0.0e+00)
338.050 .... 1272 packets received, 7727 bps, 96.58%, Err 0 (0.0e+00)
340.133 .... 1280 packets received, 7728 bps, 96.60%, Err 0 (0.0e+00)
342.270 .... 1288 packets received, 7727 bps, 96.59%, Err 0 (0.0e+00)
344.397 .... 1296 packets received, 7727 bps, 96.59%, Err 0 (0.0e+00)
346.496 .... 1304 packets received, 7728 bps, 96.59%, Err 0 (0.0e+00)
348.621 .... 1312 packets received, 7727 bps, 96.59%, Err 0 (0.0e+00)
350.749 .... 1320 packets received, 7727 bps, 96.59%, Err 0 (0.0e+00)
352.858 .... 1328 packets received, 7728 bps, 96.59%, Err 0 (0.0e+00)
354.980 .... 1336 packets received, 7728 bps, 96.59%, Err 0 (0.0e+00)
357.124 .... 1344 packets received, 7727 bps, 96.59%, Err 0 (0.0e+00)
359.248 .... 1352 packets received, 7727 bps, 96.59%, Err 0 (0.0e+00)
361.353 .... 1360 packets received, 7727 bps, 96.59%, Err 0 (0.0e+00)
363.452 .... 1368 packets received, 7728 bps, 96.60%, Err 0 (0.0e+00)
365.586 .... 1376 packets received, 7727 bps, 96.59%, Err 0 (0.0e+00)
367.701 .... 1384 packets received, 7728 bps, 96.59%, Err 0 (0.0e+00)
369.825 .... 1392 packets received, 7727 bps, 96.59%, Err 0 (0.0e+00)
371.943 .... 1400 packets received, 7727 bps, 96.59%, Err 0 (0.0e+00)
374.054 .... 1408 packets received, 7728 bps, 96.60%, Err 0 (0.0e+00)
376.195 .... 1416 packets received, 7727 bps, 96.59%, Err 0 (0.0e+00)
378.315 .... 1424 packets received, 7727 bps, 96.59%, Err 0 (0.0e+00)
380.437 .... 1432 packets received, 7727 bps, 96.59%, Err 0 (0.0e+00)
382.566 .... 1440 packets received, 7727 bps, 96.59%, Err 0 (0.0e+00)
384.678 .... 1448 packets received, 7727 bps, 96.59%, Err 0 (0.0e+00)
386.769 .... 1456 packets received, 7728 bps, 96.60%, Err 0 (0.0e+00)
388.897 .... 1464 packets received, 7728 bps, 96.60%, Err 0 (0.0e+00)
391.018 .... 1472 packets received, 7728 bps, 96.60%, Err 0 (0.0e+00)
393.150 .... 1480 packets received, 7727 bps, 96.59%, Err 0 (0.0e+00)
395.260 .... 1488 packets received, 7728 bps, 96.59%, Err 0 (0.0e+00)
397.404 .... 1496 packets received, 7727 bps, 96.59%, Err 0 (0.0e+00)
399.503 .... 1504 packets received, 7728 bps, 96.59%, Err 0 (0.0e+00)
401.624 .... 1512 packets received, 7728 bps, 96.59%, Err 0 (0.0e+00)
403.743 .... 1520 packets received, 7728 bps, 96.59%, Err 0 (0.0e+00)
405.858 .... 1528 packets received, 7728 bps, 96.60%, Err 0 (0.0e+00)
407.996 .... 1536 packets received, 7727 bps, 96.59%, Err 0 (0.0e+00)
410.107 .... 1544 packets received, 7727 bps, 96.59%, Err 0 (0.0e+00)
412.205 .... 1552 packets received, 7728 bps, 96.60%, Err 0 (0.0e+00)
414.353 .... 1560 packets received, 7727 bps, 96.59%, Err 0 (0.0e+00)
416.477 .... 1568 packets received, 7727 bps, 96.59%, Err 0 (0.0e+00)
418.579 .... 1576 packets received, 7728 bps, 96.60%, Err 0 (0.0e+00)
420.708 .... 1584 packets received, 7727 bps, 96.59%, Err 0 (0.0e+00)
422.839 .... 1592 packets received, 7727 bps, 96.59%, Err 0 (0.0e+00)
424.971 .... 1600 packets received, 7727 bps, 96.59%, Err 0 (0.0e+00)
427.079 .... 1608 packets received, 7727 bps, 96.59%, Err 0 (0.0e+00)
429.200 .... 1616 packets received, 7727 bps, 96.59%, Err 0 (0.0e+00)
431.301 .... 1624 packets received, 7728 bps, 96.60%, Err 0 (0.0e+00)
433.438 .... 1632 packets received, 7727 bps, 96.59%, Err 0 (0.0e+00)
435.567 .... 1640 packets received, 7727 bps, 96.59%, Err 0 (0.0e+00)
437.684 .... 1648 packets received, 7727 bps, 96.59%, Err 0 (0.0e+00)
439.792 .... 1656 packets received, 7727 bps, 96.59%, Err 0 (0.0e+00)
441.920 .... 1664 packets received, 7727 bps, 96.59%, Err 0 (0.0e+00)
444.036 .... 1672 packets received, 7727 bps, 96.59%, Err 0 (0.0e+00)
446.139 .... 1680 packets received, 7728 bps, 96.60%, Err 0 (0.0e+00)
448.263 .... 1688 packets received, 7728 bps, 96.60%, Err 0 (0.0e+00)
450.383 .... 1696 packets received, 7728 bps, 96.60%, Err 0 (0.0e+00)
452.502 .... 1704 packets received, 7728 bps, 96.60%, Err 0 (0.0e+00)
454.615 .... 1712 packets received, 7728 bps, 96.60%, Err 0 (0.0e+00)
456.739 .... 1720 packets received, 7728 bps, 96.60%, Err 0 (0.0e+00)
458.877 .... 1728 packets received, 7727 bps, 96.59%, Err 0 (0.0e+00)
460.978 .... 1736 packets received, 7728 bps, 96.60%, Err 0 (0.0e+00)
463.113 .... 1744 packets received, 7727 bps, 96.59%, Err 0 (0.0e+00)
465.225 .... 1752 packets received, 7728 bps, 96.60%, Err 0 (0.0e+00)
467.351 .... 1760 packets received, 7728 bps, 96.59%, Err 0 (0.0e+00)
469.459 .... 1768 packets received, 7728 bps, 96.60%, Err 0 (0.0e+00)
471.586 .... 1776 packets received, 7728 bps, 96.60%, Err 0 (0.0e+00)
473.703 .... 1784 packets received, 7728 bps, 96.60%, Err 0 (0.0e+00)
475.829 .... 1792 packets received, 7728 bps, 96.59%, Err 0 (0.0e+00)
477.953 .... 1800 packets received, 7728 bps, 96.59%, Err 0 (0.0e+00)
480.077 .... 1808 packets received, 7727 bps, 96.59%, Err 0 (0.0e+00)
482.200 .... 1816 packets received, 7727 bps, 96.59%, Err 0 (0.0e+00)
484.301 .... 1824 packets received, 7728 bps, 96.60%, Err 0 (0.0e+00)
486.421 .... 1832 packets received, 7728 bps, 96.60%, Err 0 (0.0e+00)
488.556 .... 1840 packets received, 7727 bps, 96.59%, Err 0 (0.0e+00)
490.668 .... 1848 packets received, 7728 bps, 96.60%, Err 0 (0.0e+00)
492.798 .... 1856 packets received, 7727 bps, 96.59%, Err 0 (0.0e+00)
494.930 .... 1864 packets received, 7727 bps, 96.59%, Err 0 (0.0e+00)
497.026 .... 1872 packets received, 7728 bps, 96.60%, Err 0 (0.0e+00)
499.146 .... 1880 packets received, 7728 bps, 96.60%, Err 0 (0.0e+00)
501.266 .... 1888 packets received, 7728 bps, 96.60%, Err 0 (0.0e+00)
503.385 .... 1896 packets received, 7728 bps, 96.60%, Err 0 (0.0e+00)
505.499 .... 1904 packets received, 7728 bps, 96.60%, Err 0 (0.0e+00)
507.634 .... 1912 packets received, 7728 bps, 96.59%, Err 0 (0.0e+00)
509.750 .... 1920 packets received, 7728 bps, 96.60%, Err 0 (0.0e+00)
511.871 .... 1928 packets received, 7728 bps, 96.59%, Err 0 (0.0e+00)
513.987 .... 1936 packets received, 7728 bps, 96.60%, Err 0 (0.0e+00)
516.118 .... 1944 packets received, 7727 bps, 96.59%, Err 0 (0.0e+00)
518.247 .... 1952 packets received, 7727 bps, 96.59%, Err 0 (0.0e+00)
520.345 .... 1960 packets received, 7728 bps, 96.60%, Err 0 (0.0e+00)
522.487 .... 1968 packets received, 7727 bps, 96.59%, Err 0 (0.0e+00)
524.596 .... 1976 packets received, 7728 bps, 96.59%, Err 0 (0.0e+00)
526.729 .... 1984 packets received, 7727 bps, 96.59%, Err 0 (0.0e+00)
528.835 .... 1992 packets received, 7728 bps, 96.59%, Err 0 (0.0e+00)
530.946 .... 2000 packets received, 7728 bps, 96.60%, Err 0 (0.0e+00)
533.069 .... 2008 packets received, 7728 bps, 96.60%, Err 0 (0.0e+00)
535.188 .... 2016 packets received, 7728 bps, 96.60%, Err 0 (0.0e+00)
537.338 .... 2024 packets received, 7727 bps, 96.59%, Err 0 (0.0e+00)
539.414 .... 2032 packets received, 7728 bps, 96.60%, Err 0 (0.0e+00)
541.536 .... 2040 packets received, 7728 bps, 96.60%, Err 0 (0.0e+00)
543.680 .... 2048 packets received, 7728 bps, 96.59%, Err 0 (0.0e+00)
545.798 .... 2056 packets received, 7728 bps, 96.59%, Err 0 (0.0e+00)
547.913 .... 2064 packets received, 7728 bps, 96.60%, Err 0 (0.0e+00)
550.023 .... 2072 packets received, 7728 bps, 96.60%, Err 0 (0.0e+00)
552.151 .... 2080 packets received, 7728 bps, 96.60%, Err 0 (0.0e+00)
554.267 .... 2088 packets received, 7728 bps, 96.60%, Err 0 (0.0e+00)
556.399 .... 2096 packets received, 7728 bps, 96.59%, Err 0 (0.0e+00)
558.512 .... 2104 packets received, 7728 bps, 96.60%, Err 0 (0.0e+00)
560.632 .... 2112 packets received, 7728 bps, 96.60%, Err 0 (0.0e+00)
562.751 .... 2120 packets received, 7728 bps, 96.60%, Err 0 (0.0e+00)
564.878 .... 2128 packets received, 7728 bps, 96.59%, Err 0 (0.0e+00)
567.002 .... 2136 packets received, 7728 bps, 96.59%, Err 0 (0.0e+00)
569.099 .... 2144 packets received, 7728 bps, 96.60%, Err 0 (0.0e+00)
571.222 .... 2152 packets received, 7728 bps, 96.60%, Err 0 (0.0e+00)
573.351 .... 2160 packets received, 7728 bps, 96.60%, Err 0 (0.0e+00)
575.466 .... 2168 packets received, 7728 bps, 96.60%, Err 0 (0.0e+00)
577.584 .... 2176 packets received, 7728 bps, 96.60%, Err 0 (0.0e+00)
579.705 .... 2184 packets received, 7728 bps, 96.60%, Err 0 (0.0e+00)
581.833 .... 2192 packets received, 7728 bps, 96.60%, Err 0 (0.0e+00)
583.948 .... 2200 packets received, 7728 bps, 96.60%, Err 0 (0.0e+00)
586.053 .... 2208 packets received, 7728 bps, 96.60%, Err 0 (0.0e+00)
588.182 .... 2216 packets received, 7728 bps, 96.60%, Err 0 (0.0e+00)
590.321 .... 2224 packets received, 7728 bps, 96.59%, Err 0 (0.0e+00)
592.427 .... 2232 packets received, 7728 bps, 96.60%, Err 0 (0.0e+00)
594.561 .... 2240 packets received, 7728 bps, 96.59%, Err 0 (0.0e+00)
596.663 .... 2248 packets received, 7728 bps, 96.60%, Err 0 (0.0e+00)
598.787 .... 2256 packets received, 7728 bps, 96.60%, Err 0 (0.0e+00)
600.910 .... 2264 packets received, 7728 bps, 96.60%, Err 0 (0.0e+00)
603.029 .... 2272 packets received, 7728 bps, 96.60%, Err 0 (0.0e+00)
605.152 .... 2280 packets received, 7728 bps, 96.60%, Err 0 (0.0e+00)
607.258 .... 2288 packets received, 7728 bps, 96.60%, Err 0 (0.0e+00)
609.385 .... 2296 packets received, 7728 bps, 96.60%, Err 0 (0.0e+00)
611.494 .... 2304 packets received, 7728 bps, 96.60%, Err 0 (0.0e+00)
613.624 .... 2312 packets received, 7728 bps, 96.60%, Err 0 (0.0e+00)
615.753 .... 2320 packets received, 7728 bps, 96.60%, Err 0 (0.0e+00)
617.865 .... 2328 packets received, 7728 bps, 96.60%, Err 0 (0.0e+00)
619.994 .... 2336 packets received, 7728 bps, 96.60%, Err 0 (0.0e+00)
622.116 .... 2344 packets received, 7728 bps, 96.60%, Err 0 (0.0e+00)
624.232 .... 2352 packets received, 7728 bps, 96.60%, Err 0 (0.0e+00)
626.354 .... 2360 packets received, 7728 bps, 96.60%, Err 0 (0.0e+00)
628.470 .... 2368 packets received, 7728 bps, 96.60%, Err 0 (0.0e+00)
630.576 .... 2376 packets received, 7728 bps, 96.60%, Err 0 (0.0e+00)
632.722 .... 2384 packets received, 7728 bps, 96.59%, Err 0 (0.0e+00)
634.816 .... 2392 packets received, 7728 bps, 96.60%, Err 0 (0.0e+00)
636.937 .... 2400 packets received, 7728 bps, 96.60%, Err 0 (0.0e+00)
639.067 .... 2408 packets received, 7728 bps, 96.60%, Err 0 (0.0e+00)
641.193 .... 2416 packets received, 7728 bps, 96.60%, Err 0 (0.0e+00)
643.314 .... 2424 packets received, 7728 bps, 96.60%, Err 0 (0.0e+00)
645.430 .... 2432 packets received, 7728 bps, 96.60%, Err 0 (0.0e+00)
647.538 .... 2440 packets received, 7728 bps, 96.60%, Err 0 (0.0e+00)
649.683 .... 2448 packets received, 7728 bps, 96.59%, Err 0 (0.0e+00)
651.789 .... 2456 packets received, 7728 bps, 96.60%, Err 0 (0.0e+00)
653.914 .... 2464 packets received, 7728 bps, 96.60%, Err 0 (0.0e+00)
656.030 .... 2472 packets received, 7728 bps, 96.60%, Err 0 (0.0e+00)
658.150 .... 2480 packets received, 7728 bps, 96.60%, Err 0 (0.0e+00)
660.268 .... 2488 packets received, 7728 bps, 96.60%, Err 0 (0.0e+00)
662.373 .... 2496 packets received, 7728 bps, 96.60%, Err 0 (0.0e+00)
664.505 .... 2504 packets received, 7728 bps, 96.60%, Err 0 (0.0e+00)
666.614 .... 2512 packets received, 7728 bps, 96.60%, Err 0 (0.0e+00)
668.752 .... 2520 packets received, 7728 bps, 96.60%, Err 0 (0.0e+00)
670.881 .... 2528 packets received, 7728 bps, 96.60%, Err 0 (0.0e+00)
672.973 .... 2536 packets received, 7728 bps, 96.60%, Err 0 (0.0e+00)
675.097 .... 2544 packets received, 7728 bps, 96.60%, Err 0 (0.0e+00)
677.215 .... 2552 packets received, 7728 bps, 96.60%, Err 0 (0.0e+00)
679.345 .... 2560 packets received, 7728 bps, 96.60%, Err 0 (0.0e+00)
681.481 .... 2568 packets received, 7728 bps, 96.60%, Err 0 (0.0e+00)
683.572 .... 2576 packets received, 7728 bps, 96.60%, Err 0 (0.0e+00)
685.707 .... 2584 packets received, 7728 bps, 96.60%, Err 0 (0.0e+00)
687.828 .... 2592 packets received, 7728 bps, 96.60%, Err 0 (0.0e+00)
689.956 .... 2600 packets received, 7728 bps, 96.60%, Err 0 (0.0e+00)
692.073 .... 2608 packets received, 7728 bps, 96.60%, Err 0 (0.0e+00)
694.186 .... 2616 packets received, 7728 bps, 96.60%, Err 0 (0.0e+00)
696.294 .... 2624 packets received, 7728 bps, 96.60%, Err 0 (0.0e+00)
698.433 .... 2632 packets received, 7728 bps, 96.60%, Err 0 (0.0e+00)
700.025 Quit.
