000.000 =============================================================
000.000                     Station B                               
000.000 -------------------------------------------------------------
000.000 Protocol.lib, version 4.0, jiangyanjun0718@bupt.edu.cn
000.000 Channel: 8000 bps, 270 ms propagation delay, bit error rate 1.0E-05
000.000 Log file "B.log", TCP port 30011, debug mask 0x00
000.000 Station B is connecting station A (TCP port 30011) ... Done.
000.679 New epoch: Tue May  7 21:45:59 2019
000.679 =================================================================
000.679 
000.679 Designed by CJSoft, build: May  7 2019  21:45:55
003.108 .... 8 packets received, 7635 bps, 95.43%, Err 0 (0.0e+00)
005.214 .... 16 packets received, 7706 bps, 96.33%, Err 1 (2.8e-05)
007.338 .... 23 packets received, 7388 bps, 92.35%, Err 1 (1.9e-05)
009.450 .... 31 packets received, 7480 bps, 93.50%, Err 1 (1.4e-05)
011.584 .... 39 packets received, 7519 bps, 93.99%, Err 1 (1.1e-05)
013.688 .... 47 packets received, 7564 bps, 94.55%, Err 1 (9.6e-06)
016.868 .... 55 packets received, 7082 bps, 88.52%, Err 2 (1.5e-05)
018.976 .... 66 packets received, 7503 bps, 93.79%, Err 2 (1.4e-05)
021.107 .... 74 packets received, 7523 bps, 94.04%, Err 2 (1.2e-05)
023.292 .... 82 packets received, 7521 bps, 94.01%, Err 3 (1.7e-05)
025.345 .... 89 packets received, 7475 bps, 93.44%, Err 3 (1.5e-05)
027.473 .... 97 packets received, 7493 bps, 93.67%, Err 3 (1.4e-05)
029.585 .... 105 packets received, 7513 bps, 93.91%, Err 3 (1.3e-05)
031.775 .... 113 packets received, 7511 bps, 93.88%, Err 3 (1.2e-05)
034.411 .... 119 packets received, 7286 bps, 91.08%, Err 4 (1.5e-05)
036.525 .... 130 packets received, 7486 bps, 93.58%, Err 4 (1.4e-05)
038.660 .... 138 packets received, 7497 bps, 93.71%, Err 4 (1.3e-05)
040.765 .... 146 packets received, 7512 bps, 93.90%, Err 4 (1.2e-05)
042.901 .... 154 packets received, 7520 bps, 94.00%, Err 4 (1.2e-05)
045.020 .... 162 packets received, 7530 bps, 94.13%, Err 4 (1.1e-05)
047.141 .... 170 packets received, 7539 bps, 94.24%, Err 4 (1.1e-05)
049.239 .... 178 packets received, 7551 bps, 94.39%, Err 4 (1.0e-05)
051.382 .... 186 packets received, 7555 bps, 94.44%, Err 4 (9.9e-06)
053.494 .... 194 packets received, 7563 bps, 94.54%, Err 4 (9.5e-06)
055.615 .... 202 packets received, 7570 bps, 94.62%, Err 4 (9.1e-06)
057.727 .... 210 packets received, 7576 bps, 94.71%, Err 4 (8.8e-06)
059.864 .... 218 packets received, 7580 bps, 94.75%, Err 5 (1.1e-05)
061.969 .... 225 packets received, 7553 bps, 94.42%, Err 5 (1.0e-05)
064.093 .... 233 packets received, 7559 bps, 94.48%, Err 5 (9.9e-06)
066.241 .... 241 packets received, 7561 bps, 94.51%, Err 5 (9.5e-06)
069.397 .... 249 packets received, 7452 bps, 93.15%, Err 6 (1.1e-05)
071.514 .... 260 packets received, 7547 bps, 94.34%, Err 6 (1.1e-05)
073.649 .... 268 packets received, 7551 bps, 94.39%, Err 6 (1.0e-05)
075.771 .... 276 packets received, 7556 bps, 94.45%, Err 6 (1.0e-05)
077.892 .... 284 packets received, 7561 bps, 94.51%, Err 6 (9.7e-06)
080.010 .... 292 packets received, 7565 bps, 94.57%, Err 6 (9.5e-06)
082.152 .... 300 packets received, 7567 bps, 94.59%, Err 6 (9.2e-06)
084.246 .... 308 packets received, 7574 bps, 94.67%, Err 6 (9.0e-06)
086.382 .... 316 packets received, 7576 bps, 94.70%, Err 6 (8.8e-06)
088.490 .... 320 packets received, 7487 bps, 93.59%, Err 7 (1.0e-05)
090.615 .... 331 packets received, 7561 bps, 94.52%, Err 7 (9.7e-06)
092.750 .... 339 packets received, 7564 bps, 94.55%, Err 7 (9.5e-06)
094.867 .... 347 packets received, 7568 bps, 94.60%, Err 7 (9.3e-06)
096.991 .... 355 packets received, 7571 bps, 94.64%, Err 7 (9.1e-06)
099.087 .... 363 packets received, 7576 bps, 94.70%, Err 7 (8.9e-06)
101.233 .... 371 packets received, 7578 bps, 94.72%, Err 7 (8.7e-06)
103.340 .... 379 packets received, 7582 bps, 94.77%, Err 7 (8.5e-06)
105.463 .... 387 packets received, 7584 bps, 94.80%, Err 7 (8.4e-06)
107.569 .... 395 packets received, 7588 bps, 94.85%, Err 7 (8.2e-06)
109.705 .... 403 packets received, 7590 bps, 94.87%, Err 7 (8.0e-06)
111.815 .... 411 packets received, 7593 bps, 94.91%, Err 7 (7.9e-06)
113.952 .... 419 packets received, 7595 bps, 94.93%, Err 7 (7.7e-06)
116.067 .... 426 packets received, 7580 bps, 94.74%, Err 8 (8.7e-06)
118.191 .... 434 packets received, 7582 bps, 94.78%, Err 8 (8.5e-06)
120.307 .... 442 packets received, 7585 bps, 94.81%, Err 8 (8.4e-06)
122.431 .... 450 packets received, 7587 bps, 94.84%, Err 8 (8.2e-06)
124.542 .... 458 packets received, 7590 bps, 94.88%, Err 9 (9.1e-06)
126.678 .... 466 packets received, 7591 bps, 94.89%, Err 9 (8.9e-06)
129.319 .... 472 packets received, 7531 bps, 94.14%, Err 10 (9.7e-06)
131.442 .... 483 packets received, 7581 bps, 94.76%, Err 10 (9.6e-06)
133.551 .... 491 packets received, 7584 bps, 94.80%, Err 10 (9.4e-06)
135.696 .... 499 packets received, 7585 bps, 94.81%, Err 10 (9.3e-06)
137.800 .... 507 packets received, 7588 bps, 94.85%, Err 10 (9.1e-06)
139.920 .... 515 packets received, 7590 bps, 94.88%, Err 10 (9.0e-06)
142.032 .... 523 packets received, 7593 bps, 94.91%, Err 10 (8.8e-06)
144.163 .... 531 packets received, 7594 bps, 94.93%, Err 10 (8.7e-06)
146.278 .... 539 packets received, 7596 bps, 94.95%, Err 10 (8.6e-06)
148.392 .... 547 packets received, 7599 bps, 94.98%, Err 11 (9.3e-06)
150.516 .... 555 packets received, 7600 bps, 95.00%, Err 11 (9.2e-06)
152.653 .... 563 packets received, 7601 bps, 95.01%, Err 11 (9.1e-06)
154.754 .... 571 packets received, 7604 bps, 95.05%, Err 11 (8.9e-06)
156.877 .... 579 packets received, 7605 bps, 95.07%, Err 11 (8.8e-06)
158.996 .... 587 packets received, 7607 bps, 95.09%, Err 11 (8.7e-06)
162.184 .... 592 packets received, 7520 bps, 94.00%, Err 13 (1.0e-05)
165.094 .... 602 packets received, 7512 bps, 93.90%, Err 13 (9.9e-06)
167.214 .... 610 packets received, 7514 bps, 93.93%, Err 13 (9.8e-06)
170.404 .... 618 packets received, 7470 bps, 93.37%, Err 14 (1.0e-05)
172.530 .... 629 packets received, 7508 bps, 93.85%, Err 14 (1.0e-05)
174.627 .... 637 packets received, 7512 bps, 93.90%, Err 14 (1.0e-05)
177.289 .... 643 packets received, 7468 bps, 93.35%, Err 15 (1.1e-05)
179.393 .... 654 packets received, 7506 bps, 93.83%, Err 15 (1.0e-05)
181.526 .... 662 packets received, 7509 bps, 93.86%, Err 15 (1.0e-05)
183.630 .... 670 packets received, 7512 bps, 93.90%, Err 15 (1.0e-05)
185.753 .... 678 packets received, 7514 bps, 93.93%, Err 15 (1.0e-05)
187.879 .... 686 packets received, 7516 bps, 93.95%, Err 15 (1.0e-05)
190.014 .... 694 packets received, 7518 bps, 93.98%, Err 15 (9.9e-06)
192.135 .... 696 packets received, 7456 bps, 93.20%, Err 16 (1.0e-05)
194.235 .... 709 packets received, 7513 bps, 93.91%, Err 16 (1.0e-05)
196.368 .... 717 packets received, 7515 bps, 93.93%, Err 16 (1.0e-05)
198.491 .... 725 packets received, 7517 bps, 93.96%, Err 16 (1.0e-05)
200.604 .... 733 packets received, 7519 bps, 93.99%, Err 16 (1.0e-05)
203.790 .... 741 packets received, 7482 bps, 93.53%, Err 17 (1.0e-05)
205.913 .... 752 packets received, 7514 bps, 93.93%, Err 17 (1.0e-05)
208.025 .... 760 packets received, 7517 bps, 93.96%, Err 17 (1.0e-05)
210.138 .... 768 packets received, 7519 bps, 93.99%, Err 17 (1.0e-05)
212.269 .... 776 packets received, 7521 bps, 94.01%, Err 17 (1.0e-05)
214.396 .... 784 packets received, 7523 bps, 94.04%, Err 17 (9.9e-06)
216.496 .... 792 packets received, 7526 bps, 94.07%, Err 17 (9.8e-06)
218.620 .... 800 packets received, 7527 bps, 94.09%, Err 17 (9.8e-06)
220.746 .... 808 packets received, 7529 bps, 94.11%, Err 17 (9.7e-06)
222.868 .... 816 packets received, 7531 bps, 94.14%, Err 17 (9.6e-06)
224.995 .... 824 packets received, 7533 bps, 94.16%, Err 17 (9.5e-06)
227.121 .... 832 packets received, 7534 bps, 94.18%, Err 17 (9.4e-06)
229.253 .... 840 packets received, 7536 bps, 94.20%, Err 17 (9.3e-06)
231.378 .... 848 packets received, 7537 bps, 94.22%, Err 17 (9.2e-06)
233.505 .... 856 packets received, 7539 bps, 94.23%, Err 17 (9.1e-06)
235.609 .... 864 packets received, 7541 bps, 94.26%, Err 17 (9.0e-06)
237.720 .... 872 packets received, 7543 bps, 94.29%, Err 17 (9.0e-06)
239.855 .... 880 packets received, 7544 bps, 94.30%, Err 17 (8.9e-06)
241.973 .... 888 packets received, 7546 bps, 94.32%, Err 17 (8.8e-06)
244.098 .... 896 packets received, 7547 bps, 94.34%, Err 17 (8.7e-06)
246.213 .... 904 packets received, 7549 bps, 94.36%, Err 17 (8.7e-06)
248.338 .... 912 packets received, 7550 bps, 94.38%, Err 17 (8.6e-06)
250.461 .... 920 packets received, 7552 bps, 94.40%, Err 17 (8.5e-06)
252.583 .... 928 packets received, 7553 bps, 94.42%, Err 17 (8.4e-06)
254.705 .... 936 packets received, 7555 bps, 94.43%, Err 17 (8.4e-06)
256.822 .... 944 packets received, 7556 bps, 94.45%, Err 17 (8.3e-06)
258.942 .... 952 packets received, 7558 bps, 94.47%, Err 17 (8.2e-06)
261.054 .... 960 packets received, 7559 bps, 94.49%, Err 17 (8.2e-06)
263.177 .... 968 packets received, 7560 bps, 94.51%, Err 17 (8.1e-06)
265.291 .... 976 packets received, 7562 bps, 94.52%, Err 17 (8.0e-06)
267.410 .... 983 packets received, 7556 bps, 94.45%, Err 18 (8.4e-06)
269.557 .... 991 packets received, 7556 bps, 94.45%, Err 18 (8.4e-06)
271.681 .... 999 packets received, 7557 bps, 94.47%, Err 18 (8.3e-06)
273.782 .... 1003 packets received, 7529 bps, 94.12%, Err 19 (8.7e-06)
278.825 .... 1014 packets received, 7474 bps, 93.42%, Err 21 (9.4e-06)
281.231 .... 1026 packets received, 7497 bps, 93.72%, Err 21 (9.4e-06)
283.366 .... 1032 packets received, 7484 bps, 93.55%, Err 22 (9.7e-06)
285.478 .... 1038 packets received, 7472 bps, 93.40%, Err 22 (9.7e-06)
287.863 .... 1045 packets received, 7460 bps, 93.24%, Err 22 (9.6e-06)
290.255 .... 1052 packets received, 7447 bps, 93.09%, Err 22 (9.5e-06)
292.372 .... 1058 packets received, 7436 bps, 92.94%, Err 22 (9.4e-06)
295.572 .... 1063 packets received, 7390 bps, 92.37%, Err 23 (9.8e-06)
297.730 .... 1074 packets received, 7412 bps, 92.65%, Err 23 (9.7e-06)
299.849 .... 1080 packets received, 7400 bps, 92.50%, Err 24 (1.0e-05)
301.983 .... 1086 packets received, 7389 bps, 92.36%, Err 24 (1.0e-05)
304.633 .... 1091 packets received, 7358 bps, 91.97%, Err 25 (1.0e-05)
306.744 .... 1101 packets received, 7374 bps, 92.18%, Err 25 (1.0e-05)
308.851 .... 1109 packets received, 7377 bps, 92.21%, Err 25 (1.0e-05)
310.998 .... 1117 packets received, 7379 bps, 92.23%, Err 25 (1.0e-05)
313.122 .... 1125 packets received, 7381 bps, 92.26%, Err 25 (1.0e-05)
315.242 .... 1133 packets received, 7383 bps, 92.29%, Err 25 (9.9e-06)
317.361 .... 1141 packets received, 7386 bps, 92.32%, Err 25 (9.9e-06)
319.486 .... 1149 packets received, 7388 bps, 92.35%, Err 25 (9.8e-06)
321.605 .... 1157 packets received, 7390 bps, 92.37%, Err 26 (1.0e-05)
323.711 .... 1164 packets received, 7386 bps, 92.33%, Err 26 (1.0e-05)
325.838 .... 1172 packets received, 7388 bps, 92.35%, Err 26 (1.0e-05)
327.944 .... 1180 packets received, 7391 bps, 92.38%, Err 26 (9.9e-06)
330.085 .... 1188 packets received, 7392 bps, 92.41%, Err 26 (9.9e-06)
332.193 .... 1196 packets received, 7395 bps, 92.44%, Err 26 (9.8e-06)
334.316 .... 1204 packets received, 7397 bps, 92.46%, Err 26 (9.7e-06)
337.229 .... 1211 packets received, 7375 bps, 92.19%, Err 27 (1.0e-05)
339.365 .... 1222 packets received, 7395 bps, 92.44%, Err 27 (1.0e-05)
341.491 .... 1230 packets received, 7397 bps, 92.47%, Err 27 (9.9e-06)
343.592 .... 1238 packets received, 7400 bps, 92.50%, Err 28 (1.0e-05)
346.245 .... 1240 packets received, 7355 bps, 91.94%, Err 29 (1.0e-05)
348.364 .... 1251 packets received, 7375 bps, 92.19%, Err 30 (1.1e-05)
350.481 .... 1259 packets received, 7377 bps, 92.21%, Err 30 (1.1e-05)
352.613 .... 1267 packets received, 7379 bps, 92.24%, Err 30 (1.1e-05)
354.725 .... 1275 packets received, 7381 bps, 92.27%, Err 30 (1.1e-05)
356.840 .... 1283 packets received, 7383 bps, 92.29%, Err 30 (1.1e-05)
358.973 .... 1291 packets received, 7385 bps, 92.31%, Err 30 (1.0e-05)
361.094 .... 1299 packets received, 7387 bps, 92.34%, Err 30 (1.0e-05)
363.206 .... 1307 packets received, 7389 bps, 92.37%, Err 30 (1.0e-05)
365.326 .... 1315 packets received, 7391 bps, 92.39%, Err 30 (1.0e-05)
367.435 .... 1322 packets received, 7388 bps, 92.35%, Err 31 (1.1e-05)
369.576 .... 1330 packets received, 7389 bps, 92.37%, Err 31 (1.1e-05)
371.702 .... 1338 packets received, 7391 bps, 92.39%, Err 31 (1.0e-05)
373.806 .... 1346 packets received, 7393 bps, 92.42%, Err 31 (1.0e-05)
375.929 .... 1354 packets received, 7395 bps, 92.44%, Err 31 (1.0e-05)
378.062 .... 1362 packets received, 7397 bps, 92.46%, Err 31 (1.0e-05)
380.172 .... 1370 packets received, 7399 bps, 92.49%, Err 31 (1.0e-05)
382.287 .... 1378 packets received, 7401 bps, 92.51%, Err 31 (1.0e-05)
384.403 .... 1386 packets received, 7403 bps, 92.53%, Err 31 (1.0e-05)
386.521 .... 1394 packets received, 7405 bps, 92.56%, Err 31 (1.0e-05)
388.653 .... 1402 packets received, 7406 bps, 92.58%, Err 32 (1.0e-05)
390.783 .... 1410 packets received, 7408 bps, 92.60%, Err 32 (1.0e-05)
392.889 .... 1418 packets received, 7410 bps, 92.62%, Err 32 (1.0e-05)
395.025 .... 1426 packets received, 7411 bps, 92.64%, Err 33 (1.0e-05)
397.138 .... 1434 packets received, 7413 bps, 92.66%, Err 33 (1.0e-05)
399.251 .... 1442 packets received, 7415 bps, 92.68%, Err 33 (1.0e-05)
401.381 .... 1450 packets received, 7416 bps, 92.70%, Err 33 (1.0e-05)
403.504 .... 1458 packets received, 7418 bps, 92.72%, Err 33 (1.0e-05)
405.646 .... 1466 packets received, 7419 bps, 92.74%, Err 33 (1.0e-05)
407.743 .... 1469 packets received, 7396 bps, 92.45%, Err 35 (1.1e-05)
409.874 .... 1481 packets received, 7417 bps, 92.72%, Err 35 (1.1e-05)
412.009 .... 1489 packets received, 7419 bps, 92.74%, Err 35 (1.1e-05)
414.127 .... 1497 packets received, 7420 bps, 92.76%, Err 35 (1.1e-05)
416.246 .... 1505 packets received, 7422 bps, 92.78%, Err 35 (1.1e-05)
418.369 .... 1513 packets received, 7424 bps, 92.79%, Err 36 (1.1e-05)
420.490 .... 1520 packets received, 7420 bps, 92.75%, Err 37 (1.1e-05)
422.628 .... 1528 packets received, 7421 bps, 92.77%, Err 37 (1.1e-05)
424.750 .... 1536 packets received, 7423 bps, 92.79%, Err 37 (1.1e-05)
427.155 .... 1541 packets received, 7405 bps, 92.56%, Err 38 (1.1e-05)
429.340 .... 1552 packets received, 7420 bps, 92.75%, Err 38 (1.1e-05)
431.404 .... 1560 packets received, 7422 bps, 92.78%, Err 38 (1.1e-05)
433.509 .... 1568 packets received, 7424 bps, 92.80%, Err 38 (1.1e-05)
435.645 .... 1576 packets received, 7425 bps, 92.82%, Err 38 (1.1e-05)
437.776 .... 1584 packets received, 7427 bps, 92.83%, Err 38 (1.1e-05)
439.897 .... 1592 packets received, 7428 bps, 92.85%, Err 38 (1.1e-05)
442.804 .... 1599 packets received, 7412 bps, 92.64%, Err 39 (1.1e-05)
444.929 .... 1610 packets received, 7427 bps, 92.84%, Err 39 (1.1e-05)
447.051 .... 1618 packets received, 7428 bps, 92.85%, Err 39 (1.1e-05)
449.180 .... 1626 packets received, 7430 bps, 92.87%, Err 39 (1.1e-05)
451.272 .... 1634 packets received, 7431 bps, 92.89%, Err 39 (1.1e-05)
453.421 .... 1642 packets received, 7432 bps, 92.90%, Err 39 (1.1e-05)
455.533 .... 1650 packets received, 7434 bps, 92.92%, Err 39 (1.1e-05)
457.651 .... 1658 packets received, 7435 bps, 92.94%, Err 39 (1.1e-05)
459.750 .... 1666 packets received, 7437 bps, 92.96%, Err 39 (1.1e-05)
461.881 .... 1674 packets received, 7438 bps, 92.98%, Err 39 (1.1e-05)
464.011 .... 1682 packets received, 7439 bps, 92.99%, Err 39 (1.1e-05)
466.123 .... 1690 packets received, 7441 bps, 93.01%, Err 39 (1.0e-05)
468.253 .... 1698 packets received, 7442 bps, 93.02%, Err 39 (1.0e-05)
470.364 .... 1706 packets received, 7443 bps, 93.04%, Err 39 (1.0e-05)
472.488 .... 1714 packets received, 7444 bps, 93.06%, Err 39 (1.0e-05)
474.594 .... 1722 packets received, 7446 bps, 93.07%, Err 39 (1.0e-05)
476.732 .... 1730 packets received, 7447 bps, 93.09%, Err 39 (1.0e-05)
478.836 .... 1738 packets received, 7448 bps, 93.11%, Err 39 (1.0e-05)
480.973 .... 1746 packets received, 7449 bps, 93.12%, Err 39 (1.0e-05)
483.101 .... 1754 packets received, 7451 bps, 93.13%, Err 39 (1.0e-05)
485.209 .... 1762 packets received, 7452 bps, 93.15%, Err 39 (1.0e-05)
487.317 .... 1770 packets received, 7453 bps, 93.17%, Err 39 (1.0e-05)
489.460 .... 1778 packets received, 7454 bps, 93.18%, Err 39 (1.0e-05)
491.562 .... 1786 packets received, 7456 bps, 93.20%, Err 39 (9.9e-06)
493.701 .... 1794 packets received, 7457 bps, 93.21%, Err 39 (9.9e-06)
495.816 .... 1802 packets received, 7458 bps, 93.22%, Err 39 (9.8e-06)
497.950 .... 1810 packets received, 7459 bps, 93.23%, Err 39 (9.8e-06)
500.055 .... 1818 packets received, 7460 bps, 93.25%, Err 39 (9.8e-06)
502.186 .... 1826 packets received, 7461 bps, 93.26%, Err 39 (9.7e-06)
504.303 .... 1834 packets received, 7462 bps, 93.28%, Err 39 (9.7e-06)
506.422 .... 1842 packets received, 7463 bps, 93.29%, Err 39 (9.6e-06)
508.551 .... 1850 packets received, 7464 bps, 93.30%, Err 39 (9.6e-06)
510.661 .... 1858 packets received, 7466 bps, 93.32%, Err 39 (9.6e-06)
512.781 .... 1866 packets received, 7467 bps, 93.33%, Err 39 (9.5e-06)
514.900 .... 1874 packets received, 7468 bps, 93.35%, Err 39 (9.5e-06)
517.014 .... 1882 packets received, 7469 bps, 93.36%, Err 39 (9.4e-06)
519.150 .... 1890 packets received, 7470 bps, 93.37%, Err 39 (9.4e-06)
521.268 .... 1898 packets received, 7471 bps, 93.39%, Err 39 (9.4e-06)
523.399 .... 1906 packets received, 7472 bps, 93.40%, Err 39 (9.3e-06)
525.497 .... 1914 packets received, 7473 bps, 93.41%, Err 39 (9.3e-06)
527.615 .... 1922 packets received, 7474 bps, 93.43%, Err 39 (9.3e-06)
530.542 .... 1929 packets received, 7460 bps, 93.25%, Err 40 (9.4e-06)
532.646 .... 1940 packets received, 7473 bps, 93.41%, Err 41 (9.6e-06)
535.584 .... 1947 packets received, 7458 bps, 93.23%, Err 43 (1.0e-05)
537.696 .... 1958 packets received, 7471 bps, 93.39%, Err 43 (1.0e-05)
539.812 .... 1966 packets received, 7472 bps, 93.40%, Err 43 (1.0e-05)
541.941 .... 1974 packets received, 7473 bps, 93.41%, Err 43 (9.9e-06)
542.378 ** WARNING: System too busy, sleep 15 ms, but be awakened 87 ms later
544.060 .... 1982 packets received, 7474 bps, 93.43%, Err 43 (9.9e-06)
546.180 .... 1990 packets received, 7475 bps, 93.44%, Err 43 (9.9e-06)
548.294 .... 1998 packets received, 7476 bps, 93.45%, Err 43 (9.8e-06)
550.413 .... 2006 packets received, 7477 bps, 93.46%, Err 43 (9.8e-06)
552.564 .... 2014 packets received, 7478 bps, 93.47%, Err 43 (9.7e-06)
554.672 .... 2022 packets received, 7479 bps, 93.48%, Err 43 (9.7e-06)
556.768 .... 2030 packets received, 7480 bps, 93.50%, Err 43 (9.7e-06)
558.907 .... 2038 packets received, 7481 bps, 93.51%, Err 43 (9.6e-06)
561.037 .... 2046 packets received, 7482 bps, 93.52%, Err 43 (9.6e-06)
563.147 .... 2054 packets received, 7483 bps, 93.53%, Err 43 (9.6e-06)
565.265 .... 2062 packets received, 7484 bps, 93.54%, Err 43 (9.5e-06)
567.397 .... 2070 packets received, 7484 bps, 93.55%, Err 43 (9.5e-06)
569.491 .... 2078 packets received, 7486 bps, 93.57%, Err 44 (9.7e-06)
571.619 .... 2086 packets received, 7486 bps, 93.58%, Err 44 (9.6e-06)
573.743 .... 2094 packets received, 7487 bps, 93.59%, Err 44 (9.6e-06)
576.401 .... 2100 packets received, 7474 bps, 93.42%, Err 45 (9.8e-06)
578.511 .... 2111 packets received, 7486 bps, 93.57%, Err 45 (9.7e-06)
580.632 .... 2119 packets received, 7487 bps, 93.58%, Err 45 (9.7e-06)
582.755 .... 2127 packets received, 7487 bps, 93.59%, Err 45 (9.7e-06)
584.868 .... 2135 packets received, 7488 bps, 93.60%, Err 45 (9.6e-06)
586.987 .... 2143 packets received, 7489 bps, 93.62%, Err 45 (9.6e-06)
589.119 .... 2151 packets received, 7490 bps, 93.62%, Err 45 (9.6e-06)
591.219 .... 2159 packets received, 7491 bps, 93.64%, Err 45 (9.5e-06)
593.368 .... 2163 packets received, 7478 bps, 93.47%, Err 46 (9.7e-06)
595.477 .... 2174 packets received, 7489 bps, 93.61%, Err 46 (9.7e-06)
597.608 .... 2182 packets received, 7490 bps, 93.62%, Err 46 (9.6e-06)
599.719 .... 2190 packets received, 7491 bps, 93.63%, Err 47 (9.8e-06)
601.847 .... 2197 packets received, 7488 bps, 93.60%, Err 47 (9.8e-06)
604.200 .... 2202 packets received, 7476 bps, 93.45%, Err 48 (9.9e-06)
606.340 .... 2213 packets received, 7487 bps, 93.58%, Err 48 (9.9e-06)
608.463 .... 2221 packets received, 7487 bps, 93.59%, Err 49 (1.0e-05)
611.145 .... 2224 packets received, 7465 bps, 93.31%, Err 50 (1.0e-05)
613.487 .... 2236 packets received, 7476 bps, 93.45%, Err 50 (1.0e-05)
615.627 .... 2242 packets received, 7470 bps, 93.38%, Err 50 (1.0e-05)
617.754 .... 2248 packets received, 7464 bps, 93.30%, Err 50 (1.0e-05)
619.882 .... 2254 packets received, 7458 bps, 93.23%, Err 51 (1.0e-05)
621.990 .... 2260 packets received, 7453 bps, 93.16%, Err 51 (1.0e-05)
624.098 .... 2266 packets received, 7447 bps, 93.09%, Err 51 (1.0e-05)
626.223 .... 2272 packets received, 7442 bps, 93.02%, Err 51 (1.0e-05)
628.346 .... 2278 packets received, 7436 bps, 92.95%, Err 51 (1.0e-05)
630.493 .... 2284 packets received, 7430 bps, 92.88%, Err 51 (1.0e-05)
632.597 .... 2290 packets received, 7425 bps, 92.81%, Err 51 (1.0e-05)
634.721 .... 2296 packets received, 7420 bps, 92.74%, Err 52 (1.0e-05)
636.838 .... 2302 packets received, 7414 bps, 92.68%, Err 53 (1.0e-05)
638.965 .... 2308 packets received, 7409 bps, 92.61%, Err 53 (1.0e-05)
641.094 .... 2314 packets received, 7403 bps, 92.54%, Err 53 (1.0e-05)
643.477 .... 2321 packets received, 7398 bps, 92.48%, Err 53 (1.0e-05)
645.606 .... 2327 packets received, 7393 bps, 92.41%, Err 53 (1.0e-05)
647.748 .... 2333 packets received, 7387 bps, 92.34%, Err 54 (1.0e-05)
651.227 .... 2339 packets received, 7367 bps, 92.08%, Err 56 (1.1e-05)
654.160 .... 2347 packets received, 7359 bps, 91.98%, Err 57 (1.1e-05)
656.296 .... 2358 packets received, 7369 bps, 92.11%, Err 57 (1.1e-05)
658.438 .... 2364 packets received, 7364 bps, 92.05%, Err 57 (1.1e-05)
660.571 .... 2370 packets received, 7359 bps, 91.98%, Err 57 (1.1e-05)
662.705 .... 2376 packets received, 7353 bps, 91.92%, Err 57 (1.1e-05)
665.913 .... 2382 packets received, 7336 bps, 91.70%, Err 58 (1.1e-05)
668.042 .... 2392 packets received, 7344 bps, 91.80%, Err 58 (1.1e-05)
670.169 .... 2400 packets received, 7345 bps, 91.81%, Err 58 (1.1e-05)
672.295 .... 2408 packets received, 7346 bps, 91.82%, Err 58 (1.1e-05)
674.436 .... 2416 packets received, 7347 bps, 91.84%, Err 58 (1.1e-05)
676.550 .... 2424 packets received, 7348 bps, 91.85%, Err 58 (1.1e-05)
679.458 .... 2431 packets received, 7338 bps, 91.72%, Err 59 (1.1e-05)
681.566 .... 2441 packets received, 7345 bps, 91.81%, Err 60 (1.1e-05)
682.709 ** WARNING: System too busy, sleep 15 ms, but be awakened 73 ms later
683.713 .... 2449 packets received, 7346 bps, 91.83%, Err 60 (1.1e-05)
685.815 .... 2457 packets received, 7347 bps, 91.84%, Err 60 (1.1e-05)
687.979 .... 2465 packets received, 7348 bps, 91.85%, Err 60 (1.1e-05)
690.054 .... 2473 packets received, 7350 bps, 91.87%, Err 60 (1.1e-05)
692.194 .... 2481 packets received, 7351 bps, 91.88%, Err 60 (1.1e-05)
694.309 .... 2489 packets received, 7352 bps, 91.90%, Err 60 (1.1e-05)
696.440 .... 2497 packets received, 7353 bps, 91.91%, Err 60 (1.1e-05)
697.405 ** WARNING: System too busy, sleep 15 ms, but be awakened 76 ms later
698.560 .... 2505 packets received, 7354 bps, 91.93%, Err 60 (1.1e-05)
700.027 Quit.
