000.000 =============================================================
000.000                     Station B                               
000.000 -------------------------------------------------------------
000.000 Protocol.lib, version 4.0, jiangyanjun0718@bupt.edu.cn
000.000 Channel: 8000 bps, 270 ms propagation delay, bit error rate 1.0E-05
000.000 Log file "fB.log", TCP port 30014, debug mask 0x00
000.000 Station B is connecting station A (TCP port 30014) ... Done.
000.718 New epoch: Tue May  7 21:45:59 2019
000.718 =================================================================
000.718 
000.718 Designed by CJSoft, build: May  7 2019  21:45:55
003.131 .... 8 packets received, 7628 bps, 95.34%, Err 0 (0.0e+00)
005.303 .... 16 packets received, 7585 bps, 94.81%, Err 0 (0.0e+00)
007.432 .... 23 packets received, 7304 bps, 91.30%, Err 1 (1.9e-05)
009.529 .... 31 packets received, 7429 bps, 92.86%, Err 1 (1.4e-05)
011.649 .... 39 packets received, 7488 bps, 93.61%, Err 1 (1.1e-05)
013.781 .... 47 packets received, 7521 bps, 94.01%, Err 1 (9.6e-06)
015.897 .... 55 packets received, 7553 bps, 94.41%, Err 1 (8.2e-06)
018.023 .... 63 packets received, 7572 bps, 94.65%, Err 1 (7.2e-06)
020.155 .... 71 packets received, 7584 bps, 94.80%, Err 1 (6.4e-06)
022.251 .... 79 packets received, 7607 bps, 95.09%, Err 1 (5.8e-06)
025.712 .... 87 packets received, 7205 bps, 90.06%, Err 2 (1.0e-05)
027.833 .... 99 packets received, 7551 bps, 94.39%, Err 2 (9.2e-06)
029.962 .... 107 packets received, 7562 bps, 94.52%, Err 2 (8.6e-06)
032.073 .... 115 packets received, 7575 bps, 94.69%, Err 2 (8.0e-06)
035.278 .... 122 packets received, 7285 bps, 91.07%, Err 4 (1.4e-05)
037.408 .... 133 packets received, 7478 bps, 93.47%, Err 4 (1.4e-05)
039.544 .... 141 packets received, 7489 bps, 93.61%, Err 4 (1.3e-05)
041.647 .... 149 packets received, 7504 bps, 93.80%, Err 4 (1.2e-05)
043.767 .... 157 packets received, 7515 bps, 93.94%, Err 4 (1.2e-05)
045.876 .... 165 packets received, 7527 bps, 94.09%, Err 4 (1.1e-05)
048.001 .... 173 packets received, 7535 bps, 94.19%, Err 4 (1.1e-05)
050.131 .... 181 packets received, 7542 bps, 94.28%, Err 4 (1.0e-05)
052.263 .... 189 packets received, 7548 bps, 94.35%, Err 4 (9.7e-06)
054.376 .... 197 packets received, 7556 bps, 94.45%, Err 4 (9.3e-06)
056.489 .... 205 packets received, 7564 bps, 94.55%, Err 4 (9.0e-06)
058.599 .... 213 packets received, 7571 bps, 94.64%, Err 4 (8.6e-06)
060.729 .... 221 packets received, 7576 bps, 94.69%, Err 4 (8.3e-06)
062.857 .... 228 packets received, 7547 bps, 94.33%, Err 5 (1.0e-05)
064.986 .... 236 packets received, 7552 bps, 94.40%, Err 5 (9.7e-06)
067.100 .... 244 packets received, 7558 bps, 94.47%, Err 5 (9.4e-06)
069.219 .... 252 packets received, 7563 bps, 94.54%, Err 5 (9.1e-06)
071.337 .... 259 packets received, 7539 bps, 94.24%, Err 6 (1.1e-05)
073.476 .... 267 packets received, 7543 bps, 94.29%, Err 6 (1.0e-05)
075.588 .... 275 packets received, 7549 bps, 94.36%, Err 6 (1.0e-05)
077.724 .... 283 packets received, 7552 bps, 94.41%, Err 6 (9.7e-06)
079.822 .... 291 packets received, 7559 bps, 94.49%, Err 6 (9.5e-06)
081.945 .... 299 packets received, 7563 bps, 94.54%, Err 6 (9.2e-06)
084.068 .... 307 packets received, 7567 bps, 94.59%, Err 6 (9.0e-06)
086.191 .... 315 packets received, 7571 bps, 94.64%, Err 6 (8.8e-06)
089.370 .... 323 packets received, 7484 bps, 93.55%, Err 7 (9.9e-06)
091.495 .... 334 packets received, 7557 bps, 94.47%, Err 7 (9.6e-06)
093.629 .... 342 packets received, 7560 bps, 94.50%, Err 7 (9.4e-06)
095.732 .... 350 packets received, 7565 bps, 94.57%, Err 7 (9.2e-06)
097.874 .... 358 packets received, 7567 bps, 94.59%, Err 7 (9.0e-06)
099.986 .... 366 packets received, 7571 bps, 94.64%, Err 7 (8.8e-06)
102.106 .... 374 packets received, 7574 bps, 94.68%, Err 7 (8.6e-06)
104.220 .... 382 packets received, 7578 bps, 94.73%, Err 7 (8.5e-06)
106.346 .... 389 packets received, 7561 bps, 94.52%, Err 8 (9.5e-06)
108.475 .... 397 packets received, 7564 bps, 94.55%, Err 8 (9.3e-06)
110.586 .... 405 packets received, 7568 bps, 94.60%, Err 8 (9.1e-06)
112.714 .... 413 packets received, 7570 bps, 94.63%, Err 8 (8.9e-06)
114.820 .... 421 packets received, 7574 bps, 94.68%, Err 8 (8.8e-06)
116.936 .... 429 packets received, 7577 bps, 94.71%, Err 8 (8.6e-06)
119.064 .... 437 packets received, 7579 bps, 94.74%, Err 8 (8.5e-06)
121.197 .... 445 packets received, 7581 bps, 94.76%, Err 8 (8.3e-06)
123.323 .... 453 packets received, 7583 bps, 94.79%, Err 8 (8.2e-06)
125.430 .... 461 packets received, 7587 bps, 94.83%, Err 8 (8.0e-06)
128.629 .... 465 packets received, 7461 bps, 93.26%, Err 10 (9.8e-06)
130.752 .... 476 packets received, 7512 bps, 93.90%, Err 10 (9.6e-06)
133.659 .... 482 packets received, 7440 bps, 93.00%, Err 12 (1.1e-05)
135.787 .... 492 packets received, 7475 bps, 93.43%, Err 12 (1.1e-05)
138.697 .... 498 packets received, 7406 bps, 92.57%, Err 13 (1.2e-05)
140.821 .... 510 packets received, 7469 bps, 93.37%, Err 13 (1.2e-05)
142.943 .... 518 packets received, 7473 bps, 93.41%, Err 13 (1.1e-05)
145.071 .... 521 packets received, 7405 bps, 92.57%, Err 14 (1.2e-05)
148.259 .... 533 packets received, 7412 bps, 92.65%, Err 15 (1.3e-05)
150.384 .... 544 packets received, 7457 bps, 93.21%, Err 15 (1.3e-05)
152.525 .... 552 packets received, 7460 bps, 93.25%, Err 15 (1.2e-05)
154.673 .... 560 packets received, 7462 bps, 93.28%, Err 15 (1.2e-05)
156.750 .... 568 packets received, 7468 bps, 93.35%, Err 15 (1.2e-05)
158.884 .... 576 packets received, 7471 bps, 93.39%, Err 15 (1.2e-05)
161.007 .... 584 packets received, 7474 bps, 93.43%, Err 16 (1.2e-05)
163.111 .... 591 packets received, 7466 bps, 93.32%, Err 16 (1.2e-05)
165.229 .... 599 packets received, 7469 bps, 93.36%, Err 16 (1.2e-05)
167.353 .... 607 packets received, 7472 bps, 93.40%, Err 16 (1.2e-05)
169.476 .... 615 packets received, 7475 bps, 93.44%, Err 16 (1.2e-05)
171.600 .... 623 packets received, 7478 bps, 93.48%, Err 16 (1.2e-05)
173.715 .... 631 packets received, 7481 bps, 93.52%, Err 16 (1.2e-05)
175.824 .... 639 packets received, 7485 bps, 93.56%, Err 16 (1.1e-05)
177.947 .... 643 packets received, 7441 bps, 93.02%, Err 17 (1.2e-05)
180.080 .... 654 packets received, 7479 bps, 93.48%, Err 17 (1.2e-05)
182.201 .... 657 packets received, 7425 bps, 92.81%, Err 18 (1.2e-05)
184.334 .... 669 packets received, 7473 bps, 93.41%, Err 18 (1.2e-05)
186.473 .... 677 packets received, 7475 bps, 93.43%, Err 18 (1.2e-05)
188.586 .... 685 packets received, 7478 bps, 93.47%, Err 18 (1.2e-05)
190.699 .... 693 packets received, 7481 bps, 93.51%, Err 18 (1.2e-05)
192.827 .... 701 packets received, 7483 bps, 93.54%, Err 18 (1.2e-05)
194.944 .... 705 packets received, 7444 bps, 93.05%, Err 19 (1.2e-05)
197.063 .... 716 packets received, 7478 bps, 93.48%, Err 19 (1.2e-05)
199.183 ** WARNING: System too busy, sleep 15 ms, but be awakened 66 ms later
199.253 .... 724 packets received, 7478 bps, 93.48%, Err 19 (1.2e-05)
201.310 .... 732 packets received, 7483 bps, 93.54%, Err 19 (1.2e-05)
203.430 .... 740 packets received, 7486 bps, 93.58%, Err 19 (1.2e-05)
205.557 .... 748 packets received, 7488 bps, 93.60%, Err 19 (1.2e-05)
207.666 .... 756 packets received, 7491 bps, 93.64%, Err 20 (1.2e-05)
209.789 .... 764 packets received, 7493 bps, 93.67%, Err 20 (1.2e-05)
211.907 .... 772 packets received, 7496 bps, 93.70%, Err 20 (1.2e-05)
214.021 .... 780 packets received, 7498 bps, 93.73%, Err 20 (1.2e-05)
216.151 .... 788 packets received, 7500 bps, 93.75%, Err 20 (1.2e-05)
218.273 .... 796 packets received, 7502 bps, 93.78%, Err 20 (1.1e-05)
220.411 .... 804 packets received, 7504 bps, 93.80%, Err 20 (1.1e-05)
222.537 .... 812 packets received, 7506 bps, 93.82%, Err 20 (1.1e-05)
224.633 .... 820 packets received, 7509 bps, 93.86%, Err 20 (1.1e-05)
226.770 .... 828 packets received, 7510 bps, 93.88%, Err 20 (1.1e-05)
228.877 .... 836 packets received, 7513 bps, 93.91%, Err 20 (1.1e-05)
231.019 .... 844 packets received, 7514 bps, 93.93%, Err 20 (1.1e-05)
233.125 .... 852 packets received, 7517 bps, 93.96%, Err 20 (1.1e-05)
235.261 .... 859 packets received, 7509 bps, 93.86%, Err 21 (1.1e-05)
237.383 .... 867 packets received, 7511 bps, 93.89%, Err 21 (1.1e-05)
239.506 .... 875 packets received, 7513 bps, 93.91%, Err 21 (1.1e-05)
241.627 .... 883 packets received, 7515 bps, 93.93%, Err 21 (1.1e-05)
243.738 .... 891 packets received, 7517 bps, 93.96%, Err 21 (1.1e-05)
245.859 .... 899 packets received, 7519 bps, 93.98%, Err 21 (1.1e-05)
247.991 .... 907 packets received, 7520 bps, 94.00%, Err 22 (1.1e-05)
250.103 .... 914 packets received, 7514 bps, 93.92%, Err 22 (1.1e-05)
252.224 .... 922 packets received, 7516 bps, 93.95%, Err 22 (1.1e-05)
254.342 .... 930 packets received, 7518 bps, 93.97%, Err 22 (1.1e-05)
256.487 .... 938 packets received, 7519 bps, 93.98%, Err 22 (1.1e-05)
258.592 .... 946 packets received, 7521 bps, 94.01%, Err 22 (1.1e-05)
260.731 .... 954 packets received, 7522 bps, 94.02%, Err 22 (1.1e-05)
262.834 .... 961 packets received, 7516 bps, 93.95%, Err 23 (1.1e-05)
264.967 .... 969 packets received, 7518 bps, 93.97%, Err 23 (1.1e-05)
267.077 .... 977 packets received, 7520 bps, 93.99%, Err 23 (1.1e-05)
269.214 .... 985 packets received, 7521 bps, 94.01%, Err 23 (1.1e-05)
271.333 .... 993 packets received, 7522 bps, 94.03%, Err 23 (1.1e-05)
273.456 .... 1001 packets received, 7524 bps, 94.05%, Err 23 (1.1e-05)
275.570 .... 1009 packets received, 7526 bps, 94.07%, Err 23 (1.0e-05)
277.690 .... 1017 packets received, 7527 bps, 94.09%, Err 23 (1.0e-05)
279.822 .... 1025 packets received, 7528 bps, 94.10%, Err 23 (1.0e-05)
281.940 .... 1033 packets received, 7530 bps, 94.12%, Err 23 (1.0e-05)
284.042 .... 1041 packets received, 7532 bps, 94.15%, Err 23 (1.0e-05)
286.166 .... 1049 packets received, 7533 bps, 94.17%, Err 23 (1.0e-05)
288.299 .... 1057 packets received, 7534 bps, 94.18%, Err 23 (1.0e-05)
290.411 .... 1065 packets received, 7536 bps, 94.20%, Err 23 (9.9e-06)
292.524 .... 1073 packets received, 7538 bps, 94.22%, Err 23 (9.9e-06)
294.647 .... 1081 packets received, 7539 bps, 94.24%, Err 23 (9.8e-06)
296.752 .... 1085 packets received, 7513 bps, 93.91%, Err 24 (1.0e-05)
299.693 .... 1095 packets received, 7507 bps, 93.84%, Err 25 (1.0e-05)
301.806 .... 1106 packets received, 7530 bps, 94.12%, Err 26 (1.1e-05)
303.930 .... 1113 packets received, 7524 bps, 94.05%, Err 26 (1.1e-05)
306.051 .... 1121 packets received, 7526 bps, 94.07%, Err 26 (1.1e-05)
308.176 .... 1129 packets received, 7527 bps, 94.09%, Err 26 (1.1e-05)
310.291 .... 1137 packets received, 7528 bps, 94.10%, Err 26 (1.0e-05)
312.403 .... 1145 packets received, 7530 bps, 94.12%, Err 26 (1.0e-05)
314.529 .... 1153 packets received, 7531 bps, 94.14%, Err 26 (1.0e-05)
316.646 .... 1161 packets received, 7532 bps, 94.16%, Err 26 (1.0e-05)
318.767 .... 1169 packets received, 7534 bps, 94.17%, Err 26 (1.0e-05)
321.683 .... 1176 packets received, 7510 bps, 93.87%, Err 27 (1.1e-05)
323.808 .... 1187 packets received, 7530 bps, 94.13%, Err 27 (1.0e-05)
325.917 .... 1195 packets received, 7532 bps, 94.15%, Err 27 (1.0e-05)
328.038 .... 1203 packets received, 7533 bps, 94.16%, Err 27 (1.0e-05)
330.155 .... 1211 packets received, 7534 bps, 94.18%, Err 27 (1.0e-05)
332.280 .... 1219 packets received, 7536 bps, 94.19%, Err 27 (1.0e-05)
334.396 .... 1227 packets received, 7537 bps, 94.21%, Err 27 (1.0e-05)
336.526 .... 1235 packets received, 7538 bps, 94.22%, Err 27 (1.0e-05)
338.639 .... 1243 packets received, 7539 bps, 94.24%, Err 27 (1.0e-05)
340.772 .... 1251 packets received, 7540 bps, 94.25%, Err 27 (9.9e-06)
342.876 .... 1259 packets received, 7542 bps, 94.27%, Err 27 (9.9e-06)
344.995 .... 1267 packets received, 7543 bps, 94.29%, Err 27 (9.8e-06)
347.127 .... 1275 packets received, 7544 bps, 94.30%, Err 27 (9.7e-06)
349.253 .... 1283 packets received, 7545 bps, 94.31%, Err 27 (9.7e-06)
351.352 .... 1291 packets received, 7546 bps, 94.33%, Err 27 (9.6e-06)
353.490 .... 1299 packets received, 7547 bps, 94.34%, Err 27 (9.6e-06)
355.617 .... 1307 packets received, 7548 bps, 94.35%, Err 27 (9.5e-06)
357.730 .... 1315 packets received, 7549 bps, 94.36%, Err 27 (9.5e-06)
359.857 .... 1323 packets received, 7550 bps, 94.38%, Err 27 (9.4e-06)
361.958 .... 1331 packets received, 7551 bps, 94.39%, Err 27 (9.3e-06)
364.091 .... 1339 packets received, 7552 bps, 94.40%, Err 27 (9.3e-06)
366.217 .... 1347 packets received, 7553 bps, 94.41%, Err 27 (9.2e-06)
368.344 .... 1355 packets received, 7554 bps, 94.42%, Err 27 (9.2e-06)
370.448 .... 1363 packets received, 7555 bps, 94.44%, Err 27 (9.1e-06)
373.654 .... 1371 packets received, 7534 bps, 94.18%, Err 28 (9.4e-06)
375.766 .... 1382 packets received, 7552 bps, 94.40%, Err 28 (9.3e-06)
377.894 .... 1390 packets received, 7553 bps, 94.41%, Err 28 (9.3e-06)
380.013 .... 1398 packets received, 7554 bps, 94.42%, Err 28 (9.2e-06)
382.942 .... 1405 packets received, 7533 bps, 94.17%, Err 29 (9.5e-06)
385.075 .... 1416 packets received, 7550 bps, 94.38%, Err 29 (9.4e-06)
387.193 .... 1424 packets received, 7551 bps, 94.39%, Err 29 (9.4e-06)
390.098 .... 1431 packets received, 7532 bps, 94.15%, Err 30 (9.6e-06)
392.234 .... 1442 packets received, 7548 bps, 94.35%, Err 30 (9.6e-06)
394.351 .... 1446 packets received, 7528 bps, 94.10%, Err 31 (9.8e-06)
396.456 .... 1457 packets received, 7545 bps, 94.32%, Err 31 (9.8e-06)
398.582 .... 1465 packets received, 7546 bps, 94.33%, Err 32 (1.0e-05)
400.705 .... 1473 packets received, 7547 bps, 94.34%, Err 32 (1.0e-05)
402.816 .... 1481 packets received, 7548 bps, 94.35%, Err 32 (9.9e-06)
404.955 .... 1489 packets received, 7549 bps, 94.36%, Err 32 (9.9e-06)
407.082 .... 1497 packets received, 7550 bps, 94.37%, Err 32 (9.8e-06)
409.212 .... 1505 packets received, 7550 bps, 94.38%, Err 32 (9.8e-06)
411.568 .... 1510 packets received, 7532 bps, 94.15%, Err 33 (1.0e-05)
413.702 .... 1521 packets received, 7548 bps, 94.34%, Err 33 (1.0e-05)
415.822 .... 1529 packets received, 7548 bps, 94.36%, Err 33 (9.9e-06)
417.929 .... 1537 packets received, 7550 bps, 94.37%, Err 33 (9.9e-06)
420.065 .... 1545 packets received, 7550 bps, 94.38%, Err 33 (9.8e-06)
422.186 .... 1553 packets received, 7551 bps, 94.39%, Err 33 (9.8e-06)
424.569 .... 1558 packets received, 7533 bps, 94.16%, Err 34 (1.0e-05)
426.686 .... 1569 packets received, 7548 bps, 94.35%, Err 34 (1.0e-05)
428.803 .... 1577 packets received, 7549 bps, 94.36%, Err 34 (9.9e-06)
430.936 .... 1585 packets received, 7550 bps, 94.37%, Err 34 (9.9e-06)
433.057 .... 1589 packets received, 7532 bps, 94.15%, Err 35 (1.0e-05)
435.181 .... 1600 packets received, 7547 bps, 94.33%, Err 35 (1.0e-05)
437.316 .... 1608 packets received, 7547 bps, 94.34%, Err 35 (1.0e-05)
439.426 .... 1616 packets received, 7548 bps, 94.36%, Err 35 (1.0e-05)
441.561 .... 1624 packets received, 7549 bps, 94.36%, Err 35 (9.9e-06)
443.682 .... 1632 packets received, 7550 bps, 94.37%, Err 35 (9.9e-06)
445.776 .... 1640 packets received, 7551 bps, 94.39%, Err 36 (1.0e-05)
447.907 .... 1648 packets received, 7552 bps, 94.40%, Err 36 (1.0e-05)
450.030 .... 1652 packets received, 7534 bps, 94.18%, Err 37 (1.0e-05)
452.172 .... 1663 packets received, 7549 bps, 94.36%, Err 37 (1.0e-05)
454.274 .... 1671 packets received, 7550 bps, 94.37%, Err 37 (1.0e-05)
456.387 .... 1679 packets received, 7551 bps, 94.38%, Err 37 (1.0e-05)
458.506 .... 1687 packets received, 7551 bps, 94.39%, Err 37 (1.0e-05)
460.663 .... 1695 packets received, 7552 bps, 94.40%, Err 37 (1.0e-05)
462.763 .... 1703 packets received, 7553 bps, 94.41%, Err 37 (1.0e-05)
464.877 .... 1710 packets received, 7549 bps, 94.37%, Err 38 (1.0e-05)
467.014 .... 1718 packets received, 7550 bps, 94.37%, Err 38 (1.0e-05)
469.146 .... 1726 packets received, 7550 bps, 94.38%, Err 38 (1.0e-05)
470.510 ** WARNING: System too busy, sleep 15 ms, but be awakened 69 ms later
471.248 .... 1734 packets received, 7552 bps, 94.39%, Err 38 (1.0e-05)
473.373 .... 1742 packets received, 7552 bps, 94.40%, Err 38 (1.0e-05)
475.498 .... 1750 packets received, 7553 bps, 94.41%, Err 38 (1.0e-05)
477.609 .... 1758 packets received, 7554 bps, 94.42%, Err 38 (1.0e-05)
479.740 .... 1766 packets received, 7554 bps, 94.43%, Err 38 (9.9e-06)
481.855 .... 1774 packets received, 7555 bps, 94.44%, Err 38 (9.9e-06)
483.982 .... 1782 packets received, 7556 bps, 94.45%, Err 38 (9.8e-06)
486.091 .... 1790 packets received, 7557 bps, 94.46%, Err 38 (9.8e-06)
488.209 .... 1798 packets received, 7558 bps, 94.47%, Err 38 (9.7e-06)
490.329 .... 1806 packets received, 7558 bps, 94.48%, Err 38 (9.7e-06)
492.459 .... 1814 packets received, 7559 bps, 94.49%, Err 38 (9.7e-06)
494.570 .... 1822 packets received, 7560 bps, 94.50%, Err 38 (9.6e-06)
496.682 .... 1830 packets received, 7561 bps, 94.51%, Err 38 (9.6e-06)
498.817 .... 1838 packets received, 7561 bps, 94.52%, Err 38 (9.5e-06)
500.956 .... 1846 packets received, 7562 bps, 94.52%, Err 38 (9.5e-06)
503.068 .... 1854 packets received, 7562 bps, 94.53%, Err 38 (9.5e-06)
505.189 .... 1862 packets received, 7563 bps, 94.54%, Err 38 (9.4e-06)
507.296 .... 1870 packets received, 7564 bps, 94.55%, Err 38 (9.4e-06)
509.431 .... 1878 packets received, 7564 bps, 94.56%, Err 38 (9.3e-06)
512.357 .... 1885 packets received, 7549 bps, 94.37%, Err 39 (9.5e-06)
514.477 .... 1896 packets received, 7562 bps, 94.52%, Err 39 (9.5e-06)
516.595 .... 1904 packets received, 7563 bps, 94.53%, Err 39 (9.5e-06)
518.713 .... 1912 packets received, 7563 bps, 94.54%, Err 39 (9.4e-06)
521.362 .... 1918 packets received, 7548 bps, 94.36%, Err 40 (9.6e-06)
523.483 .... 1929 packets received, 7561 bps, 94.51%, Err 40 (9.6e-06)
525.606 .... 1937 packets received, 7562 bps, 94.52%, Err 40 (9.5e-06)
528.785 .... 1945 packets received, 7547 bps, 94.34%, Err 41 (9.7e-06)
530.910 .... 1956 packets received, 7559 bps, 94.49%, Err 41 (9.7e-06)
533.049 .... 1964 packets received, 7560 bps, 94.50%, Err 41 (9.6e-06)
535.131 .... 1972 packets received, 7561 bps, 94.51%, Err 41 (9.6e-06)
537.260 .... 1980 packets received, 7561 bps, 94.52%, Err 41 (9.6e-06)
539.391 .... 1988 packets received, 7562 bps, 94.52%, Err 41 (9.5e-06)
541.507 .... 1996 packets received, 7563 bps, 94.53%, Err 41 (9.5e-06)
543.639 .... 2004 packets received, 7563 bps, 94.54%, Err 41 (9.4e-06)
545.757 .... 2012 packets received, 7564 bps, 94.55%, Err 41 (9.4e-06)
547.871 .... 2020 packets received, 7565 bps, 94.56%, Err 41 (9.4e-06)
550.011 .... 2028 packets received, 7565 bps, 94.56%, Err 42 (9.6e-06)
552.106 .... 2035 packets received, 7562 bps, 94.53%, Err 42 (9.5e-06)
554.232 .... 2039 packets received, 7548 bps, 94.35%, Err 43 (9.7e-06)
556.360 .... 2050 packets received, 7560 bps, 94.49%, Err 43 (9.7e-06)
558.486 .... 2058 packets received, 7560 bps, 94.50%, Err 43 (9.6e-06)
560.597 .... 2062 packets received, 7546 bps, 94.33%, Err 44 (9.8e-06)
562.720 .... 2072 packets received, 7554 bps, 94.43%, Err 45 (1.0e-05)
564.849 .... 2080 packets received, 7555 bps, 94.43%, Err 45 (1.0e-05)
566.973 .... 2088 packets received, 7555 bps, 94.44%, Err 45 (9.9e-06)
569.082 .... 2096 packets received, 7556 bps, 94.45%, Err 46 (1.0e-05)
571.222 .... 2103 packets received, 7553 bps, 94.41%, Err 46 (1.0e-05)
573.329 .... 2111 packets received, 7554 bps, 94.42%, Err 46 (1.0e-05)
575.471 .... 2119 packets received, 7554 bps, 94.43%, Err 46 (1.0e-05)
577.588 .... 2127 packets received, 7555 bps, 94.43%, Err 46 (1.0e-05)
579.709 .... 2135 packets received, 7555 bps, 94.44%, Err 46 (9.9e-06)
581.836 .... 2143 packets received, 7556 bps, 94.45%, Err 46 (9.9e-06)
583.953 .... 2151 packets received, 7557 bps, 94.46%, Err 46 (9.9e-06)
586.077 .... 2159 packets received, 7557 bps, 94.46%, Err 47 (1.0e-05)
588.172 .... 2167 packets received, 7558 bps, 94.48%, Err 47 (1.0e-05)
590.306 .... 2175 packets received, 7559 bps, 94.48%, Err 47 (1.0e-05)
592.422 .... 2183 packets received, 7559 bps, 94.49%, Err 47 (9.9e-06)
594.553 .... 2191 packets received, 7560 bps, 94.50%, Err 47 (9.9e-06)
596.657 .... 2199 packets received, 7560 bps, 94.51%, Err 47 (9.9e-06)
598.790 .... 2207 packets received, 7561 bps, 94.51%, Err 47 (9.8e-06)
600.898 .... 2215 packets received, 7562 bps, 94.52%, Err 47 (9.8e-06)
603.036 .... 2223 packets received, 7562 bps, 94.52%, Err 47 (9.8e-06)
607.009 .... 2227 packets received, 7526 bps, 94.07%, Err 49 (1.0e-05)
609.402 .... 2240 packets received, 7540 bps, 94.25%, Err 50 (1.0e-05)
611.542 .... 2246 packets received, 7534 bps, 94.17%, Err 50 (1.0e-05)
613.638 .... 2252 packets received, 7528 bps, 94.10%, Err 50 (1.0e-05)
615.754 .... 2258 packets received, 7522 bps, 94.03%, Err 50 (1.0e-05)
617.887 .... 2264 packets received, 7516 bps, 93.95%, Err 50 (1.0e-05)
620.278 .... 2271 packets received, 7510 bps, 93.88%, Err 50 (1.0e-05)
622.675 .... 2278 packets received, 7504 bps, 93.80%, Err 50 (1.0e-05)
625.078 .... 2285 packets received, 7498 bps, 93.73%, Err 51 (1.0e-05)
627.464 .... 2292 packets received, 7493 bps, 93.66%, Err 52 (1.0e-05)
629.870 .... 2299 packets received, 7487 bps, 93.59%, Err 52 (1.0e-05)
631.996 .... 2306 packets received, 7484 bps, 93.55%, Err 52 (1.0e-05)
634.136 .... 2312 packets received, 7478 bps, 93.48%, Err 52 (1.0e-05)
636.259 .... 2318 packets received, 7473 bps, 93.41%, Err 52 (1.0e-05)
638.657 .... 2325 packets received, 7467 bps, 93.34%, Err 52 (1.0e-05)
640.786 .... 2332 packets received, 7465 bps, 93.31%, Err 52 (1.0e-05)
642.907 .... 2338 packets received, 7459 bps, 93.24%, Err 53 (1.0e-05)
645.049 .... 2346 packets received, 7460 bps, 93.25%, Err 53 (1.0e-05)
647.156 .... 2354 packets received, 7461 bps, 93.26%, Err 53 (1.0e-05)
649.284 .... 2362 packets received, 7462 bps, 93.27%, Err 53 (1.0e-05)
651.399 .... 2370 packets received, 7463 bps, 93.28%, Err 53 (1.0e-05)
656.180 .... 2377 packets received, 7430 bps, 92.87%, Err 55 (1.0e-05)
658.313 .... 2389 packets received, 7443 bps, 93.04%, Err 55 (1.0e-05)
660.444 .... 2395 packets received, 7438 bps, 92.97%, Err 55 (1.0e-05)
662.566 .... 2397 packets received, 7420 bps, 92.75%, Err 57 (1.1e-05)
664.697 .... 2408 packets received, 7430 bps, 92.88%, Err 57 (1.1e-05)
666.837 .... 2416 packets received, 7431 bps, 92.89%, Err 57 (1.1e-05)
668.951 .... 2424 packets received, 7432 bps, 92.90%, Err 57 (1.1e-05)
671.064 .... 2432 packets received, 7433 bps, 92.91%, Err 57 (1.1e-05)
673.180 .... 2440 packets received, 7434 bps, 92.93%, Err 57 (1.1e-05)
675.311 .... 2448 packets received, 7435 bps, 92.94%, Err 57 (1.1e-05)
677.437 .... 2455 packets received, 7433 bps, 92.91%, Err 58 (1.1e-05)
679.552 .... 2463 packets received, 7434 bps, 92.92%, Err 58 (1.1e-05)
681.659 .... 2471 packets received, 7435 bps, 92.93%, Err 58 (1.1e-05)
682.708 ** WARNING: System too busy, sleep 15 ms, but be awakened 72 ms later
683.778 .... 2479 packets received, 7436 bps, 92.95%, Err 58 (1.1e-05)
685.893 .... 2487 packets received, 7437 bps, 92.96%, Err 58 (1.1e-05)
688.034 .... 2491 packets received, 7425 bps, 92.82%, Err 59 (1.1e-05)
690.147 .... 2502 packets received, 7435 bps, 92.94%, Err 59 (1.1e-05)
692.259 .... 2510 packets received, 7436 bps, 92.95%, Err 59 (1.1e-05)
694.392 .... 2518 packets received, 7437 bps, 92.96%, Err 59 (1.1e-05)
696.527 .... 2526 packets received, 7438 bps, 92.97%, Err 59 (1.1e-05)
697.412 ** WARNING: System too busy, sleep 15 ms, but be awakened 78 ms later
698.630 .... 2534 packets received, 7439 bps, 92.98%, Err 59 (1.1e-05)
700.023 Quit.
