000.000 =============================================================
000.000                     Station B                               
000.000 -------------------------------------------------------------
000.000 Protocol.lib, version 4.0, jiangyanjun0718@bupt.edu.cn
000.000 Channel: 8000 bps, 270 ms propagation delay, bit error rate 1.0E-04
000.000 Log file "fbB.log", TCP port 30015, debug mask 0x00
000.000 Station B is connecting station A (TCP port 30015) ... Done.
000.730 New epoch: Tue May  7 21:45:59 2019
000.730 =================================================================
000.730 
000.730 Designed by CJSoft, build: May  7 2019  21:45:55
003.120 .... 7 packets received, 6765 bps, 84.57%, Err 2 (1.1e-04)
005.276 .... 10 packets received, 4791 bps, 59.88%, Err 5 (1.4e-04)
007.384 .... 12 packets received, 3850 bps, 48.13%, Err 8 (1.5e-04)
010.322 .... 16 packets received, 3516 bps, 43.94%, Err 10 (1.3e-04)
012.694 .... 18 packets received, 3153 bps, 39.41%, Err 11 (1.2e-04)
016.170 .... 33 packets received, 4455 bps, 55.69%, Err 14 (1.1e-04)
019.368 .... 36 packets received, 4014 bps, 50.18%, Err 17 (1.1e-04)
024.161 .... 44 packets received, 3891 bps, 48.64%, Err 22 (1.2e-04)
026.286 .... 57 packets received, 4617 bps, 57.71%, Err 23 (1.1e-04)
028.675 .... 62 packets received, 4588 bps, 57.35%, Err 25 (1.1e-04)
030.827 .... 72 packets received, 4944 bps, 61.80%, Err 25 (1.0e-04)
033.205 .... 76 packets received, 4833 bps, 60.41%, Err 27 (1.0e-04)
035.867 .... 81 packets received, 4758 bps, 59.47%, Err 29 (1.0e-04)
038.801 .... 87 packets received, 4714 bps, 58.92%, Err 34 (1.1e-04)
041.457 .... 92 packets received, 4657 bps, 58.22%, Err 36 (1.1e-04)
043.846 .... 100 packets received, 4780 bps, 59.75%, Err 36 (1.0e-04)
046.268 .... 105 packets received, 4750 bps, 59.38%, Err 37 (1.0e-04)
050.252 .... 108 packets received, 4491 bps, 56.14%, Err 41 (1.0e-04)
053.163 .... 114 packets received, 4476 bps, 55.95%, Err 45 (1.1e-04)
055.320 .... 124 packets received, 4675 bps, 58.44%, Err 46 (1.1e-04)
057.459 .... 132 packets received, 4788 bps, 59.85%, Err 46 (1.0e-04)
060.083 .... 138 packets received, 4784 bps, 59.79%, Err 49 (1.0e-04)
062.744 .... 142 packets received, 4710 bps, 58.88%, Err 50 (1.0e-04)
065.408 .... 151 packets received, 4801 bps, 60.02%, Err 52 (1.0e-04)
069.948 .... 155 packets received, 4604 bps, 57.55%, Err 56 (1.0e-04)
072.610 .... 167 packets received, 4776 bps, 59.70%, Err 58 (1.0e-04)
074.722 .... 173 packets received, 4806 bps, 60.08%, Err 58 (9.8e-05)
076.863 .... 179 packets received, 4832 bps, 60.40%, Err 60 (9.9e-05)
080.051 .... 185 packets received, 4793 bps, 59.91%, Err 64 (1.0e-04)
082.174 .... 194 packets received, 4895 bps, 61.18%, Err 65 (1.0e-04)
084.838 .... 199 packets received, 4861 bps, 60.77%, Err 67 (1.0e-04)
088.040 .... 208 packets received, 4894 bps, 61.18%, Err 72 (1.0e-04)
090.700 .... 210 packets received, 4795 bps, 59.93%, Err 73 (1.0e-04)
092.844 .... 219 packets received, 4883 bps, 61.04%, Err 73 (9.9e-05)
094.995 .... 222 packets received, 4837 bps, 60.46%, Err 74 (9.8e-05)
097.118 .... 228 packets received, 4858 bps, 60.73%, Err 75 (9.7e-05)
101.124 .... 235 packets received, 4807 bps, 60.09%, Err 80 (1.0e-04)
103.782 .... 245 packets received, 4882 bps, 61.02%, Err 84 (1.0e-04)
105.900 .... 252 packets received, 4920 bps, 61.50%, Err 85 (1.0e-04)
109.077 .... 256 packets received, 4851 bps, 60.64%, Err 87 (1.0e-04)
112.020 .... 266 packets received, 4907 bps, 61.34%, Err 91 (1.0e-04)
114.960 .... 271 packets received, 4870 bps, 60.88%, Err 92 (1.0e-04)
117.617 .... 281 packets received, 4935 bps, 61.69%, Err 94 (1.0e-04)
120.536 .... 290 packets received, 4969 bps, 62.11%, Err 95 (9.9e-05)
123.214 .... 299 packets received, 5011 bps, 62.63%, Err 98 (1.0e-04)
126.391 .... 303 packets received, 4949 bps, 61.86%, Err 101 (1.0e-04)
131.975 .... 314 packets received, 4910 bps, 61.37%, Err 106 (1.0e-04)
134.911 .... 324 packets received, 4955 bps, 61.94%, Err 111 (1.0e-04)
137.062 .... 332 packets received, 4997 bps, 62.47%, Err 112 (1.0e-04)
139.728 .... 335 packets received, 4946 bps, 61.82%, Err 114 (1.0e-04)
142.392 .... 345 packets received, 4997 bps, 62.47%, Err 116 (1.0e-04)
145.299 .... 350 packets received, 4967 bps, 62.09%, Err 119 (1.0e-04)
149.309 .... 358 packets received, 4944 bps, 61.80%, Err 122 (1.0e-04)
151.423 .... 370 packets received, 5038 bps, 62.97%, Err 122 (1.0e-04)
154.109 .... 375 packets received, 5016 bps, 62.70%, Err 124 (1.0e-04)
156.750 .... 382 packets received, 5023 bps, 62.79%, Err 126 (1.0e-04)
158.868 .... 393 packets received, 5098 bps, 63.73%, Err 126 (1.0e-04)
161.013 .... 401 packets received, 5132 bps, 64.16%, Err 127 (9.9e-05)
164.727 .... 404 packets received, 5054 bps, 63.17%, Err 131 (1.0e-04)
167.401 .... 414 packets received, 5095 bps, 63.69%, Err 134 (1.0e-04)
169.524 .... 420 packets received, 5104 bps, 63.80%, Err 135 (1.0e-04)
173.227 .... 422 packets received, 5018 bps, 62.73%, Err 139 (1.0e-04)
175.368 .... 434 packets received, 5097 bps, 63.72%, Err 140 (1.0e-04)
177.491 .... 437 packets received, 5071 bps, 63.39%, Err 143 (1.0e-04)
180.422 .... 444 packets received, 5068 bps, 63.35%, Err 144 (1.0e-04)
183.066 .... 454 packets received, 5107 bps, 63.84%, Err 146 (1.0e-04)
185.988 .... 457 packets received, 5059 bps, 63.24%, Err 149 (1.0e-04)
188.914 .... 462 packets received, 5035 bps, 62.94%, Err 152 (1.0e-04)
191.063 .... 473 packets received, 5097 bps, 63.71%, Err 152 (1.0e-04)
194.268 .... 477 packets received, 5055 bps, 63.18%, Err 155 (1.0e-04)
197.444 .... 488 packets received, 5088 bps, 63.60%, Err 157 (1.0e-04)
199.574 .... 497 packets received, 5126 bps, 64.07%, Err 157 (9.9e-05)
201.708 .... 505 packets received, 5153 bps, 64.41%, Err 158 (9.8e-05)
203.837 .... 513 packets received, 5180 bps, 64.75%, Err 158 (9.7e-05)
205.953 .... 521 packets received, 5206 bps, 65.08%, Err 160 (9.7e-05)
208.075 .... 528 packets received, 5222 bps, 65.28%, Err 160 (9.6e-05)
211.554 .... 532 packets received, 5175 bps, 64.68%, Err 165 (9.8e-05)
214.741 .... 541 packets received, 5184 bps, 64.80%, Err 168 (9.8e-05)
218.211 .... 543 packets received, 5120 bps, 64.00%, Err 171 (9.8e-05)
220.368 .... 555 packets received, 5181 bps, 64.77%, Err 173 (9.8e-05)
222.505 .... 561 packets received, 5187 bps, 64.84%, Err 173 (9.8e-05)
226.217 .... 563 packets received, 5120 bps, 64.00%, Err 178 (9.9e-05)
229.132 .... 568 packets received, 5099 bps, 63.74%, Err 182 (1.0e-04)
232.588 .... 573 packets received, 5067 bps, 63.34%, Err 186 (1.0e-04)
238.157 .... 584 packets received, 5043 bps, 63.04%, Err 189 (1.0e-04)
240.834 .... 596 packets received, 5089 bps, 63.62%, Err 190 (9.9e-05)
244.019 .... 602 packets received, 5073 bps, 63.42%, Err 195 (1.0e-04)
246.710 .... 612 packets received, 5101 bps, 63.76%, Err 196 (1.0e-04)
248.821 .... 618 packets received, 5107 bps, 63.84%, Err 199 (1.0e-04)
252.553 .... 625 packets received, 5088 bps, 63.61%, Err 202 (1.0e-04)
255.227 .... 631 packets received, 5083 bps, 63.54%, Err 203 (1.0e-04)
257.346 .... 638 packets received, 5097 bps, 63.71%, Err 203 (9.9e-05)
259.751 .... 642 packets received, 5081 bps, 63.52%, Err 204 (9.8e-05)
261.889 .... 651 packets received, 5110 bps, 63.88%, Err 205 (9.8e-05)
264.028 .... 659 packets received, 5131 bps, 64.14%, Err 205 (9.7e-05)
266.146 .... 666 packets received, 5144 bps, 64.30%, Err 206 (9.7e-05)
268.541 .... 671 packets received, 5136 bps, 64.21%, Err 207 (9.7e-05)
270.660 .... 678 packets received, 5149 bps, 64.37%, Err 209 (9.7e-05)
273.320 .... 687 packets received, 5167 bps, 64.58%, Err 212 (9.7e-05)
275.984 .... 693 packets received, 5161 bps, 64.52%, Err 213 (9.7e-05)
278.380 .... 705 packets received, 5205 bps, 65.07%, Err 213 (9.6e-05)
281.295 .... 709 packets received, 5180 bps, 64.75%, Err 218 (9.7e-05)
283.953 .... 712 packets received, 5153 bps, 64.42%, Err 218 (9.6e-05)
286.077 .... 722 packets received, 5187 bps, 64.84%, Err 218 (9.6e-05)
291.133 .... 729 packets received, 5146 bps, 64.32%, Err 226 (9.7e-05)
294.087 .... 736 packets received, 5143 bps, 64.29%, Err 230 (9.8e-05)
296.203 .... 745 packets received, 5169 bps, 64.61%, Err 231 (9.8e-05)
298.608 .... 749 packets received, 5154 bps, 64.43%, Err 235 (9.9e-05)
300.985 .... 750 packets received, 5120 bps, 64.00%, Err 240 (1.0e-04)
303.651 .... 752 packets received, 5089 bps, 63.61%, Err 244 (1.0e-04)
306.331 .... 754 packets received, 5057 bps, 63.22%, Err 245 (1.0e-04)
308.976 .... 768 packets received, 5107 bps, 63.84%, Err 248 (1.0e-04)
311.097 .... 773 packets received, 5105 bps, 63.82%, Err 248 (1.0e-04)
313.252 .... 776 packets received, 5090 bps, 63.62%, Err 249 (1.0e-04)
315.367 .... 782 packets received, 5094 bps, 63.68%, Err 250 (9.9e-05)
318.818 .... 787 packets received, 5071 bps, 63.39%, Err 254 (1.0e-04)
322.292 .... 793 packets received, 5055 bps, 63.19%, Err 258 (1.0e-04)
324.951 .... 802 packets received, 5070 bps, 63.38%, Err 259 (1.0e-04)
327.079 .... 813 packets received, 5106 bps, 63.83%, Err 260 (1.0e-04)
330.289 .... 821 packets received, 5106 bps, 63.83%, Err 262 (9.9e-05)
333.734 .... 826 packets received, 5084 bps, 63.55%, Err 266 (1.0e-04)
335.882 .... 827 packets received, 5058 bps, 63.22%, Err 268 (1.0e-04)
337.998 .... 838 packets received, 5093 bps, 63.66%, Err 270 (1.0e-04)
340.137 .... 847 packets received, 5115 bps, 63.94%, Err 271 (1.0e-04)
343.592 .... 849 packets received, 5075 bps, 63.44%, Err 275 (1.0e-04)
346.796 .... 852 packets received, 5046 bps, 63.08%, Err 278 (1.0e-04)
348.922 .... 865 packets received, 5092 bps, 63.65%, Err 279 (1.0e-04)
351.066 .... 869 packets received, 5084 bps, 63.55%, Err 281 (1.0e-04)
353.695 .... 875 packets received, 5081 bps, 63.51%, Err 282 (1.0e-04)
355.829 .... 885 packets received, 5108 bps, 63.85%, Err 285 (1.0e-04)
357.954 .... 891 packets received, 5112 bps, 63.90%, Err 286 (1.0e-04)
360.094 .... 895 packets received, 5104 bps, 63.81%, Err 287 (1.0e-04)
364.091 .... 902 packets received, 5088 bps, 63.60%, Err 292 (1.0e-04)
367.295 .... 910 packets received, 5088 bps, 63.60%, Err 294 (1.0e-04)
369.682 .... 917 packets received, 5094 bps, 63.67%, Err 297 (1.0e-04)
371.813 .... 928 packets received, 5125 bps, 64.07%, Err 297 (1.0e-04)
374.747 .... 934 packets received, 5118 bps, 63.97%, Err 299 (1.0e-04)
376.889 .... 944 packets received, 5143 bps, 64.29%, Err 300 (1.0e-04)
380.877 .... 948 packets received, 5111 bps, 63.89%, Err 304 (1.0e-04)
382.987 .... 952 packets received, 5104 bps, 63.80%, Err 307 (1.0e-04)
385.389 .... 960 packets received, 5115 bps, 63.94%, Err 310 (1.0e-04)
388.060 .... 970 packets received, 5132 bps, 64.16%, Err 311 (1.0e-04)
390.191 .... 973 packets received, 5120 bps, 64.00%, Err 313 (1.0e-04)
393.385 .... 982 packets received, 5125 bps, 64.07%, Err 314 (1.0e-04)
396.582 .... 991 packets received, 5131 bps, 64.13%, Err 318 (1.0e-04)
399.226 .... 995 packets received, 5117 bps, 63.96%, Err 321 (1.0e-04)
404.277 .... 1000 packets received, 5078 bps, 63.48%, Err 326 (1.0e-04)
406.953 .... 1011 packets received, 5100 bps, 63.76%, Err 329 (1.0e-04)
409.081 .... 1019 packets received, 5114 bps, 63.92%, Err 329 (1.0e-04)
411.208 .... 1026 packets received, 5122 bps, 64.03%, Err 330 (1.0e-04)
413.328 .... 1030 packets received, 5116 bps, 63.95%, Err 332 (1.0e-04)
415.462 .... 1040 packets received, 5139 bps, 64.24%, Err 333 (1.0e-04)
417.602 .... 1044 packets received, 5132 bps, 64.15%, Err 335 (1.0e-04)
420.787 .... 1048 packets received, 5113 bps, 63.91%, Err 338 (1.0e-04)
423.779 .... 1058 packets received, 5125 bps, 64.06%, Err 341 (1.0e-04)
425.854 .... 1066 packets received, 5139 bps, 64.23%, Err 342 (1.0e-04)
428.505 .... 1070 packets received, 5126 bps, 64.07%, Err 343 (1.0e-04)
430.635 .... 1081 packets received, 5153 bps, 64.41%, Err 344 (1.0e-04)
432.767 .... 1087 packets received, 5156 bps, 64.45%, Err 345 (1.0e-04)
434.909 .... 1093 packets received, 5159 bps, 64.49%, Err 345 (9.9e-05)
438.090 .... 1098 packets received, 5145 bps, 64.31%, Err 350 (1.0e-04)
440.209 .... 1099 packets received, 5125 bps, 64.06%, Err 352 (1.0e-04)
442.618 .... 1109 packets received, 5143 bps, 64.29%, Err 354 (1.0e-04)
445.005 .... 1113 packets received, 5134 bps, 64.17%, Err 357 (1.0e-04)
447.144 .... 1122 packets received, 5150 bps, 64.38%, Err 357 (1.0e-04)
450.076 .... 1128 packets received, 5144 bps, 64.30%, Err 362 (1.0e-04)
453.021 .... 1131 packets received, 5124 bps, 64.05%, Err 365 (1.0e-04)
456.722 .... 1136 packets received, 5105 bps, 63.81%, Err 369 (1.0e-04)
459.138 .... 1142 packets received, 5105 bps, 63.81%, Err 373 (1.0e-04)
461.802 .... 1149 packets received, 5107 bps, 63.83%, Err 376 (1.0e-04)
465.003 .... 1153 packets received, 5089 bps, 63.61%, Err 379 (1.0e-04)
467.132 .... 1162 packets received, 5105 bps, 63.82%, Err 381 (1.0e-04)
469.241 .... 1167 packets received, 5104 bps, 63.80%, Err 381 (1.0e-04)
470.510 ** WARNING: System too busy, sleep 15 ms, but be awakened 69 ms later
471.905 .... 1171 packets received, 5093 bps, 63.66%, Err 383 (1.0e-04)
474.577 .... 1178 packets received, 5094 bps, 63.68%, Err 386 (1.0e-04)
476.717 .... 1189 packets received, 5119 bps, 63.98%, Err 387 (1.0e-04)
479.367 .... 1191 packets received, 5099 bps, 63.74%, Err 388 (1.0e-04)
481.493 .... 1202 packets received, 5123 bps, 64.04%, Err 388 (1.0e-04)
485.242 .... 1204 packets received, 5092 bps, 63.65%, Err 390 (1.0e-04)
487.363 .... 1216 packets received, 5120 bps, 64.01%, Err 391 (1.0e-04)
490.552 .... 1223 packets received, 5116 bps, 63.95%, Err 395 (1.0e-04)
493.207 .... 1233 packets received, 5130 bps, 64.13%, Err 396 (1.0e-04)
495.599 .... 1237 packets received, 5122 bps, 64.03%, Err 397 (1.0e-04)
497.713 .... 1247 packets received, 5142 bps, 64.27%, Err 397 (1.0e-04)
501.189 .... 1255 packets received, 5139 bps, 64.23%, Err 399 (1.0e-04)
503.324 .... 1257 packets received, 5125 bps, 64.06%, Err 402 (1.0e-04)
505.989 .... 1263 packets received, 5122 bps, 64.03%, Err 404 (1.0e-04)
510.794 .... 1271 packets received, 5106 bps, 63.83%, Err 408 (1.0e-04)
514.005 .... 1277 packets received, 5098 bps, 63.73%, Err 412 (1.0e-04)
516.623 .... 1286 packets received, 5108 bps, 63.85%, Err 416 (1.0e-04)
519.025 .... 1287 packets received, 5088 bps, 63.60%, Err 419 (1.0e-04)
521.969 .... 1292 packets received, 5079 bps, 63.49%, Err 419 (1.0e-04)
524.916 .... 1303 packets received, 5093 bps, 63.67%, Err 421 (1.0e-04)
527.014 .... 1313 packets received, 5112 bps, 63.90%, Err 421 (1.0e-04)
529.166 .... 1320 packets received, 5118 bps, 63.98%, Err 422 (1.0e-04)
531.287 .... 1328 packets received, 5129 bps, 64.11%, Err 423 (1.0e-04)
534.489 .... 1329 packets received, 5102 bps, 63.77%, Err 428 (1.0e-04)
537.402 .... 1334 packets received, 5093 bps, 63.67%, Err 431 (1.0e-04)
540.599 .... 1339 packets received, 5082 bps, 63.53%, Err 435 (1.0e-04)
542.958 .... 1349 packets received, 5098 bps, 63.72%, Err 437 (1.0e-04)
545.134 .... 1356 packets received, 5104 bps, 63.80%, Err 437 (1.0e-04)
547.794 .... 1360 packets received, 5094 bps, 63.67%, Err 441 (1.0e-04)
551.794 .... 1367 packets received, 5083 bps, 63.54%, Err 445 (1.0e-04)
554.441 .... 1378 packets received, 5099 bps, 63.74%, Err 448 (1.0e-04)
556.597 .... 1381 packets received, 5091 bps, 63.63%, Err 449 (1.0e-04)
558.974 .... 1390 packets received, 5102 bps, 63.77%, Err 450 (1.0e-04)
561.890 .... 1396 packets received, 5097 bps, 63.72%, Err 452 (1.0e-04)
564.830 .... 1407 packets received, 5111 bps, 63.88%, Err 454 (1.0e-04)
566.942 .... 1413 packets received, 5113 bps, 63.92%, Err 455 (1.0e-04)
569.079 .... 1424 packets received, 5134 bps, 64.17%, Err 455 (1.0e-04)
571.205 .... 1432 packets received, 5143 bps, 64.29%, Err 456 (1.0e-04)
574.402 .... 1433 packets received, 5118 bps, 63.98%, Err 461 (1.0e-04)
577.881 .... 1436 packets received, 5098 bps, 63.72%, Err 462 (1.0e-04)
580.521 .... 1449 packets received, 5121 bps, 64.01%, Err 464 (1.0e-04)
582.923 .... 1456 packets received, 5124 bps, 64.05%, Err 465 (1.0e-04)
587.724 .... 1466 packets received, 5117 bps, 63.96%, Err 469 (1.0e-04)
590.639 .... 1477 packets received, 5130 bps, 64.13%, Err 471 (1.0e-04)
593.587 .... 1483 packets received, 5125 bps, 64.07%, Err 476 (1.0e-04)
596.784 .... 1487 packets received, 5112 bps, 63.89%, Err 478 (1.0e-04)
598.922 .... 1497 packets received, 5128 bps, 64.09%, Err 479 (1.0e-04)
601.054 .... 1505 packets received, 5137 bps, 64.21%, Err 479 (1.0e-04)
604.248 .... 1511 packets received, 5130 bps, 64.12%, Err 484 (1.0e-04)
606.907 .... 1516 packets received, 5124 bps, 64.05%, Err 484 (1.0e-04)
611.431 .... 1525 packets received, 5116 bps, 63.95%, Err 490 (1.0e-04)
613.820 .... 1530 packets received, 5113 bps, 63.91%, Err 492 (1.0e-04)
615.938 .... 1540 packets received, 5129 bps, 64.11%, Err 492 (1.0e-04)
618.067 .... 1544 packets received, 5124 bps, 64.06%, Err 494 (1.0e-04)
622.855 .... 1552 packets received, 5111 bps, 63.89%, Err 499 (1.0e-04)
625.785 .... 1563 packets received, 5123 bps, 64.04%, Err 500 (1.0e-04)
627.887 .... 1571 packets received, 5132 bps, 64.15%, Err 501 (1.0e-04)
630.572 .... 1576 packets received, 5127 bps, 64.08%, Err 505 (1.0e-04)
633.771 .... 1588 packets received, 5140 bps, 64.25%, Err 507 (1.0e-04)
636.442 .... 1596 packets received, 5144 bps, 64.30%, Err 509 (1.0e-04)
638.591 .... 1606 packets received, 5159 bps, 64.48%, Err 510 (1.0e-04)
641.251 .... 1612 packets received, 5156 bps, 64.45%, Err 514 (1.0e-04)
643.923 .... 1615 packets received, 5145 bps, 64.31%, Err 520 (1.0e-04)
646.568 .... 1618 packets received, 5133 bps, 64.16%, Err 521 (1.0e-04)
649.223 .... 1628 packets received, 5144 bps, 64.29%, Err 522 (1.0e-04)
651.354 .... 1633 packets received, 5142 bps, 64.28%, Err 526 (1.0e-04)
654.034 .... 1635 packets received, 5128 bps, 64.09%, Err 526 (1.0e-04)
657.217 .... 1646 packets received, 5137 bps, 64.21%, Err 529 (1.0e-04)
659.617 .... 1648 packets received, 5125 bps, 64.06%, Err 531 (1.0e-04)
661.745 .... 1660 packets received, 5145 bps, 64.32%, Err 532 (1.0e-04)
664.666 .... 1667 packets received, 5144 bps, 64.30%, Err 535 (1.0e-04)
669.460 .... 1676 packets received, 5135 bps, 64.19%, Err 539 (1.0e-04)
671.857 .... 1687 packets received, 5150 bps, 64.38%, Err 540 (1.0e-04)
673.998 .... 1697 packets received, 5164 bps, 64.55%, Err 540 (1.0e-04)
676.110 .... 1704 packets received, 5169 bps, 64.62%, Err 541 (1.0e-04)
678.251 .... 1707 packets received, 5162 bps, 64.52%, Err 543 (1.0e-04)
680.911 .... 1714 packets received, 5163 bps, 64.54%, Err 545 (1.0e-04)
682.708 ** WARNING: System too busy, sleep 15 ms, but be awakened 72 ms later
683.054 .... 1722 packets received, 5171 bps, 64.63%, Err 546 (1.0e-04)
685.704 .... 1728 packets received, 5169 bps, 64.61%, Err 547 (1.0e-04)
687.852 .... 1738 packets received, 5182 bps, 64.78%, Err 547 (1.0e-04)
691.805 .... 1741 packets received, 5161 bps, 64.52%, Err 551 (1.0e-04)
693.920 .... 1753 packets received, 5181 bps, 64.76%, Err 553 (1.0e-04)
697.116 .... 1759 packets received, 5175 bps, 64.69%, Err 555 (1.0e-04)
700.027 Quit.
