000.000 =============================================================
000.000                     Station B                               
000.000 -------------------------------------------------------------
000.000 Protocol.lib, version 4.0, jiangyanjun0718@bupt.edu.cn
000.000 Channel: 8000 bps, 270 ms propagation delay, bit error rate 0
000.000 Log file "uB.log", TCP port 30012, debug mask 0x00
000.000 Station B is connecting station A (TCP port 30012) ... Done.
000.690 New epoch: Tue May  7 21:45:59 2019
000.690 =================================================================
000.690 
000.690 Designed by CJSoft, build: May  7 2019  21:45:55
003.092 .... 8 packets received, 7721 bps, 96.51%, Err 0 (0.0e+00)
005.215 .... 16 packets received, 7719 bps, 96.49%, Err 0 (0.0e+00)
007.338 .... 24 packets received, 7719 bps, 96.48%, Err 0 (0.0e+00)
009.451 .... 32 packets received, 7727 bps, 96.59%, Err 0 (0.0e+00)
011.570 .... 40 packets received, 7728 bps, 96.60%, Err 0 (0.0e+00)
013.702 .... 48 packets received, 7721 bps, 96.51%, Err 0 (0.0e+00)
015.818 .... 56 packets received, 7724 bps, 96.55%, Err 0 (0.0e+00)
017.928 .... 64 packets received, 7729 bps, 96.62%, Err 0 (0.0e+00)
020.046 .... 72 packets received, 7730 bps, 96.62%, Err 0 (0.0e+00)
022.174 .... 80 packets received, 7727 bps, 96.59%, Err 0 (0.0e+00)
024.302 .... 88 packets received, 7724 bps, 96.55%, Err 0 (0.0e+00)
026.412 .... 96 packets received, 7728 bps, 96.60%, Err 0 (0.0e+00)
028.525 .... 104 packets received, 7730 bps, 96.62%, Err 0 (0.0e+00)
030.698 .... 112 packets received, 7716 bps, 96.45%, Err 0 (0.0e+00)
032.809 .... 120 packets received, 7719 bps, 96.49%, Err 0 (0.0e+00)
034.945 .... 128 packets received, 7716 bps, 96.45%, Err 0 (0.0e+00)
037.057 .... 136 packets received, 7718 bps, 96.48%, Err 0 (0.0e+00)
039.173 .... 144 packets received, 7720 bps, 96.50%, Err 0 (0.0e+00)
041.315 .... 152 packets received, 7716 bps, 96.45%, Err 0 (0.0e+00)
043.415 .... 160 packets received, 7720 bps, 96.50%, Err 0 (0.0e+00)
045.544 .... 168 packets received, 7719 bps, 96.49%, Err 0 (0.0e+00)
047.650 .... 176 packets received, 7722 bps, 96.52%, Err 0 (0.0e+00)
049.795 .... 184 packets received, 7718 bps, 96.48%, Err 0 (0.0e+00)
051.900 .... 192 packets received, 7721 bps, 96.51%, Err 0 (0.0e+00)
054.011 .... 200 packets received, 7722 bps, 96.53%, Err 0 (0.0e+00)
056.130 .... 208 packets received, 7723 bps, 96.53%, Err 0 (0.0e+00)
058.254 .... 216 packets received, 7722 bps, 96.53%, Err 0 (0.0e+00)
060.367 .... 224 packets received, 7723 bps, 96.54%, Err 0 (0.0e+00)
062.494 .... 232 packets received, 7723 bps, 96.53%, Err 0 (0.0e+00)
064.623 .... 240 packets received, 7722 bps, 96.52%, Err 0 (0.0e+00)
066.751 .... 248 packets received, 7721 bps, 96.51%, Err 0 (0.0e+00)
068.872 .... 256 packets received, 7721 bps, 96.52%, Err 0 (0.0e+00)
070.990 .... 264 packets received, 7722 bps, 96.52%, Err 0 (0.0e+00)
073.097 .... 272 packets received, 7723 bps, 96.54%, Err 0 (0.0e+00)
075.207 .... 280 packets received, 7724 bps, 96.56%, Err 0 (0.0e+00)
077.334 .... 288 packets received, 7724 bps, 96.55%, Err 0 (0.0e+00)
079.464 .... 296 packets received, 7723 bps, 96.54%, Err 0 (0.0e+00)
081.591 .... 304 packets received, 7722 bps, 96.53%, Err 0 (0.0e+00)
083.713 .... 312 packets received, 7722 bps, 96.53%, Err 0 (0.0e+00)
085.818 .... 320 packets received, 7724 bps, 96.55%, Err 0 (0.0e+00)
087.928 .... 328 packets received, 7725 bps, 96.56%, Err 0 (0.0e+00)
090.055 .... 336 packets received, 7724 bps, 96.55%, Err 0 (0.0e+00)
092.182 .... 344 packets received, 7724 bps, 96.55%, Err 0 (0.0e+00)
094.301 .... 352 packets received, 7724 bps, 96.55%, Err 0 (0.0e+00)
096.410 .... 360 packets received, 7725 bps, 96.56%, Err 0 (0.0e+00)
098.554 .... 368 packets received, 7723 bps, 96.54%, Err 0 (0.0e+00)
100.663 .... 376 packets received, 7724 bps, 96.55%, Err 0 (0.0e+00)
102.776 .... 384 packets received, 7725 bps, 96.56%, Err 0 (0.0e+00)
104.913 .... 392 packets received, 7724 bps, 96.55%, Err 0 (0.0e+00)
107.006 .... 400 packets received, 7726 bps, 96.57%, Err 0 (0.0e+00)
109.147 .... 408 packets received, 7724 bps, 96.55%, Err 0 (0.0e+00)
111.260 .... 416 packets received, 7725 bps, 96.56%, Err 0 (0.0e+00)
113.379 .... 424 packets received, 7725 bps, 96.56%, Err 0 (0.0e+00)
115.499 .... 432 packets received, 7725 bps, 96.56%, Err 0 (0.0e+00)
117.620 .... 440 packets received, 7725 bps, 96.56%, Err 0 (0.0e+00)
119.742 .... 448 packets received, 7725 bps, 96.56%, Err 0 (0.0e+00)
121.863 .... 456 packets received, 7725 bps, 96.56%, Err 0 (0.0e+00)
123.983 .... 464 packets received, 7725 bps, 96.56%, Err 0 (0.0e+00)
126.101 .... 472 packets received, 7725 bps, 96.56%, Err 0 (0.0e+00)
128.226 .... 480 packets received, 7725 bps, 96.56%, Err 0 (0.0e+00)
130.328 .... 488 packets received, 7726 bps, 96.58%, Err 0 (0.0e+00)
132.461 .... 496 packets received, 7725 bps, 96.57%, Err 0 (0.0e+00)
134.590 .... 504 packets received, 7725 bps, 96.56%, Err 0 (0.0e+00)
136.698 .... 512 packets received, 7726 bps, 96.57%, Err 0 (0.0e+00)
138.820 .... 520 packets received, 7725 bps, 96.57%, Err 0 (0.0e+00)
140.943 .... 528 packets received, 7725 bps, 96.57%, Err 0 (0.0e+00)
143.065 .... 536 packets received, 7725 bps, 96.57%, Err 0 (0.0e+00)
145.173 .... 544 packets received, 7726 bps, 96.57%, Err 0 (0.0e+00)
147.289 .... 552 packets received, 7726 bps, 96.58%, Err 0 (0.0e+00)
149.426 .... 560 packets received, 7725 bps, 96.57%, Err 0 (0.0e+00)
151.533 .... 568 packets received, 7726 bps, 96.58%, Err 0 (0.0e+00)
153.642 .... 576 packets received, 7727 bps, 96.58%, Err 0 (0.0e+00)
155.794 .... 584 packets received, 7725 bps, 96.56%, Err 0 (0.0e+00)
157.894 .... 592 packets received, 7726 bps, 96.58%, Err 0 (0.0e+00)
160.023 .... 600 packets received, 7726 bps, 96.57%, Err 0 (0.0e+00)
162.138 .... 608 packets received, 7726 bps, 96.58%, Err 0 (0.0e+00)
164.261 .... 616 packets received, 7726 bps, 96.57%, Err 0 (0.0e+00)
166.391 .... 624 packets received, 7725 bps, 96.57%, Err 0 (0.0e+00)
168.481 .... 632 packets received, 7727 bps, 96.59%, Err 0 (0.0e+00)
170.620 .... 640 packets received, 7726 bps, 96.58%, Err 0 (0.0e+00)
172.739 .... 648 packets received, 7726 bps, 96.58%, Err 0 (0.0e+00)
174.847 .... 656 packets received, 7727 bps, 96.58%, Err 0 (0.0e+00)
176.978 .... 664 packets received, 7726 bps, 96.58%, Err 0 (0.0e+00)
179.095 .... 672 packets received, 7726 bps, 96.58%, Err 0 (0.0e+00)
181.213 .... 680 packets received, 7726 bps, 96.58%, Err 0 (0.0e+00)
183.331 .... 688 packets received, 7727 bps, 96.58%, Err 0 (0.0e+00)
185.470 .... 696 packets received, 7726 bps, 96.57%, Err 0 (0.0e+00)
187.567 .... 704 packets received, 7727 bps, 96.58%, Err 0 (0.0e+00)
189.685 .... 712 packets received, 7727 bps, 96.59%, Err 0 (0.0e+00)
191.820 .... 720 packets received, 7726 bps, 96.58%, Err 0 (0.0e+00)
193.938 .... 728 packets received, 7726 bps, 96.58%, Err 0 (0.0e+00)
196.068 .... 736 packets received, 7726 bps, 96.58%, Err 0 (0.0e+00)
198.165 .... 744 packets received, 7727 bps, 96.59%, Err 0 (0.0e+00)
200.307 .... 752 packets received, 7726 bps, 96.58%, Err 0 (0.0e+00)
202.428 .... 760 packets received, 7726 bps, 96.58%, Err 0 (0.0e+00)
204.548 .... 768 packets received, 7726 bps, 96.58%, Err 0 (0.0e+00)
206.661 .... 776 packets received, 7726 bps, 96.58%, Err 0 (0.0e+00)
208.806 .... 784 packets received, 7725 bps, 96.57%, Err 0 (0.0e+00)
210.887 .... 792 packets received, 7727 bps, 96.59%, Err 0 (0.0e+00)
213.028 .... 800 packets received, 7726 bps, 96.58%, Err 0 (0.0e+00)
215.161 .... 808 packets received, 7726 bps, 96.57%, Err 0 (0.0e+00)
217.326 .... 816 packets received, 7724 bps, 96.55%, Err 0 (0.0e+00)
219.410 .... 824 packets received, 7725 bps, 96.57%, Err 0 (0.0e+00)
221.549 .... 832 packets received, 7725 bps, 96.56%, Err 0 (0.0e+00)
223.667 .... 840 packets received, 7725 bps, 96.56%, Err 0 (0.0e+00)
225.784 .... 848 packets received, 7725 bps, 96.56%, Err 0 (0.0e+00)
227.900 .... 856 packets received, 7725 bps, 96.57%, Err 0 (0.0e+00)
230.025 .... 864 packets received, 7725 bps, 96.56%, Err 0 (0.0e+00)
232.134 .... 872 packets received, 7725 bps, 96.57%, Err 0 (0.0e+00)
234.255 .... 880 packets received, 7725 bps, 96.57%, Err 0 (0.0e+00)
236.364 .... 888 packets received, 7726 bps, 96.57%, Err 0 (0.0e+00)
238.507 .... 896 packets received, 7725 bps, 96.56%, Err 0 (0.0e+00)
240.615 .... 904 packets received, 7726 bps, 96.57%, Err 0 (0.0e+00)
242.744 .... 912 packets received, 7725 bps, 96.57%, Err 0 (0.0e+00)
244.853 .... 920 packets received, 7726 bps, 96.57%, Err 0 (0.0e+00)
246.979 .... 928 packets received, 7726 bps, 96.57%, Err 0 (0.0e+00)
249.090 .... 936 packets received, 7726 bps, 96.57%, Err 0 (0.0e+00)
251.208 .... 944 packets received, 7726 bps, 96.57%, Err 0 (0.0e+00)
253.329 .... 952 packets received, 7726 bps, 96.57%, Err 0 (0.0e+00)
255.448 .... 960 packets received, 7726 bps, 96.57%, Err 0 (0.0e+00)
257.569 .... 968 packets received, 7726 bps, 96.57%, Err 0 (0.0e+00)
259.706 .... 976 packets received, 7725 bps, 96.57%, Err 0 (0.0e+00)
261.819 .... 984 packets received, 7726 bps, 96.57%, Err 0 (0.0e+00)
263.933 .... 992 packets received, 7726 bps, 96.57%, Err 0 (0.0e+00)
266.053 .... 1000 packets received, 7726 bps, 96.57%, Err 0 (0.0e+00)
268.179 .... 1008 packets received, 7726 bps, 96.57%, Err 0 (0.0e+00)
270.295 .... 1016 packets received, 7726 bps, 96.57%, Err 0 (0.0e+00)
272.423 .... 1024 packets received, 7726 bps, 96.57%, Err 0 (0.0e+00)
274.538 .... 1032 packets received, 7726 bps, 96.57%, Err 0 (0.0e+00)
276.663 .... 1040 packets received, 7726 bps, 96.57%, Err 0 (0.0e+00)
278.762 .... 1048 packets received, 7726 bps, 96.58%, Err 0 (0.0e+00)
280.905 .... 1056 packets received, 7726 bps, 96.57%, Err 0 (0.0e+00)
283.003 .... 1064 packets received, 7726 bps, 96.58%, Err 0 (0.0e+00)
285.145 .... 1072 packets received, 7726 bps, 96.57%, Err 0 (0.0e+00)
287.267 .... 1080 packets received, 7726 bps, 96.57%, Err 0 (0.0e+00)
289.369 .... 1088 packets received, 7726 bps, 96.58%, Err 0 (0.0e+00)
291.516 .... 1096 packets received, 7725 bps, 96.57%, Err 0 (0.0e+00)
293.620 .... 1104 packets received, 7726 bps, 96.57%, Err 0 (0.0e+00)
295.722 .... 1112 packets received, 7726 bps, 96.58%, Err 0 (0.0e+00)
297.860 .... 1120 packets received, 7726 bps, 96.57%, Err 0 (0.0e+00)
299.958 .... 1128 packets received, 7727 bps, 96.58%, Err 0 (0.0e+00)
302.093 .... 1136 packets received, 7726 bps, 96.58%, Err 0 (0.0e+00)
304.209 .... 1144 packets received, 7726 bps, 96.58%, Err 0 (0.0e+00)
306.320 .... 1152 packets received, 7727 bps, 96.58%, Err 0 (0.0e+00)
308.461 .... 1160 packets received, 7726 bps, 96.58%, Err 0 (0.0e+00)
310.585 .... 1168 packets received, 7726 bps, 96.57%, Err 0 (0.0e+00)
312.691 .... 1176 packets received, 7726 bps, 96.58%, Err 0 (0.0e+00)
314.817 .... 1184 packets received, 7726 bps, 96.58%, Err 0 (0.0e+00)
316.931 .... 1192 packets received, 7726 bps, 96.58%, Err 0 (0.0e+00)
319.064 .... 1200 packets received, 7726 bps, 96.58%, Err 0 (0.0e+00)
321.181 .... 1208 packets received, 7726 bps, 96.58%, Err 0 (0.0e+00)
323.299 .... 1216 packets received, 7726 bps, 96.58%, Err 0 (0.0e+00)
325.416 .... 1224 packets received, 7726 bps, 96.58%, Err 0 (0.0e+00)
327.525 .... 1232 packets received, 7727 bps, 96.58%, Err 0 (0.0e+00)
329.662 .... 1240 packets received, 7726 bps, 96.58%, Err 0 (0.0e+00)
331.769 .... 1248 packets received, 7726 bps, 96.58%, Err 0 (0.0e+00)
333.885 .... 1256 packets received, 7727 bps, 96.58%, Err 0 (0.0e+00)
336.009 .... 1264 packets received, 7726 bps, 96.58%, Err 0 (0.0e+00)
338.136 .... 1272 packets received, 7726 bps, 96.58%, Err 0 (0.0e+00)
340.247 .... 1280 packets received, 7727 bps, 96.58%, Err 0 (0.0e+00)
342.394 .... 1288 packets received, 7726 bps, 96.57%, Err 0 (0.0e+00)
344.504 .... 1296 packets received, 7726 bps, 96.58%, Err 0 (0.0e+00)
346.619 .... 1304 packets received, 7726 bps, 96.58%, Err 0 (0.0e+00)
348.731 .... 1312 packets received, 7727 bps, 96.58%, Err 0 (0.0e+00)
350.853 .... 1320 packets received, 7726 bps, 96.58%, Err 0 (0.0e+00)
352.976 .... 1328 packets received, 7726 bps, 96.58%, Err 0 (0.0e+00)
355.099 .... 1336 packets received, 7726 bps, 96.58%, Err 0 (0.0e+00)
357.207 .... 1344 packets received, 7727 bps, 96.58%, Err 0 (0.0e+00)
359.336 .... 1352 packets received, 7726 bps, 96.58%, Err 0 (0.0e+00)
361.456 .... 1360 packets received, 7726 bps, 96.58%, Err 0 (0.0e+00)
363.581 .... 1368 packets received, 7726 bps, 96.58%, Err 0 (0.0e+00)
365.694 .... 1376 packets received, 7727 bps, 96.58%, Err 0 (0.0e+00)
367.809 .... 1384 packets received, 7727 bps, 96.58%, Err 0 (0.0e+00)
369.955 .... 1392 packets received, 7726 bps, 96.58%, Err 0 (0.0e+00)
372.047 .... 1400 packets received, 7727 bps, 96.58%, Err 0 (0.0e+00)
374.191 .... 1408 packets received, 7726 bps, 96.58%, Err 0 (0.0e+00)
376.309 .... 1416 packets received, 7726 bps, 96.58%, Err 0 (0.0e+00)
378.426 .... 1424 packets received, 7726 bps, 96.58%, Err 0 (0.0e+00)
380.532 .... 1432 packets received, 7727 bps, 96.58%, Err 0 (0.0e+00)
382.691 .... 1440 packets received, 7726 bps, 96.57%, Err 0 (0.0e+00)
384.794 .... 1448 packets received, 7726 bps, 96.58%, Err 0 (0.0e+00)
386.912 .... 1456 packets received, 7726 bps, 96.58%, Err 0 (0.0e+00)
389.013 .... 1464 packets received, 7727 bps, 96.58%, Err 0 (0.0e+00)
391.142 .... 1472 packets received, 7726 bps, 96.58%, Err 0 (0.0e+00)
393.259 .... 1480 packets received, 7727 bps, 96.58%, Err 0 (0.0e+00)
395.377 .... 1488 packets received, 7727 bps, 96.58%, Err 0 (0.0e+00)
397.506 .... 1496 packets received, 7726 bps, 96.58%, Err 0 (0.0e+00)
399.645 .... 1504 packets received, 7726 bps, 96.58%, Err 0 (0.0e+00)
401.744 .... 1512 packets received, 7726 bps, 96.58%, Err 0 (0.0e+00)
403.850 .... 1520 packets received, 7727 bps, 96.58%, Err 0 (0.0e+00)
405.992 .... 1528 packets received, 7726 bps, 96.58%, Err 0 (0.0e+00)
408.109 .... 1536 packets received, 7726 bps, 96.58%, Err 0 (0.0e+00)
410.221 .... 1544 packets received, 7727 bps, 96.58%, Err 0 (0.0e+00)
412.343 .... 1552 packets received, 7727 bps, 96.58%, Err 0 (0.0e+00)
414.460 .... 1560 packets received, 7727 bps, 96.58%, Err 0 (0.0e+00)
416.580 .... 1568 packets received, 7727 bps, 96.58%, Err 0 (0.0e+00)
418.706 .... 1576 packets received, 7727 bps, 96.58%, Err 0 (0.0e+00)
420.817 .... 1584 packets received, 7727 bps, 96.58%, Err 0 (0.0e+00)
422.942 .... 1592 packets received, 7727 bps, 96.58%, Err 0 (0.0e+00)
425.066 .... 1600 packets received, 7727 bps, 96.58%, Err 0 (0.0e+00)
427.192 .... 1608 packets received, 7726 bps, 96.58%, Err 0 (0.0e+00)
429.372 .... 1616 packets received, 7725 bps, 96.57%, Err 0 (0.0e+00)
431.432 .... 1624 packets received, 7726 bps, 96.58%, Err 0 (0.0e+00)
433.552 .... 1632 packets received, 7726 bps, 96.58%, Err 0 (0.0e+00)
435.676 .... 1640 packets received, 7726 bps, 96.58%, Err 0 (0.0e+00)
437.807 .... 1648 packets received, 7726 bps, 96.58%, Err 0 (0.0e+00)
439.896 .... 1656 packets received, 7727 bps, 96.58%, Err 0 (0.0e+00)
442.037 .... 1664 packets received, 7726 bps, 96.58%, Err 0 (0.0e+00)
444.153 .... 1672 packets received, 7727 bps, 96.58%, Err 0 (0.0e+00)
446.276 .... 1680 packets received, 7726 bps, 96.58%, Err 0 (0.0e+00)
448.402 .... 1688 packets received, 7726 bps, 96.58%, Err 0 (0.0e+00)
450.511 .... 1696 packets received, 7727 bps, 96.58%, Err 0 (0.0e+00)
452.634 .... 1704 packets received, 7727 bps, 96.58%, Err 0 (0.0e+00)
454.760 .... 1712 packets received, 7726 bps, 96.58%, Err 0 (0.0e+00)
456.878 .... 1720 packets received, 7726 bps, 96.58%, Err 0 (0.0e+00)
458.977 .... 1728 packets received, 7727 bps, 96.59%, Err 0 (0.0e+00)
461.137 .... 1736 packets received, 7726 bps, 96.58%, Err 0 (0.0e+00)
463.220 .... 1744 packets received, 7727 bps, 96.58%, Err 0 (0.0e+00)
465.352 .... 1752 packets received, 7727 bps, 96.58%, Err 0 (0.0e+00)
467.474 .... 1760 packets received, 7727 bps, 96.58%, Err 0 (0.0e+00)
469.587 .... 1768 packets received, 7727 bps, 96.58%, Err 0 (0.0e+00)
470.510 ** WARNING: System too busy, sleep 15 ms, but be awakened 69 ms later
471.699 .... 1776 packets received, 7727 bps, 96.59%, Err 0 (0.0e+00)
473.838 .... 1784 packets received, 7727 bps, 96.58%, Err 0 (0.0e+00)
475.962 .... 1792 packets received, 7726 bps, 96.58%, Err 0 (0.0e+00)
478.094 .... 1800 packets received, 7726 bps, 96.58%, Err 0 (0.0e+00)
480.198 .... 1808 packets received, 7727 bps, 96.58%, Err 0 (0.0e+00)
482.314 .... 1816 packets received, 7727 bps, 96.58%, Err 0 (0.0e+00)
484.447 .... 1824 packets received, 7726 bps, 96.58%, Err 0 (0.0e+00)
486.563 .... 1832 packets received, 7727 bps, 96.58%, Err 0 (0.0e+00)
488.681 .... 1840 packets received, 7727 bps, 96.58%, Err 0 (0.0e+00)
490.804 .... 1848 packets received, 7727 bps, 96.58%, Err 0 (0.0e+00)
492.913 .... 1856 packets received, 7727 bps, 96.58%, Err 0 (0.0e+00)
495.043 .... 1864 packets received, 7727 bps, 96.58%, Err 0 (0.0e+00)
497.151 .... 1872 packets received, 7727 bps, 96.58%, Err 0 (0.0e+00)
499.271 .... 1880 packets received, 7727 bps, 96.58%, Err 0 (0.0e+00)
501.404 .... 1888 packets received, 7727 bps, 96.58%, Err 0 (0.0e+00)
503.517 .... 1896 packets received, 7727 bps, 96.58%, Err 0 (0.0e+00)
505.652 .... 1904 packets received, 7726 bps, 96.58%, Err 0 (0.0e+00)
507.754 .... 1912 packets received, 7727 bps, 96.58%, Err 0 (0.0e+00)
509.874 .... 1920 packets received, 7727 bps, 96.58%, Err 0 (0.0e+00)
512.008 .... 1928 packets received, 7727 bps, 96.58%, Err 0 (0.0e+00)
514.115 .... 1936 packets received, 7727 bps, 96.58%, Err 0 (0.0e+00)
516.247 .... 1944 packets received, 7727 bps, 96.58%, Err 0 (0.0e+00)
518.364 .... 1952 packets received, 7727 bps, 96.58%, Err 0 (0.0e+00)
520.483 .... 1960 packets received, 7727 bps, 96.58%, Err 0 (0.0e+00)
522.600 .... 1968 packets received, 7727 bps, 96.58%, Err 0 (0.0e+00)
524.728 .... 1976 packets received, 7727 bps, 96.58%, Err 0 (0.0e+00)
526.852 .... 1984 packets received, 7727 bps, 96.58%, Err 0 (0.0e+00)
528.958 .... 1992 packets received, 7727 bps, 96.58%, Err 0 (0.0e+00)
531.074 .... 2000 packets received, 7727 bps, 96.58%, Err 0 (0.0e+00)
533.198 .... 2008 packets received, 7727 bps, 96.58%, Err 0 (0.0e+00)
535.332 .... 2016 packets received, 7727 bps, 96.58%, Err 0 (0.0e+00)
537.448 .... 2024 packets received, 7727 bps, 96.58%, Err 0 (0.0e+00)
539.548 .... 2032 packets received, 7727 bps, 96.59%, Err 0 (0.0e+00)
541.690 .... 2040 packets received, 7727 bps, 96.58%, Err 0 (0.0e+00)
542.377 ** WARNING: System too busy, sleep 15 ms, but be awakened 94 ms later
543.810 .... 2048 packets received, 7727 bps, 96.58%, Err 0 (0.0e+00)
545.928 .... 2056 packets received, 7727 bps, 96.58%, Err 0 (0.0e+00)
548.041 .... 2064 packets received, 7727 bps, 96.58%, Err 0 (0.0e+00)
550.163 .... 2072 packets received, 7727 bps, 96.58%, Err 0 (0.0e+00)
552.273 .... 2080 packets received, 7727 bps, 96.59%, Err 0 (0.0e+00)
554.419 .... 2088 packets received, 7727 bps, 96.58%, Err 0 (0.0e+00)
556.519 .... 2096 packets received, 7727 bps, 96.58%, Err 0 (0.0e+00)
558.642 .... 2104 packets received, 7727 bps, 96.58%, Err 0 (0.0e+00)
560.769 .... 2112 packets received, 7727 bps, 96.58%, Err 0 (0.0e+00)
562.879 .... 2120 packets received, 7727 bps, 96.59%, Err 0 (0.0e+00)
564.989 .... 2128 packets received, 7727 bps, 96.59%, Err 0 (0.0e+00)
567.116 .... 2136 packets received, 7727 bps, 96.59%, Err 0 (0.0e+00)
569.255 .... 2144 packets received, 7727 bps, 96.58%, Err 0 (0.0e+00)
571.350 .... 2152 packets received, 7727 bps, 96.59%, Err 0 (0.0e+00)
573.484 .... 2160 packets received, 7727 bps, 96.58%, Err 0 (0.0e+00)
575.605 .... 2168 packets received, 7727 bps, 96.58%, Err 0 (0.0e+00)
577.735 .... 2176 packets received, 7727 bps, 96.58%, Err 0 (0.0e+00)
579.835 .... 2184 packets received, 7727 bps, 96.59%, Err 0 (0.0e+00)
581.954 .... 2192 packets received, 7727 bps, 96.59%, Err 0 (0.0e+00)
584.070 .... 2200 packets received, 7727 bps, 96.59%, Err 0 (0.0e+00)
586.203 .... 2208 packets received, 7727 bps, 96.59%, Err 0 (0.0e+00)
588.305 .... 2216 packets received, 7727 bps, 96.59%, Err 0 (0.0e+00)
590.440 .... 2224 packets received, 7727 bps, 96.59%, Err 0 (0.0e+00)
592.563 .... 2232 packets received, 7727 bps, 96.59%, Err 0 (0.0e+00)
594.698 .... 2240 packets received, 7727 bps, 96.58%, Err 0 (0.0e+00)
596.815 .... 2248 packets received, 7727 bps, 96.58%, Err 0 (0.0e+00)
598.942 .... 2256 packets received, 7727 bps, 96.58%, Err 0 (0.0e+00)
601.055 .... 2264 packets received, 7727 bps, 96.58%, Err 0 (0.0e+00)
603.194 .... 2272 packets received, 7726 bps, 96.58%, Err 0 (0.0e+00)
605.329 .... 2280 packets received, 7726 bps, 96.58%, Err 0 (0.0e+00)
607.434 .... 2288 packets received, 7726 bps, 96.58%, Err 0 (0.0e+00)
609.575 .... 2296 packets received, 7726 bps, 96.58%, Err 0 (0.0e+00)
611.690 .... 2304 packets received, 7726 bps, 96.58%, Err 0 (0.0e+00)
613.802 .... 2312 packets received, 7726 bps, 96.58%, Err 0 (0.0e+00)
615.937 .... 2320 packets received, 7726 bps, 96.58%, Err 0 (0.0e+00)
618.068 .... 2328 packets received, 7726 bps, 96.58%, Err 0 (0.0e+00)
620.174 .... 2336 packets received, 7726 bps, 96.58%, Err 0 (0.0e+00)
622.311 .... 2344 packets received, 7726 bps, 96.58%, Err 0 (0.0e+00)
624.414 .... 2352 packets received, 7726 bps, 96.58%, Err 0 (0.0e+00)
626.538 .... 2360 packets received, 7726 bps, 96.58%, Err 0 (0.0e+00)
628.652 .... 2368 packets received, 7726 bps, 96.58%, Err 0 (0.0e+00)
630.779 .... 2376 packets received, 7726 bps, 96.58%, Err 0 (0.0e+00)
632.911 .... 2384 packets received, 7726 bps, 96.58%, Err 0 (0.0e+00)
635.013 .... 2392 packets received, 7726 bps, 96.58%, Err 0 (0.0e+00)
637.155 .... 2400 packets received, 7726 bps, 96.58%, Err 0 (0.0e+00)
639.267 .... 2408 packets received, 7726 bps, 96.58%, Err 0 (0.0e+00)
641.381 .... 2416 packets received, 7726 bps, 96.58%, Err 0 (0.0e+00)
643.494 .... 2424 packets received, 7726 bps, 96.58%, Err 0 (0.0e+00)
645.637 .... 2432 packets received, 7726 bps, 96.58%, Err 0 (0.0e+00)
647.751 .... 2440 packets received, 7726 bps, 96.58%, Err 0 (0.0e+00)
649.851 .... 2448 packets received, 7726 bps, 96.58%, Err 0 (0.0e+00)
651.964 .... 2456 packets received, 7726 bps, 96.58%, Err 0 (0.0e+00)
654.097 .... 2464 packets received, 7726 bps, 96.58%, Err 0 (0.0e+00)
656.216 .... 2472 packets received, 7726 bps, 96.58%, Err 0 (0.0e+00)
658.345 .... 2480 packets received, 7726 bps, 96.58%, Err 0 (0.0e+00)
660.460 .... 2488 packets received, 7726 bps, 96.58%, Err 0 (0.0e+00)
662.580 .... 2496 packets received, 7726 bps, 96.58%, Err 0 (0.0e+00)
664.707 .... 2504 packets received, 7726 bps, 96.58%, Err 0 (0.0e+00)
666.822 .... 2512 packets received, 7726 bps, 96.58%, Err 0 (0.0e+00)
668.951 .... 2520 packets received, 7726 bps, 96.58%, Err 0 (0.0e+00)
671.057 .... 2528 packets received, 7726 bps, 96.58%, Err 0 (0.0e+00)
673.182 .... 2536 packets received, 7726 bps, 96.58%, Err 0 (0.0e+00)
675.296 .... 2544 packets received, 7726 bps, 96.58%, Err 0 (0.0e+00)
677.422 .... 2552 packets received, 7726 bps, 96.58%, Err 0 (0.0e+00)
679.521 .... 2560 packets received, 7727 bps, 96.58%, Err 0 (0.0e+00)
681.653 .... 2568 packets received, 7726 bps, 96.58%, Err 0 (0.0e+00)
682.708 ** WARNING: System too busy, sleep 15 ms, but be awakened 74 ms later
683.789 .... 2576 packets received, 7726 bps, 96.58%, Err 0 (0.0e+00)
685.893 .... 2584 packets received, 7726 bps, 96.58%, Err 0 (0.0e+00)
688.018 .... 2592 packets received, 7726 bps, 96.58%, Err 0 (0.0e+00)
690.116 .... 2600 packets received, 7727 bps, 96.58%, Err 0 (0.0e+00)
692.274 .... 2608 packets received, 7726 bps, 96.58%, Err 0 (0.0e+00)
694.389 .... 2616 packets received, 7726 bps, 96.58%, Err 0 (0.0e+00)
696.501 .... 2624 packets received, 7726 bps, 96.58%, Err 0 (0.0e+00)
697.412 ** WARNING: System too busy, sleep 15 ms, but be awakened 79 ms later
698.617 .... 2632 packets received, 7726 bps, 96.58%, Err 0 (0.0e+00)
700.023 Quit.
