000.000 =============================================================
000.000                     Station A                               
000.000 -------------------------------------------------------------
000.000 Protocol.lib, version 4.0, jiangyanjun0718@bupt.edu.cn
000.000 Channel: 8000 bps, 270 ms propagation delay, bit error rate 0
000.000 Log file "ufA.log", TCP port 30013, debug mask 0x00
000.000 Station A is waiting for station B on TCP port 30013 ... Done.
000.703 New epoch: Tue May  7 21:45:59 2019
000.703 =================================================================
000.703 
000.703 Designed by CJSoft, build: May  7 2019  21:45:55
003.092 .... 8 packets received, 7728 bps, 96.60%, Err 0 (0.0e+00)
005.266 .... 16 packets received, 7631 bps, 95.39%, Err 0 (0.0e+00)
007.399 .... 24 packets received, 7648 bps, 95.60%, Err 0 (0.0e+00)
009.519 .... 32 packets received, 7668 bps, 95.85%, Err 0 (0.0e+00)
011.632 .... 40 packets received, 7685 bps, 96.06%, Err 0 (0.0e+00)
013.749 .... 48 packets received, 7694 bps, 96.17%, Err 0 (0.0e+00)
015.870 .... 56 packets received, 7698 bps, 96.23%, Err 0 (0.0e+00)
017.993 .... 64 packets received, 7701 bps, 96.26%, Err 0 (0.0e+00)
020.115 .... 72 packets received, 7703 bps, 96.29%, Err 0 (0.0e+00)
022.242 .... 80 packets received, 7703 bps, 96.29%, Err 0 (0.0e+00)
024.381 .... 88 packets received, 7699 bps, 96.24%, Err 0 (0.0e+00)
026.508 .... 96 packets received, 7699 bps, 96.24%, Err 0 (0.0e+00)
028.608 .... 104 packets received, 7707 bps, 96.34%, Err 0 (0.0e+00)
030.744 .... 112 packets received, 7704 bps, 96.31%, Err 0 (0.0e+00)
032.877 .... 120 packets received, 7703 bps, 96.29%, Err 0 (0.0e+00)
034.992 .... 128 packets received, 7706 bps, 96.32%, Err 0 (0.0e+00)
037.125 .... 136 packets received, 7704 bps, 96.30%, Err 0 (0.0e+00)
039.219 .... 144 packets received, 7711 bps, 96.38%, Err 0 (0.0e+00)
041.364 .... 152 packets received, 7707 bps, 96.34%, Err 0 (0.0e+00)
043.472 .... 160 packets received, 7710 bps, 96.38%, Err 0 (0.0e+00)
045.582 .... 168 packets received, 7713 bps, 96.41%, Err 0 (0.0e+00)
047.707 .... 176 packets received, 7713 bps, 96.41%, Err 0 (0.0e+00)
049.828 .... 184 packets received, 7713 bps, 96.41%, Err 0 (0.0e+00)
051.949 .... 192 packets received, 7714 bps, 96.42%, Err 0 (0.0e+00)
054.060 .... 200 packets received, 7715 bps, 96.44%, Err 0 (0.0e+00)
056.193 .... 208 packets received, 7714 bps, 96.43%, Err 0 (0.0e+00)
058.298 .... 216 packets received, 7717 bps, 96.46%, Err 0 (0.0e+00)
060.428 .... 224 packets received, 7716 bps, 96.45%, Err 0 (0.0e+00)
062.558 .... 232 packets received, 7715 bps, 96.44%, Err 0 (0.0e+00)
064.670 .... 240 packets received, 7716 bps, 96.46%, Err 0 (0.0e+00)
066.798 .... 248 packets received, 7716 bps, 96.45%, Err 0 (0.0e+00)
068.919 .... 256 packets received, 7716 bps, 96.45%, Err 0 (0.0e+00)
071.053 .... 264 packets received, 7715 bps, 96.44%, Err 0 (0.0e+00)
073.142 .... 272 packets received, 7719 bps, 96.48%, Err 0 (0.0e+00)
075.264 .... 280 packets received, 7719 bps, 96.48%, Err 0 (0.0e+00)
077.381 .... 288 packets received, 7719 bps, 96.49%, Err 0 (0.0e+00)
079.508 .... 296 packets received, 7719 bps, 96.49%, Err 0 (0.0e+00)
081.646 .... 304 packets received, 7717 bps, 96.47%, Err 0 (0.0e+00)
083.768 .... 312 packets received, 7717 bps, 96.47%, Err 0 (0.0e+00)
085.861 .... 320 packets received, 7720 bps, 96.50%, Err 0 (0.0e+00)
087.991 .... 328 packets received, 7720 bps, 96.49%, Err 0 (0.0e+00)
090.109 .... 336 packets received, 7720 bps, 96.50%, Err 0 (0.0e+00)
092.228 .... 344 packets received, 7720 bps, 96.50%, Err 0 (0.0e+00)
094.350 .... 352 packets received, 7720 bps, 96.50%, Err 0 (0.0e+00)
096.474 .... 360 packets received, 7720 bps, 96.50%, Err 0 (0.0e+00)
098.601 .... 368 packets received, 7720 bps, 96.50%, Err 0 (0.0e+00)
100.727 .... 376 packets received, 7719 bps, 96.49%, Err 0 (0.0e+00)
102.845 .... 384 packets received, 7720 bps, 96.50%, Err 0 (0.0e+00)
104.960 .... 392 packets received, 7720 bps, 96.50%, Err 0 (0.0e+00)
107.066 .... 400 packets received, 7721 bps, 96.52%, Err 0 (0.0e+00)
109.187 .... 408 packets received, 7722 bps, 96.52%, Err 0 (0.0e+00)
111.315 .... 416 packets received, 7721 bps, 96.51%, Err 0 (0.0e+00)
113.433 .... 424 packets received, 7721 bps, 96.52%, Err 0 (0.0e+00)
115.545 .... 432 packets received, 7722 bps, 96.53%, Err 0 (0.0e+00)
117.674 .... 440 packets received, 7722 bps, 96.52%, Err 0 (0.0e+00)
119.803 .... 448 packets received, 7721 bps, 96.51%, Err 0 (0.0e+00)
121.911 .... 456 packets received, 7722 bps, 96.52%, Err 0 (0.0e+00)
124.045 .... 464 packets received, 7721 bps, 96.52%, Err 0 (0.0e+00)
126.171 .... 472 packets received, 7721 bps, 96.51%, Err 0 (0.0e+00)
128.283 .... 480 packets received, 7722 bps, 96.52%, Err 0 (0.0e+00)
130.405 .... 488 packets received, 7722 bps, 96.52%, Err 0 (0.0e+00)
132.524 .... 496 packets received, 7722 bps, 96.52%, Err 0 (0.0e+00)
134.638 .... 504 packets received, 7722 bps, 96.53%, Err 0 (0.0e+00)
136.747 .... 512 packets received, 7723 bps, 96.54%, Err 0 (0.0e+00)
138.891 .... 520 packets received, 7722 bps, 96.52%, Err 0 (0.0e+00)
140.993 .... 528 packets received, 7723 bps, 96.53%, Err 0 (0.0e+00)
143.129 .... 536 packets received, 7722 bps, 96.52%, Err 0 (0.0e+00)
145.236 .... 544 packets received, 7723 bps, 96.53%, Err 0 (0.0e+00)
147.371 .... 552 packets received, 7722 bps, 96.53%, Err 0 (0.0e+00)
149.477 .... 560 packets received, 7723 bps, 96.54%, Err 0 (0.0e+00)
151.581 .... 568 packets received, 7724 bps, 96.55%, Err 0 (0.0e+00)
153.706 .... 576 packets received, 7724 bps, 96.54%, Err 0 (0.0e+00)
155.842 .... 584 packets received, 7723 bps, 96.54%, Err 0 (0.0e+00)
157.955 .... 592 packets received, 7723 bps, 96.54%, Err 0 (0.0e+00)
160.086 .... 600 packets received, 7723 bps, 96.53%, Err 0 (0.0e+00)
162.192 .... 608 packets received, 7724 bps, 96.54%, Err 0 (0.0e+00)
164.317 .... 616 packets received, 7723 bps, 96.54%, Err 0 (0.0e+00)
166.424 .... 624 packets received, 7724 bps, 96.55%, Err 0 (0.0e+00)
168.545 .... 632 packets received, 7724 bps, 96.55%, Err 0 (0.0e+00)
170.672 .... 640 packets received, 7724 bps, 96.55%, Err 0 (0.0e+00)
172.798 .... 648 packets received, 7724 bps, 96.54%, Err 0 (0.0e+00)
174.910 .... 656 packets received, 7724 bps, 96.55%, Err 0 (0.0e+00)
177.027 .... 664 packets received, 7724 bps, 96.55%, Err 0 (0.0e+00)
179.142 .... 672 packets received, 7724 bps, 96.55%, Err 0 (0.0e+00)
181.275 .... 680 packets received, 7724 bps, 96.55%, Err 0 (0.0e+00)
183.394 .... 688 packets received, 7724 bps, 96.55%, Err 0 (0.0e+00)
185.501 .... 696 packets received, 7725 bps, 96.56%, Err 0 (0.0e+00)
187.630 .... 704 packets received, 7724 bps, 96.55%, Err 0 (0.0e+00)
189.762 .... 712 packets received, 7724 bps, 96.55%, Err 0 (0.0e+00)
191.883 .... 720 packets received, 7724 bps, 96.55%, Err 0 (0.0e+00)
193.986 .... 728 packets received, 7725 bps, 96.56%, Err 0 (0.0e+00)
196.116 .... 736 packets received, 7724 bps, 96.55%, Err 0 (0.0e+00)
198.243 .... 744 packets received, 7724 bps, 96.55%, Err 0 (0.0e+00)
200.360 .... 752 packets received, 7724 bps, 96.55%, Err 0 (0.0e+00)
202.493 .... 760 packets received, 7724 bps, 96.55%, Err 0 (0.0e+00)
204.619 .... 768 packets received, 7723 bps, 96.54%, Err 0 (0.0e+00)
206.735 .... 776 packets received, 7724 bps, 96.55%, Err 0 (0.0e+00)
208.838 .... 784 packets received, 7724 bps, 96.55%, Err 0 (0.0e+00)
210.981 .... 792 packets received, 7724 bps, 96.54%, Err 0 (0.0e+00)
213.091 .... 800 packets received, 7724 bps, 96.55%, Err 0 (0.0e+00)
215.216 .... 808 packets received, 7724 bps, 96.55%, Err 0 (0.0e+00)
217.387 .... 816 packets received, 7722 bps, 96.53%, Err 0 (0.0e+00)
219.458 .... 824 packets received, 7724 bps, 96.55%, Err 0 (0.0e+00)
221.560 .... 832 packets received, 7725 bps, 96.56%, Err 0 (0.0e+00)
223.683 .... 840 packets received, 7724 bps, 96.56%, Err 0 (0.0e+00)
225.816 .... 848 packets received, 7724 bps, 96.55%, Err 0 (0.0e+00)
227.934 .... 856 packets received, 7724 bps, 96.55%, Err 0 (0.0e+00)
230.054 .... 864 packets received, 7724 bps, 96.55%, Err 0 (0.0e+00)
232.163 .... 872 packets received, 7725 bps, 96.56%, Err 0 (0.0e+00)
234.286 .... 880 packets received, 7725 bps, 96.56%, Err 0 (0.0e+00)
236.412 .... 888 packets received, 7724 bps, 96.55%, Err 0 (0.0e+00)
238.523 .... 896 packets received, 7725 bps, 96.56%, Err 0 (0.0e+00)
240.647 .... 904 packets received, 7725 bps, 96.56%, Err 0 (0.0e+00)
242.759 .... 912 packets received, 7725 bps, 96.56%, Err 0 (0.0e+00)
244.886 .... 920 packets received, 7725 bps, 96.56%, Err 0 (0.0e+00)
247.004 .... 928 packets received, 7725 bps, 96.56%, Err 0 (0.0e+00)
249.143 .... 936 packets received, 7724 bps, 96.55%, Err 0 (0.0e+00)
251.250 .... 944 packets received, 7725 bps, 96.56%, Err 0 (0.0e+00)
253.354 .... 952 packets received, 7725 bps, 96.56%, Err 0 (0.0e+00)
255.479 .... 960 packets received, 7725 bps, 96.56%, Err 0 (0.0e+00)
257.600 .... 968 packets received, 7725 bps, 96.56%, Err 0 (0.0e+00)
259.738 .... 976 packets received, 7725 bps, 96.56%, Err 0 (0.0e+00)
261.846 .... 984 packets received, 7725 bps, 96.56%, Err 0 (0.0e+00)
263.983 .... 992 packets received, 7724 bps, 96.56%, Err 0 (0.0e+00)
266.100 .... 1000 packets received, 7725 bps, 96.56%, Err 0 (0.0e+00)
268.209 .... 1008 packets received, 7725 bps, 96.56%, Err 0 (0.0e+00)
270.316 .... 1016 packets received, 7725 bps, 96.57%, Err 0 (0.0e+00)
272.455 .... 1024 packets received, 7725 bps, 96.56%, Err 0 (0.0e+00)
274.564 .... 1032 packets received, 7725 bps, 96.56%, Err 0 (0.0e+00)
276.695 .... 1040 packets received, 7725 bps, 96.56%, Err 0 (0.0e+00)
278.795 .... 1048 packets received, 7725 bps, 96.57%, Err 0 (0.0e+00)
280.931 .... 1056 packets received, 7725 bps, 96.56%, Err 0 (0.0e+00)
283.035 .... 1064 packets received, 7725 bps, 96.57%, Err 0 (0.0e+00)
285.163 .... 1072 packets received, 7725 bps, 96.57%, Err 0 (0.0e+00)
287.282 .... 1080 packets received, 7725 bps, 96.57%, Err 0 (0.0e+00)
289.405 .... 1088 packets received, 7725 bps, 96.57%, Err 0 (0.0e+00)
291.588 .... 1096 packets received, 7724 bps, 96.55%, Err 0 (0.0e+00)
293.653 .... 1104 packets received, 7725 bps, 96.56%, Err 0 (0.0e+00)
295.791 .... 1112 packets received, 7725 bps, 96.56%, Err 0 (0.0e+00)
297.892 .... 1120 packets received, 7725 bps, 96.56%, Err 0 (0.0e+00)
300.021 .... 1128 packets received, 7725 bps, 96.56%, Err 0 (0.0e+00)
302.144 .... 1136 packets received, 7725 bps, 96.56%, Err 0 (0.0e+00)
304.260 .... 1144 packets received, 7725 bps, 96.56%, Err 0 (0.0e+00)
306.371 .... 1152 packets received, 7725 bps, 96.57%, Err 0 (0.0e+00)
308.508 .... 1160 packets received, 7725 bps, 96.56%, Err 0 (0.0e+00)
310.605 .... 1168 packets received, 7725 bps, 96.57%, Err 0 (0.0e+00)
312.734 .... 1176 packets received, 7725 bps, 96.57%, Err 0 (0.0e+00)
314.848 .... 1184 packets received, 7725 bps, 96.57%, Err 0 (0.0e+00)
316.969 .... 1192 packets received, 7725 bps, 96.57%, Err 0 (0.0e+00)
319.081 .... 1200 packets received, 7726 bps, 96.57%, Err 0 (0.0e+00)
321.213 .... 1208 packets received, 7725 bps, 96.57%, Err 0 (0.0e+00)
323.334 .... 1216 packets received, 7725 bps, 96.57%, Err 0 (0.0e+00)
325.446 .... 1224 packets received, 7726 bps, 96.57%, Err 0 (0.0e+00)
327.583 .... 1232 packets received, 7725 bps, 96.57%, Err 0 (0.0e+00)
329.694 .... 1240 packets received, 7725 bps, 96.57%, Err 0 (0.0e+00)
331.811 .... 1248 packets received, 7726 bps, 96.57%, Err 0 (0.0e+00)
333.946 .... 1256 packets received, 7725 bps, 96.56%, Err 0 (0.0e+00)
336.051 .... 1264 packets received, 7726 bps, 96.57%, Err 0 (0.0e+00)
338.179 .... 1272 packets received, 7725 bps, 96.57%, Err 0 (0.0e+00)
340.294 .... 1280 packets received, 7726 bps, 96.57%, Err 0 (0.0e+00)
342.404 .... 1288 packets received, 7726 bps, 96.57%, Err 0 (0.0e+00)
344.537 .... 1296 packets received, 7725 bps, 96.57%, Err 0 (0.0e+00)
346.658 .... 1304 packets received, 7725 bps, 96.57%, Err 0 (0.0e+00)
348.781 .... 1312 packets received, 7725 bps, 96.57%, Err 0 (0.0e+00)
350.895 .... 1320 packets received, 7726 bps, 96.57%, Err 0 (0.0e+00)
353.006 .... 1328 packets received, 7726 bps, 96.57%, Err 0 (0.0e+00)
355.130 .... 1336 packets received, 7726 bps, 96.57%, Err 0 (0.0e+00)
357.257 .... 1344 packets received, 7726 bps, 96.57%, Err 0 (0.0e+00)
359.367 .... 1352 packets received, 7726 bps, 96.57%, Err 0 (0.0e+00)
361.486 .... 1360 packets received, 7726 bps, 96.57%, Err 0 (0.0e+00)
363.616 .... 1368 packets received, 7726 bps, 96.57%, Err 0 (0.0e+00)
365.742 .... 1376 packets received, 7726 bps, 96.57%, Err 0 (0.0e+00)
367.857 .... 1384 packets received, 7726 bps, 96.57%, Err 0 (0.0e+00)
369.974 .... 1392 packets received, 7726 bps, 96.57%, Err 0 (0.0e+00)
372.094 .... 1400 packets received, 7726 bps, 96.57%, Err 0 (0.0e+00)
374.226 .... 1408 packets received, 7726 bps, 96.57%, Err 0 (0.0e+00)
376.332 .... 1416 packets received, 7726 bps, 96.57%, Err 0 (0.0e+00)
378.442 .... 1424 packets received, 7726 bps, 96.58%, Err 0 (0.0e+00)
380.571 .... 1432 packets received, 7726 bps, 96.57%, Err 0 (0.0e+00)
382.724 .... 1440 packets received, 7725 bps, 96.57%, Err 0 (0.0e+00)
384.826 .... 1448 packets received, 7726 bps, 96.57%, Err 0 (0.0e+00)
386.944 .... 1456 packets received, 7726 bps, 96.57%, Err 0 (0.0e+00)
389.047 .... 1464 packets received, 7726 bps, 96.58%, Err 0 (0.0e+00)
391.171 .... 1472 packets received, 7726 bps, 96.57%, Err 0 (0.0e+00)
393.306 .... 1480 packets received, 7726 bps, 96.57%, Err 0 (0.0e+00)
395.404 .... 1488 packets received, 7726 bps, 96.58%, Err 0 (0.0e+00)
397.547 .... 1496 packets received, 7726 bps, 96.57%, Err 0 (0.0e+00)
399.681 .... 1504 packets received, 7725 bps, 96.57%, Err 0 (0.0e+00)
401.796 .... 1512 packets received, 7726 bps, 96.57%, Err 0 (0.0e+00)
403.917 .... 1520 packets received, 7726 bps, 96.57%, Err 0 (0.0e+00)
406.023 .... 1528 packets received, 7726 bps, 96.57%, Err 0 (0.0e+00)
408.139 .... 1536 packets received, 7726 bps, 96.57%, Err 0 (0.0e+00)
410.249 .... 1544 packets received, 7726 bps, 96.58%, Err 0 (0.0e+00)
412.384 .... 1552 packets received, 7726 bps, 96.57%, Err 0 (0.0e+00)
414.491 .... 1560 packets received, 7726 bps, 96.58%, Err 0 (0.0e+00)
416.613 .... 1568 packets received, 7726 bps, 96.58%, Err 0 (0.0e+00)
418.734 .... 1576 packets received, 7726 bps, 96.58%, Err 0 (0.0e+00)
420.849 .... 1584 packets received, 7726 bps, 96.58%, Err 0 (0.0e+00)
422.989 .... 1592 packets received, 7726 bps, 96.57%, Err 0 (0.0e+00)
425.105 .... 1600 packets received, 7726 bps, 96.57%, Err 0 (0.0e+00)
427.234 .... 1608 packets received, 7726 bps, 96.57%, Err 0 (0.0e+00)
429.378 .... 1616 packets received, 7725 bps, 96.57%, Err 0 (0.0e+00)
431.467 .... 1624 packets received, 7726 bps, 96.57%, Err 0 (0.0e+00)
433.575 .... 1632 packets received, 7726 bps, 96.58%, Err 0 (0.0e+00)
435.711 .... 1640 packets received, 7726 bps, 96.57%, Err 0 (0.0e+00)
437.831 .... 1648 packets received, 7726 bps, 96.57%, Err 0 (0.0e+00)
439.955 .... 1656 packets received, 7726 bps, 96.57%, Err 0 (0.0e+00)
442.067 .... 1664 packets received, 7726 bps, 96.57%, Err 0 (0.0e+00)
444.200 .... 1672 packets received, 7726 bps, 96.57%, Err 0 (0.0e+00)
446.307 .... 1680 packets received, 7726 bps, 96.57%, Err 0 (0.0e+00)
448.439 .... 1688 packets received, 7726 bps, 96.57%, Err 0 (0.0e+00)
450.549 .... 1696 packets received, 7726 bps, 96.57%, Err 0 (0.0e+00)
452.680 .... 1704 packets received, 7726 bps, 96.57%, Err 0 (0.0e+00)
454.797 .... 1712 packets received, 7726 bps, 96.57%, Err 0 (0.0e+00)
456.926 .... 1720 packets received, 7726 bps, 96.57%, Err 0 (0.0e+00)
459.028 .... 1728 packets received, 7726 bps, 96.58%, Err 0 (0.0e+00)
461.170 .... 1736 packets received, 7726 bps, 96.57%, Err 0 (0.0e+00)
463.283 .... 1744 packets received, 7726 bps, 96.57%, Err 0 (0.0e+00)
465.398 .... 1752 packets received, 7726 bps, 96.57%, Err 0 (0.0e+00)
467.524 .... 1760 packets received, 7726 bps, 96.57%, Err 0 (0.0e+00)
469.620 .... 1768 packets received, 7726 bps, 96.58%, Err 0 (0.0e+00)
471.763 .... 1776 packets received, 7726 bps, 96.57%, Err 0 (0.0e+00)
473.900 .... 1784 packets received, 7726 bps, 96.57%, Err 0 (0.0e+00)
475.993 .... 1792 packets received, 7726 bps, 96.58%, Err 0 (0.0e+00)
478.113 .... 1800 packets received, 7726 bps, 96.58%, Err 0 (0.0e+00)
480.244 .... 1808 packets received, 7726 bps, 96.57%, Err 0 (0.0e+00)
482.363 .... 1816 packets received, 7726 bps, 96.57%, Err 0 (0.0e+00)
484.489 .... 1824 packets received, 7726 bps, 96.57%, Err 0 (0.0e+00)
486.594 .... 1832 packets received, 7726 bps, 96.58%, Err 0 (0.0e+00)
488.712 .... 1840 packets received, 7726 bps, 96.58%, Err 0 (0.0e+00)
490.837 .... 1848 packets received, 7726 bps, 96.58%, Err 0 (0.0e+00)
492.962 .... 1856 packets received, 7726 bps, 96.57%, Err 0 (0.0e+00)
495.087 .... 1864 packets received, 7726 bps, 96.57%, Err 0 (0.0e+00)
497.182 .... 1872 packets received, 7726 bps, 96.58%, Err 0 (0.0e+00)
499.314 .... 1880 packets received, 7726 bps, 96.58%, Err 0 (0.0e+00)
501.434 .... 1888 packets received, 7726 bps, 96.58%, Err 0 (0.0e+00)
503.570 .... 1896 packets received, 7726 bps, 96.57%, Err 0 (0.0e+00)
505.674 .... 1904 packets received, 7726 bps, 96.58%, Err 0 (0.0e+00)
507.795 .... 1912 packets received, 7726 bps, 96.58%, Err 0 (0.0e+00)
509.913 .... 1920 packets received, 7726 bps, 96.58%, Err 0 (0.0e+00)
512.031 .... 1928 packets received, 7726 bps, 96.58%, Err 0 (0.0e+00)
514.152 .... 1936 packets received, 7726 bps, 96.58%, Err 0 (0.0e+00)
516.279 .... 1944 packets received, 7726 bps, 96.58%, Err 0 (0.0e+00)
518.396 .... 1952 packets received, 7726 bps, 96.58%, Err 0 (0.0e+00)
520.529 .... 1960 packets received, 7726 bps, 96.57%, Err 0 (0.0e+00)
522.630 .... 1968 packets received, 7726 bps, 96.58%, Err 0 (0.0e+00)
524.745 .... 1976 packets received, 7726 bps, 96.58%, Err 0 (0.0e+00)
526.864 .... 1984 packets received, 7726 bps, 96.58%, Err 0 (0.0e+00)
529.013 .... 1992 packets received, 7726 bps, 96.57%, Err 0 (0.0e+00)
531.135 .... 2000 packets received, 7726 bps, 96.57%, Err 0 (0.0e+00)
533.238 .... 2008 packets received, 7726 bps, 96.58%, Err 0 (0.0e+00)
535.365 .... 2016 packets received, 7726 bps, 96.58%, Err 0 (0.0e+00)
537.479 .... 2024 packets received, 7726 bps, 96.58%, Err 0 (0.0e+00)
539.599 .... 2032 packets received, 7726 bps, 96.58%, Err 0 (0.0e+00)
541.711 .... 2040 packets received, 7726 bps, 96.58%, Err 0 (0.0e+00)
543.858 .... 2048 packets received, 7726 bps, 96.57%, Err 0 (0.0e+00)
545.979 .... 2056 packets received, 7726 bps, 96.57%, Err 0 (0.0e+00)
548.073 .... 2064 packets received, 7726 bps, 96.58%, Err 0 (0.0e+00)
550.223 .... 2072 packets received, 7726 bps, 96.57%, Err 0 (0.0e+00)
552.340 .... 2080 packets received, 7726 bps, 96.57%, Err 0 (0.0e+00)
554.441 .... 2088 packets received, 7726 bps, 96.58%, Err 0 (0.0e+00)
556.564 .... 2096 packets received, 7726 bps, 96.58%, Err 0 (0.0e+00)
558.692 .... 2104 packets received, 7726 bps, 96.58%, Err 0 (0.0e+00)
560.803 .... 2112 packets received, 7726 bps, 96.58%, Err 0 (0.0e+00)
562.932 .... 2120 packets received, 7726 bps, 96.58%, Err 0 (0.0e+00)
565.051 .... 2128 packets received, 7726 bps, 96.58%, Err 0 (0.0e+00)
567.170 .... 2136 packets received, 7726 bps, 96.58%, Err 0 (0.0e+00)
569.288 .... 2144 packets received, 7726 bps, 96.58%, Err 0 (0.0e+00)
571.408 .... 2152 packets received, 7726 bps, 96.58%, Err 0 (0.0e+00)
573.520 .... 2160 packets received, 7726 bps, 96.58%, Err 0 (0.0e+00)
575.663 .... 2168 packets received, 7726 bps, 96.58%, Err 0 (0.0e+00)
577.767 .... 2176 packets received, 7726 bps, 96.58%, Err 0 (0.0e+00)
579.895 .... 2184 packets received, 7726 bps, 96.58%, Err 0 (0.0e+00)
582.005 .... 2192 packets received, 7726 bps, 96.58%, Err 0 (0.0e+00)
584.125 .... 2200 packets received, 7726 bps, 96.58%, Err 0 (0.0e+00)
586.250 .... 2208 packets received, 7726 bps, 96.58%, Err 0 (0.0e+00)
588.357 .... 2216 packets received, 7726 bps, 96.58%, Err 0 (0.0e+00)
590.479 .... 2224 packets received, 7726 bps, 96.58%, Err 0 (0.0e+00)
592.611 .... 2232 packets received, 7726 bps, 96.58%, Err 0 (0.0e+00)
594.713 .... 2240 packets received, 7726 bps, 96.58%, Err 0 (0.0e+00)
596.863 .... 2248 packets received, 7726 bps, 96.58%, Err 0 (0.0e+00)
598.970 .... 2256 packets received, 7726 bps, 96.58%, Err 0 (0.0e+00)
601.070 .... 2264 packets received, 7727 bps, 96.58%, Err 0 (0.0e+00)
603.192 .... 2272 packets received, 7727 bps, 96.58%, Err 0 (0.0e+00)
605.331 .... 2280 packets received, 7726 bps, 96.58%, Err 0 (0.0e+00)
607.442 .... 2288 packets received, 7726 bps, 96.58%, Err 0 (0.0e+00)
609.567 .... 2296 packets received, 7726 bps, 96.58%, Err 0 (0.0e+00)
611.669 .... 2304 packets received, 7727 bps, 96.58%, Err 0 (0.0e+00)
613.819 .... 2312 packets received, 7726 bps, 96.58%, Err 0 (0.0e+00)
615.938 .... 2320 packets received, 7726 bps, 96.58%, Err 0 (0.0e+00)
618.068 .... 2328 packets received, 7726 bps, 96.58%, Err 0 (0.0e+00)
620.167 .... 2336 packets received, 7726 bps, 96.58%, Err 0 (0.0e+00)
622.311 .... 2344 packets received, 7726 bps, 96.58%, Err 0 (0.0e+00)
624.430 .... 2352 packets received, 7726 bps, 96.58%, Err 0 (0.0e+00)
626.538 .... 2360 packets received, 7726 bps, 96.58%, Err 0 (0.0e+00)
628.668 .... 2368 packets received, 7726 bps, 96.58%, Err 0 (0.0e+00)
630.794 .... 2376 packets received, 7726 bps, 96.58%, Err 0 (0.0e+00)
632.896 .... 2384 packets received, 7726 bps, 96.58%, Err 0 (0.0e+00)
635.012 .... 2392 packets received, 7726 bps, 96.58%, Err 0 (0.0e+00)
637.134 .... 2400 packets received, 7726 bps, 96.58%, Err 0 (0.0e+00)
639.250 .... 2408 packets received, 7726 bps, 96.58%, Err 0 (0.0e+00)
641.376 .... 2416 packets received, 7726 bps, 96.58%, Err 0 (0.0e+00)
643.494 .... 2424 packets received, 7726 bps, 96.58%, Err 0 (0.0e+00)
645.621 .... 2432 packets received, 7726 bps, 96.58%, Err 0 (0.0e+00)
647.732 .... 2440 packets received, 7726 bps, 96.58%, Err 0 (0.0e+00)
649.846 .... 2448 packets received, 7726 bps, 96.58%, Err 0 (0.0e+00)
651.978 .... 2456 packets received, 7726 bps, 96.58%, Err 0 (0.0e+00)
654.097 .... 2464 packets received, 7726 bps, 96.58%, Err 0 (0.0e+00)
656.229 .... 2472 packets received, 7726 bps, 96.58%, Err 0 (0.0e+00)
658.344 .... 2480 packets received, 7726 bps, 96.58%, Err 0 (0.0e+00)
660.444 .... 2488 packets received, 7727 bps, 96.58%, Err 0 (0.0e+00)
662.565 .... 2496 packets received, 7727 bps, 96.58%, Err 0 (0.0e+00)
664.697 .... 2504 packets received, 7726 bps, 96.58%, Err 0 (0.0e+00)
666.821 .... 2512 packets received, 7726 bps, 96.58%, Err 0 (0.0e+00)
668.951 .... 2520 packets received, 7726 bps, 96.58%, Err 0 (0.0e+00)
671.049 .... 2528 packets received, 7726 bps, 96.58%, Err 0 (0.0e+00)
673.179 .... 2536 packets received, 7726 bps, 96.58%, Err 0 (0.0e+00)
675.291 .... 2544 packets received, 7726 bps, 96.58%, Err 0 (0.0e+00)
677.420 .... 2552 packets received, 7726 bps, 96.58%, Err 0 (0.0e+00)
679.538 .... 2560 packets received, 7726 bps, 96.58%, Err 0 (0.0e+00)
681.644 .... 2568 packets received, 7727 bps, 96.58%, Err 0 (0.0e+00)
682.708 ** WARNING: System too busy, sleep 15 ms, but be awakened 74 ms later
683.788 .... 2576 packets received, 7726 bps, 96.58%, Err 0 (0.0e+00)
685.909 .... 2584 packets received, 7726 bps, 96.58%, Err 0 (0.0e+00)
688.039 .... 2592 packets received, 7726 bps, 96.58%, Err 0 (0.0e+00)
690.147 .... 2600 packets received, 7726 bps, 96.58%, Err 0 (0.0e+00)
692.275 .... 2608 packets received, 7726 bps, 96.58%, Err 0 (0.0e+00)
694.389 .... 2616 packets received, 7726 bps, 96.58%, Err 0 (0.0e+00)
696.501 .... 2624 packets received, 7726 bps, 96.58%, Err 0 (0.0e+00)
698.623 .... 2632 packets received, 7726 bps, 96.58%, Err 0 (0.0e+00)
700.027 Quit.
