000.000 =============================================================
000.000                     Station B                               
000.000 -------------------------------------------------------------
000.000 Protocol.lib, version 4.0, jiangyanjun0718@bupt.edu.cn
000.000 Channel: 8000 bps, 270 ms propagation delay, bit error rate 0
000.000 Log file "ufB.log", TCP port 30013, debug mask 0x00
000.000 Station B is connecting station A (TCP port 30013) ... Done.
000.703 New epoch: Tue May  7 21:45:59 2019
000.703 =================================================================
000.703 
000.703 Designed by CJSoft, build: May  7 2019  21:45:55
003.109 .... 8 packets received, 7660 bps, 95.75%, Err 0 (0.0e+00)
005.229 .... 16 packets received, 7694 bps, 96.17%, Err 0 (0.0e+00)
007.369 .... 24 packets received, 7681 bps, 96.02%, Err 0 (0.0e+00)
009.479 .... 32 packets received, 7702 bps, 96.27%, Err 0 (0.0e+00)
011.585 .... 40 packets received, 7717 bps, 96.47%, Err 0 (0.0e+00)
013.715 .... 48 packets received, 7713 bps, 96.41%, Err 0 (0.0e+00)
015.833 .... 56 packets received, 7716 bps, 96.45%, Err 0 (0.0e+00)
017.959 .... 64 packets received, 7715 bps, 96.44%, Err 0 (0.0e+00)
020.078 .... 72 packets received, 7717 bps, 96.46%, Err 0 (0.0e+00)
022.189 .... 80 packets received, 7721 bps, 96.52%, Err 0 (0.0e+00)
024.308 .... 88 packets received, 7722 bps, 96.53%, Err 0 (0.0e+00)
026.444 .... 96 packets received, 7718 bps, 96.47%, Err 0 (0.0e+00)
028.542 .... 104 packets received, 7725 bps, 96.56%, Err 0 (0.0e+00)
030.697 .... 112 packets received, 7716 bps, 96.45%, Err 0 (0.0e+00)
032.815 .... 120 packets received, 7717 bps, 96.47%, Err 0 (0.0e+00)
034.933 .... 128 packets received, 7719 bps, 96.48%, Err 0 (0.0e+00)
037.067 .... 136 packets received, 7716 bps, 96.45%, Err 0 (0.0e+00)
039.187 .... 144 packets received, 7717 bps, 96.46%, Err 0 (0.0e+00)
041.299 .... 152 packets received, 7719 bps, 96.49%, Err 0 (0.0e+00)
043.415 .... 160 packets received, 7720 bps, 96.50%, Err 0 (0.0e+00)
045.533 .... 168 packets received, 7721 bps, 96.51%, Err 0 (0.0e+00)
047.654 .... 176 packets received, 7721 bps, 96.51%, Err 0 (0.0e+00)
049.795 .... 184 packets received, 7718 bps, 96.48%, Err 0 (0.0e+00)
051.888 .... 192 packets received, 7723 bps, 96.53%, Err 0 (0.0e+00)
054.012 .... 200 packets received, 7722 bps, 96.53%, Err 0 (0.0e+00)
056.146 .... 208 packets received, 7720 bps, 96.51%, Err 0 (0.0e+00)
058.253 .... 216 packets received, 7723 bps, 96.53%, Err 0 (0.0e+00)
060.369 .... 224 packets received, 7723 bps, 96.54%, Err 0 (0.0e+00)
062.494 .... 232 packets received, 7723 bps, 96.53%, Err 0 (0.0e+00)
064.623 .... 240 packets received, 7722 bps, 96.52%, Err 0 (0.0e+00)
066.767 .... 248 packets received, 7719 bps, 96.49%, Err 0 (0.0e+00)
068.858 .... 256 packets received, 7723 bps, 96.54%, Err 0 (0.0e+00)
070.974 .... 264 packets received, 7723 bps, 96.54%, Err 0 (0.0e+00)
073.097 .... 272 packets received, 7723 bps, 96.54%, Err 0 (0.0e+00)
075.217 .... 280 packets received, 7723 bps, 96.54%, Err 0 (0.0e+00)
077.348 .... 288 packets received, 7722 bps, 96.53%, Err 0 (0.0e+00)
079.477 .... 296 packets received, 7722 bps, 96.52%, Err 0 (0.0e+00)
081.583 .... 304 packets received, 7723 bps, 96.54%, Err 0 (0.0e+00)
083.705 .... 312 packets received, 7723 bps, 96.54%, Err 0 (0.0e+00)
085.814 .... 320 packets received, 7724 bps, 96.55%, Err 0 (0.0e+00)
087.928 .... 328 packets received, 7725 bps, 96.56%, Err 0 (0.0e+00)
090.055 .... 336 packets received, 7724 bps, 96.55%, Err 0 (0.0e+00)
092.174 .... 344 packets received, 7725 bps, 96.56%, Err 0 (0.0e+00)
094.302 .... 352 packets received, 7724 bps, 96.55%, Err 0 (0.0e+00)
096.423 .... 360 packets received, 7724 bps, 96.55%, Err 0 (0.0e+00)
098.554 .... 368 packets received, 7723 bps, 96.54%, Err 0 (0.0e+00)
100.650 .... 376 packets received, 7725 bps, 96.57%, Err 0 (0.0e+00)
102.774 .... 384 packets received, 7725 bps, 96.56%, Err 0 (0.0e+00)
104.905 .... 392 packets received, 7724 bps, 96.55%, Err 0 (0.0e+00)
107.018 .... 400 packets received, 7725 bps, 96.56%, Err 0 (0.0e+00)
109.139 .... 408 packets received, 7725 bps, 96.56%, Err 0 (0.0e+00)
111.260 .... 416 packets received, 7725 bps, 96.56%, Err 0 (0.0e+00)
113.383 .... 424 packets received, 7725 bps, 96.56%, Err 0 (0.0e+00)
115.509 .... 432 packets received, 7724 bps, 96.55%, Err 0 (0.0e+00)
117.617 .... 440 packets received, 7725 bps, 96.56%, Err 0 (0.0e+00)
119.728 .... 448 packets received, 7726 bps, 96.57%, Err 0 (0.0e+00)
121.855 .... 456 packets received, 7725 bps, 96.57%, Err 0 (0.0e+00)
123.983 .... 464 packets received, 7725 bps, 96.56%, Err 0 (0.0e+00)
126.104 .... 472 packets received, 7725 bps, 96.56%, Err 0 (0.0e+00)
128.235 .... 480 packets received, 7724 bps, 96.55%, Err 0 (0.0e+00)
130.328 .... 488 packets received, 7726 bps, 96.58%, Err 0 (0.0e+00)
132.445 .... 496 packets received, 7726 bps, 96.58%, Err 0 (0.0e+00)
134.583 .... 504 packets received, 7725 bps, 96.57%, Err 0 (0.0e+00)
136.700 .... 512 packets received, 7725 bps, 96.57%, Err 0 (0.0e+00)
138.809 .... 520 packets received, 7726 bps, 96.58%, Err 0 (0.0e+00)
140.946 .... 528 packets received, 7725 bps, 96.57%, Err 0 (0.0e+00)
143.065 .... 536 packets received, 7725 bps, 96.57%, Err 0 (0.0e+00)
145.188 .... 544 packets received, 7725 bps, 96.56%, Err 0 (0.0e+00)
147.291 .... 552 packets received, 7726 bps, 96.58%, Err 0 (0.0e+00)
149.419 .... 560 packets received, 7726 bps, 96.57%, Err 0 (0.0e+00)
151.533 .... 568 packets received, 7726 bps, 96.58%, Err 0 (0.0e+00)
153.660 .... 576 packets received, 7726 bps, 96.57%, Err 0 (0.0e+00)
155.794 .... 584 packets received, 7725 bps, 96.56%, Err 0 (0.0e+00)
157.909 .... 592 packets received, 7725 bps, 96.57%, Err 0 (0.0e+00)
160.008 .... 600 packets received, 7726 bps, 96.58%, Err 0 (0.0e+00)
162.144 .... 608 packets received, 7726 bps, 96.57%, Err 0 (0.0e+00)
164.271 .... 616 packets received, 7725 bps, 96.57%, Err 0 (0.0e+00)
166.376 .... 624 packets received, 7726 bps, 96.58%, Err 0 (0.0e+00)
168.482 .... 632 packets received, 7727 bps, 96.59%, Err 0 (0.0e+00)
170.604 .... 640 packets received, 7727 bps, 96.58%, Err 0 (0.0e+00)
172.744 .... 648 packets received, 7726 bps, 96.57%, Err 0 (0.0e+00)
174.857 .... 656 packets received, 7726 bps, 96.58%, Err 0 (0.0e+00)
176.978 .... 664 packets received, 7726 bps, 96.58%, Err 0 (0.0e+00)
179.111 .... 672 packets received, 7726 bps, 96.57%, Err 0 (0.0e+00)
181.213 .... 680 packets received, 7726 bps, 96.58%, Err 0 (0.0e+00)
183.346 .... 688 packets received, 7726 bps, 96.57%, Err 0 (0.0e+00)
185.470 .... 696 packets received, 7726 bps, 96.57%, Err 0 (0.0e+00)
187.582 .... 704 packets received, 7726 bps, 96.58%, Err 0 (0.0e+00)
189.702 .... 712 packets received, 7726 bps, 96.58%, Err 0 (0.0e+00)
191.806 .... 720 packets received, 7727 bps, 96.59%, Err 0 (0.0e+00)
193.952 .... 728 packets received, 7726 bps, 96.57%, Err 0 (0.0e+00)
196.056 .... 736 packets received, 7726 bps, 96.58%, Err 0 (0.0e+00)
198.166 .... 744 packets received, 7727 bps, 96.59%, Err 0 (0.0e+00)
200.315 .... 752 packets received, 7726 bps, 96.57%, Err 0 (0.0e+00)
202.429 .... 760 packets received, 7726 bps, 96.58%, Err 0 (0.0e+00)
204.576 .... 768 packets received, 7725 bps, 96.56%, Err 0 (0.0e+00)
206.657 .... 776 packets received, 7727 bps, 96.58%, Err 0 (0.0e+00)
208.791 .... 784 packets received, 7726 bps, 96.58%, Err 0 (0.0e+00)
210.888 .... 792 packets received, 7727 bps, 96.59%, Err 0 (0.0e+00)
213.016 .... 800 packets received, 7727 bps, 96.58%, Err 0 (0.0e+00)
215.153 .... 808 packets received, 7726 bps, 96.58%, Err 0 (0.0e+00)
217.406 .... 816 packets received, 7721 bps, 96.52%, Err 0 (0.0e+00)
219.648 .... 825 packets received, 7726 bps, 96.58%, Err 0 (0.0e+00)
221.764 .... 833 packets received, 7727 bps, 96.58%, Err 0 (0.0e+00)
223.891 .... 841 packets received, 7726 bps, 96.58%, Err 0 (0.0e+00)
226.011 .... 849 packets received, 7726 bps, 96.58%, Err 0 (0.0e+00)
228.137 .... 857 packets received, 7726 bps, 96.58%, Err 0 (0.0e+00)
230.245 .... 865 packets received, 7727 bps, 96.58%, Err 0 (0.0e+00)
232.364 .... 873 packets received, 7727 bps, 96.58%, Err 0 (0.0e+00)
234.491 .... 881 packets received, 7726 bps, 96.58%, Err 0 (0.0e+00)
236.604 .... 889 packets received, 7727 bps, 96.58%, Err 0 (0.0e+00)
238.727 .... 897 packets received, 7727 bps, 96.58%, Err 0 (0.0e+00)
240.850 .... 905 packets received, 7727 bps, 96.58%, Err 0 (0.0e+00)
242.974 .... 913 packets received, 7726 bps, 96.58%, Err 0 (0.0e+00)
245.085 .... 921 packets received, 7727 bps, 96.58%, Err 0 (0.0e+00)
247.219 .... 929 packets received, 7726 bps, 96.58%, Err 0 (0.0e+00)
249.317 .... 937 packets received, 7727 bps, 96.59%, Err 0 (0.0e+00)
251.450 .... 945 packets received, 7727 bps, 96.58%, Err 0 (0.0e+00)
253.571 .... 953 packets received, 7727 bps, 96.58%, Err 0 (0.0e+00)
255.694 .... 961 packets received, 7727 bps, 96.58%, Err 0 (0.0e+00)
257.812 .... 969 packets received, 7727 bps, 96.58%, Err 0 (0.0e+00)
259.927 .... 977 packets received, 7727 bps, 96.58%, Err 0 (0.0e+00)
262.041 .... 985 packets received, 7727 bps, 96.59%, Err 0 (0.0e+00)
264.168 .... 993 packets received, 7727 bps, 96.58%, Err 0 (0.0e+00)
266.276 .... 1001 packets received, 7727 bps, 96.59%, Err 0 (0.0e+00)
268.416 .... 1009 packets received, 7727 bps, 96.58%, Err 0 (0.0e+00)
270.535 .... 1017 packets received, 7727 bps, 96.58%, Err 0 (0.0e+00)
272.644 .... 1025 packets received, 7727 bps, 96.59%, Err 0 (0.0e+00)
274.762 .... 1033 packets received, 7727 bps, 96.59%, Err 0 (0.0e+00)
276.885 .... 1041 packets received, 7727 bps, 96.59%, Err 0 (0.0e+00)
279.013 .... 1049 packets received, 7727 bps, 96.58%, Err 0 (0.0e+00)
281.138 .... 1057 packets received, 7727 bps, 96.58%, Err 0 (0.0e+00)
283.255 .... 1065 packets received, 7727 bps, 96.58%, Err 0 (0.0e+00)
285.365 .... 1073 packets received, 7727 bps, 96.59%, Err 0 (0.0e+00)
287.493 .... 1081 packets received, 7727 bps, 96.58%, Err 0 (0.0e+00)
289.608 .... 1089 packets received, 7727 bps, 96.59%, Err 0 (0.0e+00)
291.726 .... 1097 packets received, 7727 bps, 96.59%, Err 0 (0.0e+00)
293.863 .... 1105 packets received, 7727 bps, 96.58%, Err 0 (0.0e+00)
295.952 .... 1113 packets received, 7727 bps, 96.59%, Err 0 (0.0e+00)
298.090 .... 1121 packets received, 7727 bps, 96.59%, Err 0 (0.0e+00)
300.202 .... 1129 packets received, 7727 bps, 96.59%, Err 0 (0.0e+00)
302.333 .... 1137 packets received, 7727 bps, 96.59%, Err 0 (0.0e+00)
304.450 .... 1145 packets received, 7727 bps, 96.59%, Err 0 (0.0e+00)
306.567 .... 1153 packets received, 7727 bps, 96.59%, Err 0 (0.0e+00)
308.696 .... 1161 packets received, 7727 bps, 96.58%, Err 0 (0.0e+00)
310.808 .... 1169 packets received, 7727 bps, 96.59%, Err 0 (0.0e+00)
312.934 .... 1177 packets received, 7727 bps, 96.59%, Err 0 (0.0e+00)
315.049 .... 1185 packets received, 7727 bps, 96.59%, Err 0 (0.0e+00)
317.165 .... 1193 packets received, 7727 bps, 96.59%, Err 0 (0.0e+00)
319.303 .... 1201 packets received, 7727 bps, 96.58%, Err 0 (0.0e+00)
321.416 .... 1209 packets received, 7727 bps, 96.59%, Err 0 (0.0e+00)
323.539 .... 1217 packets received, 7727 bps, 96.58%, Err 0 (0.0e+00)
325.645 .... 1225 packets received, 7727 bps, 96.59%, Err 0 (0.0e+00)
327.764 .... 1233 packets received, 7727 bps, 96.59%, Err 0 (0.0e+00)
329.888 .... 1241 packets received, 7727 bps, 96.59%, Err 0 (0.0e+00)
332.012 .... 1249 packets received, 7727 bps, 96.59%, Err 0 (0.0e+00)
334.131 .... 1257 packets received, 7727 bps, 96.59%, Err 0 (0.0e+00)
336.243 .... 1265 packets received, 7727 bps, 96.59%, Err 0 (0.0e+00)
338.355 .... 1273 packets received, 7727 bps, 96.59%, Err 0 (0.0e+00)
340.498 .... 1281 packets received, 7727 bps, 96.59%, Err 0 (0.0e+00)
342.599 .... 1289 packets received, 7727 bps, 96.59%, Err 0 (0.0e+00)
344.728 .... 1297 packets received, 7727 bps, 96.59%, Err 0 (0.0e+00)
346.860 .... 1305 packets received, 7727 bps, 96.59%, Err 0 (0.0e+00)
348.969 .... 1313 packets received, 7727 bps, 96.59%, Err 0 (0.0e+00)
351.100 .... 1321 packets received, 7727 bps, 96.59%, Err 0 (0.0e+00)
353.209 .... 1329 packets received, 7727 bps, 96.59%, Err 0 (0.0e+00)
355.324 .... 1337 packets received, 7727 bps, 96.59%, Err 0 (0.0e+00)
357.446 .... 1345 packets received, 7727 bps, 96.59%, Err 0 (0.0e+00)
359.557 .... 1353 packets received, 7727 bps, 96.59%, Err 0 (0.0e+00)
361.685 .... 1361 packets received, 7727 bps, 96.59%, Err 0 (0.0e+00)
363.809 .... 1369 packets received, 7727 bps, 96.59%, Err 0 (0.0e+00)
365.916 .... 1377 packets received, 7727 bps, 96.59%, Err 0 (0.0e+00)
368.063 .... 1385 packets received, 7727 bps, 96.59%, Err 0 (0.0e+00)
370.165 .... 1393 packets received, 7727 bps, 96.59%, Err 0 (0.0e+00)
372.299 .... 1401 packets received, 7727 bps, 96.59%, Err 0 (0.0e+00)
374.416 .... 1409 packets received, 7727 bps, 96.59%, Err 0 (0.0e+00)
376.524 .... 1417 packets received, 7727 bps, 96.59%, Err 0 (0.0e+00)
378.658 .... 1425 packets received, 7727 bps, 96.59%, Err 0 (0.0e+00)
380.776 .... 1433 packets received, 7727 bps, 96.59%, Err 0 (0.0e+00)
382.931 .... 1441 packets received, 7726 bps, 96.58%, Err 0 (0.0e+00)
384.995 .... 1449 packets received, 7727 bps, 96.59%, Err 0 (0.0e+00)
387.132 .... 1457 packets received, 7727 bps, 96.59%, Err 0 (0.0e+00)
389.251 .... 1465 packets received, 7727 bps, 96.59%, Err 0 (0.0e+00)
391.355 .... 1473 packets received, 7728 bps, 96.59%, Err 0 (0.0e+00)
393.478 .... 1481 packets received, 7727 bps, 96.59%, Err 0 (0.0e+00)
395.620 .... 1489 packets received, 7727 bps, 96.59%, Err 0 (0.0e+00)
397.725 .... 1497 packets received, 7727 bps, 96.59%, Err 0 (0.0e+00)
399.838 .... 1505 packets received, 7727 bps, 96.59%, Err 0 (0.0e+00)
401.985 .... 1513 packets received, 7727 bps, 96.59%, Err 0 (0.0e+00)
404.086 .... 1521 packets received, 7727 bps, 96.59%, Err 0 (0.0e+00)
406.197 .... 1529 packets received, 7728 bps, 96.59%, Err 0 (0.0e+00)
408.330 .... 1537 packets received, 7727 bps, 96.59%, Err 0 (0.0e+00)
410.441 .... 1545 packets received, 7727 bps, 96.59%, Err 0 (0.0e+00)
412.559 .... 1553 packets received, 7727 bps, 96.59%, Err 0 (0.0e+00)
414.691 .... 1561 packets received, 7727 bps, 96.59%, Err 0 (0.0e+00)
416.815 .... 1569 packets received, 7727 bps, 96.59%, Err 0 (0.0e+00)
418.938 .... 1577 packets received, 7727 bps, 96.59%, Err 0 (0.0e+00)
421.050 .... 1585 packets received, 7727 bps, 96.59%, Err 0 (0.0e+00)
423.179 .... 1593 packets received, 7727 bps, 96.59%, Err 0 (0.0e+00)
425.284 .... 1601 packets received, 7727 bps, 96.59%, Err 0 (0.0e+00)
427.412 .... 1609 packets received, 7727 bps, 96.59%, Err 0 (0.0e+00)
429.496 .... 1617 packets received, 7728 bps, 96.60%, Err 0 (0.0e+00)
431.655 .... 1625 packets received, 7727 bps, 96.59%, Err 0 (0.0e+00)
433.779 .... 1633 packets received, 7727 bps, 96.59%, Err 0 (0.0e+00)
435.910 .... 1641 packets received, 7727 bps, 96.59%, Err 0 (0.0e+00)
438.011 .... 1649 packets received, 7727 bps, 96.59%, Err 0 (0.0e+00)
440.133 .... 1657 packets received, 7727 bps, 96.59%, Err 0 (0.0e+00)
442.258 .... 1665 packets received, 7727 bps, 96.59%, Err 0 (0.0e+00)
444.358 .... 1673 packets received, 7728 bps, 96.59%, Err 0 (0.0e+00)
446.497 .... 1681 packets received, 7727 bps, 96.59%, Err 0 (0.0e+00)
448.606 .... 1689 packets received, 7727 bps, 96.59%, Err 0 (0.0e+00)
450.730 .... 1697 packets received, 7727 bps, 96.59%, Err 0 (0.0e+00)
452.843 .... 1705 packets received, 7727 bps, 96.59%, Err 0 (0.0e+00)
454.965 .... 1713 packets received, 7727 bps, 96.59%, Err 0 (0.0e+00)
457.086 .... 1721 packets received, 7727 bps, 96.59%, Err 0 (0.0e+00)
459.212 .... 1729 packets received, 7727 bps, 96.59%, Err 0 (0.0e+00)
461.345 .... 1737 packets received, 7727 bps, 96.59%, Err 0 (0.0e+00)
463.442 .... 1745 packets received, 7728 bps, 96.59%, Err 0 (0.0e+00)
465.570 .... 1753 packets received, 7727 bps, 96.59%, Err 0 (0.0e+00)
467.746 .... 1761 packets received, 7726 bps, 96.58%, Err 0 (0.0e+00)
469.809 .... 1769 packets received, 7727 bps, 96.59%, Err 0 (0.0e+00)
470.510 ** WARNING: System too busy, sleep 15 ms, but be awakened 69 ms later
471.920 .... 1777 packets received, 7728 bps, 96.59%, Err 0 (0.0e+00)
474.041 .... 1785 packets received, 7728 bps, 96.59%, Err 0 (0.0e+00)
476.207 .... 1793 packets received, 7727 bps, 96.59%, Err 0 (0.0e+00)
478.298 .... 1801 packets received, 7727 bps, 96.59%, Err 0 (0.0e+00)
480.407 .... 1809 packets received, 7727 bps, 96.59%, Err 0 (0.0e+00)
482.537 .... 1817 packets received, 7727 bps, 96.59%, Err 0 (0.0e+00)
484.663 .... 1825 packets received, 7727 bps, 96.59%, Err 0 (0.0e+00)
486.778 .... 1833 packets received, 7727 bps, 96.59%, Err 0 (0.0e+00)
488.895 .... 1841 packets received, 7727 bps, 96.59%, Err 0 (0.0e+00)
491.009 .... 1849 packets received, 7727 bps, 96.59%, Err 0 (0.0e+00)
493.127 .... 1857 packets received, 7727 bps, 96.59%, Err 0 (0.0e+00)
495.251 .... 1865 packets received, 7727 bps, 96.59%, Err 0 (0.0e+00)
497.353 .... 1873 packets received, 7728 bps, 96.60%, Err 0 (0.0e+00)
499.503 .... 1881 packets received, 7727 bps, 96.59%, Err 0 (0.0e+00)
501.592 .... 1889 packets received, 7728 bps, 96.60%, Err 0 (0.0e+00)
503.742 .... 1897 packets received, 7727 bps, 96.59%, Err 0 (0.0e+00)
505.865 .... 1905 packets received, 7727 bps, 96.59%, Err 0 (0.0e+00)
507.969 .... 1913 packets received, 7727 bps, 96.59%, Err 0 (0.0e+00)
510.094 .... 1921 packets received, 7727 bps, 96.59%, Err 0 (0.0e+00)
512.217 .... 1929 packets received, 7727 bps, 96.59%, Err 0 (0.0e+00)
514.324 .... 1937 packets received, 7728 bps, 96.59%, Err 0 (0.0e+00)
516.445 .... 1945 packets received, 7728 bps, 96.59%, Err 0 (0.0e+00)
518.568 .... 1953 packets received, 7728 bps, 96.59%, Err 0 (0.0e+00)
520.690 .... 1961 packets received, 7727 bps, 96.59%, Err 0 (0.0e+00)
522.819 .... 1969 packets received, 7727 bps, 96.59%, Err 0 (0.0e+00)
524.917 .... 1977 packets received, 7728 bps, 96.60%, Err 0 (0.0e+00)
527.047 .... 1985 packets received, 7728 bps, 96.59%, Err 0 (0.0e+00)
529.170 .... 1993 packets received, 7727 bps, 96.59%, Err 0 (0.0e+00)
531.289 .... 2001 packets received, 7728 bps, 96.59%, Err 0 (0.0e+00)
533.400 .... 2009 packets received, 7728 bps, 96.60%, Err 0 (0.0e+00)
535.522 .... 2017 packets received, 7728 bps, 96.60%, Err 0 (0.0e+00)
537.651 .... 2025 packets received, 7727 bps, 96.59%, Err 0 (0.0e+00)
539.747 .... 2033 packets received, 7728 bps, 96.60%, Err 0 (0.0e+00)
541.908 .... 2041 packets received, 7727 bps, 96.59%, Err 0 (0.0e+00)
544.023 .... 2049 packets received, 7727 bps, 96.59%, Err 0 (0.0e+00)
546.138 .... 2057 packets received, 7727 bps, 96.59%, Err 0 (0.0e+00)
548.260 .... 2065 packets received, 7727 bps, 96.59%, Err 0 (0.0e+00)
550.366 .... 2073 packets received, 7728 bps, 96.59%, Err 0 (0.0e+00)
552.503 .... 2081 packets received, 7727 bps, 96.59%, Err 0 (0.0e+00)
554.628 .... 2089 packets received, 7727 bps, 96.59%, Err 0 (0.0e+00)
556.755 .... 2097 packets received, 7727 bps, 96.59%, Err 0 (0.0e+00)
558.864 .... 2105 packets received, 7727 bps, 96.59%, Err 0 (0.0e+00)
560.977 .... 2113 packets received, 7727 bps, 96.59%, Err 0 (0.0e+00)
563.121 .... 2121 packets received, 7727 bps, 96.59%, Err 0 (0.0e+00)
565.223 .... 2129 packets received, 7727 bps, 96.59%, Err 0 (0.0e+00)
567.349 .... 2137 packets received, 7727 bps, 96.59%, Err 0 (0.0e+00)
569.467 .... 2145 packets received, 7727 bps, 96.59%, Err 0 (0.0e+00)
571.587 .... 2153 packets received, 7727 bps, 96.59%, Err 0 (0.0e+00)
573.707 .... 2161 packets received, 7727 bps, 96.59%, Err 0 (0.0e+00)
575.835 .... 2169 packets received, 7727 bps, 96.59%, Err 0 (0.0e+00)
577.941 .... 2177 packets received, 7727 bps, 96.59%, Err 0 (0.0e+00)
580.055 .... 2185 packets received, 7728 bps, 96.59%, Err 0 (0.0e+00)
582.182 .... 2193 packets received, 7727 bps, 96.59%, Err 0 (0.0e+00)
584.306 .... 2201 packets received, 7727 bps, 96.59%, Err 0 (0.0e+00)
586.442 .... 2209 packets received, 7727 bps, 96.59%, Err 0 (0.0e+00)
588.545 .... 2217 packets received, 7727 bps, 96.59%, Err 0 (0.0e+00)
590.649 .... 2225 packets received, 7728 bps, 96.59%, Err 0 (0.0e+00)
592.783 .... 2233 packets received, 7727 bps, 96.59%, Err 0 (0.0e+00)
594.919 .... 2241 packets received, 7727 bps, 96.59%, Err 0 (0.0e+00)
597.036 .... 2249 packets received, 7727 bps, 96.59%, Err 0 (0.0e+00)
599.159 .... 2257 packets received, 7727 bps, 96.59%, Err 0 (0.0e+00)
601.276 .... 2265 packets received, 7727 bps, 96.59%, Err 0 (0.0e+00)
603.394 .... 2273 packets received, 7727 bps, 96.59%, Err 0 (0.0e+00)
605.526 .... 2281 packets received, 7727 bps, 96.59%, Err 0 (0.0e+00)
607.619 .... 2289 packets received, 7727 bps, 96.59%, Err 0 (0.0e+00)
609.758 .... 2297 packets received, 7727 bps, 96.59%, Err 0 (0.0e+00)
611.875 .... 2305 packets received, 7727 bps, 96.59%, Err 0 (0.0e+00)
613.970 .... 2313 packets received, 7728 bps, 96.60%, Err 0 (0.0e+00)
616.111 .... 2321 packets received, 7727 bps, 96.59%, Err 0 (0.0e+00)
618.239 .... 2329 packets received, 7727 bps, 96.59%, Err 0 (0.0e+00)
620.355 .... 2337 packets received, 7727 bps, 96.59%, Err 0 (0.0e+00)
622.470 .... 2345 packets received, 7727 bps, 96.59%, Err 0 (0.0e+00)
624.588 .... 2353 packets received, 7727 bps, 96.59%, Err 0 (0.0e+00)
626.710 .... 2361 packets received, 7727 bps, 96.59%, Err 0 (0.0e+00)
628.839 .... 2369 packets received, 7727 bps, 96.59%, Err 0 (0.0e+00)
630.954 .... 2377 packets received, 7727 bps, 96.59%, Err 0 (0.0e+00)
633.051 .... 2385 packets received, 7728 bps, 96.60%, Err 0 (0.0e+00)
635.184 .... 2393 packets received, 7727 bps, 96.59%, Err 0 (0.0e+00)
637.309 .... 2401 packets received, 7727 bps, 96.59%, Err 0 (0.0e+00)
639.425 .... 2409 packets received, 7727 bps, 96.59%, Err 0 (0.0e+00)
641.545 .... 2417 packets received, 7727 bps, 96.59%, Err 0 (0.0e+00)
643.665 .... 2425 packets received, 7727 bps, 96.59%, Err 0 (0.0e+00)
645.790 .... 2433 packets received, 7727 bps, 96.59%, Err 0 (0.0e+00)
647.888 .... 2441 packets received, 7728 bps, 96.60%, Err 0 (0.0e+00)
650.017 .... 2449 packets received, 7728 bps, 96.59%, Err 0 (0.0e+00)
652.135 .... 2457 packets received, 7728 bps, 96.59%, Err 0 (0.0e+00)
654.253 .... 2465 packets received, 7728 bps, 96.60%, Err 0 (0.0e+00)
656.385 .... 2473 packets received, 7727 bps, 96.59%, Err 0 (0.0e+00)
658.517 .... 2481 packets received, 7727 bps, 96.59%, Err 0 (0.0e+00)
660.633 .... 2489 packets received, 7727 bps, 96.59%, Err 0 (0.0e+00)
662.753 .... 2497 packets received, 7727 bps, 96.59%, Err 0 (0.0e+00)
664.861 .... 2505 packets received, 7728 bps, 96.59%, Err 0 (0.0e+00)
666.994 .... 2513 packets received, 7727 bps, 96.59%, Err 0 (0.0e+00)
669.114 .... 2521 packets received, 7727 bps, 96.59%, Err 0 (0.0e+00)
671.228 .... 2529 packets received, 7727 bps, 96.59%, Err 0 (0.0e+00)
673.355 .... 2537 packets received, 7727 bps, 96.59%, Err 0 (0.0e+00)
675.465 .... 2545 packets received, 7727 bps, 96.59%, Err 0 (0.0e+00)
677.594 .... 2553 packets received, 7727 bps, 96.59%, Err 0 (0.0e+00)
679.706 .... 2561 packets received, 7727 bps, 96.59%, Err 0 (0.0e+00)
681.835 .... 2569 packets received, 7727 bps, 96.59%, Err 0 (0.0e+00)
682.708 ** WARNING: System too busy, sleep 15 ms, but be awakened 72 ms later
683.948 .... 2577 packets received, 7727 bps, 96.59%, Err 0 (0.0e+00)
686.066 .... 2585 packets received, 7728 bps, 96.59%, Err 0 (0.0e+00)
688.185 .... 2593 packets received, 7728 bps, 96.59%, Err 0 (0.0e+00)
690.293 .... 2601 packets received, 7728 bps, 96.60%, Err 0 (0.0e+00)
692.439 .... 2609 packets received, 7727 bps, 96.59%, Err 0 (0.0e+00)
694.547 .... 2617 packets received, 7727 bps, 96.59%, Err 0 (0.0e+00)
696.706 .... 2625 packets received, 7727 bps, 96.59%, Err 0 (0.0e+00)
697.412 ** WARNING: System too busy, sleep 15 ms, but be awakened 79 ms later
698.787 .... 2633 packets received, 7728 bps, 96.59%, Err 0 (0.0e+00)
700.023 Quit.
