000.000 =============================================================
000.000                     Station A                               
000.000 -------------------------------------------------------------
000.000 Protocol.lib, version 4.0, jiangyanjun0718@bupt.edu.cn
000.000 Channel: 8000 bps, 270 ms propagation delay, bit error rate 1.0E-05
000.000 Log file "A.log", TCP port 30011, debug mask 0x00
000.000 Station A is waiting for station B on TCP port 30011 ... Done.
000.459 New epoch: Wed May  8 20:24:35 2019
000.459 =================================================================
000.459 
000.459 Designed by CJSoft, build: May  8 2019  20:24:30
003.424 .... 7 packets received, 6750 bps, 84.37%, Err 1 (5.2e-05)
005.555 .... 15 packets received, 7220 bps, 90.25%, Err 1 (2.8e-05)
007.706 .... 23 packets received, 7353 bps, 91.91%, Err 1 (1.9e-05)
009.833 .... 31 packets received, 7440 bps, 93.00%, Err 1 (1.4e-05)
011.940 .... 39 packets received, 7507 bps, 93.83%, Err 1 (1.1e-05)
014.058 .... 47 packets received, 7545 bps, 94.31%, Err 1 (9.6e-06)
016.178 .... 55 packets received, 7571 bps, 94.64%, Err 1 (8.3e-06)
018.303 .... 63 packets received, 7588 bps, 94.85%, Err 1 (7.2e-06)
020.418 .... 71 packets received, 7606 bps, 95.07%, Err 1 (6.5e-06)
022.529 .... 79 packets received, 7621 bps, 95.27%, Err 1 (5.8e-06)
024.666 .... 87 packets received, 7625 bps, 95.32%, Err 1 (5.3e-06)
026.790 .... 95 packets received, 7633 bps, 95.41%, Err 1 (4.9e-06)
028.905 .... 103 packets received, 7642 bps, 95.52%, Err 1 (4.5e-06)
031.034 .... 111 packets received, 7645 bps, 95.57%, Err 1 (4.2e-06)
034.217 .... 119 packets received, 7404 bps, 92.55%, Err 2 (7.5e-06)
034.488 ** WARNING: System too busy, sleep 15 ms, but be awakened 111 ms later
036.342 .... 130 packets received, 7598 bps, 94.97%, Err 2 (7.1e-06)
038.491 .... 138 packets received, 7599 bps, 94.99%, Err 2 (6.7e-06)
040.611 .... 142 packets received, 7398 bps, 92.47%, Err 3 (9.5e-06)
042.742 .... 153 packets received, 7561 bps, 94.51%, Err 3 (9.0e-06)
044.890 .... 161 packets received, 7564 bps, 94.55%, Err 3 (8.6e-06)
047.020 .... 169 packets received, 7570 bps, 94.63%, Err 3 (8.2e-06)
049.161 .... 177 packets received, 7574 bps, 94.67%, Err 3 (7.8e-06)
051.289 .... 185 packets received, 7579 bps, 94.74%, Err 3 (7.5e-06)
053.426 .... 193 packets received, 7583 bps, 94.79%, Err 3 (7.2e-06)
055.547 .... 201 packets received, 7588 bps, 94.86%, Err 3 (6.9e-06)
057.675 .... 209 packets received, 7593 bps, 94.91%, Err 3 (6.6e-06)
059.820 .... 217 packets received, 7594 bps, 94.93%, Err 3 (6.4e-06)
061.945 .... 225 packets received, 7598 bps, 94.98%, Err 3 (6.2e-06)
064.080 .... 233 packets received, 7601 bps, 95.01%, Err 3 (5.9e-06)
066.219 .... 241 packets received, 7603 bps, 95.04%, Err 3 (5.8e-06)
068.348 .... 249 packets received, 7606 bps, 95.07%, Err 3 (5.6e-06)
070.478 .... 257 packets received, 7608 bps, 95.11%, Err 3 (5.4e-06)
072.601 .... 265 packets received, 7612 bps, 95.15%, Err 3 (5.2e-06)
074.729 .... 273 packets received, 7614 bps, 95.18%, Err 4 (6.8e-06)
076.879 .... 281 packets received, 7614 bps, 95.18%, Err 4 (6.6e-06)
079.006 .... 289 packets received, 7617 bps, 95.21%, Err 4 (6.4e-06)
081.144 .... 297 packets received, 7618 bps, 95.23%, Err 4 (6.2e-06)
083.259 .... 305 packets received, 7621 bps, 95.27%, Err 4 (6.1e-06)
085.400 .... 313 packets received, 7622 bps, 95.28%, Err 4 (5.9e-06)
087.515 .... 321 packets received, 7625 bps, 95.32%, Err 4 (5.8e-06)
089.658 .... 329 packets received, 7626 bps, 95.32%, Err 4 (5.6e-06)
091.789 .... 337 packets received, 7627 bps, 95.34%, Err 4 (5.5e-06)
093.916 .... 344 packets received, 7607 bps, 95.09%, Err 5 (6.7e-06)
096.037 .... 351 packets received, 7588 bps, 94.85%, Err 6 (7.9e-06)
098.159 .... 359 packets received, 7591 bps, 94.88%, Err 6 (7.7e-06)
100.270 .... 367 packets received, 7594 bps, 94.93%, Err 6 (7.6e-06)
104.560 .... 369 packets received, 7319 bps, 91.48%, Err 6 (7.5e-06)
108.691 .... 370 packets received, 7056 bps, 88.20%, Err 6 (7.5e-06)
112.759 .... 371 packets received, 6817 bps, 85.21%, Err 6 (7.5e-06)
116.891 .... 372 packets received, 6591 bps, 82.39%, Err 6 (7.5e-06)
121.010 .... 373 packets received, 6381 bps, 79.77%, Err 6 (7.4e-06)
125.172 .... 374 packets received, 6183 bps, 77.29%, Err 6 (7.4e-06)
129.205 .... 375 packets received, 6004 bps, 75.06%, Err 6 (7.4e-06)
133.274 .... 376 packets received, 5835 bps, 72.94%, Err 6 (7.3e-06)
137.422 .... 377 packets received, 5672 bps, 70.90%, Err 6 (7.3e-06)
141.466 .... 378 packets received, 5523 bps, 69.04%, Err 6 (7.3e-06)
145.546 .... 379 packets received, 5381 bps, 67.26%, Err 6 (7.3e-06)
149.662 .... 380 packets received, 5246 bps, 65.57%, Err 6 (7.2e-06)
153.708 .... 381 packets received, 5120 bps, 64.00%, Err 6 (7.2e-06)
157.840 .... 382 packets received, 4998 bps, 62.47%, Err 6 (7.2e-06)
162.073 .... 383 packets received, 4879 bps, 60.99%, Err 6 (7.2e-06)
166.144 .... 384 packets received, 4771 bps, 59.63%, Err 6 (7.1e-06)
170.287 .... 385 packets received, 4666 bps, 58.32%, Err 6 (7.1e-06)
174.384 .... 386 packets received, 4567 bps, 57.09%, Err 6 (7.1e-06)
178.459 .... 387 packets received, 4474 bps, 55.92%, Err 6 (7.1e-06)
182.591 .... 388 packets received, 4383 bps, 54.79%, Err 6 (7.1e-06)
186.642 .... 389 packets received, 4298 bps, 53.73%, Err 6 (7.0e-06)
190.668 .... 390 packets received, 4218 bps, 52.72%, Err 6 (7.0e-06)
194.756 .... 391 packets received, 4139 bps, 51.74%, Err 6 (7.0e-06)
198.876 .... 392 packets received, 4063 bps, 50.79%, Err 6 (7.0e-06)
201.054 .... 395 packets received, 4050 bps, 50.62%, Err 6 (6.9e-06)
203.220 .... 403 packets received, 4087 bps, 51.09%, Err 6 (6.8e-06)
205.333 .... 411 packets received, 4125 bps, 51.57%, Err 6 (6.6e-06)
207.478 .... 419 packets received, 4162 bps, 52.02%, Err 6 (6.5e-06)
209.582 .... 427 packets received, 4199 bps, 52.48%, Err 6 (6.4e-06)
211.692 .... 435 packets received, 4234 bps, 52.93%, Err 6 (6.3e-06)
213.827 .... 443 packets received, 4269 bps, 53.36%, Err 6 (6.2e-06)
215.957 .... 451 packets received, 4303 bps, 53.79%, Err 6 (6.1e-06)
218.073 .... 459 packets received, 4336 bps, 54.21%, Err 6 (6.0e-06)
220.194 .... 467 packets received, 4369 bps, 54.62%, Err 6 (5.9e-06)
222.303 .... 475 packets received, 4402 bps, 55.02%, Err 6 (5.8e-06)
224.423 .... 483 packets received, 4433 bps, 55.42%, Err 6 (5.7e-06)
226.542 .... 491 packets received, 4464 bps, 55.80%, Err 6 (5.6e-06)
228.660 .... 499 packets received, 4495 bps, 56.19%, Err 6 (5.5e-06)
231.848 .... 506 packets received, 4495 bps, 56.19%, Err 7 (6.3e-06)
233.980 .... 518 packets received, 4559 bps, 56.99%, Err 7 (6.2e-06)
236.119 .... 526 packets received, 4588 bps, 57.34%, Err 7 (6.1e-06)
239.269 .... 533 packets received, 4587 bps, 57.34%, Err 8 (6.8e-06)
241.414 .... 545 packets received, 4648 bps, 58.11%, Err 8 (6.7e-06)
243.539 .... 553 packets received, 4675 bps, 58.44%, Err 8 (6.6e-06)
245.664 .... 561 packets received, 4702 bps, 58.77%, Err 8 (6.5e-06)
248.571 .... 568 packets received, 4704 bps, 58.81%, Err 9 (7.2e-06)
250.699 .... 579 packets received, 4755 bps, 59.43%, Err 9 (7.1e-06)
252.802 .... 587 packets received, 4780 bps, 59.75%, Err 9 (7.0e-06)
254.918 .... 595 packets received, 4805 bps, 60.06%, Err 9 (6.9e-06)
257.040 .... 602 packets received, 4821 bps, 60.26%, Err 10 (7.6e-06)
259.157 .... 610 packets received, 4845 bps, 60.56%, Err 10 (7.5e-06)
261.288 .... 618 packets received, 4868 bps, 60.85%, Err 10 (7.4e-06)
263.408 .... 626 packets received, 4891 bps, 61.14%, Err 10 (7.3e-06)
265.539 .... 634 packets received, 4914 bps, 61.42%, Err 10 (7.2e-06)
267.663 .... 642 packets received, 4936 bps, 61.70%, Err 10 (7.1e-06)
269.806 .... 649 packets received, 4950 bps, 61.88%, Err 11 (7.7e-06)
271.924 .... 657 packets received, 4972 bps, 62.15%, Err 11 (7.7e-06)
274.034 .... 665 packets received, 4994 bps, 62.42%, Err 11 (7.6e-06)
277.229 .... 673 packets received, 4995 bps, 62.44%, Err 12 (8.1e-06)
279.350 .... 684 packets received, 5038 bps, 62.98%, Err 12 (8.0e-06)
281.468 .... 691 packets received, 5051 bps, 63.14%, Err 13 (8.6e-06)
283.583 .... 699 packets received, 5071 bps, 63.39%, Err 13 (8.5e-06)
285.714 .... 707 packets received, 5091 bps, 63.64%, Err 13 (8.4e-06)
287.841 .... 715 packets received, 5110 bps, 63.88%, Err 13 (8.3e-06)
289.967 .... 723 packets received, 5129 bps, 64.12%, Err 13 (8.2e-06)
292.085 .... 731 packets received, 5148 bps, 64.36%, Err 13 (8.1e-06)
294.204 .... 739 packets received, 5167 bps, 64.59%, Err 13 (8.0e-06)
296.317 .... 747 packets received, 5186 bps, 64.82%, Err 13 (8.0e-06)
298.424 .... 755 packets received, 5204 bps, 65.05%, Err 13 (7.9e-06)
300.559 .... 762 packets received, 5215 bps, 65.19%, Err 14 (8.4e-06)
304.677 .... 763 packets received, 5151 bps, 64.38%, Err 14 (8.4e-06)
308.854 .... 764 packets received, 5087 bps, 63.59%, Err 14 (8.4e-06)
312.963 .... 765 packets received, 5027 bps, 62.84%, Err 14 (8.4e-06)
317.128 .... 766 packets received, 4967 bps, 62.09%, Err 14 (8.4e-06)
321.256 .... 767 packets received, 4909 bps, 61.37%, Err 14 (8.3e-06)
325.318 .... 768 packets received, 4854 bps, 60.68%, Err 14 (8.3e-06)
329.381 .... 769 packets received, 4800 bps, 60.00%, Err 14 (8.3e-06)
333.431 .... 770 packets received, 4748 bps, 59.35%, Err 14 (8.3e-06)
337.447 .... 771 packets received, 4697 bps, 58.72%, Err 14 (8.3e-06)
341.580 .... 772 packets received, 4646 bps, 58.08%, Err 14 (8.3e-06)
345.674 .... 773 packets received, 4597 bps, 57.46%, Err 14 (8.3e-06)
349.837 .... 774 packets received, 4548 bps, 56.85%, Err 14 (8.2e-06)
353.880 .... 775 packets received, 4502 bps, 56.27%, Err 14 (8.2e-06)
357.911 .... 776 packets received, 4457 bps, 55.71%, Err 14 (8.2e-06)
362.048 .... 777 packets received, 4411 bps, 55.14%, Err 14 (8.2e-06)
366.179 .... 778 packets received, 4367 bps, 54.58%, Err 14 (8.2e-06)
370.313 .... 779 packets received, 4323 bps, 54.04%, Err 14 (8.2e-06)
374.375 .... 780 packets received, 4282 bps, 53.52%, Err 14 (8.2e-06)
378.461 .... 781 packets received, 4241 bps, 53.01%, Err 14 (8.2e-06)
382.624 .... 782 packets received, 4200 bps, 52.50%, Err 14 (8.1e-06)
386.762 .... 783 packets received, 4160 bps, 52.00%, Err 14 (8.1e-06)
390.791 .... 784 packets received, 4122 bps, 51.53%, Err 14 (8.1e-06)
394.851 .... 785 packets received, 4085 bps, 51.06%, Err 14 (8.1e-06)
398.870 .... 786 packets received, 4049 bps, 50.61%, Err 14 (8.1e-06)
401.079 .... 789 packets received, 4042 bps, 50.52%, Err 14 (8.0e-06)
403.192 .... 797 packets received, 4061 bps, 50.77%, Err 14 (8.0e-06)
405.313 .... 805 packets received, 4081 bps, 51.01%, Err 14 (7.9e-06)
407.435 .... 812 packets received, 4095 bps, 51.18%, Err 15 (8.4e-06)
409.552 .... 820 packets received, 4114 bps, 51.42%, Err 15 (8.3e-06)
411.683 .... 828 packets received, 4132 bps, 51.65%, Err 15 (8.2e-06)
413.805 .... 836 packets received, 4151 bps, 51.88%, Err 15 (8.1e-06)
415.931 .... 844 packets received, 4169 bps, 52.11%, Err 15 (8.1e-06)
418.048 .... 848 packets received, 4167 bps, 52.09%, Err 16 (8.5e-06)
420.178 .... 859 packets received, 4200 bps, 52.50%, Err 16 (8.5e-06)
422.286 .... 867 packets received, 4218 bps, 52.72%, Err 16 (8.4e-06)
424.400 .... 875 packets received, 4235 bps, 52.94%, Err 17 (8.8e-06)
426.538 .... 883 packets received, 4253 bps, 53.16%, Err 17 (8.7e-06)
428.655 .... 891 packets received, 4270 bps, 53.37%, Err 17 (8.7e-06)
431.302 .... 897 packets received, 4272 bps, 53.40%, Err 18 (9.1e-06)
433.687 .... 905 packets received, 4287 bps, 53.58%, Err 19 (9.5e-06)
435.820 .... 916 packets received, 4317 bps, 53.97%, Err 19 (9.4e-06)
437.944 .... 924 packets received, 4334 bps, 54.17%, Err 19 (9.3e-06)
440.038 .... 932 packets received, 4351 bps, 54.38%, Err 19 (9.3e-06)
442.193 .... 940 packets received, 4366 bps, 54.58%, Err 19 (9.2e-06)
444.301 .... 948 packets received, 4383 bps, 54.78%, Err 19 (9.1e-06)
446.411 .... 956 packets received, 4399 bps, 54.98%, Err 19 (9.0e-06)
448.541 .... 964 packets received, 4414 bps, 55.18%, Err 19 (9.0e-06)
450.649 .... 972 packets received, 4430 bps, 55.38%, Err 19 (8.9e-06)
452.772 .... 980 packets received, 4446 bps, 55.57%, Err 19 (8.8e-06)
454.882 .... 988 packets received, 4461 bps, 55.76%, Err 19 (8.8e-06)
457.026 .... 996 packets received, 4476 bps, 55.95%, Err 19 (8.7e-06)
459.136 .... 1004 packets received, 4491 bps, 56.14%, Err 19 (8.6e-06)
461.261 .... 1012 packets received, 4506 bps, 56.32%, Err 19 (8.6e-06)
463.384 .... 1020 packets received, 4521 bps, 56.51%, Err 19 (8.5e-06)
465.494 .... 1028 packets received, 4535 bps, 56.69%, Err 19 (8.4e-06)
467.628 .... 1036 packets received, 4550 bps, 56.87%, Err 19 (8.4e-06)
469.752 .... 1044 packets received, 4564 bps, 57.05%, Err 19 (8.3e-06)
471.849 .... 1052 packets received, 4579 bps, 57.23%, Err 19 (8.2e-06)
473.985 .... 1060 packets received, 4593 bps, 57.41%, Err 19 (8.2e-06)
476.109 .... 1068 packets received, 4607 bps, 57.58%, Err 19 (8.1e-06)
478.223 .... 1076 packets received, 4621 bps, 57.76%, Err 19 (8.1e-06)
480.344 .... 1084 packets received, 4634 bps, 57.93%, Err 19 (8.0e-06)
482.724 .... 1089 packets received, 4633 bps, 57.91%, Err 20 (8.4e-06)
484.853 .... 1100 packets received, 4659 bps, 58.24%, Err 20 (8.3e-06)
486.972 .... 1108 packets received, 4672 bps, 58.40%, Err 20 (8.2e-06)
489.083 .... 1116 packets received, 4686 bps, 58.57%, Err 20 (8.2e-06)
491.213 .... 1124 packets received, 4699 bps, 58.73%, Err 20 (8.1e-06)
493.334 .... 1132 packets received, 4712 bps, 58.90%, Err 20 (8.1e-06)
495.457 .... 1140 packets received, 4725 bps, 59.06%, Err 20 (8.0e-06)
497.573 .... 1148 packets received, 4738 bps, 59.22%, Err 20 (8.0e-06)
499.682 .... 1156 packets received, 4750 bps, 59.38%, Err 20 (7.9e-06)
504.548 .... 1160 packets received, 4721 bps, 59.01%, Err 20 (7.9e-06)
508.629 .... 1161 packets received, 4687 bps, 58.58%, Err 20 (7.9e-06)
512.748 .... 1162 packets received, 4653 bps, 58.16%, Err 20 (7.9e-06)
516.848 .... 1163 packets received, 4620 bps, 57.75%, Err 20 (7.9e-06)
520.978 .... 1164 packets received, 4587 bps, 57.34%, Err 20 (7.9e-06)
525.113 .... 1165 packets received, 4555 bps, 56.94%, Err 20 (7.8e-06)
529.204 .... 1166 packets received, 4523 bps, 56.54%, Err 20 (7.8e-06)
533.316 .... 1167 packets received, 4492 bps, 56.15%, Err 20 (7.8e-06)
537.367 .... 1168 packets received, 4462 bps, 55.78%, Err 20 (7.8e-06)
541.466 .... 1169 packets received, 4432 bps, 55.40%, Err 20 (7.8e-06)
545.553 .... 1170 packets received, 4403 bps, 55.03%, Err 20 (7.8e-06)
549.623 .... 1171 packets received, 4374 bps, 54.67%, Err 20 (7.8e-06)
553.797 .... 1172 packets received, 4344 bps, 54.30%, Err 20 (7.8e-06)
557.921 .... 1173 packets received, 4316 bps, 53.95%, Err 20 (7.8e-06)
562.047 .... 1174 packets received, 4288 bps, 53.60%, Err 20 (7.8e-06)
566.186 .... 1175 packets received, 4260 bps, 53.25%, Err 20 (7.8e-06)
570.343 .... 1176 packets received, 4232 bps, 52.91%, Err 20 (7.7e-06)
574.487 .... 1177 packets received, 4205 bps, 52.57%, Err 20 (7.7e-06)
578.635 .... 1178 packets received, 4179 bps, 52.23%, Err 20 (7.7e-06)
582.742 .... 1179 packets received, 4153 bps, 51.91%, Err 20 (7.7e-06)
586.845 .... 1180 packets received, 4127 bps, 51.59%, Err 20 (7.7e-06)
590.986 .... 1181 packets received, 4102 bps, 51.27%, Err 20 (7.7e-06)
595.100 .... 1182 packets received, 4077 bps, 50.96%, Err 20 (7.7e-06)
599.164 .... 1183 packets received, 4052 bps, 50.65%, Err 20 (7.7e-06)
601.354 .... 1187 packets received, 4051 bps, 50.64%, Err 20 (7.7e-06)
604.540 .... 1194 packets received, 4054 bps, 50.67%, Err 21 (8.0e-06)
606.676 .... 1206 packets received, 4080 bps, 51.00%, Err 21 (7.9e-06)
608.786 .... 1214 packets received, 4093 bps, 51.16%, Err 22 (8.2e-06)
610.914 .... 1222 packets received, 4105 bps, 51.32%, Err 22 (8.2e-06)
613.062 .... 1230 packets received, 4118 bps, 51.47%, Err 22 (8.1e-06)
615.159 .... 1238 packets received, 4130 bps, 51.63%, Err 22 (8.1e-06)
617.286 .... 1242 packets received, 4129 bps, 51.62%, Err 23 (8.4e-06)
619.408 .... 1253 packets received, 4152 bps, 51.90%, Err 23 (8.3e-06)
621.521 .... 1261 packets received, 4164 bps, 52.05%, Err 23 (8.3e-06)
623.664 .... 1269 packets received, 4176 bps, 52.20%, Err 24 (8.6e-06)
625.795 .... 1276 packets received, 4185 bps, 52.31%, Err 24 (8.5e-06)
628.720 .... 1283 packets received, 4188 bps, 52.35%, Err 25 (8.8e-06)
630.830 .... 1294 packets received, 4210 bps, 52.62%, Err 25 (8.8e-06)
632.963 .... 1302 packets received, 4221 bps, 52.77%, Err 25 (8.7e-06)
635.099 .... 1309 packets received, 4230 bps, 52.87%, Err 26 (9.0e-06)
637.511 .... 1314 packets received, 4230 bps, 52.87%, Err 27 (9.3e-06)
639.630 .... 1325 packets received, 4251 bps, 53.14%, Err 27 (9.3e-06)
641.754 .... 1333 packets received, 4263 bps, 53.28%, Err 27 (9.2e-06)
643.879 .... 1341 packets received, 4274 bps, 53.42%, Err 27 (9.1e-06)
646.002 .... 1349 packets received, 4285 bps, 53.57%, Err 27 (9.1e-06)
648.120 .... 1357 packets received, 4297 bps, 53.71%, Err 27 (9.0e-06)
650.239 .... 1365 packets received, 4308 bps, 53.85%, Err 27 (9.0e-06)
652.381 .... 1373 packets received, 4319 bps, 53.99%, Err 27 (8.9e-06)
654.503 .... 1381 packets received, 4330 bps, 54.12%, Err 27 (8.9e-06)
656.628 .... 1389 packets received, 4341 bps, 54.26%, Err 27 (8.8e-06)
658.742 .... 1397 packets received, 4352 bps, 54.40%, Err 27 (8.8e-06)
660.862 .... 1405 packets received, 4363 bps, 54.53%, Err 27 (8.7e-06)
662.985 .... 1413 packets received, 4373 bps, 54.67%, Err 27 (8.7e-06)
665.095 .... 1421 packets received, 4384 bps, 54.80%, Err 27 (8.6e-06)
667.219 .... 1429 packets received, 4395 bps, 54.94%, Err 27 (8.6e-06)
669.346 .... 1437 packets received, 4405 bps, 55.07%, Err 27 (8.6e-06)
671.461 .... 1445 packets received, 4416 bps, 55.20%, Err 27 (8.5e-06)
673.569 .... 1449 packets received, 4414 bps, 55.18%, Err 29 (9.1e-06)
675.691 .... 1460 packets received, 4434 bps, 55.42%, Err 29 (9.0e-06)
677.833 .... 1468 packets received, 4444 bps, 55.55%, Err 29 (9.0e-06)
679.948 .... 1476 packets received, 4454 bps, 55.68%, Err 29 (8.9e-06)
682.318 .... 1481 packets received, 4454 bps, 55.67%, Err 30 (9.2e-06)
684.432 .... 1488 packets received, 4461 bps, 55.76%, Err 31 (9.5e-06)
686.576 .... 1498 packets received, 4477 bps, 55.96%, Err 32 (9.7e-06)
688.697 .... 1506 packets received, 4487 bps, 56.09%, Err 32 (9.7e-06)
690.805 .... 1514 packets received, 4497 bps, 56.21%, Err 32 (9.6e-06)
692.925 .... 1522 packets received, 4507 bps, 56.34%, Err 33 (9.9e-06)
695.059 .... 1530 packets received, 4517 bps, 56.46%, Err 33 (9.8e-06)
697.180 .... 1538 packets received, 4526 bps, 56.58%, Err 33 (9.8e-06)
699.302 .... 1546 packets received, 4536 bps, 56.70%, Err 33 (9.7e-06)
700.032 Quit.
