000.000 =============================================================
000.000                     Station B                               
000.000 -------------------------------------------------------------
000.000 Protocol.lib, version 4.0, jiangyanjun0718@bupt.edu.cn
000.000 Channel: 8000 bps, 270 ms propagation delay, bit error rate 1.0E-05
000.000 Log file "B.log", TCP port 30011, debug mask 0x00
000.000 Station B is connecting station A (TCP port 30011) ... Done.
000.459 New epoch: Wed May  8 20:24:35 2019
000.459 =================================================================
000.459 
000.459 Designed by CJSoft, build: May  8 2019  20:24:30
002.881 .... 8 packets received, 7652 bps, 95.66%, Err 0 (0.0e+00)
005.004 .... 16 packets received, 7685 bps, 96.06%, Err 0 (0.0e+00)
007.126 .... 23 packets received, 7376 bps, 92.20%, Err 1 (1.9e-05)
009.222 .... 31 packets received, 7485 bps, 93.56%, Err 1 (1.4e-05)
011.351 .... 39 packets received, 7527 bps, 94.09%, Err 1 (1.2e-05)
013.478 .... 47 packets received, 7557 bps, 94.46%, Err 1 (9.6e-06)
015.588 .... 55 packets received, 7586 bps, 94.83%, Err 1 (8.3e-06)
017.712 .... 63 packets received, 7602 bps, 95.03%, Err 1 (7.3e-06)
019.838 .... 71 packets received, 7614 bps, 95.17%, Err 1 (6.5e-06)
021.944 .... 79 packets received, 7630 bps, 95.38%, Err 1 (5.8e-06)
024.079 .... 87 packets received, 7634 bps, 95.43%, Err 1 (5.3e-06)
026.196 .... 94 packets received, 7563 bps, 94.53%, Err 3 (1.5e-05)
028.315 .... 102 packets received, 7576 bps, 94.69%, Err 3 (1.3e-05)
030.424 .... 110 packets received, 7589 bps, 94.87%, Err 3 (1.3e-05)
032.545 .... 118 packets received, 7598 bps, 94.98%, Err 4 (1.6e-05)
034.488 ** WARNING: System too busy, sleep 15 ms, but be awakened 111 ms later
035.743 .... 119 packets received, 6963 bps, 87.03%, Err 5 (1.8e-05)
038.128 .... 132 packets received, 7231 bps, 90.38%, Err 5 (1.7e-05)
040.248 .... 138 packets received, 7154 bps, 89.42%, Err 5 (1.6e-05)
042.377 .... 144 packets received, 7083 bps, 88.54%, Err 5 (1.5e-05)
044.476 .... 150 packets received, 7024 bps, 87.80%, Err 5 (1.4e-05)
046.595 .... 156 packets received, 6967 bps, 87.09%, Err 5 (1.4e-05)
048.715 .... 162 packets received, 6916 bps, 86.45%, Err 5 (1.3e-05)
050.847 .... 168 packets received, 6867 bps, 85.83%, Err 5 (1.2e-05)
052.974 .... 174 packets received, 6822 bps, 85.28%, Err 5 (1.2e-05)
055.088 .... 180 packets received, 6783 bps, 84.79%, Err 5 (1.1e-05)
057.198 .... 186 packets received, 6747 bps, 84.34%, Err 5 (1.1e-05)
059.335 .... 192 packets received, 6711 bps, 83.88%, Err 5 (1.1e-05)
061.453 .... 199 packets received, 6713 bps, 83.91%, Err 6 (1.2e-05)
063.580 .... 205 packets received, 6681 bps, 83.51%, Err 6 (1.2e-05)
065.705 .... 211 packets received, 6652 bps, 83.15%, Err 6 (1.1e-05)
068.110 .... 218 packets received, 6627 bps, 82.84%, Err 6 (1.1e-05)
070.494 .... 225 packets received, 6606 bps, 82.58%, Err 7 (1.2e-05)
072.629 .... 232 packets received, 6609 bps, 82.62%, Err 7 (1.2e-05)
074.775 .... 238 packets received, 6584 bps, 82.30%, Err 7 (1.2e-05)
077.165 .... 245 packets received, 6565 bps, 82.07%, Err 7 (1.1e-05)
079.557 .... 252 packets received, 6548 bps, 81.85%, Err 7 (1.1e-05)
081.986 .... 259 packets received, 6529 bps, 81.61%, Err 7 (1.1e-05)
084.371 .... 266 packets received, 6514 bps, 81.42%, Err 7 (1.0e-05)
086.497 .... 273 packets received, 6520 bps, 81.50%, Err 7 (1.0e-05)
088.648 .... 279 packets received, 6500 bps, 81.25%, Err 7 (9.9e-06)
091.567 .... 284 packets received, 6404 bps, 80.05%, Err 8 (1.1e-05)
093.695 .... 295 packets received, 6499 bps, 81.24%, Err 8 (1.1e-05)
095.820 .... 303 packets received, 6527 bps, 81.58%, Err 8 (1.0e-05)
097.928 .... 311 packets received, 6554 bps, 81.92%, Err 8 (1.0e-05)
100.054 .... 319 packets received, 6578 bps, 82.23%, Err 8 (1.0e-05)
102.189 .... 327 packets received, 6601 bps, 82.52%, Err 8 (9.8e-06)
104.310 .... 335 packets received, 6624 bps, 82.80%, Err 8 (9.6e-06)
106.424 .... 343 packets received, 6647 bps, 83.09%, Err 8 (9.4e-06)
108.546 .... 351 packets received, 6668 bps, 83.35%, Err 8 (9.3e-06)
110.664 .... 359 packets received, 6689 bps, 83.61%, Err 8 (9.1e-06)
112.791 .... 367 packets received, 6708 bps, 83.85%, Err 8 (8.9e-06)
114.908 .... 375 packets received, 6727 bps, 84.09%, Err 9 (9.8e-06)
117.294 .... 380 packets received, 6677 bps, 83.46%, Err 10 (1.1e-05)
119.411 .... 391 packets received, 6748 bps, 84.35%, Err 10 (1.1e-05)
121.535 .... 399 packets received, 6765 bps, 84.56%, Err 10 (1.0e-05)
123.651 .... 407 packets received, 6782 bps, 84.77%, Err 10 (1.0e-05)
125.768 .... 415 packets received, 6798 bps, 84.97%, Err 10 (1.0e-05)
127.898 .... 423 packets received, 6813 bps, 85.16%, Err 10 (9.8e-06)
130.042 .... 431 packets received, 6827 bps, 85.33%, Err 10 (9.6e-06)
132.149 .... 439 packets received, 6842 bps, 85.52%, Err 10 (9.5e-06)
134.305 .... 447 packets received, 6854 bps, 85.68%, Err 10 (9.3e-06)
136.382 .... 455 packets received, 6870 bps, 85.87%, Err 10 (9.2e-06)
138.526 .... 459 packets received, 6822 bps, 85.28%, Err 11 (1.0e-05)
140.628 .... 470 packets received, 6881 bps, 86.01%, Err 11 (9.8e-06)
142.743 .... 478 packets received, 6894 bps, 86.17%, Err 11 (9.7e-06)
144.863 .... 482 packets received, 6849 bps, 85.62%, Err 12 (1.0e-05)
146.983 .... 493 packets received, 6904 bps, 86.30%, Err 12 (1.0e-05)
149.113 .... 501 packets received, 6915 bps, 86.44%, Err 13 (1.1e-05)
151.226 .... 509 packets received, 6927 bps, 86.59%, Err 13 (1.1e-05)
153.359 .... 517 packets received, 6938 bps, 86.72%, Err 13 (1.1e-05)
155.477 .... 525 packets received, 6949 bps, 86.86%, Err 13 (1.0e-05)
157.578 .... 533 packets received, 6960 bps, 87.00%, Err 13 (1.0e-05)
159.724 .... 541 packets received, 6969 bps, 87.11%, Err 13 (1.0e-05)
161.837 .... 548 packets received, 6967 bps, 87.08%, Err 14 (1.1e-05)
163.972 .... 556 packets received, 6976 bps, 87.20%, Err 14 (1.1e-05)
166.081 .... 564 packets received, 6986 bps, 87.32%, Err 14 (1.1e-05)
168.996 .... 571 packets received, 6950 bps, 86.88%, Err 15 (1.1e-05)
171.108 .... 582 packets received, 6996 bps, 87.45%, Err 15 (1.1e-05)
173.237 .... 590 packets received, 7005 bps, 87.56%, Err 15 (1.1e-05)
175.364 .... 597 packets received, 7002 bps, 87.52%, Err 16 (1.1e-05)
177.486 .... 605 packets received, 7010 bps, 87.63%, Err 16 (1.1e-05)
179.602 .... 613 packets received, 7019 bps, 87.74%, Err 16 (1.1e-05)
181.720 .... 621 packets received, 7027 bps, 87.84%, Err 16 (1.1e-05)
183.847 .... 629 packets received, 7035 bps, 87.94%, Err 16 (1.1e-05)
185.957 .... 637 packets received, 7044 bps, 88.04%, Err 16 (1.1e-05)
188.068 .... 645 packets received, 7052 bps, 88.14%, Err 16 (1.1e-05)
190.197 .... 653 packets received, 7059 bps, 88.24%, Err 16 (1.1e-05)
192.321 .... 661 packets received, 7066 bps, 88.33%, Err 16 (1.0e-05)
194.443 .... 669 packets received, 7073 bps, 88.42%, Err 16 (1.0e-05)
196.557 .... 677 packets received, 7081 bps, 88.51%, Err 16 (1.0e-05)
198.667 .... 685 packets received, 7088 bps, 88.60%, Err 16 (1.0e-05)
200.803 .... 693 packets received, 7094 bps, 88.68%, Err 17 (1.1e-05)
202.919 .... 700 packets received, 7091 bps, 88.63%, Err 17 (1.0e-05)
205.047 .... 708 packets received, 7097 bps, 88.71%, Err 17 (1.0e-05)
207.163 .... 716 packets received, 7104 bps, 88.80%, Err 17 (1.0e-05)
209.286 .... 724 packets received, 7110 bps, 88.87%, Err 17 (1.0e-05)
211.408 .... 732 packets received, 7116 bps, 88.95%, Err 17 (1.0e-05)
213.514 .... 740 packets received, 7123 bps, 89.03%, Err 17 (1.0e-05)
215.632 .... 748 packets received, 7129 bps, 89.11%, Err 17 (9.9e-06)
217.744 .... 756 packets received, 7135 bps, 89.19%, Err 17 (9.8e-06)
219.871 .... 764 packets received, 7140 bps, 89.25%, Err 17 (9.7e-06)
222.003 .... 772 packets received, 7146 bps, 89.32%, Err 17 (9.6e-06)
224.124 .... 780 packets received, 7151 bps, 89.39%, Err 17 (9.5e-06)
226.239 .... 788 packets received, 7157 bps, 89.46%, Err 17 (9.4e-06)
228.356 .... 796 packets received, 7162 bps, 89.53%, Err 17 (9.3e-06)
230.477 .... 804 packets received, 7167 bps, 89.59%, Err 17 (9.2e-06)
232.600 .... 812 packets received, 7172 bps, 89.65%, Err 17 (9.2e-06)
234.734 .... 819 packets received, 7168 bps, 89.60%, Err 18 (9.6e-06)
236.858 .... 827 packets received, 7173 bps, 89.66%, Err 18 (9.5e-06)
238.972 .... 835 packets received, 7178 bps, 89.73%, Err 18 (9.4e-06)
241.084 .... 843 packets received, 7183 bps, 89.79%, Err 18 (9.4e-06)
243.226 .... 851 packets received, 7187 bps, 89.84%, Err 18 (9.3e-06)
245.330 .... 859 packets received, 7193 bps, 89.91%, Err 18 (9.2e-06)
247.444 .... 867 packets received, 7197 bps, 89.97%, Err 19 (9.6e-06)
249.588 .... 875 packets received, 7201 bps, 90.01%, Err 19 (9.5e-06)
251.697 .... 883 packets received, 7206 bps, 90.07%, Err 19 (9.5e-06)
253.825 .... 891 packets received, 7210 bps, 90.13%, Err 19 (9.4e-06)
255.924 .... 899 packets received, 7215 bps, 90.19%, Err 19 (9.3e-06)
258.076 .... 907 packets received, 7218 bps, 90.23%, Err 19 (9.2e-06)
260.179 .... 915 packets received, 7223 bps, 90.29%, Err 19 (9.1e-06)
262.304 .... 923 packets received, 7227 bps, 90.34%, Err 19 (9.1e-06)
264.431 .... 930 packets received, 7223 bps, 90.29%, Err 20 (9.5e-06)
266.538 .... 938 packets received, 7227 bps, 90.34%, Err 20 (9.4e-06)
268.051 ** WARNING: System too busy, sleep 15 ms, but be awakened 67 ms later
268.674 .... 946 packets received, 7231 bps, 90.39%, Err 21 (9.8e-06)
270.781 .... 953 packets received, 7228 bps, 90.34%, Err 21 (9.7e-06)
273.168 .... 958 packets received, 7202 bps, 90.02%, Err 22 (1.0e-05)
275.294 .... 969 packets received, 7228 bps, 90.35%, Err 22 (1.0e-05)
277.421 .... 977 packets received, 7232 bps, 90.40%, Err 23 (1.0e-05)
279.548 .... 984 packets received, 7228 bps, 90.35%, Err 23 (1.0e-05)
281.662 .... 992 packets received, 7232 bps, 90.40%, Err 23 (1.0e-05)
283.788 .... 1000 packets received, 7236 bps, 90.44%, Err 23 (1.0e-05)
285.903 .... 1008 packets received, 7239 bps, 90.49%, Err 23 (1.0e-05)
288.045 .... 1016 packets received, 7242 bps, 90.53%, Err 23 (1.0e-05)
290.141 .... 1020 packets received, 7218 bps, 90.23%, Err 24 (1.0e-05)
292.260 .... 1031 packets received, 7243 bps, 90.54%, Err 24 (1.0e-05)
294.383 .... 1039 packets received, 7246 bps, 90.58%, Err 24 (1.0e-05)
296.511 .... 1047 packets received, 7250 bps, 90.62%, Err 24 (1.0e-05)
298.637 .... 1055 packets received, 7253 bps, 90.66%, Err 24 (1.0e-05)
300.750 .... 1063 packets received, 7257 bps, 90.71%, Err 24 (1.0e-05)
302.878 .... 1071 packets received, 7260 bps, 90.75%, Err 24 (9.9e-06)
306.047 .... 1079 packets received, 7238 bps, 90.47%, Err 25 (1.0e-05)
308.175 .... 1090 packets received, 7261 bps, 90.76%, Err 25 (1.0e-05)
310.306 .... 1098 packets received, 7264 bps, 90.80%, Err 25 (1.0e-05)
312.420 .... 1106 packets received, 7267 bps, 90.84%, Err 25 (1.0e-05)
314.532 .... 1114 packets received, 7271 bps, 90.88%, Err 25 (1.0e-05)
316.662 .... 1122 packets received, 7273 bps, 90.92%, Err 25 (9.9e-06)
318.786 .... 1130 packets received, 7276 bps, 90.96%, Err 25 (9.8e-06)
320.900 .... 1138 packets received, 7280 bps, 90.99%, Err 25 (9.8e-06)
323.013 .... 1146 packets received, 7283 bps, 91.03%, Err 25 (9.7e-06)
325.134 .... 1154 packets received, 7286 bps, 91.07%, Err 25 (9.6e-06)
327.254 .... 1162 packets received, 7288 bps, 91.11%, Err 25 (9.6e-06)
329.368 .... 1170 packets received, 7291 bps, 91.14%, Err 25 (9.5e-06)
331.505 .... 1178 packets received, 7294 bps, 91.17%, Err 25 (9.4e-06)
333.618 .... 1186 packets received, 7297 bps, 91.21%, Err 25 (9.4e-06)
335.733 .... 1194 packets received, 7300 bps, 91.24%, Err 25 (9.3e-06)
337.857 .... 1202 packets received, 7302 bps, 91.28%, Err 25 (9.3e-06)
339.975 .... 1210 packets received, 7305 bps, 91.31%, Err 25 (9.2e-06)
342.096 .... 1217 packets received, 7302 bps, 91.27%, Err 26 (9.5e-06)
344.211 .... 1225 packets received, 7304 bps, 91.30%, Err 26 (9.5e-06)
346.332 .... 1233 packets received, 7307 bps, 91.34%, Err 26 (9.4e-06)
348.443 .... 1241 packets received, 7310 bps, 91.37%, Err 26 (9.3e-06)
350.572 .... 1249 packets received, 7312 bps, 91.40%, Err 26 (9.3e-06)
352.696 .... 1257 packets received, 7314 bps, 91.43%, Err 26 (9.2e-06)
354.824 .... 1265 packets received, 7317 bps, 91.46%, Err 26 (9.2e-06)
356.928 .... 1273 packets received, 7319 bps, 91.49%, Err 26 (9.1e-06)
359.055 .... 1281 packets received, 7322 bps, 91.52%, Err 26 (9.1e-06)
361.171 .... 1289 packets received, 7324 bps, 91.55%, Err 26 (9.0e-06)
363.840 .... 1295 packets received, 7304 bps, 91.30%, Err 27 (9.3e-06)
365.955 .... 1305 packets received, 7318 bps, 91.47%, Err 28 (9.6e-06)
368.863 .... 1312 packets received, 7299 bps, 91.24%, Err 29 (9.8e-06)
370.975 .... 1323 packets received, 7318 bps, 91.48%, Err 29 (9.8e-06)
373.089 .... 1331 packets received, 7321 bps, 91.51%, Err 29 (9.7e-06)
375.499 .... 1336 packets received, 7301 bps, 91.26%, Err 30 (1.0e-05)
377.599 .... 1347 packets received, 7320 bps, 91.50%, Err 30 (9.9e-06)
379.734 .... 1355 packets received, 7322 bps, 91.53%, Err 30 (9.9e-06)
381.846 .... 1363 packets received, 7325 bps, 91.56%, Err 30 (9.8e-06)
383.962 .... 1371 packets received, 7327 bps, 91.59%, Err 30 (9.8e-06)
386.101 .... 1379 packets received, 7329 bps, 91.61%, Err 30 (9.7e-06)
388.210 .... 1387 packets received, 7331 bps, 91.64%, Err 30 (9.7e-06)
390.349 .... 1395 packets received, 7333 bps, 91.66%, Err 30 (9.6e-06)
392.453 .... 1399 packets received, 7314 bps, 91.43%, Err 31 (9.9e-06)
394.585 .... 1410 packets received, 7332 bps, 91.65%, Err 31 (9.8e-06)
396.699 .... 1418 packets received, 7334 bps, 91.68%, Err 31 (9.8e-06)
398.816 .... 1426 packets received, 7336 bps, 91.71%, Err 31 (9.7e-06)
400.927 .... 1434 packets received, 7339 bps, 91.73%, Err 31 (9.7e-06)
403.060 .... 1442 packets received, 7340 bps, 91.76%, Err 31 (9.6e-06)
405.174 .... 1450 packets received, 7343 bps, 91.78%, Err 31 (9.6e-06)
407.310 .... 1458 packets received, 7344 bps, 91.80%, Err 32 (9.8e-06)
410.227 .... 1465 packets received, 7327 bps, 91.59%, Err 33 (1.0e-05)
412.337 .... 1476 packets received, 7344 bps, 91.80%, Err 33 (1.0e-05)
414.467 .... 1484 packets received, 7346 bps, 91.82%, Err 33 (1.0e-05)
417.108 .... 1490 packets received, 7329 bps, 91.61%, Err 34 (1.0e-05)
419.245 .... 1501 packets received, 7345 bps, 91.82%, Err 34 (1.0e-05)
421.364 .... 1509 packets received, 7347 bps, 91.84%, Err 34 (1.0e-05)
423.480 .... 1517 packets received, 7349 bps, 91.87%, Err 34 (1.0e-05)
425.595 .... 1525 packets received, 7351 bps, 91.89%, Err 34 (1.0e-05)
427.703 .... 1533 packets received, 7353 bps, 91.92%, Err 34 (9.9e-06)
429.841 .... 1541 packets received, 7355 bps, 91.94%, Err 35 (1.0e-05)
431.961 .... 1548 packets received, 7352 bps, 91.90%, Err 35 (1.0e-05)
434.093 .... 1556 packets received, 7354 bps, 91.92%, Err 35 (1.0e-05)
436.213 .... 1564 packets received, 7355 bps, 91.94%, Err 35 (1.0e-05)
438.335 .... 1572 packets received, 7357 bps, 91.96%, Err 35 (1.0e-05)
441.226 .... 1579 packets received, 7341 bps, 91.77%, Err 36 (1.0e-05)
443.359 .... 1590 packets received, 7357 bps, 91.96%, Err 36 (1.0e-05)
445.483 .... 1598 packets received, 7359 bps, 91.98%, Err 36 (1.0e-05)
447.605 .... 1606 packets received, 7360 bps, 92.00%, Err 36 (1.0e-05)
449.737 .... 1614 packets received, 7362 bps, 92.02%, Err 36 (1.0e-05)
451.835 .... 1622 packets received, 7364 bps, 92.05%, Err 36 (1.0e-05)
453.955 .... 1630 packets received, 7366 bps, 92.07%, Err 36 (9.9e-06)
456.092 .... 1638 packets received, 7367 bps, 92.09%, Err 36 (9.9e-06)
458.206 .... 1646 packets received, 7369 bps, 92.11%, Err 36 (9.8e-06)
460.317 .... 1654 packets received, 7371 bps, 92.13%, Err 36 (9.8e-06)
462.454 .... 1662 packets received, 7372 bps, 92.15%, Err 36 (9.7e-06)
464.567 .... 1670 packets received, 7374 bps, 92.17%, Err 36 (9.7e-06)
466.687 .... 1678 packets received, 7375 bps, 92.19%, Err 36 (9.7e-06)
468.798 .... 1685 packets received, 7373 bps, 92.16%, Err 37 (9.9e-06)
470.924 .... 1693 packets received, 7374 bps, 92.18%, Err 37 (9.8e-06)
473.051 .... 1701 packets received, 7376 bps, 92.20%, Err 37 (9.8e-06)
475.172 .... 1709 packets received, 7377 bps, 92.22%, Err 37 (9.7e-06)
477.281 .... 1717 packets received, 7379 bps, 92.24%, Err 37 (9.7e-06)
479.414 .... 1725 packets received, 7380 bps, 92.25%, Err 37 (9.7e-06)
481.524 .... 1733 packets received, 7382 bps, 92.28%, Err 37 (9.6e-06)
483.649 .... 1741 packets received, 7384 bps, 92.29%, Err 37 (9.6e-06)
485.769 .... 1749 packets received, 7385 bps, 92.31%, Err 37 (9.5e-06)
487.895 .... 1757 packets received, 7386 bps, 92.33%, Err 37 (9.5e-06)
490.010 .... 1765 packets received, 7388 bps, 92.35%, Err 37 (9.4e-06)
492.138 .... 1773 packets received, 7389 bps, 92.37%, Err 37 (9.4e-06)
494.252 .... 1781 packets received, 7391 bps, 92.39%, Err 37 (9.4e-06)
496.367 .... 1789 packets received, 7392 bps, 92.40%, Err 37 (9.3e-06)
498.505 .... 1797 packets received, 7394 bps, 92.42%, Err 37 (9.3e-06)
500.614 .... 1805 packets received, 7395 bps, 92.44%, Err 37 (9.2e-06)
502.733 .... 1813 packets received, 7397 bps, 92.46%, Err 37 (9.2e-06)
504.852 .... 1821 packets received, 7398 bps, 92.47%, Err 37 (9.2e-06)
506.971 .... 1829 packets received, 7399 bps, 92.49%, Err 37 (9.1e-06)
509.095 .... 1837 packets received, 7401 bps, 92.51%, Err 37 (9.1e-06)
511.203 .... 1845 packets received, 7402 bps, 92.53%, Err 37 (9.1e-06)
513.318 .... 1853 packets received, 7404 bps, 92.55%, Err 37 (9.0e-06)
515.441 .... 1860 packets received, 7401 bps, 92.51%, Err 38 (9.2e-06)
517.556 .... 1868 packets received, 7402 bps, 92.53%, Err 38 (9.2e-06)
519.695 .... 1876 packets received, 7403 bps, 92.54%, Err 38 (9.1e-06)
521.821 .... 1884 packets received, 7405 bps, 92.56%, Err 38 (9.1e-06)
523.938 .... 1892 packets received, 7406 bps, 92.58%, Err 39 (9.3e-06)
526.052 .... 1899 packets received, 7404 bps, 92.54%, Err 39 (9.3e-06)
529.220 .... 1906 packets received, 7386 bps, 92.33%, Err 42 (9.9e-06)
531.351 .... 1917 packets received, 7399 bps, 92.49%, Err 42 (9.9e-06)
533.478 .... 1925 packets received, 7400 bps, 92.50%, Err 42 (9.8e-06)
535.586 .... 1933 packets received, 7402 bps, 92.52%, Err 43 (1.0e-05)
537.725 .... 1940 packets received, 7399 bps, 92.49%, Err 43 (1.0e-05)
539.829 .... 1948 packets received, 7400 bps, 92.51%, Err 43 (1.0e-05)
541.964 .... 1956 packets received, 7402 bps, 92.52%, Err 43 (9.9e-06)
544.073 .... 1963 packets received, 7399 bps, 92.49%, Err 44 (1.0e-05)
546.206 .... 1971 packets received, 7400 bps, 92.50%, Err 44 (1.0e-05)
548.309 .... 1979 packets received, 7402 bps, 92.52%, Err 44 (1.0e-05)
550.445 .... 1987 packets received, 7403 bps, 92.54%, Err 44 (1.0e-05)
552.565 .... 1989 packets received, 7382 bps, 92.27%, Err 45 (1.0e-05)
554.685 .... 2001 packets received, 7398 bps, 92.47%, Err 45 (1.0e-05)
556.802 .... 2007 packets received, 7392 bps, 92.40%, Err 45 (1.0e-05)
558.918 .... 2013 packets received, 7386 bps, 92.32%, Err 45 (1.0e-05)
561.833 .... 2018 packets received, 7366 bps, 92.07%, Err 46 (1.0e-05)
563.961 .... 2028 packets received, 7374 bps, 92.18%, Err 46 (1.0e-05)
566.077 .... 2036 packets received, 7376 bps, 92.20%, Err 46 (1.0e-05)
568.188 .... 2044 packets received, 7377 bps, 92.21%, Err 46 (1.0e-05)
570.321 .... 2052 packets received, 7378 bps, 92.23%, Err 46 (1.0e-05)
572.441 .... 2060 packets received, 7380 bps, 92.24%, Err 46 (1.0e-05)
574.563 .... 2068 packets received, 7381 bps, 92.26%, Err 46 (1.0e-05)
576.683 .... 2076 packets received, 7382 bps, 92.28%, Err 46 (1.0e-05)
579.334 .... 2082 packets received, 7369 bps, 92.12%, Err 47 (1.0e-05)
581.454 .... 2093 packets received, 7381 bps, 92.27%, Err 47 (1.0e-05)
583.557 .... 2101 packets received, 7383 bps, 92.29%, Err 47 (1.0e-05)
585.688 .... 2109 packets received, 7384 bps, 92.30%, Err 47 (1.0e-05)
587.808 .... 2117 packets received, 7385 bps, 92.32%, Err 47 (1.0e-05)
589.917 .... 2125 packets received, 7387 bps, 92.33%, Err 47 (1.0e-05)
592.053 .... 2132 packets received, 7384 bps, 92.30%, Err 48 (1.0e-05)
594.160 .... 2140 packets received, 7386 bps, 92.32%, Err 48 (1.0e-05)
596.289 .... 2147 packets received, 7383 bps, 92.29%, Err 49 (1.0e-05)
598.414 .... 2155 packets received, 7384 bps, 92.30%, Err 49 (1.0e-05)
600.519 .... 2163 packets received, 7386 bps, 92.32%, Err 49 (1.0e-05)
602.661 .... 2171 packets received, 7387 bps, 92.33%, Err 49 (1.0e-05)
604.791 .... 2179 packets received, 7388 bps, 92.35%, Err 49 (1.0e-05)
606.897 .... 2187 packets received, 7389 bps, 92.36%, Err 49 (1.0e-05)
609.017 .... 2195 packets received, 7390 bps, 92.38%, Err 49 (1.0e-05)
611.670 .... 2201 packets received, 7378 bps, 92.23%, Err 50 (1.0e-05)
614.059 .... 2209 packets received, 7376 bps, 92.20%, Err 51 (1.0e-05)
616.178 .... 2220 packets received, 7388 bps, 92.34%, Err 51 (1.0e-05)
618.306 .... 2228 packets received, 7389 bps, 92.36%, Err 51 (1.0e-05)
620.410 .... 2236 packets received, 7390 bps, 92.37%, Err 51 (1.0e-05)
622.551 .... 2244 packets received, 7391 bps, 92.39%, Err 51 (1.0e-05)
624.663 .... 2248 packets received, 7379 bps, 92.24%, Err 53 (1.1e-05)
627.308 .... 2254 packets received, 7367 bps, 92.09%, Err 55 (1.1e-05)
629.430 .... 2265 packets received, 7378 bps, 92.23%, Err 55 (1.1e-05)
631.574 .... 2271 packets received, 7373 bps, 92.16%, Err 55 (1.1e-05)
633.680 .... 2277 packets received, 7368 bps, 92.10%, Err 55 (1.1e-05)
635.812 .... 2283 packets received, 7362 bps, 92.03%, Err 55 (1.1e-05)
638.981 .... 2289 packets received, 7345 bps, 91.81%, Err 56 (1.1e-05)
641.116 .... 2299 packets received, 7352 bps, 91.91%, Err 56 (1.1e-05)
643.244 .... 2307 packets received, 7354 bps, 91.92%, Err 56 (1.1e-05)
645.366 .... 2315 packets received, 7355 bps, 91.94%, Err 56 (1.1e-05)
647.490 .... 2323 packets received, 7356 bps, 91.95%, Err 57 (1.1e-05)
649.603 .... 2330 packets received, 7354 bps, 91.93%, Err 57 (1.1e-05)
651.979 .... 2335 packets received, 7343 bps, 91.79%, Err 58 (1.1e-05)
654.101 .... 2345 packets received, 7351 bps, 91.88%, Err 59 (1.1e-05)
656.222 .... 2353 packets received, 7352 bps, 91.90%, Err 59 (1.1e-05)
658.337 .... 2361 packets received, 7353 bps, 91.91%, Err 59 (1.1e-05)
660.456 .... 2369 packets received, 7354 bps, 91.93%, Err 59 (1.1e-05)
662.585 .... 2377 packets received, 7355 bps, 91.94%, Err 59 (1.1e-05)
664.711 .... 2385 packets received, 7356 bps, 91.96%, Err 59 (1.1e-05)
666.831 .... 2393 packets received, 7358 bps, 91.97%, Err 59 (1.1e-05)
668.938 .... 2401 packets received, 7359 bps, 91.99%, Err 59 (1.1e-05)
671.056 .... 2409 packets received, 7360 bps, 92.00%, Err 59 (1.1e-05)
673.192 .... 2417 packets received, 7361 bps, 92.01%, Err 59 (1.1e-05)
675.311 .... 2425 packets received, 7362 bps, 92.03%, Err 59 (1.1e-05)
677.426 .... 2433 packets received, 7364 bps, 92.04%, Err 59 (1.1e-05)
679.539 .... 2441 packets received, 7365 bps, 92.06%, Err 59 (1.1e-05)
681.654 .... 2449 packets received, 7366 bps, 92.07%, Err 59 (1.1e-05)
683.799 .... 2457 packets received, 7367 bps, 92.08%, Err 59 (1.1e-05)
685.923 .... 2464 packets received, 7365 bps, 92.06%, Err 60 (1.1e-05)
688.049 .... 2472 packets received, 7366 bps, 92.07%, Err 60 (1.1e-05)
690.170 .... 2480 packets received, 7367 bps, 92.09%, Err 60 (1.1e-05)
692.286 .... 2488 packets received, 7368 bps, 92.10%, Err 60 (1.1e-05)
694.413 .... 2496 packets received, 7369 bps, 92.11%, Err 60 (1.1e-05)
696.522 .... 2504 packets received, 7370 bps, 92.13%, Err 60 (1.1e-05)
698.662 .... 2512 packets received, 7371 bps, 92.14%, Err 60 (1.1e-05)
700.025 Quit.
