000.000 =============================================================
000.000                     Station B                               
000.000 -------------------------------------------------------------
000.000 Protocol.lib, version 4.0, jiangyanjun0718@bupt.edu.cn
000.000 Channel: 8000 bps, 270 ms propagation delay, bit error rate 1.0E-05
000.000 Log file "fB.log", TCP port 30014, debug mask 0x00
000.000 Station B is connecting station A (TCP port 30014) ... Done.
000.493 New epoch: Wed May  8 20:24:35 2019
000.493 =================================================================
000.493 
000.493 Designed by CJSoft, build: May  8 2019  20:24:30
002.897 .... 8 packets received, 7717 bps, 96.47%, Err 0 (0.0e+00)
005.052 .... 16 packets received, 7660 bps, 95.75%, Err 1 (2.8e-05)
007.183 .... 23 packets received, 7350 bps, 91.87%, Err 1 (1.9e-05)
009.301 .... 31 packets received, 7446 bps, 93.07%, Err 1 (1.4e-05)
011.432 .... 39 packets received, 7494 bps, 93.68%, Err 1 (1.1e-05)
013.542 .... 47 packets received, 7539 bps, 94.24%, Err 1 (9.6e-06)
015.650 .... 55 packets received, 7572 bps, 94.65%, Err 1 (8.3e-06)
018.057 .... 60 packets received, 7110 bps, 88.87%, Err 2 (1.4e-05)
020.170 .... 71 packets received, 7497 bps, 93.71%, Err 2 (1.3e-05)
022.294 .... 79 packets received, 7518 bps, 93.98%, Err 2 (1.1e-05)
024.682 .... 83 packets received, 7110 bps, 88.87%, Err 3 (1.6e-05)
026.815 .... 95 packets received, 7471 bps, 93.39%, Err 3 (1.4e-05)
028.944 .... 103 packets received, 7488 bps, 93.60%, Err 3 (1.3e-05)
031.054 .... 111 packets received, 7508 bps, 93.84%, Err 3 (1.2e-05)
034.475 ** WARNING: System too busy, sleep 15 ms, but be awakened 99 ms later
035.056 .... 115 packets received, 6870 bps, 85.88%, Err 5 (1.8e-05)
037.158 .... 127 packets received, 7149 bps, 89.36%, Err 5 (1.7e-05)
039.285 .... 133 packets received, 7073 bps, 88.41%, Err 5 (1.6e-05)
041.410 .... 139 packets received, 7005 bps, 87.57%, Err 5 (1.5e-05)
043.508 .... 145 packets received, 6949 bps, 86.86%, Err 5 (1.5e-05)
045.653 .... 151 packets received, 6891 bps, 86.13%, Err 5 (1.4e-05)
047.773 .... 157 packets received, 6841 bps, 85.52%, Err 5 (1.3e-05)
049.890 .... 163 packets received, 6797 bps, 84.96%, Err 5 (1.3e-05)
052.003 .... 169 packets received, 6756 bps, 84.45%, Err 5 (1.2e-05)
054.120 .... 175 packets received, 6718 bps, 83.98%, Err 5 (1.2e-05)
056.238 .... 181 packets received, 6683 bps, 83.54%, Err 5 (1.1e-05)
058.349 .... 187 packets received, 6652 bps, 83.15%, Err 5 (1.1e-05)
060.481 .... 193 packets received, 6620 bps, 82.75%, Err 6 (1.3e-05)
062.612 .... 201 packets received, 6657 bps, 83.21%, Err 6 (1.2e-05)
064.727 .... 209 packets received, 6693 bps, 83.66%, Err 6 (1.2e-05)
066.849 .... 217 packets received, 6726 bps, 84.07%, Err 6 (1.1e-05)
068.972 .... 224 packets received, 6727 bps, 84.08%, Err 7 (1.3e-05)
071.090 .... 232 packets received, 6757 bps, 84.46%, Err 7 (1.2e-05)
073.194 .... 240 packets received, 6787 bps, 84.84%, Err 7 (1.2e-05)
075.330 .... 248 packets received, 6812 bps, 85.15%, Err 7 (1.2e-05)
077.456 .... 256 packets received, 6837 bps, 85.46%, Err 7 (1.1e-05)
079.565 .... 264 packets received, 6862 bps, 85.78%, Err 7 (1.1e-05)
081.708 .... 272 packets received, 6883 bps, 86.04%, Err 7 (1.1e-05)
083.820 .... 280 packets received, 6905 bps, 86.31%, Err 7 (1.1e-05)
085.941 .... 288 packets received, 6925 bps, 86.57%, Err 7 (1.0e-05)
088.057 .... 296 packets received, 6945 bps, 86.82%, Err 7 (1.0e-05)
090.176 .... 304 packets received, 6964 bps, 87.05%, Err 7 (9.8e-06)
092.310 .... 312 packets received, 6981 bps, 87.26%, Err 7 (9.5e-06)
094.421 .... 320 packets received, 6998 bps, 87.48%, Err 7 (9.3e-06)
096.529 .... 328 packets received, 7015 bps, 87.69%, Err 7 (9.1e-06)
098.651 .... 336 packets received, 7031 bps, 87.88%, Err 7 (8.9e-06)
100.775 .... 344 packets received, 7045 bps, 88.06%, Err 7 (8.7e-06)
102.911 .... 352 packets received, 7058 bps, 88.23%, Err 7 (8.5e-06)
105.555 .... 358 packets received, 6997 bps, 87.47%, Err 8 (9.5e-06)
107.667 .... 369 packets received, 7070 bps, 88.37%, Err 8 (9.3e-06)
109.802 .... 377 packets received, 7082 bps, 88.52%, Err 8 (9.2e-06)
111.924 .... 385 packets received, 7094 bps, 88.67%, Err 8 (9.0e-06)
114.023 .... 393 packets received, 7107 bps, 88.84%, Err 8 (8.8e-06)
116.153 .... 401 packets received, 7118 bps, 88.97%, Err 8 (8.6e-06)
118.276 .... 409 packets received, 7129 bps, 89.11%, Err 8 (8.5e-06)
120.403 .... 417 packets received, 7139 bps, 89.24%, Err 8 (8.3e-06)
122.512 .... 425 packets received, 7150 bps, 89.37%, Err 8 (8.2e-06)
124.628 .... 433 packets received, 7160 bps, 89.50%, Err 9 (9.1e-06)
126.746 .... 441 packets received, 7170 bps, 89.62%, Err 9 (8.9e-06)
128.881 .... 449 packets received, 7178 bps, 89.72%, Err 9 (8.8e-06)
131.291 .... 454 packets received, 7124 bps, 89.05%, Err 11 (1.1e-05)
133.396 .... 465 packets received, 7181 bps, 89.76%, Err 11 (1.0e-05)
135.795 .... 470 packets received, 7129 bps, 89.11%, Err 12 (1.1e-05)
137.891 .... 481 packets received, 7184 bps, 89.80%, Err 12 (1.1e-05)
140.034 .... 489 packets received, 7191 bps, 89.89%, Err 12 (1.1e-05)
142.417 .... 494 packets received, 7143 bps, 89.28%, Err 13 (1.1e-05)
144.538 .... 505 packets received, 7194 bps, 89.93%, Err 14 (1.2e-05)
146.650 .... 512 packets received, 7188 bps, 89.85%, Err 14 (1.2e-05)
148.766 .... 520 packets received, 7196 bps, 89.95%, Err 14 (1.2e-05)
150.897 .... 528 packets received, 7203 bps, 90.04%, Err 14 (1.2e-05)
152.999 .... 536 packets received, 7211 bps, 90.14%, Err 14 (1.1e-05)
155.136 .... 544 packets received, 7218 bps, 90.22%, Err 14 (1.1e-05)
157.265 .... 552 packets received, 7224 bps, 90.30%, Err 14 (1.1e-05)
159.904 .... 558 packets received, 7181 bps, 89.77%, Err 15 (1.2e-05)
162.023 .... 569 packets received, 7227 bps, 90.33%, Err 15 (1.2e-05)
164.149 .... 577 packets received, 7233 bps, 90.41%, Err 15 (1.1e-05)
166.285 .... 585 packets received, 7239 bps, 90.48%, Err 15 (1.1e-05)
168.397 .... 593 packets received, 7245 bps, 90.57%, Err 15 (1.1e-05)
170.506 .... 601 packets received, 7252 bps, 90.65%, Err 15 (1.1e-05)
172.617 .... 609 packets received, 7258 bps, 90.72%, Err 15 (1.1e-05)
174.746 .... 613 packets received, 7216 bps, 90.20%, Err 16 (1.1e-05)
176.866 .... 624 packets received, 7257 bps, 90.72%, Err 16 (1.1e-05)
179.001 .... 631 packets received, 7251 bps, 90.63%, Err 17 (1.2e-05)
181.121 .... 639 packets received, 7256 bps, 90.71%, Err 17 (1.2e-05)
183.232 .... 647 packets received, 7262 bps, 90.78%, Err 17 (1.2e-05)
185.363 .... 655 packets received, 7267 bps, 90.84%, Err 17 (1.1e-05)
187.488 .... 663 packets received, 7272 bps, 90.90%, Err 17 (1.1e-05)
189.599 .... 670 packets received, 7267 bps, 90.84%, Err 18 (1.2e-05)
191.728 .... 678 packets received, 7272 bps, 90.90%, Err 18 (1.2e-05)
193.847 .... 686 packets received, 7277 bps, 90.96%, Err 18 (1.2e-05)
195.966 .... 694 packets received, 7282 bps, 91.02%, Err 18 (1.2e-05)
198.090 .... 702 packets received, 7286 bps, 91.08%, Err 18 (1.1e-05)
200.208 .... 706 packets received, 7250 bps, 90.62%, Err 19 (1.2e-05)
202.321 .... 717 packets received, 7286 bps, 91.07%, Err 19 (1.2e-05)
204.436 .... 725 packets received, 7291 bps, 91.13%, Err 19 (1.2e-05)
206.557 .... 733 packets received, 7295 bps, 91.19%, Err 19 (1.2e-05)
208.696 .... 741 packets received, 7299 bps, 91.23%, Err 19 (1.1e-05)
210.821 .... 749 packets received, 7303 bps, 91.29%, Err 19 (1.1e-05)
212.930 .... 757 packets received, 7308 bps, 91.34%, Err 19 (1.1e-05)
215.048 .... 765 packets received, 7312 bps, 91.40%, Err 19 (1.1e-05)
217.178 .... 773 packets received, 7316 bps, 91.44%, Err 19 (1.1e-05)
219.299 .... 781 packets received, 7319 bps, 91.49%, Err 19 (1.1e-05)
221.411 .... 789 packets received, 7324 bps, 91.55%, Err 19 (1.1e-05)
223.807 .... 794 packets received, 7291 bps, 91.14%, Err 20 (1.1e-05)
226.710 .... 804 packets received, 7288 bps, 91.10%, Err 21 (1.2e-05)
228.830 .... 815 packets received, 7319 bps, 91.49%, Err 21 (1.1e-05)
230.951 .... 823 packets received, 7323 bps, 91.53%, Err 21 (1.1e-05)
233.085 .... 831 packets received, 7326 bps, 91.57%, Err 21 (1.1e-05)
235.213 .... 839 packets received, 7329 bps, 91.62%, Err 21 (1.1e-05)
237.317 .... 847 packets received, 7333 bps, 91.67%, Err 21 (1.1e-05)
239.713 .... 852 packets received, 7303 bps, 91.28%, Err 22 (1.1e-05)
241.841 .... 863 packets received, 7332 bps, 91.65%, Err 22 (1.1e-05)
243.947 .... 871 packets received, 7336 bps, 91.69%, Err 22 (1.1e-05)
246.062 .... 879 packets received, 7339 bps, 91.74%, Err 22 (1.1e-05)
248.202 .... 887 packets received, 7342 bps, 91.77%, Err 22 (1.1e-05)
250.321 .... 895 packets received, 7345 bps, 91.81%, Err 22 (1.1e-05)
252.692 .... 900 packets received, 7317 bps, 91.46%, Err 23 (1.1e-05)
254.822 .... 911 packets received, 7344 bps, 91.80%, Err 23 (1.1e-05)
256.962 .... 919 packets received, 7347 bps, 91.83%, Err 23 (1.1e-05)
259.063 .... 927 packets received, 7350 bps, 91.88%, Err 23 (1.1e-05)
261.180 .... 935 packets received, 7353 bps, 91.92%, Err 23 (1.1e-05)
263.325 .... 943 packets received, 7356 bps, 91.95%, Err 23 (1.1e-05)
265.446 .... 951 packets received, 7359 bps, 91.98%, Err 23 (1.1e-05)
267.541 .... 959 packets received, 7362 bps, 92.03%, Err 23 (1.1e-05)
268.050 ** WARNING: System too busy, sleep 15 ms, but be awakened 66 ms later
269.677 .... 967 packets received, 7365 bps, 92.06%, Err 23 (1.1e-05)
271.796 .... 975 packets received, 7368 bps, 92.10%, Err 23 (1.1e-05)
273.916 .... 983 packets received, 7370 bps, 92.13%, Err 23 (1.1e-05)
276.036 .... 991 packets received, 7373 bps, 92.17%, Err 23 (1.0e-05)
278.162 .... 999 packets received, 7376 bps, 92.20%, Err 23 (1.0e-05)
280.258 .... 1007 packets received, 7379 bps, 92.24%, Err 23 (1.0e-05)
282.401 .... 1015 packets received, 7381 bps, 92.26%, Err 23 (1.0e-05)
284.515 .... 1023 packets received, 7384 bps, 92.30%, Err 23 (1.0e-05)
286.645 .... 1031 packets received, 7386 bps, 92.33%, Err 23 (1.0e-05)
288.741 .... 1039 packets received, 7389 bps, 92.37%, Err 23 (1.0e-05)
290.870 .... 1043 packets received, 7363 bps, 92.04%, Err 24 (1.0e-05)
293.001 .... 1054 packets received, 7387 bps, 92.33%, Err 24 (1.0e-05)
295.111 .... 1062 packets received, 7389 bps, 92.37%, Err 24 (1.0e-05)
297.241 .... 1070 packets received, 7392 bps, 92.39%, Err 24 (1.0e-05)
299.362 .... 1078 packets received, 7394 bps, 92.42%, Err 24 (1.0e-05)
301.486 .... 1086 packets received, 7396 bps, 92.45%, Err 24 (1.0e-05)
303.577 .... 1094 packets received, 7399 bps, 92.49%, Err 24 (9.9e-06)
305.711 .... 1102 packets received, 7401 bps, 92.51%, Err 24 (9.8e-06)
307.838 .... 1110 packets received, 7403 bps, 92.54%, Err 24 (9.8e-06)
309.965 .... 1117 packets received, 7399 bps, 92.48%, Err 25 (1.0e-05)
312.087 .... 1125 packets received, 7401 bps, 92.51%, Err 25 (1.0e-05)
314.208 .... 1133 packets received, 7403 bps, 92.54%, Err 25 (1.0e-05)
316.318 .... 1141 packets received, 7406 bps, 92.57%, Err 25 (9.9e-06)
318.440 .... 1149 packets received, 7408 bps, 92.60%, Err 25 (9.8e-06)
320.560 .... 1157 packets received, 7410 bps, 92.62%, Err 25 (9.8e-06)
322.674 .... 1165 packets received, 7412 bps, 92.65%, Err 25 (9.7e-06)
324.789 .... 1173 packets received, 7414 bps, 92.68%, Err 25 (9.6e-06)
326.911 .... 1181 packets received, 7416 bps, 92.70%, Err 25 (9.6e-06)
329.041 .... 1189 packets received, 7418 bps, 92.72%, Err 25 (9.5e-06)
331.145 .... 1197 packets received, 7420 bps, 92.75%, Err 25 (9.5e-06)
333.291 .... 1205 packets received, 7422 bps, 92.77%, Err 25 (9.4e-06)
335.393 .... 1213 packets received, 7424 bps, 92.80%, Err 25 (9.3e-06)
337.525 .... 1221 packets received, 7426 bps, 92.82%, Err 25 (9.3e-06)
339.623 .... 1229 packets received, 7428 bps, 92.85%, Err 25 (9.2e-06)
341.755 .... 1237 packets received, 7430 bps, 92.87%, Err 25 (9.2e-06)
343.892 .... 1245 packets received, 7431 bps, 92.89%, Err 25 (9.1e-06)
345.992 .... 1253 packets received, 7433 bps, 92.92%, Err 25 (9.0e-06)
348.130 .... 1261 packets received, 7435 bps, 92.94%, Err 25 (9.0e-06)
350.243 .... 1269 packets received, 7437 bps, 92.96%, Err 25 (8.9e-06)
352.359 .... 1277 packets received, 7439 bps, 92.98%, Err 25 (8.9e-06)
354.497 .... 1285 packets received, 7440 bps, 93.00%, Err 25 (8.8e-06)
356.609 .... 1293 packets received, 7442 bps, 93.02%, Err 25 (8.8e-06)
358.747 .... 1301 packets received, 7443 bps, 93.04%, Err 25 (8.7e-06)
360.895 .... 1309 packets received, 7444 bps, 93.05%, Err 25 (8.7e-06)
363.017 .... 1317 packets received, 7446 bps, 93.07%, Err 25 (8.6e-06)
365.156 .... 1325 packets received, 7447 bps, 93.09%, Err 25 (8.6e-06)
367.286 .... 1333 packets received, 7449 bps, 93.11%, Err 25 (8.5e-06)
369.415 .... 1341 packets received, 7450 bps, 93.12%, Err 25 (8.5e-06)
371.568 .... 1348 packets received, 7445 bps, 93.07%, Err 26 (8.8e-06)
373.685 .... 1356 packets received, 7447 bps, 93.09%, Err 26 (8.7e-06)
376.097 .... 1361 packets received, 7426 bps, 92.83%, Err 28 (9.3e-06)
378.225 .... 1371 packets received, 7439 bps, 92.99%, Err 28 (9.3e-06)
382.226 .... 1375 packets received, 7382 bps, 92.28%, Err 30 (9.8e-06)
384.614 .... 1388 packets received, 7406 bps, 92.57%, Err 31 (1.0e-05)
386.756 .... 1394 packets received, 7396 bps, 92.46%, Err 31 (1.0e-05)
388.893 .... 1402 packets received, 7398 bps, 92.47%, Err 31 (1.0e-05)
391.026 .... 1410 packets received, 7400 bps, 92.49%, Err 31 (9.9e-06)
393.153 .... 1417 packets received, 7396 bps, 92.45%, Err 32 (1.0e-05)
395.257 .... 1424 packets received, 7393 bps, 92.41%, Err 33 (1.0e-05)
397.395 .... 1432 packets received, 7394 bps, 92.43%, Err 33 (1.0e-05)
399.518 .... 1440 packets received, 7396 bps, 92.45%, Err 33 (1.0e-05)
401.643 .... 1448 packets received, 7398 bps, 92.47%, Err 33 (1.0e-05)
403.757 .... 1456 packets received, 7400 bps, 92.49%, Err 33 (1.0e-05)
405.879 .... 1464 packets received, 7401 bps, 92.52%, Err 33 (1.0e-05)
407.991 .... 1472 packets received, 7403 bps, 92.54%, Err 33 (1.0e-05)
410.388 .... 1477 packets received, 7385 bps, 92.31%, Err 34 (1.0e-05)
412.508 .... 1488 packets received, 7401 bps, 92.52%, Err 34 (1.0e-05)
414.631 .... 1496 packets received, 7403 bps, 92.54%, Err 34 (1.0e-05)
416.750 .... 1504 packets received, 7405 bps, 92.56%, Err 35 (1.1e-05)
418.866 .... 1511 packets received, 7402 bps, 92.52%, Err 35 (1.0e-05)
420.991 .... 1519 packets received, 7403 bps, 92.54%, Err 35 (1.0e-05)
423.120 .... 1527 packets received, 7405 bps, 92.56%, Err 35 (1.0e-05)
425.234 .... 1535 packets received, 7406 bps, 92.58%, Err 35 (1.0e-05)
427.368 .... 1543 packets received, 7408 bps, 92.60%, Err 35 (1.0e-05)
429.488 .... 1551 packets received, 7409 bps, 92.62%, Err 36 (1.0e-05)
431.588 .... 1559 packets received, 7411 bps, 92.64%, Err 36 (1.0e-05)
433.718 .... 1563 packets received, 7394 bps, 92.42%, Err 37 (1.1e-05)
435.852 .... 1574 packets received, 7409 bps, 92.61%, Err 37 (1.1e-05)
437.961 .... 1582 packets received, 7411 bps, 92.64%, Err 37 (1.1e-05)
440.073 .... 1590 packets received, 7413 bps, 92.66%, Err 37 (1.1e-05)
442.195 .... 1598 packets received, 7414 bps, 92.68%, Err 37 (1.0e-05)
444.318 .... 1606 packets received, 7415 bps, 92.69%, Err 37 (1.0e-05)
447.512 .... 1614 packets received, 7399 bps, 92.49%, Err 38 (1.1e-05)
449.613 .... 1625 packets received, 7415 bps, 92.68%, Err 38 (1.1e-05)
451.738 .... 1633 packets received, 7416 bps, 92.70%, Err 38 (1.1e-05)
453.872 .... 1641 packets received, 7417 bps, 92.72%, Err 38 (1.0e-05)
455.998 .... 1649 packets received, 7419 bps, 92.73%, Err 38 (1.0e-05)
458.113 .... 1657 packets received, 7420 bps, 92.75%, Err 38 (1.0e-05)
460.240 .... 1665 packets received, 7421 bps, 92.77%, Err 38 (1.0e-05)
462.348 .... 1673 packets received, 7423 bps, 92.79%, Err 38 (1.0e-05)
464.482 .... 1681 packets received, 7424 bps, 92.80%, Err 38 (1.0e-05)
466.602 .... 1689 packets received, 7426 bps, 92.82%, Err 38 (1.0e-05)
468.729 .... 1697 packets received, 7427 bps, 92.84%, Err 38 (1.0e-05)
470.846 .... 1705 packets received, 7428 bps, 92.85%, Err 38 (1.0e-05)
472.977 .... 1713 packets received, 7429 bps, 92.87%, Err 38 (1.0e-05)
475.077 .... 1721 packets received, 7431 bps, 92.89%, Err 38 (1.0e-05)
477.202 .... 1729 packets received, 7432 bps, 92.90%, Err 38 (1.0e-05)
479.319 .... 1737 packets received, 7434 bps, 92.92%, Err 38 (9.9e-06)
481.445 .... 1745 packets received, 7435 bps, 92.94%, Err 38 (9.9e-06)
483.571 .... 1753 packets received, 7436 bps, 92.95%, Err 38 (9.8e-06)
485.692 .... 1761 packets received, 7437 bps, 92.97%, Err 38 (9.8e-06)
487.802 .... 1769 packets received, 7439 bps, 92.99%, Err 38 (9.7e-06)
489.934 .... 1777 packets received, 7440 bps, 93.00%, Err 38 (9.7e-06)
492.052 .... 1785 packets received, 7441 bps, 93.01%, Err 38 (9.7e-06)
494.173 .... 1793 packets received, 7442 bps, 93.03%, Err 39 (9.9e-06)
497.104 .... 1795 packets received, 7407 bps, 92.58%, Err 40 (1.0e-05)
499.218 .... 1806 packets received, 7420 bps, 92.76%, Err 40 (1.0e-05)
501.350 .... 1812 packets received, 7413 bps, 92.67%, Err 40 (1.0e-05)
503.473 .... 1818 packets received, 7407 bps, 92.58%, Err 41 (1.0e-05)
505.592 .... 1826 packets received, 7408 bps, 92.60%, Err 41 (1.0e-05)
507.722 .... 1834 packets received, 7409 bps, 92.61%, Err 41 (1.0e-05)
509.823 .... 1842 packets received, 7411 bps, 92.63%, Err 41 (1.0e-05)
511.962 .... 1850 packets received, 7412 bps, 92.65%, Err 41 (1.0e-05)
514.083 .... 1858 packets received, 7413 bps, 92.66%, Err 41 (1.0e-05)
516.200 .... 1866 packets received, 7414 bps, 92.68%, Err 41 (9.9e-06)
518.326 .... 1874 packets received, 7416 bps, 92.69%, Err 41 (9.9e-06)
520.444 .... 1882 packets received, 7417 bps, 92.71%, Err 41 (9.9e-06)
522.553 .... 1890 packets received, 7418 bps, 92.73%, Err 41 (9.8e-06)
524.687 .... 1898 packets received, 7419 bps, 92.74%, Err 41 (9.8e-06)
526.795 .... 1906 packets received, 7421 bps, 92.76%, Err 41 (9.7e-06)
529.202 .... 1911 packets received, 7406 bps, 92.58%, Err 42 (9.9e-06)
531.319 .... 1922 packets received, 7419 bps, 92.74%, Err 42 (9.9e-06)
533.452 .... 1929 packets received, 7416 bps, 92.71%, Err 43 (1.0e-05)
535.541 .... 1937 packets received, 7418 bps, 92.73%, Err 43 (1.0e-05)
537.668 .... 1945 packets received, 7419 bps, 92.74%, Err 43 (1.0e-05)
539.787 .... 1953 packets received, 7420 bps, 92.76%, Err 43 (1.0e-05)
541.910 .... 1960 packets received, 7418 bps, 92.72%, Err 45 (1.0e-05)
544.027 .... 1967 packets received, 7415 bps, 92.69%, Err 45 (1.0e-05)
546.159 .... 1975 packets received, 7416 bps, 92.71%, Err 45 (1.0e-05)
548.279 .... 1983 packets received, 7418 bps, 92.72%, Err 45 (1.0e-05)
550.414 .... 1991 packets received, 7419 bps, 92.73%, Err 45 (1.0e-05)
552.525 .... 1999 packets received, 7420 bps, 92.75%, Err 45 (1.0e-05)
554.634 .... 2007 packets received, 7421 bps, 92.77%, Err 45 (1.0e-05)
556.757 .... 2015 packets received, 7422 bps, 92.78%, Err 45 (1.0e-05)
558.877 .... 2023 packets received, 7424 bps, 92.79%, Err 45 (1.0e-05)
561.005 .... 2031 packets received, 7425 bps, 92.81%, Err 45 (1.0e-05)
563.132 .... 2039 packets received, 7426 bps, 92.82%, Err 45 (1.0e-05)
565.261 .... 2047 packets received, 7427 bps, 92.83%, Err 46 (1.0e-05)
567.359 .... 2055 packets received, 7428 bps, 92.85%, Err 46 (1.0e-05)
569.492 .... 2063 packets received, 7429 bps, 92.86%, Err 46 (1.0e-05)
571.608 .... 2071 packets received, 7430 bps, 92.88%, Err 46 (1.0e-05)
573.735 .... 2079 packets received, 7431 bps, 92.89%, Err 46 (1.0e-05)
575.847 .... 2087 packets received, 7432 bps, 92.91%, Err 46 (1.0e-05)
577.958 .... 2095 packets received, 7434 bps, 92.92%, Err 46 (1.0e-05)
580.085 .... 2103 packets received, 7435 bps, 92.93%, Err 46 (9.9e-06)
582.228 .... 2111 packets received, 7435 bps, 92.94%, Err 46 (9.9e-06)
584.334 .... 2119 packets received, 7437 bps, 92.96%, Err 46 (9.8e-06)
586.456 .... 2127 packets received, 7438 bps, 92.97%, Err 46 (9.8e-06)
588.578 .... 2135 packets received, 7439 bps, 92.98%, Err 46 (9.8e-06)
590.702 .... 2143 packets received, 7440 bps, 93.00%, Err 46 (9.7e-06)
593.349 .... 2149 packets received, 7427 bps, 92.84%, Err 47 (9.9e-06)
595.460 .... 2160 packets received, 7439 bps, 92.98%, Err 47 (9.9e-06)
597.587 .... 2168 packets received, 7440 bps, 93.00%, Err 47 (9.8e-06)
599.716 .... 2176 packets received, 7441 bps, 93.01%, Err 47 (9.8e-06)
602.629 .... 2183 packets received, 7428 bps, 92.85%, Err 49 (1.0e-05)
604.760 .... 2194 packets received, 7439 bps, 92.99%, Err 49 (1.0e-05)
606.866 .... 2202 packets received, 7441 bps, 93.01%, Err 49 (1.0e-05)
609.005 .... 2210 packets received, 7441 bps, 93.02%, Err 49 (1.0e-05)
611.116 .... 2218 packets received, 7442 bps, 93.03%, Err 49 (1.0e-05)
613.246 .... 2226 packets received, 7443 bps, 93.04%, Err 49 (1.0e-05)
616.429 .... 2234 packets received, 7431 bps, 92.89%, Err 50 (1.0e-05)
618.556 .... 2245 packets received, 7442 bps, 93.03%, Err 50 (1.0e-05)
620.674 .... 2253 packets received, 7443 bps, 93.04%, Err 50 (1.0e-05)
622.795 .... 2261 packets received, 7444 bps, 93.05%, Err 50 (1.0e-05)
624.914 .... 2269 packets received, 7445 bps, 93.07%, Err 50 (1.0e-05)
627.039 .... 2277 packets received, 7446 bps, 93.08%, Err 50 (1.0e-05)
629.682 .... 2283 packets received, 7434 bps, 92.93%, Err 52 (1.0e-05)
631.798 .... 2294 packets received, 7445 bps, 93.07%, Err 52 (1.0e-05)
633.917 .... 2302 packets received, 7446 bps, 93.08%, Err 52 (1.0e-05)
636.833 .... 2309 packets received, 7435 bps, 92.93%, Err 54 (1.1e-05)
638.949 .... 2319 packets received, 7442 bps, 93.03%, Err 54 (1.1e-05)
641.085 .... 2327 packets received, 7443 bps, 93.03%, Err 54 (1.1e-05)
643.211 .... 2335 packets received, 7444 bps, 93.05%, Err 54 (1.1e-05)
645.351 .... 2343 packets received, 7444 bps, 93.05%, Err 54 (1.0e-05)
647.471 .... 2351 packets received, 7445 bps, 93.07%, Err 54 (1.0e-05)
649.588 .... 2359 packets received, 7446 bps, 93.08%, Err 54 (1.0e-05)
652.225 .... 2365 packets received, 7435 bps, 92.94%, Err 55 (1.1e-05)
654.362 .... 2376 packets received, 7445 bps, 93.06%, Err 55 (1.1e-05)
656.470 .... 2384 packets received, 7446 bps, 93.08%, Err 55 (1.0e-05)
658.599 .... 2392 packets received, 7447 bps, 93.09%, Err 55 (1.0e-05)
661.511 .... 2399 packets received, 7436 bps, 92.95%, Err 56 (1.1e-05)
663.633 .... 2410 packets received, 7446 bps, 93.08%, Err 56 (1.1e-05)
665.738 .... 2418 packets received, 7447 bps, 93.09%, Err 56 (1.1e-05)
667.873 .... 2426 packets received, 7448 bps, 93.10%, Err 56 (1.0e-05)
670.001 .... 2434 packets received, 7449 bps, 93.11%, Err 56 (1.0e-05)
672.111 .... 2442 packets received, 7450 bps, 93.12%, Err 56 (1.0e-05)
674.224 .... 2450 packets received, 7451 bps, 93.13%, Err 56 (1.0e-05)
676.362 .... 2458 packets received, 7451 bps, 93.14%, Err 56 (1.0e-05)
678.463 .... 2466 packets received, 7452 bps, 93.15%, Err 56 (1.0e-05)
680.598 .... 2474 packets received, 7453 bps, 93.16%, Err 56 (1.0e-05)
682.716 .... 2482 packets received, 7454 bps, 93.17%, Err 56 (1.0e-05)
684.839 .... 2490 packets received, 7455 bps, 93.18%, Err 56 (1.0e-05)
686.960 .... 2498 packets received, 7456 bps, 93.19%, Err 56 (1.0e-05)
689.087 .... 2506 packets received, 7456 bps, 93.20%, Err 56 (1.0e-05)
691.207 .... 2514 packets received, 7457 bps, 93.21%, Err 56 (1.0e-05)
693.333 .... 2522 packets received, 7458 bps, 93.22%, Err 56 (1.0e-05)
695.439 .... 2530 packets received, 7459 bps, 93.24%, Err 56 (1.0e-05)
697.562 .... 2538 packets received, 7460 bps, 93.25%, Err 56 (1.0e-05)
699.680 .... 2546 packets received, 7461 bps, 93.26%, Err 56 (1.0e-05)
700.029 Quit.
