000.000 =============================================================
000.000                     Station A                               
000.000 -------------------------------------------------------------
000.000 Protocol.lib, version 4.0, jiangyanjun0718@bupt.edu.cn
000.000 Channel: 8000 bps, 270 ms propagation delay, bit error rate 1.0E-04
000.000 Log file "fbA.log", TCP port 30015, debug mask 0x00
000.000 Station A is waiting for station B on TCP port 30015 ... Done.
000.506 New epoch: Wed May  8 20:24:35 2019
000.506 =================================================================
000.506 
000.506 Designed by CJSoft, build: May  8 2019  20:24:30
006.114 .... 7 packets received, 2690 bps, 33.63%, Err 9 (2.0e-04)
009.312 .... 9 packets received, 2162 bps, 27.02%, Err 10 (1.4e-04)
012.257 .... 24 packets received, 4285 bps, 53.56%, Err 11 (1.2e-04)
014.392 .... 35 packets received, 5268 bps, 65.85%, Err 12 (1.1e-04)
017.059 .... 37 packets received, 4656 bps, 58.20%, Err 13 (9.8e-05)
019.209 .... 48 packets received, 5336 bps, 66.70%, Err 14 (9.4e-05)
021.882 .... 54 packets received, 5242 bps, 65.53%, Err 15 (8.8e-05)
024.030 .... 61 packets received, 5374 bps, 67.18%, Err 18 (9.6e-05)
026.674 .... 65 packets received, 5142 bps, 64.27%, Err 22 (1.1e-04)
029.352 .... 68 packets received, 4875 bps, 60.94%, Err 23 (1.0e-04)
031.994 .... 72 packets received, 4725 bps, 59.06%, Err 25 (9.9e-05)
034.157 .... 80 packets received, 4910 bps, 61.37%, Err 27 (1.0e-04)
034.478 ** WARNING: System too busy, sleep 15 ms, but be awakened 102 ms later
036.533 .... 84 packets received, 4812 bps, 60.15%, Err 30 (1.0e-04)
041.334 .... 92 packets received, 4647 bps, 58.08%, Err 34 (1.0e-04)
043.740 .... 104 packets received, 4958 bps, 61.98%, Err 34 (9.8e-05)
046.672 .... 110 packets received, 4909 bps, 61.37%, Err 37 (1.0e-04)
050.127 .... 114 packets received, 4732 bps, 59.15%, Err 42 (1.1e-04)
053.585 .... 119 packets received, 4616 bps, 57.70%, Err 44 (1.0e-04)
055.702 .... 132 packets received, 4923 bps, 61.53%, Err 44 (1.0e-04)
057.848 .... 140 packets received, 5025 bps, 62.81%, Err 44 (9.6e-05)
059.975 .... 147 packets received, 5086 bps, 63.58%, Err 45 (9.5e-05)
062.374 .... 152 packets received, 5054 bps, 63.18%, Err 49 (9.9e-05)
065.025 .... 155 packets received, 4941 bps, 61.77%, Err 52 (1.0e-04)
070.890 .... 157 packets received, 4586 bps, 57.33%, Err 59 (1.0e-04)
073.836 .... 165 packets received, 4626 bps, 57.82%, Err 61 (1.0e-04)
078.363 .... 179 packets received, 4725 bps, 59.07%, Err 63 (1.0e-04)
080.483 .... 190 packets received, 4882 bps, 61.03%, Err 64 (1.0e-04)
082.617 .... 199 packets received, 4980 bps, 62.25%, Err 65 (9.9e-05)
085.300 .... 204 packets received, 4943 bps, 61.79%, Err 67 (9.9e-05)
087.437 .... 205 packets received, 4845 bps, 60.56%, Err 69 (9.9e-05)
089.563 .... 216 packets received, 4983 bps, 62.29%, Err 71 (1.0e-04)
091.684 .... 224 packets received, 5047 bps, 63.09%, Err 71 (9.7e-05)
094.629 .... 230 packets received, 5019 bps, 62.74%, Err 76 (1.0e-04)
097.275 .... 233 packets received, 4945 bps, 61.82%, Err 77 (9.9e-05)
099.411 .... 243 packets received, 5046 bps, 63.07%, Err 78 (9.9e-05)
102.050 .... 247 packets received, 4995 bps, 62.44%, Err 80 (9.8e-05)
104.716 .... 253 packets received, 4985 bps, 62.32%, Err 83 (1.0e-04)
107.395 .... 257 packets received, 4937 bps, 61.71%, Err 87 (1.0e-04)
109.519 .... 263 packets received, 4954 bps, 61.92%, Err 90 (1.0e-04)
111.657 .... 273 packets received, 5043 bps, 63.03%, Err 90 (1.0e-04)
114.861 .... 280 packets received, 5027 bps, 62.84%, Err 92 (1.0e-04)
116.985 .... 291 packets received, 5129 bps, 64.11%, Err 92 (9.9e-05)
119.644 .... 297 packets received, 5117 bps, 63.97%, Err 94 (9.9e-05)
122.308 .... 307 packets received, 5174 bps, 64.67%, Err 96 (9.9e-05)
125.237 .... 309 packets received, 5085 bps, 63.56%, Err 100 (1.0e-04)
128.182 .... 313 packets received, 5032 bps, 62.90%, Err 102 (1.0e-04)
130.585 .... 320 packets received, 5049 bps, 63.11%, Err 105 (1.0e-04)
132.708 .... 329 packets received, 5107 bps, 63.84%, Err 105 (9.9e-05)
134.864 .... 337 packets received, 5148 bps, 64.34%, Err 105 (9.8e-05)
137.513 .... 343 packets received, 5138 bps, 64.22%, Err 108 (9.9e-05)
142.041 .... 351 packets received, 5089 bps, 63.61%, Err 113 (1.0e-04)
144.712 .... 361 packets received, 5137 bps, 64.21%, Err 118 (1.0e-04)
147.359 .... 367 packets received, 5128 bps, 64.10%, Err 122 (1.0e-04)
150.025 .... 371 packets received, 5091 bps, 63.64%, Err 125 (1.0e-04)
152.946 .... 375 packets received, 5047 bps, 63.09%, Err 127 (1.0e-04)
155.605 .... 385 packets received, 5093 bps, 63.66%, Err 129 (1.0e-04)
159.303 .... 388 packets received, 5013 bps, 62.66%, Err 133 (1.0e-04)
162.246 .... 400 packets received, 5074 bps, 63.42%, Err 134 (1.0e-04)
164.385 .... 411 packets received, 5145 bps, 64.31%, Err 134 (1.0e-04)
166.504 .... 419 packets received, 5178 bps, 64.73%, Err 134 (1.0e-04)
170.492 .... 423 packets received, 5105 bps, 63.81%, Err 137 (1.0e-04)
173.436 .... 434 packets received, 5148 bps, 64.35%, Err 138 (1.0e-04)
175.817 .... 439 packets received, 5137 bps, 64.21%, Err 140 (1.0e-04)
177.960 .... 440 packets received, 5086 bps, 63.58%, Err 142 (1.0e-04)
180.350 .... 444 packets received, 5064 bps, 63.30%, Err 147 (1.0e-04)
182.481 .... 455 packets received, 5129 bps, 64.11%, Err 150 (1.0e-04)
184.868 .... 459 packets received, 5107 bps, 63.83%, Err 153 (1.0e-04)
187.529 .... 461 packets received, 5056 bps, 63.20%, Err 154 (1.0e-04)
190.463 .... 469 packets received, 5064 bps, 63.30%, Err 156 (1.0e-04)
192.575 .... 477 packets received, 5094 bps, 63.67%, Err 158 (1.0e-04)
194.976 .... 482 packets received, 5083 bps, 63.54%, Err 159 (1.0e-04)
197.110 .... 493 packets received, 5143 bps, 64.29%, Err 160 (1.0e-04)
201.632 .... 498 packets received, 5078 bps, 63.48%, Err 163 (1.0e-04)
204.546 .... 509 packets received, 5116 bps, 63.95%, Err 166 (1.0e-04)
206.700 .... 517 packets received, 5142 bps, 64.28%, Err 166 (1.0e-04)
209.894 .... 522 packets received, 5112 bps, 63.91%, Err 168 (1.0e-04)
212.006 .... 531 packets received, 5149 bps, 64.36%, Err 171 (1.0e-04)
214.671 .... 537 packets received, 5142 bps, 64.27%, Err 172 (1.0e-04)
216.781 .... 548 packets received, 5196 bps, 64.95%, Err 173 (1.0e-04)
218.930 .... 552 packets received, 5182 bps, 64.78%, Err 175 (1.0e-04)
221.864 .... 558 packets received, 5169 bps, 64.61%, Err 179 (1.0e-04)
224.529 .... 565 packets received, 5172 bps, 64.65%, Err 181 (1.0e-04)
229.580 .... 573 packets received, 5129 bps, 64.11%, Err 188 (1.0e-04)
232.488 .... 584 packets received, 5162 bps, 64.52%, Err 195 (1.1e-04)
235.708 .... 585 packets received, 5100 bps, 63.75%, Err 198 (1.1e-04)
238.643 .... 596 packets received, 5132 bps, 64.15%, Err 201 (1.1e-04)
241.287 .... 598 packets received, 5092 bps, 63.65%, Err 205 (1.1e-04)
244.212 .... 603 packets received, 5073 bps, 63.41%, Err 206 (1.1e-04)
249.540 .... 611 packets received, 5030 bps, 62.88%, Err 214 (1.1e-04)
252.206 .... 615 packets received, 5010 bps, 62.62%, Err 216 (1.1e-04)
254.853 .... 621 packets received, 5006 bps, 62.57%, Err 216 (1.1e-04)
256.993 .... 632 packets received, 5052 bps, 63.15%, Err 218 (1.1e-04)
259.111 .... 638 packets received, 5058 bps, 63.23%, Err 218 (1.1e-04)
261.257 .... 644 packets received, 5064 bps, 63.29%, Err 218 (1.0e-04)
264.177 .... 648 packets received, 5039 bps, 62.98%, Err 220 (1.0e-04)
266.302 .... 659 packets received, 5083 bps, 63.54%, Err 221 (1.0e-04)
268.050 ** WARNING: System too busy, sleep 15 ms, but be awakened 66 ms later
268.706 .... 664 packets received, 5076 bps, 63.45%, Err 222 (1.0e-04)
271.627 .... 674 packets received, 5097 bps, 63.71%, Err 225 (1.0e-04)
273.746 .... 684 packets received, 5132 bps, 64.15%, Err 225 (1.0e-04)
275.872 .... 687 packets received, 5115 bps, 63.93%, Err 227 (1.0e-04)
279.304 .... 691 packets received, 5081 bps, 63.51%, Err 231 (1.0e-04)
283.827 .... 701 packets received, 5072 bps, 63.40%, Err 235 (1.0e-04)
286.792 .... 709 packets received, 5077 bps, 63.46%, Err 235 (1.0e-04)
288.920 .... 718 packets received, 5103 bps, 63.79%, Err 235 (1.0e-04)
291.047 .... 725 packets received, 5115 bps, 63.94%, Err 237 (1.0e-04)
293.973 .... 731 packets received, 5106 bps, 63.83%, Err 239 (1.0e-04)
296.908 .... 739 packets received, 5111 bps, 63.89%, Err 242 (1.0e-04)
299.031 .... 741 packets received, 5088 bps, 63.60%, Err 245 (1.0e-04)
301.979 .... 747 packets received, 5079 bps, 63.49%, Err 245 (1.0e-04)
304.097 .... 757 packets received, 5111 bps, 63.89%, Err 247 (1.0e-04)
306.235 .... 763 packets received, 5116 bps, 63.95%, Err 247 (1.0e-04)
308.363 .... 769 packets received, 5120 bps, 64.00%, Err 247 (1.0e-04)
310.496 .... 775 packets received, 5125 bps, 64.06%, Err 247 (1.0e-04)
312.618 .... 781 packets received, 5129 bps, 64.12%, Err 248 (9.9e-05)
314.736 .... 787 packets received, 5134 bps, 64.17%, Err 251 (1.0e-04)
318.205 .... 788 packets received, 5084 bps, 63.55%, Err 255 (1.0e-04)
320.885 .... 799 packets received, 5112 bps, 63.90%, Err 256 (1.0e-04)
323.021 .... 805 packets received, 5116 bps, 63.95%, Err 258 (1.0e-04)
326.474 .... 806 packets received, 5068 bps, 63.35%, Err 261 (1.0e-04)
331.016 .... 817 packets received, 5067 bps, 63.34%, Err 264 (1.0e-04)
333.938 .... 827 packets received, 5084 bps, 63.55%, Err 268 (1.0e-04)
336.056 .... 835 packets received, 5101 bps, 63.76%, Err 269 (1.0e-04)
338.190 .... 839 packets received, 5093 bps, 63.66%, Err 271 (1.0e-04)
340.586 .... 847 packets received, 5105 bps, 63.81%, Err 272 (1.0e-04)
342.729 .... 854 packets received, 5115 bps, 63.94%, Err 274 (1.0e-04)
345.119 .... 856 packets received, 5091 bps, 63.64%, Err 277 (1.0e-04)
347.786 .... 860 packets received, 5076 bps, 63.45%, Err 279 (1.0e-04)
349.924 .... 871 packets received, 5109 bps, 63.86%, Err 280 (1.0e-04)
352.059 .... 876 packets received, 5107 bps, 63.84%, Err 282 (1.0e-04)
354.987 .... 883 packets received, 5106 bps, 63.82%, Err 284 (1.0e-04)
357.114 .... 890 packets received, 5115 bps, 63.94%, Err 285 (1.0e-04)
359.238 .... 901 packets received, 5148 bps, 64.35%, Err 287 (1.0e-04)
362.431 .... 906 packets received, 5131 bps, 64.13%, Err 289 (1.0e-04)
364.811 .... 918 packets received, 5165 bps, 64.56%, Err 291 (1.0e-04)
369.068 .... 922 packets received, 5127 bps, 64.09%, Err 298 (1.0e-04)
371.991 .... 932 packets received, 5142 bps, 64.27%, Err 300 (1.0e-04)
375.200 .... 941 packets received, 5147 bps, 64.34%, Err 302 (1.0e-04)
377.331 .... 951 packets received, 5172 bps, 64.66%, Err 302 (1.0e-04)
379.461 .... 959 packets received, 5187 bps, 64.83%, Err 303 (1.0e-04)
382.128 .... 961 packets received, 5161 bps, 64.51%, Err 305 (1.0e-04)
384.771 .... 969 packets received, 5168 bps, 64.60%, Err 308 (1.0e-04)
387.962 .... 978 packets received, 5173 bps, 64.66%, Err 310 (1.0e-04)
390.105 .... 988 packets received, 5197 bps, 64.97%, Err 311 (1.0e-04)
392.503 .... 992 packets received, 5186 bps, 64.83%, Err 312 (9.9e-05)
395.430 .... 1001 packets received, 5195 bps, 64.93%, Err 314 (9.9e-05)
398.086 .... 1007 packets received, 5191 bps, 64.89%, Err 316 (9.9e-05)
401.011 .... 1016 packets received, 5199 bps, 64.99%, Err 320 (1.0e-04)
404.197 .... 1019 packets received, 5173 bps, 64.66%, Err 324 (1.0e-04)
406.854 .... 1024 packets received, 5165 bps, 64.56%, Err 326 (1.0e-04)
409.536 .... 1032 packets received, 5171 bps, 64.63%, Err 328 (1.0e-04)
412.181 .... 1041 packets received, 5182 bps, 64.78%, Err 329 (1.0e-04)
415.916 .... 1047 packets received, 5165 bps, 64.57%, Err 334 (1.0e-04)
418.554 .... 1055 packets received, 5172 bps, 64.65%, Err 337 (1.0e-04)
420.681 .... 1063 packets received, 5185 bps, 64.81%, Err 340 (1.0e-04)
423.600 .... 1070 packets received, 5183 bps, 64.78%, Err 343 (1.0e-04)
426.259 .... 1074 packets received, 5170 bps, 64.62%, Err 343 (1.0e-04)
428.943 .... 1084 packets received, 5185 bps, 64.81%, Err 346 (1.0e-04)
431.617 .... 1088 packets received, 5172 bps, 64.65%, Err 348 (1.0e-04)
434.032 .... 1096 packets received, 5181 bps, 64.76%, Err 352 (1.0e-04)
436.154 .... 1102 packets received, 5184 bps, 64.80%, Err 353 (1.0e-04)
439.345 .... 1108 packets received, 5174 bps, 64.68%, Err 356 (1.0e-04)
442.554 .... 1119 packets received, 5188 bps, 64.84%, Err 357 (1.0e-04)
444.661 .... 1126 packets received, 5195 bps, 64.94%, Err 359 (1.0e-04)
447.856 .... 1136 packets received, 5204 bps, 65.05%, Err 362 (1.0e-04)
452.378 .... 1142 packets received, 5179 bps, 64.74%, Err 367 (1.0e-04)
455.324 .... 1145 packets received, 5159 bps, 64.49%, Err 369 (1.0e-04)
457.460 .... 1159 packets received, 5198 bps, 64.97%, Err 371 (1.0e-04)
460.112 .... 1163 packets received, 5185 bps, 64.82%, Err 374 (1.0e-04)
462.772 .... 1167 packets received, 5173 bps, 64.67%, Err 374 (1.0e-04)
464.902 .... 1178 packets received, 5198 bps, 64.98%, Err 375 (1.0e-04)
467.033 .... 1184 packets received, 5201 bps, 65.01%, Err 375 (1.0e-04)
469.689 .... 1189 packets received, 5193 bps, 64.91%, Err 377 (1.0e-04)
471.804 .... 1198 packets received, 5209 bps, 65.11%, Err 377 (1.0e-04)
473.953 .... 1205 packets received, 5216 bps, 65.19%, Err 378 (1.0e-04)
476.336 .... 1210 packets received, 5211 bps, 65.14%, Err 381 (1.0e-04)
478.473 .... 1211 packets received, 5192 bps, 64.90%, Err 383 (1.0e-04)
481.146 .... 1216 packets received, 5184 bps, 64.80%, Err 386 (1.0e-04)
484.614 .... 1221 packets received, 5168 bps, 64.60%, Err 390 (1.0e-04)
487.539 .... 1224 packets received, 5150 bps, 64.37%, Err 391 (1.0e-04)
489.950 .... 1234 packets received, 5166 bps, 64.58%, Err 393 (1.0e-04)
492.872 .... 1237 packets received, 5148 bps, 64.35%, Err 395 (1.0e-04)
495.800 .... 1248 packets received, 5163 bps, 64.54%, Err 395 (1.0e-04)
497.933 .... 1256 packets received, 5174 bps, 64.68%, Err 397 (1.0e-04)
500.063 .... 1264 packets received, 5185 bps, 64.81%, Err 399 (1.0e-04)
502.455 .... 1269 packets received, 5181 bps, 64.76%, Err 402 (1.0e-04)
505.107 .... 1273 packets received, 5170 bps, 64.62%, Err 406 (1.0e-04)
510.145 .... 1276 packets received, 5130 bps, 64.13%, Err 414 (1.0e-04)
512.809 .... 1290 packets received, 5160 bps, 64.50%, Err 414 (1.0e-04)
515.192 .... 1294 packets received, 5152 bps, 64.40%, Err 415 (1.0e-04)
517.322 .... 1302 packets received, 5162 bps, 64.53%, Err 416 (1.0e-04)
519.998 .... 1311 packets received, 5171 bps, 64.64%, Err 417 (1.0e-04)
523.988 .... 1318 packets received, 5159 bps, 64.49%, Err 420 (1.0e-04)
526.923 .... 1329 packets received, 5173 bps, 64.66%, Err 423 (1.0e-04)
529.031 .... 1337 packets received, 5184 bps, 64.79%, Err 423 (1.0e-04)
532.769 .... 1340 packets received, 5159 bps, 64.48%, Err 427 (1.0e-04)
538.596 .... 1348 packets received, 5133 bps, 64.17%, Err 431 (1.0e-04)
540.723 .... 1363 packets received, 5170 bps, 64.62%, Err 432 (1.0e-04)
543.910 .... 1370 packets received, 5166 bps, 64.57%, Err 435 (1.0e-04)
546.029 .... 1379 packets received, 5180 bps, 64.75%, Err 437 (1.0e-04)
548.693 .... 1382 packets received, 5166 bps, 64.57%, Err 439 (1.0e-04)
551.375 .... 1392 packets received, 5178 bps, 64.72%, Err 441 (1.0e-04)
553.496 .... 1398 packets received, 5180 bps, 64.75%, Err 441 (1.0e-04)
555.632 .... 1404 packets received, 5182 bps, 64.78%, Err 443 (1.0e-04)
557.755 .... 1410 packets received, 5185 bps, 64.81%, Err 443 (9.9e-05)
560.154 .... 1414 packets received, 5177 bps, 64.71%, Err 447 (1.0e-04)
562.295 .... 1423 packets received, 5190 bps, 64.88%, Err 447 (9.9e-05)
564.426 .... 1426 packets received, 5181 bps, 64.77%, Err 451 (1.0e-04)
567.594 .... 1429 packets received, 5163 bps, 64.54%, Err 455 (1.0e-04)
570.533 .... 1433 packets received, 5151 bps, 64.39%, Err 457 (1.0e-04)
573.735 .... 1438 packets received, 5140 bps, 64.25%, Err 460 (1.0e-04)
576.686 .... 1446 packets received, 5142 bps, 64.28%, Err 463 (1.0e-04)
579.353 .... 1449 packets received, 5129 bps, 64.11%, Err 464 (1.0e-04)
581.487 .... 1458 packets received, 5142 bps, 64.28%, Err 465 (1.0e-04)
584.158 .... 1463 packets received, 5136 bps, 64.20%, Err 467 (1.0e-04)
586.550 .... 1470 packets received, 5140 bps, 64.24%, Err 470 (1.0e-04)
589.744 .... 1480 packets received, 5146 bps, 64.33%, Err 472 (1.0e-04)
592.405 .... 1487 packets received, 5148 bps, 64.34%, Err 474 (1.0e-04)
594.519 .... 1488 packets received, 5133 bps, 64.16%, Err 480 (1.0e-04)
597.193 .... 1494 packets received, 5130 bps, 64.13%, Err 482 (1.0e-04)
599.348 .... 1503 packets received, 5143 bps, 64.28%, Err 482 (1.0e-04)
601.999 .... 1509 packets received, 5140 bps, 64.25%, Err 483 (1.0e-04)
604.130 .... 1520 packets received, 5160 bps, 64.49%, Err 483 (1.0e-04)
606.801 .... 1526 packets received, 5157 bps, 64.46%, Err 484 (1.0e-04)
608.910 .... 1537 packets received, 5176 bps, 64.70%, Err 486 (1.0e-04)
611.053 .... 1541 packets received, 5171 bps, 64.64%, Err 488 (1.0e-04)
613.989 .... 1544 packets received, 5157 bps, 64.46%, Err 490 (1.0e-04)
619.578 .... 1554 packets received, 5143 bps, 64.29%, Err 497 (1.0e-04)
621.694 .... 1566 packets received, 5165 bps, 64.57%, Err 499 (1.0e-04)
623.839 .... 1572 packets received, 5167 bps, 64.59%, Err 500 (1.0e-04)
625.968 .... 1578 packets received, 5169 bps, 64.62%, Err 501 (1.0e-04)
629.145 .... 1584 packets received, 5163 bps, 64.53%, Err 506 (1.0e-04)
632.075 .... 1590 packets received, 5158 bps, 64.48%, Err 507 (1.0e-04)
634.208 .... 1601 packets received, 5176 bps, 64.70%, Err 508 (1.0e-04)
636.875 .... 1603 packets received, 5161 bps, 64.51%, Err 512 (1.0e-04)
638.990 .... 1605 packets received, 5150 bps, 64.38%, Err 514 (1.0e-04)
641.399 .... 1615 packets received, 5163 bps, 64.54%, Err 515 (1.0e-04)
643.526 .... 1621 packets received, 5165 bps, 64.56%, Err 516 (1.0e-04)
645.662 .... 1629 packets received, 5173 bps, 64.67%, Err 516 (1.0e-04)
648.065 .... 1634 packets received, 5170 bps, 64.62%, Err 518 (1.0e-04)
651.005 .... 1641 packets received, 5169 bps, 64.61%, Err 521 (1.0e-04)
653.657 .... 1648 packets received, 5170 bps, 64.62%, Err 525 (1.0e-04)
656.326 .... 1650 packets received, 5155 bps, 64.44%, Err 526 (1.0e-04)
658.464 .... 1660 packets received, 5169 bps, 64.62%, Err 527 (1.0e-04)
661.640 .... 1666 packets received, 5163 bps, 64.54%, Err 530 (1.0e-04)
663.777 .... 1675 packets received, 5174 bps, 64.68%, Err 530 (1.0e-04)
666.426 .... 1679 packets received, 5166 bps, 64.57%, Err 533 (1.0e-04)
668.569 .... 1686 packets received, 5171 bps, 64.63%, Err 535 (1.0e-04)
670.962 .... 1694 packets received, 5177 bps, 64.71%, Err 536 (1.0e-04)
673.353 .... 1702 packets received, 5183 bps, 64.78%, Err 539 (1.0e-04)
678.144 .... 1711 packets received, 5173 bps, 64.67%, Err 544 (1.0e-04)
681.063 .... 1719 packets received, 5175 bps, 64.69%, Err 546 (1.0e-04)
684.542 .... 1721 packets received, 5155 bps, 64.43%, Err 550 (1.0e-04)
687.203 .... 1732 packets received, 5168 bps, 64.60%, Err 550 (1.0e-04)
690.128 .... 1739 packets received, 5166 bps, 64.58%, Err 553 (1.0e-04)
692.242 .... 1750 packets received, 5183 bps, 64.79%, Err 553 (1.0e-04)
694.374 .... 1754 packets received, 5179 bps, 64.74%, Err 555 (1.0e-04)
697.010 .... 1759 packets received, 5174 bps, 64.68%, Err 557 (1.0e-04)
699.647 .... 1767 packets received, 5178 bps, 64.73%, Err 559 (1.0e-04)
700.029 Quit.
