000.000 =============================================================
000.000                     Station B                               
000.000 -------------------------------------------------------------
000.000 Protocol.lib, version 4.0, jiangyanjun0718@bupt.edu.cn
000.000 Channel: 8000 bps, 270 ms propagation delay, bit error rate 1.0E-04
000.000 Log file "fbB.log", TCP port 30015, debug mask 0x00
000.000 Station B is connecting station A (TCP port 30015) ... Done.
000.506 New epoch: Wed May  8 20:24:35 2019
000.506 =================================================================
000.506 
000.506 Designed by CJSoft, build: May  8 2019  20:24:30
003.990 .... 4 packets received, 2546 bps, 31.82%, Err 3 (1.1e-04)
006.899 .... 10 packets received, 3343 bps, 41.78%, Err 7 (1.4e-04)
010.120 .... 16 packets received, 3505 bps, 43.82%, Err 9 (1.2e-04)
012.493 .... 18 packets received, 3145 bps, 39.31%, Err 11 (1.1e-04)
014.879 .... 24 packets received, 3484 bps, 43.55%, Err 12 (1.0e-04)
017.024 .... 36 packets received, 4537 bps, 56.71%, Err 16 (1.2e-04)
019.159 .... 42 packets received, 4678 bps, 58.48%, Err 17 (1.1e-04)
021.540 .... 46 packets received, 4536 bps, 56.70%, Err 18 (1.1e-04)
024.199 .... 54 packets received, 4721 bps, 59.01%, Err 21 (1.1e-04)
026.878 .... 64 packets received, 5021 bps, 62.76%, Err 23 (1.1e-04)
029.004 .... 70 packets received, 5078 bps, 63.47%, Err 23 (1.0e-04)
031.666 .... 76 packets received, 5038 bps, 62.98%, Err 26 (1.0e-04)
034.487 ** WARNING: System too busy, sleep 15 ms, but be awakened 110 ms later
034.926 .... 80 packets received, 4797 bps, 59.96%, Err 29 (1.1e-04)
037.519 .... 85 packets received, 4737 bps, 59.22%, Err 32 (1.1e-04)
039.941 .... 88 packets received, 4601 bps, 57.51%, Err 35 (1.1e-04)
042.580 .... 94 packets received, 4605 bps, 57.56%, Err 37 (1.1e-04)
044.711 .... 103 packets received, 4801 bps, 60.01%, Err 38 (1.1e-04)
046.833 .... 110 packets received, 4891 bps, 61.14%, Err 39 (1.1e-04)
049.511 .... 114 packets received, 4790 bps, 59.88%, Err 43 (1.1e-04)
053.505 .... 122 packets received, 4738 bps, 59.23%, Err 48 (1.1e-04)
055.639 .... 133 packets received, 4964 bps, 62.06%, Err 48 (1.1e-04)
057.739 .... 141 packets received, 5069 bps, 63.36%, Err 48 (1.0e-04)
059.880 .... 145 packets received, 5024 bps, 62.80%, Err 51 (1.1e-04)
062.791 .... 147 packets received, 4854 bps, 60.68%, Err 52 (1.0e-04)
064.922 .... 158 packets received, 5044 bps, 63.05%, Err 53 (1.0e-04)
067.607 .... 163 packets received, 4995 bps, 62.43%, Err 55 (1.0e-04)
070.500 .... 169 packets received, 4964 bps, 62.05%, Err 57 (1.0e-04)
072.632 .... 178 packets received, 5073 bps, 63.41%, Err 57 (9.9e-05)
074.775 .... 183 packets received, 5064 bps, 63.31%, Err 58 (9.8e-05)
079.549 .... 188 packets received, 4888 bps, 61.09%, Err 62 (9.8e-05)
082.473 .... 200 packets received, 5013 bps, 62.67%, Err 64 (9.8e-05)
085.138 .... 205 packets received, 4976 bps, 62.21%, Err 69 (1.0e-04)
087.810 .... 207 packets received, 4871 bps, 60.88%, Err 72 (1.0e-04)
090.473 .... 212 packets received, 4840 bps, 60.50%, Err 72 (1.0e-04)
093.136 .... 222 packets received, 4922 bps, 61.53%, Err 73 (9.9e-05)
096.341 .... 231 packets received, 4950 bps, 61.88%, Err 77 (1.0e-04)
099.264 .... 240 packets received, 4990 bps, 62.38%, Err 79 (1.0e-04)
102.723 .... 242 packets received, 4861 bps, 60.77%, Err 81 (9.9e-05)
104.856 .... 254 packets received, 4998 bps, 62.47%, Err 82 (9.8e-05)
107.790 .... 259 packets received, 4956 bps, 61.96%, Err 87 (1.0e-04)
110.445 .... 262 packets received, 4893 bps, 61.16%, Err 89 (1.0e-04)
113.119 .... 265 packets received, 4831 bps, 60.38%, Err 91 (1.0e-04)
115.249 .... 277 packets received, 4956 bps, 61.94%, Err 92 (1.0e-04)
117.373 .... 283 packets received, 4971 bps, 62.13%, Err 94 (1.0e-04)
122.691 .... 289 packets received, 4855 bps, 60.68%, Err 99 (1.0e-04)
125.645 .... 300 packets received, 4920 bps, 61.50%, Err 102 (1.0e-04)
128.043 .... 304 packets received, 4892 bps, 61.15%, Err 103 (1.0e-04)
130.442 .... 313 packets received, 4944 bps, 61.79%, Err 108 (1.0e-04)
133.097 .... 316 packets received, 4891 bps, 61.13%, Err 109 (1.0e-04)
135.245 .... 326 packets received, 4965 bps, 62.06%, Err 110 (1.0e-04)
137.892 .... 332 packets received, 4959 bps, 61.98%, Err 113 (1.0e-04)
140.819 .... 341 packets received, 4987 bps, 62.33%, Err 115 (1.0e-04)
143.476 .... 346 packets received, 4966 bps, 62.07%, Err 118 (1.0e-04)
146.145 .... 351 packets received, 4945 bps, 61.81%, Err 120 (1.0e-04)
148.561 .... 359 packets received, 4975 bps, 62.19%, Err 121 (1.0e-04)
150.673 .... 369 packets received, 5041 bps, 63.02%, Err 122 (1.0e-04)
153.882 .... 376 packets received, 5029 bps, 62.87%, Err 124 (1.0e-04)
156.005 .... 387 packets received, 5106 bps, 63.82%, Err 124 (1.0e-04)
159.202 .... 389 packets received, 5029 bps, 62.86%, Err 127 (1.0e-04)
161.851 .... 395 packets received, 5022 bps, 62.78%, Err 130 (1.0e-04)
166.364 .... 403 packets received, 4984 bps, 62.30%, Err 135 (1.0e-04)
169.297 .... 414 packets received, 5031 bps, 62.89%, Err 137 (1.0e-04)
172.756 .... 421 packets received, 5013 bps, 62.67%, Err 140 (1.0e-04)
174.885 .... 432 packets received, 5081 bps, 63.52%, Err 140 (1.0e-04)
178.590 .... 433 packets received, 4987 bps, 62.34%, Err 144 (1.0e-04)
180.999 .... 441 packets received, 5011 bps, 62.64%, Err 145 (1.0e-04)
183.675 .... 451 packets received, 5050 bps, 63.12%, Err 146 (1.0e-04)
185.806 .... 457 packets received, 5058 bps, 63.23%, Err 147 (9.9e-05)
188.737 .... 461 packets received, 5023 bps, 62.79%, Err 150 (1.0e-04)
190.868 .... 472 packets received, 5085 bps, 63.56%, Err 150 (9.9e-05)
192.998 .... 480 packets received, 5114 bps, 63.92%, Err 150 (9.7e-05)
195.111 .... 487 packets received, 5132 bps, 64.15%, Err 151 (9.7e-05)
197.244 .... 494 packets received, 5149 bps, 64.37%, Err 152 (9.7e-05)
199.363 .... 498 packets received, 5136 bps, 64.20%, Err 153 (9.6e-05)
201.475 .... 505 packets received, 5153 bps, 64.41%, Err 156 (9.7e-05)
204.420 .... 507 packets received, 5099 bps, 63.73%, Err 157 (9.6e-05)
207.345 .... 518 packets received, 5136 bps, 64.19%, Err 159 (9.6e-05)
209.485 .... 528 packets received, 5181 bps, 64.76%, Err 159 (9.5e-05)
211.850 .... 533 packets received, 5171 bps, 64.64%, Err 161 (9.5e-05)
214.265 .... 541 packets received, 5190 bps, 64.87%, Err 164 (9.6e-05)
216.670 .... 542 packets received, 5141 bps, 64.27%, Err 169 (9.8e-05)
219.602 .... 547 packets received, 5119 bps, 63.99%, Err 172 (9.8e-05)
222.251 .... 550 packets received, 5086 bps, 63.57%, Err 178 (1.0e-04)
224.907 .... 555 packets received, 5071 bps, 63.39%, Err 179 (1.0e-04)
227.054 .... 557 packets received, 5041 bps, 63.02%, Err 181 (1.0e-04)
229.978 .... 565 packets received, 5048 bps, 63.10%, Err 182 (9.9e-05)
232.648 .... 572 packets received, 5052 bps, 63.15%, Err 187 (1.0e-04)
235.309 .... 576 packets received, 5030 bps, 62.87%, Err 189 (1.0e-04)
237.424 .... 583 packets received, 5045 bps, 63.07%, Err 192 (1.0e-04)
240.087 .... 588 packets received, 5032 bps, 62.90%, Err 193 (1.0e-04)
242.220 .... 597 packets received, 5064 bps, 63.30%, Err 195 (1.0e-04)
245.425 .... 604 packets received, 5056 bps, 63.20%, Err 196 (1.0e-04)
247.553 .... 615 packets received, 5104 bps, 63.80%, Err 196 (9.9e-05)
249.676 .... 619 packets received, 5093 bps, 63.66%, Err 198 (9.9e-05)
251.812 .... 629 packets received, 5131 bps, 64.14%, Err 198 (9.8e-05)
253.935 .... 637 packets received, 5153 bps, 64.41%, Err 199 (9.8e-05)
256.081 .... 644 packets received, 5166 bps, 64.57%, Err 199 (9.7e-05)
258.184 .... 648 packets received, 5156 bps, 64.44%, Err 200 (9.7e-05)
261.397 .... 656 packets received, 5155 bps, 64.44%, Err 202 (9.7e-05)
264.333 .... 665 packets received, 5167 bps, 64.59%, Err 205 (9.7e-05)
266.451 .... 676 packets received, 5211 bps, 65.14%, Err 205 (9.6e-05)
269.128 .... 682 packets received, 5205 bps, 65.06%, Err 208 (9.7e-05)
271.252 .... 692 packets received, 5240 bps, 65.50%, Err 209 (9.7e-05)
273.369 .... 700 packets received, 5259 bps, 65.74%, Err 209 (9.6e-05)
275.527 .... 708 packets received, 5277 bps, 65.97%, Err 209 (9.5e-05)
277.648 .... 712 packets received, 5267 bps, 65.83%, Err 212 (9.6e-05)
280.857 .... 716 packets received, 5235 bps, 65.44%, Err 217 (9.7e-05)
283.765 .... 719 packets received, 5203 bps, 65.04%, Err 221 (9.8e-05)
287.221 .... 726 packets received, 5191 bps, 64.88%, Err 227 (9.9e-05)
289.893 .... 734 packets received, 5199 bps, 64.99%, Err 232 (1.0e-04)
292.550 .... 736 packets received, 5166 bps, 64.58%, Err 235 (1.0e-04)
295.222 .... 743 packets received, 5168 bps, 64.60%, Err 236 (1.0e-04)
298.670 .... 745 packets received, 5122 bps, 64.02%, Err 242 (1.0e-04)
301.598 .... 751 packets received, 5113 bps, 63.91%, Err 243 (1.0e-04)
303.746 .... 761 packets received, 5144 bps, 64.30%, Err 244 (1.0e-04)
308.009 .... 764 packets received, 5093 bps, 63.66%, Err 248 (1.0e-04)
310.935 .... 771 packets received, 5091 bps, 63.64%, Err 252 (1.0e-04)
313.622 .... 775 packets received, 5073 bps, 63.42%, Err 253 (1.0e-04)
315.745 .... 786 packets received, 5111 bps, 63.88%, Err 253 (1.0e-04)
318.920 .... 792 packets received, 5098 bps, 63.73%, Err 255 (1.0e-04)
322.117 .... 800 packets received, 5099 bps, 63.73%, Err 256 (1.0e-04)
324.271 .... 809 packets received, 5122 bps, 64.02%, Err 258 (1.0e-04)
326.379 .... 813 packets received, 5114 bps, 63.92%, Err 261 (1.0e-04)
329.327 .... 816 packets received, 5086 bps, 63.58%, Err 264 (1.0e-04)
332.242 .... 825 packets received, 5097 bps, 63.72%, Err 266 (1.0e-04)
335.430 .... 830 packets received, 5079 bps, 63.49%, Err 270 (1.0e-04)
338.077 .... 839 packets received, 5094 bps, 63.68%, Err 270 (1.0e-04)
340.206 .... 843 packets received, 5086 bps, 63.58%, Err 272 (1.0e-04)
344.718 .... 851 packets received, 5067 bps, 63.34%, Err 276 (1.0e-04)
347.654 .... 863 packets received, 5095 bps, 63.69%, Err 277 (1.0e-04)
351.653 .... 868 packets received, 5066 bps, 63.33%, Err 283 (1.0e-04)
354.324 .... 873 packets received, 5057 bps, 63.21%, Err 285 (1.0e-04)
357.517 .... 884 packets received, 5075 bps, 63.44%, Err 288 (1.0e-04)
359.644 .... 894 packets received, 5102 bps, 63.77%, Err 289 (1.0e-04)
361.772 .... 901 packets received, 5111 bps, 63.89%, Err 289 (1.0e-04)
363.897 .... 908 packets received, 5121 bps, 64.01%, Err 290 (1.0e-04)
366.557 .... 914 packets received, 5117 bps, 63.97%, Err 293 (1.0e-04)
369.757 .... 916 packets received, 5084 bps, 63.55%, Err 298 (1.0e-04)
372.415 .... 925 packets received, 5097 bps, 63.72%, Err 299 (1.0e-04)
374.536 .... 933 packets received, 5112 bps, 63.90%, Err 300 (1.0e-04)
376.675 .... 938 packets received, 5110 bps, 63.88%, Err 301 (1.0e-04)
380.658 .... 942 packets received, 5078 bps, 63.48%, Err 305 (1.0e-04)
384.927 .... 951 packets received, 5070 bps, 63.37%, Err 311 (1.0e-04)
387.572 .... 962 packets received, 5094 bps, 63.67%, Err 313 (1.0e-04)
389.702 .... 965 packets received, 5081 bps, 63.52%, Err 316 (1.0e-04)
392.376 .... 970 packets received, 5073 bps, 63.41%, Err 319 (1.0e-04)
395.024 .... 979 packets received, 5086 bps, 63.57%, Err 320 (1.0e-04)
397.709 .... 985 packets received, 5082 bps, 63.53%, Err 322 (1.0e-04)
400.629 .... 994 packets received, 5091 bps, 63.64%, Err 323 (1.0e-04)
404.085 .... 997 packets received, 5063 bps, 63.28%, Err 328 (1.0e-04)
408.335 .... 1005 packets received, 5050 bps, 63.13%, Err 331 (1.0e-04)
411.003 .... 1009 packets received, 5037 bps, 62.97%, Err 333 (1.0e-04)
413.142 .... 1021 packets received, 5071 bps, 63.38%, Err 333 (1.0e-04)
415.270 .... 1028 packets received, 5079 bps, 63.49%, Err 335 (1.0e-04)
417.396 .... 1036 packets received, 5093 bps, 63.66%, Err 336 (1.0e-04)
419.512 .... 1044 packets received, 5106 bps, 63.83%, Err 336 (1.0e-04)
421.637 .... 1052 packets received, 5119 bps, 63.99%, Err 337 (1.0e-04)
424.571 .... 1059 packets received, 5118 bps, 63.97%, Err 339 (1.0e-04)
426.696 .... 1060 packets received, 5097 bps, 63.71%, Err 341 (1.0e-04)
429.360 .... 1069 packets received, 5108 bps, 63.85%, Err 343 (1.0e-04)
432.023 .... 1075 packets received, 5105 bps, 63.81%, Err 348 (1.0e-04)
434.695 .... 1078 packets received, 5088 bps, 63.60%, Err 351 (1.0e-04)
437.356 .... 1081 packets received, 5071 bps, 63.39%, Err 353 (1.0e-04)
439.486 .... 1092 packets received, 5098 bps, 63.72%, Err 353 (1.0e-04)
443.730 .... 1094 packets received, 5058 bps, 63.23%, Err 358 (1.0e-04)
446.665 .... 1105 packets received, 5075 bps, 63.44%, Err 360 (1.0e-04)
449.063 .... 1110 packets received, 5071 bps, 63.39%, Err 362 (1.0e-04)
451.470 .... 1112 packets received, 5053 bps, 63.16%, Err 363 (1.0e-04)
453.578 .... 1124 packets received, 5084 bps, 63.55%, Err 365 (1.0e-04)
456.522 .... 1129 packets received, 5073 bps, 63.42%, Err 367 (1.0e-04)
458.641 .... 1131 packets received, 5059 bps, 63.24%, Err 370 (1.0e-04)
461.313 .... 1139 packets received, 5065 bps, 63.31%, Err 370 (1.0e-04)
463.971 .... 1145 packets received, 5063 bps, 63.28%, Err 371 (1.0e-04)
467.187 .... 1154 packets received, 5067 bps, 63.34%, Err 374 (1.0e-04)
470.112 .... 1157 packets received, 5049 bps, 63.11%, Err 378 (1.0e-04)
473.033 .... 1162 packets received, 5039 bps, 62.99%, Err 379 (1.0e-04)
475.669 .... 1169 packets received, 5041 bps, 63.02%, Err 380 (1.0e-04)
478.085 .... 1181 packets received, 5067 bps, 63.34%, Err 380 (9.9e-05)
480.484 .... 1188 packets received, 5072 bps, 63.40%, Err 382 (9.9e-05)
482.608 .... 1192 packets received, 5066 bps, 63.33%, Err 384 (1.0e-04)
486.068 .... 1196 packets received, 5047 bps, 63.09%, Err 389 (1.0e-04)
491.418 .... 1201 packets received, 5013 bps, 62.66%, Err 393 (1.0e-04)
493.521 .... 1216 packets received, 5054 bps, 63.18%, Err 396 (1.0e-04)
497.244 .... 1220 packets received, 5033 bps, 62.91%, Err 403 (1.0e-04)
499.912 .... 1224 packets received, 5022 bps, 62.78%, Err 405 (1.0e-04)
502.038 .... 1235 packets received, 5046 bps, 63.07%, Err 405 (1.0e-04)
504.978 .... 1242 packets received, 5045 bps, 63.06%, Err 407 (1.0e-04)
507.098 .... 1253 packets received, 5068 bps, 63.35%, Err 407 (1.0e-04)
509.222 .... 1261 packets received, 5079 bps, 63.49%, Err 407 (1.0e-04)
512.959 .... 1264 packets received, 5054 bps, 63.18%, Err 411 (1.0e-04)
515.898 .... 1271 packets received, 5053 bps, 63.16%, Err 414 (1.0e-04)
520.929 .... 1279 packets received, 5036 bps, 62.95%, Err 420 (1.0e-04)
523.579 .... 1289 packets received, 5049 bps, 63.12%, Err 421 (1.0e-04)
527.587 .... 1292 packets received, 5023 bps, 62.78%, Err 426 (1.0e-04)
531.822 .... 1301 packets received, 5017 bps, 62.72%, Err 430 (1.0e-04)
535.813 .... 1312 packets received, 5022 bps, 62.78%, Err 434 (1.0e-04)
540.071 .... 1321 packets received, 5017 bps, 62.71%, Err 436 (1.0e-04)
545.946 .... 1332 packets received, 5004 bps, 62.55%, Err 438 (1.0e-04)
550.994 .... 1345 packets received, 5006 bps, 62.58%, Err 442 (1.0e-04)
553.942 .... 1356 packets received, 5020 bps, 62.75%, Err 443 (1.0e-04)
557.151 .... 1357 packets received, 4995 bps, 62.44%, Err 446 (1.0e-04)
559.809 .... 1369 packets received, 5015 bps, 62.69%, Err 447 (1.0e-04)
562.218 .... 1373 packets received, 5008 bps, 62.60%, Err 450 (1.0e-04)
564.335 .... 1382 packets received, 5022 bps, 62.78%, Err 450 (1.0e-04)
567.006 .... 1388 packets received, 5020 bps, 62.75%, Err 451 (1.0e-04)
570.460 .... 1393 packets received, 5008 bps, 62.60%, Err 459 (1.0e-04)
573.397 .... 1396 packets received, 4993 bps, 62.41%, Err 460 (1.0e-04)
575.519 .... 1409 packets received, 5021 bps, 62.76%, Err 460 (1.0e-04)
578.178 .... 1414 packets received, 5015 bps, 62.69%, Err 463 (1.0e-04)
581.112 .... 1418 packets received, 5004 bps, 62.55%, Err 464 (1.0e-04)
583.259 .... 1429 packets received, 5024 bps, 62.80%, Err 466 (1.0e-04)
585.370 .... 1432 packets received, 5017 bps, 62.71%, Err 470 (1.0e-04)
587.776 .... 1439 packets received, 5021 bps, 62.76%, Err 472 (1.0e-04)
590.688 .... 1449 packets received, 5030 bps, 62.88%, Err 473 (1.0e-04)
592.832 .... 1456 packets received, 5036 bps, 62.96%, Err 475 (1.0e-04)
594.960 .... 1466 packets received, 5053 bps, 63.16%, Err 475 (1.0e-04)
597.351 .... 1473 packets received, 5057 bps, 63.21%, Err 476 (1.0e-04)
600.534 .... 1479 packets received, 5050 bps, 63.13%, Err 478 (1.0e-04)
603.459 .... 1485 packets received, 5046 bps, 63.08%, Err 482 (1.0e-04)
606.633 .... 1496 packets received, 5057 bps, 63.21%, Err 485 (1.0e-04)
609.283 .... 1502 packets received, 5055 bps, 63.19%, Err 487 (1.0e-04)
611.690 .... 1513 packets received, 5072 bps, 63.40%, Err 490 (1.0e-04)
615.427 .... 1514 packets received, 5045 bps, 63.06%, Err 497 (1.0e-04)
618.365 .... 1519 packets received, 5037 bps, 62.96%, Err 498 (1.0e-04)
621.300 .... 1526 packets received, 5036 bps, 62.96%, Err 503 (1.0e-04)
624.496 .... 1529 packets received, 5020 bps, 62.76%, Err 504 (1.0e-04)
628.242 .... 1530 packets received, 4994 bps, 62.42%, Err 508 (1.0e-04)
630.902 .... 1545 packets received, 5021 bps, 62.77%, Err 511 (1.0e-04)
634.096 .... 1553 packets received, 5022 bps, 62.77%, Err 513 (1.0e-04)
636.223 .... 1563 packets received, 5037 bps, 62.97%, Err 513 (1.0e-04)
639.687 .... 1571 packets received, 5036 bps, 62.95%, Err 516 (1.0e-04)
642.351 .... 1581 packets received, 5047 bps, 63.08%, Err 516 (1.0e-04)
644.471 .... 1587 packets received, 5049 bps, 63.12%, Err 517 (1.0e-04)
646.602 .... 1593 packets received, 5052 bps, 63.14%, Err 518 (1.0e-04)
648.721 .... 1599 packets received, 5054 bps, 63.18%, Err 519 (1.0e-04)
651.923 .... 1605 packets received, 5048 bps, 63.10%, Err 520 (1.0e-04)
654.865 .... 1614 packets received, 5054 bps, 63.17%, Err 523 (1.0e-04)
657.522 .... 1622 packets received, 5058 bps, 63.23%, Err 524 (1.0e-04)
659.913 .... 1629 packets received, 5061 bps, 63.27%, Err 525 (1.0e-04)
662.839 .... 1639 packets received, 5070 bps, 63.37%, Err 526 (9.9e-05)
665.233 .... 1646 packets received, 5073 bps, 63.42%, Err 528 (9.9e-05)
669.491 .... 1653 packets received, 5062 bps, 63.28%, Err 534 (1.0e-04)
672.158 .... 1663 packets received, 5073 bps, 63.41%, Err 537 (1.0e-04)
674.811 .... 1671 packets received, 5077 bps, 63.46%, Err 541 (1.0e-04)
677.467 .... 1674 packets received, 5066 bps, 63.33%, Err 543 (1.0e-04)
680.678 .... 1677 packets received, 5051 bps, 63.14%, Err 546 (1.0e-04)
682.795 .... 1687 packets received, 5066 bps, 63.32%, Err 548 (1.0e-04)
685.452 .... 1697 packets received, 5076 bps, 63.45%, Err 551 (1.0e-04)
687.850 .... 1701 packets received, 5070 bps, 63.38%, Err 552 (1.0e-04)
689.989 .... 1711 packets received, 5084 bps, 63.55%, Err 552 (1.0e-04)
692.097 .... 1719 packets received, 5092 bps, 63.66%, Err 552 (1.0e-04)
694.221 .... 1727 packets received, 5100 bps, 63.76%, Err 552 (9.9e-05)
696.350 .... 1735 packets received, 5108 bps, 63.85%, Err 553 (9.9e-05)
698.488 .... 1743 packets received, 5116 bps, 63.95%, Err 553 (9.9e-05)
700.028 Quit.
