000.000 =============================================================
000.000                     Station A                               
000.000 -------------------------------------------------------------
000.000 Protocol.lib, version 4.0, jiangyanjun0718@bupt.edu.cn
000.000 Channel: 8000 bps, 270 ms propagation delay, bit error rate 0
000.000 Log file "uA.log", TCP port 30012, debug mask 0x00
000.000 Station A is waiting for station B on TCP port 30012 ... Done.
000.469 New epoch: Wed May  8 20:24:35 2019
000.469 =================================================================
000.469 
000.469 Designed by CJSoft, build: May  8 2019  20:24:30
003.424 .... 8 packets received, 7747 bps, 96.83%, Err 0 (0.0e+00)
005.566 .... 16 packets received, 7697 bps, 96.22%, Err 0 (0.0e+00)
007.702 .... 24 packets received, 7688 bps, 96.11%, Err 0 (0.0e+00)
009.799 .... 32 packets received, 7719 bps, 96.49%, Err 0 (0.0e+00)
011.940 .... 40 packets received, 7706 bps, 96.32%, Err 0 (0.0e+00)
014.059 .... 48 packets received, 7710 bps, 96.38%, Err 0 (0.0e+00)
016.174 .... 56 packets received, 7715 bps, 96.44%, Err 0 (0.0e+00)
018.302 .... 64 packets received, 7713 bps, 96.42%, Err 0 (0.0e+00)
020.424 .... 72 packets received, 7714 bps, 96.43%, Err 0 (0.0e+00)
022.545 .... 80 packets received, 7715 bps, 96.44%, Err 0 (0.0e+00)
024.651 .... 88 packets received, 7721 bps, 96.51%, Err 0 (0.0e+00)
026.779 .... 96 packets received, 7719 bps, 96.49%, Err 0 (0.0e+00)
028.899 .... 104 packets received, 7720 bps, 96.50%, Err 0 (0.0e+00)
031.008 .... 112 packets received, 7723 bps, 96.54%, Err 0 (0.0e+00)
033.134 .... 120 packets received, 7722 bps, 96.53%, Err 0 (0.0e+00)
034.487 ** WARNING: System too busy, sleep 15 ms, but be awakened 110 ms later
035.244 .... 128 packets received, 7725 bps, 96.56%, Err 0 (0.0e+00)
037.374 .... 136 packets received, 7723 bps, 96.54%, Err 0 (0.0e+00)
039.494 .... 144 packets received, 7723 bps, 96.54%, Err 0 (0.0e+00)
041.601 .... 152 packets received, 7726 bps, 96.58%, Err 0 (0.0e+00)
043.734 .... 160 packets received, 7724 bps, 96.55%, Err 0 (0.0e+00)
045.852 .... 168 packets received, 7724 bps, 96.55%, Err 0 (0.0e+00)
047.983 .... 176 packets received, 7723 bps, 96.53%, Err 0 (0.0e+00)
050.086 .... 184 packets received, 7726 bps, 96.57%, Err 0 (0.0e+00)
052.224 .... 192 packets received, 7723 bps, 96.54%, Err 0 (0.0e+00)
054.322 .... 200 packets received, 7726 bps, 96.58%, Err 0 (0.0e+00)
056.457 .... 208 packets received, 7724 bps, 96.55%, Err 0 (0.0e+00)
058.566 .... 216 packets received, 7726 bps, 96.58%, Err 0 (0.0e+00)
060.696 .... 224 packets received, 7725 bps, 96.56%, Err 0 (0.0e+00)
062.807 .... 232 packets received, 7726 bps, 96.58%, Err 0 (0.0e+00)
064.953 .... 240 packets received, 7723 bps, 96.54%, Err 0 (0.0e+00)
067.050 .... 248 packets received, 7726 bps, 96.57%, Err 0 (0.0e+00)
069.179 .... 256 packets received, 7725 bps, 96.56%, Err 0 (0.0e+00)
071.298 .... 264 packets received, 7725 bps, 96.56%, Err 0 (0.0e+00)
073.413 .... 272 packets received, 7726 bps, 96.57%, Err 0 (0.0e+00)
075.536 .... 280 packets received, 7725 bps, 96.57%, Err 0 (0.0e+00)
077.639 .... 288 packets received, 7727 bps, 96.59%, Err 0 (0.0e+00)
079.779 .... 296 packets received, 7725 bps, 96.57%, Err 0 (0.0e+00)
081.897 .... 304 packets received, 7726 bps, 96.57%, Err 0 (0.0e+00)
084.029 .... 312 packets received, 7725 bps, 96.56%, Err 0 (0.0e+00)
086.147 .... 320 packets received, 7725 bps, 96.56%, Err 0 (0.0e+00)
088.245 .... 328 packets received, 7727 bps, 96.59%, Err 0 (0.0e+00)
090.389 .... 336 packets received, 7725 bps, 96.56%, Err 0 (0.0e+00)
092.502 .... 344 packets received, 7726 bps, 96.57%, Err 0 (0.0e+00)
094.629 .... 352 packets received, 7725 bps, 96.56%, Err 0 (0.0e+00)
096.735 .... 360 packets received, 7726 bps, 96.58%, Err 0 (0.0e+00)
098.855 .... 368 packets received, 7726 bps, 96.58%, Err 0 (0.0e+00)
104.517 .... 375 packets received, 7441 bps, 93.02%, Err 0 (0.0e+00)
108.640 .... 376 packets received, 7175 bps, 89.68%, Err 0 (0.0e+00)
112.804 .... 377 packets received, 6925 bps, 86.56%, Err 0 (0.0e+00)
116.953 .... 378 packets received, 6694 bps, 83.68%, Err 0 (0.0e+00)
121.041 .... 379 packets received, 6483 bps, 81.03%, Err 0 (0.0e+00)
125.252 .... 380 packets received, 6279 bps, 78.49%, Err 0 (0.0e+00)
129.385 .... 381 packets received, 6092 bps, 76.15%, Err 0 (0.0e+00)
133.608 .... 382 packets received, 5913 bps, 73.92%, Err 0 (0.0e+00)
137.735 .... 383 packets received, 5750 bps, 71.87%, Err 0 (0.0e+00)
141.811 .... 384 packets received, 5597 bps, 69.97%, Err 0 (0.0e+00)
145.906 .... 385 packets received, 5453 bps, 68.16%, Err 0 (0.0e+00)
149.949 .... 386 packets received, 5318 bps, 66.48%, Err 0 (0.0e+00)
154.084 .... 387 packets received, 5188 bps, 64.85%, Err 0 (0.0e+00)
158.202 .... 388 packets received, 5065 bps, 63.31%, Err 0 (0.0e+00)
162.365 .... 389 packets received, 4947 bps, 61.83%, Err 0 (0.0e+00)
166.431 .... 390 packets received, 4837 bps, 60.46%, Err 0 (0.0e+00)
170.445 .... 391 packets received, 4734 bps, 59.18%, Err 0 (0.0e+00)
174.541 .... 392 packets received, 4634 bps, 57.93%, Err 0 (0.0e+00)
178.755 .... 393 packets received, 4536 bps, 56.70%, Err 0 (0.0e+00)
182.884 .... 394 packets received, 4444 bps, 55.55%, Err 0 (0.0e+00)
187.050 .... 395 packets received, 4355 bps, 54.44%, Err 0 (0.0e+00)
191.096 .... 396 packets received, 4273 bps, 53.42%, Err 0 (0.0e+00)
195.130 .... 397 packets received, 4195 bps, 52.44%, Err 0 (0.0e+00)
199.237 .... 398 packets received, 4118 bps, 51.48%, Err 0 (0.0e+00)
201.338 .... 402 packets received, 4116 bps, 51.45%, Err 0 (0.0e+00)
203.464 .... 410 packets received, 4154 bps, 51.92%, Err 0 (0.0e+00)
205.565 .... 418 packets received, 4191 bps, 52.39%, Err 0 (0.0e+00)
207.709 .... 426 packets received, 4227 bps, 52.84%, Err 0 (0.0e+00)
209.832 .... 434 packets received, 4263 bps, 53.28%, Err 0 (0.0e+00)
211.928 .... 442 packets received, 4298 bps, 53.72%, Err 0 (0.0e+00)
214.047 .... 450 packets received, 4332 bps, 54.15%, Err 0 (0.0e+00)
216.177 .... 458 packets received, 4365 bps, 54.57%, Err 0 (0.0e+00)
218.302 .... 466 packets received, 4398 bps, 54.98%, Err 0 (0.0e+00)
220.422 .... 474 packets received, 4430 bps, 55.38%, Err 0 (0.0e+00)
222.534 .... 482 packets received, 4462 bps, 55.78%, Err 0 (0.0e+00)
224.669 .... 490 packets received, 4493 bps, 56.16%, Err 0 (0.0e+00)
226.796 .... 498 packets received, 4523 bps, 56.54%, Err 0 (0.0e+00)
228.898 .... 506 packets received, 4553 bps, 56.92%, Err 0 (0.0e+00)
231.017 .... 514 packets received, 4583 bps, 57.28%, Err 0 (0.0e+00)
233.148 .... 522 packets received, 4611 bps, 57.64%, Err 0 (0.0e+00)
235.274 .... 530 packets received, 4639 bps, 57.99%, Err 0 (0.0e+00)
237.377 .... 538 packets received, 4667 bps, 58.34%, Err 0 (0.0e+00)
239.489 .... 546 packets received, 4695 bps, 58.69%, Err 0 (0.0e+00)
241.618 .... 554 packets received, 4721 bps, 59.02%, Err 0 (0.0e+00)
243.742 .... 562 packets received, 4748 bps, 59.35%, Err 0 (0.0e+00)
245.874 .... 570 packets received, 4773 bps, 59.67%, Err 0 (0.0e+00)
247.975 .... 578 packets received, 4799 bps, 59.99%, Err 0 (0.0e+00)
250.089 .... 586 packets received, 4824 bps, 60.30%, Err 0 (0.0e+00)
252.220 .... 594 packets received, 4848 bps, 60.60%, Err 0 (0.0e+00)
254.342 .... 602 packets received, 4872 bps, 60.91%, Err 0 (0.0e+00)
256.462 .... 610 packets received, 4896 bps, 61.20%, Err 0 (0.0e+00)
258.581 .... 618 packets received, 4920 bps, 61.49%, Err 0 (0.0e+00)
260.707 .... 626 packets received, 4942 bps, 61.78%, Err 0 (0.0e+00)
262.822 .... 634 packets received, 4965 bps, 62.06%, Err 0 (0.0e+00)
264.948 .... 642 packets received, 4987 bps, 62.34%, Err 0 (0.0e+00)
267.049 .... 650 packets received, 5009 bps, 62.62%, Err 0 (0.0e+00)
269.176 .... 658 packets received, 5031 bps, 62.88%, Err 0 (0.0e+00)
271.313 .... 666 packets received, 5052 bps, 63.15%, Err 0 (0.0e+00)
273.415 .... 674 packets received, 5073 bps, 63.41%, Err 0 (0.0e+00)
275.527 .... 682 packets received, 5094 bps, 63.67%, Err 0 (0.0e+00)
277.659 .... 690 packets received, 5114 bps, 63.92%, Err 0 (0.0e+00)
279.771 .... 698 packets received, 5134 bps, 64.17%, Err 0 (0.0e+00)
281.891 .... 706 packets received, 5153 bps, 64.41%, Err 0 (0.0e+00)
284.017 .... 714 packets received, 5172 bps, 64.65%, Err 0 (0.0e+00)
286.146 .... 722 packets received, 5191 bps, 64.89%, Err 0 (0.0e+00)
288.256 .... 730 packets received, 5210 bps, 65.13%, Err 0 (0.0e+00)
290.388 .... 738 packets received, 5228 bps, 65.36%, Err 0 (0.0e+00)
292.506 .... 746 packets received, 5247 bps, 65.58%, Err 0 (0.0e+00)
294.624 .... 754 packets received, 5265 bps, 65.81%, Err 0 (0.0e+00)
296.749 .... 762 packets received, 5282 bps, 66.03%, Err 0 (0.0e+00)
298.858 .... 770 packets received, 5300 bps, 66.25%, Err 0 (0.0e+00)
304.427 .... 777 packets received, 5250 bps, 65.62%, Err 0 (0.0e+00)
308.552 .... 778 packets received, 5186 bps, 64.82%, Err 0 (0.0e+00)
312.700 .... 779 packets received, 5123 bps, 64.04%, Err 0 (0.0e+00)
316.787 .... 780 packets received, 5064 bps, 63.29%, Err 0 (0.0e+00)
320.855 .... 781 packets received, 5006 bps, 62.57%, Err 0 (0.0e+00)
325.023 .... 782 packets received, 4947 bps, 61.84%, Err 0 (0.0e+00)
329.202 .... 783 packets received, 4891 bps, 61.13%, Err 0 (0.0e+00)
333.354 .... 784 packets received, 4836 bps, 60.44%, Err 0 (0.0e+00)
337.416 .... 785 packets received, 4783 bps, 59.79%, Err 0 (0.0e+00)
341.525 .... 786 packets received, 4731 bps, 59.14%, Err 0 (0.0e+00)
345.643 .... 787 packets received, 4681 bps, 58.51%, Err 0 (0.0e+00)
349.752 .... 788 packets received, 4632 bps, 57.89%, Err 0 (0.0e+00)
353.822 .... 789 packets received, 4584 bps, 57.30%, Err 0 (0.0e+00)
357.975 .... 790 packets received, 4536 bps, 56.70%, Err 0 (0.0e+00)
362.179 .... 791 packets received, 4489 bps, 56.11%, Err 0 (0.0e+00)
366.290 .... 792 packets received, 4444 bps, 55.55%, Err 0 (0.0e+00)
370.567 .... 793 packets received, 4398 bps, 54.98%, Err 0 (0.0e+00)
374.564 .... 794 packets received, 4357 bps, 54.46%, Err 0 (0.0e+00)
378.620 .... 795 packets received, 4315 bps, 53.94%, Err 0 (0.0e+00)
382.711 .... 796 packets received, 4274 bps, 53.43%, Err 0 (0.0e+00)
386.802 .... 797 packets received, 4234 bps, 52.93%, Err 0 (0.0e+00)
390.944 .... 798 packets received, 4194 bps, 52.43%, Err 0 (0.0e+00)
395.039 .... 799 packets received, 4156 bps, 51.95%, Err 0 (0.0e+00)
399.141 .... 800 packets received, 4118 bps, 51.48%, Err 0 (0.0e+00)
401.352 .... 804 packets received, 4116 bps, 51.45%, Err 0 (0.0e+00)
403.461 .... 812 packets received, 4135 bps, 51.69%, Err 0 (0.0e+00)
405.580 .... 820 packets received, 4154 bps, 51.93%, Err 0 (0.0e+00)
407.686 .... 828 packets received, 4173 bps, 52.16%, Err 0 (0.0e+00)
409.803 .... 836 packets received, 4191 bps, 52.39%, Err 0 (0.0e+00)
411.932 .... 844 packets received, 4209 bps, 52.62%, Err 0 (0.0e+00)
414.059 .... 852 packets received, 4227 bps, 52.84%, Err 0 (0.0e+00)
416.180 .... 860 packets received, 4245 bps, 53.07%, Err 0 (0.0e+00)
418.306 .... 868 packets received, 4263 bps, 53.29%, Err 0 (0.0e+00)
420.417 .... 876 packets received, 4281 bps, 53.51%, Err 0 (0.0e+00)
422.545 .... 884 packets received, 4298 bps, 53.72%, Err 0 (0.0e+00)
424.658 .... 892 packets received, 4315 bps, 53.94%, Err 0 (0.0e+00)
426.778 .... 900 packets received, 4332 bps, 54.15%, Err 0 (0.0e+00)
428.896 .... 908 packets received, 4349 bps, 54.36%, Err 0 (0.0e+00)
431.017 .... 916 packets received, 4366 bps, 54.57%, Err 0 (0.0e+00)
433.141 .... 924 packets received, 4382 bps, 54.78%, Err 0 (0.0e+00)
435.259 .... 932 packets received, 4399 bps, 54.98%, Err 0 (0.0e+00)
437.390 .... 940 packets received, 4415 bps, 55.18%, Err 0 (0.0e+00)
439.502 .... 948 packets received, 4431 bps, 55.38%, Err 0 (0.0e+00)
441.624 .... 956 packets received, 4447 bps, 55.58%, Err 0 (0.0e+00)
443.735 .... 964 packets received, 4462 bps, 55.78%, Err 0 (0.0e+00)
445.861 .... 972 packets received, 4478 bps, 55.97%, Err 0 (0.0e+00)
447.980 .... 980 packets received, 4493 bps, 56.17%, Err 0 (0.0e+00)
450.102 .... 988 packets received, 4509 bps, 56.36%, Err 0 (0.0e+00)
452.223 .... 996 packets received, 4524 bps, 56.55%, Err 0 (0.0e+00)
454.334 .... 1004 packets received, 4539 bps, 56.74%, Err 0 (0.0e+00)
456.475 .... 1012 packets received, 4553 bps, 56.92%, Err 0 (0.0e+00)
458.580 .... 1020 packets received, 4568 bps, 57.10%, Err 0 (0.0e+00)
460.697 .... 1028 packets received, 4583 bps, 57.29%, Err 0 (0.0e+00)
462.820 .... 1036 packets received, 4597 bps, 57.47%, Err 0 (0.0e+00)
464.945 .... 1044 packets received, 4612 bps, 57.65%, Err 0 (0.0e+00)
467.060 .... 1052 packets received, 4626 bps, 57.82%, Err 0 (0.0e+00)
469.170 .... 1060 packets received, 4640 bps, 58.00%, Err 0 (0.0e+00)
471.302 .... 1068 packets received, 4654 bps, 58.17%, Err 0 (0.0e+00)
473.419 .... 1076 packets received, 4668 bps, 58.35%, Err 0 (0.0e+00)
475.549 .... 1084 packets received, 4681 bps, 58.52%, Err 0 (0.0e+00)
477.668 .... 1092 packets received, 4695 bps, 58.69%, Err 0 (0.0e+00)
479.777 .... 1100 packets received, 4708 bps, 58.85%, Err 0 (0.0e+00)
481.907 .... 1108 packets received, 4722 bps, 59.02%, Err 0 (0.0e+00)
484.019 .... 1116 packets received, 4735 bps, 59.19%, Err 0 (0.0e+00)
486.124 .... 1124 packets received, 4748 bps, 59.35%, Err 0 (0.0e+00)
488.263 .... 1132 packets received, 4761 bps, 59.51%, Err 0 (0.0e+00)
490.386 .... 1140 packets received, 4774 bps, 59.67%, Err 0 (0.0e+00)
492.497 .... 1148 packets received, 4787 bps, 59.83%, Err 0 (0.0e+00)
494.622 .... 1156 packets received, 4799 bps, 59.99%, Err 0 (0.0e+00)
496.740 .... 1164 packets received, 4812 bps, 60.15%, Err 0 (0.0e+00)
498.849 .... 1172 packets received, 4824 bps, 60.30%, Err 0 (0.0e+00)
504.457 .... 1179 packets received, 4799 bps, 59.99%, Err 0 (0.0e+00)
508.622 .... 1180 packets received, 4764 bps, 59.55%, Err 0 (0.0e+00)
512.733 .... 1181 packets received, 4729 bps, 59.12%, Err 0 (0.0e+00)
516.896 .... 1182 packets received, 4695 bps, 58.69%, Err 0 (0.0e+00)
520.978 .... 1183 packets received, 4662 bps, 58.28%, Err 0 (0.0e+00)
525.131 .... 1184 packets received, 4629 bps, 57.86%, Err 0 (0.0e+00)
529.204 .... 1185 packets received, 4597 bps, 57.47%, Err 0 (0.0e+00)
533.305 .... 1186 packets received, 4566 bps, 57.07%, Err 0 (0.0e+00)
537.356 .... 1187 packets received, 4535 bps, 56.69%, Err 0 (0.0e+00)
541.458 .... 1188 packets received, 4504 bps, 56.30%, Err 0 (0.0e+00)
545.500 .... 1189 packets received, 4475 bps, 55.93%, Err 0 (0.0e+00)
549.586 .... 1190 packets received, 4445 bps, 55.56%, Err 0 (0.0e+00)
553.659 .... 1191 packets received, 4416 bps, 55.20%, Err 0 (0.0e+00)
557.754 .... 1192 packets received, 4387 bps, 54.84%, Err 0 (0.0e+00)
561.801 .... 1193 packets received, 4359 bps, 54.49%, Err 0 (0.0e+00)
565.840 .... 1194 packets received, 4332 bps, 54.14%, Err 0 (0.0e+00)
569.979 .... 1195 packets received, 4304 bps, 53.80%, Err 0 (0.0e+00)
574.047 .... 1196 packets received, 4277 bps, 53.46%, Err 0 (0.0e+00)
578.273 .... 1197 packets received, 4249 bps, 53.11%, Err 0 (0.0e+00)
582.415 .... 1198 packets received, 4222 bps, 52.78%, Err 0 (0.0e+00)
586.425 .... 1199 packets received, 4197 bps, 52.46%, Err 0 (0.0e+00)
590.529 .... 1200 packets received, 4171 bps, 52.14%, Err 0 (0.0e+00)
594.552 .... 1201 packets received, 4146 bps, 51.83%, Err 0 (0.0e+00)
598.666 .... 1202 packets received, 4121 bps, 51.51%, Err 0 (0.0e+00)
600.817 .... 1204 packets received, 4113 bps, 51.41%, Err 0 (0.0e+00)
602.927 .... 1212 packets received, 4126 bps, 51.57%, Err 0 (0.0e+00)
605.057 .... 1220 packets received, 4138 bps, 51.73%, Err 0 (0.0e+00)
607.179 .... 1228 packets received, 4151 bps, 51.89%, Err 0 (0.0e+00)
609.285 .... 1236 packets received, 4164 bps, 52.04%, Err 0 (0.0e+00)
611.402 .... 1244 packets received, 4176 bps, 52.20%, Err 0 (0.0e+00)
613.513 .... 1252 packets received, 4188 bps, 52.35%, Err 0 (0.0e+00)
615.645 .... 1260 packets received, 4200 bps, 52.51%, Err 0 (0.0e+00)
617.763 .... 1268 packets received, 4213 bps, 52.66%, Err 0 (0.0e+00)
619.881 .... 1276 packets received, 4225 bps, 52.81%, Err 0 (0.0e+00)
622.015 .... 1284 packets received, 4237 bps, 52.96%, Err 0 (0.0e+00)
624.126 .... 1292 packets received, 4248 bps, 53.11%, Err 0 (0.0e+00)
626.240 .... 1300 packets received, 4260 bps, 53.25%, Err 0 (0.0e+00)
628.373 .... 1308 packets received, 4272 bps, 53.40%, Err 0 (0.0e+00)
630.498 .... 1316 packets received, 4284 bps, 53.54%, Err 0 (0.0e+00)
632.599 .... 1324 packets received, 4295 bps, 53.69%, Err 0 (0.0e+00)
634.719 .... 1332 packets received, 4307 bps, 53.83%, Err 0 (0.0e+00)
636.849 .... 1340 packets received, 4318 bps, 53.98%, Err 0 (0.0e+00)
638.978 .... 1348 packets received, 4329 bps, 54.12%, Err 0 (0.0e+00)
641.100 .... 1356 packets received, 4341 bps, 54.26%, Err 0 (0.0e+00)
643.213 .... 1364 packets received, 4352 bps, 54.40%, Err 0 (0.0e+00)
645.322 .... 1372 packets received, 4363 bps, 54.54%, Err 0 (0.0e+00)
647.458 .... 1380 packets received, 4374 bps, 54.67%, Err 0 (0.0e+00)
649.567 .... 1388 packets received, 4385 bps, 54.81%, Err 0 (0.0e+00)
651.693 .... 1396 packets received, 4396 bps, 54.95%, Err 0 (0.0e+00)
653.796 .... 1404 packets received, 4407 bps, 55.09%, Err 0 (0.0e+00)
655.934 .... 1412 packets received, 4417 bps, 55.22%, Err 0 (0.0e+00)
658.046 .... 1420 packets received, 4428 bps, 55.35%, Err 0 (0.0e+00)
660.169 .... 1428 packets received, 4439 bps, 55.48%, Err 0 (0.0e+00)
662.293 .... 1436 packets received, 4449 bps, 55.62%, Err 0 (0.0e+00)
664.417 .... 1444 packets received, 4460 bps, 55.75%, Err 0 (0.0e+00)
666.522 .... 1452 packets received, 4470 bps, 55.88%, Err 0 (0.0e+00)
668.648 .... 1460 packets received, 4481 bps, 56.01%, Err 0 (0.0e+00)
670.760 .... 1468 packets received, 4491 bps, 56.14%, Err 0 (0.0e+00)
672.896 .... 1476 packets received, 4501 bps, 56.26%, Err 0 (0.0e+00)
675.012 .... 1484 packets received, 4511 bps, 56.39%, Err 0 (0.0e+00)
677.127 .... 1492 packets received, 4521 bps, 56.52%, Err 0 (0.0e+00)
679.253 .... 1500 packets received, 4531 bps, 56.64%, Err 0 (0.0e+00)
681.368 .... 1508 packets received, 4541 bps, 56.77%, Err 0 (0.0e+00)
683.474 .... 1516 packets received, 4551 bps, 56.89%, Err 0 (0.0e+00)
685.609 .... 1524 packets received, 4561 bps, 57.01%, Err 0 (0.0e+00)
687.716 .... 1532 packets received, 4571 bps, 57.14%, Err 0 (0.0e+00)
689.849 .... 1540 packets received, 4581 bps, 57.26%, Err 0 (0.0e+00)
691.965 .... 1548 packets received, 4590 bps, 57.38%, Err 0 (0.0e+00)
694.078 .... 1556 packets received, 4600 bps, 57.50%, Err 0 (0.0e+00)
696.210 .... 1564 packets received, 4609 bps, 57.62%, Err 0 (0.0e+00)
698.328 .... 1572 packets received, 4619 bps, 57.74%, Err 0 (0.0e+00)
700.030 Quit.
