000.000 =============================================================
000.000                     Station B                               
000.000 -------------------------------------------------------------
000.000 Protocol.lib, version 4.0, jiangyanjun0718@bupt.edu.cn
000.000 Channel: 8000 bps, 270 ms propagation delay, bit error rate 0
000.000 Log file "uB.log", TCP port 30012, debug mask 0x00
000.000 Station B is connecting station A (TCP port 30012) ... Done.
000.469 New epoch: Wed May  8 20:24:35 2019
000.469 =================================================================
000.469 
000.469 Designed by CJSoft, build: May  8 2019  20:24:30
002.877 .... 8 packets received, 7645 bps, 95.57%, Err 0 (0.0e+00)
004.999 .... 16 packets received, 7683 bps, 96.04%, Err 0 (0.0e+00)
007.103 .... 24 packets received, 7717 bps, 96.47%, Err 0 (0.0e+00)
009.219 .... 32 packets received, 7724 bps, 96.55%, Err 0 (0.0e+00)
011.352 .... 40 packets received, 7715 bps, 96.44%, Err 0 (0.0e+00)
013.463 .... 48 packets received, 7723 bps, 96.54%, Err 0 (0.0e+00)
015.588 .... 56 packets received, 7721 bps, 96.51%, Err 0 (0.0e+00)
017.714 .... 64 packets received, 7719 bps, 96.49%, Err 0 (0.0e+00)
019.828 .... 72 packets received, 7723 bps, 96.53%, Err 0 (0.0e+00)
021.963 .... 80 packets received, 7718 bps, 96.47%, Err 0 (0.0e+00)
024.079 .... 88 packets received, 7720 bps, 96.50%, Err 0 (0.0e+00)
026.196 .... 96 packets received, 7722 bps, 96.52%, Err 0 (0.0e+00)
028.307 .... 104 packets received, 7725 bps, 96.56%, Err 0 (0.0e+00)
030.434 .... 112 packets received, 7723 bps, 96.54%, Err 0 (0.0e+00)
032.556 .... 120 packets received, 7723 bps, 96.54%, Err 0 (0.0e+00)
034.485 ** WARNING: System too busy, sleep 15 ms, but be awakened 109 ms later
034.649 .... 127 packets received, 7669 bps, 95.86%, Err 0 (0.0e+00)
036.789 .... 136 packets received, 7725 bps, 96.56%, Err 0 (0.0e+00)
038.922 .... 144 packets received, 7723 bps, 96.53%, Err 0 (0.0e+00)
041.049 .... 152 packets received, 7722 bps, 96.52%, Err 0 (0.0e+00)
043.143 .... 160 packets received, 7727 bps, 96.58%, Err 0 (0.0e+00)
045.286 .... 168 packets received, 7723 bps, 96.53%, Err 0 (0.0e+00)
047.410 .... 176 packets received, 7722 bps, 96.53%, Err 0 (0.0e+00)
049.516 .... 184 packets received, 7725 bps, 96.56%, Err 0 (0.0e+00)
051.640 .... 192 packets received, 7724 bps, 96.55%, Err 0 (0.0e+00)
053.755 .... 200 packets received, 7725 bps, 96.57%, Err 0 (0.0e+00)
055.895 .... 208 packets received, 7723 bps, 96.53%, Err 0 (0.0e+00)
058.002 .... 216 packets received, 7725 bps, 96.56%, Err 0 (0.0e+00)
060.133 .... 224 packets received, 7723 bps, 96.54%, Err 0 (0.0e+00)
062.246 .... 232 packets received, 7724 bps, 96.55%, Err 0 (0.0e+00)
064.344 .... 240 packets received, 7727 bps, 96.59%, Err 0 (0.0e+00)
066.476 .... 248 packets received, 7726 bps, 96.57%, Err 0 (0.0e+00)
068.600 .... 256 packets received, 7725 bps, 96.57%, Err 0 (0.0e+00)
070.721 .... 264 packets received, 7725 bps, 96.57%, Err 0 (0.0e+00)
072.838 .... 272 packets received, 7726 bps, 96.57%, Err 0 (0.0e+00)
074.950 .... 280 packets received, 7727 bps, 96.58%, Err 0 (0.0e+00)
077.084 .... 288 packets received, 7725 bps, 96.57%, Err 0 (0.0e+00)
079.212 .... 296 packets received, 7725 bps, 96.56%, Err 0 (0.0e+00)
081.312 .... 304 packets received, 7727 bps, 96.58%, Err 0 (0.0e+00)
083.457 .... 312 packets received, 7724 bps, 96.55%, Err 0 (0.0e+00)
085.557 .... 320 packets received, 7726 bps, 96.58%, Err 0 (0.0e+00)
087.689 .... 328 packets received, 7725 bps, 96.56%, Err 0 (0.0e+00)
089.794 .... 336 packets received, 7727 bps, 96.58%, Err 0 (0.0e+00)
091.908 .... 344 packets received, 7727 bps, 96.59%, Err 0 (0.0e+00)
094.031 .... 352 packets received, 7727 bps, 96.59%, Err 0 (0.0e+00)
096.164 .... 360 packets received, 7726 bps, 96.57%, Err 0 (0.0e+00)
098.270 .... 368 packets received, 7727 bps, 96.59%, Err 0 (0.0e+00)
100.392 .... 376 packets received, 7727 bps, 96.59%, Err 0 (0.0e+00)
102.511 .... 384 packets received, 7727 bps, 96.59%, Err 0 (0.0e+00)
104.642 .... 392 packets received, 7726 bps, 96.58%, Err 0 (0.0e+00)
106.762 .... 400 packets received, 7726 bps, 96.58%, Err 0 (0.0e+00)
108.877 .... 408 packets received, 7727 bps, 96.58%, Err 0 (0.0e+00)
110.993 .... 416 packets received, 7727 bps, 96.59%, Err 0 (0.0e+00)
113.108 .... 424 packets received, 7727 bps, 96.59%, Err 0 (0.0e+00)
115.255 .... 432 packets received, 7726 bps, 96.57%, Err 0 (0.0e+00)
117.353 .... 440 packets received, 7727 bps, 96.59%, Err 0 (0.0e+00)
119.472 .... 448 packets received, 7727 bps, 96.59%, Err 0 (0.0e+00)
121.605 .... 456 packets received, 7726 bps, 96.58%, Err 0 (0.0e+00)
123.730 .... 464 packets received, 7726 bps, 96.58%, Err 0 (0.0e+00)
125.847 .... 472 packets received, 7726 bps, 96.58%, Err 0 (0.0e+00)
127.953 .... 480 packets received, 7727 bps, 96.59%, Err 0 (0.0e+00)
130.107 .... 488 packets received, 7725 bps, 96.56%, Err 0 (0.0e+00)
132.218 .... 496 packets received, 7726 bps, 96.57%, Err 0 (0.0e+00)
134.399 .... 504 packets received, 7722 bps, 96.53%, Err 0 (0.0e+00)
136.448 .... 512 packets received, 7726 bps, 96.58%, Err 0 (0.0e+00)
138.572 .... 520 packets received, 7726 bps, 96.58%, Err 0 (0.0e+00)
140.689 .... 528 packets received, 7726 bps, 96.58%, Err 0 (0.0e+00)
142.809 .... 536 packets received, 7726 bps, 96.58%, Err 0 (0.0e+00)
144.929 .... 544 packets received, 7726 bps, 96.58%, Err 0 (0.0e+00)
147.030 .... 552 packets received, 7727 bps, 96.59%, Err 0 (0.0e+00)
149.160 .... 560 packets received, 7727 bps, 96.59%, Err 0 (0.0e+00)
151.291 .... 568 packets received, 7726 bps, 96.58%, Err 0 (0.0e+00)
153.406 .... 576 packets received, 7727 bps, 96.58%, Err 0 (0.0e+00)
155.521 .... 584 packets received, 7727 bps, 96.59%, Err 0 (0.0e+00)
157.642 .... 592 packets received, 7727 bps, 96.59%, Err 0 (0.0e+00)
159.756 .... 600 packets received, 7727 bps, 96.59%, Err 0 (0.0e+00)
161.865 .... 608 packets received, 7728 bps, 96.60%, Err 0 (0.0e+00)
163.997 .... 616 packets received, 7727 bps, 96.59%, Err 0 (0.0e+00)
166.128 .... 624 packets received, 7727 bps, 96.58%, Err 0 (0.0e+00)
168.239 .... 632 packets received, 7727 bps, 96.59%, Err 0 (0.0e+00)
170.361 .... 640 packets received, 7727 bps, 96.59%, Err 0 (0.0e+00)
172.492 .... 648 packets received, 7727 bps, 96.58%, Err 0 (0.0e+00)
174.599 .... 656 packets received, 7727 bps, 96.59%, Err 0 (0.0e+00)
176.703 .... 664 packets received, 7728 bps, 96.60%, Err 0 (0.0e+00)
178.834 .... 672 packets received, 7727 bps, 96.59%, Err 0 (0.0e+00)
180.948 .... 680 packets received, 7728 bps, 96.60%, Err 0 (0.0e+00)
183.092 .... 688 packets received, 7727 bps, 96.58%, Err 0 (0.0e+00)
185.195 .... 696 packets received, 7727 bps, 96.59%, Err 0 (0.0e+00)
187.332 .... 704 packets received, 7727 bps, 96.58%, Err 0 (0.0e+00)
189.443 .... 712 packets received, 7727 bps, 96.59%, Err 0 (0.0e+00)
191.559 .... 720 packets received, 7727 bps, 96.59%, Err 0 (0.0e+00)
193.689 .... 728 packets received, 7727 bps, 96.59%, Err 0 (0.0e+00)
195.804 .... 736 packets received, 7727 bps, 96.59%, Err 0 (0.0e+00)
197.920 .... 744 packets received, 7727 bps, 96.59%, Err 0 (0.0e+00)
200.030 .... 752 packets received, 7728 bps, 96.60%, Err 0 (0.0e+00)
202.160 .... 760 packets received, 7727 bps, 96.59%, Err 0 (0.0e+00)
204.304 .... 768 packets received, 7726 bps, 96.58%, Err 0 (0.0e+00)
206.422 .... 776 packets received, 7726 bps, 96.58%, Err 0 (0.0e+00)
208.529 .... 784 packets received, 7727 bps, 96.59%, Err 0 (0.0e+00)
210.654 .... 792 packets received, 7727 bps, 96.59%, Err 0 (0.0e+00)
212.789 .... 800 packets received, 7726 bps, 96.58%, Err 0 (0.0e+00)
214.905 .... 808 packets received, 7726 bps, 96.58%, Err 0 (0.0e+00)
217.022 .... 816 packets received, 7727 bps, 96.58%, Err 0 (0.0e+00)
219.142 .... 824 packets received, 7727 bps, 96.58%, Err 0 (0.0e+00)
221.250 .... 832 packets received, 7727 bps, 96.59%, Err 0 (0.0e+00)
223.365 .... 840 packets received, 7727 bps, 96.59%, Err 0 (0.0e+00)
225.506 .... 848 packets received, 7727 bps, 96.58%, Err 0 (0.0e+00)
227.620 .... 856 packets received, 7727 bps, 96.58%, Err 0 (0.0e+00)
229.742 .... 864 packets received, 7727 bps, 96.58%, Err 0 (0.0e+00)
231.865 .... 872 packets received, 7727 bps, 96.58%, Err 0 (0.0e+00)
233.979 .... 880 packets received, 7727 bps, 96.59%, Err 0 (0.0e+00)
236.092 .... 888 packets received, 7727 bps, 96.59%, Err 0 (0.0e+00)
238.212 .... 896 packets received, 7727 bps, 96.59%, Err 0 (0.0e+00)
240.345 .... 904 packets received, 7727 bps, 96.58%, Err 0 (0.0e+00)
242.452 .... 912 packets received, 7727 bps, 96.59%, Err 0 (0.0e+00)
244.591 .... 920 packets received, 7726 bps, 96.58%, Err 0 (0.0e+00)
246.711 .... 928 packets received, 7727 bps, 96.58%, Err 0 (0.0e+00)
248.844 .... 936 packets received, 7726 bps, 96.58%, Err 0 (0.0e+00)
250.959 .... 944 packets received, 7726 bps, 96.58%, Err 0 (0.0e+00)
253.054 .... 952 packets received, 7727 bps, 96.59%, Err 0 (0.0e+00)
255.183 .... 960 packets received, 7727 bps, 96.59%, Err 0 (0.0e+00)
257.303 .... 968 packets received, 7727 bps, 96.59%, Err 0 (0.0e+00)
259.439 .... 976 packets received, 7726 bps, 96.58%, Err 0 (0.0e+00)
261.552 .... 984 packets received, 7727 bps, 96.58%, Err 0 (0.0e+00)
263.672 .... 992 packets received, 7727 bps, 96.58%, Err 0 (0.0e+00)
265.803 .... 1000 packets received, 7726 bps, 96.58%, Err 0 (0.0e+00)
267.911 .... 1008 packets received, 7727 bps, 96.58%, Err 0 (0.0e+00)
270.011 .... 1016 packets received, 7727 bps, 96.59%, Err 0 (0.0e+00)
272.144 .... 1024 packets received, 7727 bps, 96.59%, Err 0 (0.0e+00)
274.272 .... 1032 packets received, 7727 bps, 96.58%, Err 0 (0.0e+00)
276.390 .... 1040 packets received, 7727 bps, 96.58%, Err 0 (0.0e+00)
278.510 .... 1048 packets received, 7727 bps, 96.58%, Err 0 (0.0e+00)
280.634 .... 1056 packets received, 7727 bps, 96.58%, Err 0 (0.0e+00)
282.758 .... 1064 packets received, 7727 bps, 96.58%, Err 0 (0.0e+00)
284.873 .... 1072 packets received, 7727 bps, 96.58%, Err 0 (0.0e+00)
286.980 .... 1080 packets received, 7727 bps, 96.59%, Err 0 (0.0e+00)
289.110 .... 1088 packets received, 7727 bps, 96.59%, Err 0 (0.0e+00)
291.239 .... 1096 packets received, 7727 bps, 96.58%, Err 0 (0.0e+00)
293.357 .... 1104 packets received, 7727 bps, 96.58%, Err 0 (0.0e+00)
295.458 .... 1112 packets received, 7727 bps, 96.59%, Err 0 (0.0e+00)
297.573 .... 1120 packets received, 7727 bps, 96.59%, Err 0 (0.0e+00)
299.710 .... 1128 packets received, 7727 bps, 96.59%, Err 0 (0.0e+00)
301.837 .... 1136 packets received, 7727 bps, 96.58%, Err 0 (0.0e+00)
303.949 .... 1144 packets received, 7727 bps, 96.59%, Err 0 (0.0e+00)
306.063 .... 1152 packets received, 7727 bps, 96.59%, Err 0 (0.0e+00)
308.191 .... 1160 packets received, 7727 bps, 96.59%, Err 0 (0.0e+00)
310.290 .... 1168 packets received, 7727 bps, 96.59%, Err 0 (0.0e+00)
312.421 .... 1176 packets received, 7727 bps, 96.59%, Err 0 (0.0e+00)
314.552 .... 1184 packets received, 7727 bps, 96.59%, Err 0 (0.0e+00)
316.677 .... 1192 packets received, 7727 bps, 96.58%, Err 0 (0.0e+00)
318.795 .... 1200 packets received, 7727 bps, 96.59%, Err 0 (0.0e+00)
320.917 .... 1208 packets received, 7727 bps, 96.58%, Err 0 (0.0e+00)
323.029 .... 1216 packets received, 7727 bps, 96.59%, Err 0 (0.0e+00)
325.137 .... 1224 packets received, 7727 bps, 96.59%, Err 0 (0.0e+00)
327.271 .... 1232 packets received, 7727 bps, 96.59%, Err 0 (0.0e+00)
329.383 .... 1240 packets received, 7727 bps, 96.59%, Err 0 (0.0e+00)
331.515 .... 1248 packets received, 7727 bps, 96.59%, Err 0 (0.0e+00)
333.627 .... 1256 packets received, 7727 bps, 96.59%, Err 0 (0.0e+00)
335.741 .... 1264 packets received, 7727 bps, 96.59%, Err 0 (0.0e+00)
337.858 .... 1272 packets received, 7727 bps, 96.59%, Err 0 (0.0e+00)
339.991 .... 1280 packets received, 7727 bps, 96.59%, Err 0 (0.0e+00)
342.105 .... 1288 packets received, 7727 bps, 96.59%, Err 0 (0.0e+00)
344.222 .... 1296 packets received, 7727 bps, 96.59%, Err 0 (0.0e+00)
346.349 .... 1304 packets received, 7727 bps, 96.59%, Err 0 (0.0e+00)
348.466 .... 1312 packets received, 7727 bps, 96.59%, Err 0 (0.0e+00)
350.584 .... 1320 packets received, 7727 bps, 96.59%, Err 0 (0.0e+00)
352.709 .... 1328 packets received, 7727 bps, 96.59%, Err 0 (0.0e+00)
354.830 .... 1336 packets received, 7727 bps, 96.59%, Err 0 (0.0e+00)
356.958 .... 1344 packets received, 7727 bps, 96.59%, Err 0 (0.0e+00)
359.079 .... 1352 packets received, 7727 bps, 96.59%, Err 0 (0.0e+00)
361.186 .... 1360 packets received, 7727 bps, 96.59%, Err 0 (0.0e+00)
363.306 .... 1368 packets received, 7727 bps, 96.59%, Err 0 (0.0e+00)
365.427 .... 1376 packets received, 7727 bps, 96.59%, Err 0 (0.0e+00)
367.544 .... 1384 packets received, 7727 bps, 96.59%, Err 0 (0.0e+00)
369.665 .... 1392 packets received, 7727 bps, 96.59%, Err 0 (0.0e+00)
371.775 .... 1400 packets received, 7727 bps, 96.59%, Err 0 (0.0e+00)
373.923 .... 1408 packets received, 7727 bps, 96.59%, Err 0 (0.0e+00)
376.021 .... 1416 packets received, 7727 bps, 96.59%, Err 0 (0.0e+00)
378.146 .... 1424 packets received, 7727 bps, 96.59%, Err 0 (0.0e+00)
380.273 .... 1432 packets received, 7727 bps, 96.59%, Err 0 (0.0e+00)
382.381 .... 1440 packets received, 7727 bps, 96.59%, Err 0 (0.0e+00)
384.513 .... 1448 packets received, 7727 bps, 96.59%, Err 0 (0.0e+00)
386.618 .... 1456 packets received, 7727 bps, 96.59%, Err 0 (0.0e+00)
388.745 .... 1464 packets received, 7727 bps, 96.59%, Err 0 (0.0e+00)
390.871 .... 1472 packets received, 7727 bps, 96.59%, Err 0 (0.0e+00)
393.001 .... 1480 packets received, 7727 bps, 96.59%, Err 0 (0.0e+00)
395.100 .... 1488 packets received, 7727 bps, 96.59%, Err 0 (0.0e+00)
397.232 .... 1496 packets received, 7727 bps, 96.59%, Err 0 (0.0e+00)
399.347 .... 1504 packets received, 7727 bps, 96.59%, Err 0 (0.0e+00)
401.465 .... 1512 packets received, 7727 bps, 96.59%, Err 0 (0.0e+00)
403.602 .... 1520 packets received, 7727 bps, 96.59%, Err 0 (0.0e+00)
405.723 .... 1528 packets received, 7727 bps, 96.59%, Err 0 (0.0e+00)
407.827 .... 1536 packets received, 7727 bps, 96.59%, Err 0 (0.0e+00)
409.959 .... 1544 packets received, 7727 bps, 96.59%, Err 0 (0.0e+00)
412.071 .... 1552 packets received, 7727 bps, 96.59%, Err 0 (0.0e+00)
414.190 .... 1560 packets received, 7727 bps, 96.59%, Err 0 (0.0e+00)
416.293 .... 1568 packets received, 7728 bps, 96.59%, Err 0 (0.0e+00)
418.426 .... 1576 packets received, 7727 bps, 96.59%, Err 0 (0.0e+00)
420.545 .... 1584 packets received, 7727 bps, 96.59%, Err 0 (0.0e+00)
422.666 .... 1592 packets received, 7727 bps, 96.59%, Err 0 (0.0e+00)
424.793 .... 1600 packets received, 7727 bps, 96.59%, Err 0 (0.0e+00)
426.913 .... 1608 packets received, 7727 bps, 96.59%, Err 0 (0.0e+00)
429.031 .... 1616 packets received, 7727 bps, 96.59%, Err 0 (0.0e+00)
431.145 .... 1624 packets received, 7727 bps, 96.59%, Err 0 (0.0e+00)
433.268 .... 1632 packets received, 7727 bps, 96.59%, Err 0 (0.0e+00)
435.379 .... 1640 packets received, 7728 bps, 96.59%, Err 0 (0.0e+00)
437.502 .... 1648 packets received, 7727 bps, 96.59%, Err 0 (0.0e+00)
439.619 .... 1656 packets received, 7728 bps, 96.59%, Err 0 (0.0e+00)
441.740 .... 1664 packets received, 7727 bps, 96.59%, Err 0 (0.0e+00)
443.860 .... 1672 packets received, 7727 bps, 96.59%, Err 0 (0.0e+00)
445.983 .... 1680 packets received, 7727 bps, 96.59%, Err 0 (0.0e+00)
448.100 .... 1688 packets received, 7728 bps, 96.59%, Err 0 (0.0e+00)
450.235 .... 1696 packets received, 7727 bps, 96.59%, Err 0 (0.0e+00)
452.333 .... 1704 packets received, 7728 bps, 96.60%, Err 0 (0.0e+00)
454.476 .... 1712 packets received, 7727 bps, 96.59%, Err 0 (0.0e+00)
456.587 .... 1720 packets received, 7727 bps, 96.59%, Err 0 (0.0e+00)
458.717 .... 1728 packets received, 7727 bps, 96.59%, Err 0 (0.0e+00)
460.835 .... 1736 packets received, 7727 bps, 96.59%, Err 0 (0.0e+00)
462.961 .... 1744 packets received, 7727 bps, 96.59%, Err 0 (0.0e+00)
465.060 .... 1752 packets received, 7728 bps, 96.59%, Err 0 (0.0e+00)
467.188 .... 1760 packets received, 7727 bps, 96.59%, Err 0 (0.0e+00)
469.311 .... 1768 packets received, 7727 bps, 96.59%, Err 0 (0.0e+00)
471.426 .... 1776 packets received, 7727 bps, 96.59%, Err 0 (0.0e+00)
473.556 .... 1784 packets received, 7727 bps, 96.59%, Err 0 (0.0e+00)
475.669 .... 1792 packets received, 7727 bps, 96.59%, Err 0 (0.0e+00)
477.802 .... 1800 packets received, 7727 bps, 96.59%, Err 0 (0.0e+00)
479.909 .... 1808 packets received, 7727 bps, 96.59%, Err 0 (0.0e+00)
482.018 .... 1816 packets received, 7728 bps, 96.59%, Err 0 (0.0e+00)
484.163 .... 1824 packets received, 7727 bps, 96.59%, Err 0 (0.0e+00)
486.278 .... 1832 packets received, 7727 bps, 96.59%, Err 0 (0.0e+00)
488.374 .... 1840 packets received, 7728 bps, 96.60%, Err 0 (0.0e+00)
490.502 .... 1848 packets received, 7728 bps, 96.59%, Err 0 (0.0e+00)
492.635 .... 1856 packets received, 7727 bps, 96.59%, Err 0 (0.0e+00)
494.738 .... 1864 packets received, 7728 bps, 96.60%, Err 0 (0.0e+00)
496.851 .... 1872 packets received, 7728 bps, 96.60%, Err 0 (0.0e+00)
498.987 .... 1880 packets received, 7727 bps, 96.59%, Err 0 (0.0e+00)
501.109 .... 1888 packets received, 7727 bps, 96.59%, Err 0 (0.0e+00)
503.225 .... 1896 packets received, 7728 bps, 96.59%, Err 0 (0.0e+00)
505.341 .... 1904 packets received, 7728 bps, 96.59%, Err 0 (0.0e+00)
507.459 .... 1912 packets received, 7728 bps, 96.60%, Err 0 (0.0e+00)
509.601 .... 1920 packets received, 7727 bps, 96.59%, Err 0 (0.0e+00)
511.700 .... 1928 packets received, 7728 bps, 96.60%, Err 0 (0.0e+00)
513.846 .... 1936 packets received, 7727 bps, 96.59%, Err 0 (0.0e+00)
515.949 .... 1944 packets received, 7727 bps, 96.59%, Err 0 (0.0e+00)
518.069 .... 1952 packets received, 7727 bps, 96.59%, Err 0 (0.0e+00)
520.190 .... 1960 packets received, 7727 bps, 96.59%, Err 0 (0.0e+00)
522.310 .... 1968 packets received, 7727 bps, 96.59%, Err 0 (0.0e+00)
524.417 .... 1976 packets received, 7728 bps, 96.60%, Err 0 (0.0e+00)
526.537 .... 1984 packets received, 7728 bps, 96.60%, Err 0 (0.0e+00)
528.659 .... 1992 packets received, 7728 bps, 96.60%, Err 0 (0.0e+00)
530.772 .... 2000 packets received, 7728 bps, 96.60%, Err 0 (0.0e+00)
532.905 .... 2008 packets received, 7728 bps, 96.59%, Err 0 (0.0e+00)
535.017 .... 2016 packets received, 7728 bps, 96.60%, Err 0 (0.0e+00)
537.144 .... 2024 packets received, 7728 bps, 96.59%, Err 0 (0.0e+00)
539.285 .... 2032 packets received, 7727 bps, 96.59%, Err 0 (0.0e+00)
541.391 .... 2040 packets received, 7727 bps, 96.59%, Err 0 (0.0e+00)
543.505 .... 2048 packets received, 7728 bps, 96.59%, Err 0 (0.0e+00)
545.617 .... 2056 packets received, 7728 bps, 96.60%, Err 0 (0.0e+00)
547.745 .... 2064 packets received, 7728 bps, 96.59%, Err 0 (0.0e+00)
549.858 .... 2072 packets received, 7728 bps, 96.60%, Err 0 (0.0e+00)
551.986 .... 2080 packets received, 7728 bps, 96.59%, Err 0 (0.0e+00)
554.102 .... 2088 packets received, 7728 bps, 96.60%, Err 0 (0.0e+00)
556.221 .... 2096 packets received, 7728 bps, 96.60%, Err 0 (0.0e+00)
558.352 .... 2104 packets received, 7727 bps, 96.59%, Err 0 (0.0e+00)
560.468 .... 2112 packets received, 7728 bps, 96.59%, Err 0 (0.0e+00)
562.592 .... 2120 packets received, 7728 bps, 96.59%, Err 0 (0.0e+00)
564.693 .... 2128 packets received, 7728 bps, 96.60%, Err 0 (0.0e+00)
566.827 .... 2136 packets received, 7728 bps, 96.59%, Err 0 (0.0e+00)
568.958 .... 2144 packets received, 7727 bps, 96.59%, Err 0 (0.0e+00)
571.060 .... 2152 packets received, 7728 bps, 96.60%, Err 0 (0.0e+00)
573.197 .... 2160 packets received, 7727 bps, 96.59%, Err 0 (0.0e+00)
575.314 .... 2168 packets received, 7727 bps, 96.59%, Err 0 (0.0e+00)
577.427 .... 2176 packets received, 7728 bps, 96.59%, Err 0 (0.0e+00)
579.545 .... 2184 packets received, 7728 bps, 96.60%, Err 0 (0.0e+00)
581.671 .... 2192 packets received, 7728 bps, 96.59%, Err 0 (0.0e+00)
583.792 .... 2200 packets received, 7728 bps, 96.59%, Err 0 (0.0e+00)
585.911 .... 2208 packets received, 7728 bps, 96.59%, Err 0 (0.0e+00)
588.033 .... 2216 packets received, 7728 bps, 96.59%, Err 0 (0.0e+00)
590.155 .... 2224 packets received, 7728 bps, 96.59%, Err 0 (0.0e+00)
592.273 .... 2232 packets received, 7728 bps, 96.59%, Err 0 (0.0e+00)
594.393 .... 2240 packets received, 7728 bps, 96.59%, Err 0 (0.0e+00)
596.510 .... 2248 packets received, 7728 bps, 96.59%, Err 0 (0.0e+00)
598.652 .... 2256 packets received, 7727 bps, 96.59%, Err 0 (0.0e+00)
600.756 .... 2264 packets received, 7728 bps, 96.59%, Err 0 (0.0e+00)
602.869 .... 2272 packets received, 7728 bps, 96.59%, Err 0 (0.0e+00)
604.996 .... 2280 packets received, 7728 bps, 96.59%, Err 0 (0.0e+00)
607.105 .... 2288 packets received, 7728 bps, 96.60%, Err 0 (0.0e+00)
609.224 .... 2296 packets received, 7728 bps, 96.60%, Err 0 (0.0e+00)
611.370 .... 2304 packets received, 7727 bps, 96.59%, Err 0 (0.0e+00)
613.480 .... 2312 packets received, 7727 bps, 96.59%, Err 0 (0.0e+00)
615.597 .... 2320 packets received, 7728 bps, 96.59%, Err 0 (0.0e+00)
617.712 .... 2328 packets received, 7728 bps, 96.59%, Err 0 (0.0e+00)
619.833 .... 2336 packets received, 7728 bps, 96.59%, Err 0 (0.0e+00)
621.939 .... 2344 packets received, 7728 bps, 96.60%, Err 0 (0.0e+00)
624.074 .... 2352 packets received, 7728 bps, 96.59%, Err 0 (0.0e+00)
626.208 .... 2360 packets received, 7727 bps, 96.59%, Err 0 (0.0e+00)
628.313 .... 2368 packets received, 7728 bps, 96.59%, Err 0 (0.0e+00)
630.434 .... 2376 packets received, 7728 bps, 96.59%, Err 0 (0.0e+00)
632.564 .... 2384 packets received, 7727 bps, 96.59%, Err 0 (0.0e+00)
634.685 .... 2392 packets received, 7727 bps, 96.59%, Err 0 (0.0e+00)
636.800 .... 2400 packets received, 7727 bps, 96.59%, Err 0 (0.0e+00)
638.900 .... 2408 packets received, 7728 bps, 96.60%, Err 0 (0.0e+00)
641.021 .... 2416 packets received, 7728 bps, 96.60%, Err 0 (0.0e+00)
643.158 .... 2424 packets received, 7728 bps, 96.59%, Err 0 (0.0e+00)
645.268 .... 2432 packets received, 7728 bps, 96.60%, Err 0 (0.0e+00)
647.395 .... 2440 packets received, 7728 bps, 96.59%, Err 0 (0.0e+00)
649.518 .... 2448 packets received, 7728 bps, 96.59%, Err 0 (0.0e+00)
651.645 .... 2456 packets received, 7727 bps, 96.59%, Err 0 (0.0e+00)
653.765 .... 2464 packets received, 7727 bps, 96.59%, Err 0 (0.0e+00)
655.875 .... 2472 packets received, 7728 bps, 96.59%, Err 0 (0.0e+00)
657.988 .... 2480 packets received, 7728 bps, 96.60%, Err 0 (0.0e+00)
660.113 .... 2488 packets received, 7728 bps, 96.60%, Err 0 (0.0e+00)
662.236 .... 2496 packets received, 7728 bps, 96.59%, Err 0 (0.0e+00)
664.357 .... 2504 packets received, 7728 bps, 96.59%, Err 0 (0.0e+00)
666.475 .... 2512 packets received, 7728 bps, 96.59%, Err 0 (0.0e+00)
668.594 .... 2520 packets received, 7728 bps, 96.60%, Err 0 (0.0e+00)
670.696 .... 2528 packets received, 7728 bps, 96.60%, Err 0 (0.0e+00)
672.818 .... 2536 packets received, 7728 bps, 96.60%, Err 0 (0.0e+00)
674.953 .... 2544 packets received, 7728 bps, 96.60%, Err 0 (0.0e+00)
677.074 .... 2552 packets received, 7728 bps, 96.60%, Err 0 (0.0e+00)
679.198 .... 2560 packets received, 7728 bps, 96.59%, Err 0 (0.0e+00)
681.314 .... 2568 packets received, 7728 bps, 96.60%, Err 0 (0.0e+00)
683.439 .... 2576 packets received, 7728 bps, 96.59%, Err 0 (0.0e+00)
685.546 .... 2584 packets received, 7728 bps, 96.60%, Err 0 (0.0e+00)
687.682 .... 2592 packets received, 7728 bps, 96.59%, Err 0 (0.0e+00)
689.793 .... 2600 packets received, 7728 bps, 96.60%, Err 0 (0.0e+00)
691.907 .... 2608 packets received, 7728 bps, 96.60%, Err 0 (0.0e+00)
694.046 .... 2616 packets received, 7727 bps, 96.59%, Err 0 (0.0e+00)
696.163 .... 2624 packets received, 7728 bps, 96.59%, Err 0 (0.0e+00)
698.265 .... 2632 packets received, 7728 bps, 96.60%, Err 0 (0.0e+00)
700.032 Quit.
