000.000 =============================================================
000.000                     Station A                               
000.000 -------------------------------------------------------------
000.000 Protocol.lib, version 4.0, jiangyanjun0718@bupt.edu.cn
000.000 Channel: 8000 bps, 270 ms propagation delay, bit error rate 0
000.000 Log file "ufA.log", TCP port 30013, debug mask 0x00
000.000 Station A is waiting for station B on TCP port 30013 ... Done.
000.481 New epoch: Wed May  8 20:24:35 2019
000.481 =================================================================
000.481 
000.481 Designed by CJSoft, build: May  8 2019  20:24:30
002.927 .... 8 packets received, 7568 bps, 94.60%, Err 0 (0.0e+00)
005.051 .... 16 packets received, 7640 bps, 95.50%, Err 0 (0.0e+00)
007.167 .... 24 packets received, 7674 bps, 95.93%, Err 0 (0.0e+00)
009.286 .... 32 packets received, 7688 bps, 96.11%, Err 0 (0.0e+00)
011.416 .... 40 packets received, 7689 bps, 96.11%, Err 0 (0.0e+00)
013.541 .... 48 packets received, 7693 bps, 96.16%, Err 0 (0.0e+00)
015.658 .... 56 packets received, 7699 bps, 96.24%, Err 0 (0.0e+00)
017.783 .... 64 packets received, 7701 bps, 96.26%, Err 0 (0.0e+00)
019.902 .... 72 packets received, 7704 bps, 96.30%, Err 0 (0.0e+00)
022.023 .... 80 packets received, 7706 bps, 96.33%, Err 0 (0.0e+00)
024.142 .... 88 packets received, 7708 bps, 96.36%, Err 0 (0.0e+00)
026.258 .... 96 packets received, 7711 bps, 96.39%, Err 0 (0.0e+00)
028.386 .... 104 packets received, 7710 bps, 96.38%, Err 0 (0.0e+00)
030.496 .... 112 packets received, 7714 bps, 96.43%, Err 0 (0.0e+00)
032.619 .... 120 packets received, 7714 bps, 96.43%, Err 0 (0.0e+00)
034.484 ** WARNING: System too busy, sleep 15 ms, but be awakened 108 ms later
034.754 .... 127 packets received, 7652 bps, 95.65%, Err 0 (0.0e+00)
036.869 .... 136 packets received, 7714 bps, 96.42%, Err 0 (0.0e+00)
038.987 .... 144 packets received, 7715 bps, 96.44%, Err 0 (0.0e+00)
041.112 .... 152 packets received, 7715 bps, 96.44%, Err 0 (0.0e+00)
043.222 .... 160 packets received, 7717 bps, 96.47%, Err 0 (0.0e+00)
045.348 .... 168 packets received, 7717 bps, 96.46%, Err 0 (0.0e+00)
047.458 .... 176 packets received, 7719 bps, 96.49%, Err 0 (0.0e+00)
049.575 .... 184 packets received, 7720 bps, 96.50%, Err 0 (0.0e+00)
051.700 .... 192 packets received, 7720 bps, 96.49%, Err 0 (0.0e+00)
053.816 .... 200 packets received, 7720 bps, 96.51%, Err 0 (0.0e+00)
055.942 .... 208 packets received, 7720 bps, 96.50%, Err 0 (0.0e+00)
058.066 .... 216 packets received, 7720 bps, 96.50%, Err 0 (0.0e+00)
060.183 .... 224 packets received, 7720 bps, 96.50%, Err 0 (0.0e+00)
062.300 .... 232 packets received, 7721 bps, 96.51%, Err 0 (0.0e+00)
064.412 .... 240 packets received, 7722 bps, 96.53%, Err 0 (0.0e+00)
066.540 .... 248 packets received, 7721 bps, 96.52%, Err 0 (0.0e+00)
068.646 .... 256 packets received, 7723 bps, 96.54%, Err 0 (0.0e+00)
070.781 .... 264 packets received, 7722 bps, 96.52%, Err 0 (0.0e+00)
072.896 .... 272 packets received, 7723 bps, 96.53%, Err 0 (0.0e+00)
075.026 .... 280 packets received, 7722 bps, 96.52%, Err 0 (0.0e+00)
077.162 .... 288 packets received, 7720 bps, 96.50%, Err 0 (0.0e+00)
079.267 .... 296 packets received, 7722 bps, 96.52%, Err 0 (0.0e+00)
081.381 .... 304 packets received, 7723 bps, 96.53%, Err 0 (0.0e+00)
083.506 .... 312 packets received, 7722 bps, 96.53%, Err 0 (0.0e+00)
085.627 .... 320 packets received, 7722 bps, 96.53%, Err 0 (0.0e+00)
087.766 .... 328 packets received, 7721 bps, 96.51%, Err 0 (0.0e+00)
089.876 .... 336 packets received, 7722 bps, 96.52%, Err 0 (0.0e+00)
091.990 .... 344 packets received, 7723 bps, 96.53%, Err 0 (0.0e+00)
094.102 .... 352 packets received, 7723 bps, 96.54%, Err 0 (0.0e+00)
096.229 .... 360 packets received, 7723 bps, 96.54%, Err 0 (0.0e+00)
098.348 .... 368 packets received, 7723 bps, 96.54%, Err 0 (0.0e+00)
100.454 .... 376 packets received, 7724 bps, 96.55%, Err 0 (0.0e+00)
102.580 .... 384 packets received, 7724 bps, 96.55%, Err 0 (0.0e+00)
104.697 .... 392 packets received, 7724 bps, 96.55%, Err 0 (0.0e+00)
106.834 .... 400 packets received, 7723 bps, 96.54%, Err 0 (0.0e+00)
108.940 .... 408 packets received, 7724 bps, 96.55%, Err 0 (0.0e+00)
111.048 .... 416 packets received, 7725 bps, 96.56%, Err 0 (0.0e+00)
113.181 .... 424 packets received, 7724 bps, 96.55%, Err 0 (0.0e+00)
115.313 .... 432 packets received, 7724 bps, 96.54%, Err 0 (0.0e+00)
117.421 .... 440 packets received, 7724 bps, 96.55%, Err 0 (0.0e+00)
119.547 .... 448 packets received, 7724 bps, 96.55%, Err 0 (0.0e+00)
121.669 .... 456 packets received, 7724 bps, 96.55%, Err 0 (0.0e+00)
123.779 .... 464 packets received, 7725 bps, 96.56%, Err 0 (0.0e+00)
125.910 .... 472 packets received, 7724 bps, 96.55%, Err 0 (0.0e+00)
128.013 .... 480 packets received, 7725 bps, 96.57%, Err 0 (0.0e+00)
130.136 .... 488 packets received, 7725 bps, 96.56%, Err 0 (0.0e+00)
132.290 .... 496 packets received, 7723 bps, 96.54%, Err 0 (0.0e+00)
134.544 .... 504 packets received, 7715 bps, 96.44%, Err 0 (0.0e+00)
136.757 .... 513 packets received, 7725 bps, 96.57%, Err 0 (0.0e+00)
138.891 .... 521 packets received, 7725 bps, 96.56%, Err 0 (0.0e+00)
141.025 .... 529 packets received, 7724 bps, 96.55%, Err 0 (0.0e+00)
143.144 .... 537 packets received, 7724 bps, 96.55%, Err 0 (0.0e+00)
145.256 .... 545 packets received, 7725 bps, 96.56%, Err 0 (0.0e+00)
147.368 .... 553 packets received, 7725 bps, 96.56%, Err 0 (0.0e+00)
149.490 .... 561 packets received, 7725 bps, 96.56%, Err 0 (0.0e+00)
151.604 .... 569 packets received, 7725 bps, 96.57%, Err 0 (0.0e+00)
153.727 .... 577 packets received, 7725 bps, 96.57%, Err 0 (0.0e+00)
155.855 .... 585 packets received, 7725 bps, 96.56%, Err 0 (0.0e+00)
157.978 .... 593 packets received, 7725 bps, 96.56%, Err 0 (0.0e+00)
160.101 .... 601 packets received, 7725 bps, 96.56%, Err 0 (0.0e+00)
162.210 .... 609 packets received, 7725 bps, 96.57%, Err 0 (0.0e+00)
164.329 .... 617 packets received, 7725 bps, 96.57%, Err 0 (0.0e+00)
166.450 .... 625 packets received, 7725 bps, 96.57%, Err 0 (0.0e+00)
168.569 .... 633 packets received, 7725 bps, 96.57%, Err 0 (0.0e+00)
170.696 .... 641 packets received, 7725 bps, 96.56%, Err 0 (0.0e+00)
172.819 .... 649 packets received, 7725 bps, 96.56%, Err 0 (0.0e+00)
174.934 .... 657 packets received, 7725 bps, 96.57%, Err 0 (0.0e+00)
177.065 .... 665 packets received, 7725 bps, 96.56%, Err 0 (0.0e+00)
179.180 .... 673 packets received, 7725 bps, 96.56%, Err 0 (0.0e+00)
181.296 .... 681 packets received, 7725 bps, 96.57%, Err 0 (0.0e+00)
183.419 .... 689 packets received, 7725 bps, 96.57%, Err 0 (0.0e+00)
185.535 .... 697 packets received, 7725 bps, 96.57%, Err 0 (0.0e+00)
187.651 .... 705 packets received, 7726 bps, 96.57%, Err 0 (0.0e+00)
189.789 .... 713 packets received, 7725 bps, 96.56%, Err 0 (0.0e+00)
191.901 .... 721 packets received, 7725 bps, 96.57%, Err 0 (0.0e+00)
194.019 .... 729 packets received, 7725 bps, 96.57%, Err 0 (0.0e+00)
196.135 .... 737 packets received, 7726 bps, 96.57%, Err 0 (0.0e+00)
198.258 .... 745 packets received, 7726 bps, 96.57%, Err 0 (0.0e+00)
200.380 .... 753 packets received, 7725 bps, 96.57%, Err 0 (0.0e+00)
202.493 .... 761 packets received, 7726 bps, 96.57%, Err 0 (0.0e+00)
204.608 .... 769 packets received, 7726 bps, 96.57%, Err 0 (0.0e+00)
206.724 .... 777 packets received, 7726 bps, 96.58%, Err 0 (0.0e+00)
208.843 .... 785 packets received, 7726 bps, 96.58%, Err 0 (0.0e+00)
210.972 .... 793 packets received, 7726 bps, 96.57%, Err 0 (0.0e+00)
213.089 .... 801 packets received, 7726 bps, 96.58%, Err 0 (0.0e+00)
215.221 .... 809 packets received, 7726 bps, 96.57%, Err 0 (0.0e+00)
217.333 .... 817 packets received, 7726 bps, 96.57%, Err 0 (0.0e+00)
219.461 .... 825 packets received, 7726 bps, 96.57%, Err 0 (0.0e+00)
221.582 .... 833 packets received, 7726 bps, 96.57%, Err 0 (0.0e+00)
223.700 .... 841 packets received, 7726 bps, 96.57%, Err 0 (0.0e+00)
225.802 .... 849 packets received, 7726 bps, 96.58%, Err 0 (0.0e+00)
227.937 .... 857 packets received, 7726 bps, 96.57%, Err 0 (0.0e+00)
230.055 .... 865 packets received, 7726 bps, 96.58%, Err 0 (0.0e+00)
232.176 .... 873 packets received, 7726 bps, 96.57%, Err 0 (0.0e+00)
234.279 .... 881 packets received, 7727 bps, 96.58%, Err 0 (0.0e+00)
236.401 .... 889 packets received, 7727 bps, 96.58%, Err 0 (0.0e+00)
238.545 .... 897 packets received, 7726 bps, 96.57%, Err 0 (0.0e+00)
240.647 .... 905 packets received, 7726 bps, 96.58%, Err 0 (0.0e+00)
242.781 .... 913 packets received, 7726 bps, 96.57%, Err 0 (0.0e+00)
244.892 .... 921 packets received, 7726 bps, 96.58%, Err 0 (0.0e+00)
247.012 .... 929 packets received, 7726 bps, 96.58%, Err 0 (0.0e+00)
249.132 .... 937 packets received, 7726 bps, 96.58%, Err 0 (0.0e+00)
251.255 .... 945 packets received, 7726 bps, 96.58%, Err 0 (0.0e+00)
253.379 .... 953 packets received, 7726 bps, 96.58%, Err 0 (0.0e+00)
255.492 .... 961 packets received, 7726 bps, 96.58%, Err 0 (0.0e+00)
257.606 .... 969 packets received, 7727 bps, 96.58%, Err 0 (0.0e+00)
259.738 .... 977 packets received, 7726 bps, 96.58%, Err 0 (0.0e+00)
261.848 .... 985 packets received, 7726 bps, 96.58%, Err 0 (0.0e+00)
263.968 .... 993 packets received, 7727 bps, 96.58%, Err 0 (0.0e+00)
266.086 .... 1001 packets received, 7727 bps, 96.58%, Err 0 (0.0e+00)
268.243 .... 1009 packets received, 7726 bps, 96.57%, Err 0 (0.0e+00)
270.328 .... 1017 packets received, 7727 bps, 96.58%, Err 0 (0.0e+00)
272.445 .... 1025 packets received, 7727 bps, 96.58%, Err 0 (0.0e+00)
274.572 .... 1033 packets received, 7726 bps, 96.58%, Err 0 (0.0e+00)
276.697 .... 1041 packets received, 7726 bps, 96.58%, Err 0 (0.0e+00)
278.807 .... 1049 packets received, 7727 bps, 96.58%, Err 0 (0.0e+00)
280.927 .... 1057 packets received, 7727 bps, 96.58%, Err 0 (0.0e+00)
283.052 .... 1065 packets received, 7727 bps, 96.58%, Err 0 (0.0e+00)
285.165 .... 1073 packets received, 7727 bps, 96.58%, Err 0 (0.0e+00)
287.289 .... 1081 packets received, 7727 bps, 96.58%, Err 0 (0.0e+00)
289.417 .... 1089 packets received, 7726 bps, 96.58%, Err 0 (0.0e+00)
291.548 .... 1097 packets received, 7726 bps, 96.58%, Err 0 (0.0e+00)
293.654 .... 1105 packets received, 7727 bps, 96.58%, Err 0 (0.0e+00)
295.771 .... 1113 packets received, 7727 bps, 96.58%, Err 0 (0.0e+00)
297.898 .... 1121 packets received, 7726 bps, 96.58%, Err 0 (0.0e+00)
300.015 .... 1129 packets received, 7727 bps, 96.58%, Err 0 (0.0e+00)
302.137 .... 1137 packets received, 7727 bps, 96.58%, Err 0 (0.0e+00)
304.247 .... 1145 packets received, 7727 bps, 96.58%, Err 0 (0.0e+00)
306.365 .... 1153 packets received, 7727 bps, 96.59%, Err 0 (0.0e+00)
308.498 .... 1161 packets received, 7727 bps, 96.58%, Err 0 (0.0e+00)
310.612 .... 1169 packets received, 7727 bps, 96.58%, Err 0 (0.0e+00)
312.729 .... 1177 packets received, 7727 bps, 96.58%, Err 0 (0.0e+00)
314.848 .... 1185 packets received, 7727 bps, 96.59%, Err 0 (0.0e+00)
316.975 .... 1193 packets received, 7727 bps, 96.58%, Err 0 (0.0e+00)
319.085 .... 1201 packets received, 7727 bps, 96.59%, Err 0 (0.0e+00)
321.219 .... 1209 packets received, 7727 bps, 96.58%, Err 0 (0.0e+00)
323.335 .... 1217 packets received, 7727 bps, 96.58%, Err 0 (0.0e+00)
325.448 .... 1225 packets received, 7727 bps, 96.59%, Err 0 (0.0e+00)
327.567 .... 1233 packets received, 7727 bps, 96.59%, Err 0 (0.0e+00)
329.702 .... 1241 packets received, 7727 bps, 96.58%, Err 0 (0.0e+00)
331.814 .... 1249 packets received, 7727 bps, 96.58%, Err 0 (0.0e+00)
333.933 .... 1257 packets received, 7727 bps, 96.58%, Err 0 (0.0e+00)
336.053 .... 1265 packets received, 7727 bps, 96.58%, Err 0 (0.0e+00)
338.174 .... 1273 packets received, 7727 bps, 96.58%, Err 0 (0.0e+00)
340.288 .... 1281 packets received, 7727 bps, 96.59%, Err 0 (0.0e+00)
342.412 .... 1289 packets received, 7727 bps, 96.59%, Err 0 (0.0e+00)
344.521 .... 1297 packets received, 7727 bps, 96.59%, Err 0 (0.0e+00)
346.661 .... 1305 packets received, 7727 bps, 96.58%, Err 0 (0.0e+00)
348.765 .... 1313 packets received, 7727 bps, 96.59%, Err 0 (0.0e+00)
350.903 .... 1321 packets received, 7727 bps, 96.58%, Err 0 (0.0e+00)
353.008 .... 1329 packets received, 7727 bps, 96.59%, Err 0 (0.0e+00)
355.128 .... 1337 packets received, 7727 bps, 96.59%, Err 0 (0.0e+00)
357.255 .... 1345 packets received, 7727 bps, 96.59%, Err 0 (0.0e+00)
359.379 .... 1353 packets received, 7727 bps, 96.58%, Err 0 (0.0e+00)
361.488 .... 1361 packets received, 7727 bps, 96.59%, Err 0 (0.0e+00)
363.615 .... 1369 packets received, 7727 bps, 96.59%, Err 0 (0.0e+00)
365.737 .... 1377 packets received, 7727 bps, 96.59%, Err 0 (0.0e+00)
367.844 .... 1385 packets received, 7727 bps, 96.59%, Err 0 (0.0e+00)
369.980 .... 1393 packets received, 7727 bps, 96.58%, Err 0 (0.0e+00)
372.085 .... 1401 packets received, 7727 bps, 96.59%, Err 0 (0.0e+00)
374.210 .... 1409 packets received, 7727 bps, 96.59%, Err 0 (0.0e+00)
376.344 .... 1417 packets received, 7727 bps, 96.58%, Err 0 (0.0e+00)
378.455 .... 1425 packets received, 7727 bps, 96.59%, Err 0 (0.0e+00)
380.565 .... 1433 packets received, 7727 bps, 96.59%, Err 0 (0.0e+00)
382.680 .... 1441 packets received, 7727 bps, 96.59%, Err 0 (0.0e+00)
384.802 .... 1449 packets received, 7727 bps, 96.59%, Err 0 (0.0e+00)
386.942 .... 1457 packets received, 7727 bps, 96.59%, Err 0 (0.0e+00)
389.050 .... 1465 packets received, 7727 bps, 96.59%, Err 0 (0.0e+00)
391.161 .... 1473 packets received, 7727 bps, 96.59%, Err 0 (0.0e+00)
393.301 .... 1481 packets received, 7727 bps, 96.59%, Err 0 (0.0e+00)
395.420 .... 1489 packets received, 7727 bps, 96.59%, Err 0 (0.0e+00)
397.524 .... 1497 packets received, 7727 bps, 96.59%, Err 0 (0.0e+00)
399.663 .... 1505 packets received, 7727 bps, 96.59%, Err 0 (0.0e+00)
401.780 .... 1513 packets received, 7727 bps, 96.59%, Err 0 (0.0e+00)
403.889 .... 1521 packets received, 7727 bps, 96.59%, Err 0 (0.0e+00)
406.006 .... 1529 packets received, 7727 bps, 96.59%, Err 0 (0.0e+00)
408.143 .... 1537 packets received, 7727 bps, 96.59%, Err 0 (0.0e+00)
410.259 .... 1545 packets received, 7727 bps, 96.59%, Err 0 (0.0e+00)
412.368 .... 1553 packets received, 7727 bps, 96.59%, Err 0 (0.0e+00)
414.481 .... 1561 packets received, 7727 bps, 96.59%, Err 0 (0.0e+00)
416.607 .... 1569 packets received, 7727 bps, 96.59%, Err 0 (0.0e+00)
418.737 .... 1577 packets received, 7727 bps, 96.59%, Err 0 (0.0e+00)
420.850 .... 1585 packets received, 7727 bps, 96.59%, Err 0 (0.0e+00)
422.962 .... 1593 packets received, 7727 bps, 96.59%, Err 0 (0.0e+00)
425.094 .... 1601 packets received, 7727 bps, 96.59%, Err 0 (0.0e+00)
427.214 .... 1609 packets received, 7727 bps, 96.59%, Err 0 (0.0e+00)
429.336 .... 1617 packets received, 7727 bps, 96.59%, Err 0 (0.0e+00)
431.461 .... 1625 packets received, 7727 bps, 96.59%, Err 0 (0.0e+00)
433.563 .... 1633 packets received, 7727 bps, 96.59%, Err 0 (0.0e+00)
435.698 .... 1641 packets received, 7727 bps, 96.59%, Err 0 (0.0e+00)
437.807 .... 1649 packets received, 7727 bps, 96.59%, Err 0 (0.0e+00)
439.931 .... 1657 packets received, 7727 bps, 96.59%, Err 0 (0.0e+00)
442.053 .... 1665 packets received, 7727 bps, 96.59%, Err 0 (0.0e+00)
444.160 .... 1673 packets received, 7727 bps, 96.59%, Err 0 (0.0e+00)
446.299 .... 1681 packets received, 7727 bps, 96.59%, Err 0 (0.0e+00)
448.416 .... 1689 packets received, 7727 bps, 96.59%, Err 0 (0.0e+00)
450.536 .... 1697 packets received, 7727 bps, 96.59%, Err 0 (0.0e+00)
452.663 .... 1705 packets received, 7727 bps, 96.59%, Err 0 (0.0e+00)
454.773 .... 1713 packets received, 7727 bps, 96.59%, Err 0 (0.0e+00)
456.891 .... 1721 packets received, 7727 bps, 96.59%, Err 0 (0.0e+00)
459.000 .... 1729 packets received, 7727 bps, 96.59%, Err 0 (0.0e+00)
461.138 .... 1737 packets received, 7727 bps, 96.59%, Err 0 (0.0e+00)
463.267 .... 1745 packets received, 7727 bps, 96.59%, Err 0 (0.0e+00)
465.380 .... 1753 packets received, 7727 bps, 96.59%, Err 0 (0.0e+00)
467.495 .... 1761 packets received, 7727 bps, 96.59%, Err 0 (0.0e+00)
469.614 .... 1769 packets received, 7727 bps, 96.59%, Err 0 (0.0e+00)
471.742 .... 1777 packets received, 7727 bps, 96.59%, Err 0 (0.0e+00)
473.841 .... 1785 packets received, 7727 bps, 96.59%, Err 0 (0.0e+00)
475.974 .... 1793 packets received, 7727 bps, 96.59%, Err 0 (0.0e+00)
478.098 .... 1801 packets received, 7727 bps, 96.59%, Err 0 (0.0e+00)
480.218 .... 1809 packets received, 7727 bps, 96.59%, Err 0 (0.0e+00)
482.331 .... 1817 packets received, 7727 bps, 96.59%, Err 0 (0.0e+00)
484.445 .... 1825 packets received, 7727 bps, 96.59%, Err 0 (0.0e+00)
486.583 .... 1833 packets received, 7727 bps, 96.59%, Err 0 (0.0e+00)
488.690 .... 1841 packets received, 7727 bps, 96.59%, Err 0 (0.0e+00)
490.802 .... 1849 packets received, 7727 bps, 96.59%, Err 0 (0.0e+00)
492.919 .... 1857 packets received, 7727 bps, 96.59%, Err 0 (0.0e+00)
495.063 .... 1865 packets received, 7727 bps, 96.59%, Err 0 (0.0e+00)
497.175 .... 1873 packets received, 7727 bps, 96.59%, Err 0 (0.0e+00)
499.289 .... 1881 packets received, 7727 bps, 96.59%, Err 0 (0.0e+00)
501.422 .... 1889 packets received, 7727 bps, 96.59%, Err 0 (0.0e+00)
503.548 .... 1897 packets received, 7727 bps, 96.59%, Err 0 (0.0e+00)
505.655 .... 1905 packets received, 7727 bps, 96.59%, Err 0 (0.0e+00)
507.764 .... 1913 packets received, 7727 bps, 96.59%, Err 0 (0.0e+00)
509.893 .... 1921 packets received, 7727 bps, 96.59%, Err 0 (0.0e+00)
512.019 .... 1929 packets received, 7727 bps, 96.59%, Err 0 (0.0e+00)
514.137 .... 1937 packets received, 7727 bps, 96.59%, Err 0 (0.0e+00)
516.252 .... 1945 packets received, 7727 bps, 96.59%, Err 0 (0.0e+00)
518.390 .... 1953 packets received, 7727 bps, 96.59%, Err 0 (0.0e+00)
520.489 .... 1961 packets received, 7727 bps, 96.59%, Err 0 (0.0e+00)
522.617 .... 1969 packets received, 7727 bps, 96.59%, Err 0 (0.0e+00)
524.735 .... 1977 packets received, 7727 bps, 96.59%, Err 0 (0.0e+00)
526.843 .... 1985 packets received, 7727 bps, 96.59%, Err 0 (0.0e+00)
528.984 .... 1993 packets received, 7727 bps, 96.59%, Err 0 (0.0e+00)
531.099 .... 2001 packets received, 7727 bps, 96.59%, Err 0 (0.0e+00)
533.226 .... 2009 packets received, 7727 bps, 96.59%, Err 0 (0.0e+00)
535.334 .... 2017 packets received, 7727 bps, 96.59%, Err 0 (0.0e+00)
537.460 .... 2025 packets received, 7727 bps, 96.59%, Err 0 (0.0e+00)
539.576 .... 2033 packets received, 7727 bps, 96.59%, Err 0 (0.0e+00)
541.682 .... 2041 packets received, 7728 bps, 96.59%, Err 0 (0.0e+00)
543.818 .... 2049 packets received, 7727 bps, 96.59%, Err 0 (0.0e+00)
545.925 .... 2057 packets received, 7727 bps, 96.59%, Err 0 (0.0e+00)
548.057 .... 2065 packets received, 7727 bps, 96.59%, Err 0 (0.0e+00)
550.177 .... 2073 packets received, 7727 bps, 96.59%, Err 0 (0.0e+00)
552.290 .... 2081 packets received, 7727 bps, 96.59%, Err 0 (0.0e+00)
554.425 .... 2089 packets received, 7727 bps, 96.59%, Err 0 (0.0e+00)
556.533 .... 2097 packets received, 7727 bps, 96.59%, Err 0 (0.0e+00)
558.655 .... 2105 packets received, 7727 bps, 96.59%, Err 0 (0.0e+00)
560.780 .... 2113 packets received, 7727 bps, 96.59%, Err 0 (0.0e+00)
562.900 .... 2121 packets received, 7727 bps, 96.59%, Err 0 (0.0e+00)
565.024 .... 2129 packets received, 7727 bps, 96.59%, Err 0 (0.0e+00)
567.140 .... 2137 packets received, 7727 bps, 96.59%, Err 0 (0.0e+00)
569.259 .... 2145 packets received, 7727 bps, 96.59%, Err 0 (0.0e+00)
571.371 .... 2153 packets received, 7727 bps, 96.59%, Err 0 (0.0e+00)
573.497 .... 2161 packets received, 7727 bps, 96.59%, Err 0 (0.0e+00)
575.612 .... 2169 packets received, 7727 bps, 96.59%, Err 0 (0.0e+00)
577.723 .... 2177 packets received, 7728 bps, 96.59%, Err 0 (0.0e+00)
579.848 .... 2185 packets received, 7727 bps, 96.59%, Err 0 (0.0e+00)
581.958 .... 2193 packets received, 7728 bps, 96.60%, Err 0 (0.0e+00)
584.097 .... 2201 packets received, 7727 bps, 96.59%, Err 0 (0.0e+00)
586.204 .... 2209 packets received, 7728 bps, 96.59%, Err 0 (0.0e+00)
588.327 .... 2217 packets received, 7728 bps, 96.59%, Err 0 (0.0e+00)
590.469 .... 2225 packets received, 7727 bps, 96.59%, Err 0 (0.0e+00)
592.578 .... 2233 packets received, 7727 bps, 96.59%, Err 0 (0.0e+00)
594.694 .... 2241 packets received, 7727 bps, 96.59%, Err 0 (0.0e+00)
596.802 .... 2249 packets received, 7728 bps, 96.59%, Err 0 (0.0e+00)
598.933 .... 2257 packets received, 7727 bps, 96.59%, Err 0 (0.0e+00)
601.062 .... 2265 packets received, 7727 bps, 96.59%, Err 0 (0.0e+00)
603.173 .... 2273 packets received, 7727 bps, 96.59%, Err 0 (0.0e+00)
605.304 .... 2281 packets received, 7727 bps, 96.59%, Err 0 (0.0e+00)
607.416 .... 2289 packets received, 7727 bps, 96.59%, Err 0 (0.0e+00)
609.536 .... 2297 packets received, 7727 bps, 96.59%, Err 0 (0.0e+00)
611.643 .... 2305 packets received, 7728 bps, 96.59%, Err 0 (0.0e+00)
613.762 .... 2313 packets received, 7728 bps, 96.60%, Err 0 (0.0e+00)
615.895 .... 2321 packets received, 7727 bps, 96.59%, Err 0 (0.0e+00)
618.016 .... 2329 packets received, 7727 bps, 96.59%, Err 0 (0.0e+00)
620.131 .... 2337 packets received, 7728 bps, 96.59%, Err 0 (0.0e+00)
622.260 .... 2345 packets received, 7727 bps, 96.59%, Err 0 (0.0e+00)
624.373 .... 2353 packets received, 7727 bps, 96.59%, Err 0 (0.0e+00)
626.505 .... 2361 packets received, 7727 bps, 96.59%, Err 0 (0.0e+00)
628.610 .... 2369 packets received, 7728 bps, 96.59%, Err 0 (0.0e+00)
630.733 .... 2377 packets received, 7727 bps, 96.59%, Err 0 (0.0e+00)
632.866 .... 2385 packets received, 7727 bps, 96.59%, Err 0 (0.0e+00)
634.985 .... 2393 packets received, 7727 bps, 96.59%, Err 0 (0.0e+00)
637.083 .... 2401 packets received, 7728 bps, 96.60%, Err 0 (0.0e+00)
639.212 .... 2409 packets received, 7728 bps, 96.59%, Err 0 (0.0e+00)
641.318 .... 2417 packets received, 7728 bps, 96.60%, Err 0 (0.0e+00)
643.460 .... 2425 packets received, 7727 bps, 96.59%, Err 0 (0.0e+00)
645.583 .... 2433 packets received, 7727 bps, 96.59%, Err 0 (0.0e+00)
647.682 .... 2441 packets received, 7728 bps, 96.60%, Err 0 (0.0e+00)
649.819 .... 2449 packets received, 7727 bps, 96.59%, Err 0 (0.0e+00)
651.930 .... 2457 packets received, 7728 bps, 96.59%, Err 0 (0.0e+00)
654.047 .... 2465 packets received, 7728 bps, 96.59%, Err 0 (0.0e+00)
656.172 .... 2473 packets received, 7728 bps, 96.59%, Err 0 (0.0e+00)
658.304 .... 2481 packets received, 7727 bps, 96.59%, Err 0 (0.0e+00)
660.414 .... 2489 packets received, 7728 bps, 96.59%, Err 0 (0.0e+00)
662.522 .... 2497 packets received, 7728 bps, 96.60%, Err 0 (0.0e+00)
664.650 .... 2505 packets received, 7728 bps, 96.59%, Err 0 (0.0e+00)
666.788 .... 2513 packets received, 7727 bps, 96.59%, Err 0 (0.0e+00)
668.896 .... 2521 packets received, 7728 bps, 96.59%, Err 0 (0.0e+00)
671.025 .... 2529 packets received, 7727 bps, 96.59%, Err 0 (0.0e+00)
673.150 .... 2537 packets received, 7727 bps, 96.59%, Err 0 (0.0e+00)
675.272 .... 2545 packets received, 7727 bps, 96.59%, Err 0 (0.0e+00)
677.374 .... 2553 packets received, 7728 bps, 96.59%, Err 0 (0.0e+00)
679.491 .... 2561 packets received, 7728 bps, 96.59%, Err 0 (0.0e+00)
681.624 .... 2569 packets received, 7727 bps, 96.59%, Err 0 (0.0e+00)
683.734 .... 2577 packets received, 7728 bps, 96.59%, Err 0 (0.0e+00)
685.854 .... 2585 packets received, 7728 bps, 96.59%, Err 0 (0.0e+00)
687.984 .... 2593 packets received, 7727 bps, 96.59%, Err 0 (0.0e+00)
690.084 .... 2601 packets received, 7728 bps, 96.60%, Err 0 (0.0e+00)
692.203 .... 2609 packets received, 7728 bps, 96.60%, Err 0 (0.0e+00)
694.339 .... 2617 packets received, 7727 bps, 96.59%, Err 0 (0.0e+00)
696.460 .... 2625 packets received, 7727 bps, 96.59%, Err 0 (0.0e+00)
698.581 .... 2633 packets received, 7727 bps, 96.59%, Err 0 (0.0e+00)
700.030 Quit.
