000.000 =============================================================
000.000                     Station A                               
000.000 -------------------------------------------------------------
000.000 Protocol.lib, version 4.0, jiangyanjun0718@bupt.edu.cn
000.000 Channel: 8000 bps, 270 ms propagation delay, bit error rate 1.0E-05
000.000 Log file "A.log", TCP port 30011, debug mask 0x00
000.000 Station A is waiting for station B on TCP port 30011 ... Done.
000.652 New epoch: Thu May 16 16:33:39 2019
000.652 =================================================================
000.652 
000.652 Designed by CJSoft, build: May 16 2019  16:33:08
004.083 .... 1 packets received, 735 bps, 9.18%, Err 1 (5.2e-05)
006.229 .... 9 packets received, 3736 bps, 46.70%, Err 1 (2.8e-05)
008.273 .... 14 packets received, 4109 bps, 51.36%, Err 1 (2.1e-05)
010.398 .... 22 packets received, 4950 bps, 61.87%, Err 1 (1.6e-05)
012.513 .... 30 packets received, 5477 bps, 68.46%, Err 1 (1.2e-05)
014.630 .... 38 packets received, 5836 bps, 72.95%, Err 1 (1.0e-05)
016.760 .... 46 packets received, 6092 bps, 76.15%, Err 1 (8.7e-06)
018.859 .... 54 packets received, 6297 bps, 78.71%, Err 1 (7.6e-06)
020.989 .... 62 packets received, 6447 bps, 80.59%, Err 1 (6.7e-06)
023.102 .... 70 packets received, 6574 bps, 82.18%, Err 1 (6.0e-06)
025.233 .... 78 packets received, 6673 bps, 83.42%, Err 1 (5.5e-06)
027.350 .... 86 packets received, 6760 bps, 84.50%, Err 1 (5.0e-06)
029.481 .... 94 packets received, 6830 bps, 85.38%, Err 1 (4.6e-06)
033.355 .... 99 packets received, 6324 bps, 79.05%, Err 1 (4.1e-06)
035.483 .... 107 packets received, 6410 bps, 80.12%, Err 1 (3.9e-06)
037.612 .... 115 packets received, 6485 bps, 81.06%, Err 2 (7.2e-06)
039.710 .... 123 packets received, 6557 bps, 81.97%, Err 2 (6.8e-06)
041.754 .... 128 packets received, 6479 bps, 80.99%, Err 2 (6.6e-06)
046.133 .... 135 packets received, 6166 bps, 77.08%, Err 3 (9.0e-06)
048.261 .... 143 packets received, 6236 bps, 77.95%, Err 3 (8.6e-06)
050.392 .... 151 packets received, 6299 bps, 78.73%, Err 3 (8.2e-06)
052.491 .... 159 packets received, 6360 bps, 79.51%, Err 3 (7.8e-06)
054.634 .... 167 packets received, 6412 bps, 80.15%, Err 3 (7.5e-06)
056.750 .... 175 packets received, 6463 bps, 80.79%, Err 3 (7.2e-06)
058.852 .... 183 packets received, 6512 bps, 81.40%, Err 3 (6.9e-06)
060.982 .... 191 packets received, 6554 bps, 81.92%, Err 3 (6.6e-06)
063.097 .... 199 packets received, 6595 bps, 82.43%, Err 3 (6.4e-06)
065.226 .... 207 packets received, 6631 bps, 82.89%, Err 3 (6.2e-06)
067.357 .... 215 packets received, 6665 bps, 83.32%, Err 3 (6.0e-06)
069.473 .... 223 packets received, 6699 bps, 83.73%, Err 3 (5.8e-06)
071.586 .... 231 packets received, 6730 bps, 84.13%, Err 3 (5.6e-06)
074.924 .... 234 packets received, 6509 bps, 81.36%, Err 3 (5.4e-06)
077.054 .... 242 packets received, 6542 bps, 81.78%, Err 3 (5.2e-06)
079.184 .... 250 packets received, 6573 bps, 82.17%, Err 3 (5.1e-06)
081.313 .... 258 packets received, 6603 bps, 82.54%, Err 3 (4.9e-06)
084.909 .... 262 packets received, 6417 bps, 80.22%, Err 4 (6.3e-06)
088.277 .... 264 packets received, 6216 bps, 77.70%, Err 5 (7.7e-06)
090.406 .... 272 packets received, 6251 bps, 78.14%, Err 5 (7.5e-06)
092.520 .... 277 packets received, 6219 bps, 77.73%, Err 5 (7.4e-06)
094.623 .... 285 packets received, 6254 bps, 78.18%, Err 5 (7.2e-06)
096.754 .... 293 packets received, 6286 bps, 78.58%, Err 5 (7.0e-06)
098.864 .... 301 packets received, 6318 bps, 78.98%, Err 5 (6.8e-06)
104.479 .... 308 packets received, 6113 bps, 76.41%, Err 5 (6.7e-06)
108.625 .... 309 packets received, 5896 bps, 73.70%, Err 5 (6.7e-06)
112.711 .... 310 packets received, 5698 bps, 71.23%, Err 5 (6.7e-06)
116.874 .... 311 packets received, 5511 bps, 68.88%, Err 5 (6.7e-06)
120.941 .... 312 packets received, 5341 bps, 66.76%, Err 5 (6.6e-06)
127.595 .... 313 packets received, 5075 bps, 63.44%, Err 6 (7.9e-06)
133.298 .... 315 packets received, 4887 bps, 61.09%, Err 6 (7.9e-06)
139.988 .... 316 packets received, 4666 bps, 58.33%, Err 7 (9.1e-06)
144.103 .... 317 packets received, 4546 bps, 56.83%, Err 8 (1.0e-05)
149.650 .... 319 packets received, 4404 bps, 55.05%, Err 8 (1.0e-05)
153.694 .... 320 packets received, 4300 bps, 53.75%, Err 8 (1.0e-05)
157.773 .... 321 packets received, 4201 bps, 52.52%, Err 8 (1.0e-05)
161.820 .... 322 packets received, 4108 bps, 51.35%, Err 8 (1.0e-05)
165.918 .... 323 packets received, 4018 bps, 50.23%, Err 8 (1.0e-05)
170.112 .... 324 packets received, 3931 bps, 49.13%, Err 8 (1.0e-05)
174.166 .... 325 packets received, 3850 bps, 48.13%, Err 8 (1.0e-05)
178.213 .... 326 packets received, 3774 bps, 47.17%, Err 8 (1.0e-05)
182.290 .... 327 packets received, 3700 bps, 46.25%, Err 8 (1.0e-05)
186.397 .... 328 packets received, 3629 bps, 45.36%, Err 8 (1.0e-05)
190.577 .... 329 packets received, 3560 bps, 44.50%, Err 8 (1.0e-05)
194.661 .... 330 packets received, 3495 bps, 43.69%, Err 8 (9.9e-06)
198.682 .... 331 packets received, 3434 bps, 42.93%, Err 8 (9.9e-06)
200.824 .... 333 packets received, 3418 bps, 42.72%, Err 8 (9.8e-06)
202.936 .... 341 packets received, 3463 bps, 43.29%, Err 8 (9.6e-06)
205.048 .... 349 packets received, 3508 bps, 43.85%, Err 8 (9.4e-06)
207.174 .... 357 packets received, 3551 bps, 44.39%, Err 8 (9.3e-06)
209.288 .... 365 packets received, 3594 bps, 44.92%, Err 8 (9.1e-06)
211.402 .... 373 packets received, 3636 bps, 45.45%, Err 8 (8.9e-06)
215.552 .... 379 packets received, 3623 bps, 45.28%, Err 9 (9.7e-06)
217.681 .... 387 packets received, 3663 bps, 45.78%, Err 9 (9.5e-06)
219.794 .... 392 packets received, 3674 bps, 45.93%, Err 9 (9.4e-06)
221.923 .... 400 packets received, 3713 bps, 46.41%, Err 9 (9.3e-06)
224.030 .... 408 packets received, 3751 bps, 46.89%, Err 9 (9.1e-06)
226.150 .... 416 packets received, 3789 bps, 47.36%, Err 9 (9.0e-06)
228.259 .... 424 packets received, 3826 bps, 47.82%, Err 9 (8.8e-06)
230.381 .... 432 packets received, 3862 bps, 48.28%, Err 9 (8.7e-06)
232.497 .... 440 packets received, 3898 bps, 48.72%, Err 9 (8.5e-06)
234.637 .... 448 packets received, 3932 bps, 49.15%, Err 9 (8.4e-06)
236.742 .... 456 packets received, 3966 bps, 49.58%, Err 9 (8.3e-06)
238.867 .... 464 packets received, 4000 bps, 50.00%, Err 9 (8.1e-06)
240.977 .... 472 packets received, 4033 bps, 50.41%, Err 9 (8.0e-06)
243.104 .... 480 packets received, 4065 bps, 50.82%, Err 9 (7.9e-06)
246.979 .... 485 packets received, 4043 bps, 50.54%, Err 10 (8.6e-06)
249.122 .... 493 packets received, 4074 bps, 50.93%, Err 10 (8.5e-06)
251.223 .... 499 packets received, 4089 bps, 51.11%, Err 10 (8.4e-06)
255.894 .... 507 packets received, 4078 bps, 50.98%, Err 11 (9.0e-06)
258.037 .... 515 packets received, 4108 bps, 51.35%, Err 11 (8.8e-06)
260.122 .... 523 packets received, 4138 bps, 51.73%, Err 11 (8.7e-06)
262.235 .... 531 packets received, 4168 bps, 52.09%, Err 11 (8.6e-06)
266.651 .... 538 packets received, 4152 bps, 51.90%, Err 12 (9.2e-06)
268.780 .... 546 packets received, 4180 bps, 52.26%, Err 12 (9.1e-06)
270.909 .... 554 packets received, 4208 bps, 52.60%, Err 12 (8.9e-06)
273.036 .... 562 packets received, 4236 bps, 52.94%, Err 12 (8.8e-06)
275.150 .... 570 packets received, 4263 bps, 53.28%, Err 12 (8.7e-06)
277.261 .... 578 packets received, 4289 bps, 53.62%, Err 12 (8.6e-06)
279.377 .... 586 packets received, 4316 bps, 53.95%, Err 12 (8.5e-06)
281.488 .... 594 packets received, 4342 bps, 54.27%, Err 12 (8.4e-06)
283.633 .... 602 packets received, 4367 bps, 54.58%, Err 12 (8.3e-06)
285.640 .... 607 packets received, 4372 bps, 54.65%, Err 12 (8.2e-06)
287.739 .... 615 packets received, 4397 bps, 54.96%, Err 13 (8.8e-06)
289.854 .... 623 packets received, 4422 bps, 55.27%, Err 13 (8.7e-06)
292.010 .... 631 packets received, 4445 bps, 55.57%, Err 13 (8.6e-06)
295.090 .... 633 packets received, 4413 bps, 55.16%, Err 13 (8.5e-06)
298.964 .... 638 packets received, 4390 bps, 54.87%, Err 14 (9.0e-06)
302.742 .... 645 packets received, 4382 bps, 54.78%, Err 14 (9.0e-06)
306.779 .... 646 packets received, 4331 bps, 54.14%, Err 14 (8.9e-06)
313.357 .... 647 packets received, 4246 bps, 53.08%, Err 15 (9.6e-06)
319.062 .... 649 packets received, 4183 bps, 52.28%, Err 15 (9.5e-06)
323.147 .... 650 packets received, 4136 bps, 51.70%, Err 15 (9.5e-06)
327.215 .... 651 packets received, 4091 bps, 51.13%, Err 15 (9.5e-06)
331.329 .... 652 packets received, 4046 bps, 50.57%, Err 15 (9.5e-06)
335.414 .... 653 packets received, 4003 bps, 50.03%, Err 15 (9.5e-06)
339.482 .... 654 packets received, 3961 bps, 49.51%, Err 15 (9.4e-06)
343.510 .... 655 packets received, 3920 bps, 49.00%, Err 15 (9.4e-06)
347.536 .... 656 packets received, 3880 bps, 48.50%, Err 15 (9.4e-06)
351.625 .... 657 packets received, 3841 bps, 48.01%, Err 15 (9.4e-06)
355.828 .... 658 packets received, 3801 bps, 47.51%, Err 15 (9.4e-06)
360.000 .... 659 packets received, 3763 bps, 47.03%, Err 15 (9.4e-06)
364.114 .... 660 packets received, 3725 bps, 46.57%, Err 15 (9.4e-06)
368.249 .... 661 packets received, 3689 bps, 46.11%, Err 15 (9.3e-06)
372.357 .... 662 packets received, 3654 bps, 45.67%, Err 15 (9.3e-06)
376.419 .... 663 packets received, 3620 bps, 45.25%, Err 15 (9.3e-06)
380.583 .... 664 packets received, 3585 bps, 44.82%, Err 15 (9.3e-06)
384.652 .... 665 packets received, 3553 bps, 44.41%, Err 15 (9.3e-06)
388.808 .... 666 packets received, 3520 bps, 44.00%, Err 15 (9.3e-06)
392.837 .... 667 packets received, 3489 bps, 43.61%, Err 15 (9.3e-06)
396.902 .... 668 packets received, 3458 bps, 43.23%, Err 15 (9.2e-06)
400.553 .... 669 packets received, 3432 bps, 42.90%, Err 15 (9.2e-06)
402.671 .... 677 packets received, 3454 bps, 43.18%, Err 15 (9.1e-06)
404.788 .... 685 packets received, 3477 bps, 43.46%, Err 15 (9.0e-06)
406.907 .... 693 packets received, 3499 bps, 43.74%, Err 15 (8.9e-06)
409.039 .... 701 packets received, 3521 bps, 44.01%, Err 15 (8.9e-06)
413.700 .... 709 packets received, 3521 bps, 44.01%, Err 16 (9.3e-06)
415.829 .... 717 packets received, 3542 bps, 44.28%, Err 16 (9.2e-06)
417.943 .... 725 packets received, 3564 bps, 44.55%, Err 16 (9.1e-06)
420.073 .... 733 packets received, 3585 bps, 44.81%, Err 16 (9.0e-06)
424.222 .... 739 packets received, 3579 bps, 44.73%, Err 16 (8.9e-06)
426.338 .... 747 packets received, 3599 bps, 44.99%, Err 16 (8.8e-06)
428.469 .... 755 packets received, 3620 bps, 45.25%, Err 16 (8.7e-06)
433.156 .... 763 packets received, 3618 bps, 45.23%, Err 17 (9.1e-06)
435.257 .... 771 packets received, 3639 bps, 45.48%, Err 17 (9.0e-06)
439.152 .... 776 packets received, 3630 bps, 45.37%, Err 18 (9.4e-06)
441.281 .... 784 packets received, 3649 bps, 45.62%, Err 18 (9.3e-06)
443.398 .... 789 packets received, 3655 bps, 45.69%, Err 18 (9.3e-06)
447.788 .... 796 packets received, 3651 bps, 45.64%, Err 19 (9.6e-06)
449.959 .... 804 packets received, 3670 bps, 45.87%, Err 19 (9.6e-06)
452.072 .... 812 packets received, 3689 bps, 46.11%, Err 19 (9.5e-06)
454.187 .... 820 packets received, 3708 bps, 46.35%, Err 19 (9.4e-06)
458.859 .... 828 packets received, 3706 bps, 46.33%, Err 19 (9.2e-06)
460.971 .... 836 packets received, 3725 bps, 46.56%, Err 19 (9.2e-06)
463.086 .... 844 packets received, 3743 bps, 46.79%, Err 19 (9.1e-06)
465.210 .... 852 packets received, 3761 bps, 47.02%, Err 20 (9.5e-06)
468.029 .... 853 packets received, 3743 bps, 46.79%, Err 20 (9.4e-06)
470.171 .... 861 packets received, 3761 bps, 47.01%, Err 20 (9.3e-06)
472.286 .... 867 packets received, 3770 bps, 47.12%, Err 20 (9.3e-06)
474.405 .... 875 packets received, 3788 bps, 47.35%, Err 20 (9.2e-06)
476.532 .... 883 packets received, 3805 bps, 47.57%, Err 20 (9.1e-06)
478.660 .... 891 packets received, 3823 bps, 47.78%, Err 20 (9.1e-06)
480.774 .... 899 packets received, 3840 bps, 48.00%, Err 20 (9.0e-06)
482.901 .... 907 packets received, 3857 bps, 48.21%, Err 20 (8.9e-06)
487.565 .... 915 packets received, 3854 bps, 48.17%, Err 20 (8.8e-06)
489.710 .... 923 packets received, 3870 bps, 48.38%, Err 20 (8.7e-06)
491.812 .... 931 packets received, 3887 bps, 48.59%, Err 20 (8.7e-06)
493.923 .... 939 packets received, 3904 bps, 48.80%, Err 20 (8.6e-06)
496.065 .... 947 packets received, 3920 bps, 49.00%, Err 20 (8.6e-06)
498.178 .... 955 packets received, 3936 bps, 49.20%, Err 20 (8.5e-06)
500.304 .... 963 packets received, 3952 bps, 49.40%, Err 20 (8.4e-06)
504.600 .... 965 packets received, 3927 bps, 49.08%, Err 20 (8.4e-06)
508.712 .... 966 packets received, 3899 bps, 48.74%, Err 20 (8.4e-06)
512.844 .... 967 packets received, 3871 bps, 48.39%, Err 20 (8.4e-06)
516.924 .... 968 packets received, 3845 bps, 48.06%, Err 20 (8.4e-06)
521.091 .... 969 packets received, 3818 bps, 47.72%, Err 20 (8.4e-06)
525.149 .... 970 packets received, 3792 bps, 47.40%, Err 20 (8.4e-06)
529.250 .... 971 packets received, 3767 bps, 47.08%, Err 20 (8.4e-06)
533.291 .... 972 packets received, 3742 bps, 46.77%, Err 20 (8.4e-06)
537.414 .... 973 packets received, 3717 bps, 46.46%, Err 20 (8.4e-06)
541.534 .... 974 packets received, 3692 bps, 46.15%, Err 20 (8.3e-06)
545.651 .... 975 packets received, 3668 bps, 45.85%, Err 20 (8.3e-06)
549.769 .... 976 packets received, 3644 bps, 45.55%, Err 20 (8.3e-06)
553.863 .... 977 packets received, 3621 bps, 45.26%, Err 20 (8.3e-06)
557.900 .... 978 packets received, 3599 bps, 44.98%, Err 20 (8.3e-06)
561.970 .... 979 packets received, 3576 bps, 44.70%, Err 20 (8.3e-06)
566.099 .... 980 packets received, 3554 bps, 44.42%, Err 20 (8.3e-06)
570.214 .... 981 packets received, 3531 bps, 44.14%, Err 20 (8.3e-06)
574.312 .... 982 packets received, 3510 bps, 43.87%, Err 20 (8.3e-06)
578.409 .... 983 packets received, 3488 bps, 43.60%, Err 20 (8.3e-06)
582.553 .... 984 packets received, 3467 bps, 43.34%, Err 20 (8.3e-06)
586.651 .... 985 packets received, 3446 bps, 43.08%, Err 20 (8.2e-06)
590.693 .... 986 packets received, 3426 bps, 42.83%, Err 20 (8.2e-06)
594.766 .... 987 packets received, 3406 bps, 42.58%, Err 20 (8.2e-06)
598.895 .... 988 packets received, 3386 bps, 42.32%, Err 20 (8.2e-06)
601.054 .... 991 packets received, 3384 bps, 42.30%, Err 20 (8.2e-06)
603.182 .... 999 packets received, 3399 bps, 42.49%, Err 20 (8.1e-06)
605.386 .... 1005 packets received, 3407 bps, 42.59%, Err 20 (8.1e-06)
607.500 .... 1013 packets received, 3422 bps, 42.78%, Err 21 (8.4e-06)
610.301 .... 1014 packets received, 3410 bps, 42.62%, Err 21 (8.4e-06)
612.429 .... 1022 packets received, 3425 bps, 42.81%, Err 21 (8.3e-06)
614.589 .... 1028 packets received, 3433 bps, 42.91%, Err 21 (8.3e-06)
616.704 .... 1036 packets received, 3448 bps, 43.10%, Err 21 (8.2e-06)
618.820 .... 1044 packets received, 3462 bps, 43.28%, Err 21 (8.2e-06)
620.936 .... 1052 packets received, 3477 bps, 43.46%, Err 21 (8.1e-06)
623.065 .... 1060 packets received, 3491 bps, 43.64%, Err 21 (8.1e-06)
625.179 .... 1068 packets received, 3506 bps, 43.82%, Err 21 (8.0e-06)
627.307 .... 1076 packets received, 3520 bps, 44.00%, Err 21 (8.0e-06)
629.449 .... 1084 packets received, 3534 bps, 44.18%, Err 21 (7.9e-06)
631.717 .... 1090 packets received, 3541 bps, 44.26%, Err 21 (7.9e-06)
633.835 .... 1098 packets received, 3555 bps, 44.44%, Err 21 (7.8e-06)
635.950 .... 1106 packets received, 3569 bps, 44.61%, Err 21 (7.8e-06)
638.068 .... 1114 packets received, 3583 bps, 44.79%, Err 21 (7.7e-06)
640.181 .... 1122 packets received, 3597 bps, 44.96%, Err 21 (7.7e-06)
644.070 .... 1127 packets received, 3591 bps, 44.89%, Err 21 (7.6e-06)
646.212 .... 1135 packets received, 3604 bps, 45.05%, Err 21 (7.6e-06)
650.595 .... 1142 packets received, 3602 bps, 45.03%, Err 22 (7.8e-06)
652.723 .... 1150 packets received, 3615 bps, 45.19%, Err 22 (7.8e-06)
654.835 .... 1155 packets received, 3619 bps, 45.24%, Err 23 (8.1e-06)
656.949 .... 1163 packets received, 3633 bps, 45.41%, Err 23 (8.1e-06)
659.063 .... 1171 packets received, 3646 bps, 45.57%, Err 23 (8.0e-06)
661.193 .... 1179 packets received, 3659 bps, 45.74%, Err 23 (8.0e-06)
665.833 .... 1187 packets received, 3658 bps, 45.73%, Err 24 (8.2e-06)
667.979 .... 1195 packets received, 3671 bps, 45.89%, Err 24 (8.2e-06)
670.778 .... 1196 packets received, 3659 bps, 45.73%, Err 24 (8.1e-06)
673.046 .... 1203 packets received, 3668 bps, 45.85%, Err 24 (8.1e-06)
676.141 .... 1205 packets received, 3657 bps, 45.71%, Err 25 (8.4e-06)
680.806 .... 1213 packets received, 3656 bps, 45.70%, Err 26 (8.6e-06)
682.935 .... 1221 packets received, 3669 bps, 45.86%, Err 26 (8.6e-06)
685.049 .... 1226 packets received, 3672 bps, 45.90%, Err 26 (8.5e-06)
688.390 .... 1229 packets received, 3663 bps, 45.79%, Err 27 (8.8e-06)
690.507 .... 1237 packets received, 3676 bps, 45.95%, Err 28 (9.1e-06)
692.646 .... 1245 packets received, 3688 bps, 46.10%, Err 28 (9.0e-06)
694.782 .... 1253 packets received, 3700 bps, 46.25%, Err 28 (9.0e-06)
696.881 .... 1261 packets received, 3713 bps, 46.41%, Err 28 (8.9e-06)
699.005 .... 1269 packets received, 3725 bps, 46.56%, Err 28 (8.9e-06)
704.365 .... 1275 packets received, 3714 bps, 46.42%, Err 28 (8.9e-06)
708.510 .... 1276 packets received, 3695 bps, 46.19%, Err 28 (8.9e-06)
712.564 .... 1277 packets received, 3677 bps, 45.96%, Err 28 (8.8e-06)
716.635 .... 1278 packets received, 3659 bps, 45.74%, Err 28 (8.8e-06)
720.727 .... 1279 packets received, 3641 bps, 45.51%, Err 28 (8.8e-06)
724.802 .... 1280 packets received, 3623 bps, 45.29%, Err 28 (8.8e-06)
728.919 .... 1281 packets received, 3606 bps, 45.07%, Err 28 (8.8e-06)
733.098 .... 1282 packets received, 3588 bps, 44.85%, Err 28 (8.8e-06)
737.154 .... 1283 packets received, 3571 bps, 44.63%, Err 28 (8.8e-06)
741.313 .... 1284 packets received, 3553 bps, 44.42%, Err 28 (8.8e-06)
745.403 .... 1285 packets received, 3537 bps, 44.21%, Err 28 (8.8e-06)
749.585 .... 1286 packets received, 3520 bps, 44.00%, Err 28 (8.8e-06)
753.641 .... 1287 packets received, 3503 bps, 43.79%, Err 28 (8.8e-06)
757.650 .... 1288 packets received, 3488 bps, 43.59%, Err 28 (8.8e-06)
761.874 .... 1289 packets received, 3471 bps, 43.39%, Err 28 (8.8e-06)
765.989 .... 1290 packets received, 3455 bps, 43.19%, Err 28 (8.8e-06)
770.046 .... 1291 packets received, 3439 bps, 42.99%, Err 28 (8.7e-06)
774.076 .... 1292 packets received, 3424 bps, 42.80%, Err 28 (8.7e-06)
778.102 .... 1293 packets received, 3409 bps, 42.61%, Err 28 (8.7e-06)
782.200 .... 1294 packets received, 3394 bps, 42.42%, Err 28 (8.7e-06)
786.332 .... 1295 packets received, 3378 bps, 42.23%, Err 28 (8.7e-06)
790.445 .... 1296 packets received, 3363 bps, 42.04%, Err 28 (8.7e-06)
794.715 .... 1297 packets received, 3348 bps, 41.85%, Err 28 (8.7e-06)
798.728 .... 1298 packets received, 3334 bps, 41.67%, Err 28 (8.7e-06)
800.810 .... 1300 packets received, 3330 bps, 41.63%, Err 28 (8.7e-06)
802.938 .... 1308 packets received, 3342 bps, 41.77%, Err 28 (8.6e-06)
805.053 .... 1316 packets received, 3353 bps, 41.92%, Err 28 (8.6e-06)
807.153 .... 1324 packets received, 3365 bps, 42.06%, Err 28 (8.5e-06)
809.288 .... 1332 packets received, 3376 bps, 42.20%, Err 28 (8.5e-06)
811.401 .... 1340 packets received, 3388 bps, 42.35%, Err 28 (8.5e-06)
813.552 .... 1348 packets received, 3399 bps, 42.49%, Err 28 (8.4e-06)
815.648 .... 1356 packets received, 3410 bps, 42.63%, Err 28 (8.4e-06)
819.504 .... 1361 packets received, 3407 bps, 42.58%, Err 30 (8.9e-06)
823.619 .... 1364 packets received, 3397 bps, 42.46%, Err 31 (9.1e-06)
825.748 .... 1372 packets received, 3408 bps, 42.60%, Err 31 (9.1e-06)
827.876 .... 1380 packets received, 3419 bps, 42.74%, Err 31 (9.1e-06)
830.951 .... 1382 packets received, 3411 bps, 42.64%, Err 32 (9.3e-06)
835.053 .... 1385 packets received, 3402 bps, 42.53%, Err 34 (9.8e-06)
837.168 .... 1393 packets received, 3413 bps, 42.66%, Err 34 (9.8e-06)
839.296 .... 1401 packets received, 3424 bps, 42.80%, Err 34 (9.7e-06)
841.411 .... 1409 packets received, 3435 bps, 42.94%, Err 34 (9.7e-06)
844.516 .... 1411 packets received, 3427 bps, 42.84%, Err 34 (9.6e-06)
846.646 .... 1419 packets received, 3438 bps, 42.97%, Err 34 (9.6e-06)
848.761 .... 1427 packets received, 3449 bps, 43.11%, Err 34 (9.5e-06)
850.890 .... 1435 packets received, 3459 bps, 43.24%, Err 34 (9.5e-06)
853.001 .... 1443 packets received, 3470 bps, 43.37%, Err 34 (9.4e-06)
855.139 .... 1451 packets received, 3480 bps, 43.50%, Err 34 (9.4e-06)
858.192 .... 1453 packets received, 3473 bps, 43.41%, Err 35 (9.6e-06)
862.583 .... 1460 packets received, 3472 bps, 43.40%, Err 35 (9.5e-06)
864.699 .... 1468 packets received, 3482 bps, 43.53%, Err 35 (9.5e-06)
866.813 .... 1476 packets received, 3493 bps, 43.66%, Err 35 (9.5e-06)
868.930 .... 1484 packets received, 3503 bps, 43.79%, Err 35 (9.4e-06)
873.330 .... 1491 packets received, 3502 bps, 43.77%, Err 36 (9.6e-06)
877.474 .... 1494 packets received, 3492 bps, 43.65%, Err 37 (9.8e-06)
881.895 .... 1499 packets received, 3486 bps, 43.58%, Err 38 (1.0e-05)
884.044 .... 1507 packets received, 3496 bps, 43.70%, Err 38 (1.0e-05)
886.143 .... 1512 packets received, 3500 bps, 43.74%, Err 39 (1.0e-05)
888.264 .... 1520 packets received, 3510 bps, 43.87%, Err 39 (1.0e-05)
890.383 .... 1528 packets received, 3520 bps, 44.00%, Err 39 (1.0e-05)
892.503 .... 1536 packets received, 3530 bps, 44.12%, Err 39 (1.0e-05)
894.623 .... 1544 packets received, 3540 bps, 44.25%, Err 39 (1.0e-05)
896.737 .... 1552 packets received, 3550 bps, 44.37%, Err 39 (1.0e-05)
898.879 .... 1560 packets received, 3559 bps, 44.49%, Err 39 (9.9e-06)
903.228 .... 1562 packets received, 3547 bps, 44.34%, Err 39 (9.9e-06)
907.263 .... 1563 packets received, 3533 bps, 44.17%, Err 39 (9.9e-06)
911.275 .... 1564 packets received, 3520 bps, 44.00%, Err 39 (9.9e-06)
915.355 .... 1565 packets received, 3506 bps, 43.83%, Err 39 (9.9e-06)
919.435 .... 1566 packets received, 3493 bps, 43.66%, Err 39 (9.9e-06)
923.605 .... 1567 packets received, 3480 bps, 43.49%, Err 39 (9.9e-06)
927.733 .... 1568 packets received, 3466 bps, 43.33%, Err 39 (9.9e-06)
931.807 .... 1569 packets received, 3453 bps, 43.17%, Err 39 (9.8e-06)
935.882 .... 1570 packets received, 3440 bps, 43.01%, Err 39 (9.8e-06)
940.054 .... 1571 packets received, 3427 bps, 42.84%, Err 39 (9.8e-06)
944.235 .... 1572 packets received, 3414 bps, 42.68%, Err 39 (9.8e-06)
948.322 .... 1573 packets received, 3402 bps, 42.52%, Err 39 (9.8e-06)
952.397 .... 1574 packets received, 3389 bps, 42.37%, Err 39 (9.8e-06)
956.517 .... 1575 packets received, 3377 bps, 42.21%, Err 39 (9.8e-06)
960.558 .... 1576 packets received, 3365 bps, 42.06%, Err 39 (9.8e-06)
964.738 .... 1577 packets received, 3352 bps, 41.90%, Err 39 (9.8e-06)
968.829 .... 1578 packets received, 3340 bps, 41.75%, Err 39 (9.8e-06)
972.842 .... 1579 packets received, 3328 bps, 41.61%, Err 39 (9.8e-06)
979.424 .... 1580 packets received, 3308 bps, 41.35%, Err 40 (1.0e-05)
985.059 .... 1582 packets received, 3293 bps, 41.17%, Err 40 (1.0e-05)
989.166 .... 1583 packets received, 3282 bps, 41.02%, Err 40 (1.0e-05)
993.316 .... 1584 packets received, 3270 bps, 40.88%, Err 40 (1.0e-05)
997.403 .... 1585 packets received, 3259 bps, 40.73%, Err 40 (1.0e-05)
1000.529 .... 1586 packets received, 3251 bps, 40.63%, Err 40 (1.0e-05)
1004.131 .... 1590 packets received, 3247 bps, 40.59%, Err 41 (1.0e-05)
1006.275 .... 1598 packets received, 3256 bps, 40.71%, Err 41 (1.0e-05)
1008.389 .... 1603 packets received, 3260 bps, 40.75%, Err 41 (1.0e-05)
1011.697 .... 1606 packets received, 3255 bps, 40.69%, Err 42 (1.0e-05)
1013.829 .... 1614 packets received, 3265 bps, 40.81%, Err 42 (1.0e-05)
1015.974 .... 1622 packets received, 3274 bps, 40.92%, Err 42 (1.0e-05)
1018.088 .... 1630 packets received, 3283 bps, 41.04%, Err 43 (1.0e-05)
1020.891 .... 1631 packets received, 3276 bps, 40.95%, Err 43 (1.0e-05)
1023.023 .... 1639 packets received, 3285 bps, 41.07%, Err 43 (1.0e-05)
1025.152 .... 1647 packets received, 3294 bps, 41.18%, Err 43 (1.0e-05)
1027.250 .... 1655 packets received, 3304 bps, 41.30%, Err 43 (1.0e-05)
1029.409 .... 1663 packets received, 3313 bps, 41.41%, Err 43 (1.0e-05)
1031.504 .... 1671 packets received, 3322 bps, 41.52%, Err 43 (1.0e-05)
1034.869 .... 1674 packets received, 3317 bps, 41.46%, Err 44 (1.0e-05)
1036.997 .... 1682 packets received, 3326 bps, 41.57%, Err 44 (1.0e-05)
1039.113 .... 1690 packets received, 3335 bps, 41.69%, Err 44 (1.0e-05)
1041.215 .... 1698 packets received, 3344 bps, 41.80%, Err 44 (1.0e-05)
1045.107 .... 1703 packets received, 3341 bps, 41.77%, Err 44 (1.0e-05)
1047.212 .... 1711 packets received, 3350 bps, 41.88%, Err 44 (1.0e-05)
1049.343 .... 1719 packets received, 3359 bps, 41.99%, Err 44 (1.0e-05)
1051.476 .... 1727 packets received, 3368 bps, 42.10%, Err 44 (1.0e-05)
1053.592 .... 1735 packets received, 3377 bps, 42.21%, Err 44 (1.0e-05)
1056.662 .... 1737 packets received, 3371 bps, 42.13%, Err 45 (1.0e-05)
1058.773 .... 1745 packets received, 3380 bps, 42.24%, Err 45 (1.0e-05)
1060.923 .... 1751 packets received, 3384 bps, 42.30%, Err 45 (1.0e-05)
1063.034 .... 1759 packets received, 3393 bps, 42.41%, Err 45 (1.0e-05)
1065.152 .... 1767 packets received, 3402 bps, 42.52%, Err 45 (1.0e-05)
1067.283 .... 1775 packets received, 3410 bps, 42.63%, Err 45 (1.0e-05)
1070.910 .... 1779 packets received, 3406 bps, 42.58%, Err 45 (1.0e-05)
1075.298 .... 1786 packets received, 3406 bps, 42.57%, Err 46 (1.0e-05)
1077.417 .... 1794 packets received, 3414 bps, 42.68%, Err 46 (1.0e-05)
1079.653 .... 1800 packets received, 3419 bps, 42.73%, Err 46 (1.0e-05)
1081.894 .... 1806 packets received, 3423 bps, 42.79%, Err 46 (1.0e-05)
1084.027 .... 1814 packets received, 3431 bps, 42.89%, Err 46 (1.0e-05)
1086.125 .... 1822 packets received, 3440 bps, 43.00%, Err 46 (9.9e-06)
1088.242 .... 1830 packets received, 3448 bps, 43.10%, Err 46 (9.9e-06)
1090.374 .... 1838 packets received, 3456 bps, 43.20%, Err 46 (9.9e-06)
1092.476 .... 1846 packets received, 3465 bps, 43.31%, Err 46 (9.8e-06)
1097.154 .... 1854 packets received, 3465 bps, 43.31%, Err 48 (1.0e-05)
1099.288 .... 1862 packets received, 3473 bps, 43.41%, Err 48 (1.0e-05)
1104.436 .... 1867 packets received, 3466 bps, 43.33%, Err 48 (1.0e-05)
1108.514 .... 1868 packets received, 3455 bps, 43.19%, Err 48 (1.0e-05)
1112.590 .... 1869 packets received, 3444 bps, 43.05%, Err 48 (1.0e-05)
1116.680 .... 1870 packets received, 3434 bps, 42.92%, Err 48 (1.0e-05)
1120.813 .... 1871 packets received, 3423 bps, 42.78%, Err 48 (1.0e-05)
1124.902 .... 1872 packets received, 3412 bps, 42.65%, Err 48 (1.0e-05)
1128.992 .... 1873 packets received, 3402 bps, 42.52%, Err 48 (1.0e-05)
1133.116 .... 1874 packets received, 3391 bps, 42.39%, Err 48 (1.0e-05)
1137.187 .... 1875 packets received, 3381 bps, 42.26%, Err 48 (1.0e-05)
1141.371 .... 1876 packets received, 3370 bps, 42.12%, Err 48 (1.0e-05)
1145.503 .... 1877 packets received, 3360 bps, 42.00%, Err 48 (1.0e-05)
1149.588 .... 1878 packets received, 3349 bps, 41.87%, Err 48 (1.0e-05)
1153.692 .... 1879 packets received, 3339 bps, 41.74%, Err 48 (1.0e-05)
1157.855 .... 1880 packets received, 3329 bps, 41.61%, Err 48 (1.0e-05)
1161.917 .... 1881 packets received, 3319 bps, 41.49%, Err 48 (1.0e-05)
1166.040 .... 1882 packets received, 3309 bps, 41.36%, Err 48 (1.0e-05)
1170.055 .... 1883 packets received, 3300 bps, 41.24%, Err 48 (1.0e-05)
1174.138 .... 1884 packets received, 3290 bps, 41.12%, Err 48 (1.0e-05)
1178.159 .... 1885 packets received, 3280 bps, 41.00%, Err 48 (1.0e-05)
1182.234 .... 1886 packets received, 3271 bps, 40.88%, Err 48 (1.0e-05)
1188.888 .... 1887 packets received, 3254 bps, 40.68%, Err 49 (1.0e-05)
1194.551 .... 1889 packets received, 3242 bps, 40.53%, Err 49 (1.0e-05)
1198.611 .... 1890 packets received, 3233 bps, 40.41%, Err 49 (1.0e-05)
1200.027 Quit.
