000.000 =============================================================
000.000                     Station B                               
000.000 -------------------------------------------------------------
000.000 Protocol.lib, version 4.0, jiangyanjun0718@bupt.edu.cn
000.000 Channel: 8000 bps, 270 ms propagation delay, bit error rate 1.0E-05
000.000 Log file "B.log", TCP port 30011, debug mask 0x00
000.000 Station B is connecting station A (TCP port 30011) ... Failed!
000.000 Station B is connecting station A (TCP port 30011) ... Done.
000.652 New epoch: Thu May 16 16:33:39 2019
000.652 =================================================================
000.652 
000.652 Designed by CJSoft, build: May 16 2019  16:33:08
003.058 .... 8 packets received, 7688 bps, 96.11%, Err 0 (0.0e+00)
007.727 .... 16 packets received, 4819 bps, 60.24%, Err 2 (3.9e-05)
009.831 .... 24 packets received, 5520 bps, 69.00%, Err 2 (2.9e-05)
011.946 .... 32 packets received, 5948 bps, 74.34%, Err 2 (2.4e-05)
014.092 .... 40 packets received, 6223 bps, 77.78%, Err 2 (2.0e-05)
016.192 .... 48 packets received, 6440 bps, 80.50%, Err 2 (1.7e-05)
018.307 .... 56 packets received, 6599 bps, 82.49%, Err 2 (1.5e-05)
020.452 .... 64 packets received, 6713 bps, 83.91%, Err 2 (1.3e-05)
022.551 .... 72 packets received, 6819 bps, 85.24%, Err 2 (1.2e-05)
024.683 .... 80 packets received, 6897 bps, 86.21%, Err 2 (1.1e-05)
029.357 .... 88 packets received, 6339 bps, 79.24%, Err 3 (1.4e-05)
031.501 .... 96 packets received, 6431 bps, 80.38%, Err 3 (1.3e-05)
033.600 .... 102 packets received, 6394 bps, 79.92%, Err 3 (1.2e-05)
035.729 .... 110 packets received, 6473 bps, 80.91%, Err 3 (1.1e-05)
039.052 .... 113 packets received, 6070 bps, 75.88%, Err 5 (1.7e-05)
041.188 .... 121 packets received, 6155 bps, 76.94%, Err 6 (2.0e-05)
044.020 .... 122 packets received, 5798 bps, 72.48%, Err 6 (1.9e-05)
046.102 .... 130 packets received, 5894 bps, 73.67%, Err 6 (1.8e-05)
048.276 .... 135 packets received, 5839 bps, 72.99%, Err 6 (1.7e-05)
050.377 .... 143 packets received, 5922 bps, 74.03%, Err 6 (1.6e-05)
052.507 .... 151 packets received, 5996 bps, 74.94%, Err 6 (1.6e-05)
054.649 .... 159 packets received, 6061 bps, 75.77%, Err 6 (1.5e-05)
056.735 .... 167 packets received, 6128 bps, 76.61%, Err 6 (1.4e-05)
058.867 .... 175 packets received, 6186 bps, 77.32%, Err 6 (1.4e-05)
060.997 .... 183 packets received, 6239 bps, 77.99%, Err 6 (1.3e-05)
063.112 .... 191 packets received, 6290 bps, 78.63%, Err 6 (1.3e-05)
065.226 .... 199 packets received, 6338 bps, 79.23%, Err 6 (1.2e-05)
067.341 .... 207 packets received, 6383 bps, 79.79%, Err 6 (1.2e-05)
070.958 .... 211 packets received, 6171 bps, 77.13%, Err 7 (1.3e-05)
073.088 .... 219 packets received, 6216 bps, 77.69%, Err 7 (1.3e-05)
075.200 .... 224 packets received, 6177 bps, 77.21%, Err 7 (1.3e-05)
077.330 .... 232 packets received, 6219 bps, 77.74%, Err 7 (1.2e-05)
081.724 .... 239 packets received, 6058 bps, 75.73%, Err 8 (1.3e-05)
083.851 .... 247 packets received, 6100 bps, 76.25%, Err 8 (1.3e-05)
085.979 .... 253 packets received, 6092 bps, 76.15%, Err 8 (1.3e-05)
088.093 .... 261 packets received, 6132 bps, 76.65%, Err 8 (1.2e-05)
092.244 .... 267 packets received, 5988 bps, 74.85%, Err 8 (1.2e-05)
094.378 .... 275 packets received, 6027 bps, 75.33%, Err 8 (1.2e-05)
096.494 .... 283 packets received, 6065 bps, 75.81%, Err 8 (1.1e-05)
098.619 .... 291 packets received, 6100 bps, 76.26%, Err 8 (1.1e-05)
100.732 .... 299 packets received, 6136 bps, 76.69%, Err 8 (1.1e-05)
102.858 .... 307 packets received, 6168 bps, 77.10%, Err 8 (1.1e-05)
104.985 .... 315 packets received, 6200 bps, 77.50%, Err 8 (1.0e-05)
107.098 .... 323 packets received, 6231 bps, 77.88%, Err 8 (1.0e-05)
109.223 .... 331 packets received, 6260 bps, 78.24%, Err 8 (9.9e-06)
111.319 .... 339 packets received, 6289 bps, 78.61%, Err 8 (9.7e-06)
113.462 .... 347 packets received, 6315 bps, 78.94%, Err 8 (9.5e-06)
115.574 .... 355 packets received, 6342 bps, 79.27%, Err 8 (9.3e-06)
119.991 .... 362 packets received, 6227 bps, 77.83%, Err 9 (1.0e-05)
124.368 .... 368 packets received, 6106 bps, 76.32%, Err 11 (1.2e-05)
126.478 .... 376 packets received, 6133 bps, 76.67%, Err 11 (1.2e-05)
128.604 .... 384 packets received, 6160 bps, 76.99%, Err 12 (1.3e-05)
131.416 .... 385 packets received, 6043 bps, 75.53%, Err 12 (1.2e-05)
133.527 .... 393 packets received, 6070 bps, 75.87%, Err 12 (1.2e-05)
135.667 .... 401 packets received, 6095 bps, 76.19%, Err 12 (1.2e-05)
137.783 .... 409 packets received, 6121 bps, 76.51%, Err 12 (1.2e-05)
139.911 .... 417 packets received, 6145 bps, 76.81%, Err 12 (1.2e-05)
142.021 .... 425 packets received, 6169 bps, 77.11%, Err 12 (1.1e-05)
145.351 .... 428 packets received, 6069 bps, 75.87%, Err 13 (1.2e-05)
147.490 .... 436 packets received, 6092 bps, 76.16%, Err 13 (1.2e-05)
149.612 .... 444 packets received, 6116 bps, 76.45%, Err 13 (1.2e-05)
152.681 .... 446 packets received, 6019 bps, 75.24%, Err 14 (1.2e-05)
154.805 .... 454 packets received, 6042 bps, 75.53%, Err 14 (1.2e-05)
158.411 .... 458 packets received, 5956 bps, 74.45%, Err 15 (1.3e-05)
160.521 .... 466 packets received, 5980 bps, 74.75%, Err 15 (1.3e-05)
162.631 .... 474 packets received, 6003 bps, 75.04%, Err 15 (1.2e-05)
164.758 .... 482 packets received, 6025 bps, 75.32%, Err 15 (1.2e-05)
166.883 .... 490 packets received, 6047 bps, 75.59%, Err 15 (1.2e-05)
168.995 .... 498 packets received, 6068 bps, 75.86%, Err 15 (1.2e-05)
171.122 .... 506 packets received, 6089 bps, 76.11%, Err 15 (1.2e-05)
173.234 .... 514 packets received, 6109 bps, 76.37%, Err 15 (1.2e-05)
175.375 .... 522 packets received, 6128 bps, 76.60%, Err 15 (1.2e-05)
177.468 .... 530 packets received, 6148 bps, 76.85%, Err 15 (1.1e-05)
179.603 .... 538 packets received, 6167 bps, 77.08%, Err 15 (1.1e-05)
181.724 .... 546 packets received, 6185 bps, 77.31%, Err 15 (1.1e-05)
183.830 .... 554 packets received, 6203 bps, 77.54%, Err 15 (1.1e-05)
185.971 .... 562 packets received, 6220 bps, 77.75%, Err 15 (1.1e-05)
188.095 .... 570 packets received, 6237 bps, 77.96%, Err 15 (1.1e-05)
190.210 .... 578 packets received, 6254 bps, 78.17%, Err 15 (1.1e-05)
192.320 .... 586 packets received, 6270 bps, 78.38%, Err 15 (1.0e-05)
194.449 .... 594 packets received, 6286 bps, 78.58%, Err 15 (1.0e-05)
196.562 .... 602 packets received, 6302 bps, 78.78%, Err 15 (1.0e-05)
198.682 .... 610 packets received, 6317 bps, 78.97%, Err 15 (1.0e-05)
200.794 .... 618 packets received, 6333 bps, 79.16%, Err 15 (1.0e-05)
202.905 .... 626 packets received, 6347 bps, 79.34%, Err 15 (9.8e-06)
205.048 .... 634 packets received, 6361 bps, 79.51%, Err 15 (9.7e-06)
207.159 .... 642 packets received, 6375 bps, 79.69%, Err 15 (9.6e-06)
209.288 .... 650 packets received, 6389 bps, 79.86%, Err 15 (9.5e-06)
211.402 .... 658 packets received, 6403 bps, 80.03%, Err 15 (9.4e-06)
213.516 .... 666 packets received, 6416 bps, 80.20%, Err 15 (9.3e-06)
218.183 .... 674 packets received, 6354 bps, 79.42%, Err 16 (9.8e-06)
220.327 .... 682 packets received, 6366 bps, 79.58%, Err 16 (9.7e-06)
222.439 .... 690 packets received, 6379 bps, 79.74%, Err 16 (9.6e-06)
224.555 .... 698 packets received, 6392 bps, 79.90%, Err 16 (9.5e-06)
226.692 .... 706 packets received, 6404 bps, 80.05%, Err 16 (9.4e-06)
228.816 .... 714 packets received, 6417 bps, 80.21%, Err 16 (9.3e-06)
230.926 .... 722 packets received, 6429 bps, 80.36%, Err 16 (9.2e-06)
233.045 .... 730 packets received, 6441 bps, 80.51%, Err 16 (9.1e-06)
235.172 .... 738 packets received, 6452 bps, 80.65%, Err 16 (9.0e-06)
237.292 .... 746 packets received, 6464 bps, 80.80%, Err 16 (8.9e-06)
239.386 .... 754 packets received, 6476 bps, 80.95%, Err 16 (8.8e-06)
241.530 .... 762 packets received, 6486 bps, 81.08%, Err 16 (8.8e-06)
243.625 .... 770 packets received, 6498 bps, 81.22%, Err 16 (8.7e-06)
245.767 .... 778 packets received, 6508 bps, 81.35%, Err 16 (8.6e-06)
247.897 .... 786 packets received, 6518 bps, 81.47%, Err 16 (8.5e-06)
250.977 .... 788 packets received, 6454 bps, 80.68%, Err 16 (8.4e-06)
253.091 .... 796 packets received, 6465 bps, 80.81%, Err 16 (8.4e-06)
255.222 .... 804 packets received, 6475 bps, 80.94%, Err 16 (8.3e-06)
258.022 .... 812 packets received, 6468 bps, 80.85%, Err 16 (8.2e-06)
260.138 .... 820 packets received, 6479 bps, 80.98%, Err 16 (8.1e-06)
262.266 .... 828 packets received, 6489 bps, 81.11%, Err 16 (8.1e-06)
264.367 .... 836 packets received, 6499 bps, 81.24%, Err 16 (8.0e-06)
266.498 .... 844 packets received, 6509 bps, 81.36%, Err 16 (7.9e-06)
268.780 .... 850 packets received, 6499 bps, 81.24%, Err 16 (7.9e-06)
270.881 .... 858 packets received, 6509 bps, 81.36%, Err 16 (7.8e-06)
273.013 .... 866 packets received, 6518 bps, 81.48%, Err 16 (7.8e-06)
275.129 .... 874 packets received, 6528 bps, 81.60%, Err 16 (7.7e-06)
277.261 .... 882 packets received, 6537 bps, 81.71%, Err 16 (7.6e-06)
279.377 .... 890 packets received, 6546 bps, 81.82%, Err 16 (7.6e-06)
283.495 .... 896 packets received, 6494 bps, 81.18%, Err 17 (7.9e-06)
285.624 .... 904 packets received, 6503 bps, 81.29%, Err 17 (7.9e-06)
287.754 .... 912 packets received, 6512 bps, 81.40%, Err 17 (7.8e-06)
291.079 .... 915 packets received, 6458 bps, 80.73%, Err 18 (8.2e-06)
293.221 .... 923 packets received, 6467 bps, 80.84%, Err 18 (8.1e-06)
296.561 .... 926 packets received, 6415 bps, 80.19%, Err 19 (8.5e-06)
298.674 .... 934 packets received, 6424 bps, 80.30%, Err 19 (8.4e-06)
301.090 .... 941 packets received, 6420 bps, 80.26%, Err 20 (8.8e-06)
303.278 .... 949 packets received, 6428 bps, 80.35%, Err 20 (8.8e-06)
305.403 .... 957 packets received, 6437 bps, 80.46%, Err 20 (8.7e-06)
308.735 .... 960 packets received, 6387 bps, 79.84%, Err 21 (9.0e-06)
310.846 .... 968 packets received, 6397 bps, 79.96%, Err 21 (9.0e-06)
315.238 .... 975 packets received, 6353 bps, 79.41%, Err 22 (9.3e-06)
317.347 .... 983 packets received, 6362 bps, 79.53%, Err 22 (9.2e-06)
319.476 .... 991 packets received, 6371 bps, 79.64%, Err 22 (9.2e-06)
321.603 .... 999 packets received, 6380 bps, 79.75%, Err 22 (9.1e-06)
325.746 .... 1005 packets received, 6337 bps, 79.21%, Err 24 (9.8e-06)
327.857 .... 1013 packets received, 6346 bps, 79.32%, Err 24 (9.7e-06)
329.982 .... 1021 packets received, 6355 bps, 79.43%, Err 24 (9.7e-06)
332.108 .... 1029 packets received, 6363 bps, 79.54%, Err 24 (9.6e-06)
334.219 .... 1037 packets received, 6372 bps, 79.65%, Err 24 (9.5e-06)
336.346 .... 1045 packets received, 6381 bps, 79.76%, Err 24 (9.5e-06)
338.470 .... 1053 packets received, 6389 bps, 79.86%, Err 24 (9.4e-06)
340.583 .... 1061 packets received, 6397 bps, 79.97%, Err 24 (9.4e-06)
342.691 .... 1069 packets received, 6406 bps, 80.07%, Err 24 (9.3e-06)
344.803 .... 1077 packets received, 6414 bps, 80.18%, Err 24 (9.2e-06)
346.913 .... 1085 packets received, 6422 bps, 80.28%, Err 24 (9.2e-06)
349.040 .... 1093 packets received, 6430 bps, 80.38%, Err 24 (9.1e-06)
351.166 .... 1101 packets received, 6438 bps, 80.48%, Err 24 (9.1e-06)
355.827 .... 1109 packets received, 6400 bps, 80.00%, Err 25 (9.3e-06)
357.965 .... 1117 packets received, 6407 bps, 80.09%, Err 25 (9.3e-06)
360.092 .... 1125 packets received, 6415 bps, 80.19%, Err 25 (9.2e-06)
363.686 .... 1129 packets received, 6374 bps, 79.67%, Err 26 (9.5e-06)
365.786 .... 1137 packets received, 6382 bps, 79.78%, Err 26 (9.4e-06)
367.930 .... 1145 packets received, 6389 bps, 79.87%, Err 26 (9.4e-06)
370.043 .... 1153 packets received, 6397 bps, 79.97%, Err 26 (9.3e-06)
372.175 .... 1161 packets received, 6405 bps, 80.06%, Err 26 (9.3e-06)
375.505 .... 1164 packets received, 6364 bps, 79.55%, Err 27 (9.5e-06)
377.624 .... 1172 packets received, 6372 bps, 79.65%, Err 27 (9.5e-06)
379.742 .... 1180 packets received, 6379 bps, 79.74%, Err 27 (9.4e-06)
381.850 .... 1188 packets received, 6387 bps, 79.84%, Err 27 (9.4e-06)
383.968 .... 1196 packets received, 6395 bps, 79.93%, Err 27 (9.3e-06)
386.097 .... 1204 packets received, 6402 bps, 80.02%, Err 27 (9.3e-06)
388.225 .... 1212 packets received, 6409 bps, 80.11%, Err 27 (9.2e-06)
390.349 .... 1220 packets received, 6416 bps, 80.20%, Err 27 (9.2e-06)
392.466 .... 1228 packets received, 6423 bps, 80.29%, Err 27 (9.1e-06)
394.573 .... 1236 packets received, 6430 bps, 80.38%, Err 27 (9.1e-06)
396.695 .... 1244 packets received, 6437 bps, 80.47%, Err 27 (9.0e-06)
398.823 .... 1252 packets received, 6444 bps, 80.55%, Err 27 (9.0e-06)
400.935 .... 1260 packets received, 6451 bps, 80.64%, Err 27 (8.9e-06)
403.066 .... 1268 packets received, 6458 bps, 80.72%, Err 27 (8.9e-06)
405.170 .... 1276 packets received, 6465 bps, 80.81%, Err 27 (8.8e-06)
407.304 .... 1284 packets received, 6471 bps, 80.89%, Err 27 (8.8e-06)
409.436 .... 1292 packets received, 6477 bps, 80.97%, Err 28 (9.0e-06)
412.470 .... 1294 packets received, 6439 bps, 80.49%, Err 29 (9.3e-06)
414.597 .... 1302 packets received, 6446 bps, 80.57%, Err 29 (9.2e-06)
416.620 .... 1307 packets received, 6439 bps, 80.49%, Err 29 (9.2e-06)
420.224 .... 1311 packets received, 6403 bps, 80.04%, Err 30 (9.5e-06)
422.382 .... 1319 packets received, 6409 bps, 80.12%, Err 30 (9.4e-06)
424.482 .... 1324 packets received, 6402 bps, 80.02%, Err 30 (9.4e-06)
429.154 .... 1332 packets received, 6370 bps, 79.63%, Err 31 (9.6e-06)
431.299 .... 1340 packets received, 6377 bps, 79.71%, Err 31 (9.5e-06)
433.430 .... 1346 packets received, 6374 bps, 79.67%, Err 31 (9.5e-06)
435.547 .... 1354 packets received, 6380 bps, 79.75%, Err 31 (9.5e-06)
437.648 .... 1362 packets received, 6387 bps, 79.84%, Err 31 (9.4e-06)
442.301 .... 1370 packets received, 6357 bps, 79.46%, Err 33 (9.9e-06)
445.676 .... 1372 packets received, 6318 bps, 78.97%, Err 34 (1.0e-05)
447.788 .... 1380 packets received, 6325 bps, 79.06%, Err 34 (1.0e-05)
449.959 .... 1386 packets received, 6321 bps, 79.02%, Err 34 (1.0e-05)
452.072 .... 1394 packets received, 6328 bps, 79.10%, Err 35 (1.0e-05)
454.847 .... 1395 packets received, 6294 bps, 78.67%, Err 35 (1.0e-05)
457.007 .... 1403 packets received, 6300 bps, 78.75%, Err 35 (1.0e-05)
459.120 .... 1409 packets received, 6298 bps, 78.72%, Err 35 (1.0e-05)
461.232 .... 1417 packets received, 6305 bps, 78.81%, Err 35 (1.0e-05)
463.377 .... 1425 packets received, 6311 bps, 78.88%, Err 35 (1.0e-05)
465.487 .... 1433 packets received, 6317 bps, 78.97%, Err 35 (1.0e-05)
467.615 .... 1441 packets received, 6324 bps, 79.05%, Err 35 (1.0e-05)
472.040 .... 1448 packets received, 6295 bps, 78.68%, Err 36 (1.0e-05)
474.142 .... 1456 packets received, 6301 bps, 78.77%, Err 36 (1.0e-05)
476.271 .... 1464 packets received, 6308 bps, 78.84%, Err 36 (1.0e-05)
478.384 .... 1472 packets received, 6314 bps, 78.92%, Err 36 (1.0e-05)
480.514 .... 1480 packets received, 6320 bps, 79.00%, Err 36 (1.0e-05)
483.575 .... 1482 packets received, 6289 bps, 78.61%, Err 37 (1.0e-05)
485.719 .... 1490 packets received, 6294 bps, 78.68%, Err 37 (1.0e-05)
487.833 .... 1496 packets received, 6292 bps, 78.66%, Err 37 (1.0e-05)
489.946 .... 1504 packets received, 6299 bps, 78.73%, Err 37 (1.0e-05)
492.058 .... 1512 packets received, 6305 bps, 78.81%, Err 37 (1.0e-05)
494.213 .... 1520 packets received, 6311 bps, 78.88%, Err 37 (1.0e-05)
496.310 .... 1528 packets received, 6317 bps, 78.96%, Err 37 (9.9e-06)
498.453 .... 1536 packets received, 6323 bps, 79.03%, Err 37 (9.9e-06)
500.549 .... 1544 packets received, 6329 bps, 79.11%, Err 37 (9.9e-06)
502.657 .... 1552 packets received, 6335 bps, 79.19%, Err 37 (9.8e-06)
504.799 .... 1560 packets received, 6341 bps, 79.26%, Err 38 (1.0e-05)
507.612 .... 1561 packets received, 6309 bps, 78.87%, Err 38 (1.0e-05)
509.738 .... 1569 packets received, 6315 bps, 78.94%, Err 38 (9.9e-06)
511.851 .... 1577 packets received, 6321 bps, 79.02%, Err 38 (9.9e-06)
513.960 .... 1585 packets received, 6327 bps, 79.09%, Err 38 (9.9e-06)
516.084 .... 1593 packets received, 6333 bps, 79.16%, Err 38 (9.8e-06)
518.208 .... 1601 packets received, 6339 bps, 79.23%, Err 38 (9.8e-06)
520.343 .... 1609 packets received, 6344 bps, 79.30%, Err 38 (9.7e-06)
522.458 .... 1617 packets received, 6350 bps, 79.37%, Err 38 (9.7e-06)
524.586 .... 1625 packets received, 6355 bps, 79.44%, Err 38 (9.6e-06)
526.697 .... 1633 packets received, 6361 bps, 79.51%, Err 38 (9.6e-06)
528.824 .... 1641 packets received, 6366 bps, 79.58%, Err 38 (9.6e-06)
530.934 .... 1649 packets received, 6372 bps, 79.65%, Err 38 (9.5e-06)
533.060 .... 1657 packets received, 6377 bps, 79.72%, Err 38 (9.5e-06)
537.448 .... 1664 packets received, 6352 bps, 79.40%, Err 39 (9.7e-06)
539.574 .... 1672 packets received, 6357 bps, 79.46%, Err 39 (9.6e-06)
541.702 .... 1680 packets received, 6362 bps, 79.53%, Err 39 (9.6e-06)
543.828 .... 1688 packets received, 6368 bps, 79.60%, Err 39 (9.5e-06)
545.939 .... 1696 packets received, 6373 bps, 79.66%, Err 39 (9.5e-06)
548.066 .... 1704 packets received, 6378 bps, 79.73%, Err 39 (9.5e-06)
550.177 .... 1712 packets received, 6384 bps, 79.79%, Err 39 (9.4e-06)
552.292 .... 1720 packets received, 6389 bps, 79.86%, Err 39 (9.4e-06)
554.413 .... 1728 packets received, 6394 bps, 79.92%, Err 39 (9.3e-06)
558.297 .... 1733 packets received, 6368 bps, 79.60%, Err 40 (9.5e-06)
560.411 .... 1741 packets received, 6373 bps, 79.66%, Err 40 (9.5e-06)
562.519 .... 1749 packets received, 6378 bps, 79.73%, Err 40 (9.4e-06)
564.645 .... 1757 packets received, 6383 bps, 79.79%, Err 40 (9.4e-06)
566.771 .... 1765 packets received, 6388 bps, 79.85%, Err 40 (9.4e-06)
568.882 .... 1773 packets received, 6393 bps, 79.92%, Err 40 (9.3e-06)
573.028 .... 1779 packets received, 6368 bps, 79.61%, Err 42 (9.7e-06)
577.124 .... 1782 packets received, 6334 bps, 79.17%, Err 43 (9.9e-06)
579.236 .... 1790 packets received, 6339 bps, 79.24%, Err 43 (9.9e-06)
581.362 .... 1798 packets received, 6344 bps, 79.30%, Err 43 (9.8e-06)
583.486 .... 1806 packets received, 6349 bps, 79.36%, Err 44 (1.0e-05)
585.595 .... 1814 packets received, 6354 bps, 79.43%, Err 44 (1.0e-05)
587.723 .... 1822 packets received, 6359 bps, 79.49%, Err 44 (1.0e-05)
589.819 .... 1830 packets received, 6364 bps, 79.55%, Err 44 (9.9e-06)
591.959 .... 1838 packets received, 6369 bps, 79.61%, Err 44 (9.9e-06)
594.084 .... 1846 packets received, 6374 bps, 79.67%, Err 44 (9.8e-06)
596.210 .... 1854 packets received, 6378 bps, 79.73%, Err 44 (9.8e-06)
598.318 .... 1862 packets received, 6383 bps, 79.79%, Err 44 (9.8e-06)
602.467 .... 1868 packets received, 6360 bps, 79.50%, Err 45 (9.9e-06)
604.594 .... 1876 packets received, 6365 bps, 79.56%, Err 45 (9.9e-06)
606.711 .... 1884 packets received, 6369 bps, 79.62%, Err 45 (9.9e-06)
608.842 .... 1892 packets received, 6374 bps, 79.67%, Err 45 (9.8e-06)
612.444 .... 1896 packets received, 6350 bps, 79.37%, Err 46 (1.0e-05)
614.574 .... 1904 packets received, 6354 bps, 79.43%, Err 46 (9.9e-06)
616.689 .... 1912 packets received, 6359 bps, 79.49%, Err 46 (9.9e-06)
618.805 .... 1920 packets received, 6364 bps, 79.55%, Err 46 (9.9e-06)
620.951 .... 1928 packets received, 6368 bps, 79.60%, Err 46 (9.8e-06)
623.049 .... 1936 packets received, 6373 bps, 79.67%, Err 46 (9.8e-06)
625.179 .... 1944 packets received, 6378 bps, 79.72%, Err 46 (9.8e-06)
629.586 .... 1951 packets received, 6356 bps, 79.45%, Err 47 (9.9e-06)
631.701 .... 1959 packets received, 6360 bps, 79.51%, Err 47 (9.9e-06)
633.819 .... 1967 packets received, 6365 bps, 79.56%, Err 47 (9.8e-06)
635.934 .... 1975 packets received, 6370 bps, 79.62%, Err 47 (9.8e-06)
640.059 .... 1981 packets received, 6348 bps, 79.35%, Err 49 (1.0e-05)
642.204 .... 1989 packets received, 6352 bps, 79.40%, Err 49 (1.0e-05)
644.343 .... 1995 packets received, 6350 bps, 79.38%, Err 49 (1.0e-05)
646.441 .... 2003 packets received, 6355 bps, 79.44%, Err 49 (1.0e-05)
648.571 .... 2011 packets received, 6359 bps, 79.49%, Err 49 (1.0e-05)
650.672 .... 2019 packets received, 6364 bps, 79.55%, Err 49 (1.0e-05)
654.559 .... 2024 packets received, 6342 bps, 79.27%, Err 49 (1.0e-05)
656.689 .... 2032 packets received, 6346 bps, 79.33%, Err 49 (9.9e-06)
658.802 .... 2040 packets received, 6351 bps, 79.38%, Err 49 (9.9e-06)
662.416 .... 2044 packets received, 6328 bps, 79.10%, Err 50 (1.0e-05)
666.829 .... 2051 packets received, 6308 bps, 78.85%, Err 51 (1.0e-05)
670.932 .... 2054 packets received, 6278 bps, 78.48%, Err 52 (1.0e-05)
673.076 .... 2062 packets received, 6283 bps, 78.53%, Err 52 (1.0e-05)
675.190 .... 2070 packets received, 6287 bps, 78.59%, Err 52 (1.0e-05)
677.289 .... 2078 packets received, 6292 bps, 78.65%, Err 52 (1.0e-05)
680.123 .... 2079 packets received, 6269 bps, 78.36%, Err 52 (1.0e-05)
686.474 .... 2082 packets received, 6220 bps, 77.75%, Err 55 (1.1e-05)
688.613 .... 2090 packets received, 6224 bps, 77.80%, Err 55 (1.1e-05)
690.789 .... 2096 packets received, 6222 bps, 77.78%, Err 55 (1.1e-05)
692.897 .... 2104 packets received, 6227 bps, 77.84%, Err 55 (1.1e-05)
695.016 .... 2112 packets received, 6232 bps, 77.90%, Err 55 (1.1e-05)
699.409 .... 2119 packets received, 6213 bps, 77.66%, Err 56 (1.1e-05)
701.536 .... 2127 packets received, 6218 bps, 77.72%, Err 56 (1.1e-05)
703.678 .... 2135 packets received, 6222 bps, 77.77%, Err 56 (1.1e-05)
707.530 .... 2140 packets received, 6203 bps, 77.53%, Err 58 (1.1e-05)
709.657 .... 2148 packets received, 6207 bps, 77.59%, Err 58 (1.1e-05)
711.769 .... 2156 packets received, 6212 bps, 77.65%, Err 58 (1.1e-05)
713.896 .... 2164 packets received, 6216 bps, 77.70%, Err 58 (1.1e-05)
716.010 .... 2172 packets received, 6221 bps, 77.76%, Err 58 (1.1e-05)
718.135 .... 2180 packets received, 6225 bps, 77.81%, Err 59 (1.1e-05)
720.934 .... 2181 packets received, 6204 bps, 77.55%, Err 59 (1.1e-05)
723.044 .... 2189 packets received, 6208 bps, 77.60%, Err 59 (1.1e-05)
725.185 .... 2197 packets received, 6213 bps, 77.66%, Err 59 (1.1e-05)
727.297 .... 2205 packets received, 6217 bps, 77.71%, Err 59 (1.1e-05)
729.424 .... 2213 packets received, 6221 bps, 77.77%, Err 59 (1.1e-05)
731.537 .... 2221 packets received, 6226 bps, 77.82%, Err 59 (1.1e-05)
733.665 .... 2229 packets received, 6230 bps, 77.88%, Err 59 (1.1e-05)
735.776 .... 2237 packets received, 6234 bps, 77.93%, Err 59 (1.1e-05)
738.852 .... 2239 packets received, 6214 bps, 77.68%, Err 60 (1.1e-05)
740.962 .... 2247 packets received, 6218 bps, 77.73%, Err 60 (1.1e-05)
743.085 .... 2255 packets received, 6223 bps, 77.78%, Err 60 (1.1e-05)
745.215 .... 2263 packets received, 6227 bps, 77.84%, Err 60 (1.1e-05)
747.334 .... 2271 packets received, 6231 bps, 77.89%, Err 60 (1.1e-05)
749.459 .... 2279 packets received, 6235 bps, 77.94%, Err 60 (1.1e-05)
751.567 .... 2287 packets received, 6240 bps, 78.00%, Err 60 (1.1e-05)
753.692 .... 2295 packets received, 6244 bps, 78.05%, Err 60 (1.1e-05)
755.812 .... 2303 packets received, 6248 bps, 78.10%, Err 60 (1.1e-05)
757.925 .... 2311 packets received, 6252 bps, 78.15%, Err 61 (1.1e-05)
760.724 .... 2312 packets received, 6232 bps, 77.90%, Err 61 (1.1e-05)
762.837 .... 2320 packets received, 6236 bps, 77.95%, Err 61 (1.1e-05)
764.965 .... 2328 packets received, 6240 bps, 78.00%, Err 61 (1.1e-05)
767.075 .... 2336 packets received, 6244 bps, 78.05%, Err 61 (1.1e-05)
769.204 .... 2344 packets received, 6248 bps, 78.11%, Err 61 (1.1e-05)
771.302 .... 2352 packets received, 6253 bps, 78.16%, Err 61 (1.1e-05)
773.446 .... 2360 packets received, 6257 bps, 78.21%, Err 61 (1.1e-05)
775.557 .... 2368 packets received, 6261 bps, 78.26%, Err 61 (1.0e-05)
777.686 .... 2376 packets received, 6265 bps, 78.31%, Err 61 (1.0e-05)
779.798 .... 2384 packets received, 6269 bps, 78.36%, Err 61 (1.0e-05)
781.924 .... 2392 packets received, 6273 bps, 78.41%, Err 61 (1.0e-05)
784.035 .... 2400 packets received, 6277 bps, 78.46%, Err 61 (1.0e-05)
786.164 .... 2408 packets received, 6280 bps, 78.50%, Err 61 (1.0e-05)
789.787 .... 2412 packets received, 6262 bps, 78.27%, Err 62 (1.0e-05)
791.900 .... 2420 packets received, 6266 bps, 78.32%, Err 62 (1.0e-05)
794.012 .... 2428 packets received, 6270 bps, 78.37%, Err 62 (1.0e-05)
796.134 .... 2436 packets received, 6274 bps, 78.42%, Err 62 (1.0e-05)
798.255 .... 2444 packets received, 6278 bps, 78.47%, Err 62 (1.0e-05)
800.367 .... 2452 packets received, 6282 bps, 78.52%, Err 62 (1.0e-05)
802.509 .... 2460 packets received, 6285 bps, 78.56%, Err 62 (1.0e-05)
804.607 .... 2468 packets received, 6289 bps, 78.61%, Err 62 (1.0e-05)
806.739 .... 2476 packets received, 6293 bps, 78.66%, Err 62 (1.0e-05)
808.862 .... 2484 packets received, 6297 bps, 78.71%, Err 62 (1.0e-05)
810.988 .... 2492 packets received, 6300 bps, 78.75%, Err 62 (1.0e-05)
813.095 .... 2500 packets received, 6304 bps, 78.80%, Err 62 (1.0e-05)
815.219 .... 2508 packets received, 6308 bps, 78.85%, Err 62 (1.0e-05)
817.332 .... 2516 packets received, 6312 bps, 78.89%, Err 62 (1.0e-05)
819.443 .... 2524 packets received, 6315 bps, 78.94%, Err 62 (1.0e-05)
821.662 .... 2530 packets received, 6313 bps, 78.91%, Err 62 (1.0e-05)
823.772 .... 2538 packets received, 6317 bps, 78.96%, Err 62 (1.0e-05)
826.024 .... 2544 packets received, 6315 bps, 78.93%, Err 62 (1.0e-05)
828.152 .... 2552 packets received, 6318 bps, 78.98%, Err 62 (1.0e-05)
830.263 .... 2560 packets received, 6322 bps, 79.02%, Err 62 (9.9e-06)
834.930 .... 2568 packets received, 6306 bps, 78.83%, Err 62 (9.9e-06)
837.183 .... 2575 packets received, 6306 bps, 78.83%, Err 62 (9.9e-06)
840.538 .... 2578 packets received, 6288 bps, 78.60%, Err 63 (1.0e-05)
842.667 .... 2586 packets received, 6292 bps, 78.65%, Err 63 (1.0e-05)
844.767 .... 2591 packets received, 6288 bps, 78.60%, Err 63 (9.9e-06)
846.887 .... 2599 packets received, 6292 bps, 78.65%, Err 63 (9.9e-06)
849.016 .... 2607 packets received, 6295 bps, 78.69%, Err 63 (9.9e-06)
851.130 .... 2615 packets received, 6299 bps, 78.74%, Err 63 (9.9e-06)
853.261 .... 2623 packets received, 6303 bps, 78.78%, Err 63 (9.8e-06)
855.382 .... 2631 packets received, 6306 bps, 78.83%, Err 63 (9.8e-06)
858.701 .... 2634 packets received, 6289 bps, 78.61%, Err 64 (9.9e-06)
860.841 .... 2642 packets received, 6292 bps, 78.65%, Err 64 (9.9e-06)
863.098 .... 2648 packets received, 6290 bps, 78.63%, Err 64 (9.9e-06)
865.215 .... 2656 packets received, 6294 bps, 78.67%, Err 64 (9.9e-06)
867.346 .... 2664 packets received, 6297 bps, 78.71%, Err 64 (9.8e-06)
870.933 .... 2668 packets received, 6280 bps, 78.51%, Err 66 (1.0e-05)
873.068 .... 2676 packets received, 6284 bps, 78.55%, Err 66 (1.0e-05)
875.232 .... 2682 packets received, 6282 bps, 78.53%, Err 66 (1.0e-05)
877.351 .... 2690 packets received, 6286 bps, 78.57%, Err 66 (1.0e-05)
879.606 .... 2696 packets received, 6284 bps, 78.55%, Err 66 (1.0e-05)
881.726 .... 2704 packets received, 6287 bps, 78.59%, Err 66 (1.0e-05)
885.898 .... 2710 packets received, 6271 bps, 78.39%, Err 66 (1.0e-05)
887.987 .... 2718 packets received, 6275 bps, 78.44%, Err 66 (9.9e-06)
890.122 .... 2726 packets received, 6279 bps, 78.48%, Err 66 (9.9e-06)
892.227 .... 2734 packets received, 6282 bps, 78.53%, Err 66 (9.9e-06)
894.364 .... 2742 packets received, 6285 bps, 78.57%, Err 66 (9.9e-06)
897.963 .... 2746 packets received, 6269 bps, 78.37%, Err 68 (1.0e-05)
900.088 .... 2754 packets received, 6273 bps, 78.41%, Err 68 (1.0e-05)
902.244 .... 2759 packets received, 6269 bps, 78.36%, Err 68 (1.0e-05)
905.142 .... 2763 packets received, 6258 bps, 78.23%, Err 68 (1.0e-05)
907.248 .... 2771 packets received, 6262 bps, 78.27%, Err 68 (1.0e-05)
909.392 .... 2779 packets received, 6265 bps, 78.31%, Err 68 (1.0e-05)
911.506 .... 2787 packets received, 6268 bps, 78.35%, Err 68 (1.0e-05)
913.621 .... 2795 packets received, 6272 bps, 78.40%, Err 68 (9.9e-06)
915.752 .... 2803 packets received, 6275 bps, 78.44%, Err 68 (9.9e-06)
917.869 .... 2811 packets received, 6278 bps, 78.48%, Err 68 (9.9e-06)
919.972 .... 2819 packets received, 6282 bps, 78.52%, Err 68 (9.9e-06)
922.117 .... 2827 packets received, 6285 bps, 78.56%, Err 68 (9.8e-06)
924.230 .... 2835 packets received, 6288 bps, 78.60%, Err 68 (9.8e-06)
928.361 .... 2841 packets received, 6274 bps, 78.42%, Err 69 (9.9e-06)
930.474 .... 2849 packets received, 6277 bps, 78.46%, Err 69 (9.9e-06)
935.145 .... 2857 packets received, 6263 bps, 78.29%, Err 70 (1.0e-05)
937.248 .... 2865 packets received, 6267 bps, 78.33%, Err 70 (1.0e-05)
939.380 .... 2873 packets received, 6270 bps, 78.37%, Err 70 (9.9e-06)
943.483 .... 2879 packets received, 6256 bps, 78.19%, Err 71 (1.0e-05)
945.613 .... 2887 packets received, 6259 bps, 78.23%, Err 71 (1.0e-05)
947.727 .... 2895 packets received, 6262 bps, 78.28%, Err 71 (1.0e-05)
949.868 .... 2903 packets received, 6265 bps, 78.32%, Err 71 (1.0e-05)
951.982 .... 2911 packets received, 6269 bps, 78.36%, Err 71 (1.0e-05)
954.082 .... 2919 packets received, 6272 bps, 78.40%, Err 71 (9.9e-06)
956.225 .... 2927 packets received, 6275 bps, 78.44%, Err 71 (9.9e-06)
958.337 .... 2935 packets received, 6278 bps, 78.48%, Err 71 (9.9e-06)
960.466 .... 2943 packets received, 6281 bps, 78.52%, Err 71 (9.9e-06)
962.578 .... 2951 packets received, 6285 bps, 78.56%, Err 71 (9.8e-06)
964.707 .... 2959 packets received, 6288 bps, 78.60%, Err 71 (9.8e-06)
966.823 .... 2967 packets received, 6291 bps, 78.64%, Err 71 (9.8e-06)
968.936 .... 2975 packets received, 6294 bps, 78.68%, Err 71 (9.8e-06)
971.080 .... 2983 packets received, 6297 bps, 78.71%, Err 71 (9.7e-06)
973.164 .... 2991 packets received, 6300 bps, 78.76%, Err 72 (9.9e-06)
975.292 .... 2999 packets received, 6304 bps, 78.79%, Err 72 (9.8e-06)
979.133 .... 3004 packets received, 6289 bps, 78.62%, Err 73 (9.9e-06)
981.292 .... 3012 packets received, 6292 bps, 78.65%, Err 73 (9.9e-06)
983.406 .... 3020 packets received, 6295 bps, 78.69%, Err 73 (9.9e-06)
985.520 .... 3028 packets received, 6298 bps, 78.73%, Err 73 (9.9e-06)
987.634 .... 3036 packets received, 6301 bps, 78.77%, Err 73 (9.8e-06)
989.764 .... 3044 packets received, 6304 bps, 78.81%, Err 73 (9.8e-06)
991.862 .... 3052 packets received, 6308 bps, 78.85%, Err 74 (9.9e-06)
996.545 .... 3060 packets received, 6294 bps, 78.68%, Err 75 (1.0e-05)
998.660 .... 3068 packets received, 6298 bps, 78.72%, Err 75 (1.0e-05)
1000.789 .... 3076 packets received, 6301 bps, 78.76%, Err 75 (1.0e-05)
1002.919 .... 3084 packets received, 6303 bps, 78.79%, Err 75 (1.0e-05)
1005.034 .... 3092 packets received, 6307 bps, 78.83%, Err 75 (9.9e-06)
1008.097 .... 3094 packets received, 6291 bps, 78.64%, Err 75 (9.9e-06)
1010.228 .... 3102 packets received, 6294 bps, 78.68%, Err 75 (9.9e-06)
1012.358 .... 3110 packets received, 6297 bps, 78.72%, Err 75 (9.9e-06)
1014.366 .... 3115 packets received, 6295 bps, 78.69%, Err 75 (9.9e-06)
1017.949 .... 3119 packets received, 6281 bps, 78.51%, Err 76 (1.0e-05)
1020.095 .... 3127 packets received, 6284 bps, 78.55%, Err 76 (9.9e-06)
1022.212 .... 3133 packets received, 6283 bps, 78.53%, Err 76 (9.9e-06)
1024.342 .... 3141 packets received, 6286 bps, 78.57%, Err 76 (9.9e-06)
1026.440 .... 3149 packets received, 6289 bps, 78.61%, Err 76 (9.9e-06)
1028.585 .... 3157 packets received, 6292 bps, 78.64%, Err 76 (9.9e-06)
1032.725 .... 3163 packets received, 6278 bps, 78.48%, Err 77 (9.9e-06)
1034.823 .... 3171 packets received, 6281 bps, 78.52%, Err 77 (9.9e-06)
1037.013 .... 3177 packets received, 6280 bps, 78.50%, Err 77 (9.9e-06)
1041.123 .... 3183 packets received, 6267 bps, 78.34%, Err 78 (1.0e-05)
1043.239 .... 3191 packets received, 6270 bps, 78.37%, Err 78 (1.0e-05)
1045.370 .... 3197 packets received, 6269 bps, 78.36%, Err 78 (1.0e-05)
1047.504 .... 3205 packets received, 6272 bps, 78.40%, Err 78 (9.9e-06)
1049.620 .... 3213 packets received, 6275 bps, 78.43%, Err 78 (9.9e-06)
1051.721 .... 3221 packets received, 6278 bps, 78.47%, Err 78 (9.9e-06)
1053.852 .... 3229 packets received, 6281 bps, 78.51%, Err 78 (9.9e-06)
1058.512 .... 3237 packets received, 6268 bps, 78.36%, Err 79 (1.0e-05)
1060.649 .... 3245 packets received, 6271 bps, 78.39%, Err 79 (9.9e-06)
1062.788 .... 3253 packets received, 6274 bps, 78.43%, Err 79 (9.9e-06)
1069.413 .... 3259 packets received, 6247 bps, 78.08%, Err 81 (1.0e-05)
1071.563 .... 3267 packets received, 6249 bps, 78.12%, Err 81 (1.0e-05)
1073.663 .... 3275 packets received, 6252 bps, 78.16%, Err 82 (1.0e-05)
1079.238 .... 3277 packets received, 6224 bps, 77.80%, Err 84 (1.0e-05)
1081.371 .... 3285 packets received, 6227 bps, 77.83%, Err 84 (1.0e-05)
1083.490 .... 3293 packets received, 6230 bps, 77.87%, Err 84 (1.0e-05)
1085.634 .... 3301 packets received, 6233 bps, 77.91%, Err 84 (1.0e-05)
1087.737 .... 3309 packets received, 6236 bps, 77.94%, Err 84 (1.0e-05)
1089.852 .... 3317 packets received, 6238 bps, 77.98%, Err 84 (1.0e-05)
1091.970 .... 3325 packets received, 6241 bps, 78.02%, Err 84 (1.0e-05)
1094.102 .... 3333 packets received, 6244 bps, 78.05%, Err 84 (1.0e-05)
1096.219 .... 3341 packets received, 6247 bps, 78.09%, Err 84 (1.0e-05)
1098.322 .... 3349 packets received, 6250 bps, 78.13%, Err 84 (1.0e-05)
1101.172 .... 3350 packets received, 6236 bps, 77.95%, Err 84 (1.0e-05)
1103.302 .... 3358 packets received, 6239 bps, 77.98%, Err 84 (1.0e-05)
1106.618 .... 3361 packets received, 6225 bps, 77.82%, Err 85 (1.0e-05)
1108.714 .... 3369 packets received, 6228 bps, 77.85%, Err 85 (1.0e-05)
1110.844 .... 3377 packets received, 6231 bps, 77.89%, Err 85 (1.0e-05)
1112.942 .... 3385 packets received, 6234 bps, 77.93%, Err 85 (1.0e-05)
1115.085 .... 3393 packets received, 6237 bps, 77.96%, Err 85 (1.0e-05)
1119.754 .... 3401 packets received, 6225 bps, 77.82%, Err 86 (1.0e-05)
1121.854 .... 3409 packets received, 6228 bps, 77.86%, Err 86 (1.0e-05)
1123.983 .... 3417 packets received, 6231 bps, 77.89%, Err 86 (1.0e-05)
1126.098 .... 3425 packets received, 6234 bps, 77.93%, Err 86 (1.0e-05)
1128.212 .... 3433 packets received, 6237 bps, 77.96%, Err 86 (1.0e-05)
1130.344 .... 3441 packets received, 6240 bps, 78.00%, Err 86 (1.0e-05)
1132.478 .... 3449 packets received, 6242 bps, 78.03%, Err 86 (1.0e-05)
1134.603 .... 3457 packets received, 6245 bps, 78.06%, Err 86 (1.0e-05)
1136.713 .... 3465 packets received, 6248 bps, 78.10%, Err 86 (1.0e-05)
1138.829 .... 3473 packets received, 6251 bps, 78.13%, Err 87 (1.0e-05)
1140.943 .... 3481 packets received, 6253 bps, 78.17%, Err 87 (1.0e-05)
1143.085 .... 3489 packets received, 6256 bps, 78.20%, Err 87 (1.0e-05)
1145.198 .... 3497 packets received, 6259 bps, 78.24%, Err 87 (1.0e-05)
1147.321 .... 3505 packets received, 6262 bps, 78.27%, Err 87 (1.0e-05)
1149.436 .... 3513 packets received, 6264 bps, 78.30%, Err 87 (1.0e-05)
1151.564 .... 3521 packets received, 6267 bps, 78.34%, Err 87 (1.0e-05)
1153.676 .... 3529 packets received, 6270 bps, 78.37%, Err 87 (1.0e-05)
1155.802 .... 3537 packets received, 6272 bps, 78.40%, Err 87 (1.0e-05)
1157.916 .... 3545 packets received, 6275 bps, 78.44%, Err 87 (1.0e-05)
1160.043 .... 3553 packets received, 6278 bps, 78.47%, Err 87 (1.0e-05)
1162.155 .... 3561 packets received, 6280 bps, 78.50%, Err 87 (1.0e-05)
1164.281 .... 3569 packets received, 6283 bps, 78.54%, Err 87 (1.0e-05)
1166.394 .... 3577 packets received, 6286 bps, 78.57%, Err 87 (9.9e-06)
1170.266 .... 3582 packets received, 6274 bps, 78.42%, Err 88 (1.0e-05)
1172.394 .... 3590 packets received, 6276 bps, 78.45%, Err 88 (1.0e-05)
1174.507 .... 3598 packets received, 6279 bps, 78.49%, Err 88 (1.0e-05)
1176.618 .... 3606 packets received, 6281 bps, 78.52%, Err 88 (1.0e-05)
1178.754 .... 3614 packets received, 6284 bps, 78.55%, Err 88 (9.9e-06)
1182.601 .... 3619 packets received, 6272 bps, 78.40%, Err 89 (1.0e-05)
1184.712 .... 3627 packets received, 6275 bps, 78.44%, Err 89 (1.0e-05)
1186.861 .... 3635 packets received, 6277 bps, 78.47%, Err 89 (1.0e-05)
1188.979 .... 3643 packets received, 6280 bps, 78.50%, Err 89 (1.0e-05)
1193.638 .... 3651 packets received, 6269 bps, 78.36%, Err 90 (1.0e-05)
1195.765 .... 3659 packets received, 6272 bps, 78.40%, Err 90 (1.0e-05)
1197.873 .... 3667 packets received, 6274 bps, 78.43%, Err 90 (1.0e-05)
1200.017 Quit.
