000.000 =============================================================
000.000                     Station A                               
000.000 -------------------------------------------------------------
000.000 Protocol.lib, version 4.0, jiangyanjun0718@bupt.edu.cn
000.000 Channel: 8000 bps, 270 ms propagation delay, bit error rate 1.0E-05
000.000 Log file "fA.log", TCP port 30014, debug mask 0x00
000.000 Station A is waiting for station B on TCP port 30014 ... Done.
000.656 New epoch: Thu May 16 16:33:37 2019
000.656 =================================================================
000.656 
000.656 Designed by CJSoft, build: May 16 2019  16:33:08
003.728 .... 1 packets received, 732 bps, 9.15%, Err 1 (5.2e-05)
005.884 .... 9 packets received, 3720 bps, 46.50%, Err 1 (2.7e-05)
007.983 .... 15 packets received, 4355 bps, 54.44%, Err 1 (2.0e-05)
010.121 .... 23 packets received, 5124 bps, 64.06%, Err 1 (1.5e-05)
012.230 .... 31 packets received, 5618 bps, 70.22%, Err 1 (1.2e-05)
014.360 .... 39 packets received, 5947 bps, 74.34%, Err 1 (1.0e-05)
016.461 .... 47 packets received, 6197 bps, 77.47%, Err 1 (8.6e-06)
018.591 .... 55 packets received, 6378 bps, 79.72%, Err 1 (7.5e-06)
020.721 .... 63 packets received, 6519 bps, 81.49%, Err 1 (6.6e-06)
024.336 .... 67 packets received, 5862 bps, 73.28%, Err 1 (5.7e-06)
026.450 .... 75 packets received, 6019 bps, 75.23%, Err 1 (5.2e-06)
028.581 .... 83 packets received, 6147 bps, 76.84%, Err 1 (4.8e-06)
030.697 .... 91 packets received, 6261 bps, 78.26%, Err 1 (4.4e-06)
032.812 .... 99 packets received, 6359 bps, 79.49%, Err 1 (4.2e-06)
035.616 .... 100 packets received, 5904 bps, 73.80%, Err 1 (3.9e-06)
037.759 .... 108 packets received, 6006 bps, 75.07%, Err 2 (7.2e-06)
040.562 .... 109 packets received, 5632 bps, 70.41%, Err 2 (6.8e-06)
042.677 .... 117 packets received, 5740 bps, 71.74%, Err 2 (6.4e-06)
044.812 .... 122 packets received, 5694 bps, 71.17%, Err 2 (6.2e-06)
046.923 .... 130 packets received, 5789 bps, 72.36%, Err 3 (8.9e-06)
049.039 .... 138 packets received, 5875 bps, 73.43%, Err 3 (8.5e-06)
051.151 .... 146 packets received, 5954 bps, 74.42%, Err 3 (8.1e-06)
053.267 .... 154 packets received, 6026 bps, 75.33%, Err 3 (7.7e-06)
055.395 .... 162 packets received, 6091 bps, 76.14%, Err 3 (7.4e-06)
057.509 .... 170 packets received, 6153 bps, 76.92%, Err 3 (7.1e-06)
059.654 .... 178 packets received, 6208 bps, 77.60%, Err 3 (6.8e-06)
061.784 .... 186 packets received, 6260 bps, 78.25%, Err 3 (6.6e-06)
063.885 .... 194 packets received, 6311 bps, 78.89%, Err 3 (6.3e-06)
067.242 .... 197 packets received, 6084 bps, 76.05%, Err 3 (6.1e-06)
069.357 .... 205 packets received, 6136 bps, 76.69%, Err 3 (5.9e-06)
071.488 .... 213 packets received, 6182 bps, 77.28%, Err 3 (5.7e-06)
073.601 .... 221 packets received, 6228 bps, 77.85%, Err 3 (5.5e-06)
078.018 .... 228 packets received, 6057 bps, 75.72%, Err 3 (5.2e-06)
080.150 .... 236 packets received, 6101 bps, 76.26%, Err 3 (5.1e-06)
082.268 .... 244 packets received, 6144 bps, 76.79%, Err 3 (4.9e-06)
084.397 .... 252 packets received, 6183 bps, 77.29%, Err 4 (6.4e-06)
087.490 .... 254 packets received, 6010 bps, 75.12%, Err 5 (7.7e-06)
089.588 .... 262 packets received, 6052 bps, 75.65%, Err 5 (7.5e-06)
091.716 .... 270 packets received, 6091 bps, 76.13%, Err 5 (7.4e-06)
093.845 .... 278 packets received, 6128 bps, 76.59%, Err 5 (7.2e-06)
095.947 .... 286 packets received, 6164 bps, 77.05%, Err 5 (7.0e-06)
098.079 .... 294 packets received, 6198 bps, 77.47%, Err 5 (6.8e-06)
100.190 .... 302 packets received, 6231 bps, 77.89%, Err 5 (6.7e-06)
102.303 .... 310 packets received, 6263 bps, 78.28%, Err 5 (6.5e-06)
106.449 .... 316 packets received, 6133 bps, 76.66%, Err 7 (8.8e-06)
108.575 .... 324 packets received, 6164 bps, 77.05%, Err 7 (8.6e-06)
110.701 .... 329 packets received, 6138 bps, 76.73%, Err 7 (8.5e-06)
112.814 .... 337 packets received, 6169 bps, 77.11%, Err 7 (8.4e-06)
114.957 .... 345 packets received, 6196 bps, 77.45%, Err 7 (8.2e-06)
117.069 .... 353 packets received, 6225 bps, 77.81%, Err 7 (8.0e-06)
119.196 .... 361 packets received, 6251 bps, 78.14%, Err 7 (7.9e-06)
121.305 .... 369 packets received, 6278 bps, 78.47%, Err 7 (7.7e-06)
123.415 .... 377 packets received, 6304 bps, 78.79%, Err 8 (8.7e-06)
125.560 .... 385 packets received, 6327 bps, 79.08%, Err 8 (8.5e-06)
129.854 .... 389 packets received, 6179 bps, 77.24%, Err 9 (9.4e-06)
131.995 .... 397 packets received, 6203 bps, 77.54%, Err 9 (9.2e-06)
134.089 .... 403 packets received, 6198 bps, 77.48%, Err 9 (9.1e-06)
136.200 .... 411 packets received, 6223 bps, 77.78%, Err 9 (8.9e-06)
138.335 .... 419 packets received, 6245 bps, 78.06%, Err 9 (8.8e-06)
140.458 .... 427 packets received, 6267 bps, 78.34%, Err 9 (8.6e-06)
142.570 .... 435 packets received, 6290 bps, 78.62%, Err 9 (8.5e-06)
144.694 .... 443 packets received, 6311 bps, 78.88%, Err 9 (8.4e-06)
146.831 .... 451 packets received, 6331 bps, 79.13%, Err 9 (8.2e-06)
151.245 .... 458 packets received, 6240 bps, 78.00%, Err 9 (8.0e-06)
153.353 .... 466 packets received, 6261 bps, 78.27%, Err 9 (7.9e-06)
155.487 .... 474 packets received, 6281 bps, 78.51%, Err 9 (7.8e-06)
158.551 .... 476 packets received, 6185 bps, 77.31%, Err 9 (7.6e-06)
160.659 .... 484 packets received, 6206 bps, 77.57%, Err 9 (7.5e-06)
163.501 .... 485 packets received, 6110 bps, 76.37%, Err 10 (8.3e-06)
165.605 .... 493 packets received, 6131 bps, 76.64%, Err 10 (8.1e-06)
167.750 .... 501 packets received, 6151 bps, 76.88%, Err 10 (8.0e-06)
172.387 .... 509 packets received, 6080 bps, 76.00%, Err 11 (8.6e-06)
174.514 .... 517 packets received, 6100 bps, 76.25%, Err 11 (8.5e-06)
176.626 .... 525 packets received, 6120 bps, 76.50%, Err 11 (8.4e-06)
179.999 .... 528 packets received, 6039 bps, 75.48%, Err 13 (9.8e-06)
183.037 .... 529 packets received, 5949 bps, 74.36%, Err 13 (9.6e-06)
185.145 .... 537 packets received, 5970 bps, 74.63%, Err 13 (9.5e-06)
187.260 .... 545 packets received, 5990 bps, 74.88%, Err 13 (9.4e-06)
189.461 .... 551 packets received, 5985 bps, 74.82%, Err 13 (9.3e-06)
191.575 .... 559 packets received, 6005 bps, 75.06%, Err 13 (9.2e-06)
193.703 .... 567 packets received, 6024 bps, 75.30%, Err 13 (9.1e-06)
195.827 .... 575 packets received, 6042 bps, 75.53%, Err 13 (9.0e-06)
197.935 .... 583 packets received, 6061 bps, 75.76%, Err 13 (8.9e-06)
200.048 .... 591 packets received, 6079 bps, 75.98%, Err 13 (8.8e-06)
202.190 .... 599 packets received, 6095 bps, 76.19%, Err 14 (9.3e-06)
204.453 .... 605 packets received, 6088 bps, 76.10%, Err 14 (9.3e-06)
206.550 .... 613 packets received, 6106 bps, 76.32%, Err 14 (9.2e-06)
208.677 .... 621 packets received, 6122 bps, 76.52%, Err 14 (9.1e-06)
210.790 .... 629 packets received, 6138 bps, 76.73%, Err 14 (9.0e-06)
213.872 .... 631 packets received, 6069 bps, 75.86%, Err 15 (9.5e-06)
218.551 .... 639 packets received, 6014 bps, 75.17%, Err 16 (9.9e-06)
220.695 .... 647 packets received, 6029 bps, 75.37%, Err 16 (9.8e-06)
222.822 .... 655 packets received, 6045 bps, 75.57%, Err 16 (9.7e-06)
224.950 .... 663 packets received, 6061 bps, 75.76%, Err 16 (9.6e-06)
227.052 .... 671 packets received, 6077 bps, 75.97%, Err 16 (9.5e-06)
229.169 .... 679 packets received, 6093 bps, 76.16%, Err 16 (9.4e-06)
231.303 .... 687 packets received, 6107 bps, 76.34%, Err 16 (9.3e-06)
234.364 .... 689 packets received, 6045 bps, 75.56%, Err 17 (9.8e-06)
239.185 .... 697 packets received, 5991 bps, 74.89%, Err 18 (1.0e-05)
241.309 .... 705 packets received, 6006 bps, 75.08%, Err 18 (1.0e-05)
243.545 .... 711 packets received, 6002 bps, 75.02%, Err 18 (1.0e-05)
245.671 .... 719 packets received, 6017 bps, 75.21%, Err 18 (9.9e-06)
247.782 .... 727 packets received, 6032 bps, 75.39%, Err 18 (9.8e-06)
249.912 .... 735 packets received, 6046 bps, 75.57%, Err 18 (9.7e-06)
252.027 .... 743 packets received, 6060 bps, 75.75%, Err 18 (9.7e-06)
254.142 .... 751 packets received, 6074 bps, 75.93%, Err 18 (9.6e-06)
256.256 .... 759 packets received, 6088 bps, 76.10%, Err 18 (9.5e-06)
258.384 .... 767 packets received, 6101 bps, 76.27%, Err 18 (9.4e-06)
261.434 .... 769 packets received, 6046 bps, 75.57%, Err 19 (9.8e-06)
263.579 .... 777 packets received, 6059 bps, 75.73%, Err 19 (9.7e-06)
265.693 .... 785 packets received, 6072 bps, 75.90%, Err 19 (9.7e-06)
267.823 .... 793 packets received, 6085 bps, 76.06%, Err 19 (9.6e-06)
269.937 .... 801 packets received, 6098 bps, 76.23%, Err 19 (9.5e-06)
274.089 .... 807 packets received, 6050 bps, 75.63%, Err 20 (9.9e-06)
276.184 .... 815 packets received, 6064 bps, 75.80%, Err 20 (9.8e-06)
278.310 .... 820 packets received, 6054 bps, 75.68%, Err 20 (9.7e-06)
280.426 .... 828 packets received, 6067 bps, 75.84%, Err 21 (1.0e-05)
282.552 .... 836 packets received, 6080 bps, 75.99%, Err 21 (1.0e-05)
284.682 .... 844 packets received, 6092 bps, 76.15%, Err 21 (1.0e-05)
286.796 .... 852 packets received, 6104 bps, 76.30%, Err 21 (9.9e-06)
290.934 .... 858 packets received, 6059 bps, 75.74%, Err 22 (1.0e-05)
294.501 .... 860 packets received, 6000 bps, 74.99%, Err 23 (1.1e-05)
296.630 .... 868 packets received, 6012 bps, 75.15%, Err 23 (1.1e-05)
298.745 .... 876 packets received, 6024 bps, 75.30%, Err 23 (1.0e-05)
300.857 .... 884 packets received, 6036 bps, 75.45%, Err 23 (1.0e-05)
302.983 .... 892 packets received, 6048 bps, 75.60%, Err 23 (1.0e-05)
305.124 .... 900 packets received, 6059 bps, 75.74%, Err 23 (1.0e-05)
309.804 .... 908 packets received, 6021 bps, 75.26%, Err 23 (1.0e-05)
311.927 .... 916 packets received, 6032 bps, 75.40%, Err 23 (1.0e-05)
314.055 .... 924 packets received, 6043 bps, 75.54%, Err 23 (9.9e-06)
316.166 .... 932 packets received, 6055 bps, 75.69%, Err 23 (9.8e-06)
318.277 .... 940 packets received, 6066 bps, 75.83%, Err 23 (9.8e-06)
320.403 .... 948 packets received, 6077 bps, 75.96%, Err 23 (9.7e-06)
322.515 .... 956 packets received, 6088 bps, 76.10%, Err 23 (9.6e-06)
324.642 .... 964 packets received, 6099 bps, 76.24%, Err 23 (9.6e-06)
326.754 .... 972 packets received, 6110 bps, 76.37%, Err 23 (9.5e-06)
328.877 .... 980 packets received, 6120 bps, 76.50%, Err 23 (9.4e-06)
333.271 .... 987 packets received, 6082 bps, 76.03%, Err 23 (9.3e-06)
335.400 .... 995 packets received, 6092 bps, 76.16%, Err 23 (9.2e-06)
339.010 .... 999 packets received, 6052 bps, 75.65%, Err 23 (9.2e-06)
341.137 .... 1007 packets received, 6062 bps, 75.77%, Err 23 (9.1e-06)
343.267 .... 1015 packets received, 6072 bps, 75.90%, Err 23 (9.0e-06)
345.365 .... 1023 packets received, 6083 bps, 76.03%, Err 23 (9.0e-06)
349.235 .... 1028 packets received, 6045 bps, 75.56%, Err 24 (9.3e-06)
351.377 .... 1036 packets received, 6054 bps, 75.68%, Err 24 (9.2e-06)
353.488 .... 1041 packets received, 6047 bps, 75.59%, Err 24 (9.2e-06)
355.602 .... 1049 packets received, 6057 bps, 75.72%, Err 24 (9.1e-06)
357.898 .... 1055 packets received, 6053 bps, 75.66%, Err 24 (9.1e-06)
360.024 .... 1063 packets received, 6063 bps, 75.78%, Err 24 (9.0e-06)
362.153 .... 1071 packets received, 6072 bps, 75.90%, Err 24 (9.0e-06)
364.251 .... 1079 packets received, 6082 bps, 76.03%, Err 24 (8.9e-06)
366.375 .... 1087 packets received, 6092 bps, 76.15%, Err 24 (8.8e-06)
368.514 .... 1095 packets received, 6101 bps, 76.26%, Err 24 (8.8e-06)
370.616 .... 1103 packets received, 6110 bps, 76.38%, Err 24 (8.7e-06)
372.738 .... 1111 packets received, 6120 bps, 76.50%, Err 24 (8.7e-06)
374.873 .... 1119 packets received, 6128 bps, 76.61%, Err 24 (8.6e-06)
376.978 .... 1127 packets received, 6138 bps, 76.72%, Err 24 (8.6e-06)
379.089 .... 1135 packets received, 6147 bps, 76.84%, Err 24 (8.5e-06)
381.240 .... 1143 packets received, 6155 bps, 76.94%, Err 24 (8.5e-06)
383.333 .... 1151 packets received, 6164 bps, 77.05%, Err 24 (8.4e-06)
386.667 .... 1154 packets received, 6127 bps, 76.59%, Err 25 (8.7e-06)
388.812 .... 1162 packets received, 6135 bps, 76.69%, Err 25 (8.7e-06)
390.915 .... 1170 packets received, 6144 bps, 76.80%, Err 26 (9.0e-06)
393.055 .... 1178 packets received, 6152 bps, 76.91%, Err 26 (8.9e-06)
395.160 .... 1186 packets received, 6161 bps, 77.01%, Err 26 (8.8e-06)
397.284 .... 1194 packets received, 6169 bps, 77.12%, Err 26 (8.8e-06)
401.425 .... 1200 packets received, 6136 bps, 76.70%, Err 27 (9.1e-06)
403.574 .... 1208 packets received, 6144 bps, 76.80%, Err 27 (9.0e-06)
405.675 .... 1213 packets received, 6138 bps, 76.72%, Err 27 (9.0e-06)
410.339 .... 1221 packets received, 6108 bps, 76.35%, Err 28 (9.2e-06)
412.486 .... 1229 packets received, 6116 bps, 76.45%, Err 29 (9.5e-06)
414.591 .... 1234 packets received, 6109 bps, 76.37%, Err 29 (9.4e-06)
416.704 .... 1242 packets received, 6118 bps, 76.47%, Err 29 (9.4e-06)
418.823 .... 1250 packets received, 6126 bps, 76.57%, Err 30 (9.7e-06)
421.625 .... 1251 packets received, 6090 bps, 76.13%, Err 30 (9.6e-06)
423.756 .... 1258 packets received, 6093 bps, 76.17%, Err 30 (9.6e-06)
425.889 .... 1266 packets received, 6101 bps, 76.27%, Err 30 (9.5e-06)
428.007 .... 1274 packets received, 6109 bps, 76.37%, Err 30 (9.5e-06)
430.127 .... 1282 packets received, 6117 bps, 76.47%, Err 30 (9.4e-06)
432.148 .... 1287 packets received, 6112 bps, 76.40%, Err 30 (9.4e-06)
434.262 .... 1295 packets received, 6120 bps, 76.50%, Err 30 (9.3e-06)
436.500 .... 1301 packets received, 6117 bps, 76.46%, Err 30 (9.3e-06)
438.615 .... 1309 packets received, 6125 bps, 76.56%, Err 30 (9.2e-06)
442.483 .... 1314 packets received, 6095 bps, 76.18%, Err 31 (9.5e-06)
444.615 .... 1322 packets received, 6102 bps, 76.28%, Err 31 (9.4e-06)
446.738 .... 1328 packets received, 6101 bps, 76.26%, Err 31 (9.4e-06)
448.846 .... 1336 packets received, 6109 bps, 76.36%, Err 31 (9.3e-06)
450.970 .... 1344 packets received, 6116 bps, 76.45%, Err 31 (9.3e-06)
454.870 .... 1349 packets received, 6086 bps, 76.08%, Err 31 (9.2e-06)
456.985 .... 1357 packets received, 6094 bps, 76.17%, Err 31 (9.2e-06)
459.099 .... 1365 packets received, 6101 bps, 76.27%, Err 31 (9.1e-06)
461.243 .... 1373 packets received, 6109 bps, 76.36%, Err 31 (9.1e-06)
463.355 .... 1381 packets received, 6116 bps, 76.45%, Err 32 (9.3e-06)
466.183 .... 1382 packets received, 6083 bps, 76.04%, Err 34 (9.9e-06)
468.313 .... 1390 packets received, 6091 bps, 76.13%, Err 34 (9.8e-06)
471.391 .... 1392 packets received, 6060 bps, 75.75%, Err 34 (9.8e-06)
473.505 .... 1400 packets received, 6067 bps, 75.84%, Err 34 (9.7e-06)
475.637 .... 1408 packets received, 6074 bps, 75.93%, Err 34 (9.7e-06)
481.749 .... 1412 packets received, 6014 bps, 75.18%, Err 36 (1.0e-05)
483.878 .... 1420 packets received, 6022 bps, 75.27%, Err 36 (1.0e-05)
485.989 .... 1428 packets received, 6029 bps, 75.37%, Err 36 (1.0e-05)
488.131 .... 1436 packets received, 6036 bps, 75.45%, Err 37 (1.0e-05)
490.244 .... 1444 packets received, 6044 bps, 75.55%, Err 37 (1.0e-05)
492.357 .... 1452 packets received, 6051 bps, 75.64%, Err 37 (1.0e-05)
494.501 .... 1460 packets received, 6058 bps, 75.73%, Err 37 (1.0e-05)
497.546 .... 1462 packets received, 6029 bps, 75.36%, Err 37 (1.0e-05)
501.954 .... 1469 packets received, 6005 bps, 75.06%, Err 37 (1.0e-05)
505.269 .... 1472 packets received, 5977 bps, 74.72%, Err 38 (1.0e-05)
507.427 .... 1480 packets received, 5984 bps, 74.80%, Err 38 (1.0e-05)
509.520 .... 1488 packets received, 5992 bps, 74.90%, Err 38 (1.0e-05)
511.662 .... 1496 packets received, 5999 bps, 74.99%, Err 38 (1.0e-05)
513.789 .... 1504 packets received, 6006 bps, 75.07%, Err 38 (1.0e-05)
515.914 .... 1512 packets received, 6013 bps, 75.16%, Err 38 (1.0e-05)
518.986 .... 1514 packets received, 5985 bps, 74.81%, Err 38 (9.9e-06)
522.849 .... 1519 packets received, 5961 bps, 74.51%, Err 39 (1.0e-05)
526.967 .... 1522 packets received, 5926 bps, 74.07%, Err 40 (1.0e-05)
531.387 .... 1527 packets received, 5895 bps, 73.69%, Err 41 (1.1e-05)
533.512 .... 1535 packets received, 5903 bps, 73.78%, Err 41 (1.0e-05)
535.656 .... 1540 packets received, 5898 bps, 73.73%, Err 41 (1.0e-05)
537.758 .... 1548 packets received, 5906 bps, 73.82%, Err 41 (1.0e-05)
539.889 .... 1556 packets received, 5913 bps, 73.91%, Err 41 (1.0e-05)
542.003 .... 1564 packets received, 5920 bps, 74.00%, Err 41 (1.0e-05)
544.135 .... 1572 packets received, 5927 bps, 74.08%, Err 41 (1.0e-05)
546.250 .... 1580 packets received, 5934 bps, 74.17%, Err 41 (1.0e-05)
550.117 .... 1585 packets received, 5911 bps, 73.88%, Err 42 (1.0e-05)
552.248 .... 1593 packets received, 5918 bps, 73.97%, Err 42 (1.0e-05)
554.369 .... 1599 packets received, 5917 bps, 73.96%, Err 42 (1.0e-05)
556.474 .... 1607 packets received, 5924 bps, 74.05%, Err 42 (1.0e-05)
558.601 .... 1615 packets received, 5931 bps, 74.14%, Err 42 (1.0e-05)
560.726 .... 1623 packets received, 5938 bps, 74.22%, Err 42 (1.0e-05)
562.824 .... 1631 packets received, 5945 bps, 74.31%, Err 43 (1.0e-05)
565.635 .... 1632 packets received, 5919 bps, 73.98%, Err 43 (1.0e-05)
567.824 .... 1639 packets received, 5921 bps, 74.01%, Err 43 (1.0e-05)
569.935 .... 1647 packets received, 5928 bps, 74.10%, Err 43 (1.0e-05)
572.047 .... 1655 packets received, 5935 bps, 74.18%, Err 43 (1.0e-05)
574.172 .... 1663 packets received, 5941 bps, 74.27%, Err 43 (1.0e-05)
576.312 .... 1671 packets received, 5948 bps, 74.35%, Err 43 (1.0e-05)
578.547 .... 1677 packets received, 5946 bps, 74.32%, Err 43 (1.0e-05)
582.657 .... 1683 packets received, 5925 bps, 74.06%, Err 44 (1.0e-05)
584.775 .... 1691 packets received, 5932 bps, 74.15%, Err 44 (1.0e-05)
586.905 .... 1696 packets received, 5928 bps, 74.09%, Err 44 (1.0e-05)
589.003 .... 1704 packets received, 5934 bps, 74.18%, Err 44 (1.0e-05)
591.145 .... 1712 packets received, 5940 bps, 74.26%, Err 44 (1.0e-05)
593.245 .... 1720 packets received, 5947 bps, 74.34%, Err 44 (1.0e-05)
596.351 .... 1722 packets received, 5923 bps, 74.04%, Err 45 (1.0e-05)
600.450 .... 1725 packets received, 5893 bps, 73.66%, Err 46 (1.0e-05)
602.563 .... 1733 packets received, 5899 bps, 73.74%, Err 46 (1.0e-05)
604.676 .... 1741 packets received, 5906 bps, 73.82%, Err 46 (1.0e-05)
606.804 .... 1749 packets received, 5912 bps, 73.90%, Err 46 (1.0e-05)
610.969 .... 1755 packets received, 5892 bps, 73.65%, Err 46 (1.0e-05)
613.083 .... 1763 packets received, 5898 bps, 73.73%, Err 46 (1.0e-05)
615.196 .... 1771 packets received, 5905 bps, 73.81%, Err 46 (1.0e-05)
617.326 .... 1779 packets received, 5911 bps, 73.88%, Err 46 (1.0e-05)
621.219 .... 1784 packets received, 5890 bps, 73.63%, Err 46 (1.0e-05)
623.318 .... 1792 packets received, 5897 bps, 73.71%, Err 46 (1.0e-05)
627.730 .... 1799 packets received, 5878 bps, 73.48%, Err 47 (1.0e-05)
630.548 .... 1807 packets received, 5878 bps, 73.47%, Err 47 (1.0e-05)
632.643 .... 1815 packets received, 5884 bps, 73.55%, Err 47 (1.0e-05)
634.790 .... 1823 packets received, 5890 bps, 73.63%, Err 47 (1.0e-05)
636.906 .... 1831 packets received, 5896 bps, 73.70%, Err 47 (1.0e-05)
639.009 .... 1839 packets received, 5903 bps, 73.78%, Err 47 (1.0e-05)
641.124 .... 1847 packets received, 5909 bps, 73.86%, Err 47 (1.0e-05)
643.254 .... 1855 packets received, 5915 bps, 73.93%, Err 47 (1.0e-05)
647.938 .... 1863 packets received, 5897 bps, 73.71%, Err 48 (1.0e-05)
650.067 .... 1871 packets received, 5903 bps, 73.79%, Err 48 (1.0e-05)
652.166 .... 1876 packets received, 5900 bps, 73.75%, Err 48 (1.0e-05)
654.295 .... 1884 packets received, 5905 bps, 73.82%, Err 48 (1.0e-05)
656.407 .... 1892 packets received, 5911 bps, 73.89%, Err 48 (1.0e-05)
658.519 .... 1900 packets received, 5917 bps, 73.97%, Err 48 (9.9e-06)
660.649 .... 1908 packets received, 5923 bps, 74.04%, Err 48 (9.9e-06)
663.714 .... 1910 packets received, 5902 bps, 73.77%, Err 49 (1.0e-05)
665.856 .... 1918 packets received, 5908 bps, 73.84%, Err 49 (1.0e-05)
667.971 .... 1926 packets received, 5913 bps, 73.92%, Err 49 (1.0e-05)
672.106 .... 1932 packets received, 5895 bps, 73.69%, Err 50 (1.0e-05)
674.264 .... 1940 packets received, 5901 bps, 73.76%, Err 50 (1.0e-05)
676.391 .... 1946 packets received, 5900 bps, 73.75%, Err 50 (1.0e-05)
678.491 .... 1954 packets received, 5906 bps, 73.83%, Err 50 (1.0e-05)
680.631 .... 1962 packets received, 5912 bps, 73.90%, Err 50 (1.0e-05)
682.746 .... 1970 packets received, 5917 bps, 73.97%, Err 50 (1.0e-05)
686.882 .... 1976 packets received, 5900 bps, 73.74%, Err 51 (1.0e-05)
689.019 .... 1984 packets received, 5905 bps, 73.81%, Err 51 (1.0e-05)
691.131 .... 1992 packets received, 5911 bps, 73.88%, Err 51 (1.0e-05)
693.262 .... 2000 packets received, 5916 bps, 73.95%, Err 51 (1.0e-05)
695.372 .... 2008 packets received, 5922 bps, 74.02%, Err 51 (1.0e-05)
698.212 .... 2009 packets received, 5901 bps, 73.76%, Err 51 (1.0e-05)
700.323 .... 2017 packets received, 5906 bps, 73.83%, Err 51 (9.9e-06)
703.383 .... 2019 packets received, 5886 bps, 73.58%, Err 53 (1.0e-05)
705.526 .... 2027 packets received, 5892 bps, 73.65%, Err 53 (1.0e-05)
707.651 .... 2032 packets received, 5889 bps, 73.61%, Err 53 (1.0e-05)
709.775 .... 2040 packets received, 5894 bps, 73.67%, Err 53 (1.0e-05)
711.887 .... 2048 packets received, 5900 bps, 73.74%, Err 53 (1.0e-05)
714.014 .... 2056 packets received, 5905 bps, 73.81%, Err 53 (1.0e-05)
716.294 .... 2062 packets received, 5903 bps, 73.79%, Err 53 (1.0e-05)
718.423 .... 2070 packets received, 5909 bps, 73.86%, Err 53 (1.0e-05)
720.548 .... 2078 packets received, 5914 bps, 73.92%, Err 53 (1.0e-05)
723.866 .... 2081 packets received, 5895 bps, 73.69%, Err 54 (1.0e-05)
726.006 .... 2089 packets received, 5900 bps, 73.76%, Err 54 (1.0e-05)
728.118 .... 2094 packets received, 5897 bps, 73.72%, Err 54 (1.0e-05)
730.246 .... 2102 packets received, 5903 bps, 73.78%, Err 55 (1.0e-05)
733.046 .... 2103 packets received, 5883 bps, 73.54%, Err 55 (1.0e-05)
735.190 .... 2111 packets received, 5888 bps, 73.60%, Err 55 (1.0e-05)
737.333 .... 2116 packets received, 5885 bps, 73.56%, Err 55 (1.0e-05)
739.430 .... 2124 packets received, 5890 bps, 73.63%, Err 55 (1.0e-05)
741.572 .... 2132 packets received, 5895 bps, 73.69%, Err 55 (1.0e-05)
743.695 .... 2140 packets received, 5901 bps, 73.76%, Err 56 (1.0e-05)
746.499 .... 2141 packets received, 5881 bps, 73.51%, Err 56 (1.0e-05)
748.619 .... 2149 packets received, 5886 bps, 73.58%, Err 56 (1.0e-05)
750.732 .... 2154 packets received, 5883 bps, 73.54%, Err 56 (1.0e-05)
752.833 .... 2162 packets received, 5889 bps, 73.61%, Err 56 (1.0e-05)
754.974 .... 2170 packets received, 5894 bps, 73.67%, Err 56 (1.0e-05)
758.072 .... 2172 packets received, 5875 bps, 73.44%, Err 56 (1.0e-05)
760.170 .... 2180 packets received, 5880 bps, 73.50%, Err 56 (1.0e-05)
762.312 .... 2188 packets received, 5885 bps, 73.57%, Err 56 (1.0e-05)
764.440 .... 2196 packets received, 5890 bps, 73.63%, Err 56 (1.0e-05)
766.567 .... 2204 packets received, 5895 bps, 73.69%, Err 56 (1.0e-05)
770.163 .... 2208 packets received, 5879 bps, 73.48%, Err 56 (9.9e-06)
772.291 .... 2216 packets received, 5884 bps, 73.54%, Err 56 (9.9e-06)
774.404 .... 2224 packets received, 5889 bps, 73.61%, Err 56 (9.9e-06)
776.531 .... 2232 packets received, 5894 bps, 73.67%, Err 56 (9.9e-06)
778.659 .... 2240 packets received, 5899 bps, 73.73%, Err 57 (1.0e-05)
780.786 .... 2248 packets received, 5904 bps, 73.79%, Err 57 (1.0e-05)
782.867 .... 2256 packets received, 5909 bps, 73.86%, Err 57 (9.9e-06)
785.010 .... 2264 packets received, 5914 bps, 73.92%, Err 57 (9.9e-06)
787.106 .... 2272 packets received, 5919 bps, 73.98%, Err 57 (9.9e-06)
789.235 .... 2280 packets received, 5923 bps, 74.04%, Err 57 (9.9e-06)
792.583 .... 2283 packets received, 5906 bps, 73.83%, Err 58 (1.0e-05)
794.725 .... 2291 packets received, 5911 bps, 73.88%, Err 59 (1.0e-05)
796.838 .... 2297 packets received, 5911 bps, 73.88%, Err 59 (1.0e-05)
798.971 .... 2305 packets received, 5915 bps, 73.94%, Err 59 (1.0e-05)
801.096 .... 2313 packets received, 5920 bps, 74.00%, Err 59 (1.0e-05)
803.207 .... 2321 packets received, 5925 bps, 74.06%, Err 59 (1.0e-05)
805.322 .... 2329 packets received, 5930 bps, 74.12%, Err 59 (1.0e-05)
809.734 .... 2336 packets received, 5915 bps, 73.94%, Err 60 (1.0e-05)
811.855 .... 2344 packets received, 5920 bps, 74.00%, Err 60 (1.0e-05)
813.975 .... 2349 packets received, 5917 bps, 73.96%, Err 60 (1.0e-05)
816.088 .... 2357 packets received, 5922 bps, 74.02%, Err 60 (1.0e-05)
818.215 .... 2365 packets received, 5926 bps, 74.08%, Err 60 (1.0e-05)
820.326 .... 2373 packets received, 5931 bps, 74.14%, Err 60 (1.0e-05)
822.454 .... 2381 packets received, 5936 bps, 74.20%, Err 60 (1.0e-05)
824.581 .... 2389 packets received, 5940 bps, 74.25%, Err 60 (9.9e-06)
826.706 .... 2397 packets received, 5945 bps, 74.31%, Err 60 (9.9e-06)
829.784 .... 2399 packets received, 5928 bps, 74.10%, Err 61 (1.0e-05)
834.175 .... 2405 packets received, 5911 bps, 73.89%, Err 62 (1.0e-05)
836.303 .... 2413 packets received, 5916 bps, 73.95%, Err 62 (1.0e-05)
838.403 .... 2418 packets received, 5913 bps, 73.91%, Err 62 (1.0e-05)
840.530 .... 2426 packets received, 5918 bps, 73.97%, Err 62 (1.0e-05)
842.646 .... 2434 packets received, 5922 bps, 74.03%, Err 62 (1.0e-05)
844.774 .... 2442 packets received, 5927 bps, 74.08%, Err 62 (1.0e-05)
846.875 .... 2450 packets received, 5931 bps, 74.14%, Err 62 (1.0e-05)
848.994 .... 2458 packets received, 5936 bps, 74.20%, Err 62 (1.0e-05)
851.124 .... 2466 packets received, 5940 bps, 74.25%, Err 62 (9.9e-06)
853.253 .... 2474 packets received, 5945 bps, 74.31%, Err 62 (9.9e-06)
855.369 .... 2482 packets received, 5949 bps, 74.36%, Err 63 (1.0e-05)
857.489 .... 2490 packets received, 5953 bps, 74.42%, Err 63 (1.0e-05)
859.596 .... 2498 packets received, 5958 bps, 74.47%, Err 63 (1.0e-05)
861.719 .... 2506 packets received, 5962 bps, 74.53%, Err 63 (1.0e-05)
863.847 .... 2514 packets received, 5967 bps, 74.58%, Err 63 (9.9e-06)
866.118 .... 2520 packets received, 5965 bps, 74.56%, Err 63 (9.9e-06)
868.217 .... 2528 packets received, 5970 bps, 74.62%, Err 63 (9.9e-06)
870.363 .... 2536 packets received, 5974 bps, 74.67%, Err 63 (9.9e-06)
872.473 .... 2544 packets received, 5978 bps, 74.73%, Err 63 (9.8e-06)
874.592 .... 2552 packets received, 5982 bps, 74.78%, Err 63 (9.8e-06)
876.709 .... 2560 packets received, 5987 bps, 74.83%, Err 63 (9.8e-06)
878.828 .... 2568 packets received, 5991 bps, 74.88%, Err 63 (9.8e-06)
882.175 .... 2571 packets received, 5975 bps, 74.69%, Err 64 (9.9e-06)
884.294 .... 2579 packets received, 5979 bps, 74.74%, Err 64 (9.9e-06)
886.428 .... 2587 packets received, 5983 bps, 74.79%, Err 64 (9.8e-06)
888.557 .... 2595 packets received, 5987 bps, 74.84%, Err 64 (9.8e-06)
890.693 .... 2603 packets received, 5991 bps, 74.89%, Err 64 (9.8e-06)
893.460 .... 2611 packets received, 5991 bps, 74.89%, Err 64 (9.8e-06)
895.564 .... 2619 packets received, 5995 bps, 74.94%, Err 64 (9.7e-06)
897.698 .... 2627 packets received, 5999 bps, 74.99%, Err 64 (9.7e-06)
902.349 .... 2635 packets received, 5987 bps, 74.83%, Err 65 (9.8e-06)
904.507 .... 2643 packets received, 5990 bps, 74.88%, Err 65 (9.8e-06)
906.621 .... 2651 packets received, 5995 bps, 74.93%, Err 65 (9.8e-06)
908.742 .... 2659 packets received, 5999 bps, 74.98%, Err 65 (9.7e-06)
910.871 .... 2667 packets received, 6003 bps, 75.03%, Err 65 (9.7e-06)
915.007 .... 2673 packets received, 5989 bps, 74.86%, Err 65 (9.7e-06)
917.109 .... 2681 packets received, 5993 bps, 74.91%, Err 65 (9.6e-06)
919.240 .... 2689 packets received, 5997 bps, 74.96%, Err 65 (9.6e-06)
923.383 .... 2695 packets received, 5983 bps, 74.79%, Err 67 (9.9e-06)
926.948 .... 2697 packets received, 5965 bps, 74.56%, Err 68 (1.0e-05)
929.077 .... 2705 packets received, 5969 bps, 74.61%, Err 68 (1.0e-05)
931.863 .... 2706 packets received, 5953 bps, 74.41%, Err 69 (1.0e-05)
935.953 .... 2709 packets received, 5934 bps, 74.17%, Err 70 (1.0e-05)
938.113 .... 2717 packets received, 5937 bps, 74.22%, Err 70 (1.0e-05)
942.499 .... 2724 packets received, 5925 bps, 74.06%, Err 71 (1.0e-05)
944.625 .... 2732 packets received, 5929 bps, 74.11%, Err 71 (1.0e-05)
949.282 .... 2740 packets received, 5917 bps, 73.96%, Err 72 (1.0e-05)
951.393 .... 2748 packets received, 5921 bps, 74.02%, Err 72 (1.0e-05)
953.523 .... 2756 packets received, 5925 bps, 74.06%, Err 72 (1.0e-05)
955.530 .... 2761 packets received, 5923 bps, 74.04%, Err 72 (1.0e-05)
957.657 .... 2769 packets received, 5927 bps, 74.09%, Err 72 (1.0e-05)
959.801 .... 2777 packets received, 5931 bps, 74.14%, Err 72 (1.0e-05)
961.899 .... 2785 packets received, 5935 bps, 74.19%, Err 72 (1.0e-05)
964.027 .... 2793 packets received, 5939 bps, 74.24%, Err 73 (1.0e-05)
966.126 .... 2801 packets received, 5943 bps, 74.29%, Err 73 (1.0e-05)
968.257 .... 2809 packets received, 5947 bps, 74.34%, Err 73 (1.0e-05)
970.385 .... 2817 packets received, 5951 bps, 74.39%, Err 73 (1.0e-05)
972.484 .... 2825 packets received, 5955 bps, 74.44%, Err 73 (1.0e-05)
974.616 .... 2833 packets received, 5959 bps, 74.48%, Err 73 (1.0e-05)
976.741 .... 2841 packets received, 5963 bps, 74.53%, Err 73 (1.0e-05)
978.867 .... 2849 packets received, 5966 bps, 74.58%, Err 73 (1.0e-05)
980.964 .... 2857 packets received, 5970 bps, 74.63%, Err 73 (1.0e-05)
983.093 .... 2865 packets received, 5974 bps, 74.68%, Err 73 (1.0e-05)
985.651 .... 2872 packets received, 5973 bps, 74.66%, Err 73 (1.0e-05)
987.750 .... 2880 packets received, 5977 bps, 74.71%, Err 73 (1.0e-05)
989.879 .... 2888 packets received, 5981 bps, 74.76%, Err 73 (1.0e-05)
991.994 .... 2896 packets received, 5984 bps, 74.81%, Err 73 (1.0e-05)
994.122 .... 2904 packets received, 5988 bps, 74.85%, Err 73 (1.0e-05)
996.236 .... 2912 packets received, 5992 bps, 74.90%, Err 73 (1.0e-05)
998.361 .... 2920 packets received, 5996 bps, 74.94%, Err 73 (9.9e-06)
1000.476 .... 2928 packets received, 5999 bps, 74.99%, Err 73 (9.9e-06)
1003.556 .... 2930 packets received, 5985 bps, 74.81%, Err 74 (1.0e-05)
1005.686 .... 2938 packets received, 5989 bps, 74.86%, Err 74 (1.0e-05)
1007.801 .... 2946 packets received, 5992 bps, 74.90%, Err 75 (1.0e-05)
1010.619 .... 2947 packets received, 5978 bps, 74.72%, Err 75 (1.0e-05)
1012.733 .... 2955 packets received, 5981 bps, 74.77%, Err 75 (1.0e-05)
1014.893 .... 2963 packets received, 5985 bps, 74.81%, Err 75 (1.0e-05)
1018.740 .... 2968 packets received, 5972 bps, 74.65%, Err 76 (1.0e-05)
1020.869 .... 2976 packets received, 5976 bps, 74.70%, Err 76 (1.0e-05)
1022.983 .... 2982 packets received, 5975 bps, 74.69%, Err 76 (1.0e-05)
1025.100 .... 2990 packets received, 5979 bps, 74.74%, Err 76 (1.0e-05)
1029.757 .... 2998 packets received, 5968 bps, 74.60%, Err 79 (1.0e-05)
1031.913 .... 3006 packets received, 5971 bps, 74.64%, Err 79 (1.0e-05)
1034.024 .... 3011 packets received, 5969 bps, 74.61%, Err 79 (1.0e-05)
1036.119 .... 3019 packets received, 5973 bps, 74.66%, Err 79 (1.0e-05)
1038.247 .... 3027 packets received, 5976 bps, 74.70%, Err 79 (1.0e-05)
1041.344 .... 3029 packets received, 5962 bps, 74.53%, Err 79 (1.0e-05)
1043.475 .... 3037 packets received, 5966 bps, 74.57%, Err 79 (1.0e-05)
1045.600 .... 3045 packets received, 5969 bps, 74.62%, Err 79 (1.0e-05)
1047.715 .... 3053 packets received, 5973 bps, 74.66%, Err 79 (1.0e-05)
1050.246 .... 3060 packets received, 5972 bps, 74.65%, Err 79 (1.0e-05)
1052.363 .... 3068 packets received, 5976 bps, 74.70%, Err 79 (1.0e-05)
1054.481 .... 3076 packets received, 5979 bps, 74.74%, Err 79 (1.0e-05)
1056.608 .... 3084 packets received, 5983 bps, 74.79%, Err 79 (1.0e-05)
1058.730 .... 3092 packets received, 5986 bps, 74.83%, Err 79 (1.0e-05)
1060.852 .... 3100 packets received, 5990 bps, 74.87%, Err 79 (1.0e-05)
1062.970 .... 3108 packets received, 5993 bps, 74.92%, Err 79 (1.0e-05)
1065.095 .... 3116 packets received, 5997 bps, 74.96%, Err 79 (1.0e-05)
1067.198 .... 3124 packets received, 6000 bps, 75.00%, Err 79 (1.0e-05)
1069.343 .... 3132 packets received, 6004 bps, 75.05%, Err 79 (1.0e-05)
1072.698 .... 3135 packets received, 5991 bps, 74.88%, Err 79 (1.0e-05)
1074.808 .... 3143 packets received, 5994 bps, 74.93%, Err 79 (1.0e-05)
1076.945 .... 3151 packets received, 5997 bps, 74.97%, Err 79 (1.0e-05)
1079.063 .... 3159 packets received, 6001 bps, 75.01%, Err 80 (1.0e-05)
1081.162 .... 3167 packets received, 6004 bps, 75.05%, Err 80 (1.0e-05)
1083.294 .... 3175 packets received, 6008 bps, 75.09%, Err 80 (1.0e-05)
1085.551 .... 3181 packets received, 6006 bps, 75.08%, Err 80 (1.0e-05)
1088.063 .... 3188 packets received, 6006 bps, 75.07%, Err 80 (1.0e-05)
1092.727 .... 3196 packets received, 5995 bps, 74.94%, Err 81 (1.0e-05)
1096.824 .... 3199 packets received, 5978 bps, 74.73%, Err 82 (1.0e-05)
1098.940 .... 3207 packets received, 5982 bps, 74.77%, Err 82 (1.0e-05)
1102.025 .... 3209 packets received, 5969 bps, 74.61%, Err 83 (1.0e-05)
1104.184 .... 3217 packets received, 5972 bps, 74.65%, Err 83 (1.0e-05)
1106.283 .... 3225 packets received, 5975 bps, 74.69%, Err 84 (1.0e-05)
1110.161 .... 3230 packets received, 5964 bps, 74.55%, Err 85 (1.0e-05)
1112.276 .... 3238 packets received, 5967 bps, 74.59%, Err 85 (1.0e-05)
1116.152 .... 3243 packets received, 5955 bps, 74.44%, Err 86 (1.1e-05)
1118.281 .... 3251 packets received, 5959 bps, 74.48%, Err 86 (1.0e-05)
1120.304 .... 3256 packets received, 5957 bps, 74.46%, Err 86 (1.0e-05)
1122.429 .... 3264 packets received, 5960 bps, 74.51%, Err 86 (1.0e-05)
1124.544 .... 3272 packets received, 5964 bps, 74.55%, Err 86 (1.0e-05)
1126.658 .... 3280 packets received, 5967 bps, 74.59%, Err 86 (1.0e-05)
1128.789 .... 3288 packets received, 5970 bps, 74.63%, Err 86 (1.0e-05)
1130.902 .... 3296 packets received, 5974 bps, 74.67%, Err 86 (1.0e-05)
1133.016 .... 3304 packets received, 5977 bps, 74.71%, Err 86 (1.0e-05)
1135.146 .... 3312 packets received, 5980 bps, 74.75%, Err 86 (1.0e-05)
1137.258 .... 3320 packets received, 5984 bps, 74.80%, Err 86 (1.0e-05)
1139.387 .... 3328 packets received, 5987 bps, 74.84%, Err 86 (1.0e-05)
1141.487 .... 3336 packets received, 5990 bps, 74.88%, Err 86 (1.0e-05)
1143.616 .... 3344 packets received, 5993 bps, 74.92%, Err 86 (1.0e-05)
1145.636 .... 3349 packets received, 5992 bps, 74.90%, Err 86 (1.0e-05)
1147.748 .... 3357 packets received, 5995 bps, 74.94%, Err 86 (1.0e-05)
1149.886 .... 3365 packets received, 5998 bps, 74.98%, Err 86 (1.0e-05)
1153.504 .... 3369 packets received, 5986 bps, 74.83%, Err 88 (1.0e-05)
1155.632 .... 3377 packets received, 5990 bps, 74.87%, Err 88 (1.0e-05)
1159.774 .... 3383 packets received, 5979 bps, 74.73%, Err 89 (1.0e-05)
1161.906 .... 3391 packets received, 5982 bps, 74.77%, Err 89 (1.0e-05)
1164.003 .... 3396 packets received, 5980 bps, 74.75%, Err 89 (1.0e-05)
1166.115 .... 3404 packets received, 5983 bps, 74.79%, Err 90 (1.1e-05)
1168.244 .... 3412 packets received, 5986 bps, 74.83%, Err 90 (1.0e-05)
1170.361 .... 3420 packets received, 5989 bps, 74.87%, Err 91 (1.1e-05)
1172.476 .... 3428 packets received, 5993 bps, 74.91%, Err 91 (1.1e-05)
1174.606 .... 3436 packets received, 5996 bps, 74.95%, Err 91 (1.1e-05)
1176.721 .... 3444 packets received, 5999 bps, 74.98%, Err 91 (1.1e-05)
1180.073 .... 3447 packets received, 5987 bps, 74.84%, Err 91 (1.0e-05)
1182.195 .... 3455 packets received, 5990 bps, 74.88%, Err 91 (1.0e-05)
1184.302 .... 3463 packets received, 5993 bps, 74.92%, Err 91 (1.0e-05)
1186.426 .... 3471 packets received, 5996 bps, 74.95%, Err 91 (1.0e-05)
1188.548 .... 3479 packets received, 5999 bps, 74.99%, Err 91 (1.0e-05)
1190.666 .... 3487 packets received, 6002 bps, 75.03%, Err 91 (1.0e-05)
1194.251 .... 3491 packets received, 5991 bps, 74.89%, Err 92 (1.0e-05)
1196.410 .... 3499 packets received, 5994 bps, 74.93%, Err 92 (1.0e-05)
1198.516 .... 3507 packets received, 5997 bps, 74.97%, Err 92 (1.0e-05)
1200.019 Quit.
