000.000 =============================================================
000.000                     Station B                               
000.000 -------------------------------------------------------------
000.000 Protocol.lib, version 4.0, jiangyanjun0718@bupt.edu.cn
000.000 Channel: 8000 bps, 270 ms propagation delay, bit error rate 1.0E-05
000.000 Log file "fB.log", TCP port 30014, debug mask 0x00
000.000 Station B is connecting station A (TCP port 30014) ... Done.
000.656 New epoch: Thu May 16 16:33:37 2019
000.656 =================================================================
000.656 
000.656 Designed by CJSoft, build: May 16 2019  16:33:08
003.055 .... 8 packets received, 7765 bps, 97.06%, Err 0 (0.0e+00)
007.738 .... 16 packets received, 4824 bps, 60.30%, Err 1 (2.0e-05)
009.864 .... 24 packets received, 5511 bps, 68.89%, Err 1 (1.5e-05)
011.970 .... 32 packets received, 5944 bps, 74.30%, Err 1 (1.2e-05)
014.084 .... 40 packets received, 6235 bps, 77.94%, Err 1 (9.8e-06)
016.215 .... 48 packets received, 6438 bps, 80.47%, Err 1 (8.4e-06)
020.353 .... 54 packets received, 5698 bps, 71.23%, Err 2 (1.4e-05)
022.467 .... 62 packets received, 5900 bps, 73.75%, Err 2 (1.2e-05)
024.612 .... 68 packets received, 5884 bps, 73.55%, Err 2 (1.1e-05)
026.726 .... 76 packets received, 6037 bps, 75.47%, Err 2 (1.0e-05)
028.828 .... 84 packets received, 6170 bps, 77.12%, Err 3 (1.4e-05)
031.647 .... 85 packets received, 5670 bps, 70.87%, Err 3 (1.3e-05)
033.805 .... 93 packets received, 5796 bps, 72.45%, Err 3 (1.2e-05)
035.891 .... 98 packets received, 5743 bps, 71.79%, Err 3 (1.2e-05)
038.005 .... 106 packets received, 5858 bps, 73.22%, Err 3 (1.1e-05)
040.148 .... 114 packets received, 5955 bps, 74.44%, Err 3 (1.0e-05)
043.738 .... 118 packets received, 5647 bps, 70.59%, Err 4 (1.3e-05)
045.882 .... 126 packets received, 5742 bps, 71.78%, Err 4 (1.2e-05)
047.979 .... 134 packets received, 5835 bps, 72.93%, Err 4 (1.2e-05)
050.107 .... 142 packets received, 5915 bps, 73.94%, Err 4 (1.1e-05)
052.239 .... 150 packets received, 5989 bps, 74.86%, Err 4 (1.1e-05)
054.354 .... 158 packets received, 6059 bps, 75.73%, Err 4 (1.0e-05)
056.466 .... 166 packets received, 6123 bps, 76.54%, Err 4 (9.7e-06)
058.597 .... 174 packets received, 6181 bps, 77.26%, Err 4 (9.3e-06)
063.243 .... 182 packets received, 5983 bps, 74.79%, Err 5 (1.1e-05)
065.373 .... 190 packets received, 6040 bps, 75.50%, Err 5 (1.0e-05)
067.517 .... 196 packets received, 6030 bps, 75.37%, Err 5 (1.0e-05)
069.647 .... 204 packets received, 6081 bps, 76.02%, Err 5 (9.8e-06)
074.044 .... 211 packets received, 5912 bps, 73.89%, Err 7 (1.3e-05)
076.158 .... 219 packets received, 5963 bps, 74.54%, Err 7 (1.3e-05)
078.288 .... 224 packets received, 5931 bps, 74.14%, Err 7 (1.2e-05)
080.401 .... 232 packets received, 5980 bps, 74.75%, Err 7 (1.2e-05)
083.481 .... 234 packets received, 5806 bps, 72.58%, Err 8 (1.3e-05)
085.622 .... 242 packets received, 5853 bps, 73.16%, Err 8 (1.3e-05)
087.764 .... 248 packets received, 5850 bps, 73.13%, Err 8 (1.3e-05)
089.878 .... 256 packets received, 5895 bps, 73.69%, Err 8 (1.2e-05)
091.992 .... 264 packets received, 5938 bps, 74.23%, Err 8 (1.2e-05)
094.091 .... 272 packets received, 5980 bps, 74.76%, Err 8 (1.2e-05)
096.224 .... 280 packets received, 6019 bps, 75.23%, Err 8 (1.1e-05)
098.340 .... 288 packets received, 6056 bps, 75.70%, Err 8 (1.1e-05)
100.451 .... 296 packets received, 6092 bps, 76.15%, Err 8 (1.1e-05)
102.594 .... 304 packets received, 6125 bps, 76.56%, Err 8 (1.1e-05)
104.720 .... 312 packets received, 6157 bps, 76.97%, Err 8 (1.0e-05)
106.817 .... 320 packets received, 6190 bps, 77.38%, Err 8 (1.0e-05)
110.456 .... 324 packets received, 6059 bps, 75.74%, Err 8 (9.9e-06)
112.569 .... 332 packets received, 6091 bps, 76.14%, Err 8 (9.7e-06)
114.681 .... 340 packets received, 6122 bps, 76.53%, Err 8 (9.5e-06)
116.793 .... 348 packets received, 6152 bps, 76.90%, Err 8 (9.3e-06)
118.920 .... 356 packets received, 6180 bps, 77.25%, Err 8 (9.1e-06)
121.061 .... 364 packets received, 6206 bps, 77.58%, Err 8 (8.9e-06)
124.623 .... 368 packets received, 6094 bps, 76.17%, Err 9 (9.8e-06)
126.771 .... 376 packets received, 6120 bps, 76.50%, Err 9 (9.6e-06)
128.884 .... 384 packets received, 6147 bps, 76.84%, Err 9 (9.5e-06)
131.011 .... 392 packets received, 6172 bps, 77.15%, Err 9 (9.3e-06)
133.859 .... 393 packets received, 6056 bps, 75.69%, Err 9 (9.1e-06)
135.955 .... 401 packets received, 6083 bps, 76.04%, Err 9 (9.0e-06)
138.091 .... 409 packets received, 6108 bps, 76.34%, Err 9 (8.8e-06)
140.182 .... 417 packets received, 6134 bps, 76.67%, Err 9 (8.7e-06)
142.310 .... 425 packets received, 6157 bps, 76.96%, Err 9 (8.5e-06)
144.419 .... 433 packets received, 6181 bps, 77.26%, Err 10 (9.3e-06)
147.259 .... 434 packets received, 6075 bps, 75.94%, Err 10 (9.2e-06)
149.383 .... 442 packets received, 6098 bps, 76.23%, Err 10 (9.0e-06)
151.490 .... 448 packets received, 6095 bps, 76.18%, Err 10 (8.9e-06)
154.574 .... 450 packets received, 5999 bps, 74.99%, Err 12 (1.1e-05)
156.702 .... 458 packets received, 6022 bps, 75.28%, Err 13 (1.1e-05)
159.622 .... 459 packets received, 5924 bps, 74.05%, Err 13 (1.1e-05)
161.773 .... 467 packets received, 5947 bps, 74.34%, Err 13 (1.1e-05)
163.775 .... 472 packets received, 5937 bps, 74.21%, Err 13 (1.1e-05)
165.885 .... 480 packets received, 5960 bps, 74.50%, Err 14 (1.2e-05)
168.010 .... 488 packets received, 5982 bps, 74.78%, Err 15 (1.2e-05)
170.796 .... 489 packets received, 5896 bps, 73.70%, Err 15 (1.2e-05)
172.908 .... 497 packets received, 5919 bps, 73.99%, Err 15 (1.2e-05)
175.065 .... 503 packets received, 5916 bps, 73.95%, Err 15 (1.2e-05)
177.207 .... 511 packets received, 5937 bps, 74.22%, Err 15 (1.2e-05)
179.302 .... 519 packets received, 5959 bps, 74.49%, Err 15 (1.1e-05)
183.969 .... 527 packets received, 5897 bps, 73.71%, Err 15 (1.1e-05)
187.034 .... 529 packets received, 5822 bps, 72.77%, Err 16 (1.2e-05)
189.189 .... 537 packets received, 5842 bps, 73.03%, Err 16 (1.2e-05)
191.312 .... 545 packets received, 5863 bps, 73.29%, Err 16 (1.1e-05)
193.405 .... 553 packets received, 5885 bps, 73.56%, Err 16 (1.1e-05)
195.538 .... 561 packets received, 5904 bps, 73.80%, Err 16 (1.1e-05)
197.632 .... 569 packets received, 5925 bps, 74.06%, Err 16 (1.1e-05)
202.040 .... 576 packets received, 5866 bps, 73.33%, Err 17 (1.1e-05)
204.181 .... 584 packets received, 5885 bps, 73.56%, Err 17 (1.1e-05)
206.294 .... 592 packets received, 5904 bps, 73.80%, Err 17 (1.1e-05)
208.435 .... 600 packets received, 5922 bps, 74.03%, Err 17 (1.1e-05)
210.564 .... 608 packets received, 5940 bps, 74.25%, Err 17 (1.1e-05)
212.677 .... 616 packets received, 5958 bps, 74.48%, Err 17 (1.1e-05)
214.790 .... 624 packets received, 5976 bps, 74.70%, Err 18 (1.1e-05)
217.598 .... 625 packets received, 5908 bps, 73.85%, Err 18 (1.1e-05)
219.726 .... 633 packets received, 5925 bps, 74.07%, Err 18 (1.1e-05)
221.751 .... 638 packets received, 5918 bps, 73.97%, Err 18 (1.1e-05)
223.864 .... 646 packets received, 5935 bps, 74.19%, Err 18 (1.1e-05)
225.999 .... 654 packets received, 5951 bps, 74.39%, Err 18 (1.1e-05)
228.117 .... 662 packets received, 5968 bps, 74.60%, Err 19 (1.1e-05)
230.238 .... 670 packets received, 5984 bps, 74.80%, Err 19 (1.1e-05)
232.327 .... 678 packets received, 6001 bps, 75.01%, Err 19 (1.1e-05)
234.455 .... 686 packets received, 6017 bps, 75.21%, Err 19 (1.1e-05)
238.334 .... 691 packets received, 5961 bps, 74.52%, Err 19 (1.1e-05)
243.008 .... 699 packets received, 5914 bps, 73.92%, Err 19 (1.1e-05)
245.120 .... 707 packets received, 5930 bps, 74.12%, Err 19 (1.1e-05)
247.248 .... 715 packets received, 5945 bps, 74.31%, Err 19 (1.0e-05)
249.378 .... 723 packets received, 5960 bps, 74.50%, Err 19 (1.0e-05)
251.491 .... 731 packets received, 5975 bps, 74.69%, Err 19 (1.0e-05)
253.622 .... 739 packets received, 5990 bps, 74.87%, Err 19 (1.0e-05)
255.721 .... 747 packets received, 6005 bps, 75.06%, Err 19 (1.0e-05)
259.350 .... 751 packets received, 5952 bps, 74.40%, Err 20 (1.0e-05)
261.464 .... 759 packets received, 5967 bps, 74.58%, Err 20 (1.0e-05)
263.579 .... 764 packets received, 5958 bps, 74.47%, Err 20 (1.0e-05)
265.693 .... 772 packets received, 5972 bps, 74.65%, Err 20 (1.0e-05)
267.792 .... 780 packets received, 5986 bps, 74.83%, Err 20 (1.0e-05)
269.952 .... 788 packets received, 5999 bps, 74.99%, Err 20 (1.0e-05)
272.065 .... 796 packets received, 6013 bps, 75.16%, Err 20 (1.0e-05)
275.650 .... 800 packets received, 5964 bps, 74.55%, Err 21 (1.0e-05)
277.805 .... 808 packets received, 5977 bps, 74.71%, Err 21 (1.0e-05)
279.904 .... 816 packets received, 5991 bps, 74.88%, Err 21 (1.0e-05)
282.031 .... 824 packets received, 6004 bps, 75.05%, Err 21 (1.0e-05)
284.131 .... 832 packets received, 6017 bps, 75.21%, Err 21 (1.0e-05)
286.260 .... 840 packets received, 6030 bps, 75.37%, Err 21 (9.9e-06)
289.876 .... 844 packets received, 5982 bps, 74.78%, Err 22 (1.0e-05)
291.975 .... 852 packets received, 5996 bps, 74.94%, Err 22 (1.0e-05)
294.148 .... 858 packets received, 5993 bps, 74.91%, Err 22 (1.0e-05)
296.646 .... 865 packets received, 5991 bps, 74.89%, Err 22 (1.0e-05)
298.760 .... 873 packets received, 6003 bps, 75.04%, Err 22 (1.0e-05)
300.873 .... 881 packets received, 6016 bps, 75.20%, Err 22 (9.9e-06)
302.998 .... 889 packets received, 6028 bps, 75.35%, Err 23 (1.0e-05)
305.798 .... 890 packets received, 5979 bps, 74.74%, Err 23 (1.0e-05)
307.951 .... 898 packets received, 5990 bps, 74.88%, Err 23 (1.0e-05)
310.062 .... 904 packets received, 5989 bps, 74.87%, Err 23 (1.0e-05)
312.187 .... 912 packets received, 6001 bps, 75.01%, Err 23 (1.0e-05)
314.285 .... 920 packets received, 6013 bps, 75.16%, Err 23 (9.9e-06)
316.440 .... 928 packets received, 6024 bps, 75.30%, Err 23 (9.9e-06)
318.522 .... 936 packets received, 6036 bps, 75.45%, Err 23 (9.8e-06)
320.664 .... 944 packets received, 6047 bps, 75.59%, Err 23 (9.7e-06)
322.776 .... 952 packets received, 6058 bps, 75.73%, Err 23 (9.7e-06)
324.887 .... 960 packets received, 6069 bps, 75.87%, Err 23 (9.6e-06)
329.306 .... 967 packets received, 6031 bps, 75.39%, Err 25 (1.0e-05)
331.447 .... 975 packets received, 6042 bps, 75.52%, Err 25 (1.0e-05)
335.134 .... 979 packets received, 6000 bps, 74.99%, Err 26 (1.1e-05)
337.276 .... 987 packets received, 6010 bps, 75.13%, Err 26 (1.0e-05)
339.280 .... 992 packets received, 6005 bps, 75.06%, Err 26 (1.0e-05)
341.390 .... 1000 packets received, 6016 bps, 75.20%, Err 26 (1.0e-05)
343.516 .... 1008 packets received, 6026 bps, 75.33%, Err 26 (1.0e-05)
345.626 .... 1016 packets received, 6037 bps, 75.46%, Err 26 (1.0e-05)
347.766 .... 1024 packets received, 6047 bps, 75.58%, Err 26 (1.0e-05)
349.863 .... 1032 packets received, 6057 bps, 75.72%, Err 26 (1.0e-05)
355.767 .... 1035 packets received, 5974 bps, 74.67%, Err 27 (1.0e-05)
357.919 .... 1043 packets received, 5984 bps, 74.80%, Err 27 (1.0e-05)
360.027 .... 1051 packets received, 5994 bps, 74.93%, Err 27 (1.0e-05)
362.153 .... 1059 packets received, 6004 bps, 75.05%, Err 27 (1.0e-05)
364.266 .... 1067 packets received, 6015 bps, 75.18%, Err 27 (1.0e-05)
366.375 .... 1075 packets received, 6025 bps, 75.31%, Err 27 (1.0e-05)
368.499 .... 1083 packets received, 6034 bps, 75.43%, Err 27 (9.9e-06)
370.644 .... 1091 packets received, 6044 bps, 75.55%, Err 27 (9.9e-06)
372.761 .... 1099 packets received, 6053 bps, 75.67%, Err 27 (9.8e-06)
374.862 .... 1107 packets received, 6063 bps, 75.79%, Err 27 (9.7e-06)
376.978 .... 1115 packets received, 6073 bps, 75.91%, Err 27 (9.7e-06)
379.105 .... 1123 packets received, 6082 bps, 76.02%, Err 27 (9.6e-06)
381.225 .... 1131 packets received, 6091 bps, 76.14%, Err 27 (9.6e-06)
383.348 .... 1139 packets received, 6100 bps, 76.25%, Err 27 (9.5e-06)
385.466 .... 1147 packets received, 6109 bps, 76.36%, Err 27 (9.5e-06)
387.581 .... 1155 packets received, 6118 bps, 76.48%, Err 27 (9.4e-06)
389.588 .... 1160 packets received, 6113 bps, 76.41%, Err 27 (9.4e-06)
391.710 .... 1168 packets received, 6121 bps, 76.52%, Err 27 (9.3e-06)
393.831 .... 1176 packets received, 6130 bps, 76.63%, Err 27 (9.3e-06)
395.950 .... 1184 packets received, 6139 bps, 76.73%, Err 27 (9.2e-06)
398.087 .... 1192 packets received, 6147 bps, 76.84%, Err 27 (9.1e-06)
400.200 .... 1200 packets received, 6155 bps, 76.94%, Err 27 (9.1e-06)
402.312 .... 1208 packets received, 6164 bps, 77.05%, Err 27 (9.0e-06)
405.416 .... 1210 packets received, 6127 bps, 76.58%, Err 27 (9.0e-06)
407.520 .... 1218 packets received, 6135 bps, 76.69%, Err 27 (8.9e-06)
409.653 .... 1226 packets received, 6143 bps, 76.79%, Err 27 (8.9e-06)
414.318 .... 1234 packets received, 6114 bps, 76.42%, Err 27 (8.8e-06)
416.434 .... 1242 packets received, 6122 bps, 76.52%, Err 27 (8.7e-06)
418.551 .... 1250 packets received, 6130 bps, 76.63%, Err 27 (8.7e-06)
421.640 .... 1252 packets received, 6095 bps, 76.19%, Err 28 (9.0e-06)
423.770 .... 1259 packets received, 6098 bps, 76.23%, Err 28 (8.9e-06)
425.887 .... 1267 packets received, 6106 bps, 76.33%, Err 28 (8.9e-06)
428.947 .... 1269 packets received, 6072 bps, 75.90%, Err 29 (9.1e-06)
433.041 .... 1272 packets received, 6029 bps, 75.36%, Err 31 (9.7e-06)
435.186 .... 1280 packets received, 6037 bps, 75.46%, Err 31 (9.6e-06)
437.305 .... 1288 packets received, 6045 bps, 75.56%, Err 32 (9.9e-06)
439.422 .... 1296 packets received, 6053 bps, 75.67%, Err 32 (9.9e-06)
441.536 .... 1304 packets received, 6061 bps, 75.77%, Err 32 (9.8e-06)
443.667 .... 1312 packets received, 6069 bps, 75.87%, Err 32 (9.8e-06)
446.473 .... 1313 packets received, 6036 bps, 75.44%, Err 32 (9.7e-06)
450.862 .... 1320 packets received, 6009 bps, 75.11%, Err 33 (9.9e-06)
453.036 .... 1328 packets received, 6016 bps, 75.20%, Err 33 (9.9e-06)
455.146 .... 1334 packets received, 6015 bps, 75.19%, Err 33 (9.8e-06)
457.246 .... 1342 packets received, 6023 bps, 75.29%, Err 33 (9.8e-06)
459.375 .... 1350 packets received, 6031 bps, 75.39%, Err 33 (9.7e-06)
462.971 .... 1354 packets received, 6002 bps, 75.02%, Err 34 (1.0e-05)
467.379 .... 1358 packets received, 5963 bps, 74.53%, Err 35 (1.0e-05)
469.522 .... 1366 packets received, 5970 bps, 74.63%, Err 35 (1.0e-05)
471.667 .... 1372 packets received, 5969 bps, 74.62%, Err 35 (1.0e-05)
473.781 .... 1380 packets received, 5977 bps, 74.72%, Err 35 (1.0e-05)
477.369 .... 1384 packets received, 5949 bps, 74.37%, Err 36 (1.0e-05)
479.499 .... 1392 packets received, 5957 bps, 74.46%, Err 36 (1.0e-05)
481.657 .... 1398 packets received, 5956 bps, 74.45%, Err 36 (1.0e-05)
483.893 .... 1404 packets received, 5954 bps, 74.42%, Err 36 (1.0e-05)
486.004 .... 1412 packets received, 5962 bps, 74.52%, Err 36 (1.0e-05)
488.146 .... 1420 packets received, 5969 bps, 74.61%, Err 36 (1.0e-05)
490.260 .... 1428 packets received, 5977 bps, 74.71%, Err 36 (1.0e-05)
493.584 .... 1431 packets received, 5949 bps, 74.36%, Err 37 (1.0e-05)
498.035 .... 1436 packets received, 5916 bps, 73.95%, Err 38 (1.0e-05)
500.178 .... 1444 packets received, 5924 bps, 74.05%, Err 38 (1.0e-05)
502.242 .... 1449 packets received, 5920 bps, 74.00%, Err 38 (1.0e-05)
504.351 .... 1457 packets received, 5927 bps, 74.09%, Err 38 (1.0e-05)
506.462 .... 1465 packets received, 5935 bps, 74.19%, Err 38 (1.0e-05)
508.482 .... 1470 packets received, 5932 bps, 74.15%, Err 38 (1.0e-05)
510.605 .... 1478 packets received, 5939 bps, 74.24%, Err 38 (1.0e-05)
514.982 .... 1485 packets received, 5916 bps, 73.96%, Err 39 (1.0e-05)
517.119 .... 1493 packets received, 5924 bps, 74.05%, Err 39 (1.0e-05)
519.261 .... 1498 packets received, 5919 bps, 73.99%, Err 39 (1.0e-05)
521.368 .... 1506 packets received, 5927 bps, 74.08%, Err 39 (1.0e-05)
523.517 .... 1514 packets received, 5933 bps, 74.17%, Err 39 (1.0e-05)
526.845 .... 1517 packets received, 5908 bps, 73.85%, Err 39 (1.0e-05)
529.123 .... 1524 packets received, 5909 bps, 73.87%, Err 39 (1.0e-05)
531.236 .... 1532 packets received, 5917 bps, 73.96%, Err 39 (1.0e-05)
535.382 .... 1538 packets received, 5894 bps, 73.67%, Err 39 (1.0e-05)
537.512 .... 1546 packets received, 5901 bps, 73.76%, Err 39 (9.9e-06)
539.626 .... 1554 packets received, 5908 bps, 73.85%, Err 39 (9.9e-06)
541.741 .... 1562 packets received, 5915 bps, 73.94%, Err 39 (9.8e-06)
543.861 .... 1570 packets received, 5922 bps, 74.03%, Err 39 (9.8e-06)
545.976 .... 1578 packets received, 5929 bps, 74.12%, Err 39 (9.8e-06)
548.106 .... 1586 packets received, 5936 bps, 74.20%, Err 39 (9.7e-06)
550.218 .... 1594 packets received, 5943 bps, 74.29%, Err 39 (9.7e-06)
554.106 .... 1599 packets received, 5920 bps, 74.00%, Err 39 (9.6e-06)
556.229 .... 1607 packets received, 5927 bps, 74.09%, Err 39 (9.6e-06)
558.356 .... 1615 packets received, 5934 bps, 74.17%, Err 39 (9.5e-06)
560.450 .... 1623 packets received, 5941 bps, 74.26%, Err 39 (9.5e-06)
562.579 .... 1631 packets received, 5947 bps, 74.34%, Err 39 (9.5e-06)
565.651 .... 1633 packets received, 5922 bps, 74.03%, Err 41 (9.9e-06)
567.763 .... 1640 packets received, 5926 bps, 74.07%, Err 41 (9.9e-06)
569.889 .... 1648 packets received, 5932 bps, 74.15%, Err 41 (9.8e-06)
572.016 .... 1656 packets received, 5939 bps, 74.24%, Err 41 (9.8e-06)
575.869 .... 1661 packets received, 5917 bps, 73.96%, Err 42 (1.0e-05)
578.009 .... 1669 packets received, 5923 bps, 74.04%, Err 42 (9.9e-06)
580.119 .... 1677 packets received, 5930 bps, 74.12%, Err 42 (9.9e-06)
583.990 .... 1682 packets received, 5908 bps, 73.85%, Err 43 (1.0e-05)
586.113 .... 1690 packets received, 5915 bps, 73.93%, Err 43 (1.0e-05)
588.268 .... 1698 packets received, 5921 bps, 74.01%, Err 43 (1.0e-05)
590.365 .... 1706 packets received, 5928 bps, 74.10%, Err 43 (9.9e-06)
592.464 .... 1714 packets received, 5934 bps, 74.18%, Err 43 (9.9e-06)
594.591 .... 1722 packets received, 5941 bps, 74.26%, Err 43 (9.9e-06)
596.720 .... 1730 packets received, 5947 bps, 74.34%, Err 43 (9.8e-06)
600.327 .... 1734 packets received, 5925 bps, 74.06%, Err 43 (9.8e-06)
602.563 .... 1741 packets received, 5927 bps, 74.08%, Err 43 (9.7e-06)
606.957 .... 1748 packets received, 5907 bps, 73.84%, Err 44 (9.9e-06)
609.101 .... 1756 packets received, 5913 bps, 73.92%, Err 44 (9.9e-06)
611.244 .... 1761 packets received, 5909 bps, 73.87%, Err 44 (9.8e-06)
613.359 .... 1769 packets received, 5916 bps, 73.95%, Err 44 (9.8e-06)
617.234 .... 1774 packets received, 5895 bps, 73.69%, Err 45 (1.0e-05)
619.364 .... 1782 packets received, 5901 bps, 73.77%, Err 45 (9.9e-06)
621.496 .... 1788 packets received, 5901 bps, 73.76%, Err 45 (9.9e-06)
625.356 .... 1793 packets received, 5881 bps, 73.51%, Err 47 (1.0e-05)
628.417 .... 1794 packets received, 5855 bps, 73.19%, Err 47 (1.0e-05)
630.547 .... 1802 packets received, 5862 bps, 73.27%, Err 47 (1.0e-05)
632.658 .... 1810 packets received, 5868 bps, 73.35%, Err 47 (1.0e-05)
634.775 .... 1818 packets received, 5874 bps, 73.43%, Err 47 (1.0e-05)
636.891 .... 1826 packets received, 5880 bps, 73.51%, Err 47 (1.0e-05)
639.024 .... 1834 packets received, 5886 bps, 73.58%, Err 47 (1.0e-05)
641.139 .... 1842 packets received, 5893 bps, 73.66%, Err 47 (1.0e-05)
643.269 .... 1850 packets received, 5899 bps, 73.73%, Err 47 (1.0e-05)
645.382 .... 1858 packets received, 5905 bps, 73.81%, Err 47 (9.9e-06)
647.509 .... 1866 packets received, 5911 bps, 73.88%, Err 47 (9.9e-06)
651.906 .... 1873 packets received, 5893 bps, 73.66%, Err 48 (1.0e-05)
654.020 .... 1881 packets received, 5899 bps, 73.73%, Err 48 (1.0e-05)
656.149 .... 1889 packets received, 5905 bps, 73.81%, Err 48 (1.0e-05)
658.260 .... 1897 packets received, 5910 bps, 73.88%, Err 48 (1.0e-05)
660.403 .... 1905 packets received, 5916 bps, 73.95%, Err 48 (9.9e-06)
662.487 .... 1913 packets received, 5922 bps, 74.03%, Err 48 (9.9e-06)
664.630 .... 1921 packets received, 5928 bps, 74.10%, Err 48 (9.9e-06)
666.652 .... 1926 packets received, 5925 bps, 74.07%, Err 48 (9.8e-06)
668.751 .... 1934 packets received, 5931 bps, 74.14%, Err 48 (9.8e-06)
670.882 .... 1942 packets received, 5937 bps, 74.21%, Err 48 (9.8e-06)
675.550 .... 1950 packets received, 5920 bps, 74.00%, Err 49 (9.9e-06)
677.680 .... 1958 packets received, 5925 bps, 74.07%, Err 50 (1.0e-05)
679.825 .... 1966 packets received, 5931 bps, 74.14%, Err 50 (1.0e-05)
681.956 .... 1974 packets received, 5936 bps, 74.20%, Err 50 (1.0e-05)
685.550 .... 1978 packets received, 5917 bps, 73.96%, Err 51 (1.0e-05)
687.668 .... 1986 packets received, 5923 bps, 74.04%, Err 51 (1.0e-05)
689.806 .... 1992 packets received, 5922 bps, 74.03%, Err 51 (1.0e-05)
694.209 .... 1999 packets received, 5905 bps, 73.82%, Err 53 (1.0e-05)
696.344 .... 2007 packets received, 5911 bps, 73.88%, Err 53 (1.0e-05)
698.457 .... 2012 packets received, 5908 bps, 73.84%, Err 53 (1.0e-05)
700.582 .... 2020 packets received, 5913 bps, 73.91%, Err 53 (1.0e-05)
702.694 .... 2028 packets received, 5919 bps, 73.98%, Err 53 (1.0e-05)
707.361 .... 2036 packets received, 5903 bps, 73.78%, Err 53 (1.0e-05)
709.484 .... 2044 packets received, 5908 bps, 73.85%, Err 53 (1.0e-05)
714.152 .... 2052 packets received, 5892 bps, 73.65%, Err 54 (1.0e-05)
716.309 .... 2060 packets received, 5898 bps, 73.72%, Err 54 (1.0e-05)
718.407 .... 2068 packets received, 5903 bps, 73.79%, Err 54 (1.0e-05)
720.533 .... 2076 packets received, 5908 bps, 73.86%, Err 54 (1.0e-05)
722.628 .... 2084 packets received, 5914 bps, 73.92%, Err 54 (1.0e-05)
724.768 .... 2092 packets received, 5919 bps, 73.99%, Err 55 (1.0e-05)
727.843 .... 2094 packets received, 5900 bps, 73.75%, Err 57 (1.1e-05)
729.971 .... 2102 packets received, 5905 bps, 73.81%, Err 57 (1.1e-05)
732.082 .... 2110 packets received, 5910 bps, 73.88%, Err 57 (1.1e-05)
736.506 .... 2117 packets received, 5894 bps, 73.68%, Err 58 (1.1e-05)
738.633 .... 2125 packets received, 5900 bps, 73.74%, Err 58 (1.1e-05)
740.745 .... 2133 packets received, 5905 bps, 73.81%, Err 58 (1.1e-05)
742.855 .... 2141 packets received, 5910 bps, 73.88%, Err 58 (1.1e-05)
744.978 .... 2149 packets received, 5915 bps, 73.94%, Err 58 (1.1e-05)
747.123 .... 2157 packets received, 5920 bps, 74.00%, Err 58 (1.1e-05)
750.475 .... 2160 packets received, 5902 bps, 73.77%, Err 58 (1.1e-05)
754.057 .... 2164 packets received, 5885 bps, 73.56%, Err 59 (1.1e-05)
756.212 .... 2172 packets received, 5890 bps, 73.62%, Err 59 (1.1e-05)
758.347 .... 2177 packets received, 5887 bps, 73.58%, Err 59 (1.1e-05)
760.461 .... 2185 packets received, 5892 bps, 73.65%, Err 59 (1.1e-05)
762.601 .... 2193 packets received, 5897 bps, 73.71%, Err 59 (1.1e-05)
766.169 .... 2197 packets received, 5880 bps, 73.50%, Err 60 (1.1e-05)
768.326 .... 2205 packets received, 5885 bps, 73.56%, Err 60 (1.1e-05)
770.453 .... 2210 packets received, 5882 bps, 73.52%, Err 60 (1.1e-05)
772.551 .... 2218 packets received, 5887 bps, 73.59%, Err 60 (1.1e-05)
774.680 .... 2226 packets received, 5892 bps, 73.65%, Err 60 (1.1e-05)
776.791 .... 2234 packets received, 5897 bps, 73.71%, Err 60 (1.1e-05)
778.905 .... 2242 packets received, 5902 bps, 73.78%, Err 60 (1.1e-05)
781.018 .... 2250 packets received, 5907 bps, 73.84%, Err 60 (1.0e-05)
783.142 .... 2258 packets received, 5912 bps, 73.90%, Err 60 (1.0e-05)
785.255 .... 2266 packets received, 5917 bps, 73.96%, Err 60 (1.0e-05)
787.381 .... 2274 packets received, 5922 bps, 74.02%, Err 60 (1.0e-05)
789.510 .... 2282 packets received, 5927 bps, 74.08%, Err 60 (1.0e-05)
791.634 .... 2290 packets received, 5931 bps, 74.14%, Err 60 (1.0e-05)
793.762 .... 2298 packets received, 5936 bps, 74.20%, Err 60 (1.0e-05)
796.593 .... 2299 packets received, 5918 bps, 73.97%, Err 60 (1.0e-05)
798.697 .... 2307 packets received, 5923 bps, 74.03%, Err 60 (1.0e-05)
800.805 .... 2315 packets received, 5927 bps, 74.09%, Err 60 (1.0e-05)
802.948 .... 2323 packets received, 5932 bps, 74.15%, Err 60 (1.0e-05)
805.046 .... 2331 packets received, 5937 bps, 74.21%, Err 60 (1.0e-05)
807.176 .... 2339 packets received, 5942 bps, 74.27%, Err 60 (1.0e-05)
809.307 .... 2347 packets received, 5946 bps, 74.33%, Err 60 (1.0e-05)
813.718 .... 2354 packets received, 5932 bps, 74.14%, Err 60 (1.0e-05)
815.842 .... 2362 packets received, 5936 bps, 74.20%, Err 60 (1.0e-05)
817.939 .... 2370 packets received, 5941 bps, 74.26%, Err 60 (1.0e-05)
820.066 .... 2378 packets received, 5946 bps, 74.32%, Err 60 (1.0e-05)
822.180 .... 2386 packets received, 5950 bps, 74.38%, Err 60 (9.9e-06)
824.306 .... 2394 packets received, 5955 bps, 74.43%, Err 60 (9.9e-06)
826.421 .... 2402 packets received, 5959 bps, 74.49%, Err 60 (9.9e-06)
828.547 .... 2410 packets received, 5964 bps, 74.55%, Err 60 (9.9e-06)
830.673 .... 2418 packets received, 5968 bps, 74.60%, Err 60 (9.8e-06)
833.734 .... 2420 packets received, 5951 bps, 74.39%, Err 60 (9.8e-06)
838.135 .... 2427 packets received, 5937 bps, 74.21%, Err 60 (9.7e-06)
840.269 .... 2435 packets received, 5942 bps, 74.27%, Err 60 (9.7e-06)
842.372 .... 2443 packets received, 5946 bps, 74.33%, Err 60 (9.7e-06)
844.512 .... 2451 packets received, 5951 bps, 74.38%, Err 60 (9.7e-06)
846.638 .... 2459 packets received, 5955 bps, 74.44%, Err 60 (9.6e-06)
848.753 .... 2467 packets received, 5959 bps, 74.49%, Err 60 (9.6e-06)
850.847 .... 2475 packets received, 5964 bps, 74.55%, Err 60 (9.6e-06)
852.991 .... 2483 packets received, 5968 bps, 74.60%, Err 61 (9.7e-06)
855.093 .... 2491 packets received, 5973 bps, 74.66%, Err 61 (9.7e-06)
857.246 .... 2499 packets received, 5977 bps, 74.71%, Err 61 (9.7e-06)
859.351 .... 2507 packets received, 5981 bps, 74.77%, Err 61 (9.6e-06)
863.730 .... 2514 packets received, 5968 bps, 74.59%, Err 62 (9.8e-06)
865.872 .... 2522 packets received, 5972 bps, 74.65%, Err 62 (9.7e-06)
867.988 .... 2530 packets received, 5976 bps, 74.70%, Err 62 (9.7e-06)
870.103 .... 2538 packets received, 5980 bps, 74.75%, Err 62 (9.7e-06)
872.244 .... 2546 packets received, 5984 bps, 74.81%, Err 62 (9.7e-06)
874.347 .... 2554 packets received, 5989 bps, 74.86%, Err 62 (9.6e-06)
876.466 .... 2562 packets received, 5993 bps, 74.91%, Err 62 (9.6e-06)
878.613 .... 2570 packets received, 5997 bps, 74.96%, Err 62 (9.6e-06)
880.730 .... 2578 packets received, 6001 bps, 75.01%, Err 62 (9.6e-06)
882.849 .... 2586 packets received, 6005 bps, 75.07%, Err 63 (9.7e-06)
885.076 .... 2592 packets received, 6004 bps, 75.05%, Err 63 (9.7e-06)
887.210 .... 2600 packets received, 6008 bps, 75.10%, Err 63 (9.6e-06)
891.338 .... 2606 packets received, 5994 bps, 74.93%, Err 65 (9.9e-06)
893.491 .... 2614 packets received, 5998 bps, 74.97%, Err 65 (9.9e-06)
895.594 .... 2622 packets received, 6002 bps, 75.03%, Err 65 (9.8e-06)
897.699 .... 2630 packets received, 6006 bps, 75.08%, Err 65 (9.8e-06)
899.826 .... 2638 packets received, 6010 bps, 75.13%, Err 65 (9.8e-06)
901.949 .... 2646 packets received, 6014 bps, 75.18%, Err 65 (9.8e-06)
904.476 .... 2653 packets received, 6013 bps, 75.17%, Err 65 (9.8e-06)
906.606 .... 2661 packets received, 6017 bps, 75.22%, Err 65 (9.7e-06)
910.994 .... 2668 packets received, 6004 bps, 75.05%, Err 67 (1.0e-05)
913.153 .... 2676 packets received, 6008 bps, 75.10%, Err 67 (1.0e-05)
915.269 .... 2681 packets received, 6005 bps, 75.06%, Err 67 (9.9e-06)
917.401 .... 2689 packets received, 6009 bps, 75.11%, Err 67 (9.9e-06)
919.501 .... 2697 packets received, 6013 bps, 75.16%, Err 67 (9.9e-06)
921.634 .... 2705 packets received, 6017 bps, 75.21%, Err 67 (9.9e-06)
923.764 .... 2713 packets received, 6021 bps, 75.26%, Err 67 (9.8e-06)
927.086 .... 2716 packets received, 6006 bps, 75.07%, Err 68 (1.0e-05)
930.958 .... 2721 packets received, 5992 bps, 74.90%, Err 69 (1.0e-05)
933.085 .... 2729 packets received, 5996 bps, 74.95%, Err 69 (1.0e-05)
935.339 .... 2735 packets received, 5995 bps, 74.93%, Err 69 (1.0e-05)
938.097 .... 2743 packets received, 5994 bps, 74.93%, Err 69 (1.0e-05)
940.231 .... 2751 packets received, 5998 bps, 74.98%, Err 69 (1.0e-05)
942.330 .... 2759 packets received, 6002 bps, 75.03%, Err 69 (9.9e-06)
945.407 .... 2761 packets received, 5987 bps, 74.84%, Err 70 (1.0e-05)
948.991 .... 2763 packets received, 5969 bps, 74.61%, Err 71 (1.0e-05)
953.400 .... 2770 packets received, 5956 bps, 74.45%, Err 72 (1.0e-05)
955.530 .... 2778 packets received, 5960 bps, 74.50%, Err 72 (1.0e-05)
957.658 .... 2786 packets received, 5964 bps, 74.55%, Err 72 (1.0e-05)
959.786 .... 2794 packets received, 5968 bps, 74.60%, Err 72 (1.0e-05)
961.883 .... 2802 packets received, 5972 bps, 74.65%, Err 72 (1.0e-05)
963.996 .... 2810 packets received, 5976 bps, 74.70%, Err 72 (1.0e-05)
966.141 .... 2818 packets received, 5979 bps, 74.74%, Err 72 (1.0e-05)
968.241 .... 2826 packets received, 5983 bps, 74.79%, Err 73 (1.0e-05)
970.355 .... 2834 packets received, 5987 bps, 74.84%, Err 73 (1.0e-05)
972.499 .... 2842 packets received, 5991 bps, 74.89%, Err 73 (1.0e-05)
974.601 .... 2850 packets received, 5995 bps, 74.93%, Err 73 (1.0e-05)
976.742 .... 2858 packets received, 5998 bps, 74.98%, Err 73 (1.0e-05)
978.867 .... 2866 packets received, 6002 bps, 75.03%, Err 73 (1.0e-05)
983.507 .... 2874 packets received, 5990 bps, 74.88%, Err 74 (1.0e-05)
985.651 .... 2882 packets received, 5994 bps, 74.93%, Err 74 (1.0e-05)
987.781 .... 2890 packets received, 5998 bps, 74.97%, Err 74 (1.0e-05)
989.909 .... 2898 packets received, 6001 bps, 75.02%, Err 74 (1.0e-05)
992.025 .... 2906 packets received, 6005 bps, 75.06%, Err 74 (1.0e-05)
994.138 .... 2914 packets received, 6009 bps, 75.11%, Err 74 (1.0e-05)
996.252 .... 2922 packets received, 6012 bps, 75.16%, Err 74 (1.0e-05)
998.365 .... 2930 packets received, 6016 bps, 75.20%, Err 74 (1.0e-05)
1000.495 .... 2938 packets received, 6020 bps, 75.25%, Err 74 (1.0e-05)
1002.613 .... 2946 packets received, 6023 bps, 75.29%, Err 74 (1.0e-05)
1004.729 .... 2954 packets received, 6027 bps, 75.34%, Err 74 (1.0e-05)
1008.779 .... 2957 packets received, 6009 bps, 75.11%, Err 75 (1.0e-05)
1010.893 .... 2965 packets received, 6013 bps, 75.16%, Err 75 (1.0e-05)
1013.007 .... 2971 packets received, 6012 bps, 75.15%, Err 75 (1.0e-05)
1015.139 .... 2979 packets received, 6016 bps, 75.20%, Err 75 (1.0e-05)
1017.253 .... 2987 packets received, 6019 bps, 75.24%, Err 75 (1.0e-05)
1020.854 .... 2991 packets received, 6006 bps, 75.07%, Err 76 (1.0e-05)
1022.968 .... 2999 packets received, 6010 bps, 75.12%, Err 76 (1.0e-05)
1025.100 .... 3007 packets received, 6013 bps, 75.16%, Err 76 (1.0e-05)
1027.214 .... 3015 packets received, 6017 bps, 75.21%, Err 76 (1.0e-05)
1029.358 .... 3023 packets received, 6020 bps, 75.25%, Err 76 (1.0e-05)
1033.750 .... 3030 packets received, 6008 bps, 75.10%, Err 76 (1.0e-05)
1037.344 .... 3034 packets received, 5995 bps, 74.94%, Err 77 (1.0e-05)
1039.504 .... 3042 packets received, 5999 bps, 74.98%, Err 77 (1.0e-05)
1041.620 .... 3047 packets received, 5996 bps, 74.95%, Err 77 (1.0e-05)
1043.735 .... 3055 packets received, 6000 bps, 75.00%, Err 77 (1.0e-05)
1048.123 .... 3062 packets received, 5988 bps, 74.86%, Err 78 (1.0e-05)
1050.255 .... 3070 packets received, 5992 bps, 74.90%, Err 78 (1.0e-05)
1052.387 .... 3078 packets received, 5995 bps, 74.94%, Err 78 (1.0e-05)
1054.504 .... 3086 packets received, 5999 bps, 74.99%, Err 78 (1.0e-05)
1056.631 .... 3094 packets received, 6002 bps, 75.03%, Err 78 (1.0e-05)
1058.738 .... 3102 packets received, 6006 bps, 75.07%, Err 78 (1.0e-05)
1060.879 .... 3110 packets received, 6009 bps, 75.11%, Err 78 (1.0e-05)
1062.999 .... 3118 packets received, 6013 bps, 75.16%, Err 78 (1.0e-05)
1065.095 .... 3126 packets received, 6016 bps, 75.20%, Err 78 (9.9e-06)
1068.702 .... 3130 packets received, 6003 bps, 75.04%, Err 79 (1.0e-05)
1070.830 .... 3138 packets received, 6007 bps, 75.09%, Err 79 (1.0e-05)
1072.940 .... 3144 packets received, 6006 bps, 75.08%, Err 79 (1.0e-05)
1075.082 .... 3152 packets received, 6010 bps, 75.12%, Err 79 (1.0e-05)
1077.159 .... 3160 packets received, 6013 bps, 75.17%, Err 79 (1.0e-05)
1079.309 .... 3168 packets received, 6017 bps, 75.21%, Err 79 (9.9e-06)
1082.881 .... 3172 packets received, 6004 bps, 75.05%, Err 82 (1.0e-05)
1085.919 .... 3173 packets received, 5989 bps, 74.87%, Err 83 (1.0e-05)
1088.064 .... 3181 packets received, 5993 bps, 74.91%, Err 83 (1.0e-05)
1090.196 .... 3189 packets received, 5996 bps, 74.95%, Err 83 (1.0e-05)
1092.312 .... 3197 packets received, 5999 bps, 74.99%, Err 83 (1.0e-05)
1094.847 .... 3204 packets received, 5999 bps, 74.98%, Err 83 (1.0e-05)
1096.991 .... 3212 packets received, 6002 bps, 75.02%, Err 83 (1.0e-05)
1100.291 .... 3215 packets received, 5989 bps, 74.87%, Err 84 (1.0e-05)
1102.424 .... 3223 packets received, 5993 bps, 74.91%, Err 84 (1.0e-05)
1104.460 .... 3228 packets received, 5991 bps, 74.89%, Err 84 (1.0e-05)
1106.575 .... 3236 packets received, 5994 bps, 74.93%, Err 84 (1.0e-05)
1108.694 .... 3244 packets received, 5997 bps, 74.97%, Err 84 (1.0e-05)
1110.806 .... 3252 packets received, 6001 bps, 75.01%, Err 84 (1.0e-05)
1117.882 .... 3257 packets received, 5972 bps, 74.65%, Err 86 (1.0e-05)
1120.012 .... 3265 packets received, 5975 bps, 74.69%, Err 86 (1.0e-05)
1122.138 .... 3273 packets received, 5979 bps, 74.73%, Err 86 (1.0e-05)
1124.253 .... 3281 packets received, 5982 bps, 74.77%, Err 86 (1.0e-05)
1126.397 .... 3289 packets received, 5985 bps, 74.81%, Err 86 (1.0e-05)
1128.513 .... 3297 packets received, 5988 bps, 74.85%, Err 86 (1.0e-05)
1130.641 .... 3305 packets received, 5992 bps, 74.89%, Err 86 (1.0e-05)
1132.757 .... 3313 packets received, 5995 bps, 74.94%, Err 86 (1.0e-05)
1134.888 .... 3321 packets received, 5998 bps, 74.98%, Err 86 (1.0e-05)
1137.000 .... 3329 packets received, 6001 bps, 75.02%, Err 86 (1.0e-05)
1139.111 .... 3337 packets received, 6005 bps, 75.06%, Err 86 (1.0e-05)
1142.974 .... 3342 packets received, 5993 bps, 74.92%, Err 87 (1.0e-05)
1145.115 .... 3350 packets received, 5996 bps, 74.95%, Err 87 (1.0e-05)
1147.242 .... 3358 packets received, 5999 bps, 74.99%, Err 87 (1.0e-05)
1151.892 .... 3366 packets received, 5989 bps, 74.87%, Err 88 (1.0e-05)
1154.021 .... 3374 packets received, 5993 bps, 74.91%, Err 88 (1.0e-05)
1156.163 .... 3380 packets received, 5992 bps, 74.90%, Err 88 (1.0e-05)
1158.276 .... 3388 packets received, 5995 bps, 74.94%, Err 88 (1.0e-05)
1160.387 .... 3396 packets received, 5999 bps, 74.98%, Err 88 (1.0e-05)
1163.734 .... 3399 packets received, 5987 bps, 74.83%, Err 88 (1.0e-05)
1165.863 .... 3407 packets received, 5990 bps, 74.87%, Err 88 (1.0e-05)
1167.977 .... 3415 packets received, 5993 bps, 74.91%, Err 88 (1.0e-05)
1170.094 .... 3423 packets received, 5996 bps, 74.95%, Err 88 (1.0e-05)
1172.223 .... 3431 packets received, 5999 bps, 74.99%, Err 88 (1.0e-05)
1176.094 .... 3436 packets received, 5988 bps, 74.85%, Err 89 (1.0e-05)
1178.221 .... 3444 packets received, 5991 bps, 74.89%, Err 89 (1.0e-05)
1180.327 .... 3449 packets received, 5989 bps, 74.87%, Err 89 (1.0e-05)
1182.449 .... 3457 packets received, 5992 bps, 74.90%, Err 89 (1.0e-05)
1184.540 .... 3465 packets received, 5996 bps, 74.94%, Err 89 (1.0e-05)
1186.666 .... 3473 packets received, 5999 bps, 74.98%, Err 89 (1.0e-05)
1188.800 .... 3481 packets received, 6002 bps, 75.02%, Err 89 (1.0e-05)
1191.876 .... 3483 packets received, 5990 bps, 74.87%, Err 90 (1.0e-05)
1194.002 .... 3491 packets received, 5993 bps, 74.91%, Err 90 (1.0e-05)
1196.142 .... 3497 packets received, 5992 bps, 74.90%, Err 90 (1.0e-05)
1198.268 .... 3505 packets received, 5995 bps, 74.94%, Err 90 (1.0e-05)
1200.018 Quit.
