000.000 =============================================================
000.000                     Station A                               
000.000 -------------------------------------------------------------
000.000 Protocol.lib, version 4.0, jiangyanjun0718@bupt.edu.cn
000.000 Channel: 8000 bps, 270 ms propagation delay, bit error rate 1.0E-04
000.000 Log file "fbA.log", TCP port 30015, debug mask 0x00
000.000 Station A is waiting for station B on TCP port 30015 ... Done.
000.656 New epoch: Thu May 16 16:33:37 2019
000.656 =================================================================
000.656 
000.656 Designed by CJSoft, build: May 16 2019  16:33:08
003.727 .... 1 packets received, 732 bps, 9.15%, Err 1 (5.3e-05)
006.759 .... 3 packets received, 1054 bps, 13.17%, Err 5 (1.3e-04)
010.881 .... 9 packets received, 1852 bps, 23.15%, Err 9 (1.4e-04)
013.930 .... 10 packets received, 1575 bps, 19.69%, Err 10 (1.2e-04)
018.314 .... 15 packets received, 1767 bps, 22.09%, Err 11 (1.0e-04)
021.915 .... 17 packets received, 1659 bps, 20.74%, Err 13 (1.0e-04)
026.297 .... 23 packets received, 1857 bps, 23.21%, Err 15 (9.7e-05)
030.958 .... 31 packets received, 2114 bps, 26.43%, Err 18 (9.6e-05)
037.053 .... 33 packets received, 1871 bps, 23.39%, Err 24 (1.1e-04)
039.168 .... 41 packets received, 2196 bps, 27.45%, Err 24 (1.0e-04)
042.370 .... 43 packets received, 2125 bps, 26.56%, Err 26 (1.0e-04)
046.862 .... 50 packets received, 2229 bps, 27.87%, Err 30 (1.0e-04)
050.429 .... 52 packets received, 2151 bps, 26.89%, Err 34 (1.1e-04)
054.016 .... 54 packets received, 2083 bps, 26.04%, Err 38 (1.2e-04)
056.115 .... 62 packets received, 2301 bps, 28.76%, Err 38 (1.1e-04)
058.183 .... 67 packets received, 2397 bps, 29.96%, Err 38 (1.1e-04)
060.298 .... 75 packets received, 2587 bps, 32.34%, Err 38 (1.0e-04)
063.640 .... 78 packets received, 2547 bps, 31.84%, Err 39 (1.0e-04)
066.980 .... 81 packets received, 2512 bps, 31.39%, Err 43 (1.0e-04)
071.396 .... 88 packets received, 2558 bps, 31.97%, Err 45 (1.0e-04)
073.509 .... 96 packets received, 2709 bps, 33.86%, Err 45 (9.8e-05)
075.775 .... 102 packets received, 2791 bps, 34.89%, Err 46 (9.7e-05)
079.911 .... 108 packets received, 2800 bps, 35.01%, Err 48 (9.6e-05)
086.541 .... 113 packets received, 2703 bps, 33.79%, Err 52 (9.6e-05)
090.109 .... 115 packets received, 2641 bps, 33.01%, Err 56 (1.0e-04)
093.158 .... 116 packets received, 2576 bps, 32.20%, Err 58 (1.0e-04)
097.544 .... 122 packets received, 2586 bps, 32.33%, Err 60 (9.9e-05)
101.125 .... 124 packets received, 2535 bps, 31.68%, Err 63 (1.0e-04)
105.501 .... 130 packets received, 2546 bps, 31.82%, Err 65 (1.0e-04)
109.618 .... 133 packets received, 2506 bps, 31.33%, Err 67 (1.0e-04)
111.741 .... 141 packets received, 2606 bps, 32.57%, Err 67 (9.7e-05)
117.299 .... 143 packets received, 2517 bps, 31.46%, Err 72 (9.9e-05)
121.716 .... 147 packets received, 2492 bps, 31.16%, Err 74 (9.9e-05)
124.163 .... 154 packets received, 2559 bps, 31.99%, Err 74 (9.7e-05)
128.050 .... 159 packets received, 2562 bps, 32.02%, Err 78 (9.9e-05)
131.064 .... 160 packets received, 2518 bps, 31.48%, Err 78 (9.7e-05)
135.482 .... 164 packets received, 2496 bps, 31.20%, Err 80 (9.7e-05)
139.891 .... 169 packets received, 2491 bps, 31.13%, Err 83 (9.7e-05)
144.315 .... 175 packets received, 2500 bps, 31.24%, Err 87 (9.9e-05)
152.353 .... 176 packets received, 2380 bps, 29.75%, Err 93 (1.0e-04)
158.964 .... 179 packets received, 2320 bps, 29.00%, Err 97 (1.0e-04)
162.003 .... 180 packets received, 2289 bps, 28.61%, Err 97 (9.9e-05)
166.115 .... 183 packets received, 2269 bps, 28.36%, Err 99 (9.9e-05)
168.224 .... 191 packets received, 2338 bps, 29.23%, Err 99 (9.7e-05)
171.301 .... 193 packets received, 2320 bps, 29.00%, Err 105 (1.0e-04)
176.856 .... 194 packets received, 2258 bps, 28.23%, Err 108 (1.0e-04)
178.983 .... 202 packets received, 2323 bps, 29.04%, Err 111 (1.0e-04)
181.785 .... 203 packets received, 2299 bps, 28.73%, Err 113 (1.0e-04)
183.907 .... 211 packets received, 2362 bps, 29.52%, Err 113 (1.0e-04)
186.074 .... 217 packets received, 2400 bps, 30.00%, Err 115 (1.0e-04)
188.900 .... 218 packets received, 2375 bps, 29.69%, Err 116 (1.0e-04)
193.267 .... 222 packets received, 2364 bps, 29.55%, Err 120 (1.0e-04)
197.692 .... 229 packets received, 2384 bps, 29.79%, Err 123 (1.0e-04)
200.712 .... 230 packets received, 2358 bps, 29.47%, Err 125 (1.0e-04)
204.272 .... 232 packets received, 2337 bps, 29.21%, Err 128 (1.0e-04)
208.662 .... 237 packets received, 2337 bps, 29.21%, Err 130 (1.0e-04)
212.228 .... 239 packets received, 2316 bps, 28.96%, Err 132 (1.0e-04)
216.634 .... 243 packets received, 2307 bps, 28.84%, Err 135 (1.0e-04)
220.196 .... 245 packets received, 2288 bps, 28.60%, Err 137 (1.0e-04)
223.230 .... 246 packets received, 2266 bps, 28.33%, Err 137 (1.0e-04)
227.631 .... 252 packets received, 2277 bps, 28.46%, Err 139 (1.0e-04)
230.664 .... 253 packets received, 2255 bps, 28.19%, Err 141 (1.0e-04)
235.032 .... 260 packets received, 2275 bps, 28.43%, Err 142 (1.0e-04)
239.421 .... 266 packets received, 2284 bps, 28.55%, Err 144 (1.0e-04)
242.460 .... 267 packets received, 2264 bps, 28.30%, Err 147 (1.0e-04)
245.503 .... 268 packets received, 2244 bps, 28.05%, Err 151 (1.0e-04)
253.561 .... 269 packets received, 2181 bps, 27.26%, Err 156 (1.0e-04)
257.985 .... 275 packets received, 2191 bps, 27.39%, Err 159 (1.0e-04)
261.003 .... 276 packets received, 2173 bps, 27.17%, Err 160 (1.0e-04)
265.416 .... 280 packets received, 2168 bps, 27.10%, Err 162 (1.0e-04)
268.436 .... 281 packets received, 2151 bps, 26.89%, Err 162 (1.0e-04)
275.511 .... 285 packets received, 2126 bps, 26.57%, Err 167 (1.0e-04)
279.077 .... 289 packets received, 2128 bps, 26.60%, Err 169 (1.0e-04)
282.414 .... 291 packets received, 2117 bps, 26.47%, Err 171 (1.0e-04)
287.334 .... 296 packets received, 2117 bps, 26.46%, Err 172 (1.0e-04)
294.240 .... 300 packets received, 2095 bps, 26.18%, Err 177 (1.0e-04)
296.369 .... 308 packets received, 2135 bps, 26.69%, Err 177 (1.0e-04)
298.530 .... 314 packets received, 2161 bps, 27.01%, Err 178 (1.0e-04)
301.867 .... 317 packets received, 2157 bps, 26.97%, Err 182 (1.0e-04)
305.400 .... 319 packets received, 2146 bps, 26.82%, Err 185 (1.0e-04)
308.442 .... 320 packets received, 2131 bps, 26.64%, Err 186 (1.0e-04)
312.018 .... 322 packets received, 2120 bps, 26.50%, Err 190 (1.0e-04)
314.147 .... 330 packets received, 2158 bps, 26.97%, Err 192 (1.0e-04)
319.700 .... 332 packets received, 2133 bps, 26.66%, Err 200 (1.0e-04)
323.281 .... 334 packets received, 2122 bps, 26.53%, Err 203 (1.0e-04)
325.423 .... 342 packets received, 2158 bps, 26.98%, Err 204 (1.0e-04)
328.479 .... 344 packets received, 2151 bps, 26.89%, Err 209 (1.1e-04)
331.539 .... 345 packets received, 2137 bps, 26.71%, Err 210 (1.1e-04)
334.552 .... 346 packets received, 2124 bps, 26.55%, Err 210 (1.0e-04)
338.147 .... 348 packets received, 2113 bps, 26.42%, Err 213 (1.1e-04)
341.159 .... 349 packets received, 2101 bps, 26.26%, Err 216 (1.1e-04)
344.737 .... 351 packets received, 2091 bps, 26.14%, Err 218 (1.1e-04)
349.127 .... 356 packets received, 2094 bps, 26.17%, Err 220 (1.1e-04)
351.286 .... 364 packets received, 2128 bps, 26.60%, Err 220 (1.0e-04)
353.396 .... 372 packets received, 2161 bps, 27.02%, Err 221 (1.0e-04)
360.837 .... 380 packets received, 2162 bps, 27.03%, Err 224 (1.0e-04)
362.949 .... 388 packets received, 2195 bps, 27.44%, Err 224 (1.0e-04)
366.298 .... 391 packets received, 2192 bps, 27.40%, Err 227 (1.0e-04)
370.659 .... 398 packets received, 2205 bps, 27.56%, Err 228 (1.0e-04)
374.540 .... 403 packets received, 2209 bps, 27.61%, Err 232 (1.0e-04)
378.923 .... 410 packets received, 2221 bps, 27.77%, Err 233 (1.0e-04)
382.476 .... 412 packets received, 2211 bps, 27.64%, Err 237 (1.0e-04)
386.880 .... 416 packets received, 2207 bps, 27.59%, Err 238 (1.0e-04)
389.010 .... 424 packets received, 2238 bps, 27.97%, Err 238 (1.0e-04)
396.226 .... 432 packets received, 2238 bps, 27.98%, Err 241 (1.0e-04)
399.258 .... 433 packets received, 2226 bps, 27.83%, Err 243 (1.0e-04)
402.297 .... 434 packets received, 2215 bps, 27.68%, Err 244 (1.0e-04)
405.874 .... 436 packets received, 2205 bps, 27.56%, Err 246 (1.0e-04)
408.907 .... 437 packets received, 2194 bps, 27.42%, Err 247 (1.0e-04)
412.977 .... 440 packets received, 2187 bps, 27.34%, Err 250 (1.0e-04)
415.121 .... 448 packets received, 2215 bps, 27.69%, Err 250 (1.0e-04)
418.208 .... 450 packets received, 2209 bps, 27.61%, Err 251 (9.9e-05)
427.308 .... 453 packets received, 2176 bps, 27.20%, Err 257 (1.0e-04)
431.723 .... 457 packets received, 2173 bps, 27.16%, Err 260 (1.0e-04)
437.287 .... 458 packets received, 2150 bps, 26.87%, Err 264 (1.0e-04)
441.669 .... 463 packets received, 2151 bps, 26.89%, Err 265 (1.0e-04)
445.761 .... 466 packets received, 2145 bps, 26.82%, Err 268 (1.0e-04)
450.663 .... 472 packets received, 2149 bps, 26.87%, Err 272 (1.0e-04)
455.054 .... 478 packets received, 2156 bps, 26.95%, Err 273 (1.0e-04)
459.483 .... 484 packets received, 2162 bps, 27.02%, Err 275 (1.0e-04)
463.569 .... 487 packets received, 2156 bps, 26.95%, Err 276 (9.9e-05)
469.645 .... 489 packets received, 2137 bps, 26.71%, Err 284 (1.0e-04)
472.677 .... 490 packets received, 2127 bps, 26.59%, Err 285 (1.0e-04)
477.340 .... 498 packets received, 2141 bps, 26.76%, Err 286 (1.0e-04)
481.457 .... 501 packets received, 2135 bps, 26.69%, Err 288 (1.0e-04)
488.361 .... 505 packets received, 2122 bps, 26.52%, Err 293 (1.0e-04)
491.379 .... 506 packets received, 2113 bps, 26.41%, Err 294 (1.0e-04)
495.786 .... 511 packets received, 2115 bps, 26.44%, Err 297 (1.0e-04)
500.407 .... 515 packets received, 2112 bps, 26.40%, Err 299 (1.0e-04)
503.955 .... 517 packets received, 2105 bps, 26.31%, Err 305 (1.0e-04)
506.998 .... 518 packets received, 2096 bps, 26.20%, Err 305 (1.0e-04)
511.707 .... 526 packets received, 2109 bps, 26.36%, Err 307 (1.0e-04)
517.257 .... 527 packets received, 2090 bps, 26.13%, Err 310 (1.0e-04)
519.368 .... 534 packets received, 2109 bps, 26.37%, Err 310 (1.0e-04)
522.696 .... 537 packets received, 2108 bps, 26.35%, Err 312 (1.0e-04)
527.088 .... 544 packets received, 2117 bps, 26.47%, Err 316 (1.0e-04)
531.205 .... 547 packets received, 2113 bps, 26.41%, Err 319 (1.0e-04)
533.315 .... 555 packets received, 2135 bps, 26.69%, Err 319 (1.0e-04)
536.647 .... 558 packets received, 2133 bps, 26.66%, Err 321 (1.0e-04)
539.142 .... 565 packets received, 2150 bps, 26.87%, Err 322 (1.0e-04)
541.956 .... 566 packets received, 2143 bps, 26.78%, Err 322 (9.9e-05)
548.861 .... 571 packets received, 2134 bps, 26.68%, Err 330 (1.0e-04)
554.124 .... 579 packets received, 2144 bps, 26.79%, Err 333 (1.0e-04)
557.133 .... 581 packets received, 2139 bps, 26.74%, Err 335 (1.0e-04)
561.017 .... 585 packets received, 2139 bps, 26.74%, Err 337 (1.0e-04)
565.106 .... 588 packets received, 2134 bps, 26.68%, Err 341 (1.0e-04)
567.253 .... 596 packets received, 2155 bps, 26.94%, Err 342 (1.0e-04)
570.851 .... 600 packets received, 2156 bps, 26.95%, Err 345 (1.0e-04)
575.273 .... 605 packets received, 2157 bps, 26.97%, Err 349 (1.0e-04)
579.369 .... 608 packets received, 2153 bps, 26.91%, Err 350 (1.0e-04)
583.469 .... 611 packets received, 2148 bps, 26.85%, Err 353 (1.0e-04)
587.015 .... 613 packets received, 2142 bps, 26.78%, Err 355 (1.0e-04)
593.928 .... 618 packets received, 2134 bps, 26.68%, Err 359 (1.0e-04)
596.956 .... 620 packets received, 2130 bps, 26.63%, Err 361 (1.0e-04)
599.097 .... 628 packets received, 2150 bps, 26.88%, Err 361 (1.0e-04)
601.192 .... 636 packets received, 2170 bps, 27.12%, Err 362 (1.0e-04)
604.865 .... 638 packets received, 2164 bps, 27.04%, Err 364 (1.0e-04)
607.911 .... 639 packets received, 2156 bps, 26.95%, Err 365 (1.0e-04)
612.011 .... 642 packets received, 2152 bps, 26.90%, Err 369 (1.0e-04)
615.580 .... 646 packets received, 2152 bps, 26.91%, Err 372 (1.0e-04)
619.702 .... 652 packets received, 2158 bps, 26.97%, Err 374 (1.0e-04)
625.019 .... 660 packets received, 2166 bps, 27.07%, Err 377 (1.0e-04)
628.601 .... 662 packets received, 2160 bps, 27.00%, Err 379 (1.0e-04)
632.950 .... 667 packets received, 2161 bps, 27.02%, Err 381 (1.0e-04)
635.066 .... 675 packets received, 2180 bps, 27.25%, Err 381 (1.0e-04)
638.424 .... 678 packets received, 2178 bps, 27.23%, Err 383 (1.0e-04)
641.998 .... 680 packets received, 2172 bps, 27.15%, Err 385 (1.0e-04)
646.420 .... 684 packets received, 2170 bps, 27.13%, Err 387 (1.0e-04)
651.124 .... 690 packets received, 2173 bps, 27.17%, Err 391 (1.0e-04)
655.536 .... 694 packets received, 2171 bps, 27.14%, Err 394 (1.0e-04)
662.487 .... 698 packets received, 2161 bps, 27.01%, Err 399 (1.0e-04)
664.584 .... 706 packets received, 2179 bps, 27.23%, Err 399 (1.0e-04)
671.556 .... 710 packets received, 2168 bps, 27.10%, Err 404 (1.0e-04)
673.667 .... 718 packets received, 2186 bps, 27.32%, Err 405 (1.0e-04)
676.483 .... 719 packets received, 2180 bps, 27.25%, Err 406 (1.0e-04)
678.553 .... 726 packets received, 2194 bps, 27.43%, Err 406 (1.0e-04)
680.677 .... 734 packets received, 2211 bps, 27.64%, Err 408 (1.0e-04)
689.858 .... 740 packets received, 2200 bps, 27.50%, Err 418 (1.0e-04)
697.909 .... 741 packets received, 2177 bps, 27.22%, Err 428 (1.0e-04)
702.326 .... 748 packets received, 2184 bps, 27.30%, Err 429 (1.0e-04)
704.438 .... 756 packets received, 2201 bps, 27.51%, Err 429 (1.0e-04)
706.610 .... 762 packets received, 2211 bps, 27.64%, Err 429 (1.0e-04)
711.611 .... 769 packets received, 2216 bps, 27.70%, Err 431 (1.0e-04)
716.554 .... 775 packets received, 2218 bps, 27.72%, Err 434 (1.0e-04)
721.222 .... 783 packets received, 2226 bps, 27.83%, Err 438 (1.0e-04)
724.248 .... 784 packets received, 2220 bps, 27.75%, Err 441 (1.0e-04)
726.373 .... 791 packets received, 2233 bps, 27.91%, Err 441 (1.0e-04)
728.500 .... 799 packets received, 2249 bps, 28.11%, Err 444 (1.0e-04)
731.287 .... 800 packets received, 2243 bps, 28.04%, Err 446 (1.0e-04)
734.332 .... 801 packets received, 2237 bps, 27.96%, Err 446 (1.0e-04)
738.725 .... 806 packets received, 2237 bps, 27.97%, Err 448 (1.0e-04)
743.389 .... 814 packets received, 2245 bps, 28.07%, Err 452 (1.0e-04)
746.961 .... 816 packets received, 2240 bps, 28.00%, Err 454 (1.0e-04)
749.094 .... 824 packets received, 2256 bps, 28.19%, Err 454 (1.0e-04)
751.220 .... 832 packets received, 2271 bps, 28.39%, Err 454 (1.0e-04)
754.570 .... 835 packets received, 2269 bps, 28.36%, Err 455 (1.0e-04)
758.960 .... 842 packets received, 2275 bps, 28.44%, Err 459 (1.0e-04)
761.073 .... 850 packets received, 2290 bps, 28.63%, Err 461 (1.0e-04)
765.771 .... 855 packets received, 2289 bps, 28.62%, Err 466 (1.0e-04)
771.296 .... 856 packets received, 2276 bps, 28.45%, Err 469 (1.0e-04)
773.425 .... 864 packets received, 2291 bps, 28.63%, Err 469 (1.0e-04)
778.017 .... 869 packets received, 2290 bps, 28.63%, Err 471 (1.0e-04)
782.408 .... 873 packets received, 2288 bps, 28.60%, Err 475 (1.0e-04)
784.535 .... 881 packets received, 2303 bps, 28.78%, Err 475 (1.0e-04)
786.738 .... 887 packets received, 2312 bps, 28.90%, Err 476 (1.0e-04)
791.420 .... 895 packets received, 2319 bps, 28.98%, Err 479 (1.0e-04)
796.945 .... 896 packets received, 2305 bps, 28.82%, Err 484 (1.0e-04)
799.078 .... 904 packets received, 2320 bps, 29.00%, Err 484 (1.0e-04)
807.161 .... 906 packets received, 2301 bps, 28.77%, Err 492 (1.0e-04)
810.195 .... 907 packets received, 2295 bps, 28.69%, Err 493 (1.0e-04)
814.595 .... 913 packets received, 2298 bps, 28.73%, Err 494 (1.0e-04)
816.714 .... 921 packets received, 2312 bps, 28.90%, Err 494 (1.0e-04)
820.051 .... 924 packets received, 2310 bps, 28.88%, Err 496 (1.0e-04)
826.660 .... 927 packets received, 2299 bps, 28.74%, Err 499 (1.0e-04)
831.053 .... 931 packets received, 2297 bps, 28.71%, Err 501 (1.0e-04)
835.460 .... 936 packets received, 2297 bps, 28.71%, Err 505 (1.0e-04)
842.388 .... 943 packets received, 2295 bps, 28.69%, Err 512 (1.0e-04)
845.414 .... 944 packets received, 2289 bps, 28.62%, Err 513 (1.0e-04)
849.825 .... 949 packets received, 2290 bps, 28.62%, Err 517 (1.0e-04)
852.853 .... 950 packets received, 2284 bps, 28.55%, Err 520 (1.0e-04)
855.888 .... 951 packets received, 2278 bps, 28.48%, Err 520 (1.0e-04)
858.039 .... 959 packets received, 2291 bps, 28.64%, Err 520 (1.0e-04)
868.629 .... 961 packets received, 2268 bps, 28.35%, Err 529 (1.0e-04)
872.702 .... 964 packets received, 2265 bps, 28.31%, Err 530 (1.0e-04)
875.376 .... 972 packets received, 2276 bps, 28.46%, Err 530 (1.0e-04)
880.961 .... 974 packets received, 2267 bps, 28.33%, Err 536 (1.0e-04)
885.351 .... 980 packets received, 2269 bps, 28.37%, Err 541 (1.0e-04)
887.470 .... 988 packets received, 2282 bps, 28.53%, Err 541 (1.0e-04)
889.634 .... 994 packets received, 2291 bps, 28.63%, Err 541 (1.0e-04)
891.769 .... 1002 packets received, 2304 bps, 28.79%, Err 541 (1.0e-04)
894.840 .... 1004 packets received, 2300 bps, 28.75%, Err 543 (1.0e-04)
897.927 .... 1006 packets received, 2297 bps, 28.71%, Err 546 (1.0e-04)
901.475 .... 1008 packets received, 2292 bps, 28.65%, Err 549 (1.0e-04)
904.511 .... 1009 packets received, 2287 bps, 28.59%, Err 550 (1.0e-04)
908.605 .... 1012 packets received, 2283 bps, 28.54%, Err 551 (1.0e-04)
912.173 .... 1014 packets received, 2279 bps, 28.49%, Err 554 (1.0e-04)
915.191 .... 1015 packets received, 2274 bps, 28.42%, Err 556 (1.0e-04)
918.795 .... 1017 packets received, 2269 bps, 28.36%, Err 558 (1.0e-04)
925.675 .... 1021 packets received, 2261 bps, 28.26%, Err 561 (1.0e-04)
928.721 .... 1022 packets received, 2256 bps, 28.20%, Err 561 (1.0e-04)
933.330 .... 1026 packets received, 2254 bps, 28.17%, Err 564 (1.0e-04)
935.478 .... 1033 packets received, 2264 bps, 28.30%, Err 564 (1.0e-04)
938.818 .... 1036 packets received, 2262 bps, 28.28%, Err 566 (1.0e-04)
944.901 .... 1038 packets received, 2252 bps, 28.15%, Err 569 (1.0e-04)
948.456 .... 1040 packets received, 2248 bps, 28.10%, Err 572 (1.0e-04)
951.485 .... 1042 packets received, 2245 bps, 28.06%, Err 574 (1.0e-04)
953.629 .... 1050 packets received, 2257 bps, 28.21%, Err 574 (1.0e-04)
957.228 .... 1054 packets received, 2257 bps, 28.22%, Err 577 (1.0e-04)
960.810 .... 1056 packets received, 2253 bps, 28.16%, Err 579 (1.0e-04)
967.397 .... 1059 packets received, 2244 bps, 28.05%, Err 584 (1.0e-04)
969.527 .... 1067 packets received, 2256 bps, 28.20%, Err 585 (1.0e-04)
974.184 .... 1075 packets received, 2262 bps, 28.28%, Err 590 (1.0e-04)
978.592 .... 1080 packets received, 2262 bps, 28.28%, Err 592 (1.0e-04)
982.681 .... 1083 packets received, 2259 bps, 28.24%, Err 595 (1.0e-04)
984.793 .... 1091 packets received, 2271 bps, 28.39%, Err 595 (1.0e-04)
988.930 .... 1097 packets received, 2274 bps, 28.42%, Err 596 (1.0e-04)
992.531 .... 1101 packets received, 2274 bps, 28.42%, Err 597 (1.0e-04)
996.113 .... 1105 packets received, 2274 bps, 28.42%, Err 600 (1.0e-04)
1000.522 .... 1111 packets received, 2276 bps, 28.45%, Err 602 (1.0e-04)
1002.651 .... 1119 packets received, 2288 bps, 28.60%, Err 602 (9.9e-05)
1008.963 .... 1123 packets received, 2282 bps, 28.52%, Err 608 (1.0e-04)
1011.077 .... 1131 packets received, 2293 bps, 28.66%, Err 608 (9.9e-05)
1013.253 .... 1137 packets received, 2300 bps, 28.75%, Err 608 (9.9e-05)
1015.461 .... 1143 packets received, 2307 bps, 28.84%, Err 609 (9.9e-05)
1017.576 .... 1151 packets received, 2319 bps, 28.98%, Err 609 (9.9e-05)
1020.640 .... 1153 packets received, 2316 bps, 28.95%, Err 612 (9.9e-05)
1024.519 .... 1158 packets received, 2317 bps, 28.96%, Err 614 (9.9e-05)
1031.150 .... 1161 packets received, 2308 bps, 28.85%, Err 619 (9.9e-05)
1035.551 .... 1165 packets received, 2306 bps, 28.83%, Err 625 (1.0e-04)
1044.120 .... 1167 packets received, 2291 bps, 28.64%, Err 629 (1.0e-04)
1048.522 .... 1174 packets received, 2295 bps, 28.69%, Err 632 (1.0e-04)
1054.611 .... 1176 packets received, 2286 bps, 28.57%, Err 635 (1.0e-04)
1057.624 .... 1177 packets received, 2281 bps, 28.51%, Err 640 (1.0e-04)
1059.762 .... 1185 packets received, 2292 bps, 28.65%, Err 640 (1.0e-04)
1063.778 .... 1188 packets received, 2289 bps, 28.61%, Err 642 (1.0e-04)
1066.815 .... 1189 packets received, 2285 bps, 28.56%, Err 643 (1.0e-04)
1070.906 .... 1192 packets received, 2282 bps, 28.52%, Err 646 (1.0e-04)
1077.802 .... 1196 packets received, 2275 bps, 28.43%, Err 650 (1.0e-04)
1082.214 .... 1203 packets received, 2279 bps, 28.48%, Err 655 (1.0e-04)
1085.229 .... 1204 packets received, 2274 bps, 28.43%, Err 657 (1.0e-04)
1088.279 .... 1205 packets received, 2270 bps, 28.37%, Err 657 (1.0e-04)
1092.910 .... 1209 packets received, 2267 bps, 28.34%, Err 662 (1.0e-04)
1097.022 .... 1212 packets received, 2265 bps, 28.31%, Err 665 (1.0e-04)
1101.396 .... 1217 packets received, 2265 bps, 28.31%, Err 670 (1.0e-04)
1104.414 .... 1218 packets received, 2261 bps, 28.26%, Err 672 (1.0e-04)
1107.294 .... 1226 packets received, 2269 bps, 28.37%, Err 672 (1.0e-04)
1109.411 .... 1234 packets received, 2280 bps, 28.50%, Err 672 (1.0e-04)
1112.230 .... 1235 packets received, 2276 bps, 28.45%, Err 675 (1.0e-04)
1114.360 .... 1243 packets received, 2286 bps, 28.58%, Err 676 (1.0e-04)
1117.422 .... 1245 packets received, 2284 bps, 28.55%, Err 677 (1.0e-04)
1119.521 .... 1253 packets received, 2294 bps, 28.68%, Err 679 (1.0e-04)
1122.337 .... 1254 packets received, 2290 bps, 28.63%, Err 679 (1.0e-04)
1127.070 .... 1259 packets received, 2290 bps, 28.62%, Err 680 (1.0e-04)
1129.171 .... 1267 packets received, 2300 bps, 28.75%, Err 680 (1.0e-04)
1131.221 .... 1272 packets received, 2305 bps, 28.81%, Err 680 (9.9e-05)
1136.802 .... 1274 packets received, 2297 bps, 28.71%, Err 685 (1.0e-04)
1140.369 .... 1276 packets received, 2293 bps, 28.67%, Err 687 (1.0e-04)
1146.968 .... 1279 packets received, 2286 bps, 28.57%, Err 692 (1.0e-04)
1150.554 .... 1281 packets received, 2282 bps, 28.53%, Err 695 (1.0e-04)
1152.670 .... 1289 packets received, 2292 bps, 28.65%, Err 697 (1.0e-04)
1155.119 .... 1296 packets received, 2300 bps, 28.75%, Err 697 (1.0e-04)
1158.986 .... 1301 packets received, 2301 bps, 28.76%, Err 700 (1.0e-04)
1162.028 .... 1302 packets received, 2297 bps, 28.71%, Err 703 (1.0e-04)
1166.753 .... 1310 packets received, 2301 bps, 28.77%, Err 705 (1.0e-04)
1172.877 .... 1312 packets received, 2293 bps, 28.66%, Err 708 (1.0e-04)
1177.527 .... 1320 packets received, 2298 bps, 28.72%, Err 713 (1.0e-04)
1186.106 .... 1322 packets received, 2284 bps, 28.56%, Err 720 (1.0e-04)
1190.773 .... 1330 packets received, 2289 bps, 28.62%, Err 721 (1.0e-04)
1195.148 .... 1337 packets received, 2293 bps, 28.66%, Err 723 (1.0e-04)
1198.714 .... 1341 packets received, 2293 bps, 28.66%, Err 725 (1.0e-04)
1200.019 Quit.
