000.000 =============================================================
000.000                     Station B                               
000.000 -------------------------------------------------------------
000.000 Protocol.lib, version 4.0, jiangyanjun0718@bupt.edu.cn
000.000 Channel: 8000 bps, 270 ms propagation delay, bit error rate 1.0E-04
000.000 Log file "fbB.log", TCP port 30015, debug mask 0x00
000.000 Station B is connecting station A (TCP port 30015) ... Done.
000.656 New epoch: Thu May 16 16:33:37 2019
000.656 =================================================================
000.656 
000.656 Designed by CJSoft, build: May 16 2019  16:33:08
003.728 .... 1 packets received, 736 bps, 9.20%, Err 2 (1.0e-04)
007.280 .... 5 packets received, 1616 bps, 20.21%, Err 6 (1.4e-04)
010.651 .... 6 packets received, 1266 bps, 15.83%, Err 8 (1.3e-04)
015.525 .... 11 packets received, 1545 bps, 19.31%, Err 10 (1.2e-04)
019.923 .... 18 packets received, 1942 bps, 24.28%, Err 12 (1.0e-04)
024.306 .... 24 packets received, 2104 bps, 26.30%, Err 15 (1.1e-04)
026.420 .... 32 packets received, 2573 bps, 32.16%, Err 16 (1.0e-04)
029.487 .... 34 packets received, 2440 bps, 30.50%, Err 18 (1.0e-04)
033.913 .... 41 packets received, 2547 bps, 31.84%, Err 22 (1.1e-04)
036.670 .... 49 packets received, 2809 bps, 35.11%, Err 24 (1.1e-04)
042.201 .... 50 packets received, 2482 bps, 31.03%, Err 26 (1.0e-04)
047.000 .... 55 packets received, 2446 bps, 30.57%, Err 29 (1.0e-04)
051.120 .... 58 packets received, 2367 bps, 29.59%, Err 33 (1.1e-04)
055.502 .... 62 packets received, 2327 bps, 29.09%, Err 36 (1.1e-04)
059.945 .... 68 packets received, 2360 bps, 29.51%, Err 37 (1.0e-04)
064.422 .... 75 packets received, 2420 bps, 30.25%, Err 39 (1.0e-04)
067.551 .... 76 packets received, 2337 bps, 29.21%, Err 43 (1.1e-04)
073.111 .... 77 packets received, 2185 bps, 27.31%, Err 47 (1.1e-04)
077.538 .... 81 packets received, 2166 bps, 27.07%, Err 48 (1.0e-04)
081.092 .... 83 packets received, 2121 bps, 26.51%, Err 49 (1.0e-04)
085.194 .... 86 packets received, 2091 bps, 26.13%, Err 53 (1.1e-04)
087.323 .... 94 packets received, 2229 bps, 27.86%, Err 53 (1.0e-04)
091.792 .... 99 packets received, 2232 bps, 27.90%, Err 55 (1.0e-04)
096.163 .... 105 packets received, 2258 bps, 28.23%, Err 58 (1.0e-04)
100.267 .... 108 packets received, 2227 bps, 27.84%, Err 60 (1.0e-04)
103.283 .... 109 packets received, 2181 bps, 27.27%, Err 60 (9.9e-05)
107.688 .... 113 packets received, 2168 bps, 27.10%, Err 62 (9.8e-05)
112.063 .... 120 packets received, 2212 bps, 27.65%, Err 66 (1.0e-04)
116.455 .... 127 packets received, 2252 bps, 28.15%, Err 70 (1.0e-04)
124.500 .... 128 packets received, 2122 bps, 26.52%, Err 76 (1.0e-04)
127.547 .... 129 packets received, 2087 bps, 26.08%, Err 76 (1.0e-04)
130.849 .... 132 packets received, 2081 bps, 26.01%, Err 78 (1.0e-04)
134.961 .... 138 packets received, 2109 bps, 26.36%, Err 81 (1.0e-04)
139.355 .... 145 packets received, 2146 bps, 26.82%, Err 84 (1.0e-04)
144.541 .... 153 packets received, 2182 bps, 27.28%, Err 87 (1.0e-04)
147.305 .... 154 packets received, 2155 bps, 26.94%, Err 88 (1.0e-04)
151.444 .... 158 packets received, 2150 bps, 26.88%, Err 92 (1.0e-04)
157.011 .... 159 packets received, 2087 bps, 26.08%, Err 94 (1.0e-04)
163.072 .... 161 packets received, 2034 bps, 25.42%, Err 97 (1.0e-04)
165.198 .... 169 packets received, 2107 bps, 26.34%, Err 100 (1.0e-04)
169.327 .... 175 packets received, 2128 bps, 26.61%, Err 104 (1.0e-04)
171.439 .... 183 packets received, 2198 bps, 27.48%, Err 104 (1.0e-04)
173.703 .... 189 packets received, 2241 bps, 28.01%, Err 104 (1.0e-04)
179.528 .... 191 packets received, 2190 bps, 27.38%, Err 110 (1.0e-04)
183.938 .... 195 packets received, 2182 bps, 27.28%, Err 115 (1.0e-04)
188.351 .... 202 packets received, 2207 bps, 27.59%, Err 117 (1.0e-04)
192.441 .... 205 packets received, 2192 bps, 27.41%, Err 120 (1.0e-04)
197.983 .... 206 packets received, 2141 bps, 26.76%, Err 121 (1.0e-04)
202.074 .... 209 packets received, 2128 bps, 26.60%, Err 124 (1.0e-04)
205.638 .... 211 packets received, 2111 bps, 26.39%, Err 125 (1.0e-04)
207.767 .... 219 packets received, 2169 bps, 27.11%, Err 125 (1.0e-04)
211.632 .... 224 packets received, 2177 bps, 27.22%, Err 127 (1.0e-04)
215.740 .... 227 packets received, 2164 bps, 27.05%, Err 128 (9.9e-05)
219.832 .... 230 packets received, 2152 bps, 26.90%, Err 132 (1.0e-04)
224.844 .... 237 packets received, 2168 bps, 27.10%, Err 134 (1.0e-04)
228.940 .... 240 packets received, 2156 bps, 26.95%, Err 137 (1.0e-04)
233.339 .... 244 packets received, 2150 bps, 26.88%, Err 140 (1.0e-04)
237.730 .... 250 packets received, 2162 bps, 27.03%, Err 143 (1.0e-04)
241.294 .... 252 packets received, 2147 bps, 26.84%, Err 144 (1.0e-04)
245.365 .... 255 packets received, 2137 bps, 26.71%, Err 146 (1.0e-04)
248.411 .... 257 packets received, 2127 bps, 26.59%, Err 148 (1.0e-04)
252.272 .... 260 packets received, 2119 bps, 26.48%, Err 150 (1.0e-04)
254.403 .... 268 packets received, 2166 bps, 27.07%, Err 150 (9.9e-05)
258.752 .... 272 packets received, 2161 bps, 27.01%, Err 152 (9.9e-05)
263.426 .... 280 packets received, 2185 bps, 27.31%, Err 153 (9.8e-05)
265.524 .... 288 packets received, 2229 bps, 27.87%, Err 154 (9.7e-05)
268.343 .... 289 packets received, 2213 bps, 27.67%, Err 155 (9.7e-05)
271.378 .... 290 packets received, 2196 bps, 27.45%, Err 157 (9.7e-05)
275.756 .... 295 packets received, 2198 bps, 27.48%, Err 158 (9.6e-05)
279.062 .... 298 packets received, 2194 bps, 27.43%, Err 161 (9.7e-05)
285.188 .... 301 packets received, 2169 bps, 27.11%, Err 166 (9.8e-05)
289.586 .... 306 packets received, 2171 bps, 27.14%, Err 167 (9.7e-05)
291.686 .... 314 packets received, 2212 bps, 27.65%, Err 168 (9.6e-05)
293.888 .... 320 packets received, 2237 bps, 27.96%, Err 168 (9.6e-05)
297.167 .... 323 packets received, 2233 bps, 27.91%, Err 175 (9.9e-05)
300.811 .... 324 packets received, 2213 bps, 27.66%, Err 176 (9.8e-05)
306.332 .... 325 packets received, 2180 bps, 27.24%, Err 183 (1.0e-04)
310.751 .... 330 packets received, 2181 bps, 27.27%, Err 185 (1.0e-04)
315.142 .... 335 packets received, 2184 bps, 27.29%, Err 187 (1.0e-04)
317.237 .... 343 packets received, 2221 bps, 27.76%, Err 187 (9.9e-05)
319.363 .... 348 packets received, 2238 bps, 27.98%, Err 188 (9.9e-05)
322.439 .... 350 packets received, 2230 bps, 27.87%, Err 194 (1.0e-04)
324.550 .... 358 packets received, 2266 bps, 28.32%, Err 194 (1.0e-04)
328.234 .... 360 packets received, 2253 bps, 28.16%, Err 195 (1.0e-04)
332.303 .... 363 packets received, 2244 bps, 28.04%, Err 197 (9.9e-05)
336.693 .... 367 packets received, 2239 bps, 27.98%, Err 199 (9.9e-05)
341.083 .... 371 packets received, 2234 bps, 27.92%, Err 202 (1.0e-04)
343.317 .... 378 packets received, 2261 bps, 28.26%, Err 202 (9.9e-05)
345.427 .... 386 packets received, 2295 bps, 28.69%, Err 203 (9.9e-05)
348.239 .... 387 packets received, 2282 bps, 28.53%, Err 203 (9.8e-05)
350.352 .... 395 packets received, 2315 bps, 28.94%, Err 203 (9.7e-05)
352.585 .... 401 packets received, 2335 bps, 29.19%, Err 204 (9.7e-05)
355.675 .... 403 packets received, 2327 bps, 29.08%, Err 206 (9.7e-05)
360.071 .... 408 packets received, 2327 bps, 29.08%, Err 208 (9.7e-05)
363.639 .... 410 packets received, 2315 bps, 28.94%, Err 213 (9.8e-05)
366.695 .... 411 packets received, 2301 bps, 28.77%, Err 214 (9.8e-05)
374.069 .... 419 packets received, 2300 bps, 28.75%, Err 218 (9.8e-05)
378.480 .... 424 packets received, 2300 bps, 28.75%, Err 220 (9.7e-05)
382.016 .... 428 packets received, 2300 bps, 28.75%, Err 224 (9.8e-05)
385.359 .... 430 packets received, 2291 bps, 28.64%, Err 229 (9.9e-05)
392.260 .... 435 packets received, 2277 bps, 28.46%, Err 233 (9.9e-05)
396.355 .... 438 packets received, 2269 bps, 28.36%, Err 237 (1.0e-04)
403.392 .... 444 packets received, 2259 bps, 28.24%, Err 241 (1.0e-04)
407.764 .... 451 packets received, 2270 bps, 28.38%, Err 245 (1.0e-04)
409.897 .... 459 packets received, 2299 bps, 28.73%, Err 246 (1.0e-04)
415.197 .... 460 packets received, 2274 bps, 28.43%, Err 249 (1.0e-04)
419.319 .... 463 packets received, 2266 bps, 28.33%, Err 252 (1.0e-04)
426.223 .... 468 packets received, 2254 bps, 28.17%, Err 256 (1.0e-04)
428.341 .... 476 packets received, 2281 bps, 28.51%, Err 256 (1.0e-04)
434.454 .... 478 packets received, 2258 bps, 28.23%, Err 260 (1.0e-04)
439.403 .... 483 packets received, 2256 bps, 28.20%, Err 262 (1.0e-04)
442.962 .... 485 packets received, 2247 bps, 28.09%, Err 263 (1.0e-04)
446.278 .... 487 packets received, 2240 bps, 28.00%, Err 265 (1.0e-04)
450.127 .... 489 packets received, 2230 bps, 27.87%, Err 268 (1.0e-04)
453.663 .... 491 packets received, 2221 bps, 27.76%, Err 271 (1.0e-04)
458.072 .... 497 packets received, 2227 bps, 27.83%, Err 274 (1.0e-04)
462.465 .... 503 packets received, 2232 bps, 27.90%, Err 275 (1.0e-04)
466.550 .... 506 packets received, 2226 bps, 27.82%, Err 278 (1.0e-04)
468.742 .... 513 packets received, 2246 bps, 28.07%, Err 278 (1.0e-04)
472.094 .... 516 packets received, 2243 bps, 28.04%, Err 282 (1.0e-04)
476.249 .... 520 packets received, 2241 bps, 28.01%, Err 284 (1.0e-04)
478.363 .... 528 packets received, 2265 bps, 28.31%, Err 285 (1.0e-04)
481.150 .... 529 packets received, 2256 bps, 28.20%, Err 287 (1.0e-04)
487.213 .... 531 packets received, 2236 bps, 27.95%, Err 291 (1.0e-04)
489.327 .... 539 packets received, 2260 bps, 28.25%, Err 292 (1.0e-04)
493.001 .... 541 packets received, 2252 bps, 28.15%, Err 294 (1.0e-04)
496.030 .... 542 packets received, 2242 bps, 28.03%, Err 298 (1.0e-04)
499.061 .... 543 packets received, 2233 bps, 27.91%, Err 298 (1.0e-04)
502.626 .... 545 packets received, 2225 bps, 27.81%, Err 300 (1.0e-04)
505.652 .... 546 packets received, 2216 bps, 27.69%, Err 302 (1.0e-04)
512.840 .... 554 packets received, 2216 bps, 27.71%, Err 308 (1.0e-04)
517.733 .... 562 packets received, 2227 bps, 27.84%, Err 310 (1.0e-04)
521.917 .... 568 packets received, 2233 bps, 27.91%, Err 312 (1.0e-04)
524.960 .... 569 packets received, 2224 bps, 27.80%, Err 314 (1.0e-04)
528.530 .... 571 packets received, 2217 bps, 27.71%, Err 319 (1.0e-04)
532.905 .... 576 packets received, 2218 bps, 27.72%, Err 321 (1.0e-04)
539.520 .... 579 packets received, 2202 bps, 27.52%, Err 327 (1.0e-04)
546.435 .... 586 packets received, 2200 bps, 27.50%, Err 331 (1.0e-04)
549.473 .... 587 packets received, 2192 bps, 27.40%, Err 332 (1.0e-04)
553.896 .... 594 packets received, 2200 bps, 27.50%, Err 337 (1.0e-04)
556.642 .... 595 packets received, 2193 bps, 27.41%, Err 340 (1.0e-04)
559.962 .... 596 packets received, 2183 bps, 27.29%, Err 341 (1.0e-04)
564.351 .... 601 packets received, 2185 bps, 27.31%, Err 343 (1.0e-04)
568.741 .... 607 packets received, 2189 bps, 27.37%, Err 345 (1.0e-04)
570.836 .... 615 packets received, 2210 bps, 27.63%, Err 345 (1.0e-04)
572.995 .... 620 packets received, 2220 bps, 27.75%, Err 345 (1.0e-04)
576.572 .... 624 packets received, 2220 bps, 27.75%, Err 347 (1.0e-04)
580.975 .... 629 packets received, 2221 bps, 27.76%, Err 348 (1.0e-04)
583.087 .... 637 packets received, 2241 bps, 28.01%, Err 349 (1.0e-04)
585.914 .... 638 packets received, 2234 bps, 27.92%, Err 351 (1.0e-04)
590.319 .... 643 packets received, 2234 bps, 27.93%, Err 356 (1.0e-04)
593.867 .... 645 packets received, 2228 bps, 27.85%, Err 359 (1.0e-04)
596.634 .... 646 packets received, 2221 bps, 27.76%, Err 361 (1.0e-04)
599.922 .... 647 packets received, 2212 bps, 27.65%, Err 363 (1.0e-04)
606.855 .... 652 packets received, 2204 bps, 27.55%, Err 369 (1.0e-04)
612.392 .... 653 packets received, 2187 bps, 27.34%, Err 371 (1.0e-04)
615.963 .... 655 packets received, 2181 bps, 27.26%, Err 373 (1.0e-04)
620.391 .... 662 packets received, 2189 bps, 27.36%, Err 376 (1.0e-04)
623.410 .... 663 packets received, 2181 bps, 27.27%, Err 379 (1.0e-04)
626.458 .... 664 packets received, 2174 bps, 27.18%, Err 380 (1.0e-04)
631.970 .... 665 packets received, 2158 bps, 26.98%, Err 382 (1.0e-04)
634.298 .... 672 packets received, 2173 bps, 27.16%, Err 383 (1.0e-04)
637.337 .... 674 packets received, 2169 bps, 27.11%, Err 385 (1.0e-04)
642.886 .... 675 packets received, 2153 bps, 26.92%, Err 389 (1.0e-04)
646.466 .... 677 packets received, 2148 bps, 26.85%, Err 394 (1.0e-04)
649.499 .... 678 packets received, 2141 bps, 26.76%, Err 395 (1.0e-04)
653.913 .... 683 packets received, 2142 bps, 26.78%, Err 396 (1.0e-04)
656.011 .... 691 packets received, 2160 bps, 27.00%, Err 396 (1.0e-04)
658.199 .... 697 packets received, 2172 bps, 27.15%, Err 397 (1.0e-04)
660.986 .... 698 packets received, 2166 bps, 27.07%, Err 397 (1.0e-04)
665.090 .... 701 packets received, 2162 bps, 27.02%, Err 400 (1.0e-04)
669.765 .... 709 packets received, 2171 bps, 27.14%, Err 402 (1.0e-04)
676.422 .... 712 packets received, 2159 bps, 26.98%, Err 406 (1.0e-04)
680.829 .... 719 packets received, 2166 bps, 27.07%, Err 409 (1.0e-04)
684.940 .... 722 packets received, 2162 bps, 27.02%, Err 415 (1.0e-04)
687.971 .... 723 packets received, 2155 bps, 26.94%, Err 417 (1.0e-04)
690.094 .... 731 packets received, 2172 bps, 27.15%, Err 417 (1.0e-04)
692.239 .... 737 packets received, 2183 bps, 27.29%, Err 418 (1.0e-04)
695.029 .... 745 packets received, 2198 bps, 27.48%, Err 419 (1.0e-04)
697.540 .... 752 packets received, 2211 bps, 27.64%, Err 419 (1.0e-04)
700.044 .... 759 packets received, 2223 bps, 27.79%, Err 419 (1.0e-04)
706.948 .... 766 packets received, 2222 bps, 27.78%, Err 424 (1.0e-04)
709.071 .... 774 packets received, 2239 bps, 27.98%, Err 425 (1.0e-04)
711.887 .... 775 packets received, 2233 bps, 27.91%, Err 426 (1.0e-04)
715.467 .... 777 packets received, 2227 bps, 27.84%, Err 429 (1.0e-04)
719.875 .... 784 packets received, 2233 bps, 27.92%, Err 431 (1.0e-04)
724.233 .... 788 packets received, 2231 bps, 27.89%, Err 436 (1.0e-04)
726.649 .... 795 packets received, 2244 bps, 28.04%, Err 436 (1.0e-04)
730.767 .... 801 packets received, 2248 bps, 28.10%, Err 438 (1.0e-04)
735.129 .... 808 packets received, 2254 bps, 28.17%, Err 441 (1.0e-04)
737.241 .... 816 packets received, 2270 bps, 28.37%, Err 442 (1.0e-04)
742.564 .... 817 packets received, 2256 bps, 28.20%, Err 445 (1.0e-04)
746.149 .... 819 packets received, 2251 bps, 28.14%, Err 447 (1.0e-04)
748.270 .... 827 packets received, 2266 bps, 28.33%, Err 447 (1.0e-04)
752.435 .... 831 packets received, 2265 bps, 28.31%, Err 451 (1.0e-04)
756.821 .... 835 packets received, 2262 bps, 28.28%, Err 452 (1.0e-04)
762.877 .... 837 packets received, 2250 bps, 28.12%, Err 456 (1.0e-04)
766.460 .... 839 packets received, 2245 bps, 28.06%, Err 458 (1.0e-04)
772.551 .... 841 packets received, 2232 bps, 27.90%, Err 463 (1.0e-04)
775.553 .... 842 packets received, 2226 bps, 27.83%, Err 463 (1.0e-04)
779.670 .... 845 packets received, 2222 bps, 27.78%, Err 470 (1.0e-04)
784.061 .... 849 packets received, 2220 bps, 27.75%, Err 472 (1.0e-04)
787.627 .... 851 packets received, 2215 bps, 27.69%, Err 473 (1.0e-04)
792.293 .... 859 packets received, 2223 bps, 27.79%, Err 476 (1.0e-04)
795.859 .... 861 packets received, 2218 bps, 27.73%, Err 478 (1.0e-04)
797.998 .... 869 packets received, 2233 bps, 27.91%, Err 479 (1.0e-04)
800.790 .... 870 packets received, 2228 bps, 27.85%, Err 481 (1.0e-04)
803.835 .... 871 packets received, 2222 bps, 27.77%, Err 485 (1.0e-04)
806.869 .... 872 packets received, 2216 bps, 27.70%, Err 485 (1.0e-04)
809.307 .... 879 packets received, 2227 bps, 27.84%, Err 486 (1.0e-04)
812.103 .... 880 packets received, 2222 bps, 27.77%, Err 487 (1.0e-04)
816.196 .... 883 packets received, 2218 bps, 27.73%, Err 488 (1.0e-04)
825.910 .... 891 packets received, 2212 bps, 27.65%, Err 495 (1.0e-04)
830.321 .... 896 packets received, 2213 bps, 27.66%, Err 496 (1.0e-04)
834.434 .... 899 packets received, 2209 bps, 27.61%, Err 500 (1.0e-04)
837.453 .... 900 packets received, 2203 bps, 27.54%, Err 501 (1.0e-04)
840.485 .... 901 packets received, 2198 bps, 27.47%, Err 505 (1.0e-04)
846.017 .... 902 packets received, 2186 bps, 27.32%, Err 511 (1.0e-04)
852.945 .... 909 packets received, 2185 bps, 27.31%, Err 517 (1.0e-04)
854.969 .... 916 packets received, 2197 bps, 27.46%, Err 517 (1.0e-04)
859.077 .... 922 packets received, 2200 bps, 27.51%, Err 519 (1.0e-04)
863.218 .... 925 packets received, 2197 bps, 27.46%, Err 523 (1.0e-04)
868.751 .... 926 packets received, 2185 bps, 27.32%, Err 526 (1.0e-04)
873.256 .... 930 packets received, 2183 bps, 27.29%, Err 529 (1.0e-04)
877.922 .... 938 packets received, 2191 bps, 27.38%, Err 533 (1.0e-04)
880.041 .... 945 packets received, 2202 bps, 27.52%, Err 533 (1.0e-04)
883.418 .... 947 packets received, 2198 bps, 27.47%, Err 535 (1.0e-04)
886.443 .... 948 packets received, 2193 bps, 27.41%, Err 535 (1.0e-04)
888.588 .... 956 packets received, 2206 bps, 27.57%, Err 536 (1.0e-04)
891.384 .... 957 packets received, 2201 bps, 27.51%, Err 537 (1.0e-04)
894.963 .... 959 packets received, 2197 bps, 27.46%, Err 539 (1.0e-04)
897.085 .... 967 packets received, 2210 bps, 27.62%, Err 539 (1.0e-04)
899.197 .... 975 packets received, 2223 bps, 27.79%, Err 539 (1.0e-04)
903.389 .... 979 packets received, 2222 bps, 27.77%, Err 541 (1.0e-04)
905.502 .... 987 packets received, 2235 bps, 27.93%, Err 541 (1.0e-04)
912.479 .... 992 packets received, 2229 bps, 27.86%, Err 546 (1.0e-04)
916.036 .... 994 packets received, 2225 bps, 27.81%, Err 550 (1.0e-04)
920.422 .... 1000 packets received, 2227 bps, 27.84%, Err 551 (1.0e-04)
924.010 .... 1002 packets received, 2223 bps, 27.79%, Err 555 (1.0e-04)
928.679 .... 1010 packets received, 2230 bps, 27.87%, Err 558 (1.0e-04)
933.361 .... 1016 packets received, 2232 bps, 27.89%, Err 561 (1.0e-04)
937.974 .... 1020 packets received, 2229 bps, 27.87%, Err 564 (1.0e-04)
940.077 .... 1028 packets received, 2242 bps, 28.02%, Err 564 (1.0e-04)
942.269 .... 1034 packets received, 2250 bps, 28.12%, Err 564 (1.0e-04)
944.534 .... 1040 packets received, 2257 bps, 28.22%, Err 564 (1.0e-04)
948.394 .... 1045 packets received, 2259 bps, 28.24%, Err 565 (9.9e-05)
952.756 .... 1052 packets received, 2264 bps, 28.29%, Err 566 (9.9e-05)
960.597 .... 1053 packets received, 2247 bps, 28.09%, Err 573 (1.0e-04)
964.149 .... 1057 packets received, 2247 bps, 28.09%, Err 576 (1.0e-04)
966.279 .... 1065 packets received, 2259 bps, 28.24%, Err 577 (1.0e-04)
968.410 .... 1073 packets received, 2271 bps, 28.39%, Err 578 (9.9e-05)
970.584 .... 1079 packets received, 2279 bps, 28.49%, Err 580 (1.0e-04)
980.949 .... 1080 packets received, 2257 bps, 28.21%, Err 591 (1.0e-04)
985.038 .... 1083 packets received, 2254 bps, 28.17%, Err 592 (1.0e-04)
989.741 .... 1091 packets received, 2260 bps, 28.25%, Err 594 (1.0e-04)
994.138 .... 1096 packets received, 2260 bps, 28.25%, Err 599 (1.0e-04)
997.153 .... 1097 packets received, 2255 bps, 28.19%, Err 599 (1.0e-04)
999.280 .... 1105 packets received, 2267 bps, 28.34%, Err 600 (1.0e-04)
1002.881 .... 1109 packets received, 2267 bps, 28.34%, Err 602 (1.0e-04)
1006.713 .... 1111 packets received, 2262 bps, 28.28%, Err 604 (1.0e-04)
1013.330 .... 1114 packets received, 2254 bps, 28.17%, Err 609 (1.0e-04)
1017.745 .... 1119 packets received, 2254 bps, 28.17%, Err 612 (1.0e-04)
1022.157 .... 1124 packets received, 2254 bps, 28.18%, Err 615 (1.0e-04)
1026.571 .... 1128 packets received, 2252 bps, 28.16%, Err 619 (1.0e-04)
1029.603 .... 1129 packets received, 2248 bps, 28.10%, Err 620 (1.0e-04)
1033.718 .... 1132 packets received, 2245 bps, 28.06%, Err 622 (1.0e-04)
1035.842 .... 1140 packets received, 2256 bps, 28.20%, Err 624 (1.0e-04)
1037.955 .... 1145 packets received, 2261 bps, 28.27%, Err 625 (1.0e-04)
1040.057 .... 1153 packets received, 2272 bps, 28.41%, Err 626 (1.0e-04)
1042.863 .... 1154 packets received, 2268 bps, 28.35%, Err 627 (1.0e-04)
1047.323 .... 1161 packets received, 2272 bps, 28.40%, Err 630 (1.0e-04)
1051.988 .... 1169 packets received, 2278 bps, 28.47%, Err 633 (1.0e-04)
1055.545 .... 1171 packets received, 2274 bps, 28.43%, Err 635 (1.0e-04)
1059.135 .... 1173 packets received, 2270 bps, 28.38%, Err 638 (1.0e-04)
1061.259 .... 1181 packets received, 2281 bps, 28.51%, Err 638 (1.0e-04)
1070.124 .... 1186 packets received, 2272 bps, 28.40%, Err 645 (1.0e-04)
1074.541 .... 1190 packets received, 2270 bps, 28.38%, Err 649 (1.0e-04)
1078.090 .... 1193 packets received, 2268 bps, 28.35%, Err 650 (1.0e-04)
1080.224 .... 1201 packets received, 2279 bps, 28.49%, Err 650 (1.0e-04)
1084.372 .... 1206 packets received, 2280 bps, 28.50%, Err 654 (1.0e-04)
1090.962 .... 1209 packets received, 2272 bps, 28.39%, Err 658 (1.0e-04)
1094.508 .... 1211 packets received, 2268 bps, 28.35%, Err 660 (1.0e-04)
1098.894 .... 1218 packets received, 2272 bps, 28.40%, Err 665 (1.0e-04)
1101.026 .... 1226 packets received, 2282 bps, 28.53%, Err 665 (1.0e-04)
1105.148 .... 1232 packets received, 2285 bps, 28.56%, Err 666 (1.0e-04)
1107.294 .... 1240 packets received, 2295 bps, 28.69%, Err 668 (1.0e-04)
1110.100 .... 1241 packets received, 2291 bps, 28.64%, Err 669 (1.0e-04)
1113.656 .... 1243 packets received, 2288 bps, 28.60%, Err 670 (1.0e-04)
1115.799 .... 1251 packets received, 2298 bps, 28.73%, Err 671 (1.0e-04)
1118.879 .... 1253 packets received, 2295 bps, 28.69%, Err 674 (1.0e-04)
1124.422 .... 1254 packets received, 2286 bps, 28.57%, Err 676 (1.0e-04)
1128.804 .... 1260 packets received, 2288 bps, 28.60%, Err 679 (1.0e-04)
1133.260 .... 1265 packets received, 2288 bps, 28.60%, Err 684 (1.0e-04)
1136.284 .... 1266 packets received, 2284 bps, 28.55%, Err 685 (1.0e-04)
1139.310 .... 1268 packets received, 2281 bps, 28.52%, Err 687 (1.0e-04)
1141.426 .... 1276 packets received, 2291 bps, 28.64%, Err 687 (1.0e-04)
1143.539 .... 1281 packets received, 2296 bps, 28.70%, Err 688 (1.0e-04)
1146.601 .... 1283 packets received, 2294 bps, 28.67%, Err 689 (1.0e-04)
1149.124 .... 1290 packets received, 2301 bps, 28.76%, Err 689 (1.0e-04)
1158.002 .... 1295 packets received, 2292 bps, 28.65%, Err 698 (1.0e-04)
1161.025 .... 1296 packets received, 2288 bps, 28.60%, Err 702 (1.0e-04)
1166.586 .... 1297 packets received, 2279 bps, 28.48%, Err 703 (1.0e-04)
1173.714 .... 1301 packets received, 2272 bps, 28.40%, Err 708 (1.0e-04)
1178.137 .... 1305 packets received, 2270 bps, 28.38%, Err 710 (1.0e-04)
1180.241 .... 1313 packets received, 2280 bps, 28.50%, Err 711 (1.0e-04)
1183.051 .... 1314 packets received, 2277 bps, 28.46%, Err 712 (1.0e-04)
1187.465 .... 1320 packets received, 2278 bps, 28.48%, Err 714 (1.0e-04)
1191.882 .... 1326 packets received, 2280 bps, 28.50%, Err 718 (1.0e-04)
1194.920 .... 1327 packets received, 2276 bps, 28.45%, Err 719 (1.0e-04)
1198.484 .... 1331 packets received, 2276 bps, 28.45%, Err 721 (1.0e-04)
1200.019 Quit.
