000.000 =============================================================
000.000                     Station A                               
000.000 -------------------------------------------------------------
000.000 Protocol.lib, version 4.0, jiangyanjun0718@bupt.edu.cn
000.000 Channel: 8000 bps, 270 ms propagation delay, bit error rate 0
000.000 Log file "uA.log", TCP port 30012, debug mask 0x00
000.000 Station A is waiting for station B on TCP port 30012 ... Done.
000.654 New epoch: Thu May 16 16:33:37 2019
000.654 =================================================================
000.654 
000.654 Designed by CJSoft, build: May 16 2019  16:33:08
003.423 .... 8 packets received, 7696 bps, 96.20%, Err 0 (0.0e+00)
005.549 .... 16 packets received, 7701 bps, 96.26%, Err 0 (0.0e+00)
007.692 .... 24 packets received, 7682 bps, 96.03%, Err 0 (0.0e+00)
009.803 .... 32 packets received, 7702 bps, 96.27%, Err 0 (0.0e+00)
011.908 .... 40 packets received, 7718 bps, 96.48%, Err 0 (0.0e+00)
014.023 .... 48 packets received, 7723 bps, 96.54%, Err 0 (0.0e+00)
016.154 .... 56 packets received, 7718 bps, 96.47%, Err 0 (0.0e+00)
018.284 .... 64 packets received, 7715 bps, 96.43%, Err 0 (0.0e+00)
020.399 .... 72 packets received, 7718 bps, 96.48%, Err 0 (0.0e+00)
022.498 .... 80 packets received, 7727 bps, 96.59%, Err 0 (0.0e+00)
024.642 .... 88 packets received, 7719 bps, 96.49%, Err 0 (0.0e+00)
026.757 .... 96 packets received, 7721 bps, 96.52%, Err 0 (0.0e+00)
028.873 .... 104 packets received, 7723 bps, 96.54%, Err 0 (0.0e+00)
031.004 .... 112 packets received, 7720 bps, 96.51%, Err 0 (0.0e+00)
033.119 .... 120 packets received, 7722 bps, 96.53%, Err 0 (0.0e+00)
035.232 .... 128 packets received, 7724 bps, 96.55%, Err 0 (0.0e+00)
037.360 .... 136 packets received, 7723 bps, 96.53%, Err 0 (0.0e+00)
039.475 .... 144 packets received, 7724 bps, 96.55%, Err 0 (0.0e+00)
041.619 .... 152 packets received, 7720 bps, 96.50%, Err 0 (0.0e+00)
043.738 .... 160 packets received, 7720 bps, 96.50%, Err 0 (0.0e+00)
045.851 .... 168 packets received, 7722 bps, 96.52%, Err 0 (0.0e+00)
047.964 .... 176 packets received, 7723 bps, 96.54%, Err 0 (0.0e+00)
050.077 .... 184 packets received, 7725 bps, 96.56%, Err 0 (0.0e+00)
052.193 .... 192 packets received, 7725 bps, 96.57%, Err 0 (0.0e+00)
054.308 .... 200 packets received, 7726 bps, 96.58%, Err 0 (0.0e+00)
056.435 .... 208 packets received, 7725 bps, 96.57%, Err 0 (0.0e+00)
058.536 .... 216 packets received, 7728 bps, 96.60%, Err 0 (0.0e+00)
060.682 .... 224 packets received, 7725 bps, 96.56%, Err 0 (0.0e+00)
062.798 .... 232 packets received, 7725 bps, 96.57%, Err 0 (0.0e+00)
064.912 .... 240 packets received, 7726 bps, 96.58%, Err 0 (0.0e+00)
067.042 .... 248 packets received, 7725 bps, 96.56%, Err 0 (0.0e+00)
069.142 .... 256 packets received, 7727 bps, 96.59%, Err 0 (0.0e+00)
071.258 .... 264 packets received, 7728 bps, 96.60%, Err 0 (0.0e+00)
073.402 .... 272 packets received, 7725 bps, 96.57%, Err 0 (0.0e+00)
075.501 .... 280 packets received, 7728 bps, 96.59%, Err 0 (0.0e+00)
077.632 .... 288 packets received, 7726 bps, 96.58%, Err 0 (0.0e+00)
079.760 .... 296 packets received, 7726 bps, 96.57%, Err 0 (0.0e+00)
081.874 .... 304 packets received, 7726 bps, 96.58%, Err 0 (0.0e+00)
084.015 .... 312 packets received, 7724 bps, 96.56%, Err 0 (0.0e+00)
086.111 .... 320 packets received, 7727 bps, 96.58%, Err 0 (0.0e+00)
088.239 .... 328 packets received, 7726 bps, 96.58%, Err 0 (0.0e+00)
090.339 .... 336 packets received, 7728 bps, 96.60%, Err 0 (0.0e+00)
092.482 .... 344 packets received, 7726 bps, 96.57%, Err 0 (0.0e+00)
094.597 .... 352 packets received, 7726 bps, 96.58%, Err 0 (0.0e+00)
096.715 .... 360 packets received, 7727 bps, 96.58%, Err 0 (0.0e+00)
098.830 .... 368 packets received, 7727 bps, 96.59%, Err 0 (0.0e+00)
104.478 .... 375 packets received, 7443 bps, 93.04%, Err 0 (0.0e+00)
108.563 .... 376 packets received, 7179 bps, 89.73%, Err 0 (0.0e+00)
112.752 .... 377 packets received, 6927 bps, 86.59%, Err 0 (0.0e+00)
116.823 .... 378 packets received, 6701 bps, 83.76%, Err 0 (0.0e+00)
120.893 .... 379 packets received, 6490 bps, 81.12%, Err 0 (0.0e+00)
125.067 .... 380 packets received, 6288 bps, 78.60%, Err 0 (0.0e+00)
129.174 .... 381 packets received, 6102 bps, 76.27%, Err 0 (0.0e+00)
133.294 .... 382 packets received, 5927 bps, 74.08%, Err 0 (0.0e+00)
137.334 .... 383 packets received, 5766 bps, 72.07%, Err 0 (0.0e+00)
141.438 .... 384 packets received, 5612 bps, 70.14%, Err 0 (0.0e+00)
145.525 .... 385 packets received, 5467 bps, 68.33%, Err 0 (0.0e+00)
149.708 .... 386 packets received, 5327 bps, 66.58%, Err 0 (0.0e+00)
153.772 .... 387 packets received, 5198 bps, 64.97%, Err 0 (0.0e+00)
157.830 .... 388 packets received, 5076 bps, 63.45%, Err 0 (0.0e+00)
161.942 .... 389 packets received, 4959 bps, 61.99%, Err 0 (0.0e+00)
166.023 .... 390 packets received, 4849 bps, 60.61%, Err 0 (0.0e+00)
170.046 .... 391 packets received, 4745 bps, 59.32%, Err 0 (0.0e+00)
174.115 .... 392 packets received, 4645 bps, 58.07%, Err 0 (0.0e+00)
178.164 .... 393 packets received, 4551 bps, 56.88%, Err 0 (0.0e+00)
182.213 .... 394 packets received, 4460 bps, 55.75%, Err 0 (0.0e+00)
186.242 .... 395 packets received, 4374 bps, 54.67%, Err 0 (0.0e+00)
190.352 .... 396 packets received, 4290 bps, 53.62%, Err 0 (0.0e+00)
194.473 .... 397 packets received, 4209 bps, 52.61%, Err 0 (0.0e+00)
198.562 .... 398 packets received, 4132 bps, 51.65%, Err 0 (0.0e+00)
200.818 .... 400 packets received, 4106 bps, 51.32%, Err 0 (0.0e+00)
202.929 .... 408 packets received, 4144 bps, 51.80%, Err 0 (0.0e+00)
205.057 .... 416 packets received, 4181 bps, 52.26%, Err 0 (0.0e+00)
207.154 .... 424 packets received, 4218 bps, 52.73%, Err 0 (0.0e+00)
209.295 .... 432 packets received, 4254 bps, 53.17%, Err 0 (0.0e+00)
211.412 .... 440 packets received, 4289 bps, 53.61%, Err 0 (0.0e+00)
213.525 .... 448 packets received, 4323 bps, 54.04%, Err 0 (0.0e+00)
215.652 .... 456 packets received, 4357 bps, 54.46%, Err 0 (0.0e+00)
217.765 .... 464 packets received, 4390 bps, 54.87%, Err 0 (0.0e+00)
219.880 .... 472 packets received, 4422 bps, 55.28%, Err 0 (0.0e+00)
222.008 .... 480 packets received, 4454 bps, 55.67%, Err 0 (0.0e+00)
224.121 .... 488 packets received, 4485 bps, 56.07%, Err 0 (0.0e+00)
226.249 .... 496 packets received, 4516 bps, 56.45%, Err 0 (0.0e+00)
228.372 .... 504 packets received, 4546 bps, 56.82%, Err 0 (0.0e+00)
230.482 .... 512 packets received, 4575 bps, 57.19%, Err 0 (0.0e+00)
232.603 .... 520 packets received, 4604 bps, 57.55%, Err 0 (0.0e+00)
234.728 .... 528 packets received, 4632 bps, 57.90%, Err 0 (0.0e+00)
236.837 .... 536 packets received, 4660 bps, 58.26%, Err 0 (0.0e+00)
238.970 .... 544 packets received, 4688 bps, 58.59%, Err 0 (0.0e+00)
241.080 .... 552 packets received, 4715 bps, 58.93%, Err 0 (0.0e+00)
243.207 .... 560 packets received, 4741 bps, 59.26%, Err 0 (0.0e+00)
245.319 .... 568 packets received, 4767 bps, 59.59%, Err 0 (0.0e+00)
247.446 .... 576 packets received, 4792 bps, 59.90%, Err 0 (0.0e+00)
249.546 .... 584 packets received, 4818 bps, 60.22%, Err 0 (0.0e+00)
251.675 .... 592 packets received, 4842 bps, 60.53%, Err 0 (0.0e+00)
253.805 .... 600 packets received, 4866 bps, 60.83%, Err 0 (0.0e+00)
255.933 .... 608 packets received, 4890 bps, 61.12%, Err 0 (0.0e+00)
258.047 .... 616 packets received, 4914 bps, 61.42%, Err 0 (0.0e+00)
260.145 .... 624 packets received, 4937 bps, 61.71%, Err 0 (0.0e+00)
262.276 .... 632 packets received, 4959 bps, 61.99%, Err 0 (0.0e+00)
264.389 .... 640 packets received, 4982 bps, 62.27%, Err 0 (0.0e+00)
266.521 .... 648 packets received, 5004 bps, 62.55%, Err 0 (0.0e+00)
268.636 .... 656 packets received, 5025 bps, 62.82%, Err 0 (0.0e+00)
270.749 .... 664 packets received, 5047 bps, 63.08%, Err 0 (0.0e+00)
272.863 .... 672 packets received, 5068 bps, 63.35%, Err 0 (0.0e+00)
275.005 .... 680 packets received, 5088 bps, 63.60%, Err 0 (0.0e+00)
277.119 .... 688 packets received, 5108 bps, 63.85%, Err 0 (0.0e+00)
279.246 .... 696 packets received, 5128 bps, 64.10%, Err 0 (0.0e+00)
281.361 .... 704 packets received, 5148 bps, 64.35%, Err 0 (0.0e+00)
283.488 .... 712 packets received, 5167 bps, 64.59%, Err 0 (0.0e+00)
285.602 .... 720 packets received, 5186 bps, 64.83%, Err 0 (0.0e+00)
287.701 .... 728 packets received, 5206 bps, 65.07%, Err 0 (0.0e+00)
289.861 .... 736 packets received, 5223 bps, 65.29%, Err 0 (0.0e+00)
291.960 .... 744 packets received, 5242 bps, 65.53%, Err 0 (0.0e+00)
294.087 .... 752 packets received, 5260 bps, 65.75%, Err 0 (0.0e+00)
296.201 .... 760 packets received, 5278 bps, 65.97%, Err 0 (0.0e+00)
298.315 .... 768 packets received, 5295 bps, 66.19%, Err 0 (0.0e+00)
300.444 .... 776 packets received, 5313 bps, 66.41%, Err 0 (0.0e+00)
304.497 .... 777 packets received, 5248 bps, 65.60%, Err 0 (0.0e+00)
308.656 .... 778 packets received, 5184 bps, 64.80%, Err 0 (0.0e+00)
312.846 .... 779 packets received, 5121 bps, 64.01%, Err 0 (0.0e+00)
316.992 .... 780 packets received, 5060 bps, 63.25%, Err 0 (0.0e+00)
321.108 .... 781 packets received, 5001 bps, 62.52%, Err 0 (0.0e+00)
325.178 .... 782 packets received, 4945 bps, 61.81%, Err 0 (0.0e+00)
329.291 .... 783 packets received, 4889 bps, 61.11%, Err 0 (0.0e+00)
333.302 .... 784 packets received, 4836 bps, 60.45%, Err 0 (0.0e+00)
337.450 .... 785 packets received, 4783 bps, 59.78%, Err 0 (0.0e+00)
341.598 .... 786 packets received, 4730 bps, 59.13%, Err 0 (0.0e+00)
345.733 .... 787 packets received, 4679 bps, 58.49%, Err 0 (0.0e+00)
349.787 .... 788 packets received, 4631 bps, 57.89%, Err 0 (0.0e+00)
353.900 .... 789 packets received, 4583 bps, 57.28%, Err 0 (0.0e+00)
358.040 .... 790 packets received, 4535 bps, 56.69%, Err 0 (0.0e+00)
362.184 .... 791 packets received, 4489 bps, 56.11%, Err 0 (0.0e+00)
366.267 .... 792 packets received, 4444 bps, 55.55%, Err 0 (0.0e+00)
370.431 .... 793 packets received, 4400 bps, 55.00%, Err 0 (0.0e+00)
374.557 .... 794 packets received, 4356 bps, 54.46%, Err 0 (0.0e+00)
378.615 .... 795 packets received, 4315 bps, 53.94%, Err 0 (0.0e+00)
382.798 .... 796 packets received, 4273 bps, 53.41%, Err 0 (0.0e+00)
386.910 .... 797 packets received, 4233 bps, 52.91%, Err 0 (0.0e+00)
390.959 .... 798 packets received, 4194 bps, 52.43%, Err 0 (0.0e+00)
395.091 .... 799 packets received, 4155 bps, 51.94%, Err 0 (0.0e+00)
399.202 .... 800 packets received, 4118 bps, 51.47%, Err 0 (0.0e+00)
401.334 .... 804 packets received, 4116 bps, 51.45%, Err 0 (0.0e+00)
403.467 .... 812 packets received, 4135 bps, 51.69%, Err 0 (0.0e+00)
405.584 .... 820 packets received, 4154 bps, 51.92%, Err 0 (0.0e+00)
407.674 .... 828 packets received, 4173 bps, 52.16%, Err 0 (0.0e+00)
409.821 .... 836 packets received, 4191 bps, 52.39%, Err 0 (0.0e+00)
411.937 .... 844 packets received, 4209 bps, 52.62%, Err 0 (0.0e+00)
414.058 .... 852 packets received, 4227 bps, 52.84%, Err 0 (0.0e+00)
416.171 .... 860 packets received, 4245 bps, 53.07%, Err 0 (0.0e+00)
418.300 .... 868 packets received, 4263 bps, 53.29%, Err 0 (0.0e+00)
420.416 .... 876 packets received, 4280 bps, 53.51%, Err 0 (0.0e+00)
422.528 .... 884 packets received, 4298 bps, 53.72%, Err 0 (0.0e+00)
424.642 .... 892 packets received, 4315 bps, 53.94%, Err 0 (0.0e+00)
426.786 .... 900 packets received, 4332 bps, 54.15%, Err 0 (0.0e+00)
428.903 .... 908 packets received, 4349 bps, 54.36%, Err 0 (0.0e+00)
431.017 .... 916 packets received, 4366 bps, 54.57%, Err 0 (0.0e+00)
433.135 .... 924 packets received, 4382 bps, 54.78%, Err 0 (0.0e+00)
435.265 .... 932 packets received, 4398 bps, 54.98%, Err 0 (0.0e+00)
437.380 .... 940 packets received, 4415 bps, 55.18%, Err 0 (0.0e+00)
439.495 .... 948 packets received, 4431 bps, 55.38%, Err 0 (0.0e+00)
441.623 .... 956 packets received, 4446 bps, 55.58%, Err 0 (0.0e+00)
443.738 .... 964 packets received, 4462 bps, 55.78%, Err 0 (0.0e+00)
445.842 .... 972 packets received, 4478 bps, 55.97%, Err 0 (0.0e+00)
447.953 .... 980 packets received, 4493 bps, 56.17%, Err 0 (0.0e+00)
450.092 .... 988 packets received, 4509 bps, 56.36%, Err 0 (0.0e+00)
452.204 .... 996 packets received, 4524 bps, 56.55%, Err 0 (0.0e+00)
454.332 .... 1004 packets received, 4539 bps, 56.73%, Err 0 (0.0e+00)
456.448 .... 1012 packets received, 4554 bps, 56.92%, Err 0 (0.0e+00)
458.562 .... 1020 packets received, 4568 bps, 57.10%, Err 0 (0.0e+00)
460.691 .... 1028 packets received, 4583 bps, 57.29%, Err 0 (0.0e+00)
462.803 .... 1036 packets received, 4597 bps, 57.47%, Err 0 (0.0e+00)
464.918 .... 1044 packets received, 4612 bps, 57.65%, Err 0 (0.0e+00)
467.057 .... 1052 packets received, 4626 bps, 57.82%, Err 0 (0.0e+00)
469.170 .... 1060 packets received, 4640 bps, 58.00%, Err 0 (0.0e+00)
471.284 .... 1068 packets received, 4654 bps, 58.17%, Err 0 (0.0e+00)
473.414 .... 1076 packets received, 4668 bps, 58.34%, Err 0 (0.0e+00)
475.530 .... 1084 packets received, 4681 bps, 58.52%, Err 0 (0.0e+00)
477.645 .... 1092 packets received, 4695 bps, 58.69%, Err 0 (0.0e+00)
479.774 .... 1100 packets received, 4708 bps, 58.85%, Err 0 (0.0e+00)
481.887 .... 1108 packets received, 4722 bps, 59.02%, Err 0 (0.0e+00)
484.031 .... 1116 packets received, 4735 bps, 59.18%, Err 0 (0.0e+00)
486.140 .... 1124 packets received, 4748 bps, 59.35%, Err 0 (0.0e+00)
488.253 .... 1132 packets received, 4761 bps, 59.51%, Err 0 (0.0e+00)
490.351 .... 1140 packets received, 4774 bps, 59.67%, Err 0 (0.0e+00)
492.480 .... 1148 packets received, 4787 bps, 59.83%, Err 0 (0.0e+00)
494.608 .... 1156 packets received, 4799 bps, 59.99%, Err 0 (0.0e+00)
496.719 .... 1164 packets received, 4812 bps, 60.15%, Err 0 (0.0e+00)
498.831 .... 1172 packets received, 4824 bps, 60.30%, Err 0 (0.0e+00)
504.535 .... 1179 packets received, 4798 bps, 59.98%, Err 0 (0.0e+00)
508.558 .... 1180 packets received, 4764 bps, 59.55%, Err 0 (0.0e+00)
512.625 .... 1181 packets received, 4730 bps, 59.13%, Err 0 (0.0e+00)
516.660 .... 1182 packets received, 4697 bps, 58.71%, Err 0 (0.0e+00)
520.652 .... 1183 packets received, 4665 bps, 58.31%, Err 0 (0.0e+00)
524.762 .... 1184 packets received, 4632 bps, 57.90%, Err 0 (0.0e+00)
528.864 .... 1185 packets received, 4600 bps, 57.50%, Err 0 (0.0e+00)
532.966 .... 1186 packets received, 4568 bps, 57.11%, Err 0 (0.0e+00)
536.994 .... 1187 packets received, 4538 bps, 56.72%, Err 0 (0.0e+00)
541.056 .... 1188 packets received, 4508 bps, 56.34%, Err 0 (0.0e+00)
545.099 .... 1189 packets received, 4478 bps, 55.97%, Err 0 (0.0e+00)
549.199 .... 1190 packets received, 4448 bps, 55.60%, Err 0 (0.0e+00)
553.317 .... 1191 packets received, 4419 bps, 55.23%, Err 0 (0.0e+00)
557.403 .... 1192 packets received, 4390 bps, 54.87%, Err 0 (0.0e+00)
561.507 .... 1193 packets received, 4361 bps, 54.52%, Err 0 (0.0e+00)
565.681 .... 1194 packets received, 4333 bps, 54.16%, Err 0 (0.0e+00)
569.735 .... 1195 packets received, 4305 bps, 53.82%, Err 0 (0.0e+00)
573.822 .... 1196 packets received, 4278 bps, 53.48%, Err 0 (0.0e+00)
578.008 .... 1197 packets received, 4251 bps, 53.13%, Err 0 (0.0e+00)
582.031 .... 1198 packets received, 4225 bps, 52.81%, Err 0 (0.0e+00)
586.113 .... 1199 packets received, 4199 bps, 52.49%, Err 0 (0.0e+00)
590.273 .... 1200 packets received, 4173 bps, 52.16%, Err 0 (0.0e+00)
594.372 .... 1201 packets received, 4147 bps, 51.84%, Err 0 (0.0e+00)
598.485 .... 1202 packets received, 4122 bps, 51.53%, Err 0 (0.0e+00)
600.548 .... 1203 packets received, 4111 bps, 51.39%, Err 0 (0.0e+00)
602.646 .... 1211 packets received, 4124 bps, 51.55%, Err 0 (0.0e+00)
604.788 .... 1219 packets received, 4137 bps, 51.71%, Err 0 (0.0e+00)
606.885 .... 1227 packets received, 4149 bps, 51.87%, Err 0 (0.0e+00)
609.028 .... 1235 packets received, 4162 bps, 52.02%, Err 0 (0.0e+00)
611.139 .... 1243 packets received, 4174 bps, 52.18%, Err 0 (0.0e+00)
613.267 .... 1251 packets received, 4187 bps, 52.33%, Err 0 (0.0e+00)
615.365 .... 1259 packets received, 4199 bps, 52.49%, Err 0 (0.0e+00)
617.510 .... 1267 packets received, 4211 bps, 52.64%, Err 0 (0.0e+00)
619.610 .... 1275 packets received, 4223 bps, 52.79%, Err 0 (0.0e+00)
621.741 .... 1283 packets received, 4235 bps, 52.94%, Err 0 (0.0e+00)
623.855 .... 1291 packets received, 4247 bps, 53.09%, Err 0 (0.0e+00)
625.984 .... 1299 packets received, 4259 bps, 53.23%, Err 0 (0.0e+00)
628.098 .... 1307 packets received, 4270 bps, 53.38%, Err 0 (0.0e+00)
630.227 .... 1315 packets received, 4282 bps, 53.53%, Err 0 (0.0e+00)
632.352 .... 1323 packets received, 4294 bps, 53.67%, Err 0 (0.0e+00)
634.467 .... 1331 packets received, 4305 bps, 53.81%, Err 0 (0.0e+00)
636.569 .... 1339 packets received, 4317 bps, 53.96%, Err 0 (0.0e+00)
638.701 .... 1347 packets received, 4328 bps, 54.10%, Err 0 (0.0e+00)
640.818 .... 1355 packets received, 4339 bps, 54.24%, Err 0 (0.0e+00)
642.932 .... 1363 packets received, 4350 bps, 54.38%, Err 0 (0.0e+00)
645.047 .... 1371 packets received, 4362 bps, 54.52%, Err 0 (0.0e+00)
647.187 .... 1379 packets received, 4373 bps, 54.66%, Err 0 (0.0e+00)
649.286 .... 1387 packets received, 4384 bps, 54.80%, Err 0 (0.0e+00)
651.431 .... 1395 packets received, 4394 bps, 54.93%, Err 0 (0.0e+00)
653.546 .... 1403 packets received, 4405 bps, 55.07%, Err 0 (0.0e+00)
655.658 .... 1411 packets received, 4416 bps, 55.20%, Err 0 (0.0e+00)
657.785 .... 1419 packets received, 4427 bps, 55.33%, Err 0 (0.0e+00)
659.899 .... 1427 packets received, 4437 bps, 55.47%, Err 0 (0.0e+00)
662.014 .... 1435 packets received, 4448 bps, 55.60%, Err 0 (0.0e+00)
664.142 .... 1443 packets received, 4458 bps, 55.73%, Err 0 (0.0e+00)
666.254 .... 1451 packets received, 4469 bps, 55.86%, Err 0 (0.0e+00)
668.386 .... 1459 packets received, 4479 bps, 55.99%, Err 0 (0.0e+00)
670.513 .... 1467 packets received, 4489 bps, 56.12%, Err 0 (0.0e+00)
672.640 .... 1475 packets received, 4500 bps, 56.25%, Err 0 (0.0e+00)
674.739 .... 1483 packets received, 4510 bps, 56.37%, Err 0 (0.0e+00)
676.868 .... 1491 packets received, 4520 bps, 56.50%, Err 0 (0.0e+00)
678.983 .... 1499 packets received, 4530 bps, 56.63%, Err 0 (0.0e+00)
681.118 .... 1507 packets received, 4540 bps, 56.75%, Err 0 (0.0e+00)
683.219 .... 1515 packets received, 4550 bps, 56.87%, Err 0 (0.0e+00)
685.333 .... 1523 packets received, 4560 bps, 57.00%, Err 0 (0.0e+00)
687.460 .... 1531 packets received, 4570 bps, 57.12%, Err 0 (0.0e+00)
689.584 .... 1539 packets received, 4579 bps, 57.24%, Err 0 (0.0e+00)
691.715 .... 1547 packets received, 4589 bps, 57.36%, Err 0 (0.0e+00)
693.831 .... 1555 packets received, 4599 bps, 57.48%, Err 0 (0.0e+00)
695.951 .... 1563 packets received, 4608 bps, 57.60%, Err 0 (0.0e+00)
698.062 .... 1571 packets received, 4618 bps, 57.72%, Err 0 (0.0e+00)
700.187 .... 1579 packets received, 4627 bps, 57.84%, Err 0 (0.0e+00)
704.560 .... 1581 packets received, 4604 bps, 57.55%, Err 0 (0.0e+00)
708.750 .... 1582 packets received, 4580 bps, 57.25%, Err 0 (0.0e+00)
712.774 .... 1583 packets received, 4557 bps, 56.96%, Err 0 (0.0e+00)
716.907 .... 1584 packets received, 4533 bps, 56.67%, Err 0 (0.0e+00)
720.993 .... 1585 packets received, 4510 bps, 56.38%, Err 0 (0.0e+00)
725.044 .... 1586 packets received, 4488 bps, 56.10%, Err 0 (0.0e+00)
729.129 .... 1587 packets received, 4466 bps, 55.82%, Err 0 (0.0e+00)
733.215 .... 1588 packets received, 4443 bps, 55.54%, Err 0 (0.0e+00)
737.302 .... 1589 packets received, 4422 bps, 55.27%, Err 0 (0.0e+00)
741.450 .... 1590 packets received, 4400 bps, 54.99%, Err 0 (0.0e+00)
745.573 .... 1591 packets received, 4378 bps, 54.72%, Err 0 (0.0e+00)
749.744 .... 1592 packets received, 4356 bps, 54.45%, Err 0 (0.0e+00)
753.782 .... 1593 packets received, 4336 bps, 54.19%, Err 0 (0.0e+00)
757.934 .... 1594 packets received, 4314 bps, 53.93%, Err 0 (0.0e+00)
761.976 .... 1595 packets received, 4294 bps, 53.68%, Err 0 (0.0e+00)
766.047 .... 1596 packets received, 4274 bps, 53.43%, Err 0 (0.0e+00)
770.163 .... 1597 packets received, 4254 bps, 53.17%, Err 0 (0.0e+00)
774.328 .... 1598 packets received, 4234 bps, 52.92%, Err 0 (0.0e+00)
778.460 .... 1599 packets received, 4214 bps, 52.67%, Err 0 (0.0e+00)
782.500 .... 1600 packets received, 4195 bps, 52.43%, Err 0 (0.0e+00)
786.538 .... 1601 packets received, 4176 bps, 52.19%, Err 0 (0.0e+00)
790.656 .... 1602 packets received, 4156 bps, 51.95%, Err 0 (0.0e+00)
794.787 .... 1603 packets received, 4137 bps, 51.72%, Err 0 (0.0e+00)
798.925 .... 1604 packets received, 4118 bps, 51.48%, Err 0 (0.0e+00)
801.081 .... 1607 packets received, 4115 bps, 51.44%, Err 0 (0.0e+00)
803.192 .... 1615 packets received, 4125 bps, 51.56%, Err 0 (0.0e+00)
805.292 .... 1623 packets received, 4134 bps, 51.68%, Err 0 (0.0e+00)
807.422 .... 1631 packets received, 4144 bps, 51.80%, Err 0 (0.0e+00)
809.554 .... 1639 packets received, 4153 bps, 51.91%, Err 0 (0.0e+00)
811.655 .... 1647 packets received, 4162 bps, 52.03%, Err 0 (0.0e+00)
813.809 .... 1655 packets received, 4172 bps, 52.14%, Err 0 (0.0e+00)
815.919 .... 1663 packets received, 4181 bps, 52.26%, Err 0 (0.0e+00)
818.015 .... 1671 packets received, 4190 bps, 52.38%, Err 0 (0.0e+00)
820.158 .... 1679 packets received, 4199 bps, 52.49%, Err 0 (0.0e+00)
822.271 .... 1687 packets received, 4208 bps, 52.60%, Err 0 (0.0e+00)
824.397 .... 1695 packets received, 4217 bps, 52.72%, Err 0 (0.0e+00)
826.492 .... 1703 packets received, 4227 bps, 52.83%, Err 0 (0.0e+00)
828.635 .... 1711 packets received, 4235 bps, 52.94%, Err 0 (0.0e+00)
830.761 .... 1719 packets received, 4244 bps, 53.05%, Err 0 (0.0e+00)
832.859 .... 1727 packets received, 4253 bps, 53.17%, Err 0 (0.0e+00)
835.000 .... 1735 packets received, 4262 bps, 53.28%, Err 0 (0.0e+00)
837.099 .... 1743 packets received, 4271 bps, 53.39%, Err 0 (0.0e+00)
839.229 .... 1751 packets received, 4280 bps, 53.50%, Err 0 (0.0e+00)
841.342 .... 1759 packets received, 4288 bps, 53.60%, Err 0 (0.0e+00)
843.475 .... 1767 packets received, 4297 bps, 53.71%, Err 0 (0.0e+00)
845.589 .... 1775 packets received, 4306 bps, 53.82%, Err 0 (0.0e+00)
847.720 .... 1783 packets received, 4314 bps, 53.93%, Err 0 (0.0e+00)
849.838 .... 1791 packets received, 4323 bps, 54.03%, Err 0 (0.0e+00)
851.937 .... 1799 packets received, 4331 bps, 54.14%, Err 0 (0.0e+00)
854.082 .... 1807 packets received, 4340 bps, 54.24%, Err 0 (0.0e+00)
856.179 .... 1815 packets received, 4348 bps, 54.35%, Err 0 (0.0e+00)
858.313 .... 1823 packets received, 4356 bps, 54.45%, Err 0 (0.0e+00)
860.435 .... 1831 packets received, 4365 bps, 54.56%, Err 0 (0.0e+00)
862.561 .... 1839 packets received, 4373 bps, 54.66%, Err 0 (0.0e+00)
864.689 .... 1847 packets received, 4381 bps, 54.76%, Err 0 (0.0e+00)
866.807 .... 1855 packets received, 4389 bps, 54.87%, Err 0 (0.0e+00)
868.920 .... 1863 packets received, 4398 bps, 54.97%, Err 0 (0.0e+00)
871.022 .... 1871 packets received, 4406 bps, 55.07%, Err 0 (0.0e+00)
873.133 .... 1879 packets received, 4414 bps, 55.17%, Err 0 (0.0e+00)
875.253 .... 1887 packets received, 4422 bps, 55.27%, Err 0 (0.0e+00)
877.401 .... 1895 packets received, 4430 bps, 55.37%, Err 0 (0.0e+00)
879.504 .... 1903 packets received, 4438 bps, 55.47%, Err 0 (0.0e+00)
881.637 .... 1911 packets received, 4446 bps, 55.57%, Err 0 (0.0e+00)
883.756 .... 1919 packets received, 4454 bps, 55.67%, Err 0 (0.0e+00)
885.874 .... 1927 packets received, 4461 bps, 55.77%, Err 0 (0.0e+00)
887.990 .... 1935 packets received, 4469 bps, 55.87%, Err 0 (0.0e+00)
890.095 .... 1943 packets received, 4477 bps, 55.96%, Err 0 (0.0e+00)
892.214 .... 1951 packets received, 4485 bps, 56.06%, Err 0 (0.0e+00)
894.335 .... 1959 packets received, 4493 bps, 56.16%, Err 0 (0.0e+00)
896.471 .... 1967 packets received, 4500 bps, 56.25%, Err 0 (0.0e+00)
898.600 .... 1975 packets received, 4508 bps, 56.35%, Err 0 (0.0e+00)
904.509 .... 1983 packets received, 4496 bps, 56.20%, Err 0 (0.0e+00)
908.620 .... 1984 packets received, 4478 bps, 55.98%, Err 0 (0.0e+00)
912.723 .... 1985 packets received, 4460 bps, 55.75%, Err 0 (0.0e+00)
916.910 .... 1986 packets received, 4442 bps, 55.53%, Err 0 (0.0e+00)
921.143 .... 1987 packets received, 4424 bps, 55.30%, Err 0 (0.0e+00)
925.218 .... 1988 packets received, 4407 bps, 55.08%, Err 0 (0.0e+00)
929.292 .... 1989 packets received, 4390 bps, 54.87%, Err 0 (0.0e+00)
933.422 .... 1990 packets received, 4372 bps, 54.65%, Err 0 (0.0e+00)
937.498 .... 1991 packets received, 4355 bps, 54.44%, Err 0 (0.0e+00)
941.717 .... 1992 packets received, 4338 bps, 54.23%, Err 0 (0.0e+00)
945.790 .... 1993 packets received, 4322 bps, 54.02%, Err 0 (0.0e+00)
949.819 .... 1994 packets received, 4305 bps, 53.82%, Err 0 (0.0e+00)
954.043 .... 1995 packets received, 4288 bps, 53.60%, Err 0 (0.0e+00)
958.071 .... 1996 packets received, 4272 bps, 53.41%, Err 0 (0.0e+00)
962.206 .... 1997 packets received, 4256 bps, 53.20%, Err 0 (0.0e+00)
966.248 .... 1998 packets received, 4241 bps, 53.01%, Err 0 (0.0e+00)
970.355 .... 1999 packets received, 4225 bps, 52.81%, Err 0 (0.0e+00)
974.584 .... 2000 packets received, 4208 bps, 52.61%, Err 0 (0.0e+00)
978.622 .... 2001 packets received, 4193 bps, 52.41%, Err 0 (0.0e+00)
982.666 .... 2002 packets received, 4178 bps, 52.22%, Err 0 (0.0e+00)
986.783 .... 2003 packets received, 4163 bps, 52.03%, Err 0 (0.0e+00)
990.798 .... 2004 packets received, 4148 bps, 51.85%, Err 0 (0.0e+00)
994.964 .... 2005 packets received, 4132 bps, 51.65%, Err 0 (0.0e+00)
999.035 .... 2006 packets received, 4118 bps, 51.47%, Err 0 (0.0e+00)
1001.057 .... 2009 packets received, 4115 bps, 51.44%, Err 0 (0.0e+00)
1003.188 .... 2017 packets received, 4123 bps, 51.54%, Err 0 (0.0e+00)
1005.303 .... 2025 packets received, 4131 bps, 51.63%, Err 0 (0.0e+00)
1007.402 .... 2033 packets received, 4138 bps, 51.73%, Err 0 (0.0e+00)
1009.530 .... 2041 packets received, 4146 bps, 51.82%, Err 0 (0.0e+00)
1011.645 .... 2049 packets received, 4153 bps, 51.92%, Err 0 (0.0e+00)
1013.789 .... 2057 packets received, 4161 bps, 52.01%, Err 0 (0.0e+00)
1015.906 .... 2065 packets received, 4168 bps, 52.10%, Err 0 (0.0e+00)
1018.005 .... 2073 packets received, 4176 bps, 52.20%, Err 0 (0.0e+00)
1020.149 .... 2081 packets received, 4183 bps, 52.29%, Err 0 (0.0e+00)
1022.265 .... 2089 packets received, 4190 bps, 52.38%, Err 0 (0.0e+00)
1024.365 .... 2097 packets received, 4198 bps, 52.47%, Err 0 (0.0e+00)
1026.495 .... 2105 packets received, 4205 bps, 52.56%, Err 0 (0.0e+00)
1028.608 .... 2113 packets received, 4212 bps, 52.65%, Err 0 (0.0e+00)
1030.724 .... 2121 packets received, 4220 bps, 52.75%, Err 0 (0.0e+00)
1032.861 .... 2129 packets received, 4227 bps, 52.83%, Err 0 (0.0e+00)
1034.983 .... 2137 packets received, 4234 bps, 52.92%, Err 0 (0.0e+00)
1037.113 .... 2145 packets received, 4241 bps, 53.01%, Err 0 (0.0e+00)
1039.228 .... 2153 packets received, 4248 bps, 53.10%, Err 0 (0.0e+00)
1041.328 .... 2161 packets received, 4255 bps, 53.19%, Err 0 (0.0e+00)
1043.445 .... 2169 packets received, 4262 bps, 53.28%, Err 0 (0.0e+00)
1045.575 .... 2177 packets received, 4269 bps, 53.37%, Err 0 (0.0e+00)
1047.707 .... 2185 packets received, 4276 bps, 53.45%, Err 0 (0.0e+00)
1049.810 .... 2193 packets received, 4283 bps, 53.54%, Err 0 (0.0e+00)
1051.942 .... 2201 packets received, 4290 bps, 53.63%, Err 0 (0.0e+00)
1054.043 .... 2209 packets received, 4297 bps, 53.72%, Err 0 (0.0e+00)
1056.188 .... 2217 packets received, 4304 bps, 53.80%, Err 0 (0.0e+00)
1058.310 .... 2225 packets received, 4311 bps, 53.89%, Err 0 (0.0e+00)
1060.405 .... 2233 packets received, 4318 bps, 53.97%, Err 0 (0.0e+00)
1062.541 .... 2241 packets received, 4325 bps, 54.06%, Err 0 (0.0e+00)
1064.649 .... 2249 packets received, 4332 bps, 54.14%, Err 0 (0.0e+00)
1066.769 .... 2257 packets received, 4338 bps, 54.23%, Err 0 (0.0e+00)
1068.900 .... 2265 packets received, 4345 bps, 54.31%, Err 0 (0.0e+00)
1071.028 .... 2273 packets received, 4352 bps, 54.40%, Err 0 (0.0e+00)
1073.153 .... 2281 packets received, 4358 bps, 54.48%, Err 0 (0.0e+00)
1075.263 .... 2289 packets received, 4365 bps, 54.56%, Err 0 (0.0e+00)
1077.375 .... 2297 packets received, 4372 bps, 54.65%, Err 0 (0.0e+00)
1079.509 .... 2305 packets received, 4378 bps, 54.73%, Err 0 (0.0e+00)
1081.607 .... 2313 packets received, 4385 bps, 54.81%, Err 0 (0.0e+00)
1083.740 .... 2321 packets received, 4391 bps, 54.89%, Err 0 (0.0e+00)
1085.857 .... 2329 packets received, 4398 bps, 54.97%, Err 0 (0.0e+00)
1087.986 .... 2337 packets received, 4404 bps, 55.05%, Err 0 (0.0e+00)
1090.104 .... 2345 packets received, 4411 bps, 55.14%, Err 0 (0.0e+00)
1092.205 .... 2353 packets received, 4417 bps, 55.22%, Err 0 (0.0e+00)
1094.323 .... 2361 packets received, 4424 bps, 55.30%, Err 0 (0.0e+00)
1096.471 .... 2369 packets received, 4430 bps, 55.38%, Err 0 (0.0e+00)
1098.571 .... 2377 packets received, 4437 bps, 55.46%, Err 0 (0.0e+00)
1104.460 .... 2385 packets received, 4428 bps, 55.35%, Err 0 (0.0e+00)
1108.527 .... 2386 packets received, 4413 bps, 55.17%, Err 0 (0.0e+00)
1112.583 .... 2387 packets received, 4399 bps, 54.99%, Err 0 (0.0e+00)
1116.658 .... 2388 packets received, 4385 bps, 54.81%, Err 0 (0.0e+00)
1120.778 .... 2389 packets received, 4370 bps, 54.63%, Err 0 (0.0e+00)
1124.869 .... 2390 packets received, 4356 bps, 54.45%, Err 0 (0.0e+00)
1129.094 .... 2391 packets received, 4342 bps, 54.27%, Err 0 (0.0e+00)
1133.123 .... 2392 packets received, 4328 bps, 54.10%, Err 0 (0.0e+00)
1137.228 .... 2393 packets received, 4314 bps, 53.93%, Err 0 (0.0e+00)
1141.288 .... 2394 packets received, 4301 bps, 53.76%, Err 0 (0.0e+00)
1145.437 .... 2395 packets received, 4287 bps, 53.59%, Err 0 (0.0e+00)
1149.611 .... 2396 packets received, 4273 bps, 53.42%, Err 0 (0.0e+00)
1153.762 .... 2397 packets received, 4260 bps, 53.25%, Err 0 (0.0e+00)
1157.804 .... 2398 packets received, 4246 bps, 53.08%, Err 0 (0.0e+00)
1161.893 .... 2399 packets received, 4233 bps, 52.92%, Err 0 (0.0e+00)
1166.038 .... 2400 packets received, 4220 bps, 52.75%, Err 0 (0.0e+00)
1170.171 .... 2401 packets received, 4207 bps, 52.59%, Err 0 (0.0e+00)
1174.231 .... 2402 packets received, 4194 bps, 52.42%, Err 0 (0.0e+00)
1178.274 .... 2403 packets received, 4181 bps, 52.27%, Err 0 (0.0e+00)
1182.363 .... 2404 packets received, 4169 bps, 52.11%, Err 0 (0.0e+00)
1186.472 .... 2405 packets received, 4156 bps, 51.95%, Err 0 (0.0e+00)
1190.544 .... 2406 packets received, 4143 bps, 51.79%, Err 0 (0.0e+00)
1194.661 .... 2407 packets received, 4131 bps, 51.63%, Err 0 (0.0e+00)
1198.682 .... 2408 packets received, 4119 bps, 51.48%, Err 0 (0.0e+00)
1200.019 Quit.
