000.000 =============================================================
000.000                     Station B                               
000.000 -------------------------------------------------------------
000.000 Protocol.lib, version 4.0, jiangyanjun0718@bupt.edu.cn
000.000 Channel: 8000 bps, 270 ms propagation delay, bit error rate 0
000.000 Log file "uB.log", TCP port 30012, debug mask 0x00
000.000 Station B is connecting station A (TCP port 30012) ... Done.
000.654 New epoch: Thu May 16 16:33:37 2019
000.654 =================================================================
000.654 
000.654 Designed by CJSoft, build: May 16 2019  16:33:08
003.055 .... 8 packets received, 7754 bps, 96.92%, Err 0 (0.0e+00)
005.184 .... 16 packets received, 7725 bps, 96.56%, Err 0 (0.0e+00)
007.295 .... 24 packets received, 7737 bps, 96.71%, Err 0 (0.0e+00)
009.423 .... 32 packets received, 7727 bps, 96.59%, Err 0 (0.0e+00)
011.541 .... 40 packets received, 7729 bps, 96.61%, Err 0 (0.0e+00)
013.654 .... 48 packets received, 7733 bps, 96.66%, Err 0 (0.0e+00)
015.785 .... 56 packets received, 7727 bps, 96.58%, Err 0 (0.0e+00)
017.900 .... 64 packets received, 7729 bps, 96.62%, Err 0 (0.0e+00)
020.000 .... 72 packets received, 7737 bps, 96.72%, Err 0 (0.0e+00)
022.130 .... 80 packets received, 7733 bps, 96.66%, Err 0 (0.0e+00)
024.244 .... 88 packets received, 7734 bps, 96.68%, Err 0 (0.0e+00)
026.358 .... 96 packets received, 7736 bps, 96.69%, Err 0 (0.0e+00)
028.504 .... 104 packets received, 7728 bps, 96.60%, Err 0 (0.0e+00)
030.621 .... 112 packets received, 7729 bps, 96.61%, Err 0 (0.0e+00)
032.720 .... 120 packets received, 7734 bps, 96.67%, Err 0 (0.0e+00)
034.864 .... 128 packets received, 7728 bps, 96.60%, Err 0 (0.0e+00)
036.965 .... 136 packets received, 7732 bps, 96.65%, Err 0 (0.0e+00)
039.077 .... 144 packets received, 7733 bps, 96.67%, Err 0 (0.0e+00)
041.221 .... 152 packets received, 7728 bps, 96.61%, Err 0 (0.0e+00)
043.341 .... 160 packets received, 7728 bps, 96.61%, Err 0 (0.0e+00)
045.441 .... 168 packets received, 7732 bps, 96.65%, Err 0 (0.0e+00)
047.582 .... 176 packets received, 7728 bps, 96.60%, Err 0 (0.0e+00)
049.710 .... 184 packets received, 7727 bps, 96.59%, Err 0 (0.0e+00)
051.824 .... 192 packets received, 7728 bps, 96.60%, Err 0 (0.0e+00)
053.940 .... 200 packets received, 7729 bps, 96.61%, Err 0 (0.0e+00)
056.053 .... 208 packets received, 7730 bps, 96.62%, Err 0 (0.0e+00)
058.168 .... 216 packets received, 7730 bps, 96.63%, Err 0 (0.0e+00)
060.298 .... 224 packets received, 7729 bps, 96.61%, Err 0 (0.0e+00)
062.414 .... 232 packets received, 7729 bps, 96.62%, Err 0 (0.0e+00)
064.529 .... 240 packets received, 7730 bps, 96.62%, Err 0 (0.0e+00)
066.643 .... 248 packets received, 7731 bps, 96.63%, Err 0 (0.0e+00)
068.759 .... 256 packets received, 7731 bps, 96.64%, Err 0 (0.0e+00)
070.904 .... 264 packets received, 7728 bps, 96.60%, Err 0 (0.0e+00)
073.020 .... 272 packets received, 7729 bps, 96.61%, Err 0 (0.0e+00)
075.133 .... 280 packets received, 7729 bps, 96.62%, Err 0 (0.0e+00)
077.246 .... 288 packets received, 7730 bps, 96.62%, Err 0 (0.0e+00)
079.376 .... 296 packets received, 7729 bps, 96.61%, Err 0 (0.0e+00)
081.492 .... 304 packets received, 7729 bps, 96.62%, Err 0 (0.0e+00)
083.634 .... 312 packets received, 7727 bps, 96.59%, Err 0 (0.0e+00)
085.743 .... 320 packets received, 7728 bps, 96.60%, Err 0 (0.0e+00)
087.856 .... 328 packets received, 7729 bps, 96.61%, Err 0 (0.0e+00)
089.955 .... 336 packets received, 7731 bps, 96.63%, Err 0 (0.0e+00)
092.083 .... 344 packets received, 7730 bps, 96.62%, Err 0 (0.0e+00)
094.214 .... 352 packets received, 7729 bps, 96.61%, Err 0 (0.0e+00)
096.316 .... 360 packets received, 7730 bps, 96.63%, Err 0 (0.0e+00)
098.463 .... 368 packets received, 7728 bps, 96.60%, Err 0 (0.0e+00)
100.573 .... 376 packets received, 7729 bps, 96.61%, Err 0 (0.0e+00)
102.701 .... 384 packets received, 7728 bps, 96.60%, Err 0 (0.0e+00)
104.827 .... 392 packets received, 7728 bps, 96.60%, Err 0 (0.0e+00)
106.939 .... 400 packets received, 7729 bps, 96.61%, Err 0 (0.0e+00)
109.068 .... 408 packets received, 7728 bps, 96.60%, Err 0 (0.0e+00)
111.176 .... 416 packets received, 7729 bps, 96.61%, Err 0 (0.0e+00)
113.304 .... 424 packets received, 7728 bps, 96.60%, Err 0 (0.0e+00)
115.416 .... 432 packets received, 7729 bps, 96.61%, Err 0 (0.0e+00)
117.543 .... 440 packets received, 7728 bps, 96.60%, Err 0 (0.0e+00)
119.670 .... 448 packets received, 7728 bps, 96.60%, Err 0 (0.0e+00)
121.792 .... 456 packets received, 7728 bps, 96.60%, Err 0 (0.0e+00)
123.918 .... 464 packets received, 7727 bps, 96.59%, Err 0 (0.0e+00)
126.030 .... 472 packets received, 7728 bps, 96.60%, Err 0 (0.0e+00)
128.142 .... 480 packets received, 7728 bps, 96.60%, Err 0 (0.0e+00)
130.252 .... 488 packets received, 7729 bps, 96.61%, Err 0 (0.0e+00)
132.362 .... 496 packets received, 7729 bps, 96.62%, Err 0 (0.0e+00)
134.486 .... 504 packets received, 7729 bps, 96.62%, Err 0 (0.0e+00)
136.613 .... 512 packets received, 7729 bps, 96.61%, Err 0 (0.0e+00)
138.746 .... 520 packets received, 7728 bps, 96.60%, Err 0 (0.0e+00)
140.871 .... 528 packets received, 7728 bps, 96.60%, Err 0 (0.0e+00)
142.983 .... 536 packets received, 7728 bps, 96.60%, Err 0 (0.0e+00)
145.093 .... 544 packets received, 7729 bps, 96.61%, Err 0 (0.0e+00)
147.228 .... 552 packets received, 7728 bps, 96.60%, Err 0 (0.0e+00)
149.337 .... 560 packets received, 7729 bps, 96.61%, Err 0 (0.0e+00)
151.444 .... 568 packets received, 7729 bps, 96.62%, Err 0 (0.0e+00)
153.581 .... 576 packets received, 7728 bps, 96.60%, Err 0 (0.0e+00)
155.699 .... 584 packets received, 7728 bps, 96.61%, Err 0 (0.0e+00)
157.819 .... 592 packets received, 7728 bps, 96.61%, Err 0 (0.0e+00)
159.956 .... 600 packets received, 7728 bps, 96.60%, Err 0 (0.0e+00)
162.079 .... 608 packets received, 7727 bps, 96.59%, Err 0 (0.0e+00)
164.157 .... 616 packets received, 7729 bps, 96.62%, Err 0 (0.0e+00)
166.299 .... 624 packets received, 7728 bps, 96.61%, Err 0 (0.0e+00)
168.423 .... 632 packets received, 7728 bps, 96.60%, Err 0 (0.0e+00)
170.520 .... 640 packets received, 7729 bps, 96.62%, Err 0 (0.0e+00)
172.648 .... 648 packets received, 7729 bps, 96.61%, Err 0 (0.0e+00)
174.774 .... 656 packets received, 7729 bps, 96.61%, Err 0 (0.0e+00)
176.902 .... 664 packets received, 7728 bps, 96.60%, Err 0 (0.0e+00)
179.030 .... 672 packets received, 7728 bps, 96.60%, Err 0 (0.0e+00)
181.144 .... 680 packets received, 7728 bps, 96.60%, Err 0 (0.0e+00)
183.251 .... 688 packets received, 7729 bps, 96.61%, Err 0 (0.0e+00)
185.359 .... 696 packets received, 7729 bps, 96.62%, Err 0 (0.0e+00)
187.502 .... 704 packets received, 7728 bps, 96.60%, Err 0 (0.0e+00)
189.612 .... 712 packets received, 7729 bps, 96.61%, Err 0 (0.0e+00)
191.753 .... 720 packets received, 7728 bps, 96.60%, Err 0 (0.0e+00)
193.876 .... 728 packets received, 7728 bps, 96.60%, Err 0 (0.0e+00)
195.995 .... 736 packets received, 7728 bps, 96.60%, Err 0 (0.0e+00)
198.119 .... 744 packets received, 7728 bps, 96.60%, Err 0 (0.0e+00)
200.229 .... 752 packets received, 7728 bps, 96.60%, Err 0 (0.0e+00)
202.341 .... 760 packets received, 7728 bps, 96.60%, Err 0 (0.0e+00)
204.468 .... 768 packets received, 7728 bps, 96.60%, Err 0 (0.0e+00)
206.565 .... 776 packets received, 7729 bps, 96.61%, Err 0 (0.0e+00)
208.692 .... 784 packets received, 7729 bps, 96.61%, Err 0 (0.0e+00)
210.809 .... 792 packets received, 7729 bps, 96.61%, Err 0 (0.0e+00)
212.938 .... 800 packets received, 7728 bps, 96.61%, Err 0 (0.0e+00)
215.053 .... 808 packets received, 7729 bps, 96.61%, Err 0 (0.0e+00)
217.181 .... 816 packets received, 7728 bps, 96.60%, Err 0 (0.0e+00)
219.296 .... 824 packets received, 7729 bps, 96.61%, Err 0 (0.0e+00)
221.426 .... 832 packets received, 7728 bps, 96.60%, Err 0 (0.0e+00)
223.540 .... 840 packets received, 7728 bps, 96.60%, Err 0 (0.0e+00)
225.663 .... 848 packets received, 7728 bps, 96.60%, Err 0 (0.0e+00)
227.783 .... 856 packets received, 7728 bps, 96.60%, Err 0 (0.0e+00)
229.917 .... 864 packets received, 7728 bps, 96.60%, Err 0 (0.0e+00)
232.021 .... 872 packets received, 7728 bps, 96.60%, Err 0 (0.0e+00)
234.133 .... 880 packets received, 7729 bps, 96.61%, Err 0 (0.0e+00)
236.258 .... 888 packets received, 7728 bps, 96.61%, Err 0 (0.0e+00)
238.394 .... 896 packets received, 7728 bps, 96.60%, Err 0 (0.0e+00)
240.484 .... 904 packets received, 7729 bps, 96.61%, Err 0 (0.0e+00)
242.594 .... 912 packets received, 7729 bps, 96.61%, Err 0 (0.0e+00)
244.737 .... 920 packets received, 7728 bps, 96.61%, Err 0 (0.0e+00)
246.850 .... 928 packets received, 7729 bps, 96.61%, Err 0 (0.0e+00)
248.979 .... 936 packets received, 7728 bps, 96.60%, Err 0 (0.0e+00)
251.076 .... 944 packets received, 7729 bps, 96.61%, Err 0 (0.0e+00)
253.208 .... 952 packets received, 7729 bps, 96.61%, Err 0 (0.0e+00)
255.321 .... 960 packets received, 7729 bps, 96.61%, Err 0 (0.0e+00)
257.451 .... 968 packets received, 7729 bps, 96.61%, Err 0 (0.0e+00)
259.580 .... 976 packets received, 7728 bps, 96.60%, Err 0 (0.0e+00)
261.694 .... 984 packets received, 7729 bps, 96.61%, Err 0 (0.0e+00)
263.822 .... 992 packets received, 7728 bps, 96.60%, Err 0 (0.0e+00)
265.937 .... 1000 packets received, 7728 bps, 96.61%, Err 0 (0.0e+00)
268.051 .... 1008 packets received, 7729 bps, 96.61%, Err 0 (0.0e+00)
270.167 .... 1016 packets received, 7729 bps, 96.61%, Err 0 (0.0e+00)
272.296 .... 1024 packets received, 7728 bps, 96.61%, Err 0 (0.0e+00)
274.411 .... 1032 packets received, 7729 bps, 96.61%, Err 0 (0.0e+00)
276.538 .... 1040 packets received, 7728 bps, 96.61%, Err 0 (0.0e+00)
278.663 .... 1048 packets received, 7728 bps, 96.60%, Err 0 (0.0e+00)
280.763 .... 1056 packets received, 7729 bps, 96.61%, Err 0 (0.0e+00)
282.904 .... 1064 packets received, 7728 bps, 96.60%, Err 0 (0.0e+00)
285.003 .... 1072 packets received, 7729 bps, 96.61%, Err 0 (0.0e+00)
287.134 .... 1080 packets received, 7729 bps, 96.61%, Err 0 (0.0e+00)
289.264 .... 1088 packets received, 7728 bps, 96.60%, Err 0 (0.0e+00)
291.379 .... 1096 packets received, 7728 bps, 96.60%, Err 0 (0.0e+00)
293.492 .... 1104 packets received, 7729 bps, 96.61%, Err 0 (0.0e+00)
295.620 .... 1112 packets received, 7728 bps, 96.60%, Err 0 (0.0e+00)
297.734 .... 1120 packets received, 7729 bps, 96.61%, Err 0 (0.0e+00)
299.862 .... 1128 packets received, 7728 bps, 96.60%, Err 0 (0.0e+00)
301.988 .... 1136 packets received, 7728 bps, 96.60%, Err 0 (0.0e+00)
304.114 .... 1144 packets received, 7728 bps, 96.60%, Err 0 (0.0e+00)
306.210 .... 1152 packets received, 7729 bps, 96.61%, Err 0 (0.0e+00)
308.350 .... 1160 packets received, 7728 bps, 96.60%, Err 0 (0.0e+00)
310.475 .... 1168 packets received, 7728 bps, 96.60%, Err 0 (0.0e+00)
312.555 .... 1176 packets received, 7729 bps, 96.61%, Err 0 (0.0e+00)
314.698 .... 1184 packets received, 7728 bps, 96.61%, Err 0 (0.0e+00)
316.823 .... 1192 packets received, 7728 bps, 96.60%, Err 0 (0.0e+00)
318.949 .... 1200 packets received, 7728 bps, 96.60%, Err 0 (0.0e+00)
321.062 .... 1208 packets received, 7728 bps, 96.60%, Err 0 (0.0e+00)
323.173 .... 1216 packets received, 7729 bps, 96.61%, Err 0 (0.0e+00)
325.301 .... 1224 packets received, 7728 bps, 96.60%, Err 0 (0.0e+00)
327.410 .... 1232 packets received, 7729 bps, 96.61%, Err 0 (0.0e+00)
329.537 .... 1240 packets received, 7728 bps, 96.61%, Err 0 (0.0e+00)
331.661 .... 1248 packets received, 7728 bps, 96.60%, Err 0 (0.0e+00)
333.773 .... 1256 packets received, 7729 bps, 96.61%, Err 0 (0.0e+00)
335.898 .... 1264 packets received, 7728 bps, 96.60%, Err 0 (0.0e+00)
338.025 .... 1272 packets received, 7728 bps, 96.60%, Err 0 (0.0e+00)
340.149 .... 1280 packets received, 7728 bps, 96.60%, Err 0 (0.0e+00)
342.262 .... 1288 packets received, 7728 bps, 96.60%, Err 0 (0.0e+00)
344.386 .... 1296 packets received, 7728 bps, 96.60%, Err 0 (0.0e+00)
346.497 .... 1304 packets received, 7728 bps, 96.61%, Err 0 (0.0e+00)
348.622 .... 1312 packets received, 7728 bps, 96.60%, Err 0 (0.0e+00)
350.749 .... 1320 packets received, 7728 bps, 96.60%, Err 0 (0.0e+00)
352.859 .... 1328 packets received, 7728 bps, 96.60%, Err 0 (0.0e+00)
354.971 .... 1336 packets received, 7729 bps, 96.61%, Err 0 (0.0e+00)
357.108 .... 1344 packets received, 7728 bps, 96.60%, Err 0 (0.0e+00)
359.217 .... 1352 packets received, 7728 bps, 96.61%, Err 0 (0.0e+00)
361.343 .... 1360 packets received, 7728 bps, 96.60%, Err 0 (0.0e+00)
363.455 .... 1368 packets received, 7728 bps, 96.61%, Err 0 (0.0e+00)
365.580 .... 1376 packets received, 7728 bps, 96.60%, Err 0 (0.0e+00)
367.711 .... 1384 packets received, 7728 bps, 96.60%, Err 0 (0.0e+00)
369.824 .... 1392 packets received, 7728 bps, 96.60%, Err 0 (0.0e+00)
371.952 .... 1400 packets received, 7728 bps, 96.60%, Err 0 (0.0e+00)
374.068 .... 1408 packets received, 7728 bps, 96.60%, Err 0 (0.0e+00)
376.179 .... 1416 packets received, 7728 bps, 96.60%, Err 0 (0.0e+00)
378.296 .... 1424 packets received, 7728 bps, 96.61%, Err 0 (0.0e+00)
380.416 .... 1432 packets received, 7728 bps, 96.61%, Err 0 (0.0e+00)
382.537 .... 1440 packets received, 7728 bps, 96.61%, Err 0 (0.0e+00)
384.672 .... 1448 packets received, 7728 bps, 96.60%, Err 0 (0.0e+00)
386.773 .... 1456 packets received, 7728 bps, 96.61%, Err 0 (0.0e+00)
388.903 .... 1464 packets received, 7728 bps, 96.60%, Err 0 (0.0e+00)
391.005 .... 1472 packets received, 7729 bps, 96.61%, Err 0 (0.0e+00)
393.158 .... 1480 packets received, 7728 bps, 96.60%, Err 0 (0.0e+00)
395.272 .... 1488 packets received, 7728 bps, 96.60%, Err 0 (0.0e+00)
397.389 .... 1496 packets received, 7728 bps, 96.60%, Err 0 (0.0e+00)
399.500 .... 1504 packets received, 7728 bps, 96.60%, Err 0 (0.0e+00)
401.614 .... 1512 packets received, 7728 bps, 96.61%, Err 0 (0.0e+00)
403.741 .... 1520 packets received, 7728 bps, 96.60%, Err 0 (0.0e+00)
405.859 .... 1528 packets received, 7728 bps, 96.60%, Err 0 (0.0e+00)
407.992 .... 1536 packets received, 7728 bps, 96.60%, Err 0 (0.0e+00)
410.110 .... 1544 packets received, 7728 bps, 96.60%, Err 0 (0.0e+00)
412.225 .... 1552 packets received, 7728 bps, 96.60%, Err 0 (0.0e+00)
414.334 .... 1560 packets received, 7728 bps, 96.61%, Err 0 (0.0e+00)
416.464 .... 1568 packets received, 7728 bps, 96.60%, Err 0 (0.0e+00)
418.582 .... 1576 packets received, 7728 bps, 96.60%, Err 0 (0.0e+00)
420.697 .... 1584 packets received, 7728 bps, 96.60%, Err 0 (0.0e+00)
422.830 .... 1592 packets received, 7728 bps, 96.60%, Err 0 (0.0e+00)
424.947 .... 1600 packets received, 7728 bps, 96.60%, Err 0 (0.0e+00)
427.064 .... 1608 packets received, 7728 bps, 96.60%, Err 0 (0.0e+00)
429.180 .... 1616 packets received, 7728 bps, 96.60%, Err 0 (0.0e+00)
431.298 .... 1624 packets received, 7728 bps, 96.60%, Err 0 (0.0e+00)
433.411 .... 1632 packets received, 7728 bps, 96.61%, Err 0 (0.0e+00)
435.541 .... 1640 packets received, 7728 bps, 96.60%, Err 0 (0.0e+00)
437.657 .... 1648 packets received, 7728 bps, 96.60%, Err 0 (0.0e+00)
439.772 .... 1656 packets received, 7728 bps, 96.61%, Err 0 (0.0e+00)
441.904 .... 1664 packets received, 7728 bps, 96.60%, Err 0 (0.0e+00)
444.021 .... 1672 packets received, 7728 bps, 96.60%, Err 0 (0.0e+00)
446.141 .... 1680 packets received, 7728 bps, 96.60%, Err 0 (0.0e+00)
448.265 .... 1688 packets received, 7728 bps, 96.60%, Err 0 (0.0e+00)
450.387 .... 1696 packets received, 7728 bps, 96.60%, Err 0 (0.0e+00)
452.485 .... 1704 packets received, 7729 bps, 96.61%, Err 0 (0.0e+00)
454.624 .... 1712 packets received, 7728 bps, 96.60%, Err 0 (0.0e+00)
456.740 .... 1720 packets received, 7728 bps, 96.60%, Err 0 (0.0e+00)
458.838 .... 1728 packets received, 7729 bps, 96.61%, Err 0 (0.0e+00)
460.982 .... 1736 packets received, 7728 bps, 96.60%, Err 0 (0.0e+00)
463.093 .... 1744 packets received, 7728 bps, 96.61%, Err 0 (0.0e+00)
465.209 .... 1752 packets received, 7729 bps, 96.61%, Err 0 (0.0e+00)
467.333 .... 1760 packets received, 7728 bps, 96.61%, Err 0 (0.0e+00)
469.461 .... 1768 packets received, 7728 bps, 96.60%, Err 0 (0.0e+00)
471.560 .... 1776 packets received, 7729 bps, 96.61%, Err 0 (0.0e+00)
473.689 .... 1784 packets received, 7729 bps, 96.61%, Err 0 (0.0e+00)
475.822 .... 1792 packets received, 7728 bps, 96.60%, Err 0 (0.0e+00)
477.936 .... 1800 packets received, 7728 bps, 96.60%, Err 0 (0.0e+00)
480.049 .... 1808 packets received, 7729 bps, 96.61%, Err 0 (0.0e+00)
482.191 .... 1816 packets received, 7728 bps, 96.60%, Err 0 (0.0e+00)
484.304 .... 1824 packets received, 7728 bps, 96.60%, Err 0 (0.0e+00)
486.415 .... 1832 packets received, 7728 bps, 96.61%, Err 0 (0.0e+00)
488.529 .... 1840 packets received, 7729 bps, 96.61%, Err 0 (0.0e+00)
490.643 .... 1848 packets received, 7729 bps, 96.61%, Err 0 (0.0e+00)
492.771 .... 1856 packets received, 7728 bps, 96.61%, Err 0 (0.0e+00)
494.913 .... 1864 packets received, 7728 bps, 96.60%, Err 0 (0.0e+00)
497.011 .... 1872 packets received, 7728 bps, 96.61%, Err 0 (0.0e+00)
499.138 .... 1880 packets received, 7728 bps, 96.60%, Err 0 (0.0e+00)
501.264 .... 1888 packets received, 7728 bps, 96.60%, Err 0 (0.0e+00)
503.389 .... 1896 packets received, 7728 bps, 96.60%, Err 0 (0.0e+00)
505.499 .... 1904 packets received, 7728 bps, 96.60%, Err 0 (0.0e+00)
507.611 .... 1912 packets received, 7728 bps, 96.61%, Err 0 (0.0e+00)
509.735 .... 1920 packets received, 7728 bps, 96.61%, Err 0 (0.0e+00)
511.861 .... 1928 packets received, 7728 bps, 96.60%, Err 0 (0.0e+00)
513.973 .... 1936 packets received, 7728 bps, 96.61%, Err 0 (0.0e+00)
516.111 .... 1944 packets received, 7728 bps, 96.60%, Err 0 (0.0e+00)
518.235 .... 1952 packets received, 7728 bps, 96.60%, Err 0 (0.0e+00)
520.346 .... 1960 packets received, 7728 bps, 96.60%, Err 0 (0.0e+00)
522.465 .... 1968 packets received, 7728 bps, 96.60%, Err 0 (0.0e+00)
524.595 .... 1976 packets received, 7728 bps, 96.60%, Err 0 (0.0e+00)
526.708 .... 1984 packets received, 7728 bps, 96.60%, Err 0 (0.0e+00)
528.834 .... 1992 packets received, 7728 bps, 96.60%, Err 0 (0.0e+00)
530.945 .... 2000 packets received, 7728 bps, 96.60%, Err 0 (0.0e+00)
533.071 .... 2008 packets received, 7728 bps, 96.60%, Err 0 (0.0e+00)
535.181 .... 2016 packets received, 7728 bps, 96.60%, Err 0 (0.0e+00)
537.308 .... 2024 packets received, 7728 bps, 96.60%, Err 0 (0.0e+00)
539.419 .... 2032 packets received, 7728 bps, 96.60%, Err 0 (0.0e+00)
541.529 .... 2040 packets received, 7728 bps, 96.61%, Err 0 (0.0e+00)
543.671 .... 2048 packets received, 7728 bps, 96.60%, Err 0 (0.0e+00)
545.782 .... 2056 packets received, 7728 bps, 96.60%, Err 0 (0.0e+00)
547.894 .... 2064 packets received, 7728 bps, 96.61%, Err 0 (0.0e+00)
550.035 .... 2072 packets received, 7728 bps, 96.60%, Err 0 (0.0e+00)
552.147 .... 2080 packets received, 7728 bps, 96.60%, Err 0 (0.0e+00)
554.261 .... 2088 packets received, 7728 bps, 96.60%, Err 0 (0.0e+00)
556.382 .... 2096 packets received, 7728 bps, 96.60%, Err 0 (0.0e+00)
558.494 .... 2104 packets received, 7728 bps, 96.61%, Err 0 (0.0e+00)
560.603 .... 2112 packets received, 7729 bps, 96.61%, Err 0 (0.0e+00)
562.732 .... 2120 packets received, 7728 bps, 96.61%, Err 0 (0.0e+00)
564.870 .... 2128 packets received, 7728 bps, 96.60%, Err 0 (0.0e+00)
566.982 .... 2136 packets received, 7728 bps, 96.60%, Err 0 (0.0e+00)
569.092 .... 2144 packets received, 7728 bps, 96.61%, Err 0 (0.0e+00)
571.219 .... 2152 packets received, 7728 bps, 96.60%, Err 0 (0.0e+00)
573.332 .... 2160 packets received, 7728 bps, 96.61%, Err 0 (0.0e+00)
575.456 .... 2168 packets received, 7728 bps, 96.60%, Err 0 (0.0e+00)
577.597 .... 2176 packets received, 7728 bps, 96.60%, Err 0 (0.0e+00)
579.691 .... 2184 packets received, 7728 bps, 96.61%, Err 0 (0.0e+00)
581.832 .... 2192 packets received, 7728 bps, 96.60%, Err 0 (0.0e+00)
583.959 .... 2200 packets received, 7728 bps, 96.60%, Err 0 (0.0e+00)
586.037 .... 2208 packets received, 7729 bps, 96.61%, Err 0 (0.0e+00)
588.191 .... 2216 packets received, 7728 bps, 96.60%, Err 0 (0.0e+00)
590.303 .... 2224 packets received, 7728 bps, 96.60%, Err 0 (0.0e+00)
592.429 .... 2232 packets received, 7728 bps, 96.60%, Err 0 (0.0e+00)
594.540 .... 2240 packets received, 7728 bps, 96.60%, Err 0 (0.0e+00)
596.665 .... 2248 packets received, 7728 bps, 96.60%, Err 0 (0.0e+00)
598.791 .... 2256 packets received, 7728 bps, 96.60%, Err 0 (0.0e+00)
600.885 .... 2264 packets received, 7729 bps, 96.61%, Err 0 (0.0e+00)
603.014 .... 2272 packets received, 7728 bps, 96.61%, Err 0 (0.0e+00)
605.126 .... 2280 packets received, 7729 bps, 96.61%, Err 0 (0.0e+00)
607.237 .... 2288 packets received, 7729 bps, 96.61%, Err 0 (0.0e+00)
609.365 .... 2296 packets received, 7729 bps, 96.61%, Err 0 (0.0e+00)
611.490 .... 2304 packets received, 7728 bps, 96.61%, Err 0 (0.0e+00)
613.604 .... 2312 packets received, 7729 bps, 96.61%, Err 0 (0.0e+00)
615.733 .... 2320 packets received, 7728 bps, 96.61%, Err 0 (0.0e+00)
617.848 .... 2328 packets received, 7728 bps, 96.61%, Err 0 (0.0e+00)
619.978 .... 2336 packets received, 7728 bps, 96.60%, Err 0 (0.0e+00)
622.094 .... 2344 packets received, 7728 bps, 96.61%, Err 0 (0.0e+00)
624.221 .... 2352 packets received, 7728 bps, 96.60%, Err 0 (0.0e+00)
626.336 .... 2360 packets received, 7728 bps, 96.60%, Err 0 (0.0e+00)
628.463 .... 2368 packets received, 7728 bps, 96.60%, Err 0 (0.0e+00)
630.593 .... 2376 packets received, 7728 bps, 96.60%, Err 0 (0.0e+00)
632.704 .... 2384 packets received, 7728 bps, 96.60%, Err 0 (0.0e+00)
634.805 .... 2392 packets received, 7729 bps, 96.61%, Err 0 (0.0e+00)
636.922 .... 2400 packets received, 7729 bps, 96.61%, Err 0 (0.0e+00)
639.039 .... 2408 packets received, 7729 bps, 96.61%, Err 0 (0.0e+00)
641.170 .... 2416 packets received, 7728 bps, 96.61%, Err 0 (0.0e+00)
643.300 .... 2424 packets received, 7728 bps, 96.60%, Err 0 (0.0e+00)
645.428 .... 2432 packets received, 7728 bps, 96.60%, Err 0 (0.0e+00)
647.525 .... 2440 packets received, 7729 bps, 96.61%, Err 0 (0.0e+00)
649.653 .... 2448 packets received, 7728 bps, 96.61%, Err 0 (0.0e+00)
651.768 .... 2456 packets received, 7728 bps, 96.61%, Err 0 (0.0e+00)
653.897 .... 2464 packets received, 7728 bps, 96.60%, Err 0 (0.0e+00)
655.996 .... 2472 packets received, 7729 bps, 96.61%, Err 0 (0.0e+00)
658.123 .... 2480 packets received, 7729 bps, 96.61%, Err 0 (0.0e+00)
660.251 .... 2488 packets received, 7728 bps, 96.61%, Err 0 (0.0e+00)
662.380 .... 2496 packets received, 7728 bps, 96.60%, Err 0 (0.0e+00)
664.507 .... 2504 packets received, 7728 bps, 96.60%, Err 0 (0.0e+00)
666.621 .... 2512 packets received, 7728 bps, 96.60%, Err 0 (0.0e+00)
668.736 .... 2520 packets received, 7728 bps, 96.60%, Err 0 (0.0e+00)
670.851 .... 2528 packets received, 7728 bps, 96.61%, Err 0 (0.0e+00)
672.962 .... 2536 packets received, 7729 bps, 96.61%, Err 0 (0.0e+00)
675.091 .... 2544 packets received, 7728 bps, 96.61%, Err 0 (0.0e+00)
677.221 .... 2552 packets received, 7728 bps, 96.60%, Err 0 (0.0e+00)
679.335 .... 2560 packets received, 7728 bps, 96.60%, Err 0 (0.0e+00)
681.469 .... 2568 packets received, 7728 bps, 96.60%, Err 0 (0.0e+00)
683.582 .... 2576 packets received, 7728 bps, 96.60%, Err 0 (0.0e+00)
685.713 .... 2584 packets received, 7728 bps, 96.60%, Err 0 (0.0e+00)
687.809 .... 2592 packets received, 7728 bps, 96.61%, Err 0 (0.0e+00)
689.944 .... 2600 packets received, 7728 bps, 96.60%, Err 0 (0.0e+00)
692.060 .... 2608 packets received, 7728 bps, 96.60%, Err 0 (0.0e+00)
694.178 .... 2616 packets received, 7728 bps, 96.60%, Err 0 (0.0e+00)
696.314 .... 2624 packets received, 7728 bps, 96.60%, Err 0 (0.0e+00)
698.426 .... 2632 packets received, 7728 bps, 96.60%, Err 0 (0.0e+00)
700.551 .... 2640 packets received, 7728 bps, 96.60%, Err 0 (0.0e+00)
702.679 .... 2648 packets received, 7728 bps, 96.60%, Err 0 (0.0e+00)
704.774 .... 2656 packets received, 7728 bps, 96.60%, Err 0 (0.0e+00)
706.902 .... 2664 packets received, 7728 bps, 96.60%, Err 0 (0.0e+00)
709.024 .... 2672 packets received, 7728 bps, 96.60%, Err 0 (0.0e+00)
711.136 .... 2680 packets received, 7728 bps, 96.60%, Err 0 (0.0e+00)
713.265 .... 2688 packets received, 7728 bps, 96.60%, Err 0 (0.0e+00)
715.375 .... 2696 packets received, 7728 bps, 96.60%, Err 0 (0.0e+00)
717.505 .... 2704 packets received, 7728 bps, 96.60%, Err 0 (0.0e+00)
719.630 .... 2712 packets received, 7728 bps, 96.60%, Err 0 (0.0e+00)
721.742 .... 2720 packets received, 7728 bps, 96.60%, Err 0 (0.0e+00)
723.866 .... 2728 packets received, 7728 bps, 96.60%, Err 0 (0.0e+00)
725.991 .... 2736 packets received, 7728 bps, 96.60%, Err 0 (0.0e+00)
728.088 .... 2744 packets received, 7728 bps, 96.61%, Err 0 (0.0e+00)
730.215 .... 2752 packets received, 7728 bps, 96.60%, Err 0 (0.0e+00)
732.341 .... 2760 packets received, 7728 bps, 96.60%, Err 0 (0.0e+00)
734.470 .... 2768 packets received, 7728 bps, 96.60%, Err 0 (0.0e+00)
736.583 .... 2776 packets received, 7728 bps, 96.60%, Err 0 (0.0e+00)
738.710 .... 2784 packets received, 7728 bps, 96.60%, Err 0 (0.0e+00)
740.821 .... 2792 packets received, 7728 bps, 96.60%, Err 0 (0.0e+00)
742.931 .... 2800 packets received, 7728 bps, 96.61%, Err 0 (0.0e+00)
745.055 .... 2808 packets received, 7728 bps, 96.60%, Err 0 (0.0e+00)
747.184 .... 2816 packets received, 7728 bps, 96.60%, Err 0 (0.0e+00)
749.303 .... 2824 packets received, 7728 bps, 96.60%, Err 0 (0.0e+00)
751.428 .... 2832 packets received, 7728 bps, 96.60%, Err 0 (0.0e+00)
753.537 .... 2840 packets received, 7728 bps, 96.60%, Err 0 (0.0e+00)
755.677 .... 2848 packets received, 7728 bps, 96.60%, Err 0 (0.0e+00)
757.781 .... 2856 packets received, 7728 bps, 96.60%, Err 0 (0.0e+00)
759.895 .... 2864 packets received, 7728 bps, 96.60%, Err 0 (0.0e+00)
762.021 .... 2872 packets received, 7728 bps, 96.60%, Err 0 (0.0e+00)
764.135 .... 2880 packets received, 7728 bps, 96.60%, Err 0 (0.0e+00)
766.261 .... 2888 packets received, 7728 bps, 96.60%, Err 0 (0.0e+00)
768.387 .... 2896 packets received, 7728 bps, 96.60%, Err 0 (0.0e+00)
770.515 .... 2904 packets received, 7728 bps, 96.60%, Err 0 (0.0e+00)
772.627 .... 2912 packets received, 7728 bps, 96.60%, Err 0 (0.0e+00)
774.741 .... 2920 packets received, 7728 bps, 96.60%, Err 0 (0.0e+00)
776.867 .... 2928 packets received, 7728 bps, 96.60%, Err 0 (0.0e+00)
778.981 .... 2936 packets received, 7728 bps, 96.60%, Err 0 (0.0e+00)
781.091 .... 2944 packets received, 7728 bps, 96.61%, Err 0 (0.0e+00)
783.219 .... 2952 packets received, 7728 bps, 96.60%, Err 0 (0.0e+00)
785.331 .... 2960 packets received, 7728 bps, 96.61%, Err 0 (0.0e+00)
787.458 .... 2968 packets received, 7728 bps, 96.60%, Err 0 (0.0e+00)
789.571 .... 2976 packets received, 7728 bps, 96.61%, Err 0 (0.0e+00)
791.711 .... 2984 packets received, 7728 bps, 96.60%, Err 0 (0.0e+00)
793.823 .... 2992 packets received, 7728 bps, 96.60%, Err 0 (0.0e+00)
795.935 .... 3000 packets received, 7728 bps, 96.60%, Err 0 (0.0e+00)
798.074 .... 3008 packets received, 7728 bps, 96.60%, Err 0 (0.0e+00)
800.178 .... 3016 packets received, 7728 bps, 96.60%, Err 0 (0.0e+00)
802.275 .... 3024 packets received, 7729 bps, 96.61%, Err 0 (0.0e+00)
804.402 .... 3032 packets received, 7728 bps, 96.61%, Err 0 (0.0e+00)
806.546 .... 3040 packets received, 7728 bps, 96.60%, Err 0 (0.0e+00)
808.663 .... 3048 packets received, 7728 bps, 96.60%, Err 0 (0.0e+00)
810.773 .... 3056 packets received, 7728 bps, 96.60%, Err 0 (0.0e+00)
812.881 .... 3064 packets received, 7729 bps, 96.61%, Err 0 (0.0e+00)
815.034 .... 3072 packets received, 7728 bps, 96.60%, Err 0 (0.0e+00)
817.127 .... 3080 packets received, 7728 bps, 96.61%, Err 0 (0.0e+00)
819.256 .... 3088 packets received, 7728 bps, 96.60%, Err 0 (0.0e+00)
821.366 .... 3096 packets received, 7728 bps, 96.61%, Err 0 (0.0e+00)
823.479 .... 3104 packets received, 7729 bps, 96.61%, Err 0 (0.0e+00)
825.634 .... 3112 packets received, 7728 bps, 96.60%, Err 0 (0.0e+00)
827.718 .... 3120 packets received, 7729 bps, 96.61%, Err 0 (0.0e+00)
829.860 .... 3128 packets received, 7728 bps, 96.60%, Err 0 (0.0e+00)
831.957 .... 3136 packets received, 7729 bps, 96.61%, Err 0 (0.0e+00)
834.099 .... 3144 packets received, 7728 bps, 96.60%, Err 0 (0.0e+00)
836.196 .... 3152 packets received, 7729 bps, 96.61%, Err 0 (0.0e+00)
838.327 .... 3160 packets received, 7728 bps, 96.61%, Err 0 (0.0e+00)
840.439 .... 3168 packets received, 7729 bps, 96.61%, Err 0 (0.0e+00)
842.570 .... 3176 packets received, 7728 bps, 96.61%, Err 0 (0.0e+00)
844.713 .... 3184 packets received, 7728 bps, 96.60%, Err 0 (0.0e+00)
846.813 .... 3192 packets received, 7728 bps, 96.60%, Err 0 (0.0e+00)
848.917 .... 3200 packets received, 7729 bps, 96.61%, Err 0 (0.0e+00)
851.063 .... 3208 packets received, 7728 bps, 96.60%, Err 0 (0.0e+00)
853.160 .... 3216 packets received, 7729 bps, 96.61%, Err 0 (0.0e+00)
855.276 .... 3224 packets received, 7729 bps, 96.61%, Err 0 (0.0e+00)
857.428 .... 3232 packets received, 7728 bps, 96.60%, Err 0 (0.0e+00)
859.520 .... 3240 packets received, 7728 bps, 96.61%, Err 0 (0.0e+00)
861.649 .... 3248 packets received, 7728 bps, 96.61%, Err 0 (0.0e+00)
863.774 .... 3256 packets received, 7728 bps, 96.60%, Err 0 (0.0e+00)
865.896 .... 3264 packets received, 7728 bps, 96.60%, Err 0 (0.0e+00)
868.013 .... 3272 packets received, 7728 bps, 96.60%, Err 0 (0.0e+00)
870.129 .... 3280 packets received, 7728 bps, 96.61%, Err 0 (0.0e+00)
872.260 .... 3288 packets received, 7728 bps, 96.60%, Err 0 (0.0e+00)
874.364 .... 3296 packets received, 7728 bps, 96.61%, Err 0 (0.0e+00)
876.496 .... 3304 packets received, 7728 bps, 96.60%, Err 0 (0.0e+00)
878.612 .... 3312 packets received, 7728 bps, 96.60%, Err 0 (0.0e+00)
880.746 .... 3320 packets received, 7728 bps, 96.60%, Err 0 (0.0e+00)
882.850 .... 3328 packets received, 7728 bps, 96.61%, Err 0 (0.0e+00)
884.983 .... 3336 packets received, 7728 bps, 96.60%, Err 0 (0.0e+00)
887.087 .... 3344 packets received, 7728 bps, 96.61%, Err 0 (0.0e+00)
889.218 .... 3352 packets received, 7728 bps, 96.60%, Err 0 (0.0e+00)
891.323 .... 3360 packets received, 7728 bps, 96.61%, Err 0 (0.0e+00)
893.475 .... 3368 packets received, 7728 bps, 96.60%, Err 0 (0.0e+00)
895.579 .... 3376 packets received, 7728 bps, 96.60%, Err 0 (0.0e+00)
897.699 .... 3384 packets received, 7728 bps, 96.60%, Err 0 (0.0e+00)
899.795 .... 3392 packets received, 7729 bps, 96.61%, Err 0 (0.0e+00)
901.934 .... 3400 packets received, 7728 bps, 96.60%, Err 0 (0.0e+00)
904.054 .... 3408 packets received, 7728 bps, 96.60%, Err 0 (0.0e+00)
906.178 .... 3416 packets received, 7728 bps, 96.60%, Err 0 (0.0e+00)
908.289 .... 3424 packets received, 7728 bps, 96.61%, Err 0 (0.0e+00)
910.411 .... 3432 packets received, 7728 bps, 96.60%, Err 0 (0.0e+00)
912.539 .... 3440 packets received, 7728 bps, 96.60%, Err 0 (0.0e+00)
914.670 .... 3448 packets received, 7728 bps, 96.60%, Err 0 (0.0e+00)
916.787 .... 3456 packets received, 7728 bps, 96.60%, Err 0 (0.0e+00)
918.918 .... 3464 packets received, 7728 bps, 96.60%, Err 0 (0.0e+00)
921.005 .... 3472 packets received, 7728 bps, 96.61%, Err 0 (0.0e+00)
923.149 .... 3480 packets received, 7728 bps, 96.60%, Err 0 (0.0e+00)
925.261 .... 3488 packets received, 7728 bps, 96.60%, Err 0 (0.0e+00)
927.374 .... 3496 packets received, 7728 bps, 96.60%, Err 0 (0.0e+00)
929.488 .... 3504 packets received, 7728 bps, 96.61%, Err 0 (0.0e+00)
931.618 .... 3512 packets received, 7728 bps, 96.60%, Err 0 (0.0e+00)
933.745 .... 3520 packets received, 7728 bps, 96.60%, Err 0 (0.0e+00)
935.861 .... 3528 packets received, 7728 bps, 96.60%, Err 0 (0.0e+00)
937.974 .... 3536 packets received, 7728 bps, 96.60%, Err 0 (0.0e+00)
940.092 .... 3544 packets received, 7728 bps, 96.60%, Err 0 (0.0e+00)
942.207 .... 3552 packets received, 7728 bps, 96.61%, Err 0 (0.0e+00)
944.335 .... 3560 packets received, 7728 bps, 96.60%, Err 0 (0.0e+00)
946.450 .... 3568 packets received, 7728 bps, 96.60%, Err 0 (0.0e+00)
948.577 .... 3576 packets received, 7728 bps, 96.60%, Err 0 (0.0e+00)
950.689 .... 3584 packets received, 7728 bps, 96.61%, Err 0 (0.0e+00)
952.832 .... 3592 packets received, 7728 bps, 96.60%, Err 0 (0.0e+00)
954.931 .... 3600 packets received, 7728 bps, 96.60%, Err 0 (0.0e+00)
957.059 .... 3608 packets received, 7728 bps, 96.60%, Err 0 (0.0e+00)
959.175 .... 3616 packets received, 7728 bps, 96.60%, Err 0 (0.0e+00)
961.286 .... 3624 packets received, 7728 bps, 96.61%, Err 0 (0.0e+00)
963.398 .... 3632 packets received, 7728 bps, 96.61%, Err 0 (0.0e+00)
965.543 .... 3640 packets received, 7728 bps, 96.60%, Err 0 (0.0e+00)
967.659 .... 3648 packets received, 7728 bps, 96.60%, Err 0 (0.0e+00)
969.772 .... 3656 packets received, 7728 bps, 96.60%, Err 0 (0.0e+00)
971.901 .... 3664 packets received, 7728 bps, 96.60%, Err 0 (0.0e+00)
974.015 .... 3672 packets received, 7728 bps, 96.60%, Err 0 (0.0e+00)
976.130 .... 3680 packets received, 7728 bps, 96.60%, Err 0 (0.0e+00)
978.240 .... 3688 packets received, 7728 bps, 96.61%, Err 0 (0.0e+00)
980.367 .... 3696 packets received, 7728 bps, 96.61%, Err 0 (0.0e+00)
982.483 .... 3704 packets received, 7728 bps, 96.61%, Err 0 (0.0e+00)
984.610 .... 3712 packets received, 7728 bps, 96.60%, Err 0 (0.0e+00)
986.752 .... 3720 packets received, 7728 bps, 96.60%, Err 0 (0.0e+00)
988.868 .... 3728 packets received, 7728 bps, 96.60%, Err 0 (0.0e+00)
990.982 .... 3736 packets received, 7728 bps, 96.60%, Err 0 (0.0e+00)
993.095 .... 3744 packets received, 7728 bps, 96.60%, Err 0 (0.0e+00)
995.224 .... 3752 packets received, 7728 bps, 96.60%, Err 0 (0.0e+00)
997.337 .... 3760 packets received, 7728 bps, 96.60%, Err 0 (0.0e+00)
999.464 .... 3768 packets received, 7728 bps, 96.60%, Err 0 (0.0e+00)
1001.579 .... 3776 packets received, 7728 bps, 96.60%, Err 0 (0.0e+00)
1003.679 .... 3784 packets received, 7728 bps, 96.61%, Err 0 (0.0e+00)
1005.824 .... 3792 packets received, 7728 bps, 96.60%, Err 0 (0.0e+00)
1007.938 .... 3800 packets received, 7728 bps, 96.60%, Err 0 (0.0e+00)
1010.036 .... 3808 packets received, 7729 bps, 96.61%, Err 0 (0.0e+00)
1012.167 .... 3816 packets received, 7728 bps, 96.61%, Err 0 (0.0e+00)
1014.296 .... 3824 packets received, 7728 bps, 96.60%, Err 0 (0.0e+00)
1016.412 .... 3832 packets received, 7728 bps, 96.60%, Err 0 (0.0e+00)
1018.542 .... 3840 packets received, 7728 bps, 96.60%, Err 0 (0.0e+00)
1020.640 .... 3848 packets received, 7728 bps, 96.61%, Err 0 (0.0e+00)
1022.754 .... 3856 packets received, 7729 bps, 96.61%, Err 0 (0.0e+00)
1024.901 .... 3864 packets received, 7728 bps, 96.60%, Err 0 (0.0e+00)
1026.999 .... 3872 packets received, 7728 bps, 96.61%, Err 0 (0.0e+00)
1029.128 .... 3880 packets received, 7728 bps, 96.61%, Err 0 (0.0e+00)
1031.256 .... 3888 packets received, 7728 bps, 96.60%, Err 0 (0.0e+00)
1033.382 .... 3896 packets received, 7728 bps, 96.60%, Err 0 (0.0e+00)
1035.505 .... 3904 packets received, 7728 bps, 96.60%, Err 0 (0.0e+00)
1037.618 .... 3912 packets received, 7728 bps, 96.60%, Err 0 (0.0e+00)
1039.720 .... 3920 packets received, 7728 bps, 96.61%, Err 0 (0.0e+00)
1041.835 .... 3928 packets received, 7729 bps, 96.61%, Err 0 (0.0e+00)
1043.981 .... 3936 packets received, 7728 bps, 96.60%, Err 0 (0.0e+00)
1046.096 .... 3944 packets received, 7728 bps, 96.60%, Err 0 (0.0e+00)
1048.215 .... 3952 packets received, 7728 bps, 96.60%, Err 0 (0.0e+00)
1050.317 .... 3960 packets received, 7728 bps, 96.61%, Err 0 (0.0e+00)
1052.464 .... 3968 packets received, 7728 bps, 96.60%, Err 0 (0.0e+00)
1054.566 .... 3976 packets received, 7728 bps, 96.61%, Err 0 (0.0e+00)
1056.692 .... 3984 packets received, 7728 bps, 96.60%, Err 0 (0.0e+00)
1058.815 .... 3992 packets received, 7728 bps, 96.60%, Err 0 (0.0e+00)
1060.955 .... 4000 packets received, 7728 bps, 96.60%, Err 0 (0.0e+00)
1063.060 .... 4008 packets received, 7728 bps, 96.60%, Err 0 (0.0e+00)
1065.172 .... 4016 packets received, 7728 bps, 96.60%, Err 0 (0.0e+00)
1067.290 .... 4024 packets received, 7728 bps, 96.60%, Err 0 (0.0e+00)
1069.405 .... 4032 packets received, 7728 bps, 96.61%, Err 0 (0.0e+00)
1071.520 .... 4040 packets received, 7728 bps, 96.61%, Err 0 (0.0e+00)
1073.669 .... 4048 packets received, 7728 bps, 96.60%, Err 0 (0.0e+00)
1075.770 .... 4056 packets received, 7728 bps, 96.60%, Err 0 (0.0e+00)
1077.897 .... 4064 packets received, 7728 bps, 96.60%, Err 0 (0.0e+00)
1079.999 .... 4072 packets received, 7728 bps, 96.61%, Err 0 (0.0e+00)
1082.144 .... 4080 packets received, 7728 bps, 96.60%, Err 0 (0.0e+00)
1084.247 .... 4088 packets received, 7728 bps, 96.61%, Err 0 (0.0e+00)
1086.380 .... 4096 packets received, 7728 bps, 96.60%, Err 0 (0.0e+00)
1088.495 .... 4104 packets received, 7728 bps, 96.60%, Err 0 (0.0e+00)
1090.611 .... 4112 packets received, 7728 bps, 96.60%, Err 0 (0.0e+00)
1092.728 .... 4120 packets received, 7728 bps, 96.61%, Err 0 (0.0e+00)
1094.861 .... 4128 packets received, 7728 bps, 96.60%, Err 0 (0.0e+00)
1096.961 .... 4136 packets received, 7728 bps, 96.61%, Err 0 (0.0e+00)
1099.107 .... 4144 packets received, 7728 bps, 96.60%, Err 0 (0.0e+00)
1101.211 .... 4152 packets received, 7728 bps, 96.60%, Err 0 (0.0e+00)
1103.325 .... 4160 packets received, 7728 bps, 96.61%, Err 0 (0.0e+00)
1105.440 .... 4168 packets received, 7728 bps, 96.61%, Err 0 (0.0e+00)
1107.569 .... 4176 packets received, 7728 bps, 96.60%, Err 0 (0.0e+00)
1109.716 .... 4184 packets received, 7728 bps, 96.60%, Err 0 (0.0e+00)
1111.800 .... 4192 packets received, 7728 bps, 96.61%, Err 0 (0.0e+00)
1113.931 .... 4200 packets received, 7728 bps, 96.60%, Err 0 (0.0e+00)
1116.044 .... 4208 packets received, 7728 bps, 96.61%, Err 0 (0.0e+00)
1118.173 .... 4216 packets received, 7728 bps, 96.60%, Err 0 (0.0e+00)
1120.304 .... 4224 packets received, 7728 bps, 96.60%, Err 0 (0.0e+00)
1122.414 .... 4232 packets received, 7728 bps, 96.60%, Err 0 (0.0e+00)
1124.529 .... 4240 packets received, 7728 bps, 96.60%, Err 0 (0.0e+00)
1126.658 .... 4248 packets received, 7728 bps, 96.60%, Err 0 (0.0e+00)
1128.758 .... 4256 packets received, 7728 bps, 96.61%, Err 0 (0.0e+00)
1130.901 .... 4264 packets received, 7728 bps, 96.60%, Err 0 (0.0e+00)
1133.031 .... 4272 packets received, 7728 bps, 96.60%, Err 0 (0.0e+00)
1135.131 .... 4280 packets received, 7728 bps, 96.60%, Err 0 (0.0e+00)
1137.274 .... 4288 packets received, 7728 bps, 96.60%, Err 0 (0.0e+00)
1139.371 .... 4296 packets received, 7728 bps, 96.60%, Err 0 (0.0e+00)
1141.502 .... 4304 packets received, 7728 bps, 96.60%, Err 0 (0.0e+00)
1143.601 .... 4312 packets received, 7728 bps, 96.61%, Err 0 (0.0e+00)
1145.743 .... 4320 packets received, 7728 bps, 96.60%, Err 0 (0.0e+00)
1147.856 .... 4328 packets received, 7728 bps, 96.60%, Err 0 (0.0e+00)
1149.990 .... 4336 packets received, 7728 bps, 96.60%, Err 0 (0.0e+00)
1152.104 .... 4344 packets received, 7728 bps, 96.60%, Err 0 (0.0e+00)
1154.233 .... 4352 packets received, 7728 bps, 96.60%, Err 0 (0.0e+00)
1156.345 .... 4360 packets received, 7728 bps, 96.60%, Err 0 (0.0e+00)
1158.473 .... 4368 packets received, 7728 bps, 96.60%, Err 0 (0.0e+00)
1160.585 .... 4376 packets received, 7728 bps, 96.60%, Err 0 (0.0e+00)
1162.711 .... 4384 packets received, 7728 bps, 96.60%, Err 0 (0.0e+00)
1164.823 .... 4392 packets received, 7728 bps, 96.60%, Err 0 (0.0e+00)
1166.951 .... 4400 packets received, 7728 bps, 96.60%, Err 0 (0.0e+00)
1169.050 .... 4408 packets received, 7728 bps, 96.60%, Err 0 (0.0e+00)
1171.177 .... 4416 packets received, 7728 bps, 96.60%, Err 0 (0.0e+00)
1173.288 .... 4424 packets received, 7728 bps, 96.60%, Err 0 (0.0e+00)
1175.431 .... 4432 packets received, 7728 bps, 96.60%, Err 0 (0.0e+00)
1177.542 .... 4440 packets received, 7728 bps, 96.60%, Err 0 (0.0e+00)
1179.660 .... 4448 packets received, 7728 bps, 96.60%, Err 0 (0.0e+00)
1181.783 .... 4456 packets received, 7728 bps, 96.60%, Err 0 (0.0e+00)
1183.889 .... 4464 packets received, 7728 bps, 96.60%, Err 0 (0.0e+00)
1186.030 .... 4472 packets received, 7728 bps, 96.60%, Err 0 (0.0e+00)
1188.152 .... 4480 packets received, 7728 bps, 96.60%, Err 0 (0.0e+00)
1190.255 .... 4488 packets received, 7728 bps, 96.60%, Err 0 (0.0e+00)
1192.384 .... 4496 packets received, 7728 bps, 96.60%, Err 0 (0.0e+00)
1194.509 .... 4504 packets received, 7728 bps, 96.60%, Err 0 (0.0e+00)
1196.636 .... 4512 packets received, 7728 bps, 96.60%, Err 0 (0.0e+00)
1198.744 .... 4520 packets received, 7728 bps, 96.60%, Err 0 (0.0e+00)
1200.019 Quit.
