000.000 =============================================================
000.000                     Station A                               
000.000 -------------------------------------------------------------
000.000 Protocol.lib, version 4.0, jiangyanjun0718@bupt.edu.cn
000.000 Channel: 8000 bps, 270 ms propagation delay, bit error rate 0
000.000 Log file "ufA.log", TCP port 30013, debug mask 0x00
000.000 Station A is waiting for station B on TCP port 30013 ... Done.
000.656 New epoch: Thu May 16 16:33:37 2019
000.656 =================================================================
000.656 
000.656 Designed by CJSoft, build: May 16 2019  16:33:08
003.070 .... 8 packets received, 7656 bps, 95.70%, Err 0 (0.0e+00)
005.184 .... 16 packets received, 7703 bps, 96.29%, Err 0 (0.0e+00)
007.295 .... 24 packets received, 7722 bps, 96.53%, Err 0 (0.0e+00)
009.423 .... 32 packets received, 7716 bps, 96.46%, Err 0 (0.0e+00)
011.541 .... 40 packets received, 7720 bps, 96.50%, Err 0 (0.0e+00)
013.669 .... 48 packets received, 7717 bps, 96.46%, Err 0 (0.0e+00)
015.769 .... 56 packets received, 7729 bps, 96.61%, Err 0 (0.0e+00)
017.900 .... 64 packets received, 7724 bps, 96.55%, Err 0 (0.0e+00)
020.015 .... 72 packets received, 7726 bps, 96.58%, Err 0 (0.0e+00)
022.130 .... 80 packets received, 7728 bps, 96.60%, Err 0 (0.0e+00)
024.260 .... 88 packets received, 7725 bps, 96.56%, Err 0 (0.0e+00)
026.374 .... 96 packets received, 7727 bps, 96.59%, Err 0 (0.0e+00)
028.505 .... 104 packets received, 7724 bps, 96.55%, Err 0 (0.0e+00)
030.606 .... 112 packets received, 7729 bps, 96.62%, Err 0 (0.0e+00)
032.736 .... 120 packets received, 7727 bps, 96.59%, Err 0 (0.0e+00)
034.849 .... 128 packets received, 7729 bps, 96.61%, Err 0 (0.0e+00)
036.977 .... 136 packets received, 7727 bps, 96.59%, Err 0 (0.0e+00)
039.107 .... 144 packets received, 7725 bps, 96.56%, Err 0 (0.0e+00)
041.221 .... 152 packets received, 7726 bps, 96.58%, Err 0 (0.0e+00)
043.341 .... 160 packets received, 7726 bps, 96.58%, Err 0 (0.0e+00)
045.441 .... 168 packets received, 7730 bps, 96.62%, Err 0 (0.0e+00)
047.582 .... 176 packets received, 7726 bps, 96.58%, Err 0 (0.0e+00)
049.710 .... 184 packets received, 7725 bps, 96.56%, Err 0 (0.0e+00)
051.840 .... 192 packets received, 7724 bps, 96.55%, Err 0 (0.0e+00)
053.940 .... 200 packets received, 7727 bps, 96.59%, Err 0 (0.0e+00)
056.038 .... 208 packets received, 7730 bps, 96.62%, Err 0 (0.0e+00)
058.168 .... 216 packets received, 7729 bps, 96.61%, Err 0 (0.0e+00)
060.299 .... 224 packets received, 7727 bps, 96.59%, Err 0 (0.0e+00)
062.414 .... 232 packets received, 7728 bps, 96.60%, Err 0 (0.0e+00)
064.544 .... 240 packets received, 7727 bps, 96.58%, Err 0 (0.0e+00)
066.659 .... 248 packets received, 7727 bps, 96.59%, Err 0 (0.0e+00)
068.774 .... 256 packets received, 7728 bps, 96.60%, Err 0 (0.0e+00)
070.904 .... 264 packets received, 7727 bps, 96.58%, Err 0 (0.0e+00)
073.004 .... 272 packets received, 7729 bps, 96.61%, Err 0 (0.0e+00)
075.118 .... 280 packets received, 7730 bps, 96.62%, Err 0 (0.0e+00)
077.262 .... 288 packets received, 7727 bps, 96.59%, Err 0 (0.0e+00)
079.376 .... 296 packets received, 7728 bps, 96.60%, Err 0 (0.0e+00)
081.492 .... 304 packets received, 7728 bps, 96.60%, Err 0 (0.0e+00)
083.604 .... 312 packets received, 7729 bps, 96.61%, Err 0 (0.0e+00)
085.743 .... 320 packets received, 7727 bps, 96.59%, Err 0 (0.0e+00)
087.871 .... 328 packets received, 7726 bps, 96.58%, Err 0 (0.0e+00)
089.970 .... 336 packets received, 7728 bps, 96.60%, Err 0 (0.0e+00)
092.083 .... 344 packets received, 7729 bps, 96.61%, Err 0 (0.0e+00)
094.214 .... 352 packets received, 7728 bps, 96.60%, Err 0 (0.0e+00)
096.347 .... 360 packets received, 7727 bps, 96.59%, Err 0 (0.0e+00)
098.463 .... 368 packets received, 7727 bps, 96.59%, Err 0 (0.0e+00)
100.573 .... 376 packets received, 7728 bps, 96.60%, Err 0 (0.0e+00)
102.686 .... 384 packets received, 7729 bps, 96.61%, Err 0 (0.0e+00)
104.812 .... 392 packets received, 7728 bps, 96.60%, Err 0 (0.0e+00)
106.924 .... 400 packets received, 7729 bps, 96.61%, Err 0 (0.0e+00)
109.052 .... 408 packets received, 7728 bps, 96.60%, Err 0 (0.0e+00)
111.176 .... 416 packets received, 7728 bps, 96.60%, Err 0 (0.0e+00)
113.304 .... 424 packets received, 7727 bps, 96.59%, Err 0 (0.0e+00)
115.401 .... 432 packets received, 7729 bps, 96.61%, Err 0 (0.0e+00)
117.543 .... 440 packets received, 7727 bps, 96.59%, Err 0 (0.0e+00)
119.670 .... 448 packets received, 7727 bps, 96.59%, Err 0 (0.0e+00)
121.792 .... 456 packets received, 7727 bps, 96.59%, Err 0 (0.0e+00)
123.903 .... 464 packets received, 7727 bps, 96.59%, Err 0 (0.0e+00)
126.015 .... 472 packets received, 7728 bps, 96.60%, Err 0 (0.0e+00)
128.126 .... 480 packets received, 7729 bps, 96.61%, Err 0 (0.0e+00)
130.237 .... 488 packets received, 7729 bps, 96.61%, Err 0 (0.0e+00)
132.393 .... 496 packets received, 7727 bps, 96.59%, Err 0 (0.0e+00)
134.486 .... 504 packets received, 7729 bps, 96.61%, Err 0 (0.0e+00)
136.613 .... 512 packets received, 7728 bps, 96.60%, Err 0 (0.0e+00)
138.746 .... 520 packets received, 7727 bps, 96.59%, Err 0 (0.0e+00)
140.856 .... 528 packets received, 7728 bps, 96.60%, Err 0 (0.0e+00)
142.984 .... 536 packets received, 7728 bps, 96.59%, Err 0 (0.0e+00)
145.081 .... 544 packets received, 7729 bps, 96.61%, Err 0 (0.0e+00)
147.201 .... 552 packets received, 7729 bps, 96.61%, Err 0 (0.0e+00)
149.327 .... 560 packets received, 7728 bps, 96.61%, Err 0 (0.0e+00)
151.451 .... 568 packets received, 7728 bps, 96.60%, Err 0 (0.0e+00)
153.591 .... 576 packets received, 7727 bps, 96.59%, Err 0 (0.0e+00)
155.694 .... 584 packets received, 7728 bps, 96.60%, Err 0 (0.0e+00)
157.815 .... 592 packets received, 7728 bps, 96.60%, Err 0 (0.0e+00)
159.941 .... 600 packets received, 7728 bps, 96.60%, Err 0 (0.0e+00)
162.049 .... 608 packets received, 7728 bps, 96.60%, Err 0 (0.0e+00)
164.157 .... 616 packets received, 7729 bps, 96.61%, Err 0 (0.0e+00)
166.299 .... 624 packets received, 7728 bps, 96.60%, Err 0 (0.0e+00)
168.408 .... 632 packets received, 7728 bps, 96.60%, Err 0 (0.0e+00)
170.520 .... 640 packets received, 7729 bps, 96.61%, Err 0 (0.0e+00)
172.648 .... 648 packets received, 7728 bps, 96.60%, Err 0 (0.0e+00)
174.774 .... 656 packets received, 7728 bps, 96.60%, Err 0 (0.0e+00)
176.902 .... 664 packets received, 7728 bps, 96.60%, Err 0 (0.0e+00)
179.019 .... 672 packets received, 7728 bps, 96.60%, Err 0 (0.0e+00)
181.155 .... 680 packets received, 7727 bps, 96.59%, Err 0 (0.0e+00)
183.236 .... 688 packets received, 7729 bps, 96.61%, Err 0 (0.0e+00)
185.374 .... 696 packets received, 7728 bps, 96.60%, Err 0 (0.0e+00)
187.502 .... 704 packets received, 7728 bps, 96.60%, Err 0 (0.0e+00)
189.612 .... 712 packets received, 7728 bps, 96.60%, Err 0 (0.0e+00)
191.753 .... 720 packets received, 7727 bps, 96.59%, Err 0 (0.0e+00)
193.861 .... 728 packets received, 7728 bps, 96.60%, Err 0 (0.0e+00)
195.995 .... 736 packets received, 7727 bps, 96.59%, Err 0 (0.0e+00)
198.103 .... 744 packets received, 7728 bps, 96.60%, Err 0 (0.0e+00)
200.214 .... 752 packets received, 7728 bps, 96.60%, Err 0 (0.0e+00)
202.356 .... 760 packets received, 7727 bps, 96.59%, Err 0 (0.0e+00)
204.468 .... 768 packets received, 7728 bps, 96.60%, Err 0 (0.0e+00)
206.596 .... 776 packets received, 7727 bps, 96.59%, Err 0 (0.0e+00)
208.707 .... 784 packets received, 7728 bps, 96.60%, Err 0 (0.0e+00)
210.821 .... 792 packets received, 7728 bps, 96.60%, Err 0 (0.0e+00)
212.948 .... 800 packets received, 7728 bps, 96.60%, Err 0 (0.0e+00)
215.076 .... 808 packets received, 7727 bps, 96.59%, Err 0 (0.0e+00)
217.190 .... 816 packets received, 7728 bps, 96.59%, Err 0 (0.0e+00)
219.303 .... 824 packets received, 7728 bps, 96.60%, Err 0 (0.0e+00)
221.431 .... 832 packets received, 7728 bps, 96.59%, Err 0 (0.0e+00)
223.543 .... 840 packets received, 7728 bps, 96.60%, Err 0 (0.0e+00)
225.665 .... 848 packets received, 7728 bps, 96.60%, Err 0 (0.0e+00)
227.798 .... 856 packets received, 7727 bps, 96.59%, Err 0 (0.0e+00)
229.902 .... 864 packets received, 7728 bps, 96.60%, Err 0 (0.0e+00)
232.020 .... 872 packets received, 7728 bps, 96.60%, Err 0 (0.0e+00)
234.134 .... 880 packets received, 7728 bps, 96.60%, Err 0 (0.0e+00)
236.256 .... 888 packets received, 7728 bps, 96.60%, Err 0 (0.0e+00)
238.379 .... 896 packets received, 7728 bps, 96.60%, Err 0 (0.0e+00)
240.499 .... 904 packets received, 7728 bps, 96.60%, Err 0 (0.0e+00)
242.611 .... 912 packets received, 7728 bps, 96.60%, Err 0 (0.0e+00)
244.752 .... 920 packets received, 7728 bps, 96.60%, Err 0 (0.0e+00)
246.865 .... 928 packets received, 7728 bps, 96.60%, Err 0 (0.0e+00)
248.963 .... 936 packets received, 7729 bps, 96.61%, Err 0 (0.0e+00)
251.076 .... 944 packets received, 7729 bps, 96.61%, Err 0 (0.0e+00)
253.223 .... 952 packets received, 7728 bps, 96.60%, Err 0 (0.0e+00)
255.337 .... 960 packets received, 7728 bps, 96.60%, Err 0 (0.0e+00)
257.451 .... 968 packets received, 7728 bps, 96.60%, Err 0 (0.0e+00)
259.580 .... 976 packets received, 7728 bps, 96.60%, Err 0 (0.0e+00)
261.694 .... 984 packets received, 7728 bps, 96.60%, Err 0 (0.0e+00)
263.838 .... 992 packets received, 7728 bps, 96.59%, Err 0 (0.0e+00)
265.937 .... 1000 packets received, 7728 bps, 96.60%, Err 0 (0.0e+00)
268.051 .... 1008 packets received, 7728 bps, 96.60%, Err 0 (0.0e+00)
270.167 .... 1016 packets received, 7728 bps, 96.60%, Err 0 (0.0e+00)
272.280 .... 1024 packets received, 7729 bps, 96.61%, Err 0 (0.0e+00)
274.411 .... 1032 packets received, 7728 bps, 96.60%, Err 0 (0.0e+00)
276.522 .... 1040 packets received, 7729 bps, 96.61%, Err 0 (0.0e+00)
278.663 .... 1048 packets received, 7728 bps, 96.60%, Err 0 (0.0e+00)
280.764 .... 1056 packets received, 7728 bps, 96.61%, Err 0 (0.0e+00)
282.889 .... 1064 packets received, 7728 bps, 96.60%, Err 0 (0.0e+00)
285.003 .... 1072 packets received, 7728 bps, 96.61%, Err 0 (0.0e+00)
287.118 .... 1080 packets received, 7729 bps, 96.61%, Err 0 (0.0e+00)
289.248 .... 1088 packets received, 7728 bps, 96.60%, Err 0 (0.0e+00)
291.379 .... 1096 packets received, 7728 bps, 96.60%, Err 0 (0.0e+00)
293.477 .... 1104 packets received, 7729 bps, 96.61%, Err 0 (0.0e+00)
295.605 .... 1112 packets received, 7728 bps, 96.61%, Err 0 (0.0e+00)
297.734 .... 1120 packets received, 7728 bps, 96.60%, Err 0 (0.0e+00)
299.862 .... 1128 packets received, 7728 bps, 96.60%, Err 0 (0.0e+00)
301.989 .... 1136 packets received, 7728 bps, 96.60%, Err 0 (0.0e+00)
304.115 .... 1144 packets received, 7728 bps, 96.60%, Err 0 (0.0e+00)
306.210 .... 1152 packets received, 7728 bps, 96.60%, Err 0 (0.0e+00)
308.334 .... 1160 packets received, 7728 bps, 96.60%, Err 0 (0.0e+00)
310.444 .... 1168 packets received, 7728 bps, 96.61%, Err 0 (0.0e+00)
312.570 .... 1176 packets received, 7728 bps, 96.60%, Err 0 (0.0e+00)
314.683 .... 1184 packets received, 7728 bps, 96.61%, Err 0 (0.0e+00)
316.808 .... 1192 packets received, 7728 bps, 96.60%, Err 0 (0.0e+00)
318.934 .... 1200 packets received, 7728 bps, 96.60%, Err 0 (0.0e+00)
321.062 .... 1208 packets received, 7728 bps, 96.60%, Err 0 (0.0e+00)
323.173 .... 1216 packets received, 7728 bps, 96.60%, Err 0 (0.0e+00)
325.301 .... 1224 packets received, 7728 bps, 96.60%, Err 0 (0.0e+00)
327.411 .... 1232 packets received, 7728 bps, 96.60%, Err 0 (0.0e+00)
329.521 .... 1240 packets received, 7729 bps, 96.61%, Err 0 (0.0e+00)
331.661 .... 1248 packets received, 7728 bps, 96.60%, Err 0 (0.0e+00)
333.773 .... 1256 packets received, 7728 bps, 96.60%, Err 0 (0.0e+00)
335.899 .... 1264 packets received, 7728 bps, 96.60%, Err 0 (0.0e+00)
338.025 .... 1272 packets received, 7728 bps, 96.60%, Err 0 (0.0e+00)
340.149 .... 1280 packets received, 7728 bps, 96.60%, Err 0 (0.0e+00)
342.262 .... 1288 packets received, 7728 bps, 96.60%, Err 0 (0.0e+00)
344.371 .... 1296 packets received, 7728 bps, 96.60%, Err 0 (0.0e+00)
346.497 .... 1304 packets received, 7728 bps, 96.60%, Err 0 (0.0e+00)
348.606 .... 1312 packets received, 7728 bps, 96.60%, Err 0 (0.0e+00)
350.734 .... 1320 packets received, 7728 bps, 96.60%, Err 0 (0.0e+00)
352.859 .... 1328 packets received, 7728 bps, 96.60%, Err 0 (0.0e+00)
354.956 .... 1336 packets received, 7729 bps, 96.61%, Err 0 (0.0e+00)
357.093 .... 1344 packets received, 7728 bps, 96.60%, Err 0 (0.0e+00)
359.202 .... 1352 packets received, 7728 bps, 96.61%, Err 0 (0.0e+00)
361.343 .... 1360 packets received, 7728 bps, 96.60%, Err 0 (0.0e+00)
363.455 .... 1368 packets received, 7728 bps, 96.60%, Err 0 (0.0e+00)
365.580 .... 1376 packets received, 7728 bps, 96.60%, Err 0 (0.0e+00)
367.711 .... 1384 packets received, 7728 bps, 96.60%, Err 0 (0.0e+00)
369.824 .... 1392 packets received, 7728 bps, 96.60%, Err 0 (0.0e+00)
371.953 .... 1400 packets received, 7728 bps, 96.60%, Err 0 (0.0e+00)
374.044 .... 1408 packets received, 7728 bps, 96.61%, Err 0 (0.0e+00)
376.191 .... 1416 packets received, 7728 bps, 96.60%, Err 0 (0.0e+00)
378.297 .... 1424 packets received, 7728 bps, 96.60%, Err 0 (0.0e+00)
380.431 .... 1432 packets received, 7728 bps, 96.60%, Err 0 (0.0e+00)
382.522 .... 1440 packets received, 7728 bps, 96.61%, Err 0 (0.0e+00)
384.657 .... 1448 packets received, 7728 bps, 96.60%, Err 0 (0.0e+00)
386.788 .... 1456 packets received, 7728 bps, 96.60%, Err 0 (0.0e+00)
388.919 .... 1464 packets received, 7728 bps, 96.60%, Err 0 (0.0e+00)
391.020 .... 1472 packets received, 7728 bps, 96.60%, Err 0 (0.0e+00)
393.158 .... 1480 packets received, 7728 bps, 96.60%, Err 0 (0.0e+00)
395.272 .... 1488 packets received, 7728 bps, 96.60%, Err 0 (0.0e+00)
397.383 .... 1496 packets received, 7728 bps, 96.60%, Err 0 (0.0e+00)
399.495 .... 1504 packets received, 7728 bps, 96.60%, Err 0 (0.0e+00)
401.611 .... 1512 packets received, 7728 bps, 96.60%, Err 0 (0.0e+00)
403.756 .... 1520 packets received, 7728 bps, 96.60%, Err 0 (0.0e+00)
405.874 .... 1528 packets received, 7728 bps, 96.60%, Err 0 (0.0e+00)
407.992 .... 1536 packets received, 7728 bps, 96.60%, Err 0 (0.0e+00)
410.110 .... 1544 packets received, 7728 bps, 96.60%, Err 0 (0.0e+00)
412.210 .... 1552 packets received, 7728 bps, 96.60%, Err 0 (0.0e+00)
414.333 .... 1560 packets received, 7728 bps, 96.60%, Err 0 (0.0e+00)
416.475 .... 1568 packets received, 7728 bps, 96.60%, Err 0 (0.0e+00)
418.588 .... 1576 packets received, 7728 bps, 96.60%, Err 0 (0.0e+00)
420.706 .... 1584 packets received, 7728 bps, 96.60%, Err 0 (0.0e+00)
422.822 .... 1592 packets received, 7728 bps, 96.60%, Err 0 (0.0e+00)
424.941 .... 1600 packets received, 7728 bps, 96.60%, Err 0 (0.0e+00)
427.073 .... 1608 packets received, 7728 bps, 96.60%, Err 0 (0.0e+00)
429.176 .... 1616 packets received, 7728 bps, 96.60%, Err 0 (0.0e+00)
431.291 .... 1624 packets received, 7728 bps, 96.60%, Err 0 (0.0e+00)
433.436 .... 1632 packets received, 7728 bps, 96.60%, Err 0 (0.0e+00)
435.536 .... 1640 packets received, 7728 bps, 96.60%, Err 0 (0.0e+00)
437.653 .... 1648 packets received, 7728 bps, 96.60%, Err 0 (0.0e+00)
439.770 .... 1656 packets received, 7728 bps, 96.60%, Err 0 (0.0e+00)
441.912 .... 1664 packets received, 7728 bps, 96.60%, Err 0 (0.0e+00)
444.027 .... 1672 packets received, 7728 bps, 96.60%, Err 0 (0.0e+00)
446.146 .... 1680 packets received, 7728 bps, 96.60%, Err 0 (0.0e+00)
448.272 .... 1688 packets received, 7728 bps, 96.60%, Err 0 (0.0e+00)
450.368 .... 1696 packets received, 7728 bps, 96.60%, Err 0 (0.0e+00)
452.495 .... 1704 packets received, 7728 bps, 96.60%, Err 0 (0.0e+00)
454.624 .... 1712 packets received, 7728 bps, 96.60%, Err 0 (0.0e+00)
456.739 .... 1720 packets received, 7728 bps, 96.60%, Err 0 (0.0e+00)
458.838 .... 1728 packets received, 7729 bps, 96.61%, Err 0 (0.0e+00)
460.967 .... 1736 packets received, 7728 bps, 96.60%, Err 0 (0.0e+00)
463.093 .... 1744 packets received, 7728 bps, 96.60%, Err 0 (0.0e+00)
465.209 .... 1752 packets received, 7728 bps, 96.60%, Err 0 (0.0e+00)
467.318 .... 1760 packets received, 7729 bps, 96.61%, Err 0 (0.0e+00)
469.461 .... 1768 packets received, 7728 bps, 96.60%, Err 0 (0.0e+00)
471.560 .... 1776 packets received, 7728 bps, 96.61%, Err 0 (0.0e+00)
473.705 .... 1784 packets received, 7728 bps, 96.60%, Err 0 (0.0e+00)
475.822 .... 1792 packets received, 7728 bps, 96.60%, Err 0 (0.0e+00)
477.937 .... 1800 packets received, 7728 bps, 96.60%, Err 0 (0.0e+00)
480.049 .... 1808 packets received, 7728 bps, 96.60%, Err 0 (0.0e+00)
482.191 .... 1816 packets received, 7728 bps, 96.60%, Err 0 (0.0e+00)
484.304 .... 1824 packets received, 7728 bps, 96.60%, Err 0 (0.0e+00)
486.415 .... 1832 packets received, 7728 bps, 96.60%, Err 0 (0.0e+00)
488.529 .... 1840 packets received, 7728 bps, 96.60%, Err 0 (0.0e+00)
490.643 .... 1848 packets received, 7728 bps, 96.61%, Err 0 (0.0e+00)
492.771 .... 1856 packets received, 7728 bps, 96.60%, Err 0 (0.0e+00)
494.897 .... 1864 packets received, 7728 bps, 96.60%, Err 0 (0.0e+00)
497.026 .... 1872 packets received, 7728 bps, 96.60%, Err 0 (0.0e+00)
499.122 .... 1880 packets received, 7728 bps, 96.61%, Err 0 (0.0e+00)
501.249 .... 1888 packets received, 7728 bps, 96.60%, Err 0 (0.0e+00)
503.374 .... 1896 packets received, 7728 bps, 96.60%, Err 0 (0.0e+00)
505.499 .... 1904 packets received, 7728 bps, 96.60%, Err 0 (0.0e+00)
507.626 .... 1912 packets received, 7728 bps, 96.60%, Err 0 (0.0e+00)
509.719 .... 1920 packets received, 7728 bps, 96.61%, Err 0 (0.0e+00)
511.861 .... 1928 packets received, 7728 bps, 96.60%, Err 0 (0.0e+00)
513.973 .... 1936 packets received, 7728 bps, 96.60%, Err 0 (0.0e+00)
516.097 .... 1944 packets received, 7728 bps, 96.60%, Err 0 (0.0e+00)
518.220 .... 1952 packets received, 7728 bps, 96.60%, Err 0 (0.0e+00)
520.346 .... 1960 packets received, 7728 bps, 96.60%, Err 0 (0.0e+00)
522.465 .... 1968 packets received, 7728 bps, 96.60%, Err 0 (0.0e+00)
524.580 .... 1976 packets received, 7728 bps, 96.60%, Err 0 (0.0e+00)
526.708 .... 1984 packets received, 7728 bps, 96.60%, Err 0 (0.0e+00)
528.819 .... 1992 packets received, 7728 bps, 96.60%, Err 0 (0.0e+00)
530.932 .... 2000 packets received, 7728 bps, 96.60%, Err 0 (0.0e+00)
533.057 .... 2008 packets received, 7728 bps, 96.60%, Err 0 (0.0e+00)
535.199 .... 2016 packets received, 7728 bps, 96.60%, Err 0 (0.0e+00)
537.299 .... 2024 packets received, 7728 bps, 96.60%, Err 0 (0.0e+00)
539.414 .... 2032 packets received, 7728 bps, 96.60%, Err 0 (0.0e+00)
541.558 .... 2040 packets received, 7728 bps, 96.60%, Err 0 (0.0e+00)
543.658 .... 2048 packets received, 7728 bps, 96.60%, Err 0 (0.0e+00)
545.788 .... 2056 packets received, 7728 bps, 96.60%, Err 0 (0.0e+00)
547.906 .... 2064 packets received, 7728 bps, 96.60%, Err 0 (0.0e+00)
550.020 .... 2072 packets received, 7728 bps, 96.60%, Err 0 (0.0e+00)
552.147 .... 2080 packets received, 7728 bps, 96.60%, Err 0 (0.0e+00)
554.261 .... 2088 packets received, 7728 bps, 96.60%, Err 0 (0.0e+00)
556.382 .... 2096 packets received, 7728 bps, 96.60%, Err 0 (0.0e+00)
558.479 .... 2104 packets received, 7728 bps, 96.61%, Err 0 (0.0e+00)
560.618 .... 2112 packets received, 7728 bps, 96.60%, Err 0 (0.0e+00)
562.717 .... 2120 packets received, 7728 bps, 96.61%, Err 0 (0.0e+00)
564.855 .... 2128 packets received, 7728 bps, 96.60%, Err 0 (0.0e+00)
566.982 .... 2136 packets received, 7728 bps, 96.60%, Err 0 (0.0e+00)
569.093 .... 2144 packets received, 7728 bps, 96.60%, Err 0 (0.0e+00)
571.204 .... 2152 packets received, 7728 bps, 96.60%, Err 0 (0.0e+00)
573.318 .... 2160 packets received, 7728 bps, 96.61%, Err 0 (0.0e+00)
575.456 .... 2168 packets received, 7728 bps, 96.60%, Err 0 (0.0e+00)
577.581 .... 2176 packets received, 7728 bps, 96.60%, Err 0 (0.0e+00)
579.706 .... 2184 packets received, 7728 bps, 96.60%, Err 0 (0.0e+00)
581.816 .... 2192 packets received, 7728 bps, 96.60%, Err 0 (0.0e+00)
583.928 .... 2200 packets received, 7728 bps, 96.60%, Err 0 (0.0e+00)
586.037 .... 2208 packets received, 7728 bps, 96.61%, Err 0 (0.0e+00)
588.191 .... 2216 packets received, 7728 bps, 96.60%, Err 0 (0.0e+00)
590.319 .... 2224 packets received, 7728 bps, 96.60%, Err 0 (0.0e+00)
592.429 .... 2232 packets received, 7728 bps, 96.60%, Err 0 (0.0e+00)
594.540 .... 2240 packets received, 7728 bps, 96.60%, Err 0 (0.0e+00)
596.649 .... 2248 packets received, 7728 bps, 96.60%, Err 0 (0.0e+00)
598.776 .... 2256 packets received, 7728 bps, 96.60%, Err 0 (0.0e+00)
600.885 .... 2264 packets received, 7728 bps, 96.60%, Err 0 (0.0e+00)
603.014 .... 2272 packets received, 7728 bps, 96.60%, Err 0 (0.0e+00)
605.126 .... 2280 packets received, 7728 bps, 96.60%, Err 0 (0.0e+00)
607.237 .... 2288 packets received, 7728 bps, 96.61%, Err 0 (0.0e+00)
609.365 .... 2296 packets received, 7728 bps, 96.60%, Err 0 (0.0e+00)
611.505 .... 2304 packets received, 7728 bps, 96.60%, Err 0 (0.0e+00)
613.619 .... 2312 packets received, 7728 bps, 96.60%, Err 0 (0.0e+00)
615.718 .... 2320 packets received, 7728 bps, 96.61%, Err 0 (0.0e+00)
617.848 .... 2328 packets received, 7728 bps, 96.60%, Err 0 (0.0e+00)
619.963 .... 2336 packets received, 7728 bps, 96.60%, Err 0 (0.0e+00)
622.094 .... 2344 packets received, 7728 bps, 96.60%, Err 0 (0.0e+00)
624.222 .... 2352 packets received, 7728 bps, 96.60%, Err 0 (0.0e+00)
626.336 .... 2360 packets received, 7728 bps, 96.60%, Err 0 (0.0e+00)
628.479 .... 2368 packets received, 7728 bps, 96.60%, Err 0 (0.0e+00)
630.578 .... 2376 packets received, 7728 bps, 96.60%, Err 0 (0.0e+00)
632.704 .... 2384 packets received, 7728 bps, 96.60%, Err 0 (0.0e+00)
634.805 .... 2392 packets received, 7728 bps, 96.60%, Err 0 (0.0e+00)
636.937 .... 2400 packets received, 7728 bps, 96.60%, Err 0 (0.0e+00)
639.054 .... 2408 packets received, 7728 bps, 96.60%, Err 0 (0.0e+00)
641.185 .... 2416 packets received, 7728 bps, 96.60%, Err 0 (0.0e+00)
643.285 .... 2424 packets received, 7728 bps, 96.60%, Err 0 (0.0e+00)
645.413 .... 2432 packets received, 7728 bps, 96.60%, Err 0 (0.0e+00)
647.540 .... 2440 packets received, 7728 bps, 96.60%, Err 0 (0.0e+00)
649.637 .... 2448 packets received, 7728 bps, 96.61%, Err 0 (0.0e+00)
651.768 .... 2456 packets received, 7728 bps, 96.60%, Err 0 (0.0e+00)
653.898 .... 2464 packets received, 7728 bps, 96.60%, Err 0 (0.0e+00)
656.011 .... 2472 packets received, 7728 bps, 96.60%, Err 0 (0.0e+00)
658.139 .... 2480 packets received, 7728 bps, 96.60%, Err 0 (0.0e+00)
660.236 .... 2488 packets received, 7728 bps, 96.61%, Err 0 (0.0e+00)
662.380 .... 2496 packets received, 7728 bps, 96.60%, Err 0 (0.0e+00)
664.508 .... 2504 packets received, 7728 bps, 96.60%, Err 0 (0.0e+00)
666.606 .... 2512 packets received, 7728 bps, 96.60%, Err 0 (0.0e+00)
668.721 .... 2520 packets received, 7728 bps, 96.61%, Err 0 (0.0e+00)
670.851 .... 2528 packets received, 7728 bps, 96.60%, Err 0 (0.0e+00)
672.962 .... 2536 packets received, 7728 bps, 96.60%, Err 0 (0.0e+00)
675.091 .... 2544 packets received, 7728 bps, 96.60%, Err 0 (0.0e+00)
677.206 .... 2552 packets received, 7728 bps, 96.60%, Err 0 (0.0e+00)
679.335 .... 2560 packets received, 7728 bps, 96.60%, Err 0 (0.0e+00)
681.454 .... 2568 packets received, 7728 bps, 96.60%, Err 0 (0.0e+00)
683.596 .... 2576 packets received, 7728 bps, 96.60%, Err 0 (0.0e+00)
685.697 .... 2584 packets received, 7728 bps, 96.60%, Err 0 (0.0e+00)
687.809 .... 2592 packets received, 7728 bps, 96.60%, Err 0 (0.0e+00)
689.949 .... 2600 packets received, 7728 bps, 96.60%, Err 0 (0.0e+00)
692.065 .... 2608 packets received, 7728 bps, 96.60%, Err 0 (0.0e+00)
694.167 .... 2616 packets received, 7728 bps, 96.60%, Err 0 (0.0e+00)
696.302 .... 2624 packets received, 7728 bps, 96.60%, Err 0 (0.0e+00)
698.425 .... 2632 packets received, 7728 bps, 96.60%, Err 0 (0.0e+00)
700.551 .... 2640 packets received, 7728 bps, 96.60%, Err 0 (0.0e+00)
702.663 .... 2648 packets received, 7728 bps, 96.60%, Err 0 (0.0e+00)
704.774 .... 2656 packets received, 7728 bps, 96.60%, Err 0 (0.0e+00)
706.887 .... 2664 packets received, 7728 bps, 96.60%, Err 0 (0.0e+00)
709.040 .... 2672 packets received, 7728 bps, 96.60%, Err 0 (0.0e+00)
711.121 .... 2680 packets received, 7728 bps, 96.60%, Err 0 (0.0e+00)
713.249 .... 2688 packets received, 7728 bps, 96.60%, Err 0 (0.0e+00)
715.375 .... 2696 packets received, 7728 bps, 96.60%, Err 0 (0.0e+00)
717.489 .... 2704 packets received, 7728 bps, 96.60%, Err 0 (0.0e+00)
719.599 .... 2712 packets received, 7728 bps, 96.61%, Err 0 (0.0e+00)
721.742 .... 2720 packets received, 7728 bps, 96.60%, Err 0 (0.0e+00)
723.866 .... 2728 packets received, 7728 bps, 96.60%, Err 0 (0.0e+00)
725.966 .... 2736 packets received, 7728 bps, 96.60%, Err 0 (0.0e+00)
728.100 .... 2744 packets received, 7728 bps, 96.60%, Err 0 (0.0e+00)
730.216 .... 2752 packets received, 7728 bps, 96.60%, Err 0 (0.0e+00)
732.341 .... 2760 packets received, 7728 bps, 96.60%, Err 0 (0.0e+00)
734.454 .... 2768 packets received, 7728 bps, 96.60%, Err 0 (0.0e+00)
736.613 .... 2776 packets received, 7728 bps, 96.60%, Err 0 (0.0e+00)
738.695 .... 2784 packets received, 7728 bps, 96.60%, Err 0 (0.0e+00)
740.822 .... 2792 packets received, 7728 bps, 96.60%, Err 0 (0.0e+00)
742.916 .... 2800 packets received, 7728 bps, 96.61%, Err 0 (0.0e+00)
745.039 .... 2808 packets received, 7728 bps, 96.61%, Err 0 (0.0e+00)
747.174 .... 2816 packets received, 7728 bps, 96.60%, Err 0 (0.0e+00)
749.307 .... 2824 packets received, 7728 bps, 96.60%, Err 0 (0.0e+00)
751.418 .... 2832 packets received, 7728 bps, 96.60%, Err 0 (0.0e+00)
753.529 .... 2840 packets received, 7728 bps, 96.60%, Err 0 (0.0e+00)
755.672 .... 2848 packets received, 7728 bps, 96.60%, Err 0 (0.0e+00)
757.766 .... 2856 packets received, 7728 bps, 96.60%, Err 0 (0.0e+00)
759.895 .... 2864 packets received, 7728 bps, 96.60%, Err 0 (0.0e+00)
762.036 .... 2872 packets received, 7728 bps, 96.60%, Err 0 (0.0e+00)
764.119 .... 2880 packets received, 7728 bps, 96.61%, Err 0 (0.0e+00)
766.262 .... 2888 packets received, 7728 bps, 96.60%, Err 0 (0.0e+00)
768.387 .... 2896 packets received, 7728 bps, 96.60%, Err 0 (0.0e+00)
770.499 .... 2904 packets received, 7728 bps, 96.60%, Err 0 (0.0e+00)
772.597 .... 2912 packets received, 7728 bps, 96.61%, Err 0 (0.0e+00)
774.728 .... 2920 packets received, 7728 bps, 96.60%, Err 0 (0.0e+00)
776.840 .... 2928 packets received, 7728 bps, 96.61%, Err 0 (0.0e+00)
778.968 .... 2936 packets received, 7728 bps, 96.60%, Err 0 (0.0e+00)
781.079 .... 2944 packets received, 7728 bps, 96.61%, Err 0 (0.0e+00)
783.204 .... 2952 packets received, 7728 bps, 96.60%, Err 0 (0.0e+00)
785.316 .... 2960 packets received, 7728 bps, 96.61%, Err 0 (0.0e+00)
787.458 .... 2968 packets received, 7728 bps, 96.60%, Err 0 (0.0e+00)
789.571 .... 2976 packets received, 7728 bps, 96.60%, Err 0 (0.0e+00)
791.695 .... 2984 packets received, 7728 bps, 96.60%, Err 0 (0.0e+00)
793.808 .... 2992 packets received, 7728 bps, 96.60%, Err 0 (0.0e+00)
795.935 .... 3000 packets received, 7728 bps, 96.60%, Err 0 (0.0e+00)
798.050 .... 3008 packets received, 7728 bps, 96.60%, Err 0 (0.0e+00)
800.174 .... 3016 packets received, 7728 bps, 96.60%, Err 0 (0.0e+00)
802.305 .... 3024 packets received, 7728 bps, 96.60%, Err 0 (0.0e+00)
804.417 .... 3032 packets received, 7728 bps, 96.60%, Err 0 (0.0e+00)
806.546 .... 3040 packets received, 7728 bps, 96.60%, Err 0 (0.0e+00)
808.663 .... 3048 packets received, 7728 bps, 96.60%, Err 0 (0.0e+00)
810.786 .... 3056 packets received, 7728 bps, 96.60%, Err 0 (0.0e+00)
812.897 .... 3064 packets received, 7728 bps, 96.60%, Err 0 (0.0e+00)
815.034 .... 3072 packets received, 7728 bps, 96.60%, Err 0 (0.0e+00)
817.143 .... 3080 packets received, 7728 bps, 96.60%, Err 0 (0.0e+00)
819.241 .... 3088 packets received, 7728 bps, 96.60%, Err 0 (0.0e+00)
821.382 .... 3096 packets received, 7728 bps, 96.60%, Err 0 (0.0e+00)
823.494 .... 3104 packets received, 7728 bps, 96.60%, Err 0 (0.0e+00)
825.619 .... 3112 packets received, 7728 bps, 96.60%, Err 0 (0.0e+00)
827.733 .... 3120 packets received, 7728 bps, 96.60%, Err 0 (0.0e+00)
829.876 .... 3128 packets received, 7728 bps, 96.60%, Err 0 (0.0e+00)
831.973 .... 3136 packets received, 7728 bps, 96.60%, Err 0 (0.0e+00)
834.099 .... 3144 packets received, 7728 bps, 96.60%, Err 0 (0.0e+00)
836.211 .... 3152 packets received, 7728 bps, 96.60%, Err 0 (0.0e+00)
838.327 .... 3160 packets received, 7728 bps, 96.60%, Err 0 (0.0e+00)
840.439 .... 3168 packets received, 7728 bps, 96.61%, Err 0 (0.0e+00)
842.601 .... 3176 packets received, 7728 bps, 96.60%, Err 0 (0.0e+00)
844.698 .... 3184 packets received, 7728 bps, 96.60%, Err 0 (0.0e+00)
846.814 .... 3192 packets received, 7728 bps, 96.60%, Err 0 (0.0e+00)
848.933 .... 3200 packets received, 7728 bps, 96.60%, Err 0 (0.0e+00)
851.049 .... 3208 packets received, 7728 bps, 96.60%, Err 0 (0.0e+00)
853.176 .... 3216 packets received, 7728 bps, 96.60%, Err 0 (0.0e+00)
855.292 .... 3224 packets received, 7728 bps, 96.60%, Err 0 (0.0e+00)
857.428 .... 3232 packets received, 7728 bps, 96.60%, Err 0 (0.0e+00)
859.519 .... 3240 packets received, 7728 bps, 96.61%, Err 0 (0.0e+00)
861.642 .... 3248 packets received, 7728 bps, 96.60%, Err 0 (0.0e+00)
863.786 .... 3256 packets received, 7728 bps, 96.60%, Err 0 (0.0e+00)
865.887 .... 3264 packets received, 7728 bps, 96.60%, Err 0 (0.0e+00)
868.018 .... 3272 packets received, 7728 bps, 96.60%, Err 0 (0.0e+00)
870.118 .... 3280 packets received, 7728 bps, 96.61%, Err 0 (0.0e+00)
872.260 .... 3288 packets received, 7728 bps, 96.60%, Err 0 (0.0e+00)
874.363 .... 3296 packets received, 7728 bps, 96.60%, Err 0 (0.0e+00)
876.481 .... 3304 packets received, 7728 bps, 96.60%, Err 0 (0.0e+00)
878.613 .... 3312 packets received, 7728 bps, 96.60%, Err 0 (0.0e+00)
880.746 .... 3320 packets received, 7728 bps, 96.60%, Err 0 (0.0e+00)
882.850 .... 3328 packets received, 7728 bps, 96.60%, Err 0 (0.0e+00)
884.983 .... 3336 packets received, 7728 bps, 96.60%, Err 0 (0.0e+00)
887.086 .... 3344 packets received, 7728 bps, 96.60%, Err 0 (0.0e+00)
889.219 .... 3352 packets received, 7728 bps, 96.60%, Err 0 (0.0e+00)
891.323 .... 3360 packets received, 7728 bps, 96.60%, Err 0 (0.0e+00)
893.475 .... 3368 packets received, 7728 bps, 96.60%, Err 0 (0.0e+00)
895.579 .... 3376 packets received, 7728 bps, 96.60%, Err 0 (0.0e+00)
897.698 .... 3384 packets received, 7728 bps, 96.60%, Err 0 (0.0e+00)
899.810 .... 3392 packets received, 7728 bps, 96.60%, Err 0 (0.0e+00)
901.934 .... 3400 packets received, 7728 bps, 96.60%, Err 0 (0.0e+00)
904.069 .... 3408 packets received, 7728 bps, 96.60%, Err 0 (0.0e+00)
906.162 .... 3416 packets received, 7728 bps, 96.60%, Err 0 (0.0e+00)
908.316 .... 3424 packets received, 7728 bps, 96.60%, Err 0 (0.0e+00)
910.396 .... 3432 packets received, 7728 bps, 96.61%, Err 0 (0.0e+00)
912.524 .... 3440 packets received, 7728 bps, 96.60%, Err 0 (0.0e+00)
914.669 .... 3448 packets received, 7728 bps, 96.60%, Err 0 (0.0e+00)
916.771 .... 3456 packets received, 7728 bps, 96.60%, Err 0 (0.0e+00)
918.903 .... 3464 packets received, 7728 bps, 96.60%, Err 0 (0.0e+00)
921.020 .... 3472 packets received, 7728 bps, 96.60%, Err 0 (0.0e+00)
923.137 .... 3480 packets received, 7728 bps, 96.60%, Err 0 (0.0e+00)
925.249 .... 3488 packets received, 7728 bps, 96.60%, Err 0 (0.0e+00)
927.362 .... 3496 packets received, 7728 bps, 96.60%, Err 0 (0.0e+00)
929.491 .... 3504 packets received, 7728 bps, 96.60%, Err 0 (0.0e+00)
931.618 .... 3512 packets received, 7728 bps, 96.60%, Err 0 (0.0e+00)
933.730 .... 3520 packets received, 7728 bps, 96.60%, Err 0 (0.0e+00)
935.845 .... 3528 packets received, 7728 bps, 96.60%, Err 0 (0.0e+00)
937.959 .... 3536 packets received, 7728 bps, 96.60%, Err 0 (0.0e+00)
940.093 .... 3544 packets received, 7728 bps, 96.60%, Err 0 (0.0e+00)
942.223 .... 3552 packets received, 7728 bps, 96.60%, Err 0 (0.0e+00)
944.320 .... 3560 packets received, 7728 bps, 96.60%, Err 0 (0.0e+00)
946.450 .... 3568 packets received, 7728 bps, 96.60%, Err 0 (0.0e+00)
948.563 .... 3576 packets received, 7728 bps, 96.60%, Err 0 (0.0e+00)
950.719 .... 3584 packets received, 7728 bps, 96.60%, Err 0 (0.0e+00)
952.832 .... 3592 packets received, 7728 bps, 96.60%, Err 0 (0.0e+00)
954.932 .... 3600 packets received, 7728 bps, 96.60%, Err 0 (0.0e+00)
957.059 .... 3608 packets received, 7728 bps, 96.60%, Err 0 (0.0e+00)
959.160 .... 3616 packets received, 7728 bps, 96.60%, Err 0 (0.0e+00)
961.301 .... 3624 packets received, 7728 bps, 96.60%, Err 0 (0.0e+00)
963.414 .... 3632 packets received, 7728 bps, 96.60%, Err 0 (0.0e+00)
965.528 .... 3640 packets received, 7728 bps, 96.60%, Err 0 (0.0e+00)
967.658 .... 3648 packets received, 7728 bps, 96.60%, Err 0 (0.0e+00)
969.757 .... 3656 packets received, 7728 bps, 96.61%, Err 0 (0.0e+00)
971.886 .... 3664 packets received, 7728 bps, 96.60%, Err 0 (0.0e+00)
974.000 .... 3672 packets received, 7728 bps, 96.60%, Err 0 (0.0e+00)
976.130 .... 3680 packets received, 7728 bps, 96.60%, Err 0 (0.0e+00)
978.255 .... 3688 packets received, 7728 bps, 96.60%, Err 0 (0.0e+00)
980.383 .... 3696 packets received, 7728 bps, 96.60%, Err 0 (0.0e+00)
982.483 .... 3704 packets received, 7728 bps, 96.60%, Err 0 (0.0e+00)
984.610 .... 3712 packets received, 7728 bps, 96.60%, Err 0 (0.0e+00)
986.753 .... 3720 packets received, 7728 bps, 96.60%, Err 0 (0.0e+00)
988.853 .... 3728 packets received, 7728 bps, 96.60%, Err 0 (0.0e+00)
990.966 .... 3736 packets received, 7728 bps, 96.60%, Err 0 (0.0e+00)
993.080 .... 3744 packets received, 7728 bps, 96.60%, Err 0 (0.0e+00)
995.224 .... 3752 packets received, 7728 bps, 96.60%, Err 0 (0.0e+00)
997.322 .... 3760 packets received, 7728 bps, 96.60%, Err 0 (0.0e+00)
999.449 .... 3768 packets received, 7728 bps, 96.60%, Err 0 (0.0e+00)
1001.579 .... 3776 packets received, 7728 bps, 96.60%, Err 0 (0.0e+00)
1003.679 .... 3784 packets received, 7728 bps, 96.60%, Err 0 (0.0e+00)
1005.808 .... 3792 packets received, 7728 bps, 96.60%, Err 0 (0.0e+00)
1007.923 .... 3800 packets received, 7728 bps, 96.60%, Err 0 (0.0e+00)
1010.051 .... 3808 packets received, 7728 bps, 96.60%, Err 0 (0.0e+00)
1012.182 .... 3816 packets received, 7728 bps, 96.60%, Err 0 (0.0e+00)
1014.296 .... 3824 packets received, 7728 bps, 96.60%, Err 0 (0.0e+00)
1016.396 .... 3832 packets received, 7728 bps, 96.61%, Err 0 (0.0e+00)
1018.541 .... 3840 packets received, 7728 bps, 96.60%, Err 0 (0.0e+00)
1020.656 .... 3848 packets received, 7728 bps, 96.60%, Err 0 (0.0e+00)
1022.784 .... 3856 packets received, 7728 bps, 96.60%, Err 0 (0.0e+00)
1024.901 .... 3864 packets received, 7728 bps, 96.60%, Err 0 (0.0e+00)
1027.014 .... 3872 packets received, 7728 bps, 96.60%, Err 0 (0.0e+00)
1029.143 .... 3880 packets received, 7728 bps, 96.60%, Err 0 (0.0e+00)
1031.256 .... 3888 packets received, 7728 bps, 96.60%, Err 0 (0.0e+00)
1033.366 .... 3896 packets received, 7728 bps, 96.60%, Err 0 (0.0e+00)
1035.490 .... 3904 packets received, 7728 bps, 96.60%, Err 0 (0.0e+00)
1037.619 .... 3912 packets received, 7728 bps, 96.60%, Err 0 (0.0e+00)
1039.735 .... 3920 packets received, 7728 bps, 96.60%, Err 0 (0.0e+00)
1041.850 .... 3928 packets received, 7728 bps, 96.60%, Err 0 (0.0e+00)
1043.966 .... 3936 packets received, 7728 bps, 96.60%, Err 0 (0.0e+00)
1046.096 .... 3944 packets received, 7728 bps, 96.60%, Err 0 (0.0e+00)
1048.200 .... 3952 packets received, 7728 bps, 96.60%, Err 0 (0.0e+00)
1050.332 .... 3960 packets received, 7728 bps, 96.60%, Err 0 (0.0e+00)
1052.464 .... 3968 packets received, 7728 bps, 96.60%, Err 0 (0.0e+00)
1054.566 .... 3976 packets received, 7728 bps, 96.60%, Err 0 (0.0e+00)
1056.692 .... 3984 packets received, 7728 bps, 96.60%, Err 0 (0.0e+00)
1058.800 .... 3992 packets received, 7728 bps, 96.60%, Err 0 (0.0e+00)
1060.939 .... 4000 packets received, 7728 bps, 96.60%, Err 0 (0.0e+00)
1063.075 .... 4008 packets received, 7728 bps, 96.60%, Err 0 (0.0e+00)
1065.172 .... 4016 packets received, 7728 bps, 96.60%, Err 0 (0.0e+00)
1067.306 .... 4024 packets received, 7728 bps, 96.60%, Err 0 (0.0e+00)
1069.406 .... 4032 packets received, 7728 bps, 96.60%, Err 0 (0.0e+00)
1071.535 .... 4040 packets received, 7728 bps, 96.60%, Err 0 (0.0e+00)
1073.654 .... 4048 packets received, 7728 bps, 96.60%, Err 0 (0.0e+00)
1075.785 .... 4056 packets received, 7728 bps, 96.60%, Err 0 (0.0e+00)
1077.897 .... 4064 packets received, 7728 bps, 96.60%, Err 0 (0.0e+00)
1079.999 .... 4072 packets received, 7728 bps, 96.60%, Err 0 (0.0e+00)
1082.129 .... 4080 packets received, 7728 bps, 96.60%, Err 0 (0.0e+00)
1084.263 .... 4088 packets received, 7728 bps, 96.60%, Err 0 (0.0e+00)
1086.380 .... 4096 packets received, 7728 bps, 96.60%, Err 0 (0.0e+00)
1088.479 .... 4104 packets received, 7728 bps, 96.60%, Err 0 (0.0e+00)
1090.626 .... 4112 packets received, 7728 bps, 96.60%, Err 0 (0.0e+00)
1092.743 .... 4120 packets received, 7728 bps, 96.60%, Err 0 (0.0e+00)
1094.845 .... 4128 packets received, 7728 bps, 96.60%, Err 0 (0.0e+00)
1096.991 .... 4136 packets received, 7728 bps, 96.60%, Err 0 (0.0e+00)
1099.092 .... 4144 packets received, 7728 bps, 96.60%, Err 0 (0.0e+00)
1101.211 .... 4152 packets received, 7728 bps, 96.60%, Err 0 (0.0e+00)
1103.340 .... 4160 packets received, 7728 bps, 96.60%, Err 0 (0.0e+00)
1105.455 .... 4168 packets received, 7728 bps, 96.60%, Err 0 (0.0e+00)
1107.600 .... 4176 packets received, 7728 bps, 96.60%, Err 0 (0.0e+00)
1109.701 .... 4184 packets received, 7728 bps, 96.60%, Err 0 (0.0e+00)
1111.800 .... 4192 packets received, 7728 bps, 96.60%, Err 0 (0.0e+00)
1113.947 .... 4200 packets received, 7728 bps, 96.60%, Err 0 (0.0e+00)
1116.044 .... 4208 packets received, 7728 bps, 96.60%, Err 0 (0.0e+00)
1118.159 .... 4216 packets received, 7728 bps, 96.60%, Err 0 (0.0e+00)
1120.288 .... 4224 packets received, 7728 bps, 96.60%, Err 0 (0.0e+00)
1122.414 .... 4232 packets received, 7728 bps, 96.60%, Err 0 (0.0e+00)
1124.545 .... 4240 packets received, 7728 bps, 96.60%, Err 0 (0.0e+00)
1126.642 .... 4248 packets received, 7728 bps, 96.60%, Err 0 (0.0e+00)
1128.773 .... 4256 packets received, 7728 bps, 96.60%, Err 0 (0.0e+00)
1130.886 .... 4264 packets received, 7728 bps, 96.60%, Err 0 (0.0e+00)
1133.016 .... 4272 packets received, 7728 bps, 96.60%, Err 0 (0.0e+00)
1135.146 .... 4280 packets received, 7728 bps, 96.60%, Err 0 (0.0e+00)
1137.273 .... 4288 packets received, 7728 bps, 96.60%, Err 0 (0.0e+00)
1139.371 .... 4296 packets received, 7728 bps, 96.60%, Err 0 (0.0e+00)
1141.502 .... 4304 packets received, 7728 bps, 96.60%, Err 0 (0.0e+00)
1143.616 .... 4312 packets received, 7728 bps, 96.60%, Err 0 (0.0e+00)
1145.743 .... 4320 packets received, 7728 bps, 96.60%, Err 0 (0.0e+00)
1147.840 .... 4328 packets received, 7728 bps, 96.60%, Err 0 (0.0e+00)
1149.978 .... 4336 packets received, 7728 bps, 96.60%, Err 0 (0.0e+00)
1152.102 .... 4344 packets received, 7728 bps, 96.60%, Err 0 (0.0e+00)
1154.234 .... 4352 packets received, 7728 bps, 96.60%, Err 0 (0.0e+00)
1156.345 .... 4360 packets received, 7728 bps, 96.60%, Err 0 (0.0e+00)
1158.472 .... 4368 packets received, 7728 bps, 96.60%, Err 0 (0.0e+00)
1160.585 .... 4376 packets received, 7728 bps, 96.60%, Err 0 (0.0e+00)
1162.697 .... 4384 packets received, 7728 bps, 96.60%, Err 0 (0.0e+00)
1164.823 .... 4392 packets received, 7728 bps, 96.60%, Err 0 (0.0e+00)
1166.951 .... 4400 packets received, 7728 bps, 96.60%, Err 0 (0.0e+00)
1169.050 .... 4408 packets received, 7728 bps, 96.60%, Err 0 (0.0e+00)
1171.165 .... 4416 packets received, 7728 bps, 96.60%, Err 0 (0.0e+00)
1173.311 .... 4424 packets received, 7728 bps, 96.60%, Err 0 (0.0e+00)
1175.426 .... 4432 packets received, 7728 bps, 96.60%, Err 0 (0.0e+00)
1177.553 .... 4440 packets received, 7728 bps, 96.60%, Err 0 (0.0e+00)
1179.653 .... 4448 packets received, 7728 bps, 96.60%, Err 0 (0.0e+00)
1181.791 .... 4456 packets received, 7728 bps, 96.60%, Err 0 (0.0e+00)
1183.912 .... 4464 packets received, 7728 bps, 96.60%, Err 0 (0.0e+00)
1186.023 .... 4472 packets received, 7728 bps, 96.60%, Err 0 (0.0e+00)
1188.146 .... 4480 packets received, 7728 bps, 96.60%, Err 0 (0.0e+00)
1190.263 .... 4488 packets received, 7728 bps, 96.60%, Err 0 (0.0e+00)
1192.393 .... 4496 packets received, 7728 bps, 96.60%, Err 0 (0.0e+00)
1194.502 .... 4504 packets received, 7728 bps, 96.60%, Err 0 (0.0e+00)
1196.629 .... 4512 packets received, 7728 bps, 96.60%, Err 0 (0.0e+00)
1198.758 .... 4520 packets received, 7728 bps, 96.60%, Err 0 (0.0e+00)
1200.019 Quit.
