000.000 =============================================================
000.000                     Station B                               
000.000 -------------------------------------------------------------
000.000 Protocol.lib, version 4.0, jiangyanjun0718@bupt.edu.cn
000.000 Channel: 8000 bps, 270 ms propagation delay, bit error rate 0
000.000 Log file "ufB.log", TCP port 30013, debug mask 0x00
000.000 Station B is connecting station A (TCP port 30013) ... Done.
000.656 New epoch: Thu May 16 16:33:37 2019
000.656 =================================================================
000.656 
000.656 Designed by CJSoft, build: May 16 2019  16:33:08
003.055 .... 8 packets received, 7710 bps, 96.38%, Err 0 (0.0e+00)
005.184 .... 16 packets received, 7703 bps, 96.29%, Err 0 (0.0e+00)
007.295 .... 24 packets received, 7722 bps, 96.53%, Err 0 (0.0e+00)
009.407 .... 32 packets received, 7731 bps, 96.64%, Err 0 (0.0e+00)
011.541 .... 40 packets received, 7720 bps, 96.50%, Err 0 (0.0e+00)
013.654 .... 48 packets received, 7726 bps, 96.57%, Err 0 (0.0e+00)
015.785 .... 56 packets received, 7720 bps, 96.51%, Err 0 (0.0e+00)
017.900 .... 64 packets received, 7724 bps, 96.55%, Err 0 (0.0e+00)
020.000 .... 72 packets received, 7732 bps, 96.65%, Err 0 (0.0e+00)
022.145 .... 80 packets received, 7723 bps, 96.54%, Err 0 (0.0e+00)
024.244 .... 88 packets received, 7730 bps, 96.63%, Err 0 (0.0e+00)
026.358 .... 96 packets received, 7732 bps, 96.65%, Err 0 (0.0e+00)
028.489 .... 104 packets received, 7729 bps, 96.61%, Err 0 (0.0e+00)
030.621 .... 112 packets received, 7725 bps, 96.57%, Err 0 (0.0e+00)
032.721 .... 120 packets received, 7730 bps, 96.63%, Err 0 (0.0e+00)
034.864 .... 128 packets received, 7725 bps, 96.56%, Err 0 (0.0e+00)
036.961 .... 136 packets received, 7730 bps, 96.63%, Err 0 (0.0e+00)
039.091 .... 144 packets received, 7728 bps, 96.60%, Err 0 (0.0e+00)
041.206 .... 152 packets received, 7729 bps, 96.61%, Err 0 (0.0e+00)
043.326 .... 160 packets received, 7729 bps, 96.61%, Err 0 (0.0e+00)
045.456 .... 168 packets received, 7727 bps, 96.59%, Err 0 (0.0e+00)
047.582 .... 176 packets received, 7726 bps, 96.58%, Err 0 (0.0e+00)
049.711 .... 184 packets received, 7725 bps, 96.56%, Err 0 (0.0e+00)
051.824 .... 192 packets received, 7726 bps, 96.58%, Err 0 (0.0e+00)
053.925 .... 200 packets received, 7729 bps, 96.61%, Err 0 (0.0e+00)
056.054 .... 208 packets received, 7728 bps, 96.60%, Err 0 (0.0e+00)
058.183 .... 216 packets received, 7727 bps, 96.58%, Err 0 (0.0e+00)
060.283 .... 224 packets received, 7729 bps, 96.62%, Err 0 (0.0e+00)
062.399 .... 232 packets received, 7730 bps, 96.62%, Err 0 (0.0e+00)
064.529 .... 240 packets received, 7728 bps, 96.61%, Err 0 (0.0e+00)
066.643 .... 248 packets received, 7729 bps, 96.61%, Err 0 (0.0e+00)
068.759 .... 256 packets received, 7730 bps, 96.62%, Err 0 (0.0e+00)
070.889 .... 264 packets received, 7728 bps, 96.61%, Err 0 (0.0e+00)
073.019 .... 272 packets received, 7727 bps, 96.59%, Err 0 (0.0e+00)
075.134 .... 280 packets received, 7728 bps, 96.60%, Err 0 (0.0e+00)
077.247 .... 288 packets received, 7729 bps, 96.61%, Err 0 (0.0e+00)
079.361 .... 296 packets received, 7729 bps, 96.61%, Err 0 (0.0e+00)
081.507 .... 304 packets received, 7727 bps, 96.58%, Err 0 (0.0e+00)
083.620 .... 312 packets received, 7727 bps, 96.59%, Err 0 (0.0e+00)
085.748 .... 320 packets received, 7727 bps, 96.58%, Err 0 (0.0e+00)
087.865 .... 328 packets received, 7727 bps, 96.59%, Err 0 (0.0e+00)
089.982 .... 336 packets received, 7727 bps, 96.59%, Err 0 (0.0e+00)
092.099 .... 344 packets received, 7728 bps, 96.59%, Err 0 (0.0e+00)
094.214 .... 352 packets received, 7728 bps, 96.60%, Err 0 (0.0e+00)
096.347 .... 360 packets received, 7727 bps, 96.59%, Err 0 (0.0e+00)
098.447 .... 368 packets received, 7729 bps, 96.61%, Err 0 (0.0e+00)
100.558 .... 376 packets received, 7729 bps, 96.62%, Err 0 (0.0e+00)
102.701 .... 384 packets received, 7727 bps, 96.59%, Err 0 (0.0e+00)
104.812 .... 392 packets received, 7728 bps, 96.60%, Err 0 (0.0e+00)
106.939 .... 400 packets received, 7728 bps, 96.60%, Err 0 (0.0e+00)
109.037 .... 408 packets received, 7729 bps, 96.62%, Err 0 (0.0e+00)
111.161 .... 416 packets received, 7729 bps, 96.61%, Err 0 (0.0e+00)
113.289 .... 424 packets received, 7728 bps, 96.60%, Err 0 (0.0e+00)
115.416 .... 432 packets received, 7728 bps, 96.60%, Err 0 (0.0e+00)
117.528 .... 440 packets received, 7728 bps, 96.61%, Err 0 (0.0e+00)
119.655 .... 448 packets received, 7728 bps, 96.60%, Err 0 (0.0e+00)
121.777 .... 456 packets received, 7728 bps, 96.60%, Err 0 (0.0e+00)
123.918 .... 464 packets received, 7727 bps, 96.58%, Err 0 (0.0e+00)
126.000 .... 472 packets received, 7729 bps, 96.61%, Err 0 (0.0e+00)
128.142 .... 480 packets received, 7728 bps, 96.59%, Err 0 (0.0e+00)
130.252 .... 488 packets received, 7728 bps, 96.60%, Err 0 (0.0e+00)
132.377 .... 496 packets received, 7728 bps, 96.60%, Err 0 (0.0e+00)
134.501 .... 504 packets received, 7728 bps, 96.60%, Err 0 (0.0e+00)
136.598 .... 512 packets received, 7729 bps, 96.61%, Err 0 (0.0e+00)
138.746 .... 520 packets received, 7727 bps, 96.59%, Err 0 (0.0e+00)
140.840 .... 528 packets received, 7729 bps, 96.61%, Err 0 (0.0e+00)
142.968 .... 536 packets received, 7728 bps, 96.61%, Err 0 (0.0e+00)
145.093 .... 544 packets received, 7728 bps, 96.60%, Err 0 (0.0e+00)
147.213 .... 552 packets received, 7728 bps, 96.60%, Err 0 (0.0e+00)
149.337 .... 560 packets received, 7728 bps, 96.60%, Err 0 (0.0e+00)
151.475 .... 568 packets received, 7727 bps, 96.59%, Err 0 (0.0e+00)
153.581 .... 576 packets received, 7728 bps, 96.60%, Err 0 (0.0e+00)
155.705 .... 584 packets received, 7728 bps, 96.59%, Err 0 (0.0e+00)
157.827 .... 592 packets received, 7727 bps, 96.59%, Err 0 (0.0e+00)
159.938 .... 600 packets received, 7728 bps, 96.60%, Err 0 (0.0e+00)
162.064 .... 608 packets received, 7728 bps, 96.60%, Err 0 (0.0e+00)
164.172 .... 616 packets received, 7728 bps, 96.60%, Err 0 (0.0e+00)
166.299 .... 624 packets received, 7728 bps, 96.60%, Err 0 (0.0e+00)
168.423 .... 632 packets received, 7728 bps, 96.60%, Err 0 (0.0e+00)
170.536 .... 640 packets received, 7728 bps, 96.60%, Err 0 (0.0e+00)
172.663 .... 648 packets received, 7728 bps, 96.60%, Err 0 (0.0e+00)
174.759 .... 656 packets received, 7729 bps, 96.61%, Err 0 (0.0e+00)
176.887 .... 664 packets received, 7728 bps, 96.61%, Err 0 (0.0e+00)
179.029 .... 672 packets received, 7727 bps, 96.59%, Err 0 (0.0e+00)
181.144 .... 680 packets received, 7728 bps, 96.60%, Err 0 (0.0e+00)
183.252 .... 688 packets received, 7728 bps, 96.60%, Err 0 (0.0e+00)
185.359 .... 696 packets received, 7729 bps, 96.61%, Err 0 (0.0e+00)
187.517 .... 704 packets received, 7727 bps, 96.59%, Err 0 (0.0e+00)
189.626 .... 712 packets received, 7728 bps, 96.60%, Err 0 (0.0e+00)
191.738 .... 720 packets received, 7728 bps, 96.60%, Err 0 (0.0e+00)
193.876 .... 728 packets received, 7727 bps, 96.59%, Err 0 (0.0e+00)
195.980 .... 736 packets received, 7728 bps, 96.60%, Err 0 (0.0e+00)
198.119 .... 744 packets received, 7727 bps, 96.59%, Err 0 (0.0e+00)
200.229 .... 752 packets received, 7728 bps, 96.59%, Err 0 (0.0e+00)
202.341 .... 760 packets received, 7728 bps, 96.60%, Err 0 (0.0e+00)
204.453 .... 768 packets received, 7728 bps, 96.60%, Err 0 (0.0e+00)
206.581 .... 776 packets received, 7728 bps, 96.60%, Err 0 (0.0e+00)
208.692 .... 784 packets received, 7728 bps, 96.60%, Err 0 (0.0e+00)
210.836 .... 792 packets received, 7727 bps, 96.59%, Err 0 (0.0e+00)
212.935 .... 800 packets received, 7728 bps, 96.60%, Err 0 (0.0e+00)
215.062 .... 808 packets received, 7728 bps, 96.60%, Err 0 (0.0e+00)
217.176 .... 816 packets received, 7728 bps, 96.60%, Err 0 (0.0e+00)
219.290 .... 824 packets received, 7728 bps, 96.60%, Err 0 (0.0e+00)
221.420 .... 832 packets received, 7728 bps, 96.60%, Err 0 (0.0e+00)
223.531 .... 840 packets received, 7728 bps, 96.60%, Err 0 (0.0e+00)
225.650 .... 848 packets received, 7728 bps, 96.60%, Err 0 (0.0e+00)
227.771 .... 856 packets received, 7728 bps, 96.60%, Err 0 (0.0e+00)
229.909 .... 864 packets received, 7728 bps, 96.60%, Err 0 (0.0e+00)
232.028 .... 872 packets received, 7728 bps, 96.60%, Err 0 (0.0e+00)
234.128 .... 880 packets received, 7728 bps, 96.60%, Err 0 (0.0e+00)
236.270 .... 888 packets received, 7728 bps, 96.60%, Err 0 (0.0e+00)
238.394 .... 896 packets received, 7728 bps, 96.59%, Err 0 (0.0e+00)
240.503 .... 904 packets received, 7728 bps, 96.60%, Err 0 (0.0e+00)
242.599 .... 912 packets received, 7729 bps, 96.61%, Err 0 (0.0e+00)
244.738 .... 920 packets received, 7728 bps, 96.60%, Err 0 (0.0e+00)
246.850 .... 928 packets received, 7728 bps, 96.60%, Err 0 (0.0e+00)
248.979 .... 936 packets received, 7728 bps, 96.60%, Err 0 (0.0e+00)
251.091 .... 944 packets received, 7728 bps, 96.60%, Err 0 (0.0e+00)
253.223 .... 952 packets received, 7728 bps, 96.60%, Err 0 (0.0e+00)
255.322 .... 960 packets received, 7729 bps, 96.61%, Err 0 (0.0e+00)
257.452 .... 968 packets received, 7728 bps, 96.60%, Err 0 (0.0e+00)
259.564 .... 976 packets received, 7728 bps, 96.61%, Err 0 (0.0e+00)
261.679 .... 984 packets received, 7729 bps, 96.61%, Err 0 (0.0e+00)
263.822 .... 992 packets received, 7728 bps, 96.60%, Err 0 (0.0e+00)
265.937 .... 1000 packets received, 7728 bps, 96.60%, Err 0 (0.0e+00)
268.067 .... 1008 packets received, 7728 bps, 96.60%, Err 0 (0.0e+00)
270.167 .... 1016 packets received, 7728 bps, 96.60%, Err 0 (0.0e+00)
272.296 .... 1024 packets received, 7728 bps, 96.60%, Err 0 (0.0e+00)
274.426 .... 1032 packets received, 7728 bps, 96.60%, Err 0 (0.0e+00)
276.538 .... 1040 packets received, 7728 bps, 96.60%, Err 0 (0.0e+00)
278.648 .... 1048 packets received, 7728 bps, 96.60%, Err 0 (0.0e+00)
280.779 .... 1056 packets received, 7728 bps, 96.60%, Err 0 (0.0e+00)
282.904 .... 1064 packets received, 7728 bps, 96.60%, Err 0 (0.0e+00)
285.019 .... 1072 packets received, 7728 bps, 96.60%, Err 0 (0.0e+00)
287.134 .... 1080 packets received, 7728 bps, 96.60%, Err 0 (0.0e+00)
289.263 .... 1088 packets received, 7728 bps, 96.60%, Err 0 (0.0e+00)
291.364 .... 1096 packets received, 7728 bps, 96.61%, Err 0 (0.0e+00)
293.492 .... 1104 packets received, 7728 bps, 96.60%, Err 0 (0.0e+00)
295.620 .... 1112 packets received, 7728 bps, 96.60%, Err 0 (0.0e+00)
297.719 .... 1120 packets received, 7729 bps, 96.61%, Err 0 (0.0e+00)
299.877 .... 1128 packets received, 7728 bps, 96.60%, Err 0 (0.0e+00)
301.974 .... 1136 packets received, 7728 bps, 96.60%, Err 0 (0.0e+00)
304.103 .... 1144 packets received, 7728 bps, 96.60%, Err 0 (0.0e+00)
306.218 .... 1152 packets received, 7728 bps, 96.60%, Err 0 (0.0e+00)
308.319 .... 1160 packets received, 7729 bps, 96.61%, Err 0 (0.0e+00)
310.459 .... 1168 packets received, 7728 bps, 96.60%, Err 0 (0.0e+00)
312.586 .... 1176 packets received, 7728 bps, 96.60%, Err 0 (0.0e+00)
314.698 .... 1184 packets received, 7728 bps, 96.60%, Err 0 (0.0e+00)
316.823 .... 1192 packets received, 7728 bps, 96.60%, Err 0 (0.0e+00)
318.934 .... 1200 packets received, 7728 bps, 96.60%, Err 0 (0.0e+00)
321.047 .... 1208 packets received, 7728 bps, 96.60%, Err 0 (0.0e+00)
323.189 .... 1216 packets received, 7728 bps, 96.60%, Err 0 (0.0e+00)
325.285 .... 1224 packets received, 7728 bps, 96.61%, Err 0 (0.0e+00)
327.441 .... 1232 packets received, 7728 bps, 96.59%, Err 0 (0.0e+00)
329.537 .... 1240 packets received, 7728 bps, 96.60%, Err 0 (0.0e+00)
331.646 .... 1248 packets received, 7728 bps, 96.60%, Err 0 (0.0e+00)
333.773 .... 1256 packets received, 7728 bps, 96.60%, Err 0 (0.0e+00)
335.914 .... 1264 packets received, 7728 bps, 96.60%, Err 0 (0.0e+00)
338.025 .... 1272 packets received, 7728 bps, 96.60%, Err 0 (0.0e+00)
340.134 .... 1280 packets received, 7728 bps, 96.60%, Err 0 (0.0e+00)
342.246 .... 1288 packets received, 7728 bps, 96.60%, Err 0 (0.0e+00)
344.371 .... 1296 packets received, 7728 bps, 96.60%, Err 0 (0.0e+00)
346.481 .... 1304 packets received, 7729 bps, 96.61%, Err 0 (0.0e+00)
348.622 .... 1312 packets received, 7728 bps, 96.60%, Err 0 (0.0e+00)
350.734 .... 1320 packets received, 7728 bps, 96.60%, Err 0 (0.0e+00)
352.859 .... 1328 packets received, 7728 bps, 96.60%, Err 0 (0.0e+00)
354.971 .... 1336 packets received, 7728 bps, 96.60%, Err 0 (0.0e+00)
357.108 .... 1344 packets received, 7728 bps, 96.60%, Err 0 (0.0e+00)
359.217 .... 1352 packets received, 7728 bps, 96.60%, Err 0 (0.0e+00)
361.328 .... 1360 packets received, 7728 bps, 96.60%, Err 0 (0.0e+00)
363.440 .... 1368 packets received, 7729 bps, 96.61%, Err 0 (0.0e+00)
365.581 .... 1376 packets received, 7728 bps, 96.60%, Err 0 (0.0e+00)
367.698 .... 1384 packets received, 7728 bps, 96.60%, Err 0 (0.0e+00)
369.827 .... 1392 packets received, 7728 bps, 96.60%, Err 0 (0.0e+00)
371.945 .... 1400 packets received, 7728 bps, 96.60%, Err 0 (0.0e+00)
374.065 .... 1408 packets received, 7728 bps, 96.60%, Err 0 (0.0e+00)
376.179 .... 1416 packets received, 7728 bps, 96.60%, Err 0 (0.0e+00)
378.312 .... 1424 packets received, 7728 bps, 96.60%, Err 0 (0.0e+00)
380.417 .... 1432 packets received, 7728 bps, 96.60%, Err 0 (0.0e+00)
382.537 .... 1440 packets received, 7728 bps, 96.60%, Err 0 (0.0e+00)
384.673 .... 1448 packets received, 7728 bps, 96.60%, Err 0 (0.0e+00)
386.773 .... 1456 packets received, 7728 bps, 96.60%, Err 0 (0.0e+00)
388.903 .... 1464 packets received, 7728 bps, 96.60%, Err 0 (0.0e+00)
391.005 .... 1472 packets received, 7728 bps, 96.61%, Err 0 (0.0e+00)
393.128 .... 1480 packets received, 7728 bps, 96.60%, Err 0 (0.0e+00)
395.257 .... 1488 packets received, 7728 bps, 96.60%, Err 0 (0.0e+00)
397.392 .... 1496 packets received, 7728 bps, 96.60%, Err 0 (0.0e+00)
399.510 .... 1504 packets received, 7728 bps, 96.60%, Err 0 (0.0e+00)
401.626 .... 1512 packets received, 7728 bps, 96.60%, Err 0 (0.0e+00)
403.741 .... 1520 packets received, 7728 bps, 96.60%, Err 0 (0.0e+00)
405.859 .... 1528 packets received, 7728 bps, 96.60%, Err 0 (0.0e+00)
407.977 .... 1536 packets received, 7728 bps, 96.60%, Err 0 (0.0e+00)
410.095 .... 1544 packets received, 7728 bps, 96.60%, Err 0 (0.0e+00)
412.225 .... 1552 packets received, 7728 bps, 96.60%, Err 0 (0.0e+00)
414.348 .... 1560 packets received, 7728 bps, 96.60%, Err 0 (0.0e+00)
416.464 .... 1568 packets received, 7728 bps, 96.60%, Err 0 (0.0e+00)
418.582 .... 1576 packets received, 7728 bps, 96.60%, Err 0 (0.0e+00)
420.697 .... 1584 packets received, 7728 bps, 96.60%, Err 0 (0.0e+00)
422.830 .... 1592 packets received, 7728 bps, 96.60%, Err 0 (0.0e+00)
424.947 .... 1600 packets received, 7728 bps, 96.60%, Err 0 (0.0e+00)
427.060 .... 1608 packets received, 7728 bps, 96.60%, Err 0 (0.0e+00)
429.192 .... 1616 packets received, 7728 bps, 96.60%, Err 0 (0.0e+00)
431.306 .... 1624 packets received, 7728 bps, 96.60%, Err 0 (0.0e+00)
433.421 .... 1632 packets received, 7728 bps, 96.60%, Err 0 (0.0e+00)
435.552 .... 1640 packets received, 7728 bps, 96.60%, Err 0 (0.0e+00)
437.669 .... 1648 packets received, 7728 bps, 96.60%, Err 0 (0.0e+00)
439.800 .... 1656 packets received, 7728 bps, 96.60%, Err 0 (0.0e+00)
441.900 .... 1664 packets received, 7728 bps, 96.60%, Err 0 (0.0e+00)
444.017 .... 1672 packets received, 7728 bps, 96.60%, Err 0 (0.0e+00)
446.136 .... 1680 packets received, 7728 bps, 96.60%, Err 0 (0.0e+00)
448.264 .... 1688 packets received, 7728 bps, 96.60%, Err 0 (0.0e+00)
450.387 .... 1696 packets received, 7728 bps, 96.60%, Err 0 (0.0e+00)
452.485 .... 1704 packets received, 7728 bps, 96.60%, Err 0 (0.0e+00)
454.640 .... 1712 packets received, 7728 bps, 96.60%, Err 0 (0.0e+00)
456.724 .... 1720 packets received, 7728 bps, 96.61%, Err 0 (0.0e+00)
458.853 .... 1728 packets received, 7728 bps, 96.60%, Err 0 (0.0e+00)
460.982 .... 1736 packets received, 7728 bps, 96.60%, Err 0 (0.0e+00)
463.078 .... 1744 packets received, 7729 bps, 96.61%, Err 0 (0.0e+00)
465.224 .... 1752 packets received, 7728 bps, 96.60%, Err 0 (0.0e+00)
467.333 .... 1760 packets received, 7728 bps, 96.60%, Err 0 (0.0e+00)
469.446 .... 1768 packets received, 7728 bps, 96.60%, Err 0 (0.0e+00)
471.575 .... 1776 packets received, 7728 bps, 96.60%, Err 0 (0.0e+00)
473.689 .... 1784 packets received, 7728 bps, 96.60%, Err 0 (0.0e+00)
475.806 .... 1792 packets received, 7728 bps, 96.60%, Err 0 (0.0e+00)
477.937 .... 1800 packets received, 7728 bps, 96.60%, Err 0 (0.0e+00)
480.064 .... 1808 packets received, 7728 bps, 96.60%, Err 0 (0.0e+00)
482.176 .... 1816 packets received, 7728 bps, 96.60%, Err 0 (0.0e+00)
484.319 .... 1824 packets received, 7728 bps, 96.60%, Err 0 (0.0e+00)
486.400 .... 1832 packets received, 7728 bps, 96.61%, Err 0 (0.0e+00)
488.545 .... 1840 packets received, 7728 bps, 96.60%, Err 0 (0.0e+00)
490.658 .... 1848 packets received, 7728 bps, 96.60%, Err 0 (0.0e+00)
492.786 .... 1856 packets received, 7728 bps, 96.60%, Err 0 (0.0e+00)
494.897 .... 1864 packets received, 7728 bps, 96.60%, Err 0 (0.0e+00)
497.011 .... 1872 packets received, 7728 bps, 96.60%, Err 0 (0.0e+00)
499.138 .... 1880 packets received, 7728 bps, 96.60%, Err 0 (0.0e+00)
501.264 .... 1888 packets received, 7728 bps, 96.60%, Err 0 (0.0e+00)
503.375 .... 1896 packets received, 7728 bps, 96.60%, Err 0 (0.0e+00)
505.484 .... 1904 packets received, 7728 bps, 96.60%, Err 0 (0.0e+00)
507.611 .... 1912 packets received, 7728 bps, 96.60%, Err 0 (0.0e+00)
509.735 .... 1920 packets received, 7728 bps, 96.60%, Err 0 (0.0e+00)
511.845 .... 1928 packets received, 7728 bps, 96.60%, Err 0 (0.0e+00)
513.958 .... 1936 packets received, 7728 bps, 96.61%, Err 0 (0.0e+00)
516.097 .... 1944 packets received, 7728 bps, 96.60%, Err 0 (0.0e+00)
518.235 .... 1952 packets received, 7728 bps, 96.60%, Err 0 (0.0e+00)
520.331 .... 1960 packets received, 7728 bps, 96.60%, Err 0 (0.0e+00)
522.465 .... 1968 packets received, 7728 bps, 96.60%, Err 0 (0.0e+00)
524.595 .... 1976 packets received, 7728 bps, 96.60%, Err 0 (0.0e+00)
526.692 .... 1984 packets received, 7728 bps, 96.60%, Err 0 (0.0e+00)
528.834 .... 1992 packets received, 7728 bps, 96.60%, Err 0 (0.0e+00)
530.947 .... 2000 packets received, 7728 bps, 96.60%, Err 0 (0.0e+00)
533.072 .... 2008 packets received, 7728 bps, 96.60%, Err 0 (0.0e+00)
535.184 .... 2016 packets received, 7728 bps, 96.60%, Err 0 (0.0e+00)
537.314 .... 2024 packets received, 7728 bps, 96.60%, Err 0 (0.0e+00)
539.428 .... 2032 packets received, 7728 bps, 96.60%, Err 0 (0.0e+00)
541.543 .... 2040 packets received, 7728 bps, 96.60%, Err 0 (0.0e+00)
543.671 .... 2048 packets received, 7728 bps, 96.60%, Err 0 (0.0e+00)
545.783 .... 2056 packets received, 7728 bps, 96.60%, Err 0 (0.0e+00)
547.894 .... 2064 packets received, 7728 bps, 96.60%, Err 0 (0.0e+00)
550.036 .... 2072 packets received, 7728 bps, 96.60%, Err 0 (0.0e+00)
552.134 .... 2080 packets received, 7728 bps, 96.60%, Err 0 (0.0e+00)
554.269 .... 2088 packets received, 7728 bps, 96.60%, Err 0 (0.0e+00)
556.397 .... 2096 packets received, 7728 bps, 96.60%, Err 0 (0.0e+00)
558.494 .... 2104 packets received, 7728 bps, 96.60%, Err 0 (0.0e+00)
560.603 .... 2112 packets received, 7728 bps, 96.60%, Err 0 (0.0e+00)
562.732 .... 2120 packets received, 7728 bps, 96.60%, Err 0 (0.0e+00)
564.840 .... 2128 packets received, 7728 bps, 96.61%, Err 0 (0.0e+00)
566.982 .... 2136 packets received, 7728 bps, 96.60%, Err 0 (0.0e+00)
569.077 .... 2144 packets received, 7728 bps, 96.61%, Err 0 (0.0e+00)
571.220 .... 2152 packets received, 7728 bps, 96.60%, Err 0 (0.0e+00)
573.332 .... 2160 packets received, 7728 bps, 96.60%, Err 0 (0.0e+00)
575.441 .... 2168 packets received, 7728 bps, 96.61%, Err 0 (0.0e+00)
577.596 .... 2176 packets received, 7728 bps, 96.60%, Err 0 (0.0e+00)
579.691 .... 2184 packets received, 7728 bps, 96.60%, Err 0 (0.0e+00)
581.832 .... 2192 packets received, 7728 bps, 96.60%, Err 0 (0.0e+00)
583.943 .... 2200 packets received, 7728 bps, 96.60%, Err 0 (0.0e+00)
586.052 .... 2208 packets received, 7728 bps, 96.60%, Err 0 (0.0e+00)
588.176 .... 2216 packets received, 7728 bps, 96.60%, Err 0 (0.0e+00)
590.303 .... 2224 packets received, 7728 bps, 96.60%, Err 0 (0.0e+00)
592.414 .... 2232 packets received, 7728 bps, 96.60%, Err 0 (0.0e+00)
594.540 .... 2240 packets received, 7728 bps, 96.60%, Err 0 (0.0e+00)
596.665 .... 2248 packets received, 7728 bps, 96.60%, Err 0 (0.0e+00)
598.776 .... 2256 packets received, 7728 bps, 96.60%, Err 0 (0.0e+00)
600.901 .... 2264 packets received, 7728 bps, 96.60%, Err 0 (0.0e+00)
603.014 .... 2272 packets received, 7728 bps, 96.60%, Err 0 (0.0e+00)
605.141 .... 2280 packets received, 7728 bps, 96.60%, Err 0 (0.0e+00)
607.253 .... 2288 packets received, 7728 bps, 96.60%, Err 0 (0.0e+00)
609.365 .... 2296 packets received, 7728 bps, 96.60%, Err 0 (0.0e+00)
611.490 .... 2304 packets received, 7728 bps, 96.60%, Err 0 (0.0e+00)
613.604 .... 2312 packets received, 7728 bps, 96.60%, Err 0 (0.0e+00)
615.733 .... 2320 packets received, 7728 bps, 96.60%, Err 0 (0.0e+00)
617.863 .... 2328 packets received, 7728 bps, 96.60%, Err 0 (0.0e+00)
619.978 .... 2336 packets received, 7728 bps, 96.60%, Err 0 (0.0e+00)
622.078 .... 2344 packets received, 7728 bps, 96.61%, Err 0 (0.0e+00)
624.237 .... 2352 packets received, 7728 bps, 96.60%, Err 0 (0.0e+00)
626.351 .... 2360 packets received, 7728 bps, 96.60%, Err 0 (0.0e+00)
628.463 .... 2368 packets received, 7728 bps, 96.60%, Err 0 (0.0e+00)
630.563 .... 2376 packets received, 7728 bps, 96.60%, Err 0 (0.0e+00)
632.689 .... 2384 packets received, 7728 bps, 96.60%, Err 0 (0.0e+00)
634.821 .... 2392 packets received, 7728 bps, 96.60%, Err 0 (0.0e+00)
636.937 .... 2400 packets received, 7728 bps, 96.60%, Err 0 (0.0e+00)
639.055 .... 2408 packets received, 7728 bps, 96.60%, Err 0 (0.0e+00)
641.170 .... 2416 packets received, 7728 bps, 96.60%, Err 0 (0.0e+00)
643.285 .... 2424 packets received, 7728 bps, 96.60%, Err 0 (0.0e+00)
645.428 .... 2432 packets received, 7728 bps, 96.60%, Err 0 (0.0e+00)
647.524 .... 2440 packets received, 7728 bps, 96.60%, Err 0 (0.0e+00)
649.653 .... 2448 packets received, 7728 bps, 96.60%, Err 0 (0.0e+00)
651.783 .... 2456 packets received, 7728 bps, 96.60%, Err 0 (0.0e+00)
653.882 .... 2464 packets received, 7728 bps, 96.60%, Err 0 (0.0e+00)
656.026 .... 2472 packets received, 7728 bps, 96.60%, Err 0 (0.0e+00)
658.123 .... 2480 packets received, 7728 bps, 96.60%, Err 0 (0.0e+00)
660.251 .... 2488 packets received, 7728 bps, 96.60%, Err 0 (0.0e+00)
662.395 .... 2496 packets received, 7728 bps, 96.60%, Err 0 (0.0e+00)
664.492 .... 2504 packets received, 7728 bps, 96.60%, Err 0 (0.0e+00)
666.605 .... 2512 packets received, 7728 bps, 96.60%, Err 0 (0.0e+00)
668.736 .... 2520 packets received, 7728 bps, 96.60%, Err 0 (0.0e+00)
670.866 .... 2528 packets received, 7728 bps, 96.60%, Err 0 (0.0e+00)
672.978 .... 2536 packets received, 7728 bps, 96.60%, Err 0 (0.0e+00)
675.076 .... 2544 packets received, 7728 bps, 96.61%, Err 0 (0.0e+00)
677.221 .... 2552 packets received, 7728 bps, 96.60%, Err 0 (0.0e+00)
679.320 .... 2560 packets received, 7728 bps, 96.61%, Err 0 (0.0e+00)
681.469 .... 2568 packets received, 7728 bps, 96.60%, Err 0 (0.0e+00)
683.581 .... 2576 packets received, 7728 bps, 96.60%, Err 0 (0.0e+00)
685.713 .... 2584 packets received, 7728 bps, 96.60%, Err 0 (0.0e+00)
687.824 .... 2592 packets received, 7728 bps, 96.60%, Err 0 (0.0e+00)
689.944 .... 2600 packets received, 7728 bps, 96.60%, Err 0 (0.0e+00)
692.076 .... 2608 packets received, 7728 bps, 96.60%, Err 0 (0.0e+00)
694.179 .... 2616 packets received, 7728 bps, 96.60%, Err 0 (0.0e+00)
696.314 .... 2624 packets received, 7728 bps, 96.60%, Err 0 (0.0e+00)
698.410 .... 2632 packets received, 7728 bps, 96.60%, Err 0 (0.0e+00)
700.536 .... 2640 packets received, 7728 bps, 96.60%, Err 0 (0.0e+00)
702.648 .... 2648 packets received, 7728 bps, 96.60%, Err 0 (0.0e+00)
704.759 .... 2656 packets received, 7728 bps, 96.61%, Err 0 (0.0e+00)
706.902 .... 2664 packets received, 7728 bps, 96.60%, Err 0 (0.0e+00)
709.009 .... 2672 packets received, 7728 bps, 96.60%, Err 0 (0.0e+00)
711.136 .... 2680 packets received, 7728 bps, 96.60%, Err 0 (0.0e+00)
713.264 .... 2688 packets received, 7728 bps, 96.60%, Err 0 (0.0e+00)
715.360 .... 2696 packets received, 7728 bps, 96.61%, Err 0 (0.0e+00)
717.505 .... 2704 packets received, 7728 bps, 96.60%, Err 0 (0.0e+00)
719.630 .... 2712 packets received, 7728 bps, 96.60%, Err 0 (0.0e+00)
721.727 .... 2720 packets received, 7728 bps, 96.60%, Err 0 (0.0e+00)
723.851 .... 2728 packets received, 7728 bps, 96.60%, Err 0 (0.0e+00)
725.976 .... 2736 packets received, 7728 bps, 96.60%, Err 0 (0.0e+00)
728.088 .... 2744 packets received, 7728 bps, 96.60%, Err 0 (0.0e+00)
730.200 .... 2752 packets received, 7728 bps, 96.61%, Err 0 (0.0e+00)
732.357 .... 2760 packets received, 7728 bps, 96.60%, Err 0 (0.0e+00)
734.470 .... 2768 packets received, 7728 bps, 96.60%, Err 0 (0.0e+00)
736.583 .... 2776 packets received, 7728 bps, 96.60%, Err 0 (0.0e+00)
738.679 .... 2784 packets received, 7728 bps, 96.61%, Err 0 (0.0e+00)
740.806 .... 2792 packets received, 7728 bps, 96.60%, Err 0 (0.0e+00)
742.947 .... 2800 packets received, 7728 bps, 96.60%, Err 0 (0.0e+00)
745.054 .... 2808 packets received, 7728 bps, 96.60%, Err 0 (0.0e+00)
747.172 .... 2816 packets received, 7728 bps, 96.60%, Err 0 (0.0e+00)
749.307 .... 2824 packets received, 7728 bps, 96.60%, Err 0 (0.0e+00)
751.433 .... 2832 packets received, 7728 bps, 96.60%, Err 0 (0.0e+00)
753.529 .... 2840 packets received, 7728 bps, 96.60%, Err 0 (0.0e+00)
755.672 .... 2848 packets received, 7728 bps, 96.60%, Err 0 (0.0e+00)
757.781 .... 2856 packets received, 7728 bps, 96.60%, Err 0 (0.0e+00)
759.880 .... 2864 packets received, 7728 bps, 96.61%, Err 0 (0.0e+00)
762.036 .... 2872 packets received, 7728 bps, 96.60%, Err 0 (0.0e+00)
764.135 .... 2880 packets received, 7728 bps, 96.60%, Err 0 (0.0e+00)
766.246 .... 2888 packets received, 7728 bps, 96.60%, Err 0 (0.0e+00)
768.372 .... 2896 packets received, 7728 bps, 96.60%, Err 0 (0.0e+00)
770.515 .... 2904 packets received, 7728 bps, 96.60%, Err 0 (0.0e+00)
772.627 .... 2912 packets received, 7728 bps, 96.60%, Err 0 (0.0e+00)
774.741 .... 2920 packets received, 7728 bps, 96.60%, Err 0 (0.0e+00)
776.852 .... 2928 packets received, 7728 bps, 96.60%, Err 0 (0.0e+00)
778.981 .... 2936 packets received, 7728 bps, 96.60%, Err 0 (0.0e+00)
781.092 .... 2944 packets received, 7728 bps, 96.60%, Err 0 (0.0e+00)
783.219 .... 2952 packets received, 7728 bps, 96.60%, Err 0 (0.0e+00)
785.331 .... 2960 packets received, 7728 bps, 96.60%, Err 0 (0.0e+00)
787.443 .... 2968 packets received, 7728 bps, 96.60%, Err 0 (0.0e+00)
789.556 .... 2976 packets received, 7728 bps, 96.61%, Err 0 (0.0e+00)
791.680 .... 2984 packets received, 7728 bps, 96.60%, Err 0 (0.0e+00)
793.823 .... 2992 packets received, 7728 bps, 96.60%, Err 0 (0.0e+00)
795.920 .... 3000 packets received, 7728 bps, 96.60%, Err 0 (0.0e+00)
798.074 .... 3008 packets received, 7728 bps, 96.60%, Err 0 (0.0e+00)
800.179 .... 3016 packets received, 7728 bps, 96.60%, Err 0 (0.0e+00)
802.291 .... 3024 packets received, 7728 bps, 96.60%, Err 0 (0.0e+00)
804.417 .... 3032 packets received, 7728 bps, 96.60%, Err 0 (0.0e+00)
806.531 .... 3040 packets received, 7728 bps, 96.60%, Err 0 (0.0e+00)
808.678 .... 3048 packets received, 7728 bps, 96.60%, Err 0 (0.0e+00)
810.774 .... 3056 packets received, 7728 bps, 96.60%, Err 0 (0.0e+00)
812.897 .... 3064 packets received, 7728 bps, 96.60%, Err 0 (0.0e+00)
815.019 .... 3072 packets received, 7728 bps, 96.60%, Err 0 (0.0e+00)
817.127 .... 3080 packets received, 7728 bps, 96.60%, Err 0 (0.0e+00)
819.256 .... 3088 packets received, 7728 bps, 96.60%, Err 0 (0.0e+00)
821.366 .... 3096 packets received, 7728 bps, 96.60%, Err 0 (0.0e+00)
823.479 .... 3104 packets received, 7728 bps, 96.61%, Err 0 (0.0e+00)
825.609 .... 3112 packets received, 7728 bps, 96.60%, Err 0 (0.0e+00)
827.736 .... 3120 packets received, 7728 bps, 96.60%, Err 0 (0.0e+00)
829.849 .... 3128 packets received, 7728 bps, 96.60%, Err 0 (0.0e+00)
831.968 .... 3136 packets received, 7728 bps, 96.60%, Err 0 (0.0e+00)
834.083 .... 3144 packets received, 7728 bps, 96.60%, Err 0 (0.0e+00)
836.227 .... 3152 packets received, 7728 bps, 96.60%, Err 0 (0.0e+00)
838.342 .... 3160 packets received, 7728 bps, 96.60%, Err 0 (0.0e+00)
840.439 .... 3168 packets received, 7728 bps, 96.61%, Err 0 (0.0e+00)
842.569 .... 3176 packets received, 7728 bps, 96.60%, Err 0 (0.0e+00)
844.711 .... 3184 packets received, 7728 bps, 96.60%, Err 0 (0.0e+00)
846.807 .... 3192 packets received, 7728 bps, 96.60%, Err 0 (0.0e+00)
848.922 .... 3200 packets received, 7728 bps, 96.60%, Err 0 (0.0e+00)
851.063 .... 3208 packets received, 7728 bps, 96.60%, Err 0 (0.0e+00)
853.160 .... 3216 packets received, 7728 bps, 96.60%, Err 0 (0.0e+00)
855.292 .... 3224 packets received, 7728 bps, 96.60%, Err 0 (0.0e+00)
857.413 .... 3232 packets received, 7728 bps, 96.60%, Err 0 (0.0e+00)
859.535 .... 3240 packets received, 7728 bps, 96.60%, Err 0 (0.0e+00)
861.657 .... 3248 packets received, 7728 bps, 96.60%, Err 0 (0.0e+00)
863.771 .... 3256 packets received, 7728 bps, 96.60%, Err 0 (0.0e+00)
865.902 .... 3264 packets received, 7728 bps, 96.60%, Err 0 (0.0e+00)
868.017 .... 3272 packets received, 7728 bps, 96.60%, Err 0 (0.0e+00)
870.134 .... 3280 packets received, 7728 bps, 96.60%, Err 0 (0.0e+00)
872.275 .... 3288 packets received, 7728 bps, 96.60%, Err 0 (0.0e+00)
874.379 .... 3296 packets received, 7728 bps, 96.60%, Err 0 (0.0e+00)
876.496 .... 3304 packets received, 7728 bps, 96.60%, Err 0 (0.0e+00)
878.628 .... 3312 packets received, 7728 bps, 96.60%, Err 0 (0.0e+00)
880.730 .... 3320 packets received, 7728 bps, 96.60%, Err 0 (0.0e+00)
882.865 .... 3328 packets received, 7728 bps, 96.60%, Err 0 (0.0e+00)
884.968 .... 3336 packets received, 7728 bps, 96.60%, Err 0 (0.0e+00)
887.102 .... 3344 packets received, 7728 bps, 96.60%, Err 0 (0.0e+00)
889.203 .... 3352 packets received, 7728 bps, 96.60%, Err 0 (0.0e+00)
891.338 .... 3360 packets received, 7728 bps, 96.60%, Err 0 (0.0e+00)
893.460 .... 3368 packets received, 7728 bps, 96.60%, Err 0 (0.0e+00)
895.564 .... 3376 packets received, 7728 bps, 96.60%, Err 0 (0.0e+00)
897.683 .... 3384 packets received, 7728 bps, 96.60%, Err 0 (0.0e+00)
899.826 .... 3392 packets received, 7728 bps, 96.60%, Err 0 (0.0e+00)
901.919 .... 3400 packets received, 7728 bps, 96.60%, Err 0 (0.0e+00)
904.047 .... 3408 packets received, 7728 bps, 96.60%, Err 0 (0.0e+00)
906.178 .... 3416 packets received, 7728 bps, 96.60%, Err 0 (0.0e+00)
908.302 .... 3424 packets received, 7728 bps, 96.60%, Err 0 (0.0e+00)
910.412 .... 3432 packets received, 7728 bps, 96.60%, Err 0 (0.0e+00)
912.539 .... 3440 packets received, 7728 bps, 96.60%, Err 0 (0.0e+00)
914.654 .... 3448 packets received, 7728 bps, 96.60%, Err 0 (0.0e+00)
916.787 .... 3456 packets received, 7728 bps, 96.60%, Err 0 (0.0e+00)
918.903 .... 3464 packets received, 7728 bps, 96.60%, Err 0 (0.0e+00)
921.009 .... 3472 packets received, 7728 bps, 96.60%, Err 0 (0.0e+00)
923.129 .... 3480 packets received, 7728 bps, 96.60%, Err 0 (0.0e+00)
925.259 .... 3488 packets received, 7728 bps, 96.60%, Err 0 (0.0e+00)
927.374 .... 3496 packets received, 7728 bps, 96.60%, Err 0 (0.0e+00)
929.503 .... 3504 packets received, 7728 bps, 96.60%, Err 0 (0.0e+00)
931.602 .... 3512 packets received, 7728 bps, 96.60%, Err 0 (0.0e+00)
933.745 .... 3520 packets received, 7728 bps, 96.60%, Err 0 (0.0e+00)
935.861 .... 3528 packets received, 7728 bps, 96.60%, Err 0 (0.0e+00)
937.974 .... 3536 packets received, 7728 bps, 96.60%, Err 0 (0.0e+00)
940.077 .... 3544 packets received, 7728 bps, 96.61%, Err 0 (0.0e+00)
942.207 .... 3552 packets received, 7728 bps, 96.60%, Err 0 (0.0e+00)
944.335 .... 3560 packets received, 7728 bps, 96.60%, Err 0 (0.0e+00)
946.465 .... 3568 packets received, 7728 bps, 96.60%, Err 0 (0.0e+00)
948.578 .... 3576 packets received, 7728 bps, 96.60%, Err 0 (0.0e+00)
950.704 .... 3584 packets received, 7728 bps, 96.60%, Err 0 (0.0e+00)
952.817 .... 3592 packets received, 7728 bps, 96.60%, Err 0 (0.0e+00)
954.917 .... 3600 packets received, 7728 bps, 96.61%, Err 0 (0.0e+00)
957.046 .... 3608 packets received, 7728 bps, 96.60%, Err 0 (0.0e+00)
959.175 .... 3616 packets received, 7728 bps, 96.60%, Err 0 (0.0e+00)
961.286 .... 3624 packets received, 7728 bps, 96.60%, Err 0 (0.0e+00)
963.399 .... 3632 packets received, 7728 bps, 96.60%, Err 0 (0.0e+00)
965.544 .... 3640 packets received, 7728 bps, 96.60%, Err 0 (0.0e+00)
967.643 .... 3648 packets received, 7728 bps, 96.60%, Err 0 (0.0e+00)
969.772 .... 3656 packets received, 7728 bps, 96.60%, Err 0 (0.0e+00)
971.901 .... 3664 packets received, 7728 bps, 96.60%, Err 0 (0.0e+00)
974.015 .... 3672 packets received, 7728 bps, 96.60%, Err 0 (0.0e+00)
976.146 .... 3680 packets received, 7728 bps, 96.60%, Err 0 (0.0e+00)
978.255 .... 3688 packets received, 7728 bps, 96.60%, Err 0 (0.0e+00)
980.368 .... 3696 packets received, 7728 bps, 96.60%, Err 0 (0.0e+00)
982.499 .... 3704 packets received, 7728 bps, 96.60%, Err 0 (0.0e+00)
984.626 .... 3712 packets received, 7728 bps, 96.60%, Err 0 (0.0e+00)
986.738 .... 3720 packets received, 7728 bps, 96.60%, Err 0 (0.0e+00)
988.883 .... 3728 packets received, 7728 bps, 96.60%, Err 0 (0.0e+00)
990.982 .... 3736 packets received, 7728 bps, 96.60%, Err 0 (0.0e+00)
993.096 .... 3744 packets received, 7728 bps, 96.60%, Err 0 (0.0e+00)
995.209 .... 3752 packets received, 7728 bps, 96.60%, Err 0 (0.0e+00)
997.337 .... 3760 packets received, 7728 bps, 96.60%, Err 0 (0.0e+00)
999.464 .... 3768 packets received, 7728 bps, 96.60%, Err 0 (0.0e+00)
1001.562 .... 3776 packets received, 7728 bps, 96.60%, Err 0 (0.0e+00)
1003.694 .... 3784 packets received, 7728 bps, 96.60%, Err 0 (0.0e+00)
1005.824 .... 3792 packets received, 7728 bps, 96.60%, Err 0 (0.0e+00)
1007.938 .... 3800 packets received, 7728 bps, 96.60%, Err 0 (0.0e+00)
1010.051 .... 3808 packets received, 7728 bps, 96.60%, Err 0 (0.0e+00)
1012.167 .... 3816 packets received, 7728 bps, 96.60%, Err 0 (0.0e+00)
1014.296 .... 3824 packets received, 7728 bps, 96.60%, Err 0 (0.0e+00)
1016.412 .... 3832 packets received, 7728 bps, 96.60%, Err 0 (0.0e+00)
1018.526 .... 3840 packets received, 7728 bps, 96.60%, Err 0 (0.0e+00)
1020.640 .... 3848 packets received, 7728 bps, 96.60%, Err 0 (0.0e+00)
1022.799 .... 3856 packets received, 7728 bps, 96.60%, Err 0 (0.0e+00)
1024.916 .... 3864 packets received, 7728 bps, 96.60%, Err 0 (0.0e+00)
1027.030 .... 3872 packets received, 7728 bps, 96.60%, Err 0 (0.0e+00)
1029.128 .... 3880 packets received, 7728 bps, 96.60%, Err 0 (0.0e+00)
1031.241 .... 3888 packets received, 7728 bps, 96.60%, Err 0 (0.0e+00)
1033.382 .... 3896 packets received, 7728 bps, 96.60%, Err 0 (0.0e+00)
1035.505 .... 3904 packets received, 7728 bps, 96.60%, Err 0 (0.0e+00)
1037.619 .... 3912 packets received, 7728 bps, 96.60%, Err 0 (0.0e+00)
1039.720 .... 3920 packets received, 7728 bps, 96.60%, Err 0 (0.0e+00)
1041.866 .... 3928 packets received, 7728 bps, 96.60%, Err 0 (0.0e+00)
1043.981 .... 3936 packets received, 7728 bps, 96.60%, Err 0 (0.0e+00)
1046.095 .... 3944 packets received, 7728 bps, 96.60%, Err 0 (0.0e+00)
1048.215 .... 3952 packets received, 7728 bps, 96.60%, Err 0 (0.0e+00)
1050.332 .... 3960 packets received, 7728 bps, 96.60%, Err 0 (0.0e+00)
1052.449 .... 3968 packets received, 7728 bps, 96.60%, Err 0 (0.0e+00)
1054.581 .... 3976 packets received, 7728 bps, 96.60%, Err 0 (0.0e+00)
1056.707 .... 3984 packets received, 7728 bps, 96.60%, Err 0 (0.0e+00)
1058.815 .... 3992 packets received, 7728 bps, 96.60%, Err 0 (0.0e+00)
1060.955 .... 4000 packets received, 7728 bps, 96.60%, Err 0 (0.0e+00)
1063.060 .... 4008 packets received, 7728 bps, 96.60%, Err 0 (0.0e+00)
1065.172 .... 4016 packets received, 7728 bps, 96.60%, Err 0 (0.0e+00)
1067.290 .... 4024 packets received, 7728 bps, 96.60%, Err 0 (0.0e+00)
1069.421 .... 4032 packets received, 7728 bps, 96.60%, Err 0 (0.0e+00)
1071.535 .... 4040 packets received, 7728 bps, 96.60%, Err 0 (0.0e+00)
1073.669 .... 4048 packets received, 7728 bps, 96.60%, Err 0 (0.0e+00)
1075.770 .... 4056 packets received, 7728 bps, 96.60%, Err 0 (0.0e+00)
1077.882 .... 4064 packets received, 7728 bps, 96.60%, Err 0 (0.0e+00)
1080.014 .... 4072 packets received, 7728 bps, 96.60%, Err 0 (0.0e+00)
1082.145 .... 4080 packets received, 7728 bps, 96.60%, Err 0 (0.0e+00)
1084.248 .... 4088 packets received, 7728 bps, 96.60%, Err 0 (0.0e+00)
1086.365 .... 4096 packets received, 7728 bps, 96.60%, Err 0 (0.0e+00)
1088.495 .... 4104 packets received, 7728 bps, 96.60%, Err 0 (0.0e+00)
1090.611 .... 4112 packets received, 7728 bps, 96.60%, Err 0 (0.0e+00)
1092.728 .... 4120 packets received, 7728 bps, 96.60%, Err 0 (0.0e+00)
1094.861 .... 4128 packets received, 7728 bps, 96.60%, Err 0 (0.0e+00)
1096.991 .... 4136 packets received, 7728 bps, 96.60%, Err 0 (0.0e+00)
1099.108 .... 4144 packets received, 7728 bps, 96.60%, Err 0 (0.0e+00)
1101.227 .... 4152 packets received, 7728 bps, 96.60%, Err 0 (0.0e+00)
1103.325 .... 4160 packets received, 7728 bps, 96.60%, Err 0 (0.0e+00)
1105.440 .... 4168 packets received, 7728 bps, 96.60%, Err 0 (0.0e+00)
1107.585 .... 4176 packets received, 7728 bps, 96.60%, Err 0 (0.0e+00)
1109.701 .... 4184 packets received, 7728 bps, 96.60%, Err 0 (0.0e+00)
1111.815 .... 4192 packets received, 7728 bps, 96.60%, Err 0 (0.0e+00)
1113.931 .... 4200 packets received, 7728 bps, 96.60%, Err 0 (0.0e+00)
1116.060 .... 4208 packets received, 7728 bps, 96.60%, Err 0 (0.0e+00)
1118.173 .... 4216 packets received, 7728 bps, 96.60%, Err 0 (0.0e+00)
1120.303 .... 4224 packets received, 7728 bps, 96.60%, Err 0 (0.0e+00)
1122.398 .... 4232 packets received, 7728 bps, 96.60%, Err 0 (0.0e+00)
1124.529 .... 4240 packets received, 7728 bps, 96.60%, Err 0 (0.0e+00)
1126.658 .... 4248 packets received, 7728 bps, 96.60%, Err 0 (0.0e+00)
1128.758 .... 4256 packets received, 7728 bps, 96.60%, Err 0 (0.0e+00)
1130.902 .... 4264 packets received, 7728 bps, 96.60%, Err 0 (0.0e+00)
1133.031 .... 4272 packets received, 7728 bps, 96.60%, Err 0 (0.0e+00)
1135.131 .... 4280 packets received, 7728 bps, 96.60%, Err 0 (0.0e+00)
1137.258 .... 4288 packets received, 7728 bps, 96.60%, Err 0 (0.0e+00)
1139.387 .... 4296 packets received, 7728 bps, 96.60%, Err 0 (0.0e+00)
1141.487 .... 4304 packets received, 7728 bps, 96.60%, Err 0 (0.0e+00)
1143.616 .... 4312 packets received, 7728 bps, 96.60%, Err 0 (0.0e+00)
1145.758 .... 4320 packets received, 7728 bps, 96.60%, Err 0 (0.0e+00)
1147.855 .... 4328 packets received, 7728 bps, 96.60%, Err 0 (0.0e+00)
1149.991 .... 4336 packets received, 7728 bps, 96.60%, Err 0 (0.0e+00)
1152.104 .... 4344 packets received, 7728 bps, 96.60%, Err 0 (0.0e+00)
1154.219 .... 4352 packets received, 7728 bps, 96.60%, Err 0 (0.0e+00)
1156.331 .... 4360 packets received, 7728 bps, 96.60%, Err 0 (0.0e+00)
1158.458 .... 4368 packets received, 7728 bps, 96.60%, Err 0 (0.0e+00)
1160.585 .... 4376 packets received, 7728 bps, 96.60%, Err 0 (0.0e+00)
1162.712 .... 4384 packets received, 7728 bps, 96.60%, Err 0 (0.0e+00)
1164.830 .... 4392 packets received, 7728 bps, 96.60%, Err 0 (0.0e+00)
1166.943 .... 4400 packets received, 7728 bps, 96.60%, Err 0 (0.0e+00)
1169.073 .... 4408 packets received, 7728 bps, 96.60%, Err 0 (0.0e+00)
1171.189 .... 4416 packets received, 7728 bps, 96.60%, Err 0 (0.0e+00)
1173.302 .... 4424 packets received, 7728 bps, 96.60%, Err 0 (0.0e+00)
1175.416 .... 4432 packets received, 7728 bps, 96.60%, Err 0 (0.0e+00)
1177.543 .... 4440 packets received, 7728 bps, 96.60%, Err 0 (0.0e+00)
1179.659 .... 4448 packets received, 7728 bps, 96.60%, Err 0 (0.0e+00)
1181.783 .... 4456 packets received, 7728 bps, 96.60%, Err 0 (0.0e+00)
1183.904 .... 4464 packets received, 7728 bps, 96.60%, Err 0 (0.0e+00)
1186.030 .... 4472 packets received, 7728 bps, 96.60%, Err 0 (0.0e+00)
1188.137 .... 4480 packets received, 7728 bps, 96.60%, Err 0 (0.0e+00)
1190.255 .... 4488 packets received, 7728 bps, 96.60%, Err 0 (0.0e+00)
1192.384 .... 4496 packets received, 7728 bps, 96.60%, Err 0 (0.0e+00)
1194.509 .... 4504 packets received, 7728 bps, 96.60%, Err 0 (0.0e+00)
1196.623 .... 4512 packets received, 7728 bps, 96.60%, Err 0 (0.0e+00)
1198.744 .... 4520 packets received, 7728 bps, 96.60%, Err 0 (0.0e+00)
1200.019 Quit.
