     1 00000000                                 [FORMAT "WCOFF"]
     2 00000000                                 [INSTRSET "i486p"]
     3 00000000                                 [OPTIMIZE 1]
     4 00000000                                 [OPTION 1]
     5 00000000                                 [BITS 32]
     6 00000000                                 	EXTERN	_table_rgb.0
     7 00000000                                 	EXTERN	_io_load_eflags
     8 00000000                                 	EXTERN	_io_cli
     9 00000000                                 	EXTERN	_io_out8
    10 00000000                                 	EXTERN	_io_store_eflags
    11 00000000                                 	EXTERN	_hankaku
    12 00000000                                 [FILE "graphic.c"]
    13                                          [SECTION .data]
    14 00000000                                 _table_rgb.0:
    15 00000000 00                              	DB	0
    16 00000001 00                              	DB	0
    17 00000002 00                              	DB	0
    18 00000003 FF                              	DB	-1
    19 00000004 00                              	DB	0
    20 00000005 00                              	DB	0
    21 00000006 00                              	DB	0
    22 00000007 FF                              	DB	-1
    23 00000008 00                              	DB	0
    24 00000009 FF                              	DB	-1
    25 0000000A FF                              	DB	-1
    26 0000000B 00                              	DB	0
    27 0000000C 00                              	DB	0
    28 0000000D 00                              	DB	0
    29 0000000E FF                              	DB	-1
    30 0000000F FF                              	DB	-1
    31 00000010 00                              	DB	0
    32 00000011 FF                              	DB	-1
    33 00000012 00                              	DB	0
    34 00000013 FF                              	DB	-1
    35 00000014 FF                              	DB	-1
    36 00000015 FF                              	DB	-1
    37 00000016 FF                              	DB	-1
    38 00000017 FF                              	DB	-1
    39 00000018 C6                              	DB	-58
    40 00000019 C6                              	DB	-58
    41 0000001A C6                              	DB	-58
    42 0000001B 84                              	DB	-124
    43 0000001C 00                              	DB	0
    44 0000001D 00                              	DB	0
    45 0000001E 00                              	DB	0
    46 0000001F 84                              	DB	-124
    47 00000020 00                              	DB	0
    48 00000021 84                              	DB	-124
    49 00000022 84                              	DB	-124
    50 00000023 00                              	DB	0
    51 00000024 00                              	DB	0
    52 00000025 00                              	DB	0
    53 00000026 84                              	DB	-124
    54 00000027 84                              	DB	-124
    55 00000028 00                              	DB	0
    56 00000029 84                              	DB	-124
    57 0000002A 00                              	DB	0
    58 0000002B 84                              	DB	-124
    59 0000002C 84                              	DB	-124
    60 0000002D 84                              	DB	-124
    61 0000002E 84                              	DB	-124
    62 0000002F 84                              	DB	-124
    63                                          [SECTION .text]
    64 00000000                                 	GLOBAL	_init_palette
    65 00000000                                 _init_palette:
    66 00000000 55                              	PUSH	EBP
    67 00000001 89 E5                           	MOV	EBP,ESP
    68 00000003 68 [00000000]                   	PUSH	_table_rgb.0
    69 00000008 6A 0F                           	PUSH	15
    70 0000000A 6A 00                           	PUSH	0
    71 0000000C E8 00000002                     	CALL	_set_palette
    72 00000011 C9                              	LEAVE
    73 00000012 C3                              	RET
    74 00000013                                 	GLOBAL	_set_palette
    75 00000013                                 _set_palette:
    76 00000013 55                              	PUSH	EBP
    77 00000014 89 E5                           	MOV	EBP,ESP
    78 00000016 57                              	PUSH	EDI
    79 00000017 56                              	PUSH	ESI
    80 00000018 53                              	PUSH	EBX
    81 00000019 51                              	PUSH	ECX
    82 0000001A 8B 5D 08                        	MOV	EBX,DWORD [8+EBP]
    83 0000001D 8B 7D 0C                        	MOV	EDI,DWORD [12+EBP]
    84 00000020 8B 75 10                        	MOV	ESI,DWORD [16+EBP]
    85 00000023 E8 [00000000]                   	CALL	_io_load_eflags
    86 00000028 89 45 F0                        	MOV	DWORD [-16+EBP],EAX
    87 0000002B E8 [00000000]                   	CALL	_io_cli
    88 00000030 53                              	PUSH	EBX
    89 00000031 68 000003C8                     	PUSH	968
    90 00000036 E8 [00000000]                   	CALL	_io_out8
    91 0000003B 39 FB                           	CMP	EBX,EDI
    92 0000003D 58                              	POP	EAX
    93 0000003E 5A                              	POP	EDX
    94 0000003F 7E 12                           	JLE	L7
    95 00000041                                 L9:
    96 00000041 8B 45 F0                        	MOV	EAX,DWORD [-16+EBP]
    97 00000044 89 45 08                        	MOV	DWORD [8+EBP],EAX
    98 00000047 8D 65 F4                        	LEA	ESP,DWORD [-12+EBP]
    99 0000004A 5B                              	POP	EBX
   100 0000004B 5E                              	POP	ESI
   101 0000004C 5F                              	POP	EDI
   102 0000004D 5D                              	POP	EBP
   103 0000004E E9 [00000000]                   	JMP	_io_store_eflags
   104 00000053                                 L7:
   105 00000053 8A 06                           	MOV	AL,BYTE [ESI]
   106 00000055 43                              	INC	EBX
   107 00000056 C0 E8 02                        	SHR	AL,2
   108 00000059 0F B6 C0                        	MOVZX	EAX,AL
   109 0000005C 50                              	PUSH	EAX
   110 0000005D 68 000003C9                     	PUSH	969
   111 00000062 E8 [00000000]                   	CALL	_io_out8
   112 00000067 8A 46 01                        	MOV	AL,BYTE [1+ESI]
   113 0000006A C0 E8 02                        	SHR	AL,2
   114 0000006D 0F B6 C0                        	MOVZX	EAX,AL
   115 00000070 50                              	PUSH	EAX
   116 00000071 68 000003C9                     	PUSH	969
   117 00000076 E8 [00000000]                   	CALL	_io_out8
   118 0000007B 8A 46 02                        	MOV	AL,BYTE [2+ESI]
   119 0000007E C0 E8 02                        	SHR	AL,2
   120 00000081 83 C6 03                        	ADD	ESI,3
   121 00000084 0F B6 C0                        	MOVZX	EAX,AL
   122 00000087 50                              	PUSH	EAX
   123 00000088 68 000003C9                     	PUSH	969
   124 0000008D E8 [00000000]                   	CALL	_io_out8
   125 00000092 83 C4 18                        	ADD	ESP,24
   126 00000095 39 FB                           	CMP	EBX,EDI
   127 00000097 7E BA                           	JLE	L7
   128 00000099 EB A6                           	JMP	L9
   129 0000009B                                 	GLOBAL	_boxfill8
   130 0000009B                                 _boxfill8:
   131 0000009B 55                              	PUSH	EBP
   132 0000009C 89 E5                           	MOV	EBP,ESP
   133 0000009E 57                              	PUSH	EDI
   134 0000009F 56                              	PUSH	ESI
   135 000000A0 53                              	PUSH	EBX
   136 000000A1 56                              	PUSH	ESI
   137 000000A2 8B 7D 20                        	MOV	EDI,DWORD [32+EBP]
   138 000000A5 8A 45 10                        	MOV	AL,BYTE [16+EBP]
   139 000000A8 8B 5D 18                        	MOV	EBX,DWORD [24+EBP]
   140 000000AB 88 45 F3                        	MOV	BYTE [-13+EBP],AL
   141 000000AE 39 FB                           	CMP	EBX,EDI
   142 000000B0 7F 4C                           	JG	L10
   143 000000B2 8B 75 0C                        	MOV	ESI,DWORD [12+EBP]
   144 000000B5 0F AF F3                        	IMUL	ESI,EBX
   145 000000B8                                 L22:
   146 000000B8 0F BF 05 00000FF6               	MOVSX	EAX,WORD [4086]
   147 000000BF 39 C3                           	CMP	EBX,EAX
   148 000000C1 7D 3B                           	JGE	L10
   149 000000C3 8B 55 14                        	MOV	EDX,DWORD [20+EBP]
   150 000000C6 3B 55 1C                        	CMP	EDX,DWORD [28+EBP]
   151 000000C9 7F 2B                           	JG	L13
   152 000000CB 0F BF 05 00000FF4               	MOVSX	EAX,WORD [4084]
   153 000000D2 39 C2                           	CMP	EDX,EAX
   154 000000D4 7D 20                           	JGE	L13
   155 000000D6 8B 4D 08                        	MOV	ECX,DWORD [8+EBP]
   156 000000D9 8D 04 31                        	LEA	EAX,DWORD [ECX+ESI*1]
   157 000000DC 8D 0C 10                        	LEA	ECX,DWORD [EAX+EDX*1]
   158 000000DF                                 L21:
   159 000000DF 8A 45 F3                        	MOV	AL,BYTE [-13+EBP]
   160 000000E2 42                              	INC	EDX
   161 000000E3 88 01                           	MOV	BYTE [ECX],AL
   162 000000E5 41                              	INC	ECX
   163 000000E6 3B 55 1C                        	CMP	EDX,DWORD [28+EBP]
   164 000000E9 7F 0B                           	JG	L13
   165 000000EB 0F BF 05 00000FF4               	MOVSX	EAX,WORD [4084]
   166 000000F2 39 C2                           	CMP	EDX,EAX
   167 000000F4 7C E9                           	JL	L21
   168 000000F6                                 L13:
   169 000000F6 43                              	INC	EBX
   170 000000F7 03 75 0C                        	ADD	ESI,DWORD [12+EBP]
   171 000000FA 39 FB                           	CMP	EBX,EDI
   172 000000FC 7E BA                           	JLE	L22
   173 000000FE                                 L10:
   174 000000FE 5B                              	POP	EBX
   175 000000FF 5B                              	POP	EBX
   176 00000100 5E                              	POP	ESI
   177 00000101 5F                              	POP	EDI
   178 00000102 5D                              	POP	EBP
   179 00000103 C3                              	RET
   180 00000104                                 	GLOBAL	_init_screen8
   181 00000104                                 _init_screen8:
   182 00000104 55                              	PUSH	EBP
   183 00000105 89 E5                           	MOV	EBP,ESP
   184 00000107 57                              	PUSH	EDI
   185 00000108 56                              	PUSH	ESI
   186 00000109 53                              	PUSH	EBX
   187 0000010A 83 EC 0C                        	SUB	ESP,12
   188 0000010D 8B 45 10                        	MOV	EAX,DWORD [16+EBP]
   189 00000110 8B 7D 0C                        	MOV	EDI,DWORD [12+EBP]
   190 00000113 83 E8 1D                        	SUB	EAX,29
   191 00000116 4F                              	DEC	EDI
   192 00000117 50                              	PUSH	EAX
   193 00000118 57                              	PUSH	EDI
   194 00000119 6A 00                           	PUSH	0
   195 0000011B 6A 00                           	PUSH	0
   196 0000011D 6A 0E                           	PUSH	14
   197 0000011F FF 75 0C                        	PUSH	DWORD [12+EBP]
   198 00000122 FF 75 08                        	PUSH	DWORD [8+EBP]
   199 00000125 E8 FFFFFF71                     	CALL	_boxfill8
   200 0000012A 8B 45 10                        	MOV	EAX,DWORD [16+EBP]
   201 0000012D 83 E8 1C                        	SUB	EAX,28
   202 00000130 50                              	PUSH	EAX
   203 00000131 57                              	PUSH	EDI
   204 00000132 50                              	PUSH	EAX
   205 00000133 6A 00                           	PUSH	0
   206 00000135 6A 08                           	PUSH	8
   207 00000137 FF 75 0C                        	PUSH	DWORD [12+EBP]
   208 0000013A FF 75 08                        	PUSH	DWORD [8+EBP]
   209 0000013D E8 FFFFFF59                     	CALL	_boxfill8
   210 00000142 8B 45 10                        	MOV	EAX,DWORD [16+EBP]
   211 00000145 83 C4 38                        	ADD	ESP,56
   212 00000148 83 E8 1B                        	SUB	EAX,27
   213 0000014B 50                              	PUSH	EAX
   214 0000014C 57                              	PUSH	EDI
   215 0000014D 50                              	PUSH	EAX
   216 0000014E 6A 00                           	PUSH	0
   217 00000150 6A 07                           	PUSH	7
   218 00000152 FF 75 0C                        	PUSH	DWORD [12+EBP]
   219 00000155 FF 75 08                        	PUSH	DWORD [8+EBP]
   220 00000158 E8 FFFFFF3E                     	CALL	_boxfill8
   221 0000015D 8B 45 10                        	MOV	EAX,DWORD [16+EBP]
   222 00000160 48                              	DEC	EAX
   223 00000161 50                              	PUSH	EAX
   224 00000162 8B 45 10                        	MOV	EAX,DWORD [16+EBP]
   225 00000165 57                              	PUSH	EDI
   226 00000166 83 E8 1A                        	SUB	EAX,26
   227 00000169 50                              	PUSH	EAX
   228 0000016A 6A 00                           	PUSH	0
   229 0000016C 6A 08                           	PUSH	8
   230 0000016E FF 75 0C                        	PUSH	DWORD [12+EBP]
   231 00000171 FF 75 08                        	PUSH	DWORD [8+EBP]
   232 00000174 E8 FFFFFF22                     	CALL	_boxfill8
   233 00000179 8B 75 10                        	MOV	ESI,DWORD [16+EBP]
   234 0000017C 83 C4 38                        	ADD	ESP,56
   235 0000017F 83 EE 18                        	SUB	ESI,24
   236 00000182 56                              	PUSH	ESI
   237 00000183 6A 3B                           	PUSH	59
   238 00000185 56                              	PUSH	ESI
   239 00000186 6A 03                           	PUSH	3
   240 00000188 6A 07                           	PUSH	7
   241 0000018A FF 75 0C                        	PUSH	DWORD [12+EBP]
   242 0000018D FF 75 08                        	PUSH	DWORD [8+EBP]
   243 00000190 E8 FFFFFF06                     	CALL	_boxfill8
   244 00000195 8B 45 10                        	MOV	EAX,DWORD [16+EBP]
   245 00000198 83 E8 04                        	SUB	EAX,4
   246 0000019B 50                              	PUSH	EAX
   247 0000019C 89 45 F0                        	MOV	DWORD [-16+EBP],EAX
   248 0000019F 6A 02                           	PUSH	2
   249 000001A1 56                              	PUSH	ESI
   250 000001A2 6A 02                           	PUSH	2
   251 000001A4 6A 07                           	PUSH	7
   252 000001A6 FF 75 0C                        	PUSH	DWORD [12+EBP]
   253 000001A9 FF 75 08                        	PUSH	DWORD [8+EBP]
   254 000001AC E8 FFFFFEEA                     	CALL	_boxfill8
   255 000001B1 83 C4 38                        	ADD	ESP,56
   256 000001B4 FF 75 F0                        	PUSH	DWORD [-16+EBP]
   257 000001B7 6A 3B                           	PUSH	59
   258 000001B9 FF 75 F0                        	PUSH	DWORD [-16+EBP]
   259 000001BC 6A 03                           	PUSH	3
   260 000001BE 6A 0F                           	PUSH	15
   261 000001C0 FF 75 0C                        	PUSH	DWORD [12+EBP]
   262 000001C3 FF 75 08                        	PUSH	DWORD [8+EBP]
   263 000001C6 E8 FFFFFED0                     	CALL	_boxfill8
   264 000001CB 8B 45 10                        	MOV	EAX,DWORD [16+EBP]
   265 000001CE 83 E8 05                        	SUB	EAX,5
   266 000001D1 50                              	PUSH	EAX
   267 000001D2 8B 45 10                        	MOV	EAX,DWORD [16+EBP]
   268 000001D5 6A 3B                           	PUSH	59
   269 000001D7 83 E8 17                        	SUB	EAX,23
   270 000001DA 50                              	PUSH	EAX
   271 000001DB 89 45 EC                        	MOV	DWORD [-20+EBP],EAX
   272 000001DE 6A 3B                           	PUSH	59
   273 000001E0 6A 0F                           	PUSH	15
   274 000001E2 FF 75 0C                        	PUSH	DWORD [12+EBP]
   275 000001E5 FF 75 08                        	PUSH	DWORD [8+EBP]
   276 000001E8 E8 FFFFFEAE                     	CALL	_boxfill8
   277 000001ED 8B 45 10                        	MOV	EAX,DWORD [16+EBP]
   278 000001F0 83 C4 38                        	ADD	ESP,56
   279 000001F3 83 E8 03                        	SUB	EAX,3
   280 000001F6 89 45 E8                        	MOV	DWORD [-24+EBP],EAX
   281 000001F9 50                              	PUSH	EAX
   282 000001FA 6A 3B                           	PUSH	59
   283 000001FC 50                              	PUSH	EAX
   284 000001FD 6A 02                           	PUSH	2
   285 000001FF 6A 00                           	PUSH	0
   286 00000201 FF 75 0C                        	PUSH	DWORD [12+EBP]
   287 00000204 FF 75 08                        	PUSH	DWORD [8+EBP]
   288 00000207 E8 FFFFFE8F                     	CALL	_boxfill8
   289 0000020C FF 75 E8                        	PUSH	DWORD [-24+EBP]
   290 0000020F 6A 3C                           	PUSH	60
   291 00000211 56                              	PUSH	ESI
   292 00000212 6A 3C                           	PUSH	60
   293 00000214 6A 00                           	PUSH	0
   294 00000216 FF 75 0C                        	PUSH	DWORD [12+EBP]
   295 00000219 FF 75 08                        	PUSH	DWORD [8+EBP]
   296 0000021C E8 FFFFFE7A                     	CALL	_boxfill8
   297 00000221 8B 7D 0C                        	MOV	EDI,DWORD [12+EBP]
   298 00000224 83 C4 38                        	ADD	ESP,56
   299 00000227 8B 5D 0C                        	MOV	EBX,DWORD [12+EBP]
   300 0000022A 83 EB 04                        	SUB	EBX,4
   301 0000022D 83 EF 2F                        	SUB	EDI,47
   302 00000230 56                              	PUSH	ESI
   303 00000231 53                              	PUSH	EBX
   304 00000232 56                              	PUSH	ESI
   305 00000233 57                              	PUSH	EDI
   306 00000234 6A 0F                           	PUSH	15
   307 00000236 FF 75 0C                        	PUSH	DWORD [12+EBP]
   308 00000239 FF 75 08                        	PUSH	DWORD [8+EBP]
   309 0000023C E8 FFFFFE5A                     	CALL	_boxfill8
   310 00000241 FF 75 F0                        	PUSH	DWORD [-16+EBP]
   311 00000244 57                              	PUSH	EDI
   312 00000245 FF 75 EC                        	PUSH	DWORD [-20+EBP]
   313 00000248 57                              	PUSH	EDI
   314 00000249 6A 0F                           	PUSH	15
   315 0000024B FF 75 0C                        	PUSH	DWORD [12+EBP]
   316 0000024E FF 75 08                        	PUSH	DWORD [8+EBP]
   317 00000251 E8 FFFFFE45                     	CALL	_boxfill8
   318 00000256 83 C4 38                        	ADD	ESP,56
   319 00000259 FF 75 E8                        	PUSH	DWORD [-24+EBP]
   320 0000025C 53                              	PUSH	EBX
   321 0000025D FF 75 E8                        	PUSH	DWORD [-24+EBP]
   322 00000260 57                              	PUSH	EDI
   323 00000261 6A 07                           	PUSH	7
   324 00000263 FF 75 0C                        	PUSH	DWORD [12+EBP]
   325 00000266 FF 75 08                        	PUSH	DWORD [8+EBP]
   326 00000269 E8 FFFFFE2D                     	CALL	_boxfill8
   327 0000026E 8B 45 0C                        	MOV	EAX,DWORD [12+EBP]
   328 00000271 FF 75 E8                        	PUSH	DWORD [-24+EBP]
   329 00000274 83 E8 03                        	SUB	EAX,3
   330 00000277 50                              	PUSH	EAX
   331 00000278 56                              	PUSH	ESI
   332 00000279 50                              	PUSH	EAX
   333 0000027A 6A 07                           	PUSH	7
   334 0000027C FF 75 0C                        	PUSH	DWORD [12+EBP]
   335 0000027F FF 75 08                        	PUSH	DWORD [8+EBP]
   336 00000282 E8 FFFFFE14                     	CALL	_boxfill8
   337 00000287 8D 65 F4                        	LEA	ESP,DWORD [-12+EBP]
   338 0000028A 5B                              	POP	EBX
   339 0000028B 5E                              	POP	ESI
   340 0000028C 5F                              	POP	EDI
   341 0000028D 5D                              	POP	EBP
   342 0000028E C3                              	RET
   343 0000028F                                 	GLOBAL	_putfont8
   344 0000028F                                 _putfont8:
   345 0000028F 55                              	PUSH	EBP
   346 00000290 89 E5                           	MOV	EBP,ESP
   347 00000292 57                              	PUSH	EDI
   348 00000293 56                              	PUSH	ESI
   349 00000294 31 F6                           	XOR	ESI,ESI
   350 00000296 53                              	PUSH	EBX
   351 00000297 8B 7D 1C                        	MOV	EDI,DWORD [28+EBP]
   352 0000029A 8A 5D 18                        	MOV	BL,BYTE [24+EBP]
   353 0000029D                                 L39:
   354 0000029D 8B 45 14                        	MOV	EAX,DWORD [20+EBP]
   355 000002A0 8B 55 10                        	MOV	EDX,DWORD [16+EBP]
   356 000002A3 01 F0                           	ADD	EAX,ESI
   357 000002A5 0F AF 45 0C                     	IMUL	EAX,DWORD [12+EBP]
   358 000002A9 03 45 08                        	ADD	EAX,DWORD [8+EBP]
   359 000002AC 8D 0C 02                        	LEA	ECX,DWORD [EDX+EAX*1]
   360 000002AF 8A 14 3E                        	MOV	DL,BYTE [ESI+EDI*1]
   361 000002B2 84 D2                           	TEST	DL,DL
   362 000002B4 79 02                           	JNS	L31
   363 000002B6 88 19                           	MOV	BYTE [ECX],BL
   364 000002B8                                 L31:
   365 000002B8 88 D0                           	MOV	AL,DL
   366 000002BA 83 E0 40                        	AND	EAX,64
   367 000002BD 84 C0                           	TEST	AL,AL
   368 000002BF 74 03                           	JE	L32
   369 000002C1 88 59 01                        	MOV	BYTE [1+ECX],BL
   370 000002C4                                 L32:
   371 000002C4 88 D0                           	MOV	AL,DL
   372 000002C6 83 E0 20                        	AND	EAX,32
   373 000002C9 84 C0                           	TEST	AL,AL
   374 000002CB 74 03                           	JE	L33
   375 000002CD 88 59 02                        	MOV	BYTE [2+ECX],BL
   376 000002D0                                 L33:
   377 000002D0 88 D0                           	MOV	AL,DL
   378 000002D2 83 E0 10                        	AND	EAX,16
   379 000002D5 84 C0                           	TEST	AL,AL
   380 000002D7 74 03                           	JE	L34
   381 000002D9 88 59 03                        	MOV	BYTE [3+ECX],BL
   382 000002DC                                 L34:
   383 000002DC 88 D0                           	MOV	AL,DL
   384 000002DE 83 E0 08                        	AND	EAX,8
   385 000002E1 84 C0                           	TEST	AL,AL
   386 000002E3 74 03                           	JE	L35
   387 000002E5 88 59 04                        	MOV	BYTE [4+ECX],BL
   388 000002E8                                 L35:
   389 000002E8 88 D0                           	MOV	AL,DL
   390 000002EA 83 E0 04                        	AND	EAX,4
   391 000002ED 84 C0                           	TEST	AL,AL
   392 000002EF 74 03                           	JE	L36
   393 000002F1 88 59 05                        	MOV	BYTE [5+ECX],BL
   394 000002F4                                 L36:
   395 000002F4 88 D0                           	MOV	AL,DL
   396 000002F6 83 E0 02                        	AND	EAX,2
   397 000002F9 84 C0                           	TEST	AL,AL
   398 000002FB 74 03                           	JE	L37
   399 000002FD 88 59 06                        	MOV	BYTE [6+ECX],BL
   400 00000300                                 L37:
   401 00000300 83 E2 01                        	AND	EDX,1
   402 00000303 84 D2                           	TEST	DL,DL
   403 00000305 74 03                           	JE	L29
   404 00000307 88 59 07                        	MOV	BYTE [7+ECX],BL
   405 0000030A                                 L29:
   406 0000030A 46                              	INC	ESI
   407 0000030B 83 FE 0F                        	CMP	ESI,15
   408 0000030E 7E 8D                           	JLE	L39
   409 00000310 5B                              	POP	EBX
   410 00000311 5E                              	POP	ESI
   411 00000312 5F                              	POP	EDI
   412 00000313 5D                              	POP	EBP
   413 00000314 C3                              	RET
   414 00000315                                 	GLOBAL	_putfonts8_asc
   415 00000315                                 _putfonts8_asc:
   416 00000315 55                              	PUSH	EBP
   417 00000316 89 E5                           	MOV	EBP,ESP
   418 00000318 57                              	PUSH	EDI
   419 00000319 56                              	PUSH	ESI
   420 0000031A 53                              	PUSH	EBX
   421 0000031B 57                              	PUSH	EDI
   422 0000031C 8B 5D 1C                        	MOV	EBX,DWORD [28+EBP]
   423 0000031F 8A 45 18                        	MOV	AL,BYTE [24+EBP]
   424 00000322 88 45 F3                        	MOV	BYTE [-13+EBP],AL
   425 00000325 8B 75 10                        	MOV	ESI,DWORD [16+EBP]
   426 00000328 8B 7D 14                        	MOV	EDI,DWORD [20+EBP]
   427 0000032B 80 3B 00                        	CMP	BYTE [EBX],0
   428 0000032E 75 08                           	JNE	L47
   429 00000330                                 L49:
   430 00000330 8D 65 F4                        	LEA	ESP,DWORD [-12+EBP]
   431 00000333 5B                              	POP	EBX
   432 00000334 5E                              	POP	ESI
   433 00000335 5F                              	POP	EDI
   434 00000336 5D                              	POP	EBP
   435 00000337 C3                              	RET
   436 00000338                                 L47:
   437 00000338 0F B6 03                        	MOVZX	EAX,BYTE [EBX]
   438 0000033B C1 E0 04                        	SAL	EAX,4
   439 0000033E 43                              	INC	EBX
   440 0000033F 05 [00000000]                   	ADD	EAX,_hankaku
   441 00000344 50                              	PUSH	EAX
   442 00000345 0F BE 45 F3                     	MOVSX	EAX,BYTE [-13+EBP]
   443 00000349 50                              	PUSH	EAX
   444 0000034A 57                              	PUSH	EDI
   445 0000034B 56                              	PUSH	ESI
   446 0000034C 83 C6 08                        	ADD	ESI,8
   447 0000034F FF 75 0C                        	PUSH	DWORD [12+EBP]
   448 00000352 FF 75 08                        	PUSH	DWORD [8+EBP]
   449 00000355 E8 FFFFFF35                     	CALL	_putfont8
   450 0000035A 83 C4 18                        	ADD	ESP,24
   451 0000035D 80 3B 00                        	CMP	BYTE [EBX],0
   452 00000360 75 D6                           	JNE	L47
   453 00000362 EB CC                           	JMP	L49
   454                                          [SECTION .data]
   455 00000030                                 _cursor.1:
   456 00000030 2A 2A 2A 2A 2A 2A 2A 2A 2A 2A   	DB	"**************.."
       0000003A 2A 2A 2A 2A 2E 2E 
   457 00000040 2A 4F 4F 4F 4F 4F 4F 4F 4F 4F   	DB	"*OOOOOOOOOOO*..."
       0000004A 4F 4F 2A 2E 2E 2E 
   458 00000050 2A 4F 4F 4F 4F 4F 4F 4F 4F 4F   	DB	"*OOOOOOOOO**...."
       0000005A 2A 2A 2E 2E 2E 2E 
   459 00000060 2A 4F 4F 4F 4F 4F 4F 4F 2A 2A   	DB	"*OOOOOOO**......"
       0000006A 2E 2E 2E 2E 2E 2E 
   460 00000070 2A 4F 4F 4F 4F 4F 2A 2A 2E 2E   	DB	"*OOOOO**........"
       0000007A 2E 2E 2E 2E 2E 2E 
   461 00000080 2A 4F 4F 4F 4F 4F 4F 2A 2E 2E   	DB	"*OOOOOO*........"
       0000008A 2E 2E 2E 2E 2E 2E 
   462 00000090 2A 4F 4F 4F 2A 4F 4F 4F 2A 2E   	DB	"*OOO*OOO*......."
       0000009A 2E 2E 2E 2E 2E 2E 
   463 000000A0 2A 4F 4F 4F 2A 2A 4F 4F 4F 2A   	DB	"*OOO**OOO*......"
       000000AA 2E 2E 2E 2E 2E 2E 
   464 000000B0 2A 4F 4F 2A 2E 2E 2A 4F 4F 4F   	DB	"*OO*..*OOO*....."
       000000BA 2A 2E 2E 2E 2E 2E 
   465 000000C0 2A 4F 4F 2A 2E 2E 2E 2A 4F 4F   	DB	"*OO*...*OOO*...."
       000000CA 4F 2A 2E 2E 2E 2E 
   466 000000D0 2A 4F 2A 2E 2E 2E 2E 2E 2A 4F   	DB	"*O*.....*OOO*..."
       000000DA 4F 4F 2A 2E 2E 2E 
   467 000000E0 2A 4F 2A 2E 2E 2E 2E 2E 2E 2A   	DB	"*O*......*OOO*.."
       000000EA 4F 4F 4F 2A 2E 2E 
   468 000000F0 2A 2A 2E 2E 2E 2E 2E 2E 2E 2E   	DB	"**........*OOO*."
       000000FA 2A 4F 4F 4F 2A 2E 
   469 00000100 2A 2E 2E 2E 2E 2E 2E 2E 2E 2E   	DB	"*..........*OOO*"
       0000010A 2E 2A 4F 4F 4F 2A 
   470 00000110 2E 2E 2E 2E 2E 2E 2E 2E 2E 2E   	DB	"............*OO*"
       0000011A 2E 2E 2A 4F 4F 2A 
   471 00000120 2E 2E 2E 2E 2E 2E 2E 2E 2E 2E   	DB	".............***"
       0000012A 2E 2E 2E 2A 2A 2A 
   472                                          [SECTION .text]
   473 00000364                                 	GLOBAL	_init_mouse_cursor8
   474 00000364                                 _init_mouse_cursor8:
   475 00000364 55                              	PUSH	EBP
   476 00000365 89 E5                           	MOV	EBP,ESP
   477 00000367 57                              	PUSH	EDI
   478 00000368 56                              	PUSH	ESI
   479 00000369 31 FF                           	XOR	EDI,EDI
   480 0000036B 53                              	PUSH	EBX
   481 0000036C 31 DB                           	XOR	EBX,EBX
   482 0000036E 50                              	PUSH	EAX
   483 0000036F 8A 45 0C                        	MOV	AL,BYTE [12+EBP]
   484 00000372 8B 75 08                        	MOV	ESI,DWORD [8+EBP]
   485 00000375 88 45 F3                        	MOV	BYTE [-13+EBP],AL
   486 00000378                                 L63:
   487 00000378 31 D2                           	XOR	EDX,EDX
   488 0000037A                                 L62:
   489 0000037A 8D 04 3A                        	LEA	EAX,DWORD [EDX+EDI*1]
   490 0000037D 80 B8 [00000030] 2A             	CMP	BYTE [_cursor.1+EAX],42
   491 00000384 74 35                           	JE	L68
   492 00000386                                 L59:
   493 00000386 80 B8 [00000030] 4F             	CMP	BYTE [_cursor.1+EAX],79
   494 0000038D 74 26                           	JE	L69
   495 0000038F                                 L60:
   496 0000038F 80 B8 [00000030] 2E             	CMP	BYTE [_cursor.1+EAX],46
   497 00000396 74 15                           	JE	L70
   498 00000398                                 L57:
   499 00000398 42                              	INC	EDX
   500 00000399 83 FA 0F                        	CMP	EDX,15
   501 0000039C 7E DC                           	JLE	L62
   502 0000039E 43                              	INC	EBX
   503 0000039F 83 C7 10                        	ADD	EDI,16
   504 000003A2 83 FB 0F                        	CMP	EBX,15
   505 000003A5 7E D1                           	JLE	L63
   506 000003A7 58                              	POP	EAX
   507 000003A8 5B                              	POP	EBX
   508 000003A9 5E                              	POP	ESI
   509 000003AA 5F                              	POP	EDI
   510 000003AB 5D                              	POP	EBP
   511 000003AC C3                              	RET
   512 000003AD                                 L70:
   513 000003AD 8A 4D F3                        	MOV	CL,BYTE [-13+EBP]
   514 000003B0 88 0C 30                        	MOV	BYTE [EAX+ESI*1],CL
   515 000003B3 EB E3                           	JMP	L57
   516 000003B5                                 L69:
   517 000003B5 C6 04 30 07                     	MOV	BYTE [EAX+ESI*1],7
   518 000003B9 EB D4                           	JMP	L60
   519 000003BB                                 L68:
   520 000003BB C6 04 30 00                     	MOV	BYTE [EAX+ESI*1],0
   521 000003BF EB C5                           	JMP	L59
   522 000003C1                                 	GLOBAL	_putblock8_8
   523 000003C1                                 _putblock8_8:
   524 000003C1 55                              	PUSH	EBP
   525 000003C2 89 E5                           	MOV	EBP,ESP
   526 000003C4 57                              	PUSH	EDI
   527 000003C5 56                              	PUSH	ESI
   528 000003C6 31 F6                           	XOR	ESI,ESI
   529 000003C8 53                              	PUSH	EBX
   530 000003C9 83 EC 0C                        	SUB	ESP,12
   531 000003CC 3B 75 14                        	CMP	ESI,DWORD [20+EBP]
   532 000003CF 7D 63                           	JGE	L71
   533 000003D1 31 FF                           	XOR	EDI,EDI
   534 000003D3                                 L83:
   535 000003D3 8B 45 1C                        	MOV	EAX,DWORD [28+EBP]
   536 000003D6 8D 14 30                        	LEA	EDX,DWORD [EAX+ESI*1]
   537 000003D9 0F BF 05 00000FF6               	MOVSX	EAX,WORD [4086]
   538 000003E0 48                              	DEC	EAX
   539 000003E1 39 C2                           	CMP	EDX,EAX
   540 000003E3 7F 4F                           	JG	L71
   541 000003E5 31 DB                           	XOR	EBX,EBX
   542 000003E7 3B 5D 10                        	CMP	EBX,DWORD [16+EBP]
   543 000003EA 7D 3F                           	JGE	L74
   544 000003EC 8B 55 20                        	MOV	EDX,DWORD [32+EBP]
   545 000003EF 01 FA                           	ADD	EDX,EDI
   546 000003F1 89 55 EC                        	MOV	DWORD [-20+EBP],EDX
   547 000003F4                                 L82:
   548 000003F4 8B 4D 18                        	MOV	ECX,DWORD [24+EBP]
   549 000003F7 0F BF 05 00000FF4               	MOVSX	EAX,WORD [4084]
   550 000003FE 8D 14 19                        	LEA	EDX,DWORD [ECX+EBX*1]
   551 00000401 48                              	DEC	EAX
   552 00000402 39 C2                           	CMP	EDX,EAX
   553 00000404 7F 25                           	JG	L74
   554 00000406 8B 45 1C                        	MOV	EAX,DWORD [28+EBP]
   555 00000409 43                              	INC	EBX
   556 0000040A 01 F0                           	ADD	EAX,ESI
   557 0000040C 0F AF 45 0C                     	IMUL	EAX,DWORD [12+EBP]
   558 00000410 01 D0                           	ADD	EAX,EDX
   559 00000412 8B 55 08                        	MOV	EDX,DWORD [8+EBP]
   560 00000415 89 45 F0                        	MOV	DWORD [-16+EBP],EAX
   561 00000418 8B 45 EC                        	MOV	EAX,DWORD [-20+EBP]
   562 0000041B 8B 4D F0                        	MOV	ECX,DWORD [-16+EBP]
   563 0000041E 8A 00                           	MOV	AL,BYTE [EAX]
   564 00000420 88 04 11                        	MOV	BYTE [ECX+EDX*1],AL
   565 00000423 FF 45 EC                        	INC	DWORD [-20+EBP]
   566 00000426 3B 5D 10                        	CMP	EBX,DWORD [16+EBP]
   567 00000429 7C C9                           	JL	L82
   568 0000042B                                 L74:
   569 0000042B 46                              	INC	ESI
   570 0000042C 03 7D 24                        	ADD	EDI,DWORD [36+EBP]
   571 0000042F 3B 75 14                        	CMP	ESI,DWORD [20+EBP]
   572 00000432 7C 9F                           	JL	L83
   573 00000434                                 L71:
   574 00000434 83 C4 0C                        	ADD	ESP,12
   575 00000437 5B                              	POP	EBX
   576 00000438 5E                              	POP	ESI
   577 00000439 5F                              	POP	EDI
   578 0000043A 5D                              	POP	EBP
   579 0000043B C3                              	RET
