000.000 =============================================================
000.000                     Station B                               
000.000 -------------------------------------------------------------
000.000 Protocol.lib, version 4.0, jiangyanjun0718@bupt.edu.cn
000.000 Channel: 8000 bps, 270 ms propagation delay, bit error rate 1.0E-005
000.000 Log file "B.log", TCP port 30011, debug mask 0x00
000.000 Station B is connecting station A (TCP port 30011) ... Done.
000.759 New epoch: Thu May 16 11:51:57 2019
001.077 =================================================================
001.261 
001.362 Designed by Jiang Yanjun, build: Oct 28 2018  16:37:15
004.020 .... 8 packets received, 7670 bps, 95.88%, Err 0 (0.0e+000)
006.133 .... 16 packets received, 7712 bps, 96.40%, Err 0 (0.0e+000)
008.261 .... 24 packets received, 7708 bps, 96.35%, Err 0 (0.0e+000)
010.342 .... 32 packets received, 7748 bps, 96.86%, Err 0 (0.0e+000)
012.476 .... 40 packets received, 7734 bps, 96.68%, Err 0 (0.0e+000)
014.577 .... 48 packets received, 7745 bps, 96.82%, Err 0 (0.0e+000)
016.716 .... 56 packets received, 7732 bps, 96.66%, Err 0 (0.0e+000)
020.131 .... 61 packets received, 6846 bps, 85.58%, Err 2 (1.4e-005)
022.249 .... 75 packets received, 7542 bps, 94.28%, Err 2 (1.2e-005)
024.370 .... 83 packets received, 7560 bps, 94.49%, Err 2 (1.1e-005)
026.465 .... 91 packets received, 7582 bps, 94.77%, Err 4 (2.0e-005)
028.579 .... 98 packets received, 7518 bps, 93.98%, Err 4 (1.9e-005)
030.704 .... 106 packets received, 7533 bps, 94.16%, Err 4 (1.7e-005)
034.137 .... 114 packets received, 7239 bps, 90.48%, Err 5 (1.9e-005)
036.258 .... 126 packets received, 7507 bps, 93.84%, Err 5 (1.8e-005)
038.374 .... 134 packets received, 7521 bps, 94.01%, Err 5 (1.7e-005)
041.006 .... 139 packets received, 7277 bps, 90.96%, Err 6 (1.9e-005)
043.112 .... 151 packets received, 7501 bps, 93.76%, Err 7 (2.1e-005)
044.720 ** WARNING: System too busy, sleep 15 ms, but be awakened 71 ms later
045.137 .... 158 packets received, 7481 bps, 93.51%, Err 7 (2.0e-005)
047.320 .... 167 packets received, 7527 bps, 94.09%, Err 7 (1.9e-005)
049.453 .... 175 packets received, 7534 bps, 94.18%, Err 7 (1.8e-005)
049.736 ** WARNING: System too busy, sleep 15 ms, but be awakened 68 ms later
051.573 .... 183 packets received, 7543 bps, 94.28%, Err 7 (1.8e-005)
053.674 .... 191 packets received, 7553 bps, 94.41%, Err 7 (1.7e-005)
055.786 .... 199 packets received, 7561 bps, 94.51%, Err 7 (1.6e-005)
057.926 .... 207 packets received, 7565 bps, 94.56%, Err 7 (1.6e-005)
061.084 .... 215 packets received, 7438 bps, 92.97%, Err 9 (1.9e-005)
063.177 .... 225 packets received, 7518 bps, 93.97%, Err 9 (1.8e-005)
065.315 .... 233 packets received, 7523 bps, 94.04%, Err 9 (1.8e-005)
067.419 .... 241 packets received, 7531 bps, 94.14%, Err 9 (1.7e-005)
069.526 .... 249 packets received, 7539 bps, 94.24%, Err 9 (1.7e-005)
071.626 .... 257 packets received, 7547 bps, 94.34%, Err 9 (1.6e-005)
073.766 .... 265 packets received, 7550 bps, 94.38%, Err 9 (1.6e-005)
075.850 .... 273 packets received, 7559 bps, 94.49%, Err 9 (1.5e-005)
077.961 .... 281 packets received, 7565 bps, 94.56%, Err 9 (1.5e-005)
080.101 .... 289 packets received, 7567 bps, 94.59%, Err 9 (1.4e-005)
082.197 .... 297 packets received, 7574 bps, 94.67%, Err 9 (1.4e-005)
084.311 .... 305 packets received, 7578 bps, 94.73%, Err 9 (1.4e-005)
086.432 .... 313 packets received, 7582 bps, 94.77%, Err 9 (1.3e-005)
088.547 .... 321 packets received, 7586 bps, 94.82%, Err 9 (1.3e-005)
090.652 .... 329 packets received, 7590 bps, 94.88%, Err 9 (1.3e-005)
092.747 .... 337 packets received, 7596 bps, 94.95%, Err 9 (1.2e-005)
094.880 .... 345 packets received, 7598 bps, 94.97%, Err 9 (1.2e-005)
096.982 .... 353 packets received, 7602 bps, 95.03%, Err 9 (1.2e-005)
099.104 .... 361 packets received, 7605 bps, 95.06%, Err 9 (1.2e-005)
101.225 .... 369 packets received, 7607 bps, 95.09%, Err 9 (1.1e-005)
103.338 .... 377 packets received, 7610 bps, 95.13%, Err 9 (1.1e-005)
105.974 .... 383 packets received, 7536 bps, 94.20%, Err 10 (1.2e-005)
108.091 .... 394 packets received, 7598 bps, 94.97%, Err 10 (1.2e-005)
110.209 .... 402 packets received, 7600 bps, 95.00%, Err 10 (1.2e-005)
112.322 .... 410 packets received, 7603 bps, 95.04%, Err 10 (1.1e-005)
114.963 .... 416 packets received, 7534 bps, 94.18%, Err 11 (1.2e-005)
117.078 .... 427 packets received, 7592 bps, 94.89%, Err 11 (1.2e-005)
119.174 .... 435 packets received, 7596 bps, 94.94%, Err 11 (1.2e-005)
121.272 .... 443 packets received, 7599 bps, 94.99%, Err 11 (1.1e-005)
123.381 .... 451 packets received, 7602 bps, 95.03%, Err 11 (1.1e-005)
125.525 .... 459 packets received, 7603 bps, 95.04%, Err 11 (1.1e-005)
127.626 .... 467 packets received, 7606 bps, 95.08%, Err 11 (1.1e-005)
129.734 .... 475 packets received, 7609 bps, 95.11%, Err 11 (1.1e-005)
131.848 .... 483 packets received, 7611 bps, 95.14%, Err 11 (1.1e-005)
133.957 .... 491 packets received, 7614 bps, 95.17%, Err 11 (1.0e-005)
136.079 .... 499 packets received, 7615 bps, 95.19%, Err 11 (1.0e-005)
138.164 .... 507 packets received, 7619 bps, 95.24%, Err 11 (1.0e-005)
140.306 .... 515 packets received, 7620 bps, 95.24%, Err 11 (9.9e-006)
142.411 .... 523 packets received, 7622 bps, 95.28%, Err 11 (9.8e-006)
144.534 .... 531 packets received, 7624 bps, 95.29%, Err 11 (9.6e-006)
146.654 .... 539 packets received, 7625 bps, 95.31%, Err 11 (9.5e-006)
148.752 .... 547 packets received, 7628 bps, 95.35%, Err 11 (9.3e-006)
150.859 .... 555 packets received, 7630 bps, 95.37%, Err 11 (9.2e-006)
152.991 .... 563 packets received, 7631 bps, 95.38%, Err 11 (9.1e-006)
155.103 .... 571 packets received, 7632 bps, 95.40%, Err 11 (9.0e-006)
157.210 .... 579 packets received, 7634 bps, 95.43%, Err 11 (8.8e-006)
160.110 .... 585 packets received, 7572 bps, 94.65%, Err 13 (1.0e-005)
162.222 .... 596 packets received, 7613 bps, 95.16%, Err 13 (1.0e-005)
164.329 .... 604 packets received, 7615 bps, 95.19%, Err 13 (1.0e-005)
166.454 .... 612 packets received, 7616 bps, 95.20%, Err 13 (9.9e-006)
168.550 .... 620 packets received, 7619 bps, 95.23%, Err 13 (9.7e-006)
170.663 .... 628 packets received, 7620 bps, 95.25%, Err 13 (9.6e-006)
172.792 .... 636 packets received, 7621 bps, 95.27%, Err 13 (9.5e-006)
174.920 .... 640 packets received, 7575 bps, 94.69%, Err 14 (1.0e-005)
177.029 .... 651 packets received, 7612 bps, 95.15%, Err 14 (1.0e-005)
179.132 .... 659 packets received, 7614 bps, 95.18%, Err 14 (9.9e-006)
181.215 .... 667 packets received, 7617 bps, 95.22%, Err 14 (9.7e-006)
183.365 .... 675 packets received, 7617 bps, 95.22%, Err 14 (9.6e-006)
185.467 .... 683 packets received, 7619 bps, 95.24%, Err 14 (9.5e-006)
187.580 .... 691 packets received, 7621 bps, 95.26%, Err 14 (9.4e-006)
189.700 .... 699 packets received, 7622 bps, 95.28%, Err 14 (9.3e-006)
191.790 .... 707 packets received, 7624 bps, 95.31%, Err 14 (9.2e-006)
193.913 .... 715 packets received, 7626 bps, 95.32%, Err 14 (9.1e-006)
196.025 .... 723 packets received, 7627 bps, 95.34%, Err 14 (9.0e-006)
198.148 .... 731 packets received, 7628 bps, 95.35%, Err 14 (8.9e-006)
200.271 .... 739 packets received, 7629 bps, 95.36%, Err 14 (8.8e-006)
202.377 .... 747 packets received, 7630 bps, 95.38%, Err 14 (8.7e-006)
204.469 .... 755 packets received, 7633 bps, 95.41%, Err 14 (8.6e-006)
206.608 .... 763 packets received, 7633 bps, 95.41%, Err 14 (8.5e-006)
208.723 .... 771 packets received, 7634 bps, 95.42%, Err 14 (8.5e-006)
210.842 .... 779 packets received, 7635 bps, 95.44%, Err 14 (8.4e-006)
212.997 .... 787 packets received, 7635 bps, 95.43%, Err 14 (8.3e-006)
215.094 .... 795 packets received, 7636 bps, 95.46%, Err 14 (8.2e-006)
217.209 .... 802 packets received, 7628 bps, 95.35%, Err 15 (8.7e-006)
219.330 .... 810 packets received, 7629 bps, 95.36%, Err 15 (8.6e-006)
221.439 .... 818 packets received, 7630 bps, 95.38%, Err 15 (8.5e-006)
223.544 .... 826 packets received, 7632 bps, 95.40%, Err 15 (8.5e-006)
225.650 .... 834 packets received, 7633 bps, 95.41%, Err 16 (8.9e-006)
227.752 .... 841 packets received, 7626 bps, 95.32%, Err 16 (8.8e-006)
229.874 .... 849 packets received, 7626 bps, 95.33%, Err 16 (8.8e-006)
231.988 .... 857 packets received, 7628 bps, 95.34%, Err 16 (8.7e-006)
234.089 .... 861 packets received, 7594 bps, 94.92%, Err 17 (9.1e-006)
236.208 .... 872 packets received, 7621 bps, 95.27%, Err 17 (9.1e-006)
238.312 .... 880 packets received, 7623 bps, 95.28%, Err 17 (9.0e-006)
240.438 .... 887 packets received, 7615 bps, 95.19%, Err 18 (9.4e-006)
242.546 .... 895 packets received, 7616 bps, 95.20%, Err 18 (9.3e-006)
244.650 .... 903 packets received, 7618 bps, 95.22%, Err 18 (9.3e-006)
246.765 .... 911 packets received, 7619 bps, 95.24%, Err 18 (9.2e-006)
248.891 .... 918 packets received, 7611 bps, 95.14%, Err 19 (9.6e-006)
251.016 .... 926 packets received, 7612 bps, 95.15%, Err 19 (9.5e-006)
253.117 .... 934 packets received, 7614 bps, 95.17%, Err 19 (9.4e-006)
255.217 .... 942 packets received, 7615 bps, 95.19%, Err 19 (9.4e-006)
257.357 .... 950 packets received, 7616 bps, 95.20%, Err 20 (9.8e-006)
259.480 .... 958 packets received, 7617 bps, 95.21%, Err 20 (9.7e-006)
261.584 .... 966 packets received, 7618 bps, 95.22%, Err 20 (9.6e-006)
263.678 .... 974 packets received, 7620 bps, 95.24%, Err 20 (9.5e-006)
265.808 .... 982 packets received, 7620 bps, 95.25%, Err 20 (9.5e-006)
267.894 .... 990 packets received, 7622 bps, 95.27%, Err 20 (9.4e-006)
270.036 .... 998 packets received, 7622 bps, 95.28%, Err 20 (9.3e-006)
272.123 .... 1006 packets received, 7624 bps, 95.30%, Err 20 (9.2e-006)
274.255 .... 1014 packets received, 7624 bps, 95.31%, Err 20 (9.2e-006)
276.365 .... 1022 packets received, 7626 bps, 95.32%, Err 20 (9.1e-006)
278.472 .... 1030 packets received, 7627 bps, 95.33%, Err 20 (9.0e-006)
280.575 .... 1038 packets received, 7628 bps, 95.35%, Err 20 (9.0e-006)
282.686 .... 1046 packets received, 7629 bps, 95.36%, Err 20 (8.9e-006)
285.341 .... 1052 packets received, 7601 bps, 95.01%, Err 21 (9.3e-006)
287.449 .... 1063 packets received, 7624 bps, 95.29%, Err 21 (9.2e-006)
289.550 .... 1071 packets received, 7625 bps, 95.31%, Err 21 (9.1e-006)
291.681 .... 1079 packets received, 7625 bps, 95.32%, Err 21 (9.1e-006)
293.824 .... 1087 packets received, 7625 bps, 95.32%, Err 21 (9.0e-006)
295.929 .... 1095 packets received, 7627 bps, 95.33%, Err 21 (8.9e-006)
298.024 .... 1103 packets received, 7628 bps, 95.35%, Err 21 (8.9e-006)
300.131 .... 1111 packets received, 7629 bps, 95.36%, Err 21 (8.8e-006)
302.261 .... 1119 packets received, 7629 bps, 95.37%, Err 21 (8.7e-006)
304.375 .... 1127 packets received, 7630 bps, 95.38%, Err 21 (8.7e-006)
306.484 .... 1135 packets received, 7631 bps, 95.39%, Err 21 (8.6e-006)
308.575 .... 1143 packets received, 7633 bps, 95.41%, Err 21 (8.6e-006)
310.691 .... 1151 packets received, 7633 bps, 95.42%, Err 21 (8.5e-006)
312.820 .... 1159 packets received, 7634 bps, 95.42%, Err 21 (8.4e-006)
314.933 .... 1167 packets received, 7635 bps, 95.43%, Err 21 (8.4e-006)
317.289 .... 1172 packets received, 7610 bps, 95.13%, Err 23 (9.1e-006)
319.411 .... 1182 packets received, 7624 bps, 95.30%, Err 23 (9.0e-006)
321.511 .... 1190 packets received, 7625 bps, 95.31%, Err 23 (9.0e-006)
323.638 .... 1198 packets received, 7625 bps, 95.32%, Err 23 (8.9e-006)
325.753 .... 1206 packets received, 7626 bps, 95.33%, Err 23 (8.9e-006)
327.856 .... 1214 packets received, 7627 bps, 95.34%, Err 23 (8.8e-006)
329.962 .... 1222 packets received, 7628 bps, 95.35%, Err 23 (8.8e-006)
330.276 ** WARNING: System too busy, sleep 15 ms, but be awakened 70 ms later
332.065 .... 1230 packets received, 7629 bps, 95.37%, Err 23 (8.7e-006)
334.187 .... 1238 packets received, 7630 bps, 95.37%, Err 23 (8.6e-006)
336.298 .... 1242 packets received, 7606 bps, 95.08%, Err 24 (9.0e-006)
338.407 .... 1253 packets received, 7625 bps, 95.32%, Err 24 (8.9e-006)
340.505 .... 1261 packets received, 7627 bps, 95.33%, Err 24 (8.9e-006)
342.641 .... 1269 packets received, 7627 bps, 95.34%, Err 24 (8.8e-006)
344.772 .... 1277 packets received, 7627 bps, 95.34%, Err 24 (8.7e-006)
346.890 .... 1285 packets received, 7628 bps, 95.35%, Err 24 (8.7e-006)
348.966 .... 1293 packets received, 7630 bps, 95.37%, Err 24 (8.6e-006)
351.107 .... 1301 packets received, 7630 bps, 95.37%, Err 24 (8.6e-006)
438.702 ** WARNING: System too busy, sleep 15 ms, but be awakened 85938 ms later
440.133 .... 1308 packets received, 6112 bps, 76.41%, Err 24 (8.5e-006)
442.336 .... 1316 packets received, 6119 bps, 76.49%, Err 24 (8.5e-006)
444.440 .... 1324 packets received, 6127 bps, 76.59%, Err 24 (8.4e-006)
445.760 ** WARNING: System too busy, sleep 15 ms, but be awakened 66 ms later
446.508 .... 1330 packets received, 6126 bps, 76.58%, Err 24 (8.4e-006)
448.646 .... 1338 packets received, 6134 bps, 76.67%, Err 24 (8.3e-006)
450.757 .... 1346 packets received, 6141 bps, 76.76%, Err 24 (8.3e-006)
452.859 .... 1354 packets received, 6149 bps, 76.86%, Err 24 (8.2e-006)
455.000 .... 1362 packets received, 6156 bps, 76.95%, Err 24 (8.2e-006)
457.113 .... 1370 packets received, 6163 bps, 77.04%, Err 24 (8.2e-006)
459.200 .... 1378 packets received, 6171 bps, 77.14%, Err 24 (8.1e-006)
461.307 .... 1386 packets received, 6178 bps, 77.23%, Err 24 (8.1e-006)
463.419 .... 1394 packets received, 6186 bps, 77.32%, Err 24 (8.0e-006)
464.634 ** WARNING: System too busy, sleep 15 ms, but be awakened 76 ms later
466.065 .... 1399 packets received, 6172 bps, 77.16%, Err 25 (8.3e-006)
466.387 ** WARNING: System too busy, sleep 15 ms, but be awakened 72 ms later
468.055 ** WARNING: System too busy, sleep 15 ms, but be awakened 69 ms later
469.596 .... 1406 packets received, 6157 bps, 76.96%, Err 26 (8.6e-006)
471.736 .... 1415 packets received, 6168 bps, 77.10%, Err 26 (8.5e-006)
473.964 .... 1420 packets received, 6160 bps, 77.00%, Err 26 (8.5e-006)
474.470 ** WARNING: System too busy, sleep 15 ms, but be awakened 78 ms later
476.329 .... 1423 packets received, 6143 bps, 76.78%, Err 26 (8.5e-006)
477.251 ** WARNING: System too busy, sleep 15 ms, but be awakened 73 ms later
478.444 .... 1431 packets received, 6150 bps, 76.87%, Err 26 (8.4e-006)
480.556 .... 1439 packets received, 6157 bps, 76.96%, Err 26 (8.4e-006)
482.976 .... 1447 packets received, 6160 bps, 77.00%, Err 27 (8.7e-006)
485.060 .... 1455 packets received, 6167 bps, 77.09%, Err 27 (8.6e-006)
487.173 .... 1463 packets received, 6174 bps, 77.18%, Err 27 (8.6e-006)
489.306 .... 1471 packets received, 6181 bps, 77.26%, Err 27 (8.5e-006)
491.378 .... 1479 packets received, 6188 bps, 77.35%, Err 27 (8.5e-006)
493.521 .... 1487 packets received, 6194 bps, 77.43%, Err 27 (8.4e-006)
495.613 .... 1495 packets received, 6201 bps, 77.52%, Err 28 (8.7e-006)
498.792 .... 1502 packets received, 6190 bps, 77.38%, Err 29 (8.9e-006)
500.914 .... 1514 packets received, 6213 bps, 77.67%, Err 29 (8.9e-006)
503.007 .... 1522 packets received, 6220 bps, 77.75%, Err 29 (8.9e-006)
505.126 .... 1530 packets received, 6227 bps, 77.83%, Err 29 (8.8e-006)
507.251 .... 1538 packets received, 6233 bps, 77.91%, Err 29 (8.8e-006)
509.358 .... 1546 packets received, 6239 bps, 77.99%, Err 29 (8.7e-006)
511.475 .... 1554 packets received, 6245 bps, 78.07%, Err 29 (8.7e-006)
513.590 .... 1562 packets received, 6252 bps, 78.14%, Err 29 (8.6e-006)
515.691 .... 1570 packets received, 6258 bps, 78.22%, Err 29 (8.6e-006)
517.804 .... 1578 packets received, 6264 bps, 78.30%, Err 29 (8.5e-006)
519.917 .... 1586 packets received, 6270 bps, 78.38%, Err 29 (8.5e-006)
523.081 .... 1594 packets received, 6263 bps, 78.29%, Err 31 (9.0e-006)
525.198 .... 1605 packets received, 6281 bps, 78.52%, Err 31 (9.0e-006)
527.313 .... 1613 packets received, 6287 bps, 78.59%, Err 31 (8.9e-006)
529.422 .... 1621 packets received, 6293 bps, 78.66%, Err 31 (8.9e-006)
531.537 .... 1629 packets received, 6299 bps, 78.74%, Err 32 (9.1e-006)
533.642 .... 1633 packets received, 6289 bps, 78.62%, Err 33 (9.4e-006)
535.748 .... 1644 packets received, 6307 bps, 78.83%, Err 33 (9.3e-006)
