000.000 =============================================================
000.000                     Station A                               
000.000 -------------------------------------------------------------
000.000 Protocol.lib, version 4.0, jiangyanjun0718@bupt.edu.cn
000.000 Channel: 8000 bps, 270 ms propagation delay, bit error rate 1.0E-005
000.000 Log file "fA.log", TCP port 30014, debug mask 0x00
000.000 Station A is waiting for station B on TCP port 30014 ... Done.
000.880 New epoch: Thu May 16 11:51:58 2019
000.881 =================================================================
000.882 
000.883 Designed by Jiang Yanjun, build: Oct 28 2018  16:37:15
003.303 .... 7 packets received, 6727 bps, 84.09%, Err 1 (5.2e-005)
005.384 .... 15 packets received, 7293 bps, 91.17%, Err 1 (2.8e-005)
007.514 .... 23 packets received, 7427 bps, 92.84%, Err 1 (1.9e-005)
009.631 .... 31 packets received, 7505 bps, 93.82%, Err 1 (1.4e-005)
011.725 .... 39 packets received, 7569 bps, 94.61%, Err 1 (1.2e-005)
013.847 .... 47 packets received, 7594 bps, 94.93%, Err 1 (9.7e-006)
015.942 .... 55 packets received, 7626 bps, 95.33%, Err 1 (8.3e-006)
018.077 .... 63 packets received, 7632 bps, 95.40%, Err 1 (7.3e-006)
020.194 .... 71 packets received, 7644 bps, 95.55%, Err 1 (6.5e-006)
022.308 .... 79 packets received, 7655 bps, 95.69%, Err 2 (1.2e-005)
024.435 .... 87 packets received, 7659 bps, 95.74%, Err 2 (1.1e-005)
026.559 .... 95 packets received, 7664 bps, 95.80%, Err 2 (9.7e-006)
028.657 .... 103 packets received, 7675 bps, 95.94%, Err 2 (9.0e-006)
030.776 .... 111 packets received, 7679 bps, 95.99%, Err 2 (8.4e-006)
032.885 .... 119 packets received, 7685 bps, 96.06%, Err 2 (7.8e-006)
034.997 .... 127 packets received, 7689 bps, 96.12%, Err 2 (7.3e-006)
037.120 .... 135 packets received, 7691 bps, 96.14%, Err 2 (6.9e-006)
039.224 .... 143 packets received, 7696 bps, 96.21%, Err 3 (9.8e-006)
041.339 .... 151 packets received, 7699 bps, 96.24%, Err 3 (9.3e-006)
043.478 .... 159 packets received, 7697 bps, 96.21%, Err 3 (8.8e-006)
043.720 ** WARNING: System too busy, sleep 15 ms, but be awakened 77 ms later
045.599 .... 167 packets received, 7698 bps, 96.23%, Err 3 (8.4e-006)
047.693 .... 175 packets received, 7704 bps, 96.30%, Err 4 (1.1e-005)
050.872 .... 182 packets received, 7500 bps, 93.75%, Err 5 (1.3e-005)
052.985 .... 194 packets received, 7668 bps, 95.85%, Err 5 (1.2e-005)
055.083 .... 202 packets received, 7674 bps, 95.92%, Err 5 (1.2e-005)
057.206 .... 210 packets received, 7675 bps, 95.94%, Err 5 (1.1e-005)
059.322 .... 218 packets received, 7678 bps, 95.97%, Err 5 (1.1e-005)
061.433 .... 226 packets received, 7681 bps, 96.01%, Err 5 (1.0e-005)
063.569 .... 234 packets received, 7680 bps, 96.00%, Err 5 (1.0e-005)
065.686 .... 242 packets received, 7682 bps, 96.03%, Err 5 (9.6e-006)
067.806 .... 250 packets received, 7684 bps, 96.05%, Err 5 (9.3e-006)
069.915 .... 258 packets received, 7686 bps, 96.08%, Err 5 (9.1e-006)
072.017 .... 266 packets received, 7690 bps, 96.12%, Err 5 (8.8e-006)
074.131 .... 274 packets received, 7691 bps, 96.14%, Err 6 (1.0e-005)
076.247 .... 282 packets received, 7693 bps, 96.16%, Err 6 (1.0e-005)
078.346 .... 290 packets received, 7696 bps, 96.20%, Err 6 (9.7e-006)
080.484 .... 298 packets received, 7695 bps, 96.19%, Err 6 (9.4e-006)
082.566 .... 306 packets received, 7700 bps, 96.24%, Err 6 (9.2e-006)
084.695 .... 314 packets received, 7699 bps, 96.24%, Err 6 (9.0e-006)
086.797 .... 322 packets received, 7702 bps, 96.27%, Err 6 (8.7e-006)
088.907 .... 330 packets received, 7703 bps, 96.29%, Err 6 (8.5e-006)
091.009 .... 338 packets received, 7705 bps, 96.32%, Err 6 (8.3e-006)
093.141 .... 346 packets received, 7705 bps, 96.31%, Err 6 (8.1e-006)
095.258 .... 350 packets received, 7619 bps, 95.23%, Err 7 (9.3e-006)
097.381 .... 361 packets received, 7685 bps, 96.06%, Err 7 (9.1e-006)
099.479 .... 369 packets received, 7687 bps, 96.09%, Err 7 (8.9e-006)
101.599 .... 377 packets received, 7688 bps, 96.10%, Err 7 (8.7e-006)
103.697 .... 385 packets received, 7691 bps, 96.13%, Err 7 (8.5e-006)
105.835 .... 393 packets received, 7690 bps, 96.13%, Err 7 (8.3e-006)
107.941 .... 401 packets received, 7692 bps, 96.15%, Err 7 (8.2e-006)
110.033 .... 409 packets received, 7695 bps, 96.18%, Err 7 (8.0e-006)
112.161 .... 417 packets received, 7695 bps, 96.18%, Err 8 (9.0e-006)
116.651 .... 418 packets received, 7413 bps, 92.66%, Err 9 (9.7e-006)
118.756 .... 439 packets received, 7646 bps, 95.58%, Err 9 (9.5e-006)
121.955 .... 446 packets received, 7562 bps, 94.53%, Err 10 (1.0e-005)
124.313 .... 455 packets received, 7567 bps, 94.59%, Err 11 (1.1e-005)
126.434 .... 466 packets received, 7619 bps, 95.24%, Err 11 (1.1e-005)
128.582 .... 474 packets received, 7619 bps, 95.24%, Err 11 (1.1e-005)
130.681 .... 482 packets received, 7622 bps, 95.28%, Err 11 (1.1e-005)
132.788 .... 490 packets received, 7625 bps, 95.31%, Err 11 (1.0e-005)
135.714 .... 497 packets received, 7565 bps, 94.57%, Err 12 (1.1e-005)
137.811 .... 508 packets received, 7614 bps, 95.18%, Err 12 (1.1e-005)
140.466 .... 514 packets received, 7557 bps, 94.46%, Err 13 (1.2e-005)
142.567 .... 525 packets received, 7604 bps, 95.05%, Err 13 (1.1e-005)
144.670 .... 533 packets received, 7607 bps, 95.09%, Err 13 (1.1e-005)
146.786 .... 541 packets received, 7609 bps, 95.11%, Err 13 (1.1e-005)
148.892 .... 549 packets received, 7611 bps, 95.14%, Err 13 (1.1e-005)
152.349 .... 553 packets received, 7492 bps, 93.64%, Err 15 (1.2e-005)
154.437 .... 568 packets received, 7590 bps, 94.87%, Err 15 (1.2e-005)
156.557 .... 571 packets received, 7526 bps, 94.07%, Err 16 (1.3e-005)
158.683 .... 583 packets received, 7580 bps, 94.75%, Err 16 (1.3e-005)
160.812 .... 591 packets received, 7582 bps, 94.77%, Err 16 (1.3e-005)
162.889 .... 599 packets received, 7586 bps, 94.82%, Err 16 (1.2e-005)
165.022 .... 607 packets received, 7587 bps, 94.84%, Err 16 (1.2e-005)
167.113 .... 615 packets received, 7590 bps, 94.88%, Err 16 (1.2e-005)
169.248 .... 623 packets received, 7591 bps, 94.89%, Err 16 (1.2e-005)
171.346 .... 631 packets received, 7594 bps, 94.92%, Err 16 (1.2e-005)
173.466 .... 639 packets received, 7596 bps, 94.94%, Err 16 (1.2e-005)
175.569 .... 647 packets received, 7598 bps, 94.97%, Err 16 (1.1e-005)
177.679 .... 655 packets received, 7600 bps, 95.00%, Err 16 (1.1e-005)
179.804 .... 663 packets received, 7601 bps, 95.02%, Err 16 (1.1e-005)
181.905 .... 671 packets received, 7604 bps, 95.04%, Err 16 (1.1e-005)
184.025 .... 679 packets received, 7605 bps, 95.06%, Err 16 (1.1e-005)
186.135 .... 687 packets received, 7607 bps, 95.08%, Err 16 (1.1e-005)
188.245 .... 695 packets received, 7609 bps, 95.11%, Err 16 (1.1e-005)
190.355 .... 703 packets received, 7610 bps, 95.13%, Err 16 (1.1e-005)
192.755 .... 707 packets received, 7558 bps, 94.47%, Err 17 (1.1e-005)
194.881 .... 719 packets received, 7602 bps, 95.02%, Err 17 (1.1e-005)
196.995 .... 727 packets received, 7603 bps, 95.04%, Err 18 (1.1e-005)
199.104 .... 735 packets received, 7605 bps, 95.06%, Err 18 (1.1e-005)
201.214 .... 743 packets received, 7607 bps, 95.08%, Err 18 (1.1e-005)
203.323 .... 751 packets received, 7608 bps, 95.11%, Err 18 (1.1e-005)
205.446 .... 759 packets received, 7610 bps, 95.12%, Err 18 (1.1e-005)
207.547 .... 767 packets received, 7611 bps, 95.14%, Err 18 (1.1e-005)
209.661 .... 775 packets received, 7613 bps, 95.16%, Err 18 (1.1e-005)
211.795 .... 783 packets received, 7614 bps, 95.17%, Err 18 (1.1e-005)
213.891 .... 791 packets received, 7616 bps, 95.19%, Err 18 (1.1e-005)
215.977 .... 799 packets received, 7618 bps, 95.22%, Err 18 (1.0e-005)
218.113 .... 807 packets received, 7618 bps, 95.23%, Err 18 (1.0e-005)
220.240 .... 815 packets received, 7619 bps, 95.24%, Err 18 (1.0e-005)
222.336 .... 823 packets received, 7621 bps, 95.26%, Err 18 (1.0e-005)
224.479 .... 831 packets received, 7621 bps, 95.27%, Err 18 (1.0e-005)
226.579 .... 839 packets received, 7623 bps, 95.29%, Err 18 (1.0e-005)
228.689 .... 847 packets received, 7624 bps, 95.30%, Err 18 (9.9e-006)
230.795 .... 855 packets received, 7626 bps, 95.32%, Err 18 (9.8e-006)
232.923 .... 863 packets received, 7626 bps, 95.33%, Err 18 (9.7e-006)
235.042 .... 871 packets received, 7627 bps, 95.34%, Err 18 (9.6e-006)
237.153 .... 879 packets received, 7629 bps, 95.36%, Err 18 (9.5e-006)
239.243 .... 887 packets received, 7630 bps, 95.38%, Err 18 (9.4e-006)
241.368 .... 895 packets received, 7631 bps, 95.39%, Err 18 (9.4e-006)
244.283 .... 901 packets received, 7590 bps, 94.88%, Err 19 (9.8e-006)
247.196 .... 911 packets received, 7584 bps, 94.79%, Err 20 (1.0e-005)
249.310 .... 923 packets received, 7618 bps, 95.22%, Err 20 (1.0e-005)
251.379 .... 931 packets received, 7620 bps, 95.26%, Err 20 (1.0e-005)
253.513 .... 939 packets received, 7621 bps, 95.26%, Err 20 (9.9e-006)
255.645 .... 947 packets received, 7621 bps, 95.27%, Err 20 (9.8e-006)
257.762 .... 955 packets received, 7622 bps, 95.28%, Err 20 (9.7e-006)
259.875 .... 963 packets received, 7624 bps, 95.29%, Err 20 (9.7e-006)
261.973 .... 971 packets received, 7625 bps, 95.31%, Err 20 (9.6e-006)
264.091 .... 979 packets received, 7626 bps, 95.32%, Err 20 (9.5e-006)
266.220 .... 987 packets received, 7626 bps, 95.33%, Err 20 (9.4e-006)
268.318 .... 995 packets received, 7628 bps, 95.35%, Err 20 (9.3e-006)
270.431 .... 1003 packets received, 7629 bps, 95.36%, Err 20 (9.3e-006)
272.545 .... 1011 packets received, 7630 bps, 95.37%, Err 20 (9.2e-006)
274.660 .... 1019 packets received, 7631 bps, 95.38%, Err 20 (9.1e-006)
276.767 .... 1027 packets received, 7632 bps, 95.40%, Err 20 (9.1e-006)
278.874 .... 1035 packets received, 7633 bps, 95.41%, Err 20 (9.0e-006)
280.978 .... 1043 packets received, 7634 bps, 95.43%, Err 20 (8.9e-006)
283.100 .... 1051 packets received, 7635 bps, 95.43%, Err 20 (8.9e-006)
285.231 .... 1059 packets received, 7635 bps, 95.44%, Err 20 (8.8e-006)
288.387 .... 1067 packets received, 7608 bps, 95.10%, Err 21 (9.1e-006)
290.518 .... 1078 packets received, 7630 bps, 95.38%, Err 21 (9.1e-006)
292.612 .... 1086 packets received, 7632 bps, 95.39%, Err 21 (9.0e-006)
294.769 .... 1094 packets received, 7631 bps, 95.39%, Err 21 (8.9e-006)
296.873 .... 1102 packets received, 7632 bps, 95.40%, Err 21 (8.9e-006)
298.986 .... 1110 packets received, 7633 bps, 95.42%, Err 21 (8.8e-006)
301.073 .... 1118 packets received, 7635 bps, 95.43%, Err 21 (8.7e-006)
303.191 .... 1126 packets received, 7635 bps, 95.44%, Err 21 (8.7e-006)
305.322 .... 1134 packets received, 7636 bps, 95.45%, Err 21 (8.6e-006)
307.436 .... 1142 packets received, 7637 bps, 95.46%, Err 21 (8.6e-006)
309.546 .... 1146 packets received, 7611 bps, 95.14%, Err 22 (8.9e-006)
311.638 .... 1157 packets received, 7632 bps, 95.40%, Err 22 (8.9e-006)
313.760 .... 1165 packets received, 7633 bps, 95.41%, Err 22 (8.8e-006)
315.888 .... 1173 packets received, 7633 bps, 95.42%, Err 22 (8.7e-006)
318.010 .... 1181 packets received, 7634 bps, 95.42%, Err 22 (8.7e-006)
320.100 .... 1189 packets received, 7635 bps, 95.44%, Err 22 (8.6e-006)
322.241 .... 1197 packets received, 7635 bps, 95.44%, Err 22 (8.6e-006)
324.349 .... 1205 packets received, 7636 bps, 95.45%, Err 22 (8.5e-006)
326.471 .... 1213 packets received, 7637 bps, 95.46%, Err 22 (8.4e-006)
328.569 .... 1221 packets received, 7638 bps, 95.47%, Err 22 (8.4e-006)
329.276 ** WARNING: System too busy, sleep 15 ms, but be awakened 70 ms later
330.714 .... 1229 packets received, 7638 bps, 95.47%, Err 22 (8.3e-006)
332.804 .... 1237 packets received, 7639 bps, 95.49%, Err 22 (8.3e-006)
334.921 .... 1245 packets received, 7640 bps, 95.50%, Err 22 (8.2e-006)
337.009 .... 1253 packets received, 7641 bps, 95.51%, Err 22 (8.2e-006)
339.149 .... 1261 packets received, 7641 bps, 95.51%, Err 22 (8.1e-006)
341.276 .... 1265 packets received, 7617 bps, 95.22%, Err 23 (8.4e-006)
343.385 .... 1276 packets received, 7636 bps, 95.45%, Err 23 (8.4e-006)
345.485 .... 1284 packets received, 7637 bps, 95.47%, Err 23 (8.3e-006)
347.739 .... 1292 packets received, 7635 bps, 95.44%, Err 23 (8.3e-006)
350.649 .... 1299 packets received, 7612 bps, 95.15%, Err 24 (8.6e-006)
437.759 ** WARNING: System too busy, sleep 15 ms, but be awakened 85981 ms later
439.229 .... 1307 packets received, 6110 bps, 76.38%, Err 24 (8.5e-006)
441.320 .... 1314 packets received, 6114 bps, 76.43%, Err 24 (8.5e-006)
443.440 .... 1322 packets received, 6122 bps, 76.52%, Err 24 (8.4e-006)
445.457 .... 1328 packets received, 6122 bps, 76.52%, Err 26 (9.1e-006)
447.556 .... 1335 packets received, 6125 bps, 76.56%, Err 26 (9.1e-006)
449.686 .... 1343 packets received, 6132 bps, 76.65%, Err 26 (9.0e-006)
451.822 .... 1351 packets received, 6140 bps, 76.75%, Err 26 (9.0e-006)
453.976 .... 1359 packets received, 6147 bps, 76.83%, Err 26 (8.9e-006)
457.091 .... 1367 packets received, 6141 bps, 76.76%, Err 27 (9.2e-006)
459.225 .... 1378 packets received, 6161 bps, 77.01%, Err 27 (9.1e-006)
461.344 .... 1386 packets received, 6168 bps, 77.11%, Err 27 (9.1e-006)
463.453 .... 1394 packets received, 6176 bps, 77.20%, Err 27 (9.0e-006)
463.634 ** WARNING: System too busy, sleep 15 ms, but be awakened 89 ms later
465.444 ** WARNING: System too busy, sleep 15 ms, but be awakened 97 ms later
465.839 .... 1402 packets received, 6179 bps, 77.24%, Err 27 (8.9e-006)
467.055 ** WARNING: System too busy, sleep 15 ms, but be awakened 68 ms later
468.204 .... 1408 packets received, 6174 bps, 77.18%, Err 27 (8.9e-006)
470.833 ** WARNING: System too busy, sleep 15 ms, but be awakened 96 ms later
472.171 .... 1412 packets received, 6140 bps, 76.75%, Err 27 (8.9e-006)
473.497 ** WARNING: System too busy, sleep 15 ms, but be awakened 94 ms later
474.545 .... 1417 packets received, 6131 bps, 76.63%, Err 27 (8.9e-006)
476.251 ** WARNING: System too busy, sleep 15 ms, but be awakened 73 ms later
477.396 .... 1422 packets received, 6115 bps, 76.44%, Err 28 (9.1e-006)
479.623 .... 1433 packets received, 6134 bps, 76.67%, Err 28 (9.1e-006)
482.019 .... 1437 packets received, 6120 bps, 76.51%, Err 29 (9.3e-006)
484.137 .... 1449 packets received, 6144 bps, 76.81%, Err 29 (9.3e-006)
486.232 .... 1457 packets received, 6152 bps, 76.90%, Err 29 (9.2e-006)
488.345 .... 1464 packets received, 6154 bps, 76.93%, Err 30 (9.5e-006)
490.446 .... 1472 packets received, 6161 bps, 77.02%, Err 30 (9.5e-006)
492.557 .... 1480 packets received, 6168 bps, 77.10%, Err 31 (9.7e-006)
494.677 .... 1483 packets received, 6154 bps, 76.93%, Err 32 (1.0e-005)
497.313 .... 1492 packets received, 6159 bps, 76.98%, Err 33 (1.0e-005)
499.430 .... 1504 packets received, 6182 bps, 77.27%, Err 33 (1.0e-005)
501.535 .... 1512 packets received, 6189 bps, 77.36%, Err 33 (1.0e-005)
503.639 .... 1520 packets received, 6195 bps, 77.44%, Err 33 (1.0e-005)
505.751 .... 1528 packets received, 6202 bps, 77.52%, Err 33 (1.0e-005)
507.890 .... 1536 packets received, 6208 bps, 77.60%, Err 33 (1.0e-005)
509.999 .... 1544 packets received, 6215 bps, 77.68%, Err 33 (9.9e-006)
512.117 .... 1552 packets received, 6221 bps, 77.76%, Err 33 (9.9e-006)
514.219 .... 1560 packets received, 6227 bps, 77.84%, Err 33 (9.8e-006)
516.332 .... 1568 packets received, 6234 bps, 77.92%, Err 33 (9.8e-006)
518.445 .... 1576 packets received, 6240 bps, 78.00%, Err 33 (9.7e-006)
520.552 .... 1584 packets received, 6246 bps, 78.07%, Err 33 (9.7e-006)
522.672 .... 1592 packets received, 6252 bps, 78.15%, Err 33 (9.6e-006)
524.794 .... 1596 packets received, 6242 bps, 78.03%, Err 34 (9.9e-006)
526.877 .... 1607 packets received, 6260 bps, 78.26%, Err 34 (9.8e-006)
530.042 .... 1614 packets received, 6250 bps, 78.13%, Err 35 (1.0e-005)
532.177 .... 1626 packets received, 6271 bps, 78.39%, Err 35 (1.0e-005)
534.284 .... 1634 packets received, 6277 bps, 78.46%, Err 35 (9.9e-006)
