000.000 =============================================================
000.000                     Station B                               
000.000 -------------------------------------------------------------
000.000 Protocol.lib, version 4.0, jiangyanjun0718@bupt.edu.cn
000.000 Channel: 8000 bps, 270 ms propagation delay, bit error rate 1.0E-005
000.000 Log file "fB.log", TCP port 30014, debug mask 0x00
000.000 Station B is connecting station A (TCP port 30014) ... Done.
000.880 New epoch: Thu May 16 11:51:58 2019
000.883 =================================================================
000.888 
000.888 Designed by Jiang Yanjun, build: Oct 28 2018  16:37:15
003.303 .... 8 packets received, 7635 bps, 95.43%, Err 0 (0.0e+000)
005.400 .... 16 packets received, 7723 bps, 96.54%, Err 0 (0.0e+000)
007.528 .... 24 packets received, 7715 bps, 96.44%, Err 0 (0.0e+000)
009.648 .... 32 packets received, 7718 bps, 96.48%, Err 0 (0.0e+000)
011.770 .... 40 packets received, 7719 bps, 96.49%, Err 0 (0.0e+000)
013.851 .... 48 packets received, 7744 bps, 96.80%, Err 0 (0.0e+000)
015.978 .... 56 packets received, 7738 bps, 96.73%, Err 0 (0.0e+000)
018.078 .... 59 packets received, 7141 bps, 89.26%, Err 2 (1.5e-005)
020.214 .... 70 packets received, 7523 bps, 94.03%, Err 2 (1.3e-005)
022.289 .... 78 packets received, 7559 bps, 94.49%, Err 3 (1.8e-005)
024.409 .... 86 packets received, 7575 bps, 94.68%, Err 3 (1.6e-005)
026.521 .... 94 packets received, 7590 bps, 94.87%, Err 3 (1.5e-005)
028.638 .... 102 packets received, 7601 bps, 95.02%, Err 3 (1.4e-005)
030.751 .... 110 packets received, 7612 bps, 95.15%, Err 3 (1.3e-005)
032.851 .... 118 packets received, 7625 bps, 95.31%, Err 4 (1.6e-005)
034.980 .... 126 packets received, 7629 bps, 95.37%, Err 4 (1.5e-005)
037.082 .... 134 packets received, 7639 bps, 95.49%, Err 4 (1.4e-005)
039.205 .... 142 packets received, 7643 bps, 95.54%, Err 4 (1.3e-005)
042.385 .... 149 packets received, 7402 bps, 92.52%, Err 6 (1.8e-005)
043.720 ** WARNING: System too busy, sleep 15 ms, but be awakened 77 ms later
044.475 .... 160 packets received, 7565 bps, 94.56%, Err 6 (1.7e-005)
046.604 .... 168 packets received, 7571 bps, 94.63%, Err 6 (1.6e-005)
048.736 ** WARNING: System too busy, sleep 15 ms, but be awakened 67 ms later
048.881 .... 176 packets received, 7553 bps, 94.41%, Err 6 (1.6e-005)
051.080 .... 185 packets received, 7589 bps, 94.87%, Err 6 (1.5e-005)
053.211 .... 193 packets received, 7593 bps, 94.92%, Err 6 (1.4e-005)
055.321 .... 201 packets received, 7600 bps, 95.00%, Err 6 (1.4e-005)
057.422 .... 209 packets received, 7607 bps, 95.09%, Err 6 (1.3e-005)
059.534 .... 217 packets received, 7613 bps, 95.16%, Err 6 (1.3e-005)
061.644 .... 221 packets received, 7483 bps, 93.53%, Err 8 (1.6e-005)
063.760 .... 231 packets received, 7557 bps, 94.46%, Err 8 (1.6e-005)
065.881 .... 239 packets received, 7562 bps, 94.53%, Err 8 (1.5e-005)
068.003 .... 247 packets received, 7567 bps, 94.59%, Err 8 (1.5e-005)
070.107 .... 255 packets received, 7574 bps, 94.68%, Err 8 (1.4e-005)
072.232 .... 263 packets received, 7578 bps, 94.73%, Err 8 (1.4e-005)
074.322 .... 271 packets received, 7586 bps, 94.82%, Err 8 (1.4e-005)
076.448 .... 279 packets received, 7589 bps, 94.86%, Err 8 (1.3e-005)
078.553 .... 287 packets received, 7594 bps, 94.93%, Err 8 (1.3e-005)
080.678 .... 295 packets received, 7598 bps, 94.97%, Err 8 (1.3e-005)
082.765 .... 303 packets received, 7604 bps, 95.05%, Err 8 (1.2e-005)
084.906 .... 311 packets received, 7605 bps, 95.07%, Err 8 (1.2e-005)
087.011 .... 319 packets received, 7610 bps, 95.12%, Err 8 (1.2e-005)
089.118 .... 327 packets received, 7614 bps, 95.17%, Err 8 (1.1e-005)
091.238 .... 335 packets received, 7616 bps, 95.20%, Err 8 (1.1e-005)
093.328 .... 343 packets received, 7621 bps, 95.27%, Err 8 (1.1e-005)
095.477 .... 351 packets received, 7621 bps, 95.27%, Err 8 (1.1e-005)
097.566 .... 359 packets received, 7626 bps, 95.33%, Err 8 (1.0e-005)
099.672 .... 367 packets received, 7629 bps, 95.37%, Err 8 (1.0e-005)
101.810 .... 375 packets received, 7630 bps, 95.38%, Err 8 (9.9e-006)
104.709 .... 381 packets received, 7535 bps, 94.19%, Err 9 (1.1e-005)
106.834 .... 393 packets received, 7616 bps, 95.20%, Err 9 (1.1e-005)
108.933 .... 401 packets received, 7620 bps, 95.25%, Err 9 (1.0e-005)
111.564 .... 407 packets received, 7550 bps, 94.37%, Err 10 (1.1e-005)
113.669 .... 418 packets received, 7609 bps, 95.11%, Err 10 (1.1e-005)
115.813 .... 426 packets received, 7609 bps, 95.12%, Err 10 (1.1e-005)
117.919 .... 434 packets received, 7612 bps, 95.15%, Err 10 (1.1e-005)
120.020 .... 442 packets received, 7616 bps, 95.20%, Err 10 (1.0e-005)
122.150 .... 450 packets received, 7617 bps, 95.21%, Err 10 (1.0e-005)
125.332 .... 458 packets received, 7554 bps, 94.42%, Err 11 (1.1e-005)
127.431 .... 469 packets received, 7607 bps, 95.08%, Err 12 (1.2e-005)
129.567 .... 476 packets received, 7592 bps, 94.90%, Err 12 (1.2e-005)
131.677 .... 484 packets received, 7594 bps, 94.93%, Err 12 (1.1e-005)
133.791 .... 492 packets received, 7597 bps, 94.96%, Err 12 (1.1e-005)
135.915 .... 500 packets received, 7599 bps, 94.99%, Err 12 (1.1e-005)
138.038 .... 508 packets received, 7601 bps, 95.01%, Err 12 (1.1e-005)
140.141 .... 516 packets received, 7604 bps, 95.04%, Err 12 (1.1e-005)
142.273 .... 524 packets received, 7605 bps, 95.06%, Err 12 (1.1e-005)
144.369 .... 532 packets received, 7608 bps, 95.10%, Err 12 (1.0e-005)
146.492 .... 540 packets received, 7609 bps, 95.12%, Err 12 (1.0e-005)
148.594 .... 548 packets received, 7612 bps, 95.15%, Err 12 (1.0e-005)
150.704 .... 556 packets received, 7614 bps, 95.18%, Err 12 (1.0e-005)
152.848 .... 563 packets received, 7601 bps, 95.01%, Err 13 (1.1e-005)
154.955 .... 571 packets received, 7604 bps, 95.04%, Err 13 (1.1e-005)
157.091 .... 579 packets received, 7604 bps, 95.06%, Err 13 (1.0e-005)
159.197 .... 587 packets received, 7607 bps, 95.08%, Err 13 (1.0e-005)
161.294 .... 595 packets received, 7609 bps, 95.12%, Err 13 (1.0e-005)
163.419 .... 603 packets received, 7611 bps, 95.14%, Err 13 (1.0e-005)
165.524 .... 611 packets received, 7613 bps, 95.16%, Err 13 (9.9e-006)
167.645 .... 619 packets received, 7614 bps, 95.18%, Err 13 (9.7e-006)
169.747 .... 627 packets received, 7617 bps, 95.21%, Err 13 (9.6e-006)
171.863 .... 635 packets received, 7618 bps, 95.23%, Err 13 (9.5e-006)
173.989 .... 643 packets received, 7619 bps, 95.24%, Err 13 (9.4e-006)
176.105 .... 651 packets received, 7621 bps, 95.26%, Err 13 (9.3e-006)
178.209 .... 659 packets received, 7623 bps, 95.29%, Err 13 (9.2e-006)
180.315 .... 667 packets received, 7625 bps, 95.31%, Err 13 (9.1e-006)
182.419 .... 675 packets received, 7627 bps, 95.33%, Err 13 (9.0e-006)
184.543 .... 683 packets received, 7628 bps, 95.34%, Err 13 (8.8e-006)
186.668 .... 691 packets received, 7628 bps, 95.36%, Err 13 (8.7e-006)
188.750 .... 699 packets received, 7631 bps, 95.39%, Err 13 (8.7e-006)
190.885 .... 707 packets received, 7632 bps, 95.40%, Err 13 (8.6e-006)
193.001 .... 710 packets received, 7579 bps, 94.74%, Err 15 (9.8e-006)
195.120 .... 721 packets received, 7613 bps, 95.16%, Err 15 (9.7e-006)
197.225 .... 729 packets received, 7615 bps, 95.18%, Err 15 (9.6e-006)
199.345 .... 737 packets received, 7616 bps, 95.20%, Err 15 (9.4e-006)
201.456 .... 745 packets received, 7617 bps, 95.22%, Err 15 (9.3e-006)
203.566 .... 753 packets received, 7619 bps, 95.24%, Err 15 (9.3e-006)
205.673 .... 761 packets received, 7621 bps, 95.26%, Err 15 (9.2e-006)
207.788 .... 769 packets received, 7622 bps, 95.27%, Err 15 (9.1e-006)
209.901 .... 777 packets received, 7623 bps, 95.29%, Err 15 (9.0e-006)
212.024 .... 785 packets received, 7624 bps, 95.30%, Err 15 (8.9e-006)
214.150 .... 793 packets received, 7625 bps, 95.31%, Err 15 (8.8e-006)
216.231 .... 801 packets received, 7627 bps, 95.34%, Err 16 (9.3e-006)
219.145 .... 807 packets received, 7582 bps, 94.77%, Err 17 (9.7e-006)
221.250 .... 819 packets received, 7621 bps, 95.26%, Err 17 (9.6e-006)
223.375 .... 827 packets received, 7622 bps, 95.27%, Err 17 (9.6e-006)
225.481 .... 835 packets received, 7623 bps, 95.29%, Err 17 (9.5e-006)
227.591 .... 843 packets received, 7625 bps, 95.31%, Err 17 (9.4e-006)
229.714 .... 851 packets received, 7625 bps, 95.32%, Err 17 (9.3e-006)
231.821 .... 859 packets received, 7627 bps, 95.34%, Err 17 (9.2e-006)
235.257 .... 867 packets received, 7585 bps, 94.81%, Err 18 (9.6e-006)
237.361 .... 879 packets received, 7621 bps, 95.27%, Err 18 (9.5e-006)
239.475 .... 887 packets received, 7622 bps, 95.28%, Err 18 (9.4e-006)
241.578 .... 895 packets received, 7624 bps, 95.30%, Err 18 (9.3e-006)
243.700 .... 903 packets received, 7625 bps, 95.31%, Err 18 (9.3e-006)
245.829 .... 911 packets received, 7625 bps, 95.32%, Err 18 (9.2e-006)
247.931 .... 919 packets received, 7627 bps, 95.34%, Err 18 (9.1e-006)
250.069 .... 927 packets received, 7627 bps, 95.34%, Err 18 (9.0e-006)
252.157 .... 935 packets received, 7629 bps, 95.36%, Err 19 (9.5e-006)
254.287 .... 942 packets received, 7621 bps, 95.27%, Err 19 (9.4e-006)
256.379 .... 950 packets received, 7623 bps, 95.29%, Err 19 (9.3e-006)
258.500 .... 958 packets received, 7624 bps, 95.30%, Err 19 (9.2e-006)
260.623 .... 966 packets received, 7625 bps, 95.31%, Err 19 (9.1e-006)
262.731 .... 974 packets received, 7626 bps, 95.32%, Err 19 (9.1e-006)
264.832 .... 982 packets received, 7627 bps, 95.34%, Err 19 (9.0e-006)
266.966 .... 990 packets received, 7628 bps, 95.35%, Err 20 (9.4e-006)
269.055 .... 997 packets received, 7622 bps, 95.27%, Err 20 (9.3e-006)
271.184 .... 1005 packets received, 7622 bps, 95.28%, Err 20 (9.3e-006)
273.303 .... 1013 packets received, 7623 bps, 95.29%, Err 20 (9.2e-006)
275.411 .... 1021 packets received, 7624 bps, 95.30%, Err 20 (9.1e-006)
277.514 .... 1029 packets received, 7626 bps, 95.32%, Err 20 (9.0e-006)
279.644 .... 1037 packets received, 7626 bps, 95.33%, Err 20 (9.0e-006)
281.734 .... 1045 packets received, 7628 bps, 95.35%, Err 20 (8.9e-006)
284.891 .... 1053 packets received, 7601 bps, 95.01%, Err 21 (9.2e-006)
287.025 .... 1064 packets received, 7623 bps, 95.28%, Err 21 (9.2e-006)
289.158 .... 1072 packets received, 7623 bps, 95.29%, Err 21 (9.1e-006)
291.247 .... 1080 packets received, 7625 bps, 95.31%, Err 21 (9.0e-006)
294.162 .... 1087 packets received, 7598 bps, 94.97%, Err 22 (9.4e-006)
296.277 .... 1098 packets received, 7620 bps, 95.25%, Err 22 (9.3e-006)
298.386 .... 1106 packets received, 7621 bps, 95.26%, Err 22 (9.2e-006)
300.502 .... 1114 packets received, 7622 bps, 95.27%, Err 22 (9.2e-006)
302.612 .... 1122 packets received, 7623 bps, 95.28%, Err 22 (9.1e-006)
304.732 .... 1130 packets received, 7623 bps, 95.29%, Err 22 (9.1e-006)
306.827 .... 1138 packets received, 7625 bps, 95.31%, Err 22 (9.0e-006)
308.960 .... 1146 packets received, 7625 bps, 95.31%, Err 22 (8.9e-006)
311.078 .... 1154 packets received, 7626 bps, 95.32%, Err 22 (8.9e-006)
313.170 .... 1162 packets received, 7627 bps, 95.34%, Err 22 (8.8e-006)
315.297 .... 1169 packets received, 7621 bps, 95.26%, Err 23 (9.1e-006)
317.397 .... 1177 packets received, 7622 bps, 95.28%, Err 23 (9.1e-006)
319.520 .... 1185 packets received, 7623 bps, 95.29%, Err 23 (9.0e-006)
322.411 .... 1192 packets received, 7599 bps, 94.99%, Err 24 (9.3e-006)
324.554 .... 1203 packets received, 7618 bps, 95.23%, Err 24 (9.3e-006)
326.633 .... 1211 packets received, 7620 bps, 95.25%, Err 24 (9.2e-006)
328.754 .... 1219 packets received, 7621 bps, 95.26%, Err 24 (9.2e-006)
329.276 ** WARNING: System too busy, sleep 15 ms, but be awakened 70 ms later
330.862 .... 1226 packets received, 7615 bps, 95.19%, Err 24 (9.1e-006)
332.978 .... 1234 packets received, 7616 bps, 95.20%, Err 24 (9.0e-006)
335.082 .... 1242 packets received, 7617 bps, 95.22%, Err 24 (9.0e-006)
337.175 .... 1250 packets received, 7619 bps, 95.23%, Err 24 (8.9e-006)
339.320 .... 1258 packets received, 7619 bps, 95.23%, Err 24 (8.9e-006)
340.948 ** WARNING: System too busy, sleep 15 ms, but be awakened 73 ms later
341.427 .... 1265 packets received, 7614 bps, 95.17%, Err 25 (9.2e-006)
343.443 .... 1272 packets received, 7611 bps, 95.13%, Err 25 (9.1e-006)
346.312 .... 1279 packets received, 7589 bps, 94.86%, Err 26 (9.4e-006)
348.453 .... 1290 packets received, 7607 bps, 95.09%, Err 26 (9.4e-006)
350.555 .... 1298 packets received, 7608 bps, 95.10%, Err 26 (9.3e-006)
437.759 ** WARNING: System too busy, sleep 15 ms, but be awakened 85981 ms later
439.177 .... 1303 packets received, 6092 bps, 76.15%, Err 26 (9.3e-006)
441.344 .... 1311 packets received, 6100 bps, 76.24%, Err 26 (9.2e-006)
444.250 .... 1317 packets received, 6087 bps, 76.09%, Err 27 (9.5e-006)
444.752 ** WARNING: System too busy, sleep 15 ms, but be awakened 72 ms later
446.362 .... 1329 packets received, 6114 bps, 76.42%, Err 27 (9.4e-006)
448.484 .... 1337 packets received, 6121 bps, 76.51%, Err 27 (9.4e-006)
451.641 .... 1345 packets received, 6115 bps, 76.43%, Err 28 (9.6e-006)
453.780 .... 1356 packets received, 6136 bps, 76.69%, Err 28 (9.6e-006)
455.898 .... 1364 packets received, 6143 bps, 76.79%, Err 28 (9.5e-006)
458.520 .... 1370 packets received, 6135 bps, 76.68%, Err 29 (9.8e-006)
460.642 .... 1381 packets received, 6155 bps, 76.94%, Err 29 (9.7e-006)
462.738 .... 1389 packets received, 6163 bps, 77.04%, Err 29 (9.7e-006)
463.634 ** WARNING: System too busy, sleep 15 ms, but be awakened 76 ms later
464.861 .... 1397 packets received, 6170 bps, 77.13%, Err 29 (9.6e-006)
465.444 ** WARNING: System too busy, sleep 15 ms, but be awakened 91 ms later
467.055 ** WARNING: System too busy, sleep 15 ms, but be awakened 69 ms later
468.455 .... 1400 packets received, 6136 bps, 76.70%, Err 31 (1.0e-005)
470.245 ** WARNING: System too busy, sleep 15 ms, but be awakened 69 ms later
472.150 .... 1405 packets received, 6109 bps, 76.37%, Err 31 (1.0e-005)
473.472 ** WARNING: System too busy, sleep 15 ms, but be awakened 80 ms later
474.505 .... 1418 packets received, 6135 bps, 76.69%, Err 31 (1.0e-005)
476.251 ** WARNING: System too busy, sleep 15 ms, but be awakened 74 ms later
476.720 .... 1425 packets received, 6137 bps, 76.71%, Err 31 (1.0e-005)
478.818 .... 1433 packets received, 6144 bps, 76.80%, Err 31 (1.0e-005)
480.871 .... 1441 packets received, 6152 bps, 76.90%, Err 31 (1.0e-005)
482.976 .... 1449 packets received, 6159 bps, 76.99%, Err 32 (1.0e-005)
485.102 .... 1457 packets received, 6166 bps, 77.07%, Err 32 (1.0e-005)
487.221 .... 1465 packets received, 6173 bps, 77.16%, Err 32 (1.0e-005)
489.344 .... 1473 packets received, 6179 bps, 77.24%, Err 32 (1.0e-005)
491.465 .... 1481 packets received, 6186 bps, 77.33%, Err 32 (1.0e-005)
493.551 .... 1489 packets received, 6193 bps, 77.41%, Err 32 (9.9e-006)
495.689 .... 1497 packets received, 6200 bps, 77.49%, Err 32 (9.9e-006)
497.824 .... 1505 packets received, 6206 bps, 77.57%, Err 32 (9.8e-006)
499.922 .... 1513 packets received, 6213 bps, 77.66%, Err 32 (9.8e-006)
502.023 .... 1521 packets received, 6219 bps, 77.74%, Err 32 (9.7e-006)
504.162 .... 1529 packets received, 6225 bps, 77.82%, Err 33 (1.0e-005)
506.263 .... 1536 packets received, 6228 bps, 77.85%, Err 33 (9.9e-006)
508.390 .... 1544 packets received, 6234 bps, 77.93%, Err 33 (9.9e-006)
510.491 .... 1552 packets received, 6240 bps, 78.01%, Err 33 (9.8e-006)
512.594 .... 1560 packets received, 6247 bps, 78.09%, Err 33 (9.8e-006)
514.707 .... 1568 packets received, 6253 bps, 78.16%, Err 33 (9.7e-006)
516.824 .... 1576 packets received, 6259 bps, 78.24%, Err 33 (9.7e-006)
518.941 .... 1584 packets received, 6265 bps, 78.32%, Err 33 (9.6e-006)
521.052 .... 1592 packets received, 6271 bps, 78.39%, Err 33 (9.6e-006)
523.174 .... 1600 packets received, 6277 bps, 78.46%, Err 33 (9.6e-006)
525.297 .... 1608 packets received, 6283 bps, 78.54%, Err 33 (9.5e-006)
527.390 .... 1616 packets received, 6289 bps, 78.61%, Err 34 (9.7e-006)
529.531 .... 1624 packets received, 6295 bps, 78.68%, Err 34 (9.7e-006)
531.633 .... 1632 packets received, 6301 bps, 78.76%, Err 34 (9.7e-006)
533.746 .... 1640 packets received, 6306 bps, 78.83%, Err 34 (9.6e-006)
535.861 .... 1648 packets received, 6312 bps, 78.90%, Err 34 (9.6e-006)
