000.000 =============================================================
000.000                     Station A                               
000.000 -------------------------------------------------------------
000.000 Protocol.lib, version 4.0, jiangyanjun0718@bupt.edu.cn
000.000 Channel: 8000 bps, 270 ms propagation delay, bit error rate 1.0E-004
000.000 Log file "fbA.log", TCP port 30015, debug mask 0x00
000.000 Station A is waiting for station B on TCP port 30015 ... Done.
000.935 New epoch: Thu May 16 11:51:58 2019
000.936 =================================================================
000.936 
000.936 Designed by Jiang Yanjun, build: Oct 28 2018  16:37:15
003.353 .... 8 packets received, 7696 bps, 96.20%, Err 2 (1.0e-004)
005.461 .... 11 packets received, 5317 bps, 66.46%, Err 4 (1.1e-004)
007.583 .... 22 packets received, 7085 bps, 88.57%, Err 4 (7.5e-005)
009.739 .... 29 packets received, 6975 bps, 87.19%, Err 5 (7.1e-005)
011.866 .... 32 packets received, 6158 bps, 76.98%, Err 8 (9.2e-005)
015.067 .... 40 packets received, 5918 bps, 73.97%, Err 9 (8.0e-005)
017.167 .... 53 packets received, 6808 bps, 85.10%, Err 10 (7.7e-005)
019.564 .... 57 packets received, 6365 bps, 79.56%, Err 12 (8.1e-005)
022.793 .... 63 packets received, 5982 bps, 74.77%, Err 18 (1.0e-004)
025.183 .... 68 packets received, 5813 bps, 72.66%, Err 22 (1.1e-004)
027.818 .... 73 packets received, 5622 bps, 70.27%, Err 24 (1.1e-004)
029.957 .... 91 packets received, 6486 bps, 81.08%, Err 25 (1.1e-004)
032.636 .... 96 packets received, 6259 bps, 78.24%, Err 27 (1.1e-004)
036.133 .... 107 packets received, 6277 bps, 78.47%, Err 29 (1.0e-004)
038.531 .... 116 packets received, 6368 bps, 79.60%, Err 30 (1.0e-004)
041.222 .... 125 packets received, 6400 bps, 80.00%, Err 31 (9.6e-005)
043.354 .... 136 packets received, 6611 bps, 82.64%, Err 31 (9.1e-005)
043.720 ** WARNING: System too busy, sleep 15 ms, but be awakened 77 ms later
045.486 .... 144 packets received, 6663 bps, 83.29%, Err 32 (9.0e-005)
048.669 .... 149 packets received, 6432 bps, 80.40%, Err 40 (1.0e-004)
051.598 .... 155 packets received, 6302 bps, 78.77%, Err 42 (1.0e-004)
053.714 .... 162 packets received, 6321 bps, 79.01%, Err 42 (1.0e-004)
055.839 .... 176 packets received, 6600 bps, 82.50%, Err 43 (9.8e-005)
058.522 .... 178 packets received, 6362 bps, 79.53%, Err 45 (9.8e-005)
061.172 .... 189 packets received, 6457 bps, 80.71%, Err 47 (9.8e-005)
063.569 .... 197 packets received, 6471 bps, 80.89%, Err 48 (9.6e-005)
068.898 .... 204 packets received, 6174 bps, 77.17%, Err 55 (1.0e-004)
071.025 .... 224 packets received, 6572 bps, 82.15%, Err 55 (9.8e-005)
073.138 .... 228 packets received, 6493 bps, 81.16%, Err 57 (9.9e-005)
076.307 .... 235 packets received, 6410 bps, 80.12%, Err 60 (1.0e-004)
082.157 .... 245 packets received, 6200 bps, 77.50%, Err 66 (1.0e-004)
088.002 .... 254 packets received, 5995 bps, 74.93%, Err 69 (9.9e-005)
090.116 .... 269 packets received, 6198 bps, 77.47%, Err 70 (9.8e-005)
094.628 .... 272 packets received, 5964 bps, 74.55%, Err 71 (9.5e-005)
096.749 .... 297 packets received, 6368 bps, 79.59%, Err 73 (9.5e-005)
098.884 .... 304 packets received, 6375 bps, 79.69%, Err 75 (9.6e-005)
100.986 .... 311 packets received, 6384 bps, 79.81%, Err 77 (9.6e-005)
103.140 .... 319 packets received, 6410 bps, 80.13%, Err 77 (9.4e-005)
105.271 .... 326 packets received, 6417 bps, 80.21%, Err 78 (9.3e-005)
107.437 .... 333 packets received, 6421 bps, 80.26%, Err 79 (9.3e-005)
113.007 .... 338 packets received, 6193 bps, 77.41%, Err 87 (9.7e-005)
118.867 .... 346 packets received, 6023 bps, 75.29%, Err 93 (9.9e-005)
120.976 .... 361 packets received, 6174 bps, 77.17%, Err 96 (1.0e-004)
135.079 .... 366 packets received, 5600 bps, 70.00%, Err 110 (1.0e-004)
137.223 .... 388 packets received, 5843 bps, 73.04%, Err 114 (1.0e-004)
140.141 .... 393 packets received, 5794 bps, 72.42%, Err 116 (1.0e-004)
145.160 .... 398 packets received, 5663 bps, 70.79%, Err 126 (1.1e-004)
147.829 .... 406 packets received, 5672 bps, 70.90%, Err 128 (1.1e-004)
152.325 .... 408 packets received, 5530 bps, 69.12%, Err 136 (1.1e-004)
155.510 .... 432 packets received, 5734 bps, 71.68%, Err 137 (1.1e-004)
157.672 .... 443 packets received, 5799 bps, 72.49%, Err 138 (1.1e-004)
159.804 .... 450 packets received, 5812 bps, 72.64%, Err 139 (1.1e-004)
162.463 .... 456 packets received, 5792 bps, 72.40%, Err 140 (1.1e-004)
164.538 .... 467 packets received, 5856 bps, 73.20%, Err 140 (1.1e-004)
166.684 .... 471 packets received, 5830 bps, 72.87%, Err 141 (1.1e-004)
169.837 .... 481 packets received, 5842 bps, 73.03%, Err 144 (1.1e-004)
172.521 .... 486 packets received, 5811 bps, 72.63%, Err 144 (1.0e-004)
175.483 .... 500 packets received, 5876 bps, 73.45%, Err 147 (1.1e-004)
178.150 .... 507 packets received, 5869 bps, 73.36%, Err 152 (1.1e-004)
180.817 .... 510 packets received, 5816 bps, 72.70%, Err 152 (1.1e-004)
182.942 .... 526 packets received, 5928 bps, 74.10%, Err 152 (1.0e-004)
187.258 .... 530 packets received, 5835 bps, 72.93%, Err 154 (1.0e-004)
190.446 .... 547 packets received, 5920 bps, 74.00%, Err 156 (1.0e-004)
192.568 .... 558 packets received, 5972 bps, 74.66%, Err 156 (1.0e-004)
194.708 .... 566 packets received, 5991 bps, 74.89%, Err 157 (1.0e-004)
201.569 .... 568 packets received, 5806 bps, 72.58%, Err 165 (1.0e-004)
203.727 .... 573 packets received, 5795 bps, 72.44%, Err 165 (1.0e-004)
206.366 .... 595 packets received, 5940 bps, 74.25%, Err 169 (1.0e-004)
209.537 .... 601 packets received, 5909 bps, 73.86%, Err 170 (1.0e-004)
211.926 .... 612 packets received, 5949 bps, 74.36%, Err 172 (1.0e-004)
214.046 .... 619 packets received, 5957 bps, 74.46%, Err 174 (1.0e-004)
216.191 .... 630 packets received, 6002 bps, 75.03%, Err 174 (1.0e-004)
219.083 .... 633 packets received, 5951 bps, 74.38%, Err 177 (1.0e-004)
221.211 .... 646 packets received, 6014 bps, 75.18%, Err 178 (1.0e-004)
223.348 .... 654 packets received, 6030 bps, 75.37%, Err 178 (1.0e-004)
225.464 .... 662 packets received, 6046 bps, 75.58%, Err 178 (9.9e-005)
228.412 .... 668 packets received, 6022 bps, 75.27%, Err 181 (9.9e-005)
235.057 .... 671 packets received, 5877 bps, 73.46%, Err 190 (1.0e-004)
237.196 .... 684 packets received, 5936 bps, 74.21%, Err 194 (1.0e-004)
239.336 .... 690 packets received, 5935 bps, 74.18%, Err 194 (1.0e-004)
241.466 .... 708 packets received, 6036 bps, 75.44%, Err 194 (1.0e-004)
244.119 .... 713 packets received, 6012 bps, 75.15%, Err 198 (1.0e-004)
249.141 .... 715 packets received, 5906 bps, 73.83%, Err 199 (1.0e-004)
251.317 .... 740 packets received, 6060 bps, 75.75%, Err 199 (9.9e-005)
253.491 .... 748 packets received, 6073 bps, 75.91%, Err 200 (9.9e-005)
255.597 .... 752 packets received, 6054 bps, 75.68%, Err 202 (9.9e-005)
258.253 .... 760 packets received, 6056 bps, 75.70%, Err 204 (9.9e-005)
260.947 .... 769 packets received, 6064 bps, 75.80%, Err 206 (9.9e-005)
267.332 .... 779 packets received, 5995 bps, 74.94%, Err 213 (1.0e-004)
269.949 .... 789 packets received, 6013 bps, 75.16%, Err 214 (9.9e-005)
272.630 .... 795 packets received, 5999 bps, 74.99%, Err 217 (1.0e-004)
275.051 .... 805 packets received, 6021 bps, 75.26%, Err 217 (9.9e-005)
277.968 .... 817 packets received, 6046 bps, 75.58%, Err 222 (1.0e-004)
280.085 .... 819 packets received, 6015 bps, 75.19%, Err 222 (9.9e-005)
285.444 .... 831 packets received, 5988 bps, 74.85%, Err 227 (1.0e-004)
291.283 .... 843 packets received, 5952 bps, 74.40%, Err 234 (1.0e-004)
294.198 .... 860 packets received, 6012 bps, 75.15%, Err 234 (1.0e-004)
296.331 .... 873 packets received, 6058 bps, 75.73%, Err 240 (1.0e-004)
299.007 .... 875 packets received, 6018 bps, 75.22%, Err 244 (1.0e-004)
301.147 .... 877 packets received, 5989 bps, 74.86%, Err 244 (1.0e-004)
304.115 .... 882 packets received, 5964 bps, 74.55%, Err 247 (1.0e-004)
306.771 .... 892 packets received, 5979 bps, 74.74%, Err 248 (1.0e-004)
311.025 .... 893 packets received, 5903 bps, 73.79%, Err 250 (1.0e-004)
313.205 .... 910 packets received, 5974 bps, 74.67%, Err 252 (1.0e-004)
315.318 .... 924 packets received, 6025 bps, 75.31%, Err 253 (1.0e-004)
317.428 .... 928 packets received, 6010 bps, 75.13%, Err 254 (1.0e-004)
319.565 .... 939 packets received, 6041 bps, 75.51%, Err 255 (1.0e-004)
321.658 .... 947 packets received, 6053 bps, 75.66%, Err 255 (9.9e-005)
324.742 .... 954 packets received, 6039 bps, 75.49%, Err 257 (9.9e-005)
327.289 .... 962 packets received, 6042 bps, 75.53%, Err 259 (9.9e-005)
329.276 ** WARNING: System too busy, sleep 15 ms, but be awakened 70 ms later
331.815 .... 964 packets received, 5972 bps, 74.65%, Err 263 (9.9e-005)
333.949 .... 986 packets received, 6069 bps, 75.86%, Err 263 (9.9e-005)
336.097 .... 994 packets received, 6079 bps, 75.99%, Err 264 (9.8e-005)
338.195 .... 1001 packets received, 6084 bps, 76.05%, Err 264 (9.8e-005)
340.569 .... 1006 packets received, 6071 bps, 75.89%, Err 266 (9.8e-005)
340.948 ** WARNING: System too busy, sleep 15 ms, but be awakened 67 ms later
343.272 .... 1012 packets received, 6059 bps, 75.74%, Err 267 (9.7e-005)
346.188 .... 1020 packets received, 6056 bps, 75.69%, Err 270 (9.8e-005)
348.312 .... 1033 packets received, 6095 bps, 76.19%, Err 271 (9.8e-005)
350.451 .... 1037 packets received, 6081 bps, 76.02%, Err 274 (9.8e-005)
437.751 ** WARNING: System too busy, sleep 15 ms, but be awakened 85983 ms later
441.032 .... 1039 packets received, 4838 bps, 60.48%, Err 281 (9.9e-005)
444.760 ** WARNING: System too busy, sleep 15 ms, but be awakened 66 ms later
445.515 .... 1042 packets received, 4803 bps, 60.04%, Err 286 (1.0e-004)
448.363 .... 1056 packets received, 4837 bps, 60.46%, Err 288 (1.0e-004)
450.468 .... 1071 packets received, 4882 bps, 61.03%, Err 291 (1.0e-004)
452.612 .... 1081 packets received, 4905 bps, 61.31%, Err 292 (1.0e-004)
455.250 .... 1086 packets received, 4899 bps, 61.23%, Err 293 (1.0e-004)
457.439 .... 1098 packets received, 4929 bps, 61.61%, Err 293 (9.9e-005)
460.620 .... 1105 packets received, 4926 bps, 61.58%, Err 295 (9.9e-005)
463.634 ** WARNING: System too busy, sleep 15 ms, but be awakened 89 ms later
465.444 ** WARNING: System too busy, sleep 15 ms, but be awakened 97 ms later
466.986 .... 1112 packets received, 4890 bps, 61.12%, Err 303 (1.0e-004)
469.535 ** WARNING: System too busy, sleep 15 ms, but be awakened 90 ms later
470.554 .... 1116 packets received, 4870 bps, 60.87%, Err 307 (1.0e-004)
473.365 ** WARNING: System too busy, sleep 15 ms, but be awakened 78 ms later
474.814 .... 1123 packets received, 4856 bps, 60.70%, Err 309 (1.0e-004)
476.257 ** WARNING: System too busy, sleep 15 ms, but be awakened 70 ms later
481.690 .... 1145 packets received, 4881 bps, 61.01%, Err 314 (1.0e-004)
483.813 .... 1168 packets received, 4957 bps, 61.96%, Err 314 (1.0e-004)
486.714 .... 1172 packets received, 4944 bps, 61.80%, Err 317 (1.0e-004)
493.075 .... 1179 packets received, 4909 bps, 61.36%, Err 324 (1.0e-004)
495.713 .... 1197 packets received, 4958 bps, 61.97%, Err 325 (1.0e-004)
497.856 .... 1211 packets received, 4994 bps, 62.42%, Err 325 (1.0e-004)
499.954 .... 1219 packets received, 5006 bps, 62.57%, Err 325 (9.9e-005)
502.071 .... 1227 packets received, 5017 bps, 62.72%, Err 327 (9.9e-005)
506.910 .... 1228 packets received, 4973 bps, 62.17%, Err 334 (1.0e-004)
511.668 .... 1232 packets received, 4943 bps, 61.79%, Err 338 (1.0e-004)
514.867 .... 1253 packets received, 4996 bps, 62.45%, Err 342 (1.0e-004)
516.976 .... 1265 packets received, 5023 bps, 62.79%, Err 342 (1.0e-004)
519.114 .... 1273 packets received, 5034 bps, 62.93%, Err 344 (1.0e-004)
521.260 .... 1280 packets received, 5041 bps, 63.01%, Err 344 (1.0e-004)
523.386 .... 1283 packets received, 5032 bps, 62.90%, Err 347 (1.0e-004)
526.549 .... 1288 packets received, 5021 bps, 62.77%, Err 349 (1.0e-004)
529.222 .... 1296 packets received, 5027 bps, 62.84%, Err 351 (1.0e-004)
532.708 .... 1301 packets received, 5013 bps, 62.67%, Err 353 (1.0e-004)
535.120 .... 1310 packets received, 5025 bps, 62.81%, Err 355 (1.0e-004)
