000.000 =============================================================
000.000                     Station B                               
000.000 -------------------------------------------------------------
000.000 Protocol.lib, version 4.0, jiangyanjun0718@bupt.edu.cn
000.000 Channel: 8000 bps, 270 ms propagation delay, bit error rate 1.0E-004
000.000 Log file "fbB.log", TCP port 30015, debug mask 0x00
000.000 Station B is connecting station A (TCP port 30015) ... Done.
000.935 New epoch: Thu May 16 11:51:58 2019
000.935 =================================================================
000.936 
000.936 Designed by Jiang Yanjun, build: Oct 28 2018  16:37:15
004.136 .... 6 packets received, 4194 bps, 52.42%, Err 3 (1.2e-004)
007.333 .... 12 packets received, 4011 bps, 50.14%, Err 6 (1.2e-004)
009.448 .... 27 packets received, 6709 bps, 83.86%, Err 7 (1.0e-004)
011.585 .... 34 packets received, 6709 bps, 83.86%, Err 9 (1.1e-004)
017.965 .... 37 packets received, 4522 bps, 56.52%, Err 13 (9.6e-005)
021.148 .... 51 packets received, 5238 bps, 65.47%, Err 15 (9.3e-005)
027.304 .... 64 packets received, 5022 bps, 62.78%, Err 24 (1.1e-004)
030.502 .... 75 packets received, 5243 bps, 65.54%, Err 28 (1.2e-004)
033.147 .... 81 packets received, 5194 bps, 64.92%, Err 30 (1.2e-004)
035.808 .... 90 packets received, 5327 bps, 66.59%, Err 30 (1.1e-004)
038.747 .... 93 packets received, 5073 bps, 63.42%, Err 32 (1.1e-004)
040.881 .... 115 packets received, 5936 bps, 74.20%, Err 34 (1.1e-004)
042.973 .... 121 packets received, 5933 bps, 74.16%, Err 37 (1.1e-004)
043.720 ** WARNING: System too busy, sleep 15 ms, but be awakened 71 ms later
045.097 .... 131 packets received, 6113 bps, 76.41%, Err 37 (1.0e-004)
048.024 .... 138 packets received, 6037 bps, 75.46%, Err 39 (1.0e-004)
048.736 ** WARNING: System too busy, sleep 15 ms, but be awakened 68 ms later
050.160 .... 148 packets received, 6192 bps, 77.40%, Err 40 (1.0e-004)
053.075 .... 150 packets received, 5923 bps, 74.03%, Err 42 (1.0e-004)
055.749 .... 162 packets received, 6083 bps, 76.04%, Err 44 (1.0e-004)
061.593 .... 167 packets received, 5664 bps, 70.80%, Err 48 (9.9e-005)
064.535 .... 189 packets received, 6112 bps, 76.40%, Err 52 (1.0e-004)
067.185 .... 192 packets received, 5960 bps, 74.50%, Err 53 (1.0e-004)
076.473 .... 202 packets received, 5496 bps, 68.70%, Err 61 (1.0e-004)
079.658 .... 222 packets received, 5795 bps, 72.44%, Err 62 (9.8e-005)
081.773 .... 238 packets received, 6050 bps, 75.62%, Err 64 (9.9e-005)
083.918 .... 245 packets received, 6066 bps, 75.83%, Err 64 (9.6e-005)
086.034 .... 253 packets received, 6108 bps, 76.35%, Err 64 (9.4e-005)
089.224 .... 256 packets received, 5957 bps, 74.46%, Err 67 (9.5e-005)
097.472 .... 261 packets received, 5553 bps, 69.41%, Err 75 (9.7e-005)
101.454 .... 268 packets received, 5475 bps, 68.44%, Err 83 (1.0e-004)
104.636 .... 285 packets received, 5643 bps, 70.54%, Err 84 (1.0e-004)
107.839 .... 288 packets received, 5531 bps, 69.14%, Err 86 (1.0e-004)
109.941 .... 310 packets received, 5839 bps, 72.98%, Err 88 (1.0e-004)
112.054 .... 317 packets received, 5857 bps, 73.21%, Err 90 (1.0e-004)
115.281 .... 321 packets received, 5763 bps, 72.04%, Err 92 (1.0e-004)
117.372 .... 334 packets received, 5888 bps, 73.61%, Err 94 (1.0e-004)
120.023 .... 340 packets received, 5860 bps, 73.26%, Err 96 (1.0e-004)
125.868 .... 349 packets received, 5734 bps, 71.67%, Err 102 (1.0e-004)
130.365 .... 362 packets received, 5740 bps, 71.75%, Err 107 (1.0e-004)
133.025 .... 374 packets received, 5811 bps, 72.63%, Err 108 (1.0e-004)
135.915 .... 387 packets received, 5884 bps, 73.55%, Err 111 (1.0e-004)
138.858 .... 392 packets received, 5832 bps, 72.90%, Err 111 (1.0e-004)
144.425 .... 405 packets received, 5791 bps, 72.39%, Err 117 (1.0e-004)
148.989 .... 412 packets received, 5710 bps, 71.37%, Err 120 (1.0e-004)
153.508 .... 430 packets received, 5782 bps, 72.28%, Err 123 (1.0e-004)
156.179 .... 443 packets received, 5854 bps, 73.18%, Err 127 (1.0e-004)
159.077 .... 451 packets received, 5851 bps, 73.13%, Err 127 (1.0e-004)
161.189 .... 467 packets received, 5978 bps, 74.73%, Err 127 (9.9e-005)
163.321 .... 475 packets received, 6001 bps, 75.01%, Err 127 (9.8e-005)
165.454 .... 479 packets received, 5973 bps, 74.66%, Err 129 (9.8e-005)
169.953 .... 483 packets received, 5862 bps, 73.27%, Err 135 (1.0e-004)
172.612 .... 494 packets received, 5902 bps, 73.78%, Err 136 (9.9e-005)
175.270 .... 503 packets received, 5918 bps, 73.98%, Err 137 (9.8e-005)
178.191 .... 513 packets received, 5936 bps, 74.20%, Err 142 (1.0e-004)
181.149 .... 516 packets received, 5873 bps, 73.41%, Err 147 (1.0e-004)
183.769 .... 524 packets received, 5878 bps, 73.48%, Err 148 (1.0e-004)
186.959 .... 529 packets received, 5832 bps, 72.91%, Err 151 (1.0e-004)
189.087 .... 550 packets received, 5995 bps, 74.94%, Err 151 (1.0e-004)
191.749 .... 555 packets received, 5965 bps, 74.57%, Err 153 (1.0e-004)
193.867 .... 566 packets received, 6017 bps, 75.21%, Err 153 (9.9e-005)
200.476 .... 573 packets received, 5889 bps, 73.61%, Err 160 (1.0e-004)
203.685 .... 586 packets received, 5927 bps, 74.09%, Err 164 (1.0e-004)
212.485 .... 590 packets received, 5719 bps, 71.49%, Err 172 (1.0e-004)
214.627 .... 614 packets received, 5892 bps, 73.65%, Err 172 (1.0e-004)
216.742 .... 622 packets received, 5910 bps, 73.88%, Err 173 (1.0e-004)
219.658 .... 626 packets received, 5869 bps, 73.36%, Err 174 (9.9e-005)
221.808 .... 639 packets received, 5932 bps, 74.15%, Err 175 (9.9e-005)
223.910 .... 642 packets received, 5904 bps, 73.80%, Err 178 (1.0e-004)
227.071 .... 651 packets received, 5903 bps, 73.79%, Err 181 (1.0e-004)
230.264 .... 660 packets received, 5901 bps, 73.76%, Err 186 (1.0e-004)
233.439 .... 663 packets received, 5847 bps, 73.09%, Err 187 (1.0e-004)
235.564 .... 682 packets received, 5960 bps, 74.50%, Err 189 (1.0e-004)
238.516 .... 684 packets received, 5903 bps, 73.79%, Err 191 (1.0e-004)
241.722 .... 695 packets received, 5918 bps, 73.97%, Err 193 (1.0e-004)
248.348 .... 706 packets received, 5850 bps, 73.13%, Err 199 (1.0e-004)
251.264 .... 718 packets received, 5880 bps, 73.51%, Err 200 (1.0e-004)
253.894 .... 730 packets received, 5917 bps, 73.96%, Err 202 (1.0e-004)
256.039 .... 736 packets received, 5915 bps, 73.94%, Err 202 (9.9e-005)
258.164 .... 748 packets received, 5962 bps, 74.52%, Err 206 (1.0e-004)
261.082 .... 757 packets received, 5966 bps, 74.57%, Err 208 (1.0e-004)
263.217 .... 767 packets received, 5995 bps, 74.94%, Err 209 (1.0e-004)
266.390 .... 773 packets received, 5970 bps, 74.62%, Err 212 (1.0e-004)
270.940 .... 777 packets received, 5900 bps, 73.74%, Err 216 (1.0e-004)
273.614 .... 791 packets received, 5947 bps, 74.34%, Err 219 (1.0e-004)
276.299 .... 804 packets received, 5986 bps, 74.82%, Err 221 (1.0e-004)
282.433 .... 812 packets received, 5913 bps, 73.92%, Err 226 (1.0e-004)
285.353 .... 825 packets received, 5946 bps, 74.33%, Err 226 (9.9e-005)
288.018 .... 841 packets received, 6005 bps, 75.07%, Err 227 (9.9e-005)
293.319 .... 847 packets received, 5938 bps, 74.23%, Err 232 (9.9e-005)
296.256 .... 857 packets received, 5949 bps, 74.36%, Err 234 (9.9e-005)
298.919 .... 863 packets received, 5937 bps, 74.21%, Err 236 (9.9e-005)
301.865 .... 877 packets received, 5974 bps, 74.67%, Err 236 (9.8e-005)
305.098 .... 889 packets received, 5991 bps, 74.89%, Err 240 (9.9e-005)
307.769 .... 896 packets received, 5986 bps, 74.82%, Err 244 (9.9e-005)
310.413 .... 900 packets received, 5961 bps, 74.51%, Err 245 (9.9e-005)
315.991 .... 904 packets received, 5881 bps, 73.52%, Err 251 (1.0e-004)
321.546 .... 922 packets received, 5895 bps, 73.68%, Err 257 (1.0e-004)
324.224 .... 930 packets received, 5896 bps, 73.70%, Err 259 (1.0e-004)
326.900 .... 949 packets received, 5967 bps, 74.59%, Err 264 (1.0e-004)
329.276 ** WARNING: System too busy, sleep 15 ms, but be awakened 70 ms later
329.795 .... 954 packets received, 5946 bps, 74.33%, Err 264 (1.0e-004)
332.998 .... 968 packets received, 5975 bps, 74.69%, Err 266 (1.0e-004)
335.367 .... 976 packets received, 5982 bps, 74.77%, Err 267 (1.0e-004)
340.685 .... 983 packets received, 5930 bps, 74.13%, Err 272 (1.0e-004)
343.370 .... 996 packets received, 5961 bps, 74.52%, Err 273 (1.0e-004)
348.126 .... 1006 packets received, 5939 bps, 74.23%, Err 277 (1.0e-004)
437.767 ** WARNING: System too busy, sleep 15 ms, but be awakened 85988 ms later
439.529 .... 1019 packets received, 4761 bps, 59.51%, Err 281 (1.0e-004)
444.155 .... 1023 packets received, 4730 bps, 59.12%, Err 285 (1.0e-004)
444.752 ** WARNING: System too busy, sleep 15 ms, but be awakened 70 ms later
446.574 .... 1049 packets received, 4824 bps, 60.30%, Err 288 (1.0e-004)
449.256 .... 1053 packets received, 4813 bps, 60.16%, Err 290 (1.0e-004)
451.911 .... 1059 packets received, 4812 bps, 60.15%, Err 292 (1.0e-004)
453.713 ** WARNING: System too busy, sleep 15 ms, but be awakened 67 ms later
454.032 .... 1071 packets received, 4844 bps, 60.55%, Err 293 (1.0e-004)
456.489 .... 1076 packets received, 4840 bps, 60.50%, Err 297 (1.0e-004)
458.554 .... 1087 packets received, 4868 bps, 60.84%, Err 297 (1.0e-004)
460.660 .... 1094 packets received, 4876 bps, 60.96%, Err 298 (1.0e-004)
463.634 ** WARNING: System too busy, sleep 15 ms, but be awakened 89 ms later
465.444 ** WARNING: System too busy, sleep 15 ms, but be awakened 91 ms later
466.765 .... 1101 packets received, 4843 bps, 60.54%, Err 304 (1.0e-004)
469.532 ** WARNING: System too busy, sleep 15 ms, but be awakened 87 ms later
470.242 .... 1103 packets received, 4816 bps, 60.20%, Err 305 (1.0e-004)
473.365 ** WARNING: System too busy, sleep 15 ms, but be awakened 78 ms later
474.348 .... 1110 packets received, 4805 bps, 60.06%, Err 306 (1.0e-004)
480.888 .... 1129 packets received, 4820 bps, 60.25%, Err 311 (1.0e-004)
490.732 .... 1139 packets received, 4765 bps, 59.56%, Err 321 (1.0e-004)
492.850 .... 1165 packets received, 4853 bps, 60.66%, Err 321 (1.0e-004)
495.773 .... 1168 packets received, 4837 bps, 60.46%, Err 325 (1.0e-004)
500.286 .... 1173 packets received, 4813 bps, 60.17%, Err 329 (1.0e-004)
502.955 .... 1177 packets received, 4804 bps, 60.05%, Err 329 (1.0e-004)
505.069 .... 1202 packets received, 4886 bps, 61.07%, Err 329 (9.9e-005)
510.876 .... 1206 packets received, 4846 bps, 60.58%, Err 333 (9.9e-005)
513.522 .... 1226 packets received, 4901 bps, 61.26%, Err 337 (1.0e-004)
516.236 .... 1230 packets received, 4891 bps, 61.14%, Err 339 (1.0e-004)
519.414 .... 1241 packets received, 4905 bps, 61.31%, Err 341 (1.0e-004)
521.558 .... 1254 packets received, 4935 bps, 61.69%, Err 341 (9.9e-005)
526.845 .... 1256 packets received, 4894 bps, 61.17%, Err 348 (1.0e-004)
530.063 .... 1265 packets received, 4899 bps, 61.23%, Err 352 (1.0e-004)
532.749 .... 1277 packets received, 4920 bps, 61.50%, Err 354 (1.0e-004)
535.677 .... 1288 packets received, 4935 bps, 61.69%, Err 356 (1.0e-004)
