000.000 =============================================================
000.000                     Station A                               
000.000 -------------------------------------------------------------
000.000 Protocol.lib, version 4.0, jiangyanjun0718@bupt.edu.cn
000.000 Channel: 8000 bps, 270 ms propagation delay, bit error rate 0
000.000 Log file "uA.log", TCP port 30012, debug mask 0x00
000.000 Station A is waiting for station B on TCP port 30012 ... Done.
000.772 New epoch: Thu May 16 11:51:58 2019
000.775 =================================================================
000.777 
000.778 Designed by Jiang Yanjun, build: Oct 28 2018  16:37:15
003.409 .... 8 packets received, 7772 bps, 97.15%, Err 0 (0.0e+000)
005.533 .... 16 packets received, 7743 bps, 96.79%, Err 0 (0.0e+000)
007.637 .... 24 packets received, 7758 bps, 96.97%, Err 0 (0.0e+000)
009.777 .... 32 packets received, 7732 bps, 96.65%, Err 0 (0.0e+000)
011.848 .... 40 packets received, 7767 bps, 97.09%, Err 0 (0.0e+000)
013.975 .... 48 packets received, 7756 bps, 96.95%, Err 0 (0.0e+000)
016.089 .... 56 packets received, 7755 bps, 96.94%, Err 0 (0.0e+000)
018.213 .... 64 packets received, 7750 bps, 96.88%, Err 0 (0.0e+000)
020.310 .... 72 packets received, 7757 bps, 96.96%, Err 0 (0.0e+000)
022.447 .... 80 packets received, 7748 bps, 96.85%, Err 0 (0.0e+000)
024.537 .... 88 packets received, 7756 bps, 96.95%, Err 0 (0.0e+000)
026.652 .... 96 packets received, 7755 bps, 96.94%, Err 0 (0.0e+000)
028.752 .... 104 packets received, 7759 bps, 96.99%, Err 0 (0.0e+000)
030.885 .... 112 packets received, 7753 bps, 96.92%, Err 0 (0.0e+000)
032.983 .... 120 packets received, 7757 bps, 96.96%, Err 0 (0.0e+000)
035.094 .... 128 packets received, 7757 bps, 96.97%, Err 0 (0.0e+000)
037.221 .... 136 packets received, 7754 bps, 96.93%, Err 0 (0.0e+000)
039.339 .... 144 packets received, 7753 bps, 96.91%, Err 0 (0.0e+000)
041.435 .... 152 packets received, 7756 bps, 96.96%, Err 0 (0.0e+000)
043.548 .... 160 packets received, 7756 bps, 96.95%, Err 0 (0.0e+000)
043.720 ** WARNING: System too busy, sleep 15 ms, but be awakened 77 ms later
045.663 .... 168 packets received, 7756 bps, 96.95%, Err 0 (0.0e+000)
047.777 .... 176 packets received, 7756 bps, 96.94%, Err 0 (0.0e+000)
048.736 ** WARNING: System too busy, sleep 15 ms, but be awakened 67 ms later
049.886 .... 184 packets received, 7756 bps, 96.95%, Err 0 (0.0e+000)
052.004 .... 192 packets received, 7755 bps, 96.94%, Err 0 (0.0e+000)
054.131 .... 200 packets received, 7753 bps, 96.91%, Err 0 (0.0e+000)
056.233 .... 208 packets received, 7755 bps, 96.93%, Err 0 (0.0e+000)
058.341 .... 216 packets received, 7755 bps, 96.94%, Err 0 (0.0e+000)
060.432 .... 224 packets received, 7758 bps, 96.98%, Err 0 (0.0e+000)
062.554 .... 232 packets received, 7757 bps, 96.96%, Err 0 (0.0e+000)
064.674 .... 240 packets received, 7756 bps, 96.95%, Err 0 (0.0e+000)
066.780 .... 248 packets received, 7757 bps, 96.96%, Err 0 (0.0e+000)
068.898 .... 256 packets received, 7756 bps, 96.95%, Err 0 (0.0e+000)
071.003 .... 264 packets received, 7757 bps, 96.96%, Err 0 (0.0e+000)
073.114 .... 272 packets received, 7757 bps, 96.96%, Err 0 (0.0e+000)
075.213 .... 280 packets received, 7758 bps, 96.98%, Err 0 (0.0e+000)
077.355 .... 288 packets received, 7755 bps, 96.94%, Err 0 (0.0e+000)
079.456 .... 296 packets received, 7756 bps, 96.96%, Err 0 (0.0e+000)
081.574 .... 304 packets received, 7756 bps, 96.95%, Err 0 (0.0e+000)
083.663 .... 312 packets received, 7758 bps, 96.98%, Err 0 (0.0e+000)
085.789 .... 320 packets received, 7757 bps, 96.96%, Err 0 (0.0e+000)
087.895 .... 328 packets received, 7757 bps, 96.97%, Err 0 (0.0e+000)
089.995 .... 336 packets received, 7758 bps, 96.98%, Err 0 (0.0e+000)
092.143 .... 344 packets received, 7755 bps, 96.94%, Err 0 (0.0e+000)
094.250 .... 352 packets received, 7756 bps, 96.95%, Err 0 (0.0e+000)
096.351 .... 360 packets received, 7757 bps, 96.96%, Err 0 (0.0e+000)
098.443 .... 368 packets received, 7758 bps, 96.98%, Err 0 (0.0e+000)
100.572 .... 376 packets received, 7757 bps, 96.96%, Err 0 (0.0e+000)
102.671 .... 384 packets received, 7758 bps, 96.98%, Err 0 (0.0e+000)
104.791 .... 392 packets received, 7757 bps, 96.97%, Err 0 (0.0e+000)
108.678 .... 394 packets received, 7515 bps, 93.93%, Err 0 (0.0e+000)
112.808 .... 395 packets received, 7255 bps, 90.68%, Err 0 (0.0e+000)
116.866 .... 396 packets received, 7018 bps, 87.72%, Err 0 (0.0e+000)
120.898 .... 397 packets received, 6798 bps, 84.98%, Err 0 (0.0e+000)
125.035 .... 398 packets received, 6588 bps, 82.34%, Err 0 (0.0e+000)
129.139 .... 399 packets received, 6392 bps, 79.90%, Err 0 (0.0e+000)
133.212 .... 400 packets received, 6210 bps, 77.63%, Err 0 (0.0e+000)
137.328 .... 401 packets received, 6037 bps, 75.47%, Err 0 (0.0e+000)
141.443 .... 402 packets received, 5875 bps, 73.43%, Err 0 (0.0e+000)
145.654 .... 403 packets received, 5718 bps, 71.47%, Err 0 (0.0e+000)
149.792 .... 404 packets received, 5572 bps, 69.65%, Err 0 (0.0e+000)
153.920 .... 405 packets received, 5435 bps, 67.93%, Err 0 (0.0e+000)
157.957 .... 406 packets received, 5308 bps, 66.35%, Err 0 (0.0e+000)
162.034 .... 407 packets received, 5186 bps, 64.82%, Err 0 (0.0e+000)
166.076 .... 408 packets received, 5071 bps, 63.39%, Err 0 (0.0e+000)
170.099 .... 409 packets received, 4962 bps, 62.03%, Err 0 (0.0e+000)
174.252 .... 410 packets received, 4855 bps, 60.69%, Err 0 (0.0e+000)
178.379 .... 411 packets received, 4753 bps, 59.42%, Err 0 (0.0e+000)
182.536 .... 412 packets received, 4656 bps, 58.20%, Err 0 (0.0e+000)
186.524 .... 413 packets received, 4567 bps, 57.08%, Err 0 (0.0e+000)
190.617 .... 414 packets received, 4479 bps, 55.98%, Err 0 (0.0e+000)
194.668 .... 415 packets received, 4395 bps, 54.94%, Err 0 (0.0e+000)
198.727 .... 416 packets received, 4315 bps, 53.94%, Err 0 (0.0e+000)
200.828 .... 418 packets received, 4290 bps, 53.63%, Err 0 (0.0e+000)
202.911 .... 426 packets received, 4327 bps, 54.09%, Err 0 (0.0e+000)
205.039 .... 434 packets received, 4363 bps, 54.53%, Err 0 (0.0e+000)
207.168 .... 442 packets received, 4397 bps, 54.96%, Err 0 (0.0e+000)
209.266 .... 450 packets received, 4432 bps, 55.39%, Err 0 (0.0e+000)
211.368 .... 458 packets received, 4465 bps, 55.81%, Err 0 (0.0e+000)
213.505 .... 466 packets received, 4497 bps, 56.22%, Err 0 (0.0e+000)
215.606 .... 474 packets received, 4530 bps, 56.62%, Err 0 (0.0e+000)
217.710 .... 482 packets received, 4561 bps, 57.02%, Err 0 (0.0e+000)
219.842 .... 490 packets received, 4592 bps, 57.40%, Err 0 (0.0e+000)
221.973 .... 498 packets received, 4622 bps, 57.77%, Err 0 (0.0e+000)
224.044 .... 506 packets received, 4652 bps, 58.15%, Err 0 (0.0e+000)
226.166 .... 514 packets received, 4681 bps, 58.52%, Err 0 (0.0e+000)
228.284 .... 522 packets received, 4710 bps, 58.87%, Err 0 (0.0e+000)
230.385 .... 530 packets received, 4738 bps, 59.23%, Err 0 (0.0e+000)
232.497 .... 538 packets received, 4766 bps, 59.57%, Err 0 (0.0e+000)
234.610 .... 546 packets received, 4793 bps, 59.91%, Err 0 (0.0e+000)
236.723 .... 554 packets received, 4819 bps, 60.24%, Err 0 (0.0e+000)
238.835 .... 562 packets received, 4846 bps, 60.57%, Err 0 (0.0e+000)
240.924 .... 570 packets received, 4872 bps, 60.90%, Err 0 (0.0e+000)
243.051 .... 578 packets received, 4897 bps, 61.21%, Err 0 (0.0e+000)
245.170 .... 586 packets received, 4921 bps, 61.51%, Err 0 (0.0e+000)
247.290 .... 594 packets received, 4945 bps, 61.82%, Err 0 (0.0e+000)
249.378 .... 602 packets received, 4970 bps, 62.12%, Err 0 (0.0e+000)
251.520 .... 610 packets received, 4993 bps, 62.41%, Err 0 (0.0e+000)
253.591 .... 618 packets received, 5017 bps, 62.71%, Err 0 (0.0e+000)
255.725 .... 626 packets received, 5039 bps, 62.99%, Err 0 (0.0e+000)
257.836 .... 634 packets received, 5061 bps, 63.27%, Err 0 (0.0e+000)
259.951 .... 642 packets received, 5083 bps, 63.54%, Err 0 (0.0e+000)
262.080 .... 650 packets received, 5105 bps, 63.81%, Err 0 (0.0e+000)
264.176 .... 658 packets received, 5126 bps, 64.08%, Err 0 (0.0e+000)
266.290 .... 666 packets received, 5147 bps, 64.34%, Err 0 (0.0e+000)
268.393 .... 674 packets received, 5168 bps, 64.60%, Err 0 (0.0e+000)
270.502 .... 682 packets received, 5188 bps, 64.86%, Err 0 (0.0e+000)
272.609 .... 690 packets received, 5209 bps, 65.11%, Err 0 (0.0e+000)
274.727 .... 698 packets received, 5228 bps, 65.35%, Err 0 (0.0e+000)
276.863 .... 706 packets received, 5247 bps, 65.59%, Err 0 (0.0e+000)
278.961 .... 714 packets received, 5266 bps, 65.83%, Err 0 (0.0e+000)
281.071 .... 722 packets received, 5285 bps, 66.07%, Err 0 (0.0e+000)
283.171 .... 730 packets received, 5304 bps, 66.30%, Err 0 (0.0e+000)
285.303 .... 738 packets received, 5322 bps, 66.52%, Err 0 (0.0e+000)
287.395 .... 746 packets received, 5340 bps, 66.75%, Err 0 (0.0e+000)
289.516 .... 754 packets received, 5358 bps, 66.97%, Err 0 (0.0e+000)
291.620 .... 762 packets received, 5375 bps, 67.19%, Err 0 (0.0e+000)
293.738 .... 770 packets received, 5392 bps, 67.41%, Err 0 (0.0e+000)
295.849 .... 778 packets received, 5409 bps, 67.62%, Err 0 (0.0e+000)
297.967 .... 786 packets received, 5426 bps, 67.83%, Err 0 (0.0e+000)
300.076 .... 794 packets received, 5443 bps, 68.03%, Err 0 (0.0e+000)
302.186 .... 802 packets received, 5459 bps, 68.24%, Err 0 (0.0e+000)
304.293 .... 810 packets received, 5475 bps, 68.44%, Err 0 (0.0e+000)
308.661 .... 815 packets received, 5431 bps, 67.88%, Err 0 (0.0e+000)
312.811 .... 816 packets received, 5365 bps, 67.06%, Err 0 (0.0e+000)
316.882 .... 817 packets received, 5302 bps, 66.28%, Err 0 (0.0e+000)
320.880 .... 818 packets received, 5242 bps, 65.53%, Err 0 (0.0e+000)
325.017 .... 819 packets received, 5181 bps, 64.77%, Err 0 (0.0e+000)
329.087 .... 820 packets received, 5123 bps, 64.04%, Err 0 (0.0e+000)
329.275 ** WARNING: System too busy, sleep 15 ms, but be awakened 67 ms later
333.099 .... 821 packets received, 5068 bps, 63.34%, Err 0 (0.0e+000)
337.248 .... 822 packets received, 5011 bps, 62.64%, Err 0 (0.0e+000)
340.948 ** WARNING: System too busy, sleep 15 ms, but be awakened 67 ms later
341.818 .... 823 packets received, 4950 bps, 61.87%, Err 0 (0.0e+000)
345.537 .... 824 packets received, 4902 bps, 61.28%, Err 0 (0.0e+000)
349.641 .... 825 packets received, 4850 bps, 60.63%, Err 0 (0.0e+000)
437.702 ** WARNING: System too busy, sleep 15 ms, but be awakened 85939 ms later
439.421 .... 826 packets received, 3861 bps, 48.26%, Err 0 (0.0e+000)
441.488 .... 831 packets received, 3866 bps, 48.33%, Err 0 (0.0e+000)
443.610 .... 839 packets received, 3885 bps, 48.56%, Err 0 (0.0e+000)
445.777 .... 847 packets received, 3903 bps, 48.78%, Err 0 (0.0e+000)
447.880 .... 855 packets received, 3921 bps, 49.01%, Err 0 (0.0e+000)
449.990 .... 863 packets received, 3939 bps, 49.24%, Err 0 (0.0e+000)
452.118 .... 871 packets received, 3957 bps, 49.46%, Err 0 (0.0e+000)
454.209 .... 879 packets received, 3975 bps, 49.68%, Err 0 (0.0e+000)
456.341 .... 887 packets received, 3992 bps, 49.90%, Err 0 (0.0e+000)
458.485 .... 895 packets received, 4009 bps, 50.12%, Err 0 (0.0e+000)
460.603 .... 903 packets received, 4026 bps, 50.33%, Err 0 (0.0e+000)
462.699 .... 911 packets received, 4044 bps, 50.55%, Err 0 (0.0e+000)
463.634 ** WARNING: System too busy, sleep 15 ms, but be awakened 89 ms later
464.831 .... 919 packets received, 4060 bps, 50.75%, Err 0 (0.0e+000)
465.449 ** WARNING: System too busy, sleep 15 ms, but be awakened 96 ms later
466.929 .... 927 packets received, 4077 bps, 50.97%, Err 0 (0.0e+000)
469.013 .... 928 packets received, 4063 bps, 50.79%, Err 0 (0.0e+000)
470.833 ** WARNING: System too busy, sleep 15 ms, but be awakened 97 ms later
471.951 .... 934 packets received, 4064 bps, 50.80%, Err 0 (0.0e+000)
473.365 ** WARNING: System too busy, sleep 15 ms, but be awakened 78 ms later
474.580 .... 939 packets received, 4063 bps, 50.79%, Err 0 (0.0e+000)
476.246 ** WARNING: System too busy, sleep 15 ms, but be awakened 66 ms later
476.664 .... 948 packets received, 4084 bps, 51.05%, Err 0 (0.0e+000)
478.780 .... 955 packets received, 4096 bps, 51.20%, Err 0 (0.0e+000)
480.948 .... 963 packets received, 4112 bps, 51.40%, Err 0 (0.0e+000)
483.065 .... 971 packets received, 4128 bps, 51.60%, Err 0 (0.0e+000)
485.159 .... 979 packets received, 4144 bps, 51.80%, Err 0 (0.0e+000)
487.281 .... 987 packets received, 4159 bps, 51.99%, Err 0 (0.0e+000)
489.383 .... 995 packets received, 4175 bps, 52.19%, Err 0 (0.0e+000)
491.497 .... 1003 packets received, 4190 bps, 52.38%, Err 0 (0.0e+000)
493.591 .... 1011 packets received, 4206 bps, 52.57%, Err 0 (0.0e+000)
495.709 .... 1019 packets received, 4221 bps, 52.76%, Err 0 (0.0e+000)
497.840 .... 1027 packets received, 4236 bps, 52.95%, Err 0 (0.0e+000)
499.946 .... 1035 packets received, 4251 bps, 53.14%, Err 0 (0.0e+000)
502.059 .... 1043 packets received, 4266 bps, 53.32%, Err 0 (0.0e+000)
504.174 .... 1051 packets received, 4280 bps, 53.50%, Err 0 (0.0e+000)
508.658 .... 1056 packets received, 4263 bps, 53.28%, Err 0 (0.0e+000)
512.697 .... 1057 packets received, 4233 bps, 52.91%, Err 0 (0.0e+000)
516.768 .... 1058 packets received, 4204 bps, 52.54%, Err 0 (0.0e+000)
520.852 .... 1059 packets received, 4174 bps, 52.18%, Err 0 (0.0e+000)
524.986 .... 1060 packets received, 4145 bps, 51.82%, Err 0 (0.0e+000)
529.140 .... 1061 packets received, 4117 bps, 51.46%, Err 0 (0.0e+000)
533.190 .... 1062 packets received, 4089 bps, 51.11%, Err 0 (0.0e+000)
