000.000 =============================================================
000.000                     Station B                               
000.000 -------------------------------------------------------------
000.000 Protocol.lib, version 4.0, jiangyanjun0718@bupt.edu.cn
000.000 Channel: 8000 bps, 270 ms propagation delay, bit error rate 0
000.000 Log file "uB.log", TCP port 30012, debug mask 0x00
000.000 Station B is connecting station A (TCP port 30012) ... Done.
000.772 New epoch: Thu May 16 11:51:58 2019
000.781 =================================================================
000.790 
000.798 Designed by Jiang Yanjun, build: Oct 28 2018  16:37:15
003.192 .... 8 packets received, 7681 bps, 96.02%, Err 0 (0.0e+000)
005.295 .... 16 packets received, 7736 bps, 96.69%, Err 0 (0.0e+000)
007.399 .... 24 packets received, 7753 bps, 96.91%, Err 0 (0.0e+000)
009.504 .... 32 packets received, 7760 bps, 97.00%, Err 0 (0.0e+000)
011.634 .... 40 packets received, 7747 bps, 96.83%, Err 0 (0.0e+000)
013.742 .... 48 packets received, 7751 bps, 96.89%, Err 0 (0.0e+000)
015.846 .... 56 packets received, 7756 bps, 96.95%, Err 0 (0.0e+000)
017.965 .... 64 packets received, 7753 bps, 96.91%, Err 0 (0.0e+000)
020.056 .... 72 packets received, 7762 bps, 97.03%, Err 0 (0.0e+000)
022.187 .... 80 packets received, 7755 bps, 96.93%, Err 0 (0.0e+000)
024.310 .... 88 packets received, 7751 bps, 96.89%, Err 0 (0.0e+000)
026.400 .... 96 packets received, 7758 bps, 96.98%, Err 0 (0.0e+000)
028.548 .... 104 packets received, 7749 bps, 96.86%, Err 0 (0.0e+000)
030.637 .... 112 packets received, 7755 bps, 96.94%, Err 0 (0.0e+000)
032.743 .... 120 packets received, 7757 bps, 96.96%, Err 0 (0.0e+000)
034.846 .... 128 packets received, 7759 bps, 96.98%, Err 0 (0.0e+000)
036.971 .... 136 packets received, 7756 bps, 96.95%, Err 0 (0.0e+000)
039.076 .... 144 packets received, 7757 bps, 96.97%, Err 0 (0.0e+000)
041.195 .... 152 packets received, 7756 bps, 96.95%, Err 0 (0.0e+000)
043.304 .... 160 packets received, 7757 bps, 96.96%, Err 0 (0.0e+000)
043.720 ** WARNING: System too busy, sleep 15 ms, but be awakened 71 ms later
045.438 .... 168 packets received, 7753 bps, 96.91%, Err 0 (0.0e+000)
047.529 .... 176 packets received, 7757 bps, 96.96%, Err 0 (0.0e+000)
048.736 ** WARNING: System too busy, sleep 15 ms, but be awakened 68 ms later
049.643 .... 184 packets received, 7756 bps, 96.95%, Err 0 (0.0e+000)
051.771 .... 192 packets received, 7754 bps, 96.92%, Err 0 (0.0e+000)
053.894 .... 200 packets received, 7752 bps, 96.91%, Err 0 (0.0e+000)
055.997 .... 208 packets received, 7754 bps, 96.92%, Err 0 (0.0e+000)
058.110 .... 216 packets received, 7754 bps, 96.92%, Err 0 (0.0e+000)
060.216 .... 224 packets received, 7755 bps, 96.94%, Err 0 (0.0e+000)
062.329 .... 232 packets received, 7755 bps, 96.93%, Err 0 (0.0e+000)
064.416 .... 240 packets received, 7758 bps, 96.97%, Err 0 (0.0e+000)
066.549 .... 248 packets received, 7755 bps, 96.94%, Err 0 (0.0e+000)
068.653 .... 256 packets received, 7756 bps, 96.96%, Err 0 (0.0e+000)
070.778 .... 264 packets received, 7755 bps, 96.94%, Err 0 (0.0e+000)
072.877 .... 272 packets received, 7756 bps, 96.96%, Err 0 (0.0e+000)
074.979 .... 280 packets received, 7758 bps, 96.97%, Err 0 (0.0e+000)
077.087 .... 288 packets received, 7758 bps, 96.97%, Err 0 (0.0e+000)
079.234 .... 296 packets received, 7754 bps, 96.93%, Err 0 (0.0e+000)
081.339 .... 304 packets received, 7755 bps, 96.94%, Err 0 (0.0e+000)
083.448 .... 312 packets received, 7756 bps, 96.94%, Err 0 (0.0e+000)
085.572 .... 320 packets received, 7755 bps, 96.93%, Err 0 (0.0e+000)
087.680 .... 328 packets received, 7755 bps, 96.94%, Err 0 (0.0e+000)
089.787 .... 336 packets received, 7755 bps, 96.94%, Err 0 (0.0e+000)
091.891 .... 344 packets received, 7756 bps, 96.95%, Err 0 (0.0e+000)
094.011 .... 352 packets received, 7756 bps, 96.94%, Err 0 (0.0e+000)
096.134 .... 360 packets received, 7755 bps, 96.93%, Err 0 (0.0e+000)
098.238 .... 368 packets received, 7755 bps, 96.94%, Err 0 (0.0e+000)
100.352 .... 376 packets received, 7755 bps, 96.94%, Err 0 (0.0e+000)
102.461 .... 384 packets received, 7756 bps, 96.94%, Err 0 (0.0e+000)
104.575 .... 392 packets received, 7755 bps, 96.94%, Err 0 (0.0e+000)
106.676 .... 400 packets received, 7756 bps, 96.95%, Err 0 (0.0e+000)
108.788 .... 408 packets received, 7756 bps, 96.95%, Err 0 (0.0e+000)
110.904 .... 416 packets received, 7756 bps, 96.95%, Err 0 (0.0e+000)
113.029 .... 424 packets received, 7755 bps, 96.94%, Err 0 (0.0e+000)
115.132 .... 432 packets received, 7756 bps, 96.95%, Err 0 (0.0e+000)
117.219 .... 440 packets received, 7758 bps, 96.97%, Err 0 (0.0e+000)
119.337 .... 448 packets received, 7757 bps, 96.96%, Err 0 (0.0e+000)
121.443 .... 456 packets received, 7758 bps, 96.97%, Err 0 (0.0e+000)
123.573 .... 464 packets received, 7756 bps, 96.96%, Err 0 (0.0e+000)
125.695 .... 472 packets received, 7756 bps, 96.95%, Err 0 (0.0e+000)
127.780 .... 480 packets received, 7758 bps, 96.97%, Err 0 (0.0e+000)
129.894 .... 488 packets received, 7757 bps, 96.97%, Err 0 (0.0e+000)
132.043 .... 496 packets received, 7755 bps, 96.94%, Err 0 (0.0e+000)
134.132 .... 504 packets received, 7757 bps, 96.96%, Err 0 (0.0e+000)
136.250 .... 512 packets received, 7756 bps, 96.95%, Err 0 (0.0e+000)
138.358 .... 520 packets received, 7757 bps, 96.96%, Err 0 (0.0e+000)
140.466 .... 528 packets received, 7757 bps, 96.96%, Err 0 (0.0e+000)
142.582 .... 536 packets received, 7757 bps, 96.96%, Err 0 (0.0e+000)
144.707 .... 544 packets received, 7756 bps, 96.95%, Err 0 (0.0e+000)
146.802 .... 552 packets received, 7757 bps, 96.96%, Err 0 (0.0e+000)
148.932 .... 560 packets received, 7756 bps, 96.95%, Err 0 (0.0e+000)
151.026 .... 568 packets received, 7757 bps, 96.96%, Err 0 (0.0e+000)
153.140 .... 576 packets received, 7757 bps, 96.96%, Err 0 (0.0e+000)
155.251 .... 584 packets received, 7757 bps, 96.96%, Err 0 (0.0e+000)
157.373 .... 592 packets received, 7756 bps, 96.95%, Err 0 (0.0e+000)
159.470 .... 600 packets received, 7757 bps, 96.96%, Err 0 (0.0e+000)
161.575 .... 608 packets received, 7757 bps, 96.97%, Err 0 (0.0e+000)
163.687 .... 616 packets received, 7757 bps, 96.97%, Err 0 (0.0e+000)
165.792 .... 624 packets received, 7758 bps, 96.97%, Err 0 (0.0e+000)
167.919 .... 632 packets received, 7757 bps, 96.96%, Err 0 (0.0e+000)
170.042 .... 640 packets received, 7757 bps, 96.96%, Err 0 (0.0e+000)
172.133 .... 648 packets received, 7757 bps, 96.97%, Err 0 (0.0e+000)
174.252 .... 656 packets received, 7757 bps, 96.96%, Err 0 (0.0e+000)
176.365 .... 664 packets received, 7757 bps, 96.96%, Err 0 (0.0e+000)
178.479 .... 672 packets received, 7757 bps, 96.96%, Err 0 (0.0e+000)
180.601 .... 680 packets received, 7757 bps, 96.96%, Err 0 (0.0e+000)
182.701 .... 688 packets received, 7757 bps, 96.96%, Err 0 (0.0e+000)
184.830 .... 696 packets received, 7756 bps, 96.96%, Err 0 (0.0e+000)
186.941 .... 704 packets received, 7756 bps, 96.96%, Err 0 (0.0e+000)
189.051 .... 712 packets received, 7757 bps, 96.96%, Err 0 (0.0e+000)
191.157 .... 720 packets received, 7757 bps, 96.96%, Err 0 (0.0e+000)
193.276 .... 728 packets received, 7757 bps, 96.96%, Err 0 (0.0e+000)
195.392 .... 736 packets received, 7756 bps, 96.96%, Err 0 (0.0e+000)
197.486 .... 744 packets received, 7757 bps, 96.96%, Err 0 (0.0e+000)
199.603 .... 752 packets received, 7757 bps, 96.96%, Err 0 (0.0e+000)
201.712 .... 760 packets received, 7757 bps, 96.96%, Err 0 (0.0e+000)
203.827 .... 768 packets received, 7757 bps, 96.96%, Err 0 (0.0e+000)
205.957 .... 776 packets received, 7756 bps, 96.95%, Err 0 (0.0e+000)
208.044 .... 784 packets received, 7757 bps, 96.97%, Err 0 (0.0e+000)
210.138 .... 792 packets received, 7758 bps, 96.97%, Err 0 (0.0e+000)
212.295 .... 800 packets received, 7756 bps, 96.95%, Err 0 (0.0e+000)
214.388 .... 808 packets received, 7757 bps, 96.96%, Err 0 (0.0e+000)
216.502 .... 816 packets received, 7757 bps, 96.96%, Err 0 (0.0e+000)
218.595 .... 824 packets received, 7758 bps, 96.97%, Err 0 (0.0e+000)
220.724 .... 832 packets received, 7757 bps, 96.96%, Err 0 (0.0e+000)
222.840 .... 840 packets received, 7757 bps, 96.96%, Err 0 (0.0e+000)
224.927 .... 848 packets received, 7758 bps, 96.97%, Err 0 (0.0e+000)
227.087 .... 856 packets received, 7756 bps, 96.95%, Err 0 (0.0e+000)
229.186 .... 864 packets received, 7757 bps, 96.96%, Err 0 (0.0e+000)
231.270 .... 872 packets received, 7757 bps, 96.97%, Err 0 (0.0e+000)
233.397 .... 880 packets received, 7757 bps, 96.96%, Err 0 (0.0e+000)
235.514 .... 888 packets received, 7757 bps, 96.96%, Err 0 (0.0e+000)
237.637 .... 896 packets received, 7756 bps, 96.96%, Err 0 (0.0e+000)
239.739 .... 904 packets received, 7757 bps, 96.96%, Err 0 (0.0e+000)
241.842 .... 912 packets received, 7757 bps, 96.96%, Err 0 (0.0e+000)
243.928 .... 920 packets received, 7758 bps, 96.97%, Err 0 (0.0e+000)
246.076 .... 928 packets received, 7757 bps, 96.96%, Err 0 (0.0e+000)
248.179 .... 936 packets received, 7757 bps, 96.96%, Err 0 (0.0e+000)
250.284 .... 944 packets received, 7757 bps, 96.97%, Err 0 (0.0e+000)
252.420 .... 952 packets received, 7757 bps, 96.96%, Err 0 (0.0e+000)
254.523 .... 960 packets received, 7757 bps, 96.96%, Err 0 (0.0e+000)
256.619 .... 968 packets received, 7757 bps, 96.97%, Err 0 (0.0e+000)
258.740 .... 976 packets received, 7757 bps, 96.96%, Err 0 (0.0e+000)
260.856 .... 984 packets received, 7757 bps, 96.96%, Err 0 (0.0e+000)
262.943 .... 992 packets received, 7758 bps, 96.97%, Err 0 (0.0e+000)
265.054 .... 1000 packets received, 7758 bps, 96.97%, Err 0 (0.0e+000)
267.177 .... 1008 packets received, 7757 bps, 96.97%, Err 0 (0.0e+000)
269.309 .... 1016 packets received, 7757 bps, 96.96%, Err 0 (0.0e+000)
271.422 .... 1024 packets received, 7757 bps, 96.96%, Err 0 (0.0e+000)
273.506 .... 1032 packets received, 7758 bps, 96.97%, Err 0 (0.0e+000)
275.634 .... 1040 packets received, 7757 bps, 96.96%, Err 0 (0.0e+000)
277.776 .... 1048 packets received, 7756 bps, 96.95%, Err 0 (0.0e+000)
279.852 .... 1056 packets received, 7757 bps, 96.97%, Err 0 (0.0e+000)
281.946 .... 1064 packets received, 7758 bps, 96.97%, Err 0 (0.0e+000)
284.067 .... 1072 packets received, 7758 bps, 96.97%, Err 0 (0.0e+000)
286.215 .... 1080 packets received, 7757 bps, 96.96%, Err 0 (0.0e+000)
288.320 .... 1088 packets received, 7757 bps, 96.96%, Err 0 (0.0e+000)
290.420 .... 1096 packets received, 7757 bps, 96.96%, Err 0 (0.0e+000)
292.526 .... 1104 packets received, 7757 bps, 96.97%, Err 0 (0.0e+000)
294.640 .... 1112 packets received, 7757 bps, 96.97%, Err 0 (0.0e+000)
296.763 .... 1120 packets received, 7757 bps, 96.96%, Err 0 (0.0e+000)
298.864 .... 1128 packets received, 7757 bps, 96.97%, Err 0 (0.0e+000)
300.997 .... 1136 packets received, 7757 bps, 96.96%, Err 0 (0.0e+000)
303.097 .... 1144 packets received, 7757 bps, 96.96%, Err 0 (0.0e+000)
305.210 .... 1152 packets received, 7757 bps, 96.96%, Err 0 (0.0e+000)
307.322 .... 1160 packets received, 7757 bps, 96.96%, Err 0 (0.0e+000)
309.423 .... 1168 packets received, 7757 bps, 96.97%, Err 0 (0.0e+000)
311.536 .... 1176 packets received, 7757 bps, 96.97%, Err 0 (0.0e+000)
313.656 .... 1184 packets received, 7757 bps, 96.96%, Err 0 (0.0e+000)
315.778 .... 1192 packets received, 7757 bps, 96.96%, Err 0 (0.0e+000)
317.866 .... 1200 packets received, 7757 bps, 96.97%, Err 0 (0.0e+000)
319.979 .... 1208 packets received, 7757 bps, 96.97%, Err 0 (0.0e+000)
322.116 .... 1216 packets received, 7757 bps, 96.96%, Err 0 (0.0e+000)
324.220 .... 1224 packets received, 7757 bps, 96.96%, Err 0 (0.0e+000)
326.335 .... 1232 packets received, 7757 bps, 96.96%, Err 0 (0.0e+000)
328.441 .... 1240 packets received, 7757 bps, 96.96%, Err 0 (0.0e+000)
330.599 .... 1248 packets received, 7756 bps, 96.95%, Err 0 (0.0e+000)
332.649 .... 1256 packets received, 7757 bps, 96.97%, Err 0 (0.0e+000)
334.773 .... 1264 packets received, 7757 bps, 96.96%, Err 0 (0.0e+000)
336.878 .... 1272 packets received, 7757 bps, 96.97%, Err 0 (0.0e+000)
339.060 .... 1280 packets received, 7756 bps, 96.95%, Err 0 (0.0e+000)
341.128 .... 1288 packets received, 7757 bps, 96.96%, Err 0 (0.0e+000)
343.236 .... 1296 packets received, 7757 bps, 96.96%, Err 0 (0.0e+000)
345.312 .... 1304 packets received, 7758 bps, 96.97%, Err 0 (0.0e+000)
347.454 .... 1312 packets received, 7757 bps, 96.96%, Err 0 (0.0e+000)
349.546 .... 1320 packets received, 7757 bps, 96.97%, Err 0 (0.0e+000)
351.646 .... 1328 packets received, 7758 bps, 96.97%, Err 0 (0.0e+000)
437.702 ** WARNING: System too busy, sleep 15 ms, but be awakened 85934 ms later
439.129 .... 1329 packets received, 6213 bps, 77.66%, Err 0 (0.0e+000)
441.320 .... 1337 packets received, 6219 bps, 77.74%, Err 0 (0.0e+000)
443.419 .... 1345 packets received, 6227 bps, 77.84%, Err 0 (0.0e+000)
444.753 ** WARNING: System too busy, sleep 15 ms, but be awakened 70 ms later
445.495 .... 1351 packets received, 6226 bps, 77.82%, Err 0 (0.0e+000)
447.652 .... 1361 packets received, 6241 bps, 78.02%, Err 0 (0.0e+000)
449.765 .... 1369 packets received, 6248 bps, 78.11%, Err 0 (0.0e+000)
451.883 .... 1377 packets received, 6255 bps, 78.19%, Err 0 (0.0e+000)
453.976 .... 1385 packets received, 6263 bps, 78.28%, Err 0 (0.0e+000)
456.132 .... 1393 packets received, 6269 bps, 78.36%, Err 0 (0.0e+000)
458.224 .... 1401 packets received, 6276 bps, 78.45%, Err 0 (0.0e+000)
460.333 .... 1409 packets received, 6283 bps, 78.54%, Err 0 (0.0e+000)
462.446 .... 1417 packets received, 6290 bps, 78.62%, Err 0 (0.0e+000)
463.634 ** WARNING: System too busy, sleep 15 ms, but be awakened 76 ms later
464.560 .... 1425 packets received, 6296 bps, 78.71%, Err 0 (0.0e+000)
465.449 ** WARNING: System too busy, sleep 15 ms, but be awakened 96 ms later
466.677 .... 1433 packets received, 6303 bps, 78.79%, Err 0 (0.0e+000)
468.767 .... 1434 packets received, 6279 bps, 78.49%, Err 0 (0.0e+000)
470.833 ** WARNING: System too busy, sleep 15 ms, but be awakened 97 ms later
471.868 .... 1439 packets received, 6260 bps, 78.24%, Err 0 (0.0e+000)
473.471 ** WARNING: System too busy, sleep 15 ms, but be awakened 79 ms later
474.475 .... 1445 packets received, 6251 bps, 78.14%, Err 0 (0.0e+000)
476.248 ** WARNING: System too busy, sleep 15 ms, but be awakened 70 ms later
476.637 .... 1450 packets received, 6244 bps, 78.05%, Err 0 (0.0e+000)
478.752 .... 1459 packets received, 6255 bps, 78.19%, Err 0 (0.0e+000)
480.871 .... 1467 packets received, 6262 bps, 78.27%, Err 0 (0.0e+000)
482.972 .... 1475 packets received, 6268 bps, 78.35%, Err 0 (0.0e+000)
485.082 .... 1483 packets received, 6275 bps, 78.44%, Err 0 (0.0e+000)
487.205 .... 1491 packets received, 6281 bps, 78.51%, Err 0 (0.0e+000)
489.308 .... 1499 packets received, 6288 bps, 78.60%, Err 0 (0.0e+000)
491.401 .... 1507 packets received, 6294 bps, 78.68%, Err 0 (0.0e+000)
493.527 .... 1515 packets received, 6300 bps, 78.75%, Err 0 (0.0e+000)
495.637 .... 1523 packets received, 6307 bps, 78.83%, Err 0 (0.0e+000)
497.759 .... 1531 packets received, 6313 bps, 78.91%, Err 0 (0.0e+000)
499.870 .... 1539 packets received, 6319 bps, 78.98%, Err 0 (0.0e+000)
501.971 .... 1547 packets received, 6325 bps, 79.06%, Err 0 (0.0e+000)
504.094 .... 1555 packets received, 6331 bps, 79.14%, Err 0 (0.0e+000)
506.195 .... 1563 packets received, 6337 bps, 79.21%, Err 0 (0.0e+000)
508.314 .... 1571 packets received, 6343 bps, 79.28%, Err 0 (0.0e+000)
510.415 .... 1579 packets received, 6349 bps, 79.36%, Err 0 (0.0e+000)
512.526 .... 1587 packets received, 6355 bps, 79.43%, Err 0 (0.0e+000)
514.651 .... 1595 packets received, 6360 bps, 79.50%, Err 0 (0.0e+000)
516.764 .... 1603 packets received, 6366 bps, 79.57%, Err 0 (0.0e+000)
518.877 .... 1611 packets received, 6372 bps, 79.64%, Err 0 (0.0e+000)
520.980 .... 1619 packets received, 6377 bps, 79.72%, Err 0 (0.0e+000)
523.094 .... 1627 packets received, 6383 bps, 79.79%, Err 0 (0.0e+000)
525.205 .... 1635 packets received, 6388 bps, 79.86%, Err 0 (0.0e+000)
527.326 .... 1643 packets received, 6394 bps, 79.92%, Err 0 (0.0e+000)
529.431 .... 1651 packets received, 6399 bps, 79.99%, Err 0 (0.0e+000)
531.541 .... 1659 packets received, 6405 bps, 80.06%, Err 0 (0.0e+000)
533.670 .... 1667 packets received, 6410 bps, 80.12%, Err 0 (0.0e+000)
535.765 .... 1675 packets received, 6415 bps, 80.19%, Err 0 (0.0e+000)
