000.000 =============================================================
000.000                     Station A                               
000.000 -------------------------------------------------------------
000.000 Protocol.lib, version 4.0, jiangyanjun0718@bupt.edu.cn
000.000 Channel: 8000 bps, 270 ms propagation delay, bit error rate 0
000.000 Log file "ufA.log", TCP port 30013, debug mask 0x00
000.000 Station A is waiting for station B on TCP port 30013 ... Done.
000.880 New epoch: Thu May 16 11:51:58 2019
000.882 =================================================================
000.884 
000.888 Designed by Jiang Yanjun, build: Oct 28 2018  16:37:15
003.282 .... 8 packets received, 7783 bps, 97.29%, Err 0 (0.0e+000)
005.426 .... 16 packets received, 7712 bps, 96.40%, Err 0 (0.0e+000)
007.506 .... 24 packets received, 7766 bps, 97.08%, Err 0 (0.0e+000)
009.631 .... 32 packets received, 7752 bps, 96.90%, Err 0 (0.0e+000)
011.753 .... 40 packets received, 7746 bps, 96.82%, Err 0 (0.0e+000)
013.847 .... 48 packets received, 7759 bps, 96.99%, Err 0 (0.0e+000)
015.942 .... 56 packets received, 7768 bps, 97.09%, Err 0 (0.0e+000)
018.078 .... 64 packets received, 7755 bps, 96.94%, Err 0 (0.0e+000)
018.516 ** WARNING: System too busy, sleep 15 ms, but be awakened 66 ms later
020.190 .... 72 packets received, 7756 bps, 96.94%, Err 0 (0.0e+000)
022.314 .... 80 packets received, 7751 bps, 96.89%, Err 0 (0.0e+000)
024.409 .... 88 packets received, 7758 bps, 96.97%, Err 0 (0.0e+000)
026.505 .... 96 packets received, 7762 bps, 97.03%, Err 0 (0.0e+000)
028.626 .... 104 packets received, 7760 bps, 96.99%, Err 0 (0.0e+000)
030.728 .... 112 packets received, 7762 bps, 97.03%, Err 0 (0.0e+000)
032.851 .... 120 packets received, 7759 bps, 96.99%, Err 0 (0.0e+000)
034.957 .... 128 packets received, 7760 bps, 97.00%, Err 0 (0.0e+000)
037.082 .... 136 packets received, 7757 bps, 96.97%, Err 0 (0.0e+000)
039.180 .... 144 packets received, 7760 bps, 97.00%, Err 0 (0.0e+000)
041.305 .... 152 packets received, 7758 bps, 96.97%, Err 0 (0.0e+000)
043.421 .... 160 packets received, 7757 bps, 96.96%, Err 0 (0.0e+000)
043.720 ** WARNING: System too busy, sleep 15 ms, but be awakened 71 ms later
045.537 .... 168 packets received, 7756 bps, 96.95%, Err 0 (0.0e+000)
047.642 .... 176 packets received, 7757 bps, 96.97%, Err 0 (0.0e+000)
049.733 .... 184 packets received, 7761 bps, 97.01%, Err 0 (0.0e+000)
051.858 .... 192 packets received, 7759 bps, 96.99%, Err 0 (0.0e+000)
053.998 .... 200 packets received, 7754 bps, 96.93%, Err 0 (0.0e+000)
056.090 .... 208 packets received, 7757 bps, 96.97%, Err 0 (0.0e+000)
058.196 .... 216 packets received, 7758 bps, 96.98%, Err 0 (0.0e+000)
060.311 .... 224 packets received, 7758 bps, 96.97%, Err 0 (0.0e+000)
062.426 .... 232 packets received, 7757 bps, 96.97%, Err 0 (0.0e+000)
064.535 .... 240 packets received, 7758 bps, 96.97%, Err 0 (0.0e+000)
066.661 .... 248 packets received, 7756 bps, 96.95%, Err 0 (0.0e+000)
068.759 .... 256 packets received, 7758 bps, 96.97%, Err 0 (0.0e+000)
070.874 .... 264 packets received, 7757 bps, 96.97%, Err 0 (0.0e+000)
072.985 .... 272 packets received, 7758 bps, 96.97%, Err 0 (0.0e+000)
075.087 .... 280 packets received, 7759 bps, 96.98%, Err 0 (0.0e+000)
077.207 .... 288 packets received, 7758 bps, 96.97%, Err 0 (0.0e+000)
079.326 .... 296 packets received, 7757 bps, 96.96%, Err 0 (0.0e+000)
081.408 .... 304 packets received, 7760 bps, 97.00%, Err 0 (0.0e+000)
083.550 .... 312 packets received, 7757 bps, 96.96%, Err 0 (0.0e+000)
085.656 .... 320 packets received, 7758 bps, 96.97%, Err 0 (0.0e+000)
087.774 .... 328 packets received, 7757 bps, 96.97%, Err 0 (0.0e+000)
089.884 .... 336 packets received, 7757 bps, 96.97%, Err 0 (0.0e+000)
091.969 .... 344 packets received, 7760 bps, 97.00%, Err 0 (0.0e+000)
094.106 .... 352 packets received, 7757 bps, 96.97%, Err 0 (0.0e+000)
096.225 .... 360 packets received, 7757 bps, 96.96%, Err 0 (0.0e+000)
098.345 .... 368 packets received, 7756 bps, 96.95%, Err 0 (0.0e+000)
100.443 .... 376 packets received, 7757 bps, 96.97%, Err 0 (0.0e+000)
102.545 .... 384 packets received, 7758 bps, 96.98%, Err 0 (0.0e+000)
104.660 .... 392 packets received, 7758 bps, 96.97%, Err 0 (0.0e+000)
106.770 .... 400 packets received, 7758 bps, 96.98%, Err 0 (0.0e+000)
108.882 .... 408 packets received, 7758 bps, 96.98%, Err 0 (0.0e+000)
110.992 .... 416 packets received, 7758 bps, 96.98%, Err 0 (0.0e+000)
113.127 .... 424 packets received, 7757 bps, 96.96%, Err 0 (0.0e+000)
115.224 .... 432 packets received, 7758 bps, 96.97%, Err 0 (0.0e+000)
117.346 .... 440 packets received, 7757 bps, 96.96%, Err 0 (0.0e+000)
119.456 .... 448 packets received, 7757 bps, 96.96%, Err 0 (0.0e+000)
121.571 .... 456 packets received, 7757 bps, 96.96%, Err 0 (0.0e+000)
123.659 .... 464 packets received, 7758 bps, 96.98%, Err 0 (0.0e+000)
125.784 .... 472 packets received, 7758 bps, 96.97%, Err 0 (0.0e+000)
127.903 .... 480 packets received, 7757 bps, 96.97%, Err 0 (0.0e+000)
130.014 .... 488 packets received, 7757 bps, 96.97%, Err 0 (0.0e+000)
132.114 .... 496 packets received, 7758 bps, 96.97%, Err 0 (0.0e+000)
134.230 .... 504 packets received, 7758 bps, 96.97%, Err 0 (0.0e+000)
136.345 .... 512 packets received, 7758 bps, 96.97%, Err 0 (0.0e+000)
138.462 .... 520 packets received, 7757 bps, 96.97%, Err 0 (0.0e+000)
140.563 .... 528 packets received, 7758 bps, 96.97%, Err 0 (0.0e+000)
142.677 .... 536 packets received, 7758 bps, 96.97%, Err 0 (0.0e+000)
144.790 .... 544 packets received, 7758 bps, 96.97%, Err 0 (0.0e+000)
146.915 .... 552 packets received, 7757 bps, 96.96%, Err 0 (0.0e+000)
149.018 .... 560 packets received, 7758 bps, 96.97%, Err 0 (0.0e+000)
151.139 .... 568 packets received, 7757 bps, 96.96%, Err 0 (0.0e+000)
153.252 .... 576 packets received, 7757 bps, 96.96%, Err 0 (0.0e+000)
155.377 .... 584 packets received, 7756 bps, 96.95%, Err 0 (0.0e+000)
157.472 .... 592 packets received, 7757 bps, 96.97%, Err 0 (0.0e+000)
159.575 .... 600 packets received, 7758 bps, 96.97%, Err 0 (0.0e+000)
161.688 .... 608 packets received, 7758 bps, 96.97%, Err 0 (0.0e+000)
163.782 .... 616 packets received, 7758 bps, 96.98%, Err 0 (0.0e+000)
165.924 .... 624 packets received, 7757 bps, 96.96%, Err 0 (0.0e+000)
168.017 .... 632 packets received, 7758 bps, 96.97%, Err 0 (0.0e+000)
170.135 .... 640 packets received, 7758 bps, 96.97%, Err 0 (0.0e+000)
172.235 .... 648 packets received, 7758 bps, 96.98%, Err 0 (0.0e+000)
174.350 .... 656 packets received, 7758 bps, 96.98%, Err 0 (0.0e+000)
176.481 .... 664 packets received, 7757 bps, 96.97%, Err 0 (0.0e+000)
178.587 .... 672 packets received, 7757 bps, 96.97%, Err 0 (0.0e+000)
180.702 .... 680 packets received, 7757 bps, 96.97%, Err 0 (0.0e+000)
182.797 .... 688 packets received, 7758 bps, 96.98%, Err 0 (0.0e+000)
184.921 .... 696 packets received, 7758 bps, 96.97%, Err 0 (0.0e+000)
187.031 .... 704 packets received, 7758 bps, 96.97%, Err 0 (0.0e+000)
189.145 .... 712 packets received, 7758 bps, 96.97%, Err 0 (0.0e+000)
191.250 .... 720 packets received, 7758 bps, 96.97%, Err 0 (0.0e+000)
193.355 .... 728 packets received, 7758 bps, 96.98%, Err 0 (0.0e+000)
195.470 .... 736 packets received, 7758 bps, 96.98%, Err 0 (0.0e+000)
197.587 .... 744 packets received, 7758 bps, 96.97%, Err 0 (0.0e+000)
199.707 .... 752 packets received, 7757 bps, 96.97%, Err 0 (0.0e+000)
201.818 .... 760 packets received, 7758 bps, 96.97%, Err 0 (0.0e+000)
203.927 .... 768 packets received, 7758 bps, 96.97%, Err 0 (0.0e+000)
206.041 .... 776 packets received, 7758 bps, 96.97%, Err 0 (0.0e+000)
208.160 .... 784 packets received, 7757 bps, 96.97%, Err 0 (0.0e+000)
210.259 .... 792 packets received, 7758 bps, 96.97%, Err 0 (0.0e+000)
212.362 .... 800 packets received, 7758 bps, 96.98%, Err 0 (0.0e+000)
214.491 .... 808 packets received, 7758 bps, 96.97%, Err 0 (0.0e+000)
216.598 .... 816 packets received, 7758 bps, 96.97%, Err 0 (0.0e+000)
218.722 .... 824 packets received, 7757 bps, 96.97%, Err 0 (0.0e+000)
220.810 .... 832 packets received, 7758 bps, 96.98%, Err 0 (0.0e+000)
222.942 .... 840 packets received, 7757 bps, 96.97%, Err 0 (0.0e+000)
225.047 .... 848 packets received, 7758 bps, 96.97%, Err 0 (0.0e+000)
227.163 .... 856 packets received, 7758 bps, 96.97%, Err 0 (0.0e+000)
229.267 .... 864 packets received, 7758 bps, 96.97%, Err 0 (0.0e+000)
231.362 .... 872 packets received, 7758 bps, 96.98%, Err 0 (0.0e+000)
233.485 .... 880 packets received, 7758 bps, 96.97%, Err 0 (0.0e+000)
235.607 .... 888 packets received, 7758 bps, 96.97%, Err 0 (0.0e+000)
237.723 .... 896 packets received, 7758 bps, 96.97%, Err 0 (0.0e+000)
239.823 .... 904 packets received, 7758 bps, 96.97%, Err 0 (0.0e+000)
241.946 .... 912 packets received, 7758 bps, 96.97%, Err 0 (0.0e+000)
244.060 .... 920 packets received, 7757 bps, 96.97%, Err 0 (0.0e+000)
246.167 .... 928 packets received, 7758 bps, 96.97%, Err 0 (0.0e+000)
248.291 .... 936 packets received, 7757 bps, 96.97%, Err 0 (0.0e+000)
250.397 .... 944 packets received, 7757 bps, 96.97%, Err 0 (0.0e+000)
252.520 .... 952 packets received, 7757 bps, 96.96%, Err 0 (0.0e+000)
254.617 .... 960 packets received, 7758 bps, 96.97%, Err 0 (0.0e+000)
256.731 .... 968 packets received, 7758 bps, 96.97%, Err 0 (0.0e+000)
258.847 .... 976 packets received, 7757 bps, 96.97%, Err 0 (0.0e+000)
260.967 .... 984 packets received, 7757 bps, 96.96%, Err 0 (0.0e+000)
263.054 .... 992 packets received, 7758 bps, 96.97%, Err 0 (0.0e+000)
265.164 .... 1000 packets received, 7758 bps, 96.97%, Err 0 (0.0e+000)
267.295 .... 1008 packets received, 7757 bps, 96.97%, Err 0 (0.0e+000)
269.419 .... 1016 packets received, 7757 bps, 96.96%, Err 0 (0.0e+000)
271.526 .... 1024 packets received, 7757 bps, 96.97%, Err 0 (0.0e+000)
273.623 .... 1032 packets received, 7758 bps, 96.97%, Err 0 (0.0e+000)
275.758 .... 1040 packets received, 7757 bps, 96.96%, Err 0 (0.0e+000)
277.823 .... 1048 packets received, 7758 bps, 96.98%, Err 0 (0.0e+000)
279.947 .... 1056 packets received, 7758 bps, 96.97%, Err 0 (0.0e+000)
282.073 .... 1064 packets received, 7758 bps, 96.97%, Err 0 (0.0e+000)
284.193 .... 1072 packets received, 7757 bps, 96.97%, Err 0 (0.0e+000)
286.288 .... 1080 packets received, 7758 bps, 96.97%, Err 0 (0.0e+000)
288.408 .... 1088 packets received, 7758 bps, 96.97%, Err 0 (0.0e+000)
290.518 .... 1096 packets received, 7758 bps, 96.97%, Err 0 (0.0e+000)
292.639 .... 1104 packets received, 7757 bps, 96.97%, Err 0 (0.0e+000)
294.751 .... 1112 packets received, 7757 bps, 96.97%, Err 0 (0.0e+000)
296.833 .... 1120 packets received, 7758 bps, 96.98%, Err 0 (0.0e+000)
298.952 .... 1128 packets received, 7758 bps, 96.98%, Err 0 (0.0e+000)
301.073 .... 1136 packets received, 7758 bps, 96.97%, Err 0 (0.0e+000)
303.196 .... 1144 packets received, 7757 bps, 96.97%, Err 0 (0.0e+000)
305.305 .... 1152 packets received, 7758 bps, 96.97%, Err 0 (0.0e+000)
307.424 .... 1160 packets received, 7757 bps, 96.97%, Err 0 (0.0e+000)
309.520 .... 1168 packets received, 7758 bps, 96.97%, Err 0 (0.0e+000)
311.633 .... 1176 packets received, 7758 bps, 96.97%, Err 0 (0.0e+000)
313.724 .... 1184 packets received, 7758 bps, 96.98%, Err 0 (0.0e+000)
315.870 .... 1192 packets received, 7757 bps, 96.97%, Err 0 (0.0e+000)
317.975 .... 1200 packets received, 7758 bps, 96.97%, Err 0 (0.0e+000)
320.100 .... 1208 packets received, 7757 bps, 96.97%, Err 0 (0.0e+000)
322.209 .... 1216 packets received, 7757 bps, 96.97%, Err 0 (0.0e+000)
324.301 .... 1224 packets received, 7758 bps, 96.97%, Err 0 (0.0e+000)
326.419 .... 1232 packets received, 7758 bps, 96.97%, Err 0 (0.0e+000)
328.552 .... 1240 packets received, 7757 bps, 96.97%, Err 0 (0.0e+000)
329.275 ** WARNING: System too busy, sleep 15 ms, but be awakened 68 ms later
330.639 .... 1247 packets received, 7752 bps, 96.89%, Err 0 (0.0e+000)
332.710 .... 1255 packets received, 7753 bps, 96.91%, Err 0 (0.0e+000)
334.834 .... 1263 packets received, 7752 bps, 96.90%, Err 0 (0.0e+000)
336.956 .... 1271 packets received, 7752 bps, 96.90%, Err 0 (0.0e+000)
339.077 .... 1279 packets received, 7752 bps, 96.90%, Err 0 (0.0e+000)
340.948 ** WARNING: System too busy, sleep 15 ms, but be awakened 67 ms later
341.157 .... 1287 packets received, 7753 bps, 96.91%, Err 0 (0.0e+000)
343.430 .... 1295 packets received, 7749 bps, 96.86%, Err 0 (0.0e+000)
345.510 .... 1303 packets received, 7750 bps, 96.87%, Err 0 (0.0e+000)
347.636 .... 1311 packets received, 7750 bps, 96.87%, Err 0 (0.0e+000)
349.759 .... 1319 packets received, 7749 bps, 96.87%, Err 0 (0.0e+000)
437.750 ** WARNING: System too busy, sleep 15 ms, but be awakened 85974 ms later
438.845 .... 1327 packets received, 6209 bps, 77.62%, Err 0 (0.0e+000)
441.040 .... 1333 packets received, 6206 bps, 77.58%, Err 0 (0.0e+000)
443.167 .... 1341 packets received, 6214 bps, 77.67%, Err 0 (0.0e+000)
445.558 .... 1348 packets received, 6212 bps, 77.66%, Err 0 (0.0e+000)
447.668 .... 1356 packets received, 6220 bps, 77.75%, Err 0 (0.0e+000)
449.772 .... 1364 packets received, 6227 bps, 77.84%, Err 0 (0.0e+000)
451.883 .... 1372 packets received, 6234 bps, 77.93%, Err 0 (0.0e+000)
453.965 .... 1380 packets received, 6242 bps, 78.02%, Err 0 (0.0e+000)
456.084 .... 1388 packets received, 6249 bps, 78.11%, Err 0 (0.0e+000)
458.217 .... 1396 packets received, 6255 bps, 78.19%, Err 0 (0.0e+000)
460.333 .... 1404 packets received, 6262 bps, 78.28%, Err 0 (0.0e+000)
462.419 .... 1412 packets received, 6270 bps, 78.37%, Err 0 (0.0e+000)
463.634 ** WARNING: System too busy, sleep 15 ms, but be awakened 76 ms later
464.539 .... 1420 packets received, 6276 bps, 78.45%, Err 0 (0.0e+000)
465.444 ** WARNING: System too busy, sleep 15 ms, but be awakened 97 ms later
466.625 .... 1427 packets received, 6279 bps, 78.49%, Err 0 (0.0e+000)
468.822 .... 1429 packets received, 6258 bps, 78.23%, Err 0 (0.0e+000)
470.245 ** WARNING: System too busy, sleep 15 ms, but be awakened 69 ms later
471.821 .... 1430 packets received, 6223 bps, 77.78%, Err 0 (0.0e+000)
473.498 ** WARNING: System too busy, sleep 15 ms, but be awakened 96 ms later
474.665 .... 1438 packets received, 6220 bps, 77.75%, Err 0 (0.0e+000)
476.248 ** WARNING: System too busy, sleep 15 ms, but be awakened 70 ms later
476.878 .... 1446 packets received, 6225 bps, 77.82%, Err 0 (0.0e+000)
478.975 .... 1455 packets received, 6237 bps, 77.96%, Err 0 (0.0e+000)
481.089 .... 1463 packets received, 6243 bps, 78.04%, Err 0 (0.0e+000)
483.187 .... 1471 packets received, 6250 bps, 78.13%, Err 0 (0.0e+000)
485.307 .... 1479 packets received, 6257 bps, 78.21%, Err 0 (0.0e+000)
487.424 .... 1487 packets received, 6263 bps, 78.29%, Err 0 (0.0e+000)
489.538 .... 1495 packets received, 6269 bps, 78.37%, Err 0 (0.0e+000)
491.613 .... 1503 packets received, 6276 bps, 78.45%, Err 0 (0.0e+000)
493.747 .... 1511 packets received, 6282 bps, 78.53%, Err 0 (0.0e+000)
495.865 .... 1519 packets received, 6289 bps, 78.61%, Err 0 (0.0e+000)
497.970 .... 1527 packets received, 6295 bps, 78.69%, Err 0 (0.0e+000)
500.082 .... 1535 packets received, 6301 bps, 78.76%, Err 0 (0.0e+000)
502.191 .... 1543 packets received, 6307 bps, 78.84%, Err 0 (0.0e+000)
504.305 .... 1551 packets received, 6313 bps, 78.92%, Err 0 (0.0e+000)
506.411 .... 1559 packets received, 6320 bps, 78.99%, Err 0 (0.0e+000)
508.518 .... 1567 packets received, 6326 bps, 79.07%, Err 0 (0.0e+000)
510.656 .... 1575 packets received, 6331 bps, 79.14%, Err 0 (0.0e+000)
512.757 .... 1583 packets received, 6337 bps, 79.21%, Err 0 (0.0e+000)
514.871 .... 1591 packets received, 6343 bps, 79.29%, Err 0 (0.0e+000)
516.968 .... 1599 packets received, 6349 bps, 79.36%, Err 0 (0.0e+000)
519.095 .... 1607 packets received, 6355 bps, 79.43%, Err 0 (0.0e+000)
521.208 .... 1615 packets received, 6360 bps, 79.50%, Err 0 (0.0e+000)
523.302 .... 1623 packets received, 6366 bps, 79.58%, Err 0 (0.0e+000)
525.407 .... 1631 packets received, 6372 bps, 79.65%, Err 0 (0.0e+000)
527.542 .... 1639 packets received, 6377 bps, 79.71%, Err 0 (0.0e+000)
529.659 .... 1647 packets received, 6383 bps, 79.78%, Err 0 (0.0e+000)
531.749 .... 1655 packets received, 6388 bps, 79.85%, Err 0 (0.0e+000)
533.874 .... 1663 packets received, 6394 bps, 79.92%, Err 0 (0.0e+000)
535.973 .... 1671 packets received, 6399 bps, 79.99%, Err 0 (0.0e+000)
