000.000 =============================================================
000.000                     Station B                               
000.000 -------------------------------------------------------------
000.000 Protocol.lib, version 4.0, jiangyanjun0718@bupt.edu.cn
000.000 Channel: 8000 bps, 270 ms propagation delay, bit error rate 0
000.000 Log file "ufB.log", TCP port 30013, debug mask 0x00
000.000 Station B is connecting station A (TCP port 30013) ... Done.
000.881 New epoch: Thu May 16 11:51:58 2019
000.888 =================================================================
000.888 
000.888 Designed by Jiang Yanjun, build: Oct 28 2018  16:37:15
003.303 .... 8 packets received, 7649 bps, 95.61%, Err 0 (0.0e+000)
005.400 .... 16 packets received, 7730 bps, 96.63%, Err 0 (0.0e+000)
007.528 .... 24 packets received, 7720 bps, 96.50%, Err 0 (0.0e+000)
009.614 .... 32 packets received, 7753 bps, 96.91%, Err 0 (0.0e+000)
011.725 .... 40 packets received, 7755 bps, 96.93%, Err 0 (0.0e+000)
013.831 .... 48 packets received, 7759 bps, 96.99%, Err 0 (0.0e+000)
015.971 .... 56 packets received, 7744 bps, 96.80%, Err 0 (0.0e+000)
018.078 .... 64 packets received, 7748 bps, 96.85%, Err 0 (0.0e+000)
020.167 .... 72 packets received, 7758 bps, 96.98%, Err 0 (0.0e+000)
022.315 .... 80 packets received, 7745 bps, 96.81%, Err 0 (0.0e+000)
024.409 .... 88 packets received, 7752 bps, 96.90%, Err 0 (0.0e+000)
026.515 .... 96 packets received, 7755 bps, 96.93%, Err 0 (0.0e+000)
028.638 .... 104 packets received, 7752 bps, 96.90%, Err 0 (0.0e+000)
030.757 .... 112 packets received, 7750 bps, 96.88%, Err 0 (0.0e+000)
032.851 .... 120 packets received, 7755 bps, 96.94%, Err 0 (0.0e+000)
034.957 .... 128 packets received, 7757 bps, 96.96%, Err 0 (0.0e+000)
037.096 .... 136 packets received, 7751 bps, 96.89%, Err 0 (0.0e+000)
039.205 .... 144 packets received, 7752 bps, 96.90%, Err 0 (0.0e+000)
041.317 .... 152 packets received, 7752 bps, 96.90%, Err 0 (0.0e+000)
043.412 .... 160 packets received, 7756 bps, 96.94%, Err 0 (0.0e+000)
043.720 ** WARNING: System too busy, sleep 15 ms, but be awakened 77 ms later
045.527 .... 168 packets received, 7755 bps, 96.94%, Err 0 (0.0e+000)
047.655 .... 176 packets received, 7753 bps, 96.91%, Err 0 (0.0e+000)
048.736 ** WARNING: System too busy, sleep 15 ms, but be awakened 67 ms later
049.748 .... 184 packets received, 7756 bps, 96.95%, Err 0 (0.0e+000)
051.868 .... 192 packets received, 7755 bps, 96.93%, Err 0 (0.0e+000)
053.982 .... 200 packets received, 7754 bps, 96.93%, Err 0 (0.0e+000)
056.084 .... 208 packets received, 7756 bps, 96.95%, Err 0 (0.0e+000)
058.196 .... 216 packets received, 7756 bps, 96.95%, Err 0 (0.0e+000)
060.293 .... 224 packets received, 7758 bps, 96.98%, Err 0 (0.0e+000)
062.426 .... 232 packets received, 7755 bps, 96.94%, Err 0 (0.0e+000)
064.519 .... 240 packets received, 7758 bps, 96.97%, Err 0 (0.0e+000)
066.645 .... 248 packets received, 7756 bps, 96.95%, Err 0 (0.0e+000)
068.759 .... 256 packets received, 7756 bps, 96.95%, Err 0 (0.0e+000)
070.856 .... 264 packets received, 7758 bps, 96.97%, Err 0 (0.0e+000)
072.996 .... 272 packets received, 7755 bps, 96.93%, Err 0 (0.0e+000)
075.092 .... 280 packets received, 7756 bps, 96.96%, Err 0 (0.0e+000)
077.207 .... 288 packets received, 7756 bps, 96.95%, Err 0 (0.0e+000)
079.318 .... 296 packets received, 7756 bps, 96.95%, Err 0 (0.0e+000)
081.430 .... 304 packets received, 7756 bps, 96.95%, Err 0 (0.0e+000)
083.529 .... 312 packets received, 7758 bps, 96.97%, Err 0 (0.0e+000)
085.666 .... 320 packets received, 7755 bps, 96.94%, Err 0 (0.0e+000)
087.756 .... 328 packets received, 7757 bps, 96.97%, Err 0 (0.0e+000)
089.856 .... 336 packets received, 7758 bps, 96.98%, Err 0 (0.0e+000)
091.990 .... 344 packets received, 7756 bps, 96.96%, Err 0 (0.0e+000)
094.123 .... 352 packets received, 7755 bps, 96.93%, Err 0 (0.0e+000)
096.239 .... 360 packets received, 7754 bps, 96.93%, Err 0 (0.0e+000)
098.344 .... 368 packets received, 7755 bps, 96.94%, Err 0 (0.0e+000)
100.443 .... 376 packets received, 7756 bps, 96.95%, Err 0 (0.0e+000)
102.559 .... 384 packets received, 7756 bps, 96.95%, Err 0 (0.0e+000)
104.660 .... 392 packets received, 7757 bps, 96.96%, Err 0 (0.0e+000)
106.770 .... 400 packets received, 7757 bps, 96.96%, Err 0 (0.0e+000)
108.898 .... 408 packets received, 7756 bps, 96.95%, Err 0 (0.0e+000)
111.010 .... 416 packets received, 7756 bps, 96.95%, Err 0 (0.0e+000)
113.127 .... 424 packets received, 7755 bps, 96.94%, Err 0 (0.0e+000)
115.213 .... 432 packets received, 7757 bps, 96.97%, Err 0 (0.0e+000)
117.347 .... 440 packets received, 7756 bps, 96.95%, Err 0 (0.0e+000)
119.438 .... 448 packets received, 7757 bps, 96.97%, Err 0 (0.0e+000)
121.571 .... 456 packets received, 7756 bps, 96.95%, Err 0 (0.0e+000)
123.678 .... 464 packets received, 7756 bps, 96.95%, Err 0 (0.0e+000)
125.784 .... 472 packets received, 7757 bps, 96.96%, Err 0 (0.0e+000)
127.903 .... 480 packets received, 7756 bps, 96.95%, Err 0 (0.0e+000)
129.997 .... 488 packets received, 7757 bps, 96.97%, Err 0 (0.0e+000)
132.114 .... 496 packets received, 7757 bps, 96.96%, Err 0 (0.0e+000)
134.248 .... 504 packets received, 7756 bps, 96.95%, Err 0 (0.0e+000)
136.349 .... 512 packets received, 7756 bps, 96.96%, Err 0 (0.0e+000)
138.446 .... 520 packets received, 7757 bps, 96.97%, Err 0 (0.0e+000)
140.571 .... 528 packets received, 7757 bps, 96.96%, Err 0 (0.0e+000)
142.700 .... 536 packets received, 7756 bps, 96.95%, Err 0 (0.0e+000)
144.803 .... 544 packets received, 7756 bps, 96.95%, Err 0 (0.0e+000)
146.915 .... 552 packets received, 7756 bps, 96.95%, Err 0 (0.0e+000)
149.035 .... 560 packets received, 7756 bps, 96.95%, Err 0 (0.0e+000)
151.121 .... 568 packets received, 7757 bps, 96.96%, Err 0 (0.0e+000)
153.231 .... 576 packets received, 7757 bps, 96.97%, Err 0 (0.0e+000)
155.357 .... 584 packets received, 7757 bps, 96.96%, Err 0 (0.0e+000)
157.472 .... 592 packets received, 7756 bps, 96.96%, Err 0 (0.0e+000)
159.575 .... 600 packets received, 7757 bps, 96.96%, Err 0 (0.0e+000)
161.693 .... 608 packets received, 7757 bps, 96.96%, Err 0 (0.0e+000)
163.800 .... 616 packets received, 7757 bps, 96.96%, Err 0 (0.0e+000)
165.913 .... 624 packets received, 7757 bps, 96.96%, Err 0 (0.0e+000)
168.030 .... 632 packets received, 7757 bps, 96.96%, Err 0 (0.0e+000)
170.136 .... 640 packets received, 7757 bps, 96.96%, Err 0 (0.0e+000)
172.247 .... 648 packets received, 7757 bps, 96.96%, Err 0 (0.0e+000)
174.367 .... 656 packets received, 7757 bps, 96.96%, Err 0 (0.0e+000)
176.464 .... 664 packets received, 7757 bps, 96.97%, Err 0 (0.0e+000)
178.570 .... 672 packets received, 7758 bps, 96.97%, Err 0 (0.0e+000)
180.702 .... 680 packets received, 7757 bps, 96.96%, Err 0 (0.0e+000)
182.819 .... 688 packets received, 7756 bps, 96.96%, Err 0 (0.0e+000)
184.925 .... 696 packets received, 7757 bps, 96.96%, Err 0 (0.0e+000)
187.057 .... 704 packets received, 7756 bps, 96.95%, Err 0 (0.0e+000)
189.160 .... 712 packets received, 7756 bps, 96.95%, Err 0 (0.0e+000)
191.268 .... 720 packets received, 7756 bps, 96.96%, Err 0 (0.0e+000)
193.355 .... 728 packets received, 7757 bps, 96.97%, Err 0 (0.0e+000)
195.482 .... 736 packets received, 7757 bps, 96.96%, Err 0 (0.0e+000)
197.598 .... 744 packets received, 7757 bps, 96.96%, Err 0 (0.0e+000)
199.688 .... 752 packets received, 7758 bps, 96.97%, Err 0 (0.0e+000)
201.812 .... 760 packets received, 7757 bps, 96.96%, Err 0 (0.0e+000)
203.927 .... 768 packets received, 7757 bps, 96.96%, Err 0 (0.0e+000)
206.041 .... 776 packets received, 7757 bps, 96.96%, Err 0 (0.0e+000)
208.151 .... 784 packets received, 7757 bps, 96.96%, Err 0 (0.0e+000)
210.266 .... 792 packets received, 7757 bps, 96.96%, Err 0 (0.0e+000)
212.397 .... 800 packets received, 7756 bps, 96.95%, Err 0 (0.0e+000)
214.499 .... 808 packets received, 7757 bps, 96.96%, Err 0 (0.0e+000)
216.602 .... 816 packets received, 7757 bps, 96.96%, Err 0 (0.0e+000)
218.706 .... 824 packets received, 7757 bps, 96.97%, Err 0 (0.0e+000)
220.835 .... 832 packets received, 7757 bps, 96.96%, Err 0 (0.0e+000)
222.915 .... 840 packets received, 7758 bps, 96.97%, Err 0 (0.0e+000)
225.038 .... 848 packets received, 7757 bps, 96.97%, Err 0 (0.0e+000)
227.145 .... 856 packets received, 7758 bps, 96.97%, Err 0 (0.0e+000)
229.251 .... 864 packets received, 7758 bps, 96.97%, Err 0 (0.0e+000)
231.381 .... 872 packets received, 7757 bps, 96.96%, Err 0 (0.0e+000)
233.493 .... 880 packets received, 7757 bps, 96.96%, Err 0 (0.0e+000)
235.598 .... 888 packets received, 7757 bps, 96.97%, Err 0 (0.0e+000)
237.723 .... 896 packets received, 7757 bps, 96.96%, Err 0 (0.0e+000)
239.823 .... 904 packets received, 7757 bps, 96.97%, Err 0 (0.0e+000)
241.946 .... 912 packets received, 7757 bps, 96.96%, Err 0 (0.0e+000)
244.059 .... 920 packets received, 7757 bps, 96.96%, Err 0 (0.0e+000)
246.179 .... 928 packets received, 7757 bps, 96.96%, Err 0 (0.0e+000)
248.291 .... 936 packets received, 7757 bps, 96.96%, Err 0 (0.0e+000)
250.384 .... 944 packets received, 7757 bps, 96.97%, Err 0 (0.0e+000)
252.497 .... 952 packets received, 7757 bps, 96.97%, Err 0 (0.0e+000)
254.628 .... 960 packets received, 7757 bps, 96.96%, Err 0 (0.0e+000)
256.721 .... 968 packets received, 7757 bps, 96.97%, Err 0 (0.0e+000)
258.832 .... 976 packets received, 7757 bps, 96.97%, Err 0 (0.0e+000)
260.972 .... 984 packets received, 7757 bps, 96.96%, Err 0 (0.0e+000)
263.054 .... 992 packets received, 7757 bps, 96.97%, Err 0 (0.0e+000)
265.189 .... 1000 packets received, 7757 bps, 96.96%, Err 0 (0.0e+000)
267.273 .... 1008 packets received, 7758 bps, 96.97%, Err 0 (0.0e+000)
269.389 .... 1016 packets received, 7757 bps, 96.97%, Err 0 (0.0e+000)
271.505 .... 1024 packets received, 7757 bps, 96.97%, Err 0 (0.0e+000)
273.635 .... 1032 packets received, 7757 bps, 96.96%, Err 0 (0.0e+000)
275.727 .... 1040 packets received, 7757 bps, 96.97%, Err 0 (0.0e+000)
277.841 .... 1048 packets received, 7757 bps, 96.97%, Err 0 (0.0e+000)
279.982 .... 1056 packets received, 7757 bps, 96.96%, Err 0 (0.0e+000)
282.083 .... 1064 packets received, 7757 bps, 96.96%, Err 0 (0.0e+000)
284.170 .... 1072 packets received, 7758 bps, 96.97%, Err 0 (0.0e+000)
286.270 .... 1080 packets received, 7758 bps, 96.97%, Err 0 (0.0e+000)
288.426 .... 1088 packets received, 7757 bps, 96.96%, Err 0 (0.0e+000)
290.538 .... 1096 packets received, 7757 bps, 96.96%, Err 0 (0.0e+000)
292.628 .... 1104 packets received, 7757 bps, 96.97%, Err 0 (0.0e+000)
294.740 .... 1112 packets received, 7757 bps, 96.97%, Err 0 (0.0e+000)
296.850 .... 1120 packets received, 7757 bps, 96.97%, Err 0 (0.0e+000)
298.968 .... 1128 packets received, 7757 bps, 96.96%, Err 0 (0.0e+000)
301.087 .... 1136 packets received, 7757 bps, 96.96%, Err 0 (0.0e+000)
303.191 .... 1144 packets received, 7757 bps, 96.97%, Err 0 (0.0e+000)
305.311 .... 1152 packets received, 7757 bps, 96.96%, Err 0 (0.0e+000)
307.398 .... 1160 packets received, 7758 bps, 96.97%, Err 0 (0.0e+000)
309.537 .... 1168 packets received, 7757 bps, 96.96%, Err 0 (0.0e+000)
311.649 .... 1176 packets received, 7757 bps, 96.96%, Err 0 (0.0e+000)
313.760 .... 1184 packets received, 7757 bps, 96.96%, Err 0 (0.0e+000)
315.846 .... 1192 packets received, 7758 bps, 96.97%, Err 0 (0.0e+000)
317.964 .... 1200 packets received, 7758 bps, 96.97%, Err 0 (0.0e+000)
320.069 .... 1208 packets received, 7758 bps, 96.97%, Err 0 (0.0e+000)
322.209 .... 1216 packets received, 7757 bps, 96.96%, Err 0 (0.0e+000)
324.317 .... 1224 packets received, 7757 bps, 96.96%, Err 0 (0.0e+000)
326.419 .... 1232 packets received, 7757 bps, 96.97%, Err 0 (0.0e+000)
328.535 .... 1240 packets received, 7757 bps, 96.97%, Err 0 (0.0e+000)
329.276 ** WARNING: System too busy, sleep 15 ms, but be awakened 69 ms later
330.599 .... 1247 packets received, 7752 bps, 96.90%, Err 0 (0.0e+000)
332.710 .... 1255 packets received, 7752 bps, 96.90%, Err 0 (0.0e+000)
334.808 .... 1263 packets received, 7753 bps, 96.91%, Err 0 (0.0e+000)
336.913 .... 1271 packets received, 7753 bps, 96.91%, Err 0 (0.0e+000)
339.069 .... 1279 packets received, 7752 bps, 96.90%, Err 0 (0.0e+000)
340.948 ** WARNING: System too busy, sleep 15 ms, but be awakened 67 ms later
341.140 .... 1287 packets received, 7753 bps, 96.91%, Err 0 (0.0e+000)
343.406 .... 1295 packets received, 7749 bps, 96.87%, Err 0 (0.0e+000)
345.537 .... 1303 packets received, 7749 bps, 96.86%, Err 0 (0.0e+000)
347.636 .... 1311 packets received, 7749 bps, 96.87%, Err 0 (0.0e+000)
349.779 .... 1319 packets received, 7749 bps, 96.86%, Err 0 (0.0e+000)
437.702 ** WARNING: System too busy, sleep 15 ms, but be awakened 85939 ms later
439.177 .... 1327 packets received, 6205 bps, 77.56%, Err 0 (0.0e+000)
441.288 .... 1334 packets received, 6207 bps, 77.59%, Err 0 (0.0e+000)
443.405 .... 1342 packets received, 6215 bps, 77.68%, Err 0 (0.0e+000)
444.752 ** WARNING: System too busy, sleep 15 ms, but be awakened 69 ms later
445.515 .... 1348 packets received, 6213 bps, 77.66%, Err 0 (0.0e+000)
447.604 .... 1358 packets received, 6230 bps, 77.87%, Err 0 (0.0e+000)
449.753 .... 1366 packets received, 6236 bps, 77.95%, Err 0 (0.0e+000)
451.843 .... 1374 packets received, 6244 bps, 78.05%, Err 0 (0.0e+000)
453.965 .... 1382 packets received, 6251 bps, 78.13%, Err 0 (0.0e+000)
456.051 .... 1390 packets received, 6258 bps, 78.23%, Err 0 (0.0e+000)
458.185 .... 1398 packets received, 6265 bps, 78.31%, Err 0 (0.0e+000)
460.299 .... 1406 packets received, 6272 bps, 78.39%, Err 0 (0.0e+000)
462.393 .... 1414 packets received, 6279 bps, 78.48%, Err 0 (0.0e+000)
463.634 ** WARNING: System too busy, sleep 15 ms, but be awakened 76 ms later
464.523 .... 1422 packets received, 6285 bps, 78.56%, Err 0 (0.0e+000)
465.437 ** WARNING: System too busy, sleep 15 ms, but be awakened 90 ms later
466.655 .... 1430 packets received, 6291 bps, 78.64%, Err 0 (0.0e+000)
468.738 .... 1431 packets received, 6268 bps, 78.35%, Err 0 (0.0e+000)
470.245 ** WARNING: System too busy, sleep 15 ms, but be awakened 69 ms later
471.823 .... 1434 packets received, 6240 bps, 78.00%, Err 0 (0.0e+000)
473.470 ** WARNING: System too busy, sleep 15 ms, but be awakened 77 ms later
474.609 .... 1441 packets received, 6233 bps, 77.92%, Err 0 (0.0e+000)
476.871 .... 1450 packets received, 6242 bps, 78.03%, Err 0 (0.0e+000)
478.999 .... 1458 packets received, 6249 bps, 78.11%, Err 0 (0.0e+000)
481.107 .... 1466 packets received, 6256 bps, 78.20%, Err 0 (0.0e+000)
483.224 .... 1474 packets received, 6262 bps, 78.28%, Err 0 (0.0e+000)
485.326 .... 1482 packets received, 6269 bps, 78.36%, Err 0 (0.0e+000)
487.436 .... 1490 packets received, 6275 bps, 78.44%, Err 0 (0.0e+000)
489.542 .... 1498 packets received, 6282 bps, 78.52%, Err 0 (0.0e+000)
491.661 .... 1506 packets received, 6288 bps, 78.60%, Err 0 (0.0e+000)
493.771 .... 1514 packets received, 6294 bps, 78.68%, Err 0 (0.0e+000)
495.885 .... 1522 packets received, 6301 bps, 78.76%, Err 0 (0.0e+000)
497.986 .... 1530 packets received, 6307 bps, 78.84%, Err 0 (0.0e+000)
500.098 .... 1538 packets received, 6313 bps, 78.91%, Err 0 (0.0e+000)
502.211 .... 1546 packets received, 6319 bps, 78.99%, Err 0 (0.0e+000)
504.329 .... 1554 packets received, 6325 bps, 79.06%, Err 0 (0.0e+000)
506.447 .... 1562 packets received, 6331 bps, 79.14%, Err 0 (0.0e+000)
508.554 .... 1570 packets received, 6337 bps, 79.21%, Err 0 (0.0e+000)
510.660 .... 1578 packets received, 6343 bps, 79.29%, Err 0 (0.0e+000)
512.786 .... 1586 packets received, 6349 bps, 79.36%, Err 0 (0.0e+000)
514.899 .... 1594 packets received, 6354 bps, 79.43%, Err 0 (0.0e+000)
517.012 .... 1602 packets received, 6360 bps, 79.50%, Err 0 (0.0e+000)
519.121 .... 1610 packets received, 6366 bps, 79.57%, Err 0 (0.0e+000)
521.232 .... 1618 packets received, 6372 bps, 79.64%, Err 0 (0.0e+000)
523.322 .... 1626 packets received, 6377 bps, 79.72%, Err 0 (0.0e+000)
525.467 .... 1634 packets received, 6383 bps, 79.78%, Err 0 (0.0e+000)
527.546 .... 1642 packets received, 6389 bps, 79.86%, Err 0 (0.0e+000)
529.683 .... 1650 packets received, 6394 bps, 79.92%, Err 0 (0.0e+000)
531.785 .... 1658 packets received, 6399 bps, 79.99%, Err 0 (0.0e+000)
533.890 .... 1666 packets received, 6405 bps, 80.06%, Err 0 (0.0e+000)
536.013 .... 1674 packets received, 6410 bps, 80.12%, Err 0 (0.0e+000)
