000.000 =============================================================
000.000                     Station B                               
000.000 -------------------------------------------------------------
000.000 Protocol.lib, version 4.0, jiangyanjun0718@bupt.edu.cn
000.000 Channel: 8000 bps, 270 ms propagation delay, bit error rate 0
000.000 Log file "./datalink-B.log", TCP port 59144, debug mask 0x00
000.000 Station B is connecting station A (TCP port 59144) ... Failed!
000.000 Station B is connecting station A (TCP port 59144) ... Failed!
000.000 Station B is connecting station A (TCP port 59144) ... Failed!
000.000 Station B is connecting station A (TCP port 59144) ... Failed!
000.000 Station B is connecting station A (TCP port 59144) ... Failed!
000.000 Station B is connecting station A (TCP port 59144) ... Done.
000.682 New epoch: Tue Apr 16 21:39:59 2019
000.682 =================================================================
000.682 
000.682 Coded by zdf, Build Time: Apr 16 2019  21:39:12
003.082 .... 8 packets received, 7761 bps, 97.02%, Err 0 (0.0e+00)
005.190 .... 16 packets received, 7767 bps, 97.08%, Err 0 (0.0e+00)
007.302 .... 24 packets received, 7764 bps, 97.05%, Err 0 (0.0e+00)
009.417 .... 32 packets received, 7759 bps, 96.99%, Err 0 (0.0e+00)
011.536 .... 40 packets received, 7754 bps, 96.92%, Err 0 (0.0e+00)
013.652 .... 48 packets received, 7752 bps, 96.90%, Err 0 (0.0e+00)
015.753 .... 56 packets received, 7759 bps, 96.98%, Err 0 (0.0e+00)
017.860 .... 64 packets received, 7761 bps, 97.01%, Err 0 (0.0e+00)
018.611 ** WARNING: System too busy, sleep 15 ms, but be awakened 103 ms later
020.004 .... 72 packets received, 7747 bps, 96.84%, Err 0 (0.0e+00)
022.110 .... 80 packets received, 7751 bps, 96.88%, Err 0 (0.0e+00)
024.236 .... 88 packets received, 7747 bps, 96.83%, Err 0 (0.0e+00)
026.352 .... 96 packets received, 7747 bps, 96.83%, Err 0 (0.0e+00)
028.450 .... 104 packets received, 7751 bps, 96.89%, Err 0 (0.0e+00)
030.557 .... 112 packets received, 7753 bps, 96.91%, Err 0 (0.0e+00)
032.691 .... 120 packets received, 7748 bps, 96.85%, Err 0 (0.0e+00)
034.833 .... 128 packets received, 7742 bps, 96.77%, Err 0 (0.0e+00)
034.968 ** WARNING: System too busy, sleep 15 ms, but be awakened 75 ms later
036.946 .... 136 packets received, 7742 bps, 96.78%, Err 0 (0.0e+00)
039.030 .... 144 packets received, 7749 bps, 96.86%, Err 0 (0.0e+00)
041.156 .... 152 packets received, 7747 bps, 96.83%, Err 0 (0.0e+00)
043.285 .... 160 packets received, 7744 bps, 96.80%, Err 0 (0.0e+00)
045.388 .... 168 packets received, 7746 bps, 96.83%, Err 0 (0.0e+00)
047.493 .... 176 packets received, 7748 bps, 96.85%, Err 0 (0.0e+00)
049.617 .... 184 packets received, 7746 bps, 96.83%, Err 0 (0.0e+00)
051.734 .... 192 packets received, 7746 bps, 96.83%, Err 0 (0.0e+00)
053.860 .... 200 packets received, 7745 bps, 96.81%, Err 0 (0.0e+00)
056.016 .... 208 packets received, 7739 bps, 96.74%, Err 0 (0.0e+00)
058.150 .... 216 packets received, 7737 bps, 96.71%, Err 0 (0.0e+00)
060.300 .... 224 packets received, 7732 bps, 96.65%, Err 0 (0.0e+00)
062.409 .... 232 packets received, 7734 bps, 96.67%, Err 0 (0.0e+00)
063.179 ** WARNING: System too busy, sleep 15 ms, but be awakened 111 ms later
064.536 .... 240 packets received, 7733 bps, 96.66%, Err 0 (0.0e+00)
065.742 ** WARNING: System too busy, sleep 15 ms, but be awakened 125 ms later
066.627 .... 248 packets received, 7736 bps, 96.70%, Err 0 (0.0e+00)
068.754 .... 256 packets received, 7735 bps, 96.69%, Err 0 (0.0e+00)
071.176 ** WARNING: System too busy, sleep 15 ms, but be awakened 373 ms later
071.236 .... 264 packets received, 7695 bps, 96.18%, Err 0 (0.0e+00)
073.494 .... 272 packets received, 7681 bps, 96.01%, Err 0 (0.0e+00)
074.378 ** WARNING: System too busy, sleep 15 ms, but be awakened 97 ms later
075.658 .... 280 packets received, 7678 bps, 95.97%, Err 0 (0.0e+00)
077.030 ** WARNING: System too busy, sleep 15 ms, but be awakened 80 ms later
077.781 .... 288 packets received, 7679 bps, 95.99%, Err 0 (0.0e+00)
079.904 .... 296 packets received, 7680 bps, 96.00%, Err 0 (0.0e+00)
082.003 .... 304 packets received, 7683 bps, 96.04%, Err 0 (0.0e+00)
084.110 .... 312 packets received, 7686 bps, 96.07%, Err 0 (0.0e+00)
086.228 .... 320 packets received, 7687 bps, 96.09%, Err 0 (0.0e+00)
088.358 .... 328 packets received, 7687 bps, 96.09%, Err 0 (0.0e+00)
090.446 .... 336 packets received, 7691 bps, 96.13%, Err 0 (0.0e+00)
092.555 .... 344 packets received, 7693 bps, 96.16%, Err 0 (0.0e+00)
094.678 .... 352 packets received, 7693 bps, 96.16%, Err 0 (0.0e+00)
096.790 .... 360 packets received, 7695 bps, 96.18%, Err 0 (0.0e+00)
098.920 .... 368 packets received, 7694 bps, 96.18%, Err 0 (0.0e+00)
101.019 .... 376 packets received, 7697 bps, 96.21%, Err 0 (0.0e+00)
103.124 .... 384 packets received, 7699 bps, 96.23%, Err 0 (0.0e+00)
105.258 .... 392 packets received, 7698 bps, 96.23%, Err 0 (0.0e+00)
107.369 .... 400 packets received, 7699 bps, 96.24%, Err 0 (0.0e+00)
109.479 .... 408 packets received, 7701 bps, 96.26%, Err 0 (0.0e+00)
111.588 .... 416 packets received, 7702 bps, 96.27%, Err 0 (0.0e+00)
113.690 .... 424 packets received, 7704 bps, 96.30%, Err 0 (0.0e+00)
115.817 .... 432 packets received, 7704 bps, 96.30%, Err 0 (0.0e+00)
117.953 .... 440 packets received, 7703 bps, 96.29%, Err 0 (0.0e+00)
120.036 .... 448 packets received, 7706 bps, 96.32%, Err 0 (0.0e+00)
122.146 .... 456 packets received, 7707 bps, 96.34%, Err 0 (0.0e+00)
124.265 .... 464 packets received, 7707 bps, 96.34%, Err 0 (0.0e+00)
126.363 .... 472 packets received, 7709 bps, 96.36%, Err 0 (0.0e+00)
127.970 ** WARNING: System too busy, sleep 15 ms, but be awakened 67 ms later
128.477 .... 480 packets received, 7710 bps, 96.37%, Err 0 (0.0e+00)
129.345 ** WARNING: System too busy, sleep 15 ms, but be awakened 69 ms later
130.604 .... 488 packets received, 7710 bps, 96.37%, Err 0 (0.0e+00)
132.730 .... 496 packets received, 7710 bps, 96.37%, Err 0 (0.0e+00)
134.840 .... 504 packets received, 7710 bps, 96.38%, Err 0 (0.0e+00)
136.949 .... 512 packets received, 7711 bps, 96.39%, Err 0 (0.0e+00)
139.066 .... 520 packets received, 7712 bps, 96.40%, Err 0 (0.0e+00)
141.169 .... 528 packets received, 7713 bps, 96.41%, Err 0 (0.0e+00)
143.281 .... 536 packets received, 7714 bps, 96.42%, Err 0 (0.0e+00)
145.416 .... 544 packets received, 7713 bps, 96.41%, Err 0 (0.0e+00)
147.510 .... 552 packets received, 7715 bps, 96.43%, Err 0 (0.0e+00)
149.639 .... 560 packets received, 7714 bps, 96.43%, Err 0 (0.0e+00)
149.897 ** WARNING: System too busy, sleep 15 ms, but be awakened 67 ms later
151.742 .... 568 packets received, 7715 bps, 96.44%, Err 0 (0.0e+00)
153.908 .... 576 packets received, 7713 bps, 96.42%, Err 0 (0.0e+00)
155.975 .... 584 packets received, 7716 bps, 96.45%, Err 0 (0.0e+00)
158.082 .... 592 packets received, 7717 bps, 96.46%, Err 0 (0.0e+00)
160.198 .... 600 packets received, 7717 bps, 96.47%, Err 0 (0.0e+00)
162.285 .... 608 packets received, 7719 bps, 96.49%, Err 0 (0.0e+00)
162.866 ** WARNING: System too busy, sleep 15 ms, but be awakened 76 ms later
164.289 .... 615 packets received, 7712 bps, 96.40%, Err 0 (0.0e+00)
166.526 .... 624 packets received, 7719 bps, 96.49%, Err 0 (0.0e+00)
168.661 .... 632 packets received, 7719 bps, 96.48%, Err 0 (0.0e+00)
170.775 .... 640 packets received, 7719 bps, 96.49%, Err 0 (0.0e+00)
172.922 .... 648 packets received, 7718 bps, 96.47%, Err 0 (0.0e+00)
173.378 ** WARNING: System too busy, sleep 15 ms, but be awakened 92 ms later
175.086 .... 656 packets received, 7716 bps, 96.45%, Err 0 (0.0e+00)
177.145 .... 664 packets received, 7719 bps, 96.49%, Err 0 (0.0e+00)
179.235 .... 672 packets received, 7720 bps, 96.50%, Err 0 (0.0e+00)
181.359 .... 680 packets received, 7720 bps, 96.50%, Err 0 (0.0e+00)
183.487 .... 688 packets received, 7720 bps, 96.50%, Err 0 (0.0e+00)
185.583 .... 696 packets received, 7721 bps, 96.51%, Err 0 (0.0e+00)
187.704 .... 704 packets received, 7721 bps, 96.51%, Err 0 (0.0e+00)
189.815 .... 712 packets received, 7722 bps, 96.52%, Err 0 (0.0e+00)
191.985 .... 720 packets received, 7720 bps, 96.50%, Err 0 (0.0e+00)
194.066 .... 728 packets received, 7721 bps, 96.52%, Err 0 (0.0e+00)
196.153 .... 736 packets received, 7723 bps, 96.53%, Err 0 (0.0e+00)
198.273 .... 744 packets received, 7723 bps, 96.53%, Err 0 (0.0e+00)
200.387 .... 752 packets received, 7723 bps, 96.54%, Err 0 (0.0e+00)
202.478 .... 760 packets received, 7724 bps, 96.55%, Err 0 (0.0e+00)
204.600 .... 768 packets received, 7724 bps, 96.55%, Err 0 (0.0e+00)
206.704 .... 776 packets received, 7725 bps, 96.56%, Err 0 (0.0e+00)
208.821 .... 784 packets received, 7725 bps, 96.56%, Err 0 (0.0e+00)
210.926 .... 792 packets received, 7726 bps, 96.57%, Err 0 (0.0e+00)
213.096 .... 800 packets received, 7724 bps, 96.55%, Err 0 (0.0e+00)
215.161 .... 808 packets received, 7726 bps, 96.57%, Err 0 (0.0e+00)
217.268 .... 816 packets received, 7726 bps, 96.58%, Err 0 (0.0e+00)
219.392 .... 824 packets received, 7726 bps, 96.58%, Err 0 (0.0e+00)
221.582 .... 832 packets received, 7724 bps, 96.55%, Err 0 (0.0e+00)
223.608 .... 840 packets received, 7727 bps, 96.59%, Err 0 (0.0e+00)
225.738 .... 848 packets received, 7727 bps, 96.58%, Err 0 (0.0e+00)
227.880 .... 856 packets received, 7726 bps, 96.57%, Err 0 (0.0e+00)
229.958 .... 864 packets received, 7727 bps, 96.59%, Err 0 (0.0e+00)
232.096 .... 872 packets received, 7727 bps, 96.58%, Err 0 (0.0e+00)
233.959 ** WARNING: System too busy, sleep 15 ms, but be awakened 126 ms later
234.239 .... 880 packets received, 7726 bps, 96.58%, Err 0 (0.0e+00)
236.284 .... 888 packets received, 7729 bps, 96.61%, Err 0 (0.0e+00)
238.054 ** WARNING: System too busy, sleep 15 ms, but be awakened 98 ms later
238.408 .... 896 packets received, 7728 bps, 96.60%, Err 0 (0.0e+00)
240.518 .... 904 packets received, 7729 bps, 96.61%, Err 0 (0.0e+00)
242.668 .... 912 packets received, 7728 bps, 96.60%, Err 0 (0.0e+00)
244.761 .... 920 packets received, 7729 bps, 96.61%, Err 0 (0.0e+00)
246.924 .... 928 packets received, 7727 bps, 96.59%, Err 0 (0.0e+00)
249.017 .... 936 packets received, 7728 bps, 96.60%, Err 0 (0.0e+00)
251.125 .... 944 packets received, 7728 bps, 96.61%, Err 0 (0.0e+00)
253.235 .... 952 packets received, 7729 bps, 96.61%, Err 0 (0.0e+00)
255.341 .... 960 packets received, 7729 bps, 96.62%, Err 0 (0.0e+00)
257.456 .... 968 packets received, 7729 bps, 96.62%, Err 0 (0.0e+00)
259.598 .... 976 packets received, 7729 bps, 96.61%, Err 0 (0.0e+00)
261.749 .... 984 packets received, 7728 bps, 96.60%, Err 0 (0.0e+00)
263.697 ** WARNING: System too busy, sleep 15 ms, but be awakened 134 ms later
263.964 .... 992 packets received, 7725 bps, 96.56%, Err 0 (0.0e+00)
265.136 ** WARNING: System too busy, sleep 15 ms, but be awakened 145 ms later
266.061 .... 998 packets received, 7710 bps, 96.38%, Err 0 (0.0e+00)
268.314 .... 1009 packets received, 7730 bps, 96.62%, Err 0 (0.0e+00)
270.458 .... 1017 packets received, 7729 bps, 96.61%, Err 0 (0.0e+00)
270.610 ** WARNING: System too busy, sleep 15 ms, but be awakened 88 ms later
272.548 .... 1025 packets received, 7730 bps, 96.62%, Err 0 (0.0e+00)
272.669 ** WARNING: System too busy, sleep 15 ms, but be awakened 71 ms later
274.540 ** WARNING: System too busy, sleep 15 ms, but be awakened 260 ms later
274.893 .... 1028 packets received, 7686 bps, 96.07%, Err 0 (0.0e+00)
277.344 .... 1035 packets received, 7670 bps, 95.87%, Err 0 (0.0e+00)
279.511 ** WARNING: System too busy, sleep 15 ms, but be awakened 156 ms later
279.939 .... 1045 packets received, 7672 bps, 95.90%, Err 0 (0.0e+00)
281.728 ** WARNING: System too busy, sleep 15 ms, but be awakened 96 ms later
282.165 .... 1053 packets received, 7669 bps, 95.87%, Err 0 (0.0e+00)
283.891 ** WARNING: System too busy, sleep 15 ms, but be awakened 74 ms later
284.221 .... 1061 packets received, 7671 bps, 95.89%, Err 0 (0.0e+00)
285.081 ** WARNING: System too busy, sleep 15 ms, but be awakened 66 ms later
286.358 .... 1069 packets received, 7671 bps, 95.89%, Err 0 (0.0e+00)
288.478 .... 1077 packets received, 7672 bps, 95.90%, Err 0 (0.0e+00)
289.900 ** WARNING: System too busy, sleep 15 ms, but be awakened 70 ms later
290.627 .... 1085 packets received, 7671 bps, 95.89%, Err 0 (0.0e+00)
291.940 ** WARNING: System too busy, sleep 15 ms, but be awakened 111 ms later
292.771 .... 1093 packets received, 7671 bps, 95.89%, Err 0 (0.0e+00)
293.060 ** WARNING: System too busy, sleep 15 ms, but be awakened 68 ms later
294.883 .... 1101 packets received, 7672 bps, 95.90%, Err 0 (0.0e+00)
296.325 ** WARNING: System too busy, sleep 15 ms, but be awakened 100 ms later
297.031 .... 1109 packets received, 7672 bps, 95.89%, Err 0 (0.0e+00)
299.112 .... 1117 packets received, 7673 bps, 95.91%, Err 0 (0.0e+00)
299.225 ** WARNING: System too busy, sleep 15 ms, but be awakened 80 ms later
301.220 .... 1125 packets received, 7674 bps, 95.92%, Err 0 (0.0e+00)
301.616 ** WARNING: System too busy, sleep 15 ms, but be awakened 69 ms later
303.175 ** WARNING: System too busy, sleep 15 ms, but be awakened 79 ms later
303.359 .... 1133 packets received, 7674 bps, 95.92%, Err 0 (0.0e+00)
305.516 .... 1141 packets received, 7673 bps, 95.91%, Err 0 (0.0e+00)
307.682 .... 1149 packets received, 7672 bps, 95.90%, Err 0 (0.0e+00)
308.925 ** WARNING: System too busy, sleep 15 ms, but be awakened 88 ms later
309.778 .... 1157 packets received, 7673 bps, 95.92%, Err 0 (0.0e+00)
310.899 ** WARNING: System too busy, sleep 15 ms, but be awakened 66 ms later
311.977 .... 1165 packets received, 7672 bps, 95.90%, Err 0 (0.0e+00)
314.046 .... 1173 packets received, 7673 bps, 95.92%, Err 0 (0.0e+00)
316.158 .... 1181 packets received, 7674 bps, 95.92%, Err 0 (0.0e+00)
318.291 .... 1189 packets received, 7674 bps, 95.92%, Err 0 (0.0e+00)
319.375 ** WARNING: System too busy, sleep 15 ms, but be awakened 71 ms later
320.538 .... 1194 packets received, 7652 bps, 95.65%, Err 0 (0.0e+00)
322.724 .... 1204 packets received, 7664 bps, 95.80%, Err 0 (0.0e+00)
324.859 .... 1212 packets received, 7664 bps, 95.80%, Err 0 (0.0e+00)
326.963 .... 1220 packets received, 7664 bps, 95.81%, Err 0 (0.0e+00)
329.070 .... 1228 packets received, 7665 bps, 95.81%, Err 0 (0.0e+00)
330.272 ** WARNING: System too busy, sleep 15 ms, but be awakened 100 ms later
331.175 .... 1236 packets received, 7666 bps, 95.82%, Err 0 (0.0e+00)
333.293 .... 1244 packets received, 7666 bps, 95.83%, Err 0 (0.0e+00)
335.399 .... 1252 packets received, 7667 bps, 95.84%, Err 0 (0.0e+00)
337.516 .... 1260 packets received, 7668 bps, 95.84%, Err 0 (0.0e+00)
339.632 .... 1268 packets received, 7668 bps, 95.85%, Err 0 (0.0e+00)
341.737 .... 1276 packets received, 7669 bps, 95.86%, Err 0 (0.0e+00)
343.878 .... 1284 packets received, 7669 bps, 95.86%, Err 0 (0.0e+00)
345.989 .... 1292 packets received, 7669 bps, 95.87%, Err 0 (0.0e+00)
346.919 ** WARNING: System too busy, sleep 15 ms, but be awakened 81 ms later
348.090 .... 1300 packets received, 7670 bps, 95.87%, Err 0 (0.0e+00)
350.204 .... 1308 packets received, 7670 bps, 95.88%, Err 0 (0.0e+00)
352.319 .... 1316 packets received, 7671 bps, 95.89%, Err 0 (0.0e+00)
354.402 .... 1324 packets received, 7672 bps, 95.90%, Err 0 (0.0e+00)
356.523 .... 1332 packets received, 7672 bps, 95.90%, Err 0 (0.0e+00)
358.649 .... 1340 packets received, 7673 bps, 95.91%, Err 0 (0.0e+00)
360.742 .... 1348 packets received, 7674 bps, 95.92%, Err 0 (0.0e+00)
362.903 .... 1356 packets received, 7673 bps, 95.91%, Err 0 (0.0e+00)
364.975 .... 1364 packets received, 7674 bps, 95.93%, Err 0 (0.0e+00)
367.096 .... 1372 packets received, 7675 bps, 95.93%, Err 0 (0.0e+00)
369.217 .... 1380 packets received, 7675 bps, 95.94%, Err 0 (0.0e+00)
371.316 .... 1388 packets received, 7676 bps, 95.95%, Err 0 (0.0e+00)
373.447 .... 1396 packets received, 7676 bps, 95.95%, Err 0 (0.0e+00)
375.544 .... 1404 packets received, 7676 bps, 95.96%, Err 0 (0.0e+00)
377.650 .... 1412 packets received, 7677 bps, 95.96%, Err 0 (0.0e+00)
379.769 .... 1420 packets received, 7677 bps, 95.97%, Err 0 (0.0e+00)
381.933 .... 1428 packets received, 7677 bps, 95.96%, Err 0 (0.0e+00)
384.016 .... 1436 packets received, 7678 bps, 95.97%, Err 0 (0.0e+00)
386.105 .... 1444 packets received, 7679 bps, 95.98%, Err 0 (0.0e+00)
388.221 .... 1452 packets received, 7679 bps, 95.99%, Err 0 (0.0e+00)
390.336 .... 1460 packets received, 7679 bps, 95.99%, Err 0 (0.0e+00)
392.439 .... 1468 packets received, 7680 bps, 96.00%, Err 0 (0.0e+00)
394.557 .... 1476 packets received, 7680 bps, 96.00%, Err 0 (0.0e+00)
396.681 .... 1484 packets received, 7680 bps, 96.01%, Err 0 (0.0e+00)
398.774 .... 1492 packets received, 7681 bps, 96.02%, Err 0 (0.0e+00)
400.967 ** WARNING: System too busy, sleep 15 ms, but be awakened 83 ms later
400.999 .... 1500 packets received, 7679 bps, 95.99%, Err 0 (0.0e+00)
403.002 .... 1508 packets received, 7682 bps, 96.02%, Err 0 (0.0e+00)
405.125 .... 1516 packets received, 7682 bps, 96.03%, Err 0 (0.0e+00)
407.269 .... 1524 packets received, 7682 bps, 96.02%, Err 0 (0.0e+00)
409.357 .... 1532 packets received, 7683 bps, 96.03%, Err 0 (0.0e+00)
411.460 .... 1540 packets received, 7683 bps, 96.04%, Err 0 (0.0e+00)
411.959 ** WARNING: System too busy, sleep 15 ms, but be awakened 68 ms later
413.069 ** WARNING: System too busy, sleep 15 ms, but be awakened 88 ms later
413.634 .... 1548 packets received, 7683 bps, 96.03%, Err 0 (0.0e+00)
415.723 .... 1556 packets received, 7683 bps, 96.04%, Err 0 (0.0e+00)
416.930 ** WARNING: System too busy, sleep 15 ms, but be awakened 96 ms later
417.959 .... 1564 packets received, 7681 bps, 96.02%, Err 0 (0.0e+00)
420.029 .... 1572 packets received, 7683 bps, 96.03%, Err 0 (0.0e+00)
422.178 .... 1580 packets received, 7682 bps, 96.03%, Err 0 (0.0e+00)
424.270 .... 1588 packets received, 7683 bps, 96.04%, Err 0 (0.0e+00)
426.413 .... 1596 packets received, 7683 bps, 96.04%, Err 0 (0.0e+00)
428.508 .... 1604 packets received, 7684 bps, 96.04%, Err 0 (0.0e+00)
430.624 .... 1612 packets received, 7684 bps, 96.05%, Err 0 (0.0e+00)
432.739 .... 1620 packets received, 7684 bps, 96.05%, Err 0 (0.0e+00)
434.887 .... 1628 packets received, 7684 bps, 96.05%, Err 0 (0.0e+00)
436.962 .... 1636 packets received, 7685 bps, 96.06%, Err 0 (0.0e+00)
439.096 .... 1644 packets received, 7685 bps, 96.06%, Err 0 (0.0e+00)
441.189 .... 1652 packets received, 7686 bps, 96.07%, Err 0 (0.0e+00)
443.303 .... 1660 packets received, 7686 bps, 96.07%, Err 0 (0.0e+00)
445.383 .... 1668 packets received, 7687 bps, 96.08%, Err 0 (0.0e+00)
447.518 .... 1676 packets received, 7687 bps, 96.08%, Err 0 (0.0e+00)
449.633 .... 1684 packets received, 7687 bps, 96.09%, Err 0 (0.0e+00)
451.739 .... 1692 packets received, 7687 bps, 96.09%, Err 0 (0.0e+00)
453.860 .... 1700 packets received, 7688 bps, 96.09%, Err 0 (0.0e+00)
455.959 .... 1708 packets received, 7688 bps, 96.10%, Err 0 (0.0e+00)
458.071 .... 1716 packets received, 7688 bps, 96.11%, Err 0 (0.0e+00)
460.193 .... 1724 packets received, 7689 bps, 96.11%, Err 0 (0.0e+00)
462.297 .... 1732 packets received, 7689 bps, 96.11%, Err 0 (0.0e+00)
464.431 .... 1740 packets received, 7689 bps, 96.11%, Err 0 (0.0e+00)
466.548 .... 1748 packets received, 7689 bps, 96.11%, Err 0 (0.0e+00)
468.655 .... 1756 packets received, 7690 bps, 96.12%, Err 0 (0.0e+00)
470.786 .... 1764 packets received, 7690 bps, 96.12%, Err 0 (0.0e+00)
472.887 .... 1772 packets received, 7690 bps, 96.13%, Err 0 (0.0e+00)
475.000 .... 1780 packets received, 7690 bps, 96.13%, Err 0 (0.0e+00)
477.102 .... 1788 packets received, 7691 bps, 96.13%, Err 0 (0.0e+00)
479.235 .... 1796 packets received, 7691 bps, 96.13%, Err 0 (0.0e+00)
481.343 .... 1804 packets received, 7691 bps, 96.14%, Err 0 (0.0e+00)
483.439 .... 1812 packets received, 7692 bps, 96.15%, Err 0 (0.0e+00)
485.548 .... 1820 packets received, 7692 bps, 96.15%, Err 0 (0.0e+00)
487.657 .... 1828 packets received, 7692 bps, 96.15%, Err 0 (0.0e+00)
489.779 .... 1836 packets received, 7692 bps, 96.16%, Err 0 (0.0e+00)
491.898 .... 1844 packets received, 7693 bps, 96.16%, Err 0 (0.0e+00)
494.009 .... 1852 packets received, 7693 bps, 96.16%, Err 0 (0.0e+00)
496.105 .... 1860 packets received, 7693 bps, 96.17%, Err 0 (0.0e+00)
496.901 ** WARNING: System too busy, sleep 15 ms, but be awakened 69 ms later
498.258 .... 1868 packets received, 7693 bps, 96.16%, Err 0 (0.0e+00)
500.371 .... 1876 packets received, 7693 bps, 96.17%, Err 0 (0.0e+00)
502.470 .... 1884 packets received, 7694 bps, 96.17%, Err 0 (0.0e+00)
504.604 .... 1892 packets received, 7694 bps, 96.17%, Err 0 (0.0e+00)
506.709 .... 1900 packets received, 7694 bps, 96.18%, Err 0 (0.0e+00)
508.813 .... 1908 packets received, 7694 bps, 96.18%, Err 0 (0.0e+00)
510.936 .... 1916 packets received, 7695 bps, 96.18%, Err 0 (0.0e+00)
513.053 .... 1924 packets received, 7695 bps, 96.18%, Err 0 (0.0e+00)
515.155 .... 1932 packets received, 7695 bps, 96.19%, Err 0 (0.0e+00)
517.269 .... 1940 packets received, 7695 bps, 96.19%, Err 0 (0.0e+00)
519.376 .... 1948 packets received, 7696 bps, 96.20%, Err 0 (0.0e+00)
521.477 .... 1956 packets received, 7696 bps, 96.20%, Err 0 (0.0e+00)
523.597 .... 1964 packets received, 7696 bps, 96.20%, Err 0 (0.0e+00)
525.708 .... 1972 packets received, 7697 bps, 96.21%, Err 0 (0.0e+00)
527.831 .... 1980 packets received, 7697 bps, 96.21%, Err 0 (0.0e+00)
529.974 .... 1988 packets received, 7696 bps, 96.21%, Err 0 (0.0e+00)
532.070 .... 1996 packets received, 7697 bps, 96.21%, Err 0 (0.0e+00)
534.158 .... 2004 packets received, 7697 bps, 96.22%, Err 0 (0.0e+00)
536.288 .... 2012 packets received, 7697 bps, 96.22%, Err 0 (0.0e+00)
538.409 .... 2020 packets received, 7698 bps, 96.22%, Err 0 (0.0e+00)
540.495 .... 2028 packets received, 7698 bps, 96.23%, Err 0 (0.0e+00)
542.629 .... 2036 packets received, 7698 bps, 96.23%, Err 0 (0.0e+00)
544.717 .... 2044 packets received, 7699 bps, 96.23%, Err 0 (0.0e+00)
546.858 .... 2052 packets received, 7698 bps, 96.23%, Err 0 (0.0e+00)
548.969 .... 2060 packets received, 7699 bps, 96.23%, Err 0 (0.0e+00)
551.069 .... 2068 packets received, 7699 bps, 96.24%, Err 0 (0.0e+00)
553.152 .... 2076 packets received, 7700 bps, 96.25%, Err 0 (0.0e+00)
555.298 .... 2084 packets received, 7699 bps, 96.24%, Err 0 (0.0e+00)
557.402 .... 2092 packets received, 7700 bps, 96.25%, Err 0 (0.0e+00)
559.526 .... 2100 packets received, 7700 bps, 96.25%, Err 0 (0.0e+00)
561.633 .... 2108 packets received, 7700 bps, 96.25%, Err 0 (0.0e+00)
563.744 .... 2116 packets received, 7700 bps, 96.25%, Err 0 (0.0e+00)
565.867 .... 2124 packets received, 7700 bps, 96.26%, Err 0 (0.0e+00)
567.959 .... 2132 packets received, 7701 bps, 96.26%, Err 0 (0.0e+00)
570.074 .... 2140 packets received, 7701 bps, 96.26%, Err 0 (0.0e+00)
571.899 ** WARNING: System too busy, sleep 15 ms, but be awakened 66 ms later
572.181 .... 2148 packets received, 7701 bps, 96.27%, Err 0 (0.0e+00)
574.281 .... 2156 packets received, 7702 bps, 96.27%, Err 0 (0.0e+00)
576.439 .... 2164 packets received, 7701 bps, 96.27%, Err 0 (0.0e+00)
577.924 ** WARNING: System too busy, sleep 15 ms, but be awakened 70 ms later
578.534 .... 2172 packets received, 7702 bps, 96.27%, Err 0 (0.0e+00)
580.631 .... 2180 packets received, 7702 bps, 96.28%, Err 0 (0.0e+00)
580.900 ** WARNING: System too busy, sleep 15 ms, but be awakened 70 ms later
582.751 .... 2188 packets received, 7702 bps, 96.28%, Err 0 (0.0e+00)
584.886 .... 2196 packets received, 7702 bps, 96.28%, Err 0 (0.0e+00)
586.979 .... 2204 packets received, 7703 bps, 96.28%, Err 0 (0.0e+00)
589.101 .... 2212 packets received, 7703 bps, 96.28%, Err 0 (0.0e+00)
591.202 .... 2220 packets received, 7703 bps, 96.29%, Err 0 (0.0e+00)
593.317 .... 2228 packets received, 7703 bps, 96.29%, Err 0 (0.0e+00)
595.432 .... 2236 packets received, 7703 bps, 96.29%, Err 0 (0.0e+00)
597.523 .... 2244 packets received, 7704 bps, 96.30%, Err 0 (0.0e+00)
599.657 .... 2252 packets received, 7704 bps, 96.30%, Err 0 (0.0e+00)
600.021 Quit.
