000.000 =============================================================
000.000                     Station A                               
000.000 -------------------------------------------------------------
000.000 Protocol.lib, version 4.0, jiangyanjun0718@bupt.edu.cn
000.000 Channel: 8000 bps, 270 ms propagation delay, bit error rate 0
000.000 Log file "./datalink-A.log", TCP port 10086, debug mask 0x07
000.000 Station A is waiting for station B on TCP port 10086 ... Done.
000.263 New epoch: Wed Apr 17 10:47:21 2019
000.263 =================================================================
000.263 
000.263 Coded by zdf, Build Time: Apr 16 2019  21:39:12
000.263 Send DATA 0 15, ID 10000
000.519 Send DATA 1 15, ID 10001
000.774 Send DATA 2 15, ID 10002
000.822 Recv DATA 0 15, ID 20000
001.045 Send DATA 3 0, ID 10003
001.093 Recv DATA 1 15, ID 20001
001.301 Send DATA 4 1, ID 10004
001.348 Recv DATA 2 15, ID 20002
001.573 Send DATA 5 2, ID 10005
001.620 Recv DATA 3 0, ID 20003
001.826 Send DATA 6 3, ID 10006
001.858 Recv DATA 4 1, ID 20004
002.098 Send DATA 7 4, ID 10007
002.129 Recv DATA 5 2, ID 20005
002.351 Send DATA 8 5, ID 10008
002.383 Recv DATA 6 3, ID 20006
002.620 Send DATA 9 6, ID 10009
002.652 Recv DATA 7 4, ID 20007
002.652 .... 8 packets received, 7794 bps, 97.43%, Err 0 (0.0e+00)
002.892 ---- ACK 128 timeout
002.892 Send ACK  7
002.892 Send DATA 10 7, ID 10010
002.924 Recv DATA 8 5, ID 20008
003.163 Send DATA 11 8, ID 10011
003.195 Recv DATA 9 6, ID 20009
003.417 Send DATA 12 9, ID 10012
003.449 Recv DATA 10 7, ID 20010
003.688 Send DATA 13 10, ID 10013
003.720 Recv DATA 11 8, ID 20011
003.943 Send DATA 14 11, ID 10014
003.990 Recv DATA 12 9, ID 20012
004.214 Send DATA 15 12, ID 10015
004.245 Recv DATA 13 10, ID 20013
004.484 Send DATA 0 13, ID 10016
004.516 Recv DATA 14 11, ID 20014
004.739 Send DATA 1 14, ID 10017
004.787 Recv DATA 15 12, ID 20015
004.787 .... 16 packets received, 7734 bps, 96.67%, Err 0 (0.0e+00)
005.011 Send DATA 2 15, ID 10018
005.042 Recv DATA 0 13, ID 20016
005.264 Send DATA 3 0, ID 10019
005.312 Recv DATA 1 14, ID 20017
005.536 Send DATA 4 1, ID 10020
005.567 Recv DATA 2 15, ID 20018
005.711 TCP disconnected.
