000.000 =============================================================
000.000                     Station A                               
000.000 -------------------------------------------------------------
000.000 Protocol.lib, version 4.0, jiangyanjun0718@bupt.edu.cn
000.000 Channel: 8000 bps, 270 ms propagation delay, bit error rate 1.0E-05
000.000 Log file "A.log", TCP port 30011, debug mask 0x00
000.000 Station A is waiting for station B on TCP port 30011 ... Done.
000.323 New epoch: Thu May 16 18:55:00 2019
000.323 =================================================================
000.323 
000.323 Designed by CJSoft, build: May 16 2019  17:18:52
003.427 .... 7 packets received, 6785 bps, 84.81%, Err 1 (5.2e-05)
005.542 .... 15 packets received, 7266 bps, 90.82%, Err 1 (2.8e-05)
007.670 .... 23 packets received, 7411 bps, 92.64%, Err 1 (1.9e-05)
009.788 .... 30 packets received, 7250 bps, 90.63%, Err 2 (2.9e-05)
011.922 .... 38 packets received, 7336 bps, 91.70%, Err 2 (2.3e-05)
014.041 .... 46 packets received, 7402 bps, 92.53%, Err 2 (1.9e-05)
016.160 .... 54 packets received, 7449 bps, 93.12%, Err 2 (1.7e-05)
018.278 .... 62 packets received, 7485 bps, 93.56%, Err 2 (1.5e-05)
020.407 .... 70 packets received, 7509 bps, 93.86%, Err 2 (1.3e-05)
022.525 .... 78 packets received, 7532 bps, 94.14%, Err 2 (1.2e-05)
024.625 .... 86 packets received, 7556 bps, 94.44%, Err 2 (1.1e-05)
026.756 .... 94 packets received, 7567 bps, 94.58%, Err 2 (9.7e-06)
028.873 .... 102 packets received, 7580 bps, 94.75%, Err 2 (9.0e-06)
031.005 .... 110 packets received, 7587 bps, 94.84%, Err 2 (8.3e-06)
033.136 .... 118 packets received, 7594 bps, 94.93%, Err 2 (7.8e-06)
035.237 .... 126 packets received, 7607 bps, 95.09%, Err 2 (7.3e-06)
037.383 .... 134 packets received, 7609 bps, 95.11%, Err 2 (6.9e-06)
039.503 .... 142 packets received, 7615 bps, 95.19%, Err 3 (9.7e-06)
041.622 .... 150 packets received, 7621 bps, 95.27%, Err 3 (9.2e-06)
043.739 .... 158 packets received, 7627 bps, 95.34%, Err 3 (8.8e-06)
045.856 .... 166 packets received, 7633 bps, 95.41%, Err 4 (1.1e-05)
047.988 .... 174 packets received, 7635 bps, 95.44%, Err 4 (1.1e-05)
050.091 .... 182 packets received, 7642 bps, 95.52%, Err 4 (1.0e-05)
052.209 .... 190 packets received, 7646 bps, 95.57%, Err 4 (9.8e-06)
054.327 .... 198 packets received, 7649 bps, 95.61%, Err 4 (9.4e-06)
056.444 .... 206 packets received, 7653 bps, 95.66%, Err 4 (9.0e-06)
058.575 .... 214 packets received, 7654 bps, 95.67%, Err 4 (8.7e-06)
060.706 .... 222 packets received, 7655 bps, 95.69%, Err 4 (8.4e-06)
062.808 .... 230 packets received, 7660 bps, 95.75%, Err 4 (8.1e-06)
064.941 .... 238 packets received, 7661 bps, 95.76%, Err 4 (7.8e-06)
067.057 .... 246 packets received, 7663 bps, 95.79%, Err 4 (7.6e-06)
069.173 .... 254 packets received, 7666 bps, 95.82%, Err 4 (7.3e-06)
071.303 .... 262 packets received, 7667 bps, 95.83%, Err 4 (7.1e-06)
073.437 .... 270 packets received, 7667 bps, 95.84%, Err 4 (6.9e-06)
075.552 .... 278 packets received, 7669 bps, 95.86%, Err 4 (6.7e-06)
077.669 .... 286 packets received, 7671 bps, 95.89%, Err 4 (6.5e-06)
079.801 .... 294 packets received, 7671 bps, 95.89%, Err 4 (6.3e-06)
081.918 .... 302 packets received, 7673 bps, 95.92%, Err 4 (6.2e-06)
084.036 .... 309 packets received, 7650 bps, 95.63%, Err 5 (7.5e-06)
086.156 .... 317 packets received, 7652 bps, 95.65%, Err 6 (8.8e-06)
088.795 .... 323 packets received, 7562 bps, 94.52%, Err 7 (1.0e-05)
090.927 .... 334 packets received, 7633 bps, 95.41%, Err 7 (9.7e-06)
093.061 .... 342 packets received, 7634 bps, 95.43%, Err 7 (9.5e-06)
095.179 .... 350 packets received, 7636 bps, 95.46%, Err 7 (9.3e-06)
097.295 .... 358 packets received, 7639 bps, 95.49%, Err 7 (9.1e-06)
099.411 .... 366 packets received, 7641 bps, 95.51%, Err 7 (8.9e-06)
104.478 .... 371 packets received, 7365 bps, 92.06%, Err 7 (8.8e-06)
108.641 .... 372 packets received, 7098 bps, 88.73%, Err 7 (8.8e-06)
112.682 .... 373 packets received, 6859 bps, 85.74%, Err 7 (8.7e-06)
116.831 .... 374 packets received, 6631 bps, 82.88%, Err 7 (8.7e-06)
120.920 .... 375 packets received, 6421 bps, 80.26%, Err 7 (8.7e-06)
124.946 .... 376 packets received, 6229 bps, 77.86%, Err 7 (8.6e-06)
129.005 .... 377 packets received, 6047 bps, 75.58%, Err 7 (8.6e-06)
133.062 .... 378 packets received, 5876 bps, 73.45%, Err 8 (9.8e-06)
137.255 .... 379 packets received, 5710 bps, 71.37%, Err 8 (9.8e-06)
141.325 .... 380 packets received, 5558 bps, 69.48%, Err 8 (9.7e-06)
145.444 .... 381 packets received, 5414 bps, 67.67%, Err 8 (9.7e-06)
149.579 .... 382 packets received, 5277 bps, 65.96%, Err 8 (9.7e-06)
153.669 .... 383 packets received, 5148 bps, 64.35%, Err 8 (9.6e-06)
157.698 .... 384 packets received, 5029 bps, 62.86%, Err 8 (9.6e-06)
161.758 .... 385 packets received, 4914 bps, 61.43%, Err 8 (9.6e-06)
165.923 .... 386 packets received, 4802 bps, 60.03%, Err 8 (9.5e-06)
169.966 .... 387 packets received, 4699 bps, 58.74%, Err 8 (9.5e-06)
173.978 .... 388 packets received, 4602 bps, 57.53%, Err 8 (9.5e-06)
178.023 .... 389 packets received, 4508 bps, 56.35%, Err 8 (9.4e-06)
182.049 .... 390 packets received, 4419 bps, 55.24%, Err 8 (9.4e-06)
186.124 .... 391 packets received, 4333 bps, 54.16%, Err 8 (9.4e-06)
190.138 .... 392 packets received, 4252 bps, 53.15%, Err 8 (9.3e-06)
194.222 .... 393 packets received, 4172 bps, 52.15%, Err 8 (9.3e-06)
198.405 .... 394 packets received, 4094 bps, 51.18%, Err 8 (9.3e-06)
200.552 .... 395 packets received, 4060 bps, 50.75%, Err 8 (9.2e-06)
203.483 .... 402 packets received, 4072 bps, 50.90%, Err 9 (1.0e-05)
205.587 .... 413 packets received, 4141 bps, 51.76%, Err 9 (9.9e-06)
207.705 .... 421 packets received, 4178 bps, 52.22%, Err 9 (9.7e-06)
209.823 .... 429 packets received, 4214 bps, 52.67%, Err 10 (1.1e-05)
211.944 .... 436 packets received, 4239 bps, 52.99%, Err 10 (1.0e-05)
214.063 .... 444 packets received, 4274 bps, 53.43%, Err 10 (1.0e-05)
216.168 .... 452 packets received, 4308 bps, 53.86%, Err 10 (1.0e-05)
218.302 .... 460 packets received, 4342 bps, 54.27%, Err 10 (9.9e-06)
220.942 .... 466 packets received, 4345 bps, 54.32%, Err 11 (1.1e-05)
223.076 .... 477 packets received, 4405 bps, 55.06%, Err 11 (1.1e-05)
225.196 .... 485 packets received, 4437 bps, 55.46%, Err 11 (1.0e-05)
227.313 .... 493 packets received, 4468 bps, 55.84%, Err 11 (1.0e-05)
229.429 .... 501 packets received, 4498 bps, 56.22%, Err 11 (1.0e-05)
231.564 .... 509 packets received, 4527 bps, 56.59%, Err 11 (9.9e-06)
233.697 .... 517 packets received, 4556 bps, 56.95%, Err 11 (9.7e-06)
236.338 .... 523 packets received, 4557 bps, 56.97%, Err 12 (1.0e-05)
238.441 .... 534 packets received, 4612 bps, 57.65%, Err 12 (1.0e-05)
240.558 .... 542 packets received, 4640 bps, 58.00%, Err 12 (1.0e-05)
242.676 .... 550 packets received, 4667 bps, 58.34%, Err 12 (1.0e-05)
244.795 .... 558 packets received, 4694 bps, 58.67%, Err 12 (9.8e-06)
246.929 .... 566 packets received, 4719 bps, 58.99%, Err 13 (1.1e-05)
249.034 .... 573 packets received, 4737 bps, 59.22%, Err 13 (1.0e-05)
251.167 .... 581 packets received, 4762 bps, 59.53%, Err 13 (1.0e-05)
253.286 .... 589 packets received, 4787 bps, 59.84%, Err 13 (1.0e-05)
256.447 .... 596 packets received, 4784 bps, 59.80%, Err 14 (1.1e-05)
258.597 .... 608 packets received, 4840 bps, 60.50%, Err 14 (1.1e-05)
260.717 .... 616 packets received, 4863 bps, 60.79%, Err 14 (1.0e-05)
262.837 .... 624 packets received, 4887 bps, 61.08%, Err 14 (1.0e-05)
264.941 .... 632 packets received, 4910 bps, 61.37%, Err 14 (1.0e-05)
267.061 .... 639 packets received, 4925 bps, 61.56%, Err 15 (1.1e-05)
269.182 .... 647 packets received, 4947 bps, 61.83%, Err 15 (1.1e-05)
271.298 .... 655 packets received, 4969 bps, 62.11%, Err 15 (1.0e-05)
273.413 .... 663 packets received, 4990 bps, 62.38%, Err 15 (1.0e-05)
275.543 .... 671 packets received, 5011 bps, 62.64%, Err 15 (1.0e-05)
277.692 .... 679 packets received, 5032 bps, 62.89%, Err 15 (1.0e-05)
279.795 .... 687 packets received, 5052 bps, 63.15%, Err 15 (1.0e-05)
281.897 .... 695 packets received, 5073 bps, 63.41%, Err 15 (9.9e-06)
284.015 .... 703 packets received, 5093 bps, 63.66%, Err 15 (9.8e-06)
286.163 .... 711 packets received, 5112 bps, 63.90%, Err 15 (9.7e-06)
288.266 .... 719 packets received, 5132 bps, 64.14%, Err 15 (9.6e-06)
290.398 .... 727 packets received, 5150 bps, 64.38%, Err 16 (1.0e-05)
292.518 .... 735 packets received, 5169 bps, 64.61%, Err 16 (1.0e-05)
294.635 .... 743 packets received, 5188 bps, 64.85%, Err 16 (9.9e-06)
296.767 .... 751 packets received, 5206 bps, 65.07%, Err 16 (9.8e-06)
299.157 .... 756 packets received, 5198 bps, 64.98%, Err 17 (1.0e-05)
304.631 .... 765 packets received, 5165 bps, 64.57%, Err 17 (1.0e-05)
308.730 .... 766 packets received, 5103 bps, 63.79%, Err 17 (1.0e-05)
312.770 .... 767 packets received, 5043 bps, 63.04%, Err 17 (1.0e-05)
316.871 .... 768 packets received, 4984 bps, 62.31%, Err 17 (1.0e-05)
320.988 .... 769 packets received, 4927 bps, 61.58%, Err 17 (1.0e-05)
325.109 .... 770 packets received, 4870 bps, 60.88%, Err 17 (1.0e-05)
329.179 .... 771 packets received, 4816 bps, 60.20%, Err 17 (1.0e-05)
333.190 .... 772 packets received, 4764 bps, 59.55%, Err 17 (1.0e-05)
337.307 .... 773 packets received, 4712 bps, 58.90%, Err 17 (1.0e-05)
341.348 .... 774 packets received, 4662 bps, 58.27%, Err 17 (1.0e-05)
345.374 .... 775 packets received, 4613 bps, 57.66%, Err 17 (1.0e-05)
349.446 .... 776 packets received, 4565 bps, 57.06%, Err 17 (1.0e-05)
353.656 .... 777 packets received, 4516 bps, 56.45%, Err 17 (1.0e-05)
357.665 .... 778 packets received, 4471 bps, 55.89%, Err 17 (1.0e-05)
361.736 .... 779 packets received, 4426 bps, 55.33%, Err 17 (1.0e-05)
365.856 .... 780 packets received, 4382 bps, 54.78%, Err 17 (9.9e-06)
369.928 .... 781 packets received, 4339 bps, 54.24%, Err 17 (9.9e-06)
374.029 .... 782 packets received, 4297 bps, 53.71%, Err 17 (9.9e-06)
378.163 .... 783 packets received, 4255 bps, 53.19%, Err 17 (9.9e-06)
382.231 .... 784 packets received, 4215 bps, 52.69%, Err 17 (9.9e-06)
386.392 .... 785 packets received, 4175 bps, 52.19%, Err 17 (9.9e-06)
390.465 .... 786 packets received, 4137 bps, 51.71%, Err 17 (9.8e-06)
394.659 .... 787 packets received, 4098 bps, 51.22%, Err 17 (9.8e-06)
398.703 .... 788 packets received, 4061 bps, 50.76%, Err 17 (9.8e-06)
400.788 .... 790 packets received, 4050 bps, 50.63%, Err 17 (9.8e-06)
402.920 .... 798 packets received, 4069 bps, 50.87%, Err 17 (9.7e-06)
405.023 .... 806 packets received, 4089 bps, 51.11%, Err 17 (9.6e-06)
408.229 .... 814 packets received, 4097 bps, 51.21%, Err 18 (1.0e-05)
410.347 .... 825 packets received, 4131 bps, 51.63%, Err 18 (9.9e-06)
412.463 .... 833 packets received, 4149 bps, 51.87%, Err 18 (9.8e-06)
414.580 .... 841 packets received, 4168 bps, 52.10%, Err 18 (9.7e-06)
416.698 .... 849 packets received, 4186 bps, 52.32%, Err 18 (9.6e-06)
418.829 .... 857 packets received, 4204 bps, 52.55%, Err 18 (9.6e-06)
420.958 .... 865 packets received, 4221 bps, 52.77%, Err 18 (9.5e-06)
423.075 .... 873 packets received, 4239 bps, 52.99%, Err 18 (9.4e-06)
425.191 .... 881 packets received, 4257 bps, 53.21%, Err 19 (9.8e-06)
427.309 .... 888 packets received, 4269 bps, 53.36%, Err 20 (1.0e-05)
430.222 .... 895 packets received, 4274 bps, 53.42%, Err 21 (1.1e-05)
432.356 .... 906 packets received, 4305 bps, 53.81%, Err 21 (1.1e-05)
434.472 .... 914 packets received, 4321 bps, 54.02%, Err 21 (1.0e-05)
436.590 .... 922 packets received, 4338 bps, 54.23%, Err 21 (1.0e-05)
438.706 .... 930 packets received, 4355 bps, 54.43%, Err 21 (1.0e-05)
440.838 .... 938 packets received, 4371 bps, 54.63%, Err 21 (1.0e-05)
443.492 .... 944 packets received, 4372 bps, 54.65%, Err 22 (1.1e-05)
445.623 .... 955 packets received, 4402 bps, 55.02%, Err 22 (1.0e-05)
447.740 .... 963 packets received, 4418 bps, 55.22%, Err 22 (1.0e-05)
450.641 .... 970 packets received, 4421 bps, 55.26%, Err 23 (1.1e-05)
452.757 .... 981 packets received, 4450 bps, 55.63%, Err 23 (1.1e-05)
454.890 .... 989 packets received, 4466 bps, 55.82%, Err 23 (1.1e-05)
457.006 .... 997 packets received, 4481 bps, 56.01%, Err 23 (1.1e-05)
459.138 .... 1005 packets received, 4496 bps, 56.20%, Err 23 (1.0e-05)
461.255 .... 1013 packets received, 4511 bps, 56.38%, Err 23 (1.0e-05)
463.373 .... 1021 packets received, 4525 bps, 56.57%, Err 23 (1.0e-05)
465.505 .... 1029 packets received, 4540 bps, 56.75%, Err 23 (1.0e-05)
467.623 .... 1037 packets received, 4554 bps, 56.93%, Err 23 (1.0e-05)
469.739 .... 1045 packets received, 4569 bps, 57.11%, Err 23 (1.0e-05)
471.857 .... 1053 packets received, 4583 bps, 57.29%, Err 23 (1.0e-05)
474.004 .... 1061 packets received, 4597 bps, 57.46%, Err 23 (9.9e-06)
476.089 .... 1069 packets received, 4611 bps, 57.64%, Err 23 (9.8e-06)
478.222 .... 1077 packets received, 4625 bps, 57.81%, Err 23 (9.7e-06)
480.353 .... 1085 packets received, 4639 bps, 57.98%, Err 23 (9.7e-06)
482.455 .... 1093 packets received, 4652 bps, 58.16%, Err 23 (9.6e-06)
484.588 .... 1101 packets received, 4666 bps, 58.32%, Err 23 (9.5e-06)
486.706 .... 1109 packets received, 4679 bps, 58.49%, Err 23 (9.5e-06)
488.824 .... 1117 packets received, 4692 bps, 58.66%, Err 23 (9.4e-06)
490.957 .... 1125 packets received, 4705 bps, 58.82%, Err 23 (9.3e-06)
493.074 .... 1133 packets received, 4719 bps, 58.98%, Err 23 (9.3e-06)
495.175 .... 1141 packets received, 4732 bps, 59.15%, Err 23 (9.2e-06)
497.308 .... 1149 packets received, 4744 bps, 59.30%, Err 23 (9.2e-06)
499.423 .... 1157 packets received, 4757 bps, 59.46%, Err 23 (9.1e-06)
504.489 .... 1162 packets received, 4730 bps, 59.12%, Err 23 (9.1e-06)
508.592 .... 1163 packets received, 4695 bps, 58.69%, Err 23 (9.1e-06)
512.651 .... 1164 packets received, 4662 bps, 58.28%, Err 23 (9.0e-06)
516.725 .... 1165 packets received, 4629 bps, 57.86%, Err 23 (9.0e-06)
520.828 .... 1166 packets received, 4597 bps, 57.46%, Err 23 (9.0e-06)
524.887 .... 1167 packets received, 4565 bps, 57.06%, Err 23 (9.0e-06)
528.944 .... 1168 packets received, 4534 bps, 56.67%, Err 23 (9.0e-06)
533.048 .... 1169 packets received, 4502 bps, 56.28%, Err 23 (9.0e-06)
537.136 .... 1170 packets received, 4472 bps, 55.90%, Err 23 (9.0e-06)
541.254 .... 1171 packets received, 4442 bps, 55.52%, Err 23 (9.0e-06)
545.326 .... 1172 packets received, 4412 bps, 55.15%, Err 23 (9.0e-06)
549.412 .... 1173 packets received, 4383 bps, 54.79%, Err 23 (8.9e-06)
553.471 .... 1174 packets received, 4354 bps, 54.43%, Err 23 (8.9e-06)
557.467 .... 1175 packets received, 4327 bps, 54.09%, Err 23 (8.9e-06)
561.586 .... 1176 packets received, 4299 bps, 53.73%, Err 23 (8.9e-06)
565.717 .... 1177 packets received, 4271 bps, 53.39%, Err 23 (8.9e-06)
569.866 .... 1178 packets received, 4243 bps, 53.04%, Err 23 (8.9e-06)
573.967 .... 1179 packets received, 4217 bps, 52.71%, Err 23 (8.9e-06)
578.024 .... 1180 packets received, 4190 bps, 52.38%, Err 23 (8.9e-06)
582.297 .... 1181 packets received, 4163 bps, 52.04%, Err 23 (8.9e-06)
586.339 .... 1182 packets received, 4138 bps, 51.72%, Err 23 (8.9e-06)
590.381 .... 1183 packets received, 4113 bps, 51.41%, Err 23 (8.9e-06)
594.468 .... 1184 packets received, 4088 bps, 51.10%, Err 23 (8.8e-06)
598.575 .... 1185 packets received, 4063 bps, 50.79%, Err 23 (8.8e-06)
600.797 .... 1187 packets received, 4055 bps, 50.69%, Err 23 (8.8e-06)
602.914 .... 1194 packets received, 4065 bps, 50.81%, Err 24 (9.1e-06)
605.031 .... 1202 packets received, 4078 bps, 50.97%, Err 24 (9.1e-06)
607.163 .... 1210 packets received, 4090 bps, 51.13%, Err 24 (9.0e-06)
609.264 .... 1218 packets received, 4103 bps, 51.29%, Err 24 (9.0e-06)
611.395 .... 1226 packets received, 4116 bps, 51.44%, Err 24 (8.9e-06)
613.496 .... 1234 packets received, 4128 bps, 51.60%, Err 24 (8.8e-06)
615.643 .... 1242 packets received, 4140 bps, 51.76%, Err 24 (8.8e-06)
617.745 .... 1250 packets received, 4153 bps, 51.91%, Err 24 (8.7e-06)
619.878 .... 1258 packets received, 4165 bps, 52.06%, Err 24 (8.7e-06)
621.995 .... 1266 packets received, 4177 bps, 52.22%, Err 24 (8.6e-06)
624.128 .... 1274 packets received, 4189 bps, 52.37%, Err 24 (8.6e-06)
626.245 .... 1282 packets received, 4201 bps, 52.52%, Err 24 (8.5e-06)
628.361 .... 1290 packets received, 4213 bps, 52.67%, Err 24 (8.5e-06)
630.477 .... 1298 packets received, 4225 bps, 52.81%, Err 24 (8.4e-06)
632.594 .... 1306 packets received, 4237 bps, 52.96%, Err 24 (8.4e-06)
634.726 .... 1314 packets received, 4249 bps, 53.11%, Err 24 (8.3e-06)
636.857 .... 1322 packets received, 4260 bps, 53.25%, Err 24 (8.3e-06)
639.772 .... 1329 packets received, 4263 bps, 53.29%, Err 25 (8.6e-06)
642.410 .... 1338 packets received, 4274 bps, 53.43%, Err 26 (8.8e-06)
644.526 .... 1349 packets received, 4295 bps, 53.69%, Err 26 (8.8e-06)
646.642 .... 1357 packets received, 4307 bps, 53.83%, Err 26 (8.7e-06)
648.774 .... 1365 packets received, 4318 bps, 53.97%, Err 27 (9.0e-06)
650.891 .... 1373 packets received, 4329 bps, 54.11%, Err 27 (9.0e-06)
653.022 .... 1381 packets received, 4340 bps, 54.25%, Err 27 (8.9e-06)
655.137 .... 1389 packets received, 4351 bps, 54.39%, Err 27 (8.9e-06)
657.515 .... 1394 packets received, 4351 bps, 54.38%, Err 28 (9.1e-06)
659.632 .... 1405 packets received, 4371 bps, 54.64%, Err 28 (9.1e-06)
661.746 .... 1413 packets received, 4382 bps, 54.77%, Err 28 (9.0e-06)
663.894 .... 1421 packets received, 4392 bps, 54.90%, Err 28 (9.0e-06)
667.073 .... 1429 packets received, 4396 bps, 54.95%, Err 30 (9.6e-06)
669.189 .... 1440 packets received, 4416 bps, 55.20%, Err 30 (9.5e-06)
671.306 .... 1448 packets received, 4426 bps, 55.33%, Err 31 (9.8e-06)
673.422 .... 1456 packets received, 4437 bps, 55.46%, Err 31 (9.7e-06)
675.554 .... 1464 packets received, 4447 bps, 55.59%, Err 31 (9.7e-06)
678.741 .... 1472 packets received, 4450 bps, 55.63%, Err 32 (9.9e-06)
681.670 .... 1482 packets received, 4461 bps, 55.76%, Err 33 (1.0e-05)
683.788 .... 1493 packets received, 4480 bps, 56.00%, Err 33 (1.0e-05)
685.903 .... 1501 packets received, 4490 bps, 56.13%, Err 33 (1.0e-05)
688.033 .... 1509 packets received, 4500 bps, 56.25%, Err 33 (1.0e-05)
690.166 .... 1517 packets received, 4510 bps, 56.38%, Err 33 (9.9e-06)
692.252 .... 1525 packets received, 4520 bps, 56.50%, Err 33 (9.9e-06)
694.386 .... 1533 packets received, 4530 bps, 56.62%, Err 33 (9.8e-06)
696.504 .... 1541 packets received, 4540 bps, 56.75%, Err 33 (9.8e-06)
698.621 .... 1549 packets received, 4549 bps, 56.87%, Err 33 (9.7e-06)
701.487 .... 1556 packets received, 4551 bps, 56.89%, Err 34 (1.0e-05)
704.580 .... 1557 packets received, 4534 bps, 56.68%, Err 34 (1.0e-05)
708.666 .... 1558 packets received, 4511 bps, 56.39%, Err 34 (1.0e-05)
712.719 .... 1559 packets received, 4488 bps, 56.10%, Err 34 (9.9e-06)
716.928 .... 1560 packets received, 4465 bps, 55.81%, Err 34 (9.9e-06)
721.059 .... 1561 packets received, 4442 bps, 55.52%, Err 34 (9.9e-06)
725.073 .... 1562 packets received, 4420 bps, 55.25%, Err 34 (9.9e-06)
729.161 .... 1563 packets received, 4398 bps, 54.97%, Err 34 (9.9e-06)
733.233 .... 1564 packets received, 4376 bps, 54.70%, Err 34 (9.9e-06)
737.332 .... 1565 packets received, 4355 bps, 54.43%, Err 34 (9.9e-06)
741.557 .... 1566 packets received, 4333 bps, 54.16%, Err 34 (9.9e-06)
745.779 .... 1567 packets received, 4311 bps, 53.88%, Err 34 (9.9e-06)
749.912 .... 1568 packets received, 4290 bps, 53.62%, Err 34 (9.9e-06)
754.036 .... 1569 packets received, 4269 bps, 53.36%, Err 34 (9.9e-06)
758.200 .... 1570 packets received, 4248 bps, 53.10%, Err 34 (9.9e-06)
762.257 .... 1571 packets received, 4228 bps, 52.85%, Err 34 (9.9e-06)
766.359 .... 1572 packets received, 4208 bps, 52.60%, Err 34 (9.8e-06)
770.443 .... 1573 packets received, 4189 bps, 52.36%, Err 34 (9.8e-06)
774.529 .... 1574 packets received, 4169 bps, 52.11%, Err 34 (9.8e-06)
778.691 .... 1575 packets received, 4149 bps, 51.87%, Err 34 (9.8e-06)
782.823 .... 1576 packets received, 4130 bps, 51.63%, Err 34 (9.8e-06)
786.940 .... 1577 packets received, 4111 bps, 51.39%, Err 34 (9.8e-06)
791.057 .... 1578 packets received, 4092 bps, 51.15%, Err 34 (9.8e-06)
795.144 .... 1579 packets received, 4074 bps, 50.92%, Err 34 (9.8e-06)
799.245 .... 1580 packets received, 4055 bps, 50.69%, Err 34 (9.8e-06)
801.346 .... 1584 packets received, 4055 bps, 50.69%, Err 34 (9.7e-06)
803.476 .... 1592 packets received, 4065 bps, 50.81%, Err 34 (9.7e-06)
805.606 .... 1600 packets received, 4074 bps, 50.93%, Err 34 (9.7e-06)
807.720 .... 1604 packets received, 4074 bps, 50.92%, Err 36 (1.0e-05)
809.836 .... 1615 packets received, 4091 bps, 51.14%, Err 36 (1.0e-05)
811.952 .... 1623 packets received, 4100 bps, 51.25%, Err 36 (1.0e-05)
814.086 .... 1631 packets received, 4110 bps, 51.37%, Err 36 (1.0e-05)
817.276 .... 1639 packets received, 4114 bps, 51.42%, Err 38 (1.1e-05)
820.189 .... 1648 packets received, 4122 bps, 51.52%, Err 39 (1.1e-05)
822.305 .... 1657 packets received, 4133 bps, 51.67%, Err 39 (1.1e-05)
824.422 .... 1665 packets received, 4143 bps, 51.78%, Err 39 (1.1e-05)
826.538 .... 1673 packets received, 4152 bps, 51.90%, Err 39 (1.1e-05)
828.669 .... 1681 packets received, 4161 bps, 52.01%, Err 39 (1.1e-05)
830.786 .... 1689 packets received, 4170 bps, 52.13%, Err 39 (1.0e-05)
832.918 .... 1697 packets received, 4179 bps, 52.24%, Err 39 (1.0e-05)
835.019 .... 1705 packets received, 4188 bps, 52.35%, Err 39 (1.0e-05)
837.150 .... 1713 packets received, 4197 bps, 52.47%, Err 39 (1.0e-05)
839.283 .... 1721 packets received, 4206 bps, 52.58%, Err 39 (1.0e-05)
841.384 .... 1729 packets received, 4215 bps, 52.69%, Err 39 (1.0e-05)
843.516 .... 1737 packets received, 4224 bps, 52.80%, Err 39 (1.0e-05)
845.617 .... 1745 packets received, 4233 bps, 52.91%, Err 40 (1.0e-05)
847.764 .... 1753 packets received, 4241 bps, 53.02%, Err 40 (1.0e-05)
850.924 .... 1761 packets received, 4245 bps, 53.06%, Err 41 (1.1e-05)
853.056 .... 1772 packets received, 4261 bps, 53.26%, Err 41 (1.1e-05)
855.187 .... 1780 packets received, 4269 bps, 53.37%, Err 41 (1.0e-05)
857.304 .... 1788 packets received, 4278 bps, 53.47%, Err 41 (1.0e-05)
859.421 .... 1796 packets received, 4286 bps, 53.58%, Err 41 (1.0e-05)
861.539 .... 1804 packets received, 4295 bps, 53.69%, Err 41 (1.0e-05)
863.670 .... 1812 packets received, 4303 bps, 53.79%, Err 41 (1.0e-05)
866.829 .... 1820 packets received, 4307 bps, 53.83%, Err 42 (1.0e-05)
868.960 .... 1831 packets received, 4322 bps, 54.02%, Err 42 (1.0e-05)
871.079 .... 1838 packets received, 4328 bps, 54.10%, Err 43 (1.1e-05)
873.195 .... 1846 packets received, 4336 bps, 54.20%, Err 43 (1.1e-05)
875.309 .... 1854 packets received, 4344 bps, 54.31%, Err 43 (1.1e-05)
877.456 .... 1862 packets received, 4352 bps, 54.41%, Err 43 (1.0e-05)
879.574 .... 1870 packets received, 4361 bps, 54.51%, Err 43 (1.0e-05)
881.675 .... 1878 packets received, 4369 bps, 54.61%, Err 43 (1.0e-05)
883.792 .... 1886 packets received, 4377 bps, 54.71%, Err 43 (1.0e-05)
885.924 .... 1894 packets received, 4385 bps, 54.81%, Err 43 (1.0e-05)
888.041 .... 1902 packets received, 4393 bps, 54.91%, Err 43 (1.0e-05)
890.692 .... 1908 packets received, 4394 bps, 54.92%, Err 44 (1.0e-05)
892.809 .... 1919 packets received, 4408 bps, 55.11%, Err 44 (1.0e-05)
894.942 .... 1927 packets received, 4416 bps, 55.20%, Err 44 (1.0e-05)
897.075 .... 1935 packets received, 4424 bps, 55.30%, Err 44 (1.0e-05)
899.191 .... 1943 packets received, 4432 bps, 55.40%, Err 44 (1.0e-05)
901.379 .... 1948 packets received, 4432 bps, 55.41%, Err 45 (1.1e-05)
904.610 .... 1949 packets received, 4419 bps, 55.24%, Err 45 (1.1e-05)
908.695 .... 1950 packets received, 4401 bps, 55.02%, Err 45 (1.0e-05)
912.799 .... 1951 packets received, 4384 bps, 54.80%, Err 45 (1.0e-05)
916.884 .... 1952 packets received, 4366 bps, 54.58%, Err 45 (1.0e-05)
921.000 .... 1953 packets received, 4349 bps, 54.36%, Err 45 (1.0e-05)
925.134 .... 1954 packets received, 4332 bps, 54.15%, Err 45 (1.0e-05)
929.192 .... 1955 packets received, 4315 bps, 53.94%, Err 46 (1.1e-05)
933.264 .... 1956 packets received, 4298 bps, 53.73%, Err 46 (1.1e-05)
937.304 .... 1957 packets received, 4282 bps, 53.53%, Err 46 (1.1e-05)
941.390 .... 1958 packets received, 4266 bps, 53.32%, Err 46 (1.1e-05)
945.523 .... 1959 packets received, 4249 bps, 53.11%, Err 46 (1.1e-05)
949.640 .... 1960 packets received, 4233 bps, 52.91%, Err 46 (1.1e-05)
953.666 .... 1961 packets received, 4217 bps, 52.71%, Err 46 (1.1e-05)
957.757 .... 1962 packets received, 4201 bps, 52.51%, Err 46 (1.1e-05)
961.964 .... 1963 packets received, 4185 bps, 52.31%, Err 46 (1.1e-05)
966.139 .... 1964 packets received, 4169 bps, 52.11%, Err 46 (1.1e-05)
970.224 .... 1965 packets received, 4153 bps, 51.92%, Err 47 (1.1e-05)
974.249 .... 1966 packets received, 4138 bps, 51.73%, Err 47 (1.1e-05)
978.411 .... 1967 packets received, 4123 bps, 51.54%, Err 47 (1.1e-05)
982.421 .... 1968 packets received, 4108 bps, 51.35%, Err 47 (1.1e-05)
986.522 .... 1969 packets received, 4093 bps, 51.16%, Err 47 (1.1e-05)
990.683 .... 1970 packets received, 4078 bps, 50.97%, Err 47 (1.1e-05)
994.725 .... 1971 packets received, 4063 bps, 50.79%, Err 47 (1.1e-05)
998.796 .... 1972 packets received, 4049 bps, 50.61%, Err 47 (1.1e-05)
1000.803 .... 1974 packets received, 4045 bps, 50.56%, Err 47 (1.1e-05)
1002.933 .... 1982 packets received, 4053 bps, 50.66%, Err 48 (1.1e-05)
1005.065 .... 1990 packets received, 4060 bps, 50.75%, Err 48 (1.1e-05)
1007.181 .... 1998 packets received, 4068 bps, 50.85%, Err 48 (1.1e-05)
1009.281 .... 2006 packets received, 4076 bps, 50.95%, Err 48 (1.1e-05)
1011.689 .... 2011 packets received, 4076 bps, 50.95%, Err 49 (1.1e-05)
1013.805 .... 2022 packets received, 4090 bps, 51.12%, Err 49 (1.1e-05)
1015.921 .... 2030 packets received, 4098 bps, 51.22%, Err 49 (1.1e-05)
1018.039 .... 2038 packets received, 4105 bps, 51.31%, Err 49 (1.1e-05)
1020.186 .... 2045 packets received, 4111 bps, 51.38%, Err 50 (1.1e-05)
1022.302 .... 2053 packets received, 4118 bps, 51.48%, Err 50 (1.1e-05)
1024.403 .... 2061 packets received, 4126 bps, 51.57%, Err 50 (1.1e-05)
1026.564 .... 2069 packets received, 4133 bps, 51.66%, Err 50 (1.1e-05)
1028.664 .... 2077 packets received, 4140 bps, 51.76%, Err 50 (1.1e-05)
1030.782 .... 2085 packets received, 4148 bps, 51.85%, Err 50 (1.1e-05)
1033.421 .... 2091 packets received, 4149 bps, 51.86%, Err 51 (1.1e-05)
1035.552 .... 2102 packets received, 4162 bps, 52.03%, Err 51 (1.1e-05)
1037.668 .... 2110 packets received, 4170 bps, 52.12%, Err 51 (1.1e-05)
1039.798 .... 2118 packets received, 4177 bps, 52.21%, Err 51 (1.1e-05)
1041.899 .... 2126 packets received, 4184 bps, 52.30%, Err 51 (1.1e-05)
1044.032 .... 2134 packets received, 4191 bps, 52.39%, Err 51 (1.1e-05)
1046.161 .... 2142 packets received, 4199 bps, 52.48%, Err 51 (1.1e-05)
1048.279 .... 2150 packets received, 4206 bps, 52.57%, Err 51 (1.1e-05)
1050.411 .... 2158 packets received, 4213 bps, 52.66%, Err 51 (1.1e-05)
1052.528 .... 2166 packets received, 4220 bps, 52.75%, Err 51 (1.1e-05)
1054.660 .... 2174 packets received, 4227 bps, 52.84%, Err 51 (1.1e-05)
1057.561 .... 2181 packets received, 4229 bps, 52.86%, Err 52 (1.1e-05)
1059.694 .... 2192 packets received, 4242 bps, 53.02%, Err 52 (1.1e-05)
1062.884 .... 2200 packets received, 4244 bps, 53.05%, Err 53 (1.1e-05)
1065.002 .... 2211 packets received, 4257 bps, 53.21%, Err 53 (1.1e-05)
1067.134 .... 2219 packets received, 4264 bps, 53.30%, Err 53 (1.1e-05)
1069.250 .... 2227 packets received, 4271 bps, 53.38%, Err 53 (1.1e-05)
1071.366 .... 2235 packets received, 4278 bps, 53.47%, Err 53 (1.1e-05)
1073.483 .... 2243 packets received, 4284 bps, 53.56%, Err 53 (1.1e-05)
1075.599 .... 2251 packets received, 4291 bps, 53.64%, Err 53 (1.1e-05)
1077.715 .... 2259 packets received, 4298 bps, 53.73%, Err 54 (1.1e-05)
1079.831 .... 2266 packets received, 4303 bps, 53.79%, Err 54 (1.1e-05)
1081.959 .... 2274 packets received, 4310 bps, 53.87%, Err 54 (1.1e-05)
1084.090 .... 2282 packets received, 4316 bps, 53.95%, Err 54 (1.1e-05)
1086.192 .... 2290 packets received, 4323 bps, 54.04%, Err 54 (1.1e-05)
1088.323 .... 2294 packets received, 4322 bps, 54.03%, Err 55 (1.1e-05)
1090.456 .... 2305 packets received, 4334 bps, 54.18%, Err 55 (1.1e-05)
1092.573 .... 2313 packets received, 4341 bps, 54.26%, Err 55 (1.1e-05)
1094.702 .... 2321 packets received, 4347 bps, 54.34%, Err 55 (1.1e-05)
1096.819 .... 2329 packets received, 4354 bps, 54.42%, Err 55 (1.1e-05)
1098.934 .... 2337 packets received, 4361 bps, 54.51%, Err 55 (1.1e-05)
1104.676 .... 2344 packets received, 4351 bps, 54.39%, Err 55 (1.1e-05)
1108.748 .... 2345 packets received, 4337 bps, 54.21%, Err 55 (1.1e-05)
1112.805 .... 2346 packets received, 4323 bps, 54.03%, Err 55 (1.1e-05)
1116.836 .... 2347 packets received, 4309 bps, 53.86%, Err 55 (1.1e-05)
1120.911 .... 2348 packets received, 4295 bps, 53.69%, Err 55 (1.1e-05)
1124.968 .... 2349 packets received, 4281 bps, 53.52%, Err 55 (1.1e-05)
1129.010 .... 2350 packets received, 4268 bps, 53.35%, Err 55 (1.1e-05)
1133.083 .... 2351 packets received, 4254 bps, 53.18%, Err 55 (1.1e-05)
1137.151 .... 2352 packets received, 4241 bps, 53.01%, Err 55 (1.1e-05)
1141.237 .... 2353 packets received, 4227 bps, 52.84%, Err 55 (1.1e-05)
1145.265 .... 2354 packets received, 4214 bps, 52.68%, Err 55 (1.1e-05)
1149.320 .... 2355 packets received, 4201 bps, 52.52%, Err 55 (1.1e-05)
1153.359 .... 2356 packets received, 4188 bps, 52.35%, Err 55 (1.1e-05)
1157.508 .... 2357 packets received, 4175 bps, 52.19%, Err 55 (1.1e-05)
1161.611 .... 2358 packets received, 4162 bps, 52.03%, Err 55 (1.1e-05)
1165.666 .... 2359 packets received, 4149 bps, 51.87%, Err 55 (1.1e-05)
1169.734 .... 2360 packets received, 4137 bps, 51.71%, Err 55 (1.1e-05)
1173.906 .... 2361 packets received, 4124 bps, 51.55%, Err 55 (1.1e-05)
1178.025 .... 2362 packets received, 4111 bps, 51.39%, Err 55 (1.1e-05)
1182.158 .... 2363 packets received, 4098 bps, 51.23%, Err 55 (1.1e-05)
1186.306 .... 2364 packets received, 4086 bps, 51.07%, Err 55 (1.1e-05)
1190.395 .... 2365 packets received, 4073 bps, 50.92%, Err 55 (1.1e-05)
1194.529 .... 2366 packets received, 4061 bps, 50.76%, Err 55 (1.1e-05)
1199.597 .... 2367 packets received, 4045 bps, 50.57%, Err 56 (1.1e-05)
1200.026 Quit.
