000.000 =============================================================
000.000                     Station B                               
000.000 -------------------------------------------------------------
000.000 Protocol.lib, version 4.0, jiangyanjun0718@bupt.edu.cn
000.000 Channel: 8000 bps, 270 ms propagation delay, bit error rate 1.0E-05
000.000 Log file "B.log", TCP port 30011, debug mask 0x00
000.000 Station B is connecting station A (TCP port 30011) ... Failed!
000.000 Station B is connecting station A (TCP port 30011) ... Done.
000.323 New epoch: Thu May 16 18:55:00 2019
000.323 =================================================================
000.323 
000.323 Designed by CJSoft, build: May 16 2019  17:18:52
002.740 .... 8 packets received, 7645 bps, 95.57%, Err 0 (0.0e+00)
004.853 .... 16 packets received, 7699 bps, 96.24%, Err 0 (0.0e+00)
006.950 .... 24 packets received, 7737 bps, 96.71%, Err 0 (0.0e+00)
009.097 .... 31 packets received, 7469 bps, 93.36%, Err 1 (1.4e-05)
011.199 .... 39 packets received, 7534 bps, 94.17%, Err 1 (1.2e-05)
013.334 .... 47 packets received, 7557 bps, 94.46%, Err 1 (9.6e-06)
015.714 .... 52 packets received, 7045 bps, 88.06%, Err 2 (1.6e-05)
017.833 .... 63 packets received, 7486 bps, 93.57%, Err 2 (1.4e-05)
019.947 .... 71 packets received, 7515 bps, 93.93%, Err 2 (1.3e-05)
022.079 .... 79 packets received, 7532 bps, 94.14%, Err 2 (1.2e-05)
024.211 .... 87 packets received, 7545 bps, 94.32%, Err 2 (1.0e-05)
026.311 .... 95 packets received, 7566 bps, 94.58%, Err 2 (9.6e-06)
029.240 .... 102 packets received, 7293 bps, 91.16%, Err 3 (1.3e-05)
031.372 .... 113 packets received, 7520 bps, 94.00%, Err 3 (1.2e-05)
033.473 .... 121 packets received, 7538 bps, 94.22%, Err 3 (1.1e-05)
035.605 .... 129 packets received, 7547 bps, 94.33%, Err 3 (1.1e-05)
037.706 .... 137 packets received, 7561 bps, 94.51%, Err 4 (1.3e-05)
040.625 .... 143 packets received, 7316 bps, 91.46%, Err 5 (1.6e-05)
042.742 .... 154 packets received, 7483 bps, 93.54%, Err 5 (1.5e-05)
044.876 .... 162 packets received, 7493 bps, 93.66%, Err 5 (1.4e-05)
046.976 .... 170 packets received, 7507 bps, 93.84%, Err 5 (1.3e-05)
049.109 .... 178 packets received, 7515 bps, 93.93%, Err 5 (1.3e-05)
051.241 .... 186 packets received, 7522 bps, 94.02%, Err 5 (1.2e-05)
053.374 .... 194 packets received, 7528 bps, 94.10%, Err 5 (1.2e-05)
055.477 .... 202 packets received, 7538 bps, 94.23%, Err 5 (1.1e-05)
057.579 .... 210 packets received, 7548 bps, 94.35%, Err 5 (1.1e-05)
059.694 .... 218 packets received, 7555 bps, 94.43%, Err 5 (1.1e-05)
061.825 .... 226 packets received, 7559 bps, 94.49%, Err 5 (1.0e-05)
063.943 .... 234 packets received, 7565 bps, 94.57%, Err 5 (9.8e-06)
066.075 .... 242 packets received, 7569 bps, 94.61%, Err 5 (9.5e-06)
068.176 .... 250 packets received, 7576 bps, 94.70%, Err 5 (9.2e-06)
070.845 .... 256 packets received, 7463 bps, 93.29%, Err 6 (1.1e-05)
072.962 .... 267 packets received, 7556 bps, 94.45%, Err 6 (1.0e-05)
075.079 .... 275 packets received, 7562 bps, 94.52%, Err 6 (1.0e-05)
077.194 .... 282 packets received, 7540 bps, 94.25%, Err 7 (1.1e-05)
080.369 .... 290 packets received, 7445 bps, 93.07%, Err 8 (1.2e-05)
082.502 .... 301 packets received, 7526 bps, 94.08%, Err 8 (1.2e-05)
084.621 .... 309 packets received, 7532 bps, 94.14%, Err 8 (1.2e-05)
086.740 .... 317 packets received, 7536 bps, 94.21%, Err 8 (1.2e-05)
088.872 .... 325 packets received, 7540 bps, 94.25%, Err 8 (1.1e-05)
090.989 .... 333 packets received, 7545 bps, 94.31%, Err 8 (1.1e-05)
093.123 .... 341 packets received, 7548 bps, 94.35%, Err 8 (1.1e-05)
095.225 .... 349 packets received, 7553 bps, 94.42%, Err 8 (1.1e-05)
097.372 .... 357 packets received, 7555 bps, 94.44%, Err 8 (1.0e-05)
099.488 .... 365 packets received, 7559 bps, 94.49%, Err 8 (1.0e-05)
101.860 .... 370 packets received, 7483 bps, 93.54%, Err 9 (1.1e-05)
103.988 .... 381 packets received, 7547 bps, 94.34%, Err 9 (1.1e-05)
106.100 .... 389 packets received, 7551 bps, 94.39%, Err 9 (1.1e-05)
108.228 .... 397 packets received, 7554 bps, 94.43%, Err 9 (1.0e-05)
110.324 .... 405 packets received, 7559 bps, 94.49%, Err 9 (1.0e-05)
112.452 .... 413 packets received, 7562 bps, 94.52%, Err 9 (1.0e-05)
114.566 .... 421 packets received, 7565 bps, 94.57%, Err 9 (9.8e-06)
116.694 .... 429 packets received, 7568 bps, 94.60%, Err 9 (9.7e-06)
119.603 .... 436 packets received, 7503 bps, 93.79%, Err 10 (1.0e-05)
122.282 .... 445 packets received, 7490 bps, 93.62%, Err 12 (1.2e-05)
124.395 .... 456 packets received, 7544 bps, 94.30%, Err 12 (1.2e-05)
126.493 .... 464 packets received, 7548 bps, 94.35%, Err 12 (1.2e-05)
128.882 .... 469 packets received, 7487 bps, 93.59%, Err 13 (1.3e-05)
131.026 .... 480 packets received, 7537 bps, 94.21%, Err 13 (1.2e-05)
133.154 .... 488 packets received, 7540 bps, 94.24%, Err 13 (1.2e-05)
135.251 .... 496 packets received, 7544 bps, 94.30%, Err 13 (1.2e-05)
137.392 .... 504 packets received, 7546 bps, 94.32%, Err 13 (1.2e-05)
139.518 .... 512 packets received, 7548 bps, 94.35%, Err 13 (1.2e-05)
141.615 .... 520 packets received, 7552 bps, 94.40%, Err 14 (1.2e-05)
143.729 .... 527 packets received, 7541 bps, 94.26%, Err 14 (1.2e-05)
145.874 .... 535 packets received, 7542 bps, 94.28%, Err 14 (1.2e-05)
147.972 .... 543 packets received, 7546 bps, 94.32%, Err 14 (1.2e-05)
150.102 .... 551 packets received, 7548 bps, 94.35%, Err 14 (1.2e-05)
152.215 .... 559 packets received, 7551 bps, 94.38%, Err 14 (1.2e-05)
154.328 .... 567 packets received, 7554 bps, 94.42%, Err 14 (1.1e-05)
156.473 .... 575 packets received, 7555 bps, 94.43%, Err 14 (1.1e-05)
158.572 .... 583 packets received, 7558 bps, 94.48%, Err 14 (1.1e-05)
160.686 .... 591 packets received, 7561 bps, 94.51%, Err 14 (1.1e-05)
162.845 .... 599 packets received, 7561 bps, 94.51%, Err 14 (1.1e-05)
166.275 .... 606 packets received, 7491 bps, 93.64%, Err 16 (1.2e-05)
168.405 .... 618 packets received, 7542 bps, 94.28%, Err 16 (1.2e-05)
170.502 .... 624 packets received, 7522 bps, 94.02%, Err 16 (1.2e-05)
172.645 .... 630 packets received, 7499 bps, 93.74%, Err 16 (1.2e-05)
174.744 .... 636 packets received, 7479 bps, 93.49%, Err 16 (1.1e-05)
176.875 .... 642 packets received, 7459 bps, 93.23%, Err 16 (1.1e-05)
179.264 .... 649 packets received, 7439 bps, 92.99%, Err 16 (1.1e-05)
181.390 .... 655 packets received, 7420 bps, 92.75%, Err 16 (1.1e-05)
183.518 .... 661 packets received, 7401 bps, 92.51%, Err 16 (1.1e-05)
185.618 .... 667 packets received, 7383 bps, 92.29%, Err 16 (1.1e-05)
187.746 .... 673 packets received, 7365 bps, 92.06%, Err 16 (1.1e-05)
189.847 .... 679 packets received, 7348 bps, 91.85%, Err 16 (1.1e-05)
192.250 .... 686 packets received, 7331 bps, 91.63%, Err 16 (1.0e-05)
194.376 .... 692 packets received, 7314 bps, 91.42%, Err 16 (1.0e-05)
197.271 .... 698 packets received, 7268 bps, 90.85%, Err 17 (1.1e-05)
199.386 .... 708 packets received, 7294 bps, 91.18%, Err 17 (1.1e-05)
201.518 .... 716 packets received, 7298 bps, 91.23%, Err 17 (1.1e-05)
203.652 .... 724 packets received, 7302 bps, 91.28%, Err 17 (1.0e-05)
205.755 .... 732 packets received, 7307 bps, 91.34%, Err 17 (1.0e-05)
207.889 .... 740 packets received, 7311 bps, 91.39%, Err 17 (1.0e-05)
210.008 .... 748 packets received, 7315 bps, 91.44%, Err 17 (1.0e-05)
212.144 .... 756 packets received, 7319 bps, 91.49%, Err 17 (1.0e-05)
214.263 .... 763 packets received, 7313 bps, 91.42%, Err 18 (1.1e-05)
216.368 .... 771 packets received, 7318 bps, 91.48%, Err 18 (1.0e-05)
218.486 .... 779 packets received, 7322 bps, 91.53%, Err 18 (1.0e-05)
220.620 .... 787 packets received, 7325 bps, 91.57%, Err 18 (1.0e-05)
222.723 .... 795 packets received, 7330 bps, 91.62%, Err 18 (1.0e-05)
224.857 .... 803 packets received, 7333 bps, 91.67%, Err 18 (1.0e-05)
226.976 .... 811 packets received, 7337 bps, 91.71%, Err 18 (9.9e-06)
229.108 .... 819 packets received, 7340 bps, 91.75%, Err 18 (9.8e-06)
231.227 .... 827 packets received, 7344 bps, 91.80%, Err 18 (9.7e-06)
233.346 .... 835 packets received, 7347 bps, 91.84%, Err 18 (9.7e-06)
235.478 .... 843 packets received, 7350 bps, 91.88%, Err 18 (9.6e-06)
237.610 .... 851 packets received, 7353 bps, 91.92%, Err 18 (9.5e-06)
239.715 .... 859 packets received, 7357 bps, 91.96%, Err 18 (9.4e-06)
241.830 .... 867 packets received, 7361 bps, 92.01%, Err 18 (9.3e-06)
243.950 .... 875 packets received, 7364 bps, 92.05%, Err 18 (9.2e-06)
246.069 .... 883 packets received, 7367 bps, 92.09%, Err 18 (9.2e-06)
248.187 .... 891 packets received, 7370 bps, 92.13%, Err 18 (9.1e-06)
250.323 .... 899 packets received, 7373 bps, 92.16%, Err 18 (9.0e-06)
252.427 .... 907 packets received, 7376 bps, 92.20%, Err 18 (8.9e-06)
254.559 .... 915 packets received, 7379 bps, 92.23%, Err 18 (8.9e-06)
256.693 .... 923 packets received, 7381 bps, 92.27%, Err 18 (8.8e-06)
258.797 .... 931 packets received, 7385 bps, 92.31%, Err 18 (8.7e-06)
260.933 .... 939 packets received, 7387 bps, 92.34%, Err 18 (8.6e-06)
263.052 .... 947 packets received, 7390 bps, 92.37%, Err 18 (8.6e-06)
265.172 .... 955 packets received, 7392 bps, 92.40%, Err 18 (8.5e-06)
267.291 .... 963 packets received, 7395 bps, 92.44%, Err 18 (8.4e-06)
269.412 .... 971 packets received, 7398 bps, 92.47%, Err 18 (8.4e-06)
271.540 .... 979 packets received, 7400 bps, 92.50%, Err 18 (8.3e-06)
273.656 .... 987 packets received, 7403 bps, 92.53%, Err 18 (8.2e-06)
275.788 .... 995 packets received, 7405 bps, 92.56%, Err 18 (8.2e-06)
277.891 .... 1003 packets received, 7408 bps, 92.60%, Err 18 (8.1e-06)
279.995 .... 1011 packets received, 7411 bps, 92.63%, Err 18 (8.0e-06)
282.113 .... 1019 packets received, 7413 bps, 92.66%, Err 18 (8.0e-06)
285.043 .... 1026 packets received, 7387 bps, 92.34%, Err 19 (8.3e-06)
287.160 .... 1037 packets received, 7411 bps, 92.64%, Err 19 (8.3e-06)
289.294 .... 1045 packets received, 7413 bps, 92.66%, Err 19 (8.2e-06)
292.457 .... 1053 packets received, 7389 bps, 92.36%, Err 20 (8.6e-06)
294.589 .... 1064 packets received, 7412 bps, 92.65%, Err 20 (8.5e-06)
297.488 .... 1070 packets received, 7381 bps, 92.26%, Err 22 (9.3e-06)
299.646 .... 1081 packets received, 7403 bps, 92.54%, Err 22 (9.2e-06)
302.301 .... 1087 packets received, 7379 bps, 92.23%, Err 23 (9.5e-06)
304.417 .... 1098 packets received, 7401 bps, 92.52%, Err 23 (9.5e-06)
306.536 .... 1106 packets received, 7404 bps, 92.55%, Err 23 (9.4e-06)
308.654 .... 1114 packets received, 7406 bps, 92.58%, Err 23 (9.3e-06)
310.760 .... 1122 packets received, 7409 bps, 92.61%, Err 24 (9.7e-06)
312.863 .... 1130 packets received, 7411 bps, 92.64%, Err 24 (9.6e-06)
315.005 .... 1138 packets received, 7413 bps, 92.66%, Err 24 (9.5e-06)
317.101 .... 1146 packets received, 7415 bps, 92.69%, Err 24 (9.5e-06)
319.227 .... 1154 packets received, 7417 bps, 92.72%, Err 24 (9.4e-06)
321.356 .... 1162 packets received, 7419 bps, 92.74%, Err 24 (9.3e-06)
323.485 .... 1170 packets received, 7421 bps, 92.76%, Err 24 (9.3e-06)
325.612 .... 1178 packets received, 7423 bps, 92.79%, Err 24 (9.2e-06)
327.740 .... 1186 packets received, 7425 bps, 92.81%, Err 24 (9.2e-06)
329.837 .... 1194 packets received, 7427 bps, 92.84%, Err 24 (9.1e-06)
331.949 .... 1201 packets received, 7423 bps, 92.79%, Err 25 (9.4e-06)
334.062 .... 1209 packets received, 7425 bps, 92.81%, Err 25 (9.4e-06)
336.190 .... 1217 packets received, 7427 bps, 92.84%, Err 25 (9.3e-06)
338.317 .... 1225 packets received, 7429 bps, 92.86%, Err 25 (9.2e-06)
340.445 .... 1233 packets received, 7430 bps, 92.88%, Err 25 (9.2e-06)
342.558 .... 1241 packets received, 7432 bps, 92.90%, Err 25 (9.1e-06)
344.685 .... 1249 packets received, 7434 bps, 92.93%, Err 25 (9.1e-06)
346.782 .... 1257 packets received, 7436 bps, 92.95%, Err 25 (9.0e-06)
348.925 .... 1265 packets received, 7438 bps, 92.97%, Err 25 (9.0e-06)
351.024 .... 1273 packets received, 7440 bps, 93.00%, Err 25 (8.9e-06)
353.686 .... 1279 packets received, 7419 bps, 92.73%, Err 26 (9.2e-06)
355.828 .... 1290 packets received, 7437 bps, 92.96%, Err 26 (9.1e-06)
357.925 .... 1298 packets received, 7439 bps, 92.99%, Err 26 (9.1e-06)
360.849 .... 1305 packets received, 7419 bps, 92.74%, Err 27 (9.4e-06)
362.961 .... 1316 packets received, 7438 bps, 92.97%, Err 27 (9.3e-06)
365.075 .... 1324 packets received, 7440 bps, 92.99%, Err 27 (9.3e-06)
367.217 .... 1332 packets received, 7441 bps, 93.01%, Err 27 (9.2e-06)
369.315 .... 1340 packets received, 7443 bps, 93.04%, Err 27 (9.1e-06)
371.457 .... 1344 packets received, 7422 bps, 92.77%, Err 28 (9.4e-06)
373.570 .... 1355 packets received, 7440 bps, 93.00%, Err 28 (9.4e-06)
376.220 .... 1361 packets received, 7421 bps, 92.76%, Err 30 (1.0e-05)
378.332 .... 1371 packets received, 7433 bps, 92.92%, Err 30 (9.9e-06)
380.458 .... 1378 packets received, 7429 bps, 92.87%, Err 31 (1.0e-05)
382.583 .... 1386 packets received, 7431 bps, 92.89%, Err 31 (1.0e-05)
384.693 .... 1394 packets received, 7433 bps, 92.91%, Err 31 (1.0e-05)
386.821 .... 1402 packets received, 7434 bps, 92.93%, Err 31 (1.0e-05)
388.934 .... 1410 packets received, 7436 bps, 92.95%, Err 31 (1.0e-05)
391.046 .... 1418 packets received, 7438 bps, 92.97%, Err 31 (9.9e-06)
393.174 .... 1426 packets received, 7439 bps, 92.99%, Err 31 (9.9e-06)
395.302 .... 1434 packets received, 7441 bps, 93.01%, Err 31 (9.8e-06)
397.401 .... 1441 packets received, 7437 bps, 92.97%, Err 32 (1.0e-05)
399.531 .... 1449 packets received, 7439 bps, 92.98%, Err 32 (1.0e-05)
401.662 .... 1457 packets received, 7440 bps, 93.00%, Err 32 (1.0e-05)
403.778 .... 1465 packets received, 7442 bps, 93.02%, Err 32 (9.9e-06)
405.896 .... 1473 packets received, 7443 bps, 93.04%, Err 33 (1.0e-05)
408.813 .... 1480 packets received, 7425 bps, 92.81%, Err 34 (1.0e-05)
410.930 .... 1491 packets received, 7442 bps, 93.02%, Err 34 (1.0e-05)
413.062 .... 1499 packets received, 7443 bps, 93.04%, Err 34 (1.0e-05)
415.178 .... 1507 packets received, 7444 bps, 93.06%, Err 34 (1.0e-05)
417.312 .... 1515 packets received, 7446 bps, 93.07%, Err 34 (1.0e-05)
419.412 .... 1523 packets received, 7447 bps, 93.09%, Err 34 (1.0e-05)
421.541 .... 1531 packets received, 7449 bps, 93.11%, Err 34 (1.0e-05)
423.642 .... 1539 packets received, 7450 bps, 93.13%, Err 35 (1.0e-05)
425.804 .... 1546 packets received, 7446 bps, 93.08%, Err 35 (1.0e-05)
427.906 .... 1554 packets received, 7448 bps, 93.10%, Err 35 (1.0e-05)
430.022 .... 1562 packets received, 7449 bps, 93.12%, Err 35 (1.0e-05)
432.156 .... 1570 packets received, 7451 bps, 93.13%, Err 35 (1.0e-05)
434.273 .... 1578 packets received, 7452 bps, 93.15%, Err 35 (1.0e-05)
436.390 .... 1586 packets received, 7453 bps, 93.17%, Err 35 (1.0e-05)
438.507 .... 1594 packets received, 7455 bps, 93.18%, Err 36 (1.0e-05)
441.697 .... 1601 packets received, 7433 bps, 92.92%, Err 38 (1.1e-05)
443.844 .... 1612 packets received, 7448 bps, 93.10%, Err 38 (1.1e-05)
445.959 .... 1620 packets received, 7450 bps, 93.12%, Err 38 (1.1e-05)
448.601 .... 1626 packets received, 7433 bps, 92.91%, Err 39 (1.1e-05)
450.718 .... 1637 packets received, 7448 bps, 93.10%, Err 39 (1.1e-05)
452.834 .... 1645 packets received, 7450 bps, 93.12%, Err 39 (1.1e-05)
454.951 .... 1653 packets received, 7451 bps, 93.14%, Err 39 (1.1e-05)
457.083 .... 1661 packets received, 7452 bps, 93.15%, Err 39 (1.1e-05)
459.200 .... 1669 packets received, 7453 bps, 93.17%, Err 39 (1.1e-05)
461.317 .... 1677 packets received, 7455 bps, 93.18%, Err 39 (1.1e-05)
463.450 .... 1685 packets received, 7456 bps, 93.20%, Err 39 (1.1e-05)
465.826 .... 1690 packets received, 7440 bps, 93.00%, Err 40 (1.1e-05)
467.945 .... 1701 packets received, 7454 bps, 93.18%, Err 40 (1.1e-05)
470.061 .... 1709 packets received, 7455 bps, 93.19%, Err 40 (1.1e-05)
472.195 .... 1717 packets received, 7456 bps, 93.20%, Err 40 (1.1e-05)
474.310 .... 1725 packets received, 7458 bps, 93.22%, Err 40 (1.1e-05)
476.948 .... 1731 packets received, 7442 bps, 93.03%, Err 41 (1.1e-05)
479.082 .... 1742 packets received, 7456 bps, 93.20%, Err 41 (1.1e-05)
481.182 .... 1750 packets received, 7458 bps, 93.22%, Err 41 (1.1e-05)
483.315 .... 1758 packets received, 7459 bps, 93.23%, Err 41 (1.1e-05)
485.433 .... 1766 packets received, 7460 bps, 93.25%, Err 41 (1.1e-05)
487.566 .... 1774 packets received, 7461 bps, 93.26%, Err 41 (1.1e-05)
489.684 .... 1782 packets received, 7462 bps, 93.27%, Err 41 (1.0e-05)
491.800 .... 1790 packets received, 7463 bps, 93.29%, Err 41 (1.0e-05)
493.917 .... 1798 packets received, 7464 bps, 93.30%, Err 41 (1.0e-05)
496.019 .... 1806 packets received, 7466 bps, 93.32%, Err 41 (1.0e-05)
498.151 .... 1814 packets received, 7467 bps, 93.33%, Err 41 (1.0e-05)
500.280 .... 1822 packets received, 7468 bps, 93.35%, Err 41 (1.0e-05)
502.392 .... 1830 packets received, 7469 bps, 93.36%, Err 41 (1.0e-05)
504.520 .... 1838 packets received, 7470 bps, 93.37%, Err 41 (1.0e-05)
506.634 .... 1846 packets received, 7471 bps, 93.39%, Err 41 (1.0e-05)
508.746 .... 1854 packets received, 7472 bps, 93.40%, Err 41 (1.0e-05)
510.859 .... 1862 packets received, 7473 bps, 93.42%, Err 41 (1.0e-05)
513.003 .... 1870 packets received, 7474 bps, 93.43%, Err 41 (1.0e-05)
515.102 .... 1878 packets received, 7475 bps, 93.44%, Err 41 (1.0e-05)
517.230 .... 1886 packets received, 7476 bps, 93.45%, Err 41 (9.9e-06)
519.358 .... 1894 packets received, 7477 bps, 93.47%, Err 41 (9.9e-06)
521.456 .... 1902 packets received, 7479 bps, 93.48%, Err 41 (9.8e-06)
523.585 .... 1910 packets received, 7479 bps, 93.49%, Err 41 (9.8e-06)
525.714 .... 1918 packets received, 7480 bps, 93.50%, Err 41 (9.8e-06)
527.841 .... 1926 packets received, 7481 bps, 93.52%, Err 41 (9.7e-06)
529.969 .... 1934 packets received, 7482 bps, 93.53%, Err 42 (9.9e-06)
532.083 .... 1942 packets received, 7483 bps, 93.54%, Err 42 (9.9e-06)
534.180 .... 1950 packets received, 7484 bps, 93.56%, Err 42 (9.8e-06)
536.324 .... 1958 packets received, 7485 bps, 93.56%, Err 42 (9.8e-06)
538.438 .... 1966 packets received, 7486 bps, 93.58%, Err 42 (9.8e-06)
540.550 .... 1974 packets received, 7487 bps, 93.59%, Err 42 (9.7e-06)
542.661 .... 1982 packets received, 7488 bps, 93.60%, Err 42 (9.7e-06)
544.790 .... 1990 packets received, 7489 bps, 93.61%, Err 43 (9.9e-06)
548.233 .... 1993 packets received, 7453 bps, 93.17%, Err 44 (1.0e-05)
550.621 .... 2005 packets received, 7466 bps, 93.32%, Err 44 (1.0e-05)
552.735 .... 2011 packets received, 7459 bps, 93.24%, Err 44 (1.0e-05)
554.848 .... 2017 packets received, 7453 bps, 93.16%, Err 44 (9.9e-06)
557.253 .... 2024 packets received, 7447 bps, 93.08%, Err 44 (9.9e-06)
559.365 .... 2031 packets received, 7444 bps, 93.05%, Err 44 (9.8e-06)
561.494 .... 2037 packets received, 7438 bps, 92.97%, Err 44 (9.8e-06)
563.591 .... 2040 packets received, 7421 bps, 92.76%, Err 45 (1.0e-05)
565.749 .... 2050 packets received, 7429 bps, 92.86%, Err 45 (9.9e-06)
567.874 .... 2058 packets received, 7430 bps, 92.87%, Err 45 (9.9e-06)
571.841 .... 2061 packets received, 7389 bps, 92.36%, Err 48 (1.0e-05)
573.952 .... 2073 packets received, 7405 bps, 92.56%, Err 48 (1.0e-05)
576.081 .... 2079 packets received, 7399 bps, 92.48%, Err 48 (1.0e-05)
578.177 .... 2085 packets received, 7393 bps, 92.41%, Err 48 (1.0e-05)
580.321 .... 2092 packets received, 7390 bps, 92.38%, Err 48 (1.0e-05)
582.419 .... 2098 packets received, 7385 bps, 92.31%, Err 48 (1.0e-05)
584.548 .... 2104 packets received, 7379 bps, 92.24%, Err 48 (1.0e-05)
586.676 .... 2107 packets received, 7363 bps, 92.03%, Err 49 (1.0e-05)
588.788 .... 2117 packets received, 7371 bps, 92.14%, Err 49 (1.0e-05)
590.902 .... 2125 packets received, 7372 bps, 92.16%, Err 49 (1.0e-05)
593.030 .... 2133 packets received, 7374 bps, 92.17%, Err 49 (1.0e-05)
595.157 .... 2141 packets received, 7375 bps, 92.19%, Err 49 (1.0e-05)
598.068 .... 2148 packets received, 7363 bps, 92.04%, Err 50 (1.0e-05)
600.199 .... 2159 packets received, 7374 bps, 92.18%, Err 50 (1.0e-05)
602.314 .... 2167 packets received, 7376 bps, 92.19%, Err 50 (1.0e-05)
604.447 .... 2175 packets received, 7377 bps, 92.21%, Err 50 (1.0e-05)
606.549 .... 2183 packets received, 7378 bps, 92.23%, Err 50 (1.0e-05)
608.666 .... 2191 packets received, 7379 bps, 92.24%, Err 50 (1.0e-05)
610.812 .... 2199 packets received, 7380 bps, 92.25%, Err 50 (1.0e-05)
612.928 .... 2207 packets received, 7382 bps, 92.27%, Err 50 (1.0e-05)
615.044 .... 2215 packets received, 7383 bps, 92.28%, Err 50 (1.0e-05)
617.145 .... 2223 packets received, 7384 bps, 92.30%, Err 50 (1.0e-05)
619.268 .... 2231 packets received, 7385 bps, 92.32%, Err 50 (1.0e-05)
621.398 .... 2239 packets received, 7386 bps, 92.33%, Err 50 (1.0e-05)
623.515 .... 2246 packets received, 7384 bps, 92.30%, Err 51 (1.0e-05)
625.648 .... 2254 packets received, 7385 bps, 92.32%, Err 51 (1.0e-05)
627.749 .... 2262 packets received, 7387 bps, 92.33%, Err 51 (1.0e-05)
629.879 .... 2270 packets received, 7388 bps, 92.35%, Err 51 (1.0e-05)
632.010 .... 2278 packets received, 7389 bps, 92.36%, Err 51 (1.0e-05)
634.127 .... 2285 packets received, 7387 bps, 92.33%, Err 53 (1.0e-05)
636.243 .... 2293 packets received, 7388 bps, 92.35%, Err 53 (1.0e-05)
638.345 .... 2301 packets received, 7389 bps, 92.37%, Err 53 (1.0e-05)
640.477 .... 2309 packets received, 7390 bps, 92.38%, Err 53 (1.0e-05)
642.610 .... 2317 packets received, 7391 bps, 92.39%, Err 53 (1.0e-05)
644.726 .... 2325 packets received, 7392 bps, 92.40%, Err 53 (1.0e-05)
646.857 .... 2333 packets received, 7393 bps, 92.42%, Err 53 (1.0e-05)
648.959 .... 2341 packets received, 7395 bps, 92.43%, Err 53 (1.0e-05)
651.105 .... 2349 packets received, 7395 bps, 92.44%, Err 53 (1.0e-05)
653.221 .... 2357 packets received, 7397 bps, 92.46%, Err 53 (1.0e-05)
655.322 .... 2365 packets received, 7398 bps, 92.47%, Err 53 (1.0e-05)
657.453 .... 2373 packets received, 7399 bps, 92.48%, Err 53 (1.0e-05)
659.586 .... 2381 packets received, 7400 bps, 92.50%, Err 53 (1.0e-05)
662.482 .... 2388 packets received, 7389 bps, 92.36%, Err 54 (1.0e-05)
664.614 .... 2399 packets received, 7399 bps, 92.49%, Err 54 (1.0e-05)
666.751 .... 2407 packets received, 7400 bps, 92.50%, Err 54 (1.0e-05)
668.851 .... 2415 packets received, 7401 bps, 92.52%, Err 54 (1.0e-05)
670.983 .... 2423 packets received, 7402 bps, 92.53%, Err 54 (1.0e-05)
673.101 .... 2431 packets received, 7403 bps, 92.54%, Err 54 (1.0e-05)
675.217 .... 2438 packets received, 7401 bps, 92.52%, Err 55 (1.0e-05)
677.348 .... 2445 packets received, 7399 bps, 92.49%, Err 56 (1.0e-05)
679.461 .... 2452 packets received, 7397 bps, 92.47%, Err 57 (1.0e-05)
681.608 .... 2460 packets received, 7398 bps, 92.47%, Err 57 (1.0e-05)
683.727 .... 2468 packets received, 7399 bps, 92.49%, Err 57 (1.0e-05)
685.842 .... 2476 packets received, 7400 bps, 92.50%, Err 57 (1.0e-05)
687.942 .... 2484 packets received, 7401 bps, 92.52%, Err 57 (1.0e-05)
690.059 .... 2492 packets received, 7402 bps, 92.53%, Err 57 (1.0e-05)
692.467 .... 2497 packets received, 7391 bps, 92.39%, Err 58 (1.0e-05)
694.586 .... 2508 packets received, 7401 bps, 92.52%, Err 58 (1.0e-05)
696.689 .... 2516 packets received, 7402 bps, 92.53%, Err 58 (1.0e-05)
698.821 .... 2524 packets received, 7403 bps, 92.54%, Err 58 (1.0e-05)
700.951 .... 2532 packets received, 7404 bps, 92.55%, Err 58 (1.0e-05)
703.079 .... 2540 packets received, 7405 bps, 92.56%, Err 58 (1.0e-05)
705.729 .... 2544 packets received, 7389 bps, 92.36%, Err 59 (1.0e-05)
707.826 .... 2557 packets received, 7405 bps, 92.56%, Err 59 (1.0e-05)
709.967 .... 2565 packets received, 7405 bps, 92.57%, Err 59 (1.0e-05)
712.080 .... 2573 packets received, 7406 bps, 92.58%, Err 59 (1.0e-05)
714.218 .... 2581 packets received, 7407 bps, 92.59%, Err 59 (1.0e-05)
716.330 .... 2589 packets received, 7408 bps, 92.60%, Err 59 (1.0e-05)
718.428 .... 2597 packets received, 7409 bps, 92.62%, Err 59 (1.0e-05)
720.561 .... 2605 packets received, 7410 bps, 92.63%, Err 59 (1.0e-05)
722.684 .... 2613 packets received, 7411 bps, 92.64%, Err 59 (1.0e-05)
724.797 .... 2621 packets received, 7412 bps, 92.65%, Err 59 (1.0e-05)
726.925 .... 2629 packets received, 7413 bps, 92.66%, Err 59 (1.0e-05)
729.023 .... 2637 packets received, 7414 bps, 92.68%, Err 59 (1.0e-05)
731.165 .... 2645 packets received, 7415 bps, 92.68%, Err 59 (1.0e-05)
733.263 .... 2653 packets received, 7416 bps, 92.70%, Err 60 (1.0e-05)
735.390 .... 2660 packets received, 7414 bps, 92.67%, Err 60 (1.0e-05)
737.516 .... 2668 packets received, 7415 bps, 92.68%, Err 60 (1.0e-05)
739.643 .... 2676 packets received, 7416 bps, 92.69%, Err 60 (1.0e-05)
741.756 .... 2684 packets received, 7417 bps, 92.71%, Err 60 (1.0e-05)
743.867 .... 2692 packets received, 7418 bps, 92.72%, Err 60 (1.0e-05)
746.009 .... 2700 packets received, 7418 bps, 92.73%, Err 60 (1.0e-05)
748.119 .... 2708 packets received, 7419 bps, 92.74%, Err 60 (1.0e-05)
750.263 .... 2716 packets received, 7420 bps, 92.75%, Err 60 (1.0e-05)
752.375 .... 2724 packets received, 7421 bps, 92.76%, Err 60 (1.0e-05)
754.471 .... 2732 packets received, 7422 bps, 92.77%, Err 60 (9.9e-06)
756.601 .... 2740 packets received, 7423 bps, 92.78%, Err 60 (9.9e-06)
758.711 .... 2748 packets received, 7424 bps, 92.79%, Err 60 (9.9e-06)
760.834 .... 2756 packets received, 7424 bps, 92.80%, Err 60 (9.9e-06)
762.946 .... 2764 packets received, 7425 bps, 92.82%, Err 60 (9.8e-06)
765.089 .... 2772 packets received, 7426 bps, 92.82%, Err 60 (9.8e-06)
767.187 .... 2780 packets received, 7427 bps, 92.84%, Err 61 (9.9e-06)
769.327 .... 2787 packets received, 7425 bps, 92.81%, Err 61 (9.9e-06)
771.424 .... 2795 packets received, 7426 bps, 92.82%, Err 61 (9.9e-06)
773.551 .... 2803 packets received, 7427 bps, 92.83%, Err 61 (9.9e-06)
775.677 .... 2811 packets received, 7428 bps, 92.84%, Err 61 (9.8e-06)
777.804 .... 2819 packets received, 7428 bps, 92.85%, Err 61 (9.8e-06)
779.902 .... 2827 packets received, 7429 bps, 92.87%, Err 61 (9.8e-06)
784.966 .... 2835 packets received, 7402 bps, 92.53%, Err 63 (1.0e-05)
787.353 .... 2848 packets received, 7414 bps, 92.67%, Err 63 (1.0e-05)
789.464 .... 2853 packets received, 7407 bps, 92.58%, Err 63 (1.0e-05)
791.594 .... 2857 packets received, 7397 bps, 92.46%, Err 63 (1.0e-05)
793.705 .... 2862 packets received, 7390 bps, 92.38%, Err 63 (9.9e-06)
796.107 .... 2867 packets received, 7381 bps, 92.26%, Err 63 (9.9e-06)
798.479 .... 2874 packets received, 7377 bps, 92.21%, Err 63 (9.9e-06)
800.594 .... 2880 packets received, 7373 bps, 92.16%, Err 63 (9.8e-06)
802.970 .... 2884 packets received, 7361 bps, 92.02%, Err 64 (1.0e-05)
805.115 .... 2894 packets received, 7367 bps, 92.09%, Err 64 (9.9e-06)
807.766 .... 2900 packets received, 7358 bps, 91.98%, Err 65 (1.0e-05)
809.897 .... 2911 packets received, 7367 bps, 92.08%, Err 65 (1.0e-05)
811.998 .... 2919 packets received, 7368 bps, 92.10%, Err 65 (1.0e-05)
814.131 .... 2927 packets received, 7368 bps, 92.11%, Err 65 (1.0e-05)
816.263 .... 2935 packets received, 7369 bps, 92.12%, Err 65 (1.0e-05)
818.395 .... 2943 packets received, 7370 bps, 92.13%, Err 65 (9.9e-06)
820.511 .... 2951 packets received, 7371 bps, 92.14%, Err 65 (9.9e-06)
822.627 .... 2959 packets received, 7372 bps, 92.15%, Err 65 (9.9e-06)
824.744 .... 2967 packets received, 7373 bps, 92.16%, Err 65 (9.9e-06)
827.643 .... 2974 packets received, 7364 bps, 92.06%, Err 66 (1.0e-05)
829.775 .... 2985 packets received, 7373 bps, 92.16%, Err 66 (9.9e-06)
831.906 .... 2993 packets received, 7374 bps, 92.17%, Err 66 (9.9e-06)
834.022 .... 3001 packets received, 7374 bps, 92.18%, Err 66 (9.9e-06)
836.139 .... 3009 packets received, 7375 bps, 92.19%, Err 66 (9.9e-06)
838.285 .... 3016 packets received, 7374 bps, 92.17%, Err 67 (1.0e-05)
840.386 .... 3024 packets received, 7375 bps, 92.18%, Err 67 (1.0e-05)
842.503 .... 3032 packets received, 7376 bps, 92.19%, Err 67 (9.9e-06)
844.604 .... 3040 packets received, 7377 bps, 92.21%, Err 67 (9.9e-06)
847.810 .... 3048 packets received, 7368 bps, 92.10%, Err 68 (1.0e-05)
849.927 .... 3059 packets received, 7376 bps, 92.20%, Err 68 (1.0e-05)
852.059 .... 3067 packets received, 7377 bps, 92.21%, Err 68 (1.0e-05)
854.175 .... 3075 packets received, 7378 bps, 92.22%, Err 68 (1.0e-05)
856.290 .... 3083 packets received, 7379 bps, 92.23%, Err 68 (9.9e-06)
858.423 .... 3091 packets received, 7380 bps, 92.24%, Err 68 (9.9e-06)
861.600 .... 3099 packets received, 7371 bps, 92.14%, Err 69 (1.0e-05)
863.700 .... 3110 packets received, 7380 bps, 92.24%, Err 69 (1.0e-05)
865.817 .... 3118 packets received, 7380 bps, 92.25%, Err 69 (1.0e-05)
867.963 .... 3126 packets received, 7381 bps, 92.26%, Err 69 (9.9e-06)
870.097 .... 3134 packets received, 7382 bps, 92.27%, Err 69 (9.9e-06)
872.198 .... 3142 packets received, 7383 bps, 92.28%, Err 70 (1.0e-05)
874.326 .... 3150 packets received, 7384 bps, 92.29%, Err 70 (1.0e-05)
876.459 .... 3158 packets received, 7384 bps, 92.30%, Err 70 (1.0e-05)
878.575 .... 3166 packets received, 7385 bps, 92.31%, Err 70 (1.0e-05)
880.693 .... 3174 packets received, 7386 bps, 92.32%, Err 70 (9.9e-06)
882.795 .... 3182 packets received, 7387 bps, 92.34%, Err 70 (9.9e-06)
884.911 .... 3190 packets received, 7388 bps, 92.35%, Err 70 (9.9e-06)
887.059 .... 3198 packets received, 7388 bps, 92.35%, Err 70 (9.9e-06)
890.217 .... 3206 packets received, 7381 bps, 92.26%, Err 72 (1.0e-05)
892.379 .... 3217 packets received, 7388 bps, 92.35%, Err 72 (1.0e-05)
894.481 .... 3225 packets received, 7389 bps, 92.36%, Err 72 (1.0e-05)
896.583 .... 3233 packets received, 7390 bps, 92.37%, Err 72 (1.0e-05)
898.715 .... 3241 packets received, 7391 bps, 92.38%, Err 72 (1.0e-05)
900.843 .... 3249 packets received, 7391 bps, 92.39%, Err 72 (1.0e-05)
902.971 .... 3257 packets received, 7392 bps, 92.40%, Err 72 (1.0e-05)
905.084 .... 3265 packets received, 7393 bps, 92.41%, Err 72 (9.9e-06)
907.212 .... 3273 packets received, 7394 bps, 92.42%, Err 72 (9.9e-06)
909.323 .... 3281 packets received, 7394 bps, 92.43%, Err 72 (9.9e-06)
911.436 .... 3289 packets received, 7395 bps, 92.44%, Err 72 (9.9e-06)
913.549 .... 3297 packets received, 7396 bps, 92.45%, Err 72 (9.9e-06)
916.195 .... 3302 packets received, 7386 bps, 92.32%, Err 73 (1.0e-05)
918.337 .... 3314 packets received, 7395 bps, 92.44%, Err 73 (9.9e-06)
920.465 .... 3322 packets received, 7396 bps, 92.45%, Err 73 (9.9e-06)
922.577 .... 3330 packets received, 7397 bps, 92.46%, Err 73 (9.9e-06)
924.674 .... 3338 packets received, 7398 bps, 92.47%, Err 73 (9.9e-06)
926.803 .... 3346 packets received, 7399 bps, 92.48%, Err 73 (9.8e-06)
929.452 .... 3352 packets received, 7391 bps, 92.38%, Err 74 (1.0e-05)
931.595 .... 3363 packets received, 7398 bps, 92.47%, Err 74 (9.9e-06)
933.707 .... 3371 packets received, 7399 bps, 92.48%, Err 74 (9.9e-06)
935.835 .... 3379 packets received, 7399 bps, 92.49%, Err 74 (9.9e-06)
937.961 .... 3387 packets received, 7400 bps, 92.50%, Err 74 (9.9e-06)
940.059 .... 3395 packets received, 7401 bps, 92.51%, Err 74 (9.8e-06)
942.187 .... 3403 packets received, 7402 bps, 92.52%, Err 74 (9.8e-06)
944.329 .... 3411 packets received, 7402 bps, 92.53%, Err 74 (9.8e-06)
946.456 .... 3419 packets received, 7403 bps, 92.54%, Err 74 (9.8e-06)
948.568 .... 3427 packets received, 7404 bps, 92.55%, Err 74 (9.8e-06)
950.680 .... 3435 packets received, 7404 bps, 92.56%, Err 74 (9.7e-06)
952.794 .... 3443 packets received, 7405 bps, 92.57%, Err 74 (9.7e-06)
954.922 .... 3451 packets received, 7406 bps, 92.57%, Err 74 (9.7e-06)
957.037 .... 3459 packets received, 7407 bps, 92.58%, Err 74 (9.7e-06)
959.165 .... 3467 packets received, 7407 bps, 92.59%, Err 74 (9.6e-06)
961.275 .... 3475 packets received, 7408 bps, 92.60%, Err 74 (9.6e-06)
963.416 .... 3483 packets received, 7409 bps, 92.61%, Err 74 (9.6e-06)
965.511 .... 3491 packets received, 7410 bps, 92.62%, Err 74 (9.6e-06)
967.654 .... 3499 packets received, 7410 bps, 92.63%, Err 74 (9.6e-06)
969.764 .... 3507 packets received, 7411 bps, 92.64%, Err 74 (9.5e-06)
972.702 .... 3514 packets received, 7403 bps, 92.54%, Err 75 (9.6e-06)
974.800 .... 3525 packets received, 7410 bps, 92.63%, Err 75 (9.6e-06)
976.912 .... 3533 packets received, 7411 bps, 92.64%, Err 75 (9.6e-06)
979.576 .... 3539 packets received, 7404 bps, 92.54%, Err 76 (9.7e-06)
981.687 .... 3550 packets received, 7411 bps, 92.63%, Err 76 (9.7e-06)
983.815 .... 3558 packets received, 7411 bps, 92.64%, Err 76 (9.7e-06)
985.940 .... 3566 packets received, 7412 bps, 92.65%, Err 77 (9.8e-06)
988.053 .... 3574 packets received, 7413 bps, 92.66%, Err 77 (9.7e-06)
990.164 .... 3578 packets received, 7405 bps, 92.56%, Err 78 (9.9e-06)
992.306 .... 3589 packets received, 7412 bps, 92.65%, Err 78 (9.8e-06)
994.434 .... 3597 packets received, 7412 bps, 92.65%, Err 78 (9.8e-06)
996.547 .... 3605 packets received, 7413 bps, 92.66%, Err 78 (9.8e-06)
998.659 .... 3613 packets received, 7414 bps, 92.67%, Err 78 (9.8e-06)
1001.553 .... 3619 packets received, 7405 bps, 92.56%, Err 79 (9.9e-06)
1003.700 .... 3631 packets received, 7413 bps, 92.67%, Err 79 (9.8e-06)
1005.816 .... 3639 packets received, 7414 bps, 92.67%, Err 79 (9.8e-06)
1007.933 .... 3647 packets received, 7415 bps, 92.68%, Err 79 (9.8e-06)
1010.033 .... 3655 packets received, 7415 bps, 92.69%, Err 79 (9.8e-06)
1012.165 .... 3663 packets received, 7416 bps, 92.70%, Err 79 (9.8e-06)
1014.297 .... 3671 packets received, 7417 bps, 92.71%, Err 79 (9.7e-06)
1016.426 .... 3679 packets received, 7417 bps, 92.71%, Err 79 (9.7e-06)
1018.544 .... 3687 packets received, 7418 bps, 92.72%, Err 79 (9.7e-06)
1020.675 .... 3695 packets received, 7418 bps, 92.73%, Err 79 (9.7e-06)
1022.792 .... 3703 packets received, 7419 bps, 92.74%, Err 79 (9.7e-06)
1025.429 .... 3709 packets received, 7412 bps, 92.65%, Err 81 (9.9e-06)
1027.561 .... 3720 packets received, 7419 bps, 92.73%, Err 81 (9.9e-06)
1029.662 .... 3728 packets received, 7419 bps, 92.74%, Err 81 (9.8e-06)
1031.796 .... 3736 packets received, 7420 bps, 92.75%, Err 81 (9.8e-06)
1033.912 .... 3744 packets received, 7420 bps, 92.76%, Err 81 (9.8e-06)
1036.028 .... 3752 packets received, 7421 bps, 92.76%, Err 81 (9.8e-06)
1038.144 .... 3760 packets received, 7422 bps, 92.77%, Err 81 (9.8e-06)
1040.289 .... 3768 packets received, 7422 bps, 92.78%, Err 81 (9.7e-06)
1042.392 .... 3776 packets received, 7423 bps, 92.79%, Err 82 (9.8e-06)
1044.521 .... 3783 packets received, 7422 bps, 92.77%, Err 83 (9.9e-06)
1046.651 .... 3791 packets received, 7422 bps, 92.78%, Err 83 (9.9e-06)
1048.768 .... 3799 packets received, 7423 bps, 92.78%, Err 83 (9.9e-06)
1050.871 .... 3807 packets received, 7424 bps, 92.79%, Err 83 (9.9e-06)
1052.989 .... 3811 packets received, 7416 bps, 92.70%, Err 84 (1.0e-05)
1055.382 .... 3819 packets received, 7415 bps, 92.69%, Err 85 (1.0e-05)
1057.515 .... 3830 packets received, 7421 bps, 92.77%, Err 85 (1.0e-05)
1059.633 .... 3838 packets received, 7422 bps, 92.78%, Err 86 (1.0e-05)
1061.750 .... 3845 packets received, 7421 bps, 92.76%, Err 86 (1.0e-05)
1063.867 .... 3853 packets received, 7421 bps, 92.77%, Err 87 (1.0e-05)
1065.983 .... 3857 packets received, 7414 bps, 92.68%, Err 88 (1.0e-05)
1068.132 .... 3868 packets received, 7421 bps, 92.76%, Err 88 (1.0e-05)
1070.247 .... 3876 packets received, 7421 bps, 92.76%, Err 88 (1.0e-05)
1072.348 .... 3884 packets received, 7422 bps, 92.77%, Err 88 (1.0e-05)
1074.479 .... 3892 packets received, 7422 bps, 92.78%, Err 88 (1.0e-05)
1076.626 .... 3900 packets received, 7423 bps, 92.79%, Err 88 (1.0e-05)
1078.726 .... 3908 packets received, 7424 bps, 92.79%, Err 88 (1.0e-05)
1080.869 .... 3916 packets received, 7424 bps, 92.80%, Err 88 (1.0e-05)
1082.955 .... 3924 packets received, 7425 bps, 92.81%, Err 88 (1.0e-05)
1085.087 .... 3932 packets received, 7425 bps, 92.82%, Err 88 (1.0e-05)
1087.203 .... 3940 packets received, 7426 bps, 92.82%, Err 88 (1.0e-05)
1089.336 .... 3948 packets received, 7426 bps, 92.83%, Err 88 (1.0e-05)
1091.438 .... 3956 packets received, 7427 bps, 92.84%, Err 88 (1.0e-05)
1093.583 .... 3964 packets received, 7428 bps, 92.85%, Err 88 (1.0e-05)
1095.700 .... 3972 packets received, 7428 bps, 92.85%, Err 88 (1.0e-05)
1097.801 .... 3980 packets received, 7429 bps, 92.86%, Err 88 (1.0e-05)
1099.931 .... 3988 packets received, 7429 bps, 92.87%, Err 88 (1.0e-05)
1102.855 .... 3994 packets received, 7421 bps, 92.76%, Err 90 (1.0e-05)
1104.967 .... 4005 packets received, 7427 bps, 92.84%, Err 90 (1.0e-05)
1107.080 .... 4013 packets received, 7428 bps, 92.85%, Err 90 (1.0e-05)
1109.193 .... 4021 packets received, 7428 bps, 92.85%, Err 90 (1.0e-05)
1111.321 .... 4029 packets received, 7429 bps, 92.86%, Err 90 (1.0e-05)
1113.434 .... 4037 packets received, 7429 bps, 92.87%, Err 90 (1.0e-05)
1115.577 .... 4045 packets received, 7430 bps, 92.87%, Err 90 (1.0e-05)
1117.688 .... 4053 packets received, 7430 bps, 92.88%, Err 90 (1.0e-05)
1119.799 .... 4061 packets received, 7431 bps, 92.89%, Err 90 (1.0e-05)
1121.926 .... 4069 packets received, 7432 bps, 92.90%, Err 90 (1.0e-05)
1124.036 .... 4077 packets received, 7432 bps, 92.90%, Err 90 (1.0e-05)
1126.178 .... 4085 packets received, 7433 bps, 92.91%, Err 91 (1.0e-05)
1128.276 .... 4093 packets received, 7433 bps, 92.92%, Err 91 (1.0e-05)
1130.405 .... 4101 packets received, 7434 bps, 92.92%, Err 91 (1.0e-05)
1132.531 .... 4109 packets received, 7434 bps, 92.93%, Err 91 (1.0e-05)
1134.672 .... 4117 packets received, 7435 bps, 92.93%, Err 91 (1.0e-05)
1136.769 .... 4125 packets received, 7435 bps, 92.94%, Err 91 (1.0e-05)
1138.882 .... 4133 packets received, 7436 bps, 92.95%, Err 91 (1.0e-05)
1141.007 .... 4141 packets received, 7437 bps, 92.96%, Err 91 (1.0e-05)
1143.136 .... 4149 packets received, 7437 bps, 92.96%, Err 91 (1.0e-05)
1145.249 .... 4157 packets received, 7438 bps, 92.97%, Err 91 (9.9e-06)
1148.968 .... 4165 packets received, 7428 bps, 92.85%, Err 92 (1.0e-05)
1151.081 .... 4178 packets received, 7437 bps, 92.97%, Err 92 (1.0e-05)
1153.221 .... 4186 packets received, 7438 bps, 92.97%, Err 92 (1.0e-05)
1155.319 .... 4194 packets received, 7438 bps, 92.98%, Err 92 (1.0e-05)
1157.447 .... 4202 packets received, 7439 bps, 92.99%, Err 92 (9.9e-06)
1159.559 .... 4210 packets received, 7439 bps, 92.99%, Err 92 (9.9e-06)
1161.687 .... 4218 packets received, 7440 bps, 93.00%, Err 92 (9.9e-06)
1164.321 .... 4224 packets received, 7434 bps, 92.92%, Err 93 (1.0e-05)
1166.431 .... 4235 packets received, 7440 bps, 92.99%, Err 93 (1.0e-05)
1168.571 .... 4243 packets received, 7440 bps, 93.00%, Err 93 (1.0e-05)
1170.711 .... 4251 packets received, 7440 bps, 93.00%, Err 93 (9.9e-06)
1172.821 .... 4259 packets received, 7441 bps, 93.01%, Err 93 (9.9e-06)
1174.931 .... 4267 packets received, 7442 bps, 93.02%, Err 94 (1.0e-05)
1177.060 .... 4274 packets received, 7440 bps, 93.00%, Err 94 (1.0e-05)
1179.157 .... 4282 packets received, 7441 bps, 93.01%, Err 94 (1.0e-05)
1181.300 .... 4290 packets received, 7441 bps, 93.02%, Err 94 (9.9e-06)
1183.413 .... 4298 packets received, 7442 bps, 93.02%, Err 94 (9.9e-06)
1185.525 .... 4306 packets received, 7442 bps, 93.03%, Err 94 (9.9e-06)
1187.666 .... 4314 packets received, 7443 bps, 93.03%, Err 95 (1.0e-05)
1189.767 .... 4322 packets received, 7443 bps, 93.04%, Err 95 (1.0e-05)
1191.881 .... 4329 packets received, 7442 bps, 93.03%, Err 96 (1.0e-05)
1194.009 .... 4337 packets received, 7443 bps, 93.03%, Err 96 (1.0e-05)
1196.152 .... 4345 packets received, 7443 bps, 93.04%, Err 96 (1.0e-05)
1198.266 .... 4353 packets received, 7444 bps, 93.04%, Err 96 (1.0e-05)
1200.026 Quit.
