000.000 =============================================================
000.000                     Station A                               
000.000 -------------------------------------------------------------
000.000 Protocol.lib, version 4.0, jiangyanjun0718@bupt.edu.cn
000.000 Channel: 8000 bps, 270 ms propagation delay, bit error rate 1.0E-05
000.000 Log file "fA.log", TCP port 30014, debug mask 0x00
000.000 Station A is waiting for station B on TCP port 30014 ... Done.
000.328 New epoch: Thu May 16 18:54:58 2019
000.328 =================================================================
000.328 
000.328 Designed by CJSoft, build: May 16 2019  17:18:52
002.762 .... 8 packets received, 7582 bps, 94.77%, Err 0 (0.0e+00)
004.875 .... 16 packets received, 7667 bps, 95.84%, Err 0 (0.0e+00)
006.987 .... 24 packets received, 7697 bps, 96.21%, Err 1 (1.9e-05)
009.134 .... 32 packets received, 7680 bps, 96.00%, Err 1 (1.4e-05)
011.250 .... 40 packets received, 7693 bps, 96.16%, Err 1 (1.1e-05)
013.368 .... 48 packets received, 7700 bps, 96.25%, Err 1 (9.6e-06)
015.472 .... 56 packets received, 7712 bps, 96.40%, Err 1 (8.3e-06)
017.868 .... 61 packets received, 7235 bps, 90.44%, Err 2 (1.4e-05)
019.987 .... 72 packets received, 7606 bps, 95.08%, Err 2 (1.3e-05)
022.100 .... 80 packets received, 7621 bps, 95.26%, Err 2 (1.1e-05)
024.217 .... 88 packets received, 7631 bps, 95.39%, Err 2 (1.0e-05)
026.365 .... 96 packets received, 7631 bps, 95.39%, Err 2 (9.6e-06)
028.480 .... 104 packets received, 7640 bps, 95.50%, Err 2 (8.9e-06)
030.613 .... 112 packets received, 7643 bps, 95.54%, Err 2 (8.3e-06)
032.729 .... 120 packets received, 7649 bps, 95.62%, Err 2 (7.7e-06)
034.845 .... 128 packets received, 7655 bps, 95.69%, Err 2 (7.2e-06)
036.977 .... 136 packets received, 7657 bps, 95.71%, Err 2 (6.8e-06)
039.094 .... 140 packets received, 7449 bps, 93.11%, Err 3 (9.7e-06)
041.211 .... 151 packets received, 7615 bps, 95.19%, Err 3 (9.2e-06)
043.361 .... 159 packets received, 7615 bps, 95.19%, Err 3 (8.7e-06)
045.493 .... 167 packets received, 7619 bps, 95.23%, Err 4 (1.1e-05)
047.626 .... 175 packets received, 7621 bps, 95.27%, Err 4 (1.1e-05)
049.742 .... 183 packets received, 7627 bps, 95.33%, Err 4 (1.0e-05)
051.891 .... 191 packets received, 7627 bps, 95.33%, Err 4 (9.7e-06)
055.359 .... 199 packets received, 7443 bps, 93.03%, Err 5 (1.1e-05)
057.477 .... 211 packets received, 7598 bps, 94.97%, Err 5 (1.1e-05)
059.609 .... 219 packets received, 7601 bps, 95.01%, Err 5 (1.1e-05)
061.756 .... 227 packets received, 7602 bps, 95.02%, Err 5 (1.0e-05)
063.871 .... 235 packets received, 7607 bps, 95.08%, Err 5 (9.8e-06)
066.004 .... 243 packets received, 7609 bps, 95.11%, Err 5 (9.5e-06)
068.151 .... 251 packets received, 7610 bps, 95.12%, Err 5 (9.2e-06)
070.283 .... 259 packets received, 7612 bps, 95.15%, Err 5 (8.9e-06)
072.399 .... 267 packets received, 7616 bps, 95.20%, Err 5 (8.7e-06)
074.517 .... 275 packets received, 7619 bps, 95.24%, Err 5 (8.4e-06)
076.634 .... 283 packets received, 7623 bps, 95.28%, Err 5 (8.2e-06)
078.765 .... 291 packets received, 7625 bps, 95.31%, Err 5 (8.0e-06)
080.882 .... 299 packets received, 7628 bps, 95.35%, Err 5 (7.8e-06)
083.013 .... 307 packets received, 7629 bps, 95.36%, Err 5 (7.6e-06)
085.391 .... 312 packets received, 7536 bps, 94.20%, Err 6 (8.8e-06)
087.525 .... 323 packets received, 7610 bps, 95.13%, Err 6 (8.6e-06)
089.628 .... 331 packets received, 7614 bps, 95.18%, Err 6 (8.4e-06)
091.746 .... 339 packets received, 7617 bps, 95.22%, Err 6 (8.2e-06)
093.879 .... 347 packets received, 7619 bps, 95.23%, Err 6 (8.0e-06)
095.997 .... 355 packets received, 7621 bps, 95.27%, Err 6 (7.8e-06)
098.099 .... 363 packets received, 7625 bps, 95.31%, Err 6 (7.7e-06)
100.217 .... 371 packets received, 7627 bps, 95.34%, Err 6 (7.5e-06)
102.346 .... 379 packets received, 7629 bps, 95.36%, Err 6 (7.4e-06)
104.489 .... 387 packets received, 7629 bps, 95.36%, Err 6 (7.2e-06)
107.656 .... 395 packets received, 7556 bps, 94.46%, Err 7 (8.2e-06)
109.768 .... 406 packets received, 7617 bps, 95.21%, Err 7 (8.0e-06)
111.895 .... 414 packets received, 7618 bps, 95.23%, Err 7 (7.8e-06)
114.008 .... 422 packets received, 7621 bps, 95.26%, Err 7 (7.7e-06)
116.152 .... 430 packets received, 7621 bps, 95.27%, Err 7 (7.6e-06)
118.250 .... 438 packets received, 7625 bps, 95.31%, Err 7 (7.4e-06)
120.378 .... 446 packets received, 7626 bps, 95.32%, Err 7 (7.3e-06)
122.506 .... 454 packets received, 7627 bps, 95.34%, Err 7 (7.2e-06)
124.619 .... 462 packets received, 7629 bps, 95.37%, Err 7 (7.0e-06)
126.732 .... 470 packets received, 7631 bps, 95.39%, Err 7 (6.9e-06)
128.861 .... 477 packets received, 7617 bps, 95.21%, Err 8 (7.8e-06)
130.989 .... 485 packets received, 7618 bps, 95.22%, Err 8 (7.7e-06)
133.103 .... 493 packets received, 7620 bps, 95.25%, Err 8 (7.5e-06)
135.231 .... 501 packets received, 7621 bps, 95.27%, Err 8 (7.4e-06)
137.862 .... 507 packets received, 7565 bps, 94.56%, Err 9 (8.2e-06)
140.005 .... 518 packets received, 7610 bps, 95.12%, Err 9 (8.1e-06)
142.115 .... 526 packets received, 7612 bps, 95.15%, Err 9 (7.9e-06)
144.229 .... 534 packets received, 7614 bps, 95.18%, Err 9 (7.8e-06)
146.358 .... 542 packets received, 7616 bps, 95.19%, Err 9 (7.7e-06)
148.487 .... 550 packets received, 7617 bps, 95.21%, Err 9 (7.6e-06)
150.631 .... 558 packets received, 7617 bps, 95.21%, Err 9 (7.5e-06)
152.760 .... 561 packets received, 7551 bps, 94.39%, Err 11 (9.0e-06)
155.424 .... 572 packets received, 7566 bps, 94.58%, Err 11 (8.9e-06)
157.553 .... 578 packets received, 7542 bps, 94.28%, Err 11 (8.7e-06)
159.667 .... 584 packets received, 7519 bps, 93.99%, Err 11 (8.6e-06)
161.766 .... 590 packets received, 7497 bps, 93.72%, Err 11 (8.5e-06)
163.896 .... 593 packets received, 7437 bps, 92.97%, Err 12 (9.2e-06)
166.024 .... 603 packets received, 7465 bps, 93.32%, Err 12 (9.1e-06)
168.153 .... 611 packets received, 7468 bps, 93.35%, Err 12 (8.9e-06)
171.308 .... 619 packets received, 7426 bps, 92.83%, Err 13 (9.5e-06)
173.452 .... 630 packets received, 7464 bps, 93.31%, Err 13 (9.4e-06)
175.580 .... 638 packets received, 7467 bps, 93.34%, Err 13 (9.3e-06)
177.694 .... 646 packets received, 7471 bps, 93.38%, Err 13 (9.2e-06)
179.809 .... 654 packets received, 7474 bps, 93.42%, Err 14 (9.8e-06)
181.922 .... 661 packets received, 7466 bps, 93.32%, Err 14 (9.6e-06)
184.049 .... 669 packets received, 7469 bps, 93.36%, Err 14 (9.5e-06)
186.178 .... 677 packets received, 7471 bps, 93.39%, Err 14 (9.4e-06)
188.277 .... 685 packets received, 7475 bps, 93.44%, Err 14 (9.3e-06)
190.667 .... 690 packets received, 7435 bps, 92.94%, Err 15 (9.9e-06)
193.334 .... 699 packets received, 7428 bps, 92.85%, Err 16 (1.0e-05)
195.458 .... 710 packets received, 7462 bps, 93.28%, Err 16 (1.0e-05)
197.585 .... 718 packets received, 7465 bps, 93.31%, Err 16 (1.0e-05)
199.699 .... 726 packets received, 7468 bps, 93.35%, Err 16 (1.0e-05)
201.830 .... 734 packets received, 7470 bps, 93.38%, Err 16 (9.9e-06)
203.933 .... 742 packets received, 7474 bps, 93.42%, Err 16 (9.8e-06)
206.067 .... 750 packets received, 7476 bps, 93.45%, Err 16 (9.7e-06)
208.186 .... 758 packets received, 7478 bps, 93.48%, Err 16 (9.6e-06)
210.319 .... 766 packets received, 7480 bps, 93.50%, Err 16 (9.5e-06)
212.700 .... 771 packets received, 7445 bps, 93.06%, Err 17 (1.0e-05)
214.820 .... 782 packets received, 7476 bps, 93.45%, Err 17 (9.9e-06)
216.940 .... 790 packets received, 7479 bps, 93.48%, Err 17 (9.8e-06)
219.059 .... 798 packets received, 7481 bps, 93.51%, Err 17 (9.7e-06)
221.162 .... 806 packets received, 7484 bps, 93.55%, Err 17 (9.6e-06)
223.296 .... 814 packets received, 7486 bps, 93.57%, Err 17 (9.5e-06)
225.413 .... 822 packets received, 7488 bps, 93.60%, Err 17 (9.4e-06)
227.532 .... 830 packets received, 7491 bps, 93.63%, Err 17 (9.4e-06)
229.680 .... 838 packets received, 7492 bps, 93.65%, Err 17 (9.3e-06)
231.782 .... 846 packets received, 7495 bps, 93.68%, Err 17 (9.2e-06)
233.902 .... 854 packets received, 7497 bps, 93.71%, Err 17 (9.1e-06)
236.020 .... 862 packets received, 7499 bps, 93.74%, Err 17 (9.0e-06)
238.138 .... 870 packets received, 7501 bps, 93.76%, Err 17 (8.9e-06)
240.794 .... 876 packets received, 7469 bps, 93.36%, Err 18 (9.4e-06)
242.915 .... 887 packets received, 7497 bps, 93.71%, Err 18 (9.3e-06)
245.031 .... 895 packets received, 7499 bps, 93.74%, Err 18 (9.2e-06)
247.164 .... 903 packets received, 7500 bps, 93.76%, Err 18 (9.1e-06)
249.267 .... 911 packets received, 7503 bps, 93.79%, Err 18 (9.0e-06)
251.387 .... 919 packets received, 7505 bps, 93.81%, Err 18 (9.0e-06)
253.505 .... 927 packets received, 7507 bps, 93.83%, Err 18 (8.9e-06)
255.668 .... 935 packets received, 7507 bps, 93.84%, Err 18 (8.8e-06)
257.786 .... 943 packets received, 7509 bps, 93.87%, Err 18 (8.7e-06)
259.891 .... 951 packets received, 7511 bps, 93.89%, Err 18 (8.7e-06)
262.010 .... 955 packets received, 7482 bps, 93.52%, Err 20 (9.6e-06)
264.130 .... 965 packets received, 7499 bps, 93.74%, Err 20 (9.5e-06)
266.235 .... 973 packets received, 7502 bps, 93.77%, Err 20 (9.4e-06)
268.369 .... 981 packets received, 7503 bps, 93.79%, Err 20 (9.3e-06)
270.489 .... 989 packets received, 7505 bps, 93.81%, Err 20 (9.3e-06)
272.607 .... 997 packets received, 7507 bps, 93.83%, Err 20 (9.2e-06)
274.723 .... 1004 packets received, 7501 bps, 93.76%, Err 21 (9.6e-06)
276.853 .... 1012 packets received, 7502 bps, 93.78%, Err 21 (9.5e-06)
278.986 .... 1020 packets received, 7504 bps, 93.80%, Err 21 (9.4e-06)
281.105 .... 1028 packets received, 7506 bps, 93.82%, Err 22 (9.8e-06)
283.207 .... 1036 packets received, 7508 bps, 93.85%, Err 22 (9.7e-06)
285.325 .... 1044 packets received, 7509 bps, 93.87%, Err 22 (9.7e-06)
287.458 .... 1052 packets received, 7511 bps, 93.88%, Err 22 (9.6e-06)
289.589 .... 1060 packets received, 7512 bps, 93.90%, Err 22 (9.5e-06)
291.707 .... 1067 packets received, 7507 bps, 93.83%, Err 23 (9.9e-06)
293.842 .... 1075 packets received, 7508 bps, 93.85%, Err 23 (9.8e-06)
295.944 .... 1083 packets received, 7510 bps, 93.87%, Err 23 (9.7e-06)
298.061 .... 1091 packets received, 7511 bps, 93.89%, Err 23 (9.7e-06)
300.179 .... 1099 packets received, 7513 bps, 93.91%, Err 23 (9.6e-06)
302.320 .... 1107 packets received, 7514 bps, 93.93%, Err 23 (9.5e-06)
304.438 .... 1115 packets received, 7516 bps, 93.95%, Err 23 (9.5e-06)
306.555 .... 1123 packets received, 7517 bps, 93.96%, Err 23 (9.4e-06)
308.672 .... 1131 packets received, 7519 bps, 93.98%, Err 23 (9.3e-06)
310.791 .... 1139 packets received, 7520 bps, 94.00%, Err 23 (9.3e-06)
312.911 .... 1147 packets received, 7522 bps, 94.02%, Err 23 (9.2e-06)
315.031 .... 1155 packets received, 7523 bps, 94.04%, Err 23 (9.1e-06)
317.143 .... 1163 packets received, 7525 bps, 94.06%, Err 23 (9.1e-06)
319.255 .... 1171 packets received, 7526 bps, 94.08%, Err 23 (9.0e-06)
321.380 .... 1179 packets received, 7527 bps, 94.09%, Err 23 (9.0e-06)
324.305 .... 1186 packets received, 7504 bps, 93.79%, Err 24 (9.3e-06)
326.418 .... 1197 packets received, 7524 bps, 94.05%, Err 24 (9.2e-06)
328.563 .... 1205 packets received, 7525 bps, 94.06%, Err 24 (9.1e-06)
330.658 .... 1213 packets received, 7527 bps, 94.08%, Err 24 (9.1e-06)
332.815 .... 1221 packets received, 7527 bps, 94.09%, Err 24 (9.0e-06)
334.929 .... 1229 packets received, 7529 bps, 94.11%, Err 25 (9.3e-06)
337.043 .... 1237 packets received, 7530 bps, 94.12%, Err 25 (9.3e-06)
339.154 .... 1245 packets received, 7531 bps, 94.14%, Err 25 (9.2e-06)
342.337 .... 1253 packets received, 7509 bps, 93.86%, Err 26 (9.5e-06)
344.451 .... 1264 packets received, 7528 bps, 94.11%, Err 26 (9.4e-06)
346.578 .... 1272 packets received, 7530 bps, 94.12%, Err 26 (9.4e-06)
348.690 .... 1280 packets received, 7531 bps, 94.14%, Err 26 (9.3e-06)
350.803 .... 1288 packets received, 7532 bps, 94.15%, Err 26 (9.3e-06)
352.947 .... 1296 packets received, 7533 bps, 94.16%, Err 26 (9.2e-06)
355.059 .... 1304 packets received, 7534 bps, 94.18%, Err 26 (9.2e-06)
357.186 .... 1312 packets received, 7535 bps, 94.19%, Err 26 (9.1e-06)
359.283 .... 1320 packets received, 7537 bps, 94.21%, Err 26 (9.1e-06)
361.426 .... 1328 packets received, 7538 bps, 94.22%, Err 26 (9.0e-06)
363.523 .... 1336 packets received, 7539 bps, 94.24%, Err 26 (8.9e-06)
365.681 .... 1344 packets received, 7539 bps, 94.24%, Err 26 (8.9e-06)
367.779 .... 1352 packets received, 7541 bps, 94.26%, Err 26 (8.8e-06)
369.906 .... 1360 packets received, 7542 bps, 94.27%, Err 26 (8.8e-06)
372.018 .... 1368 packets received, 7543 bps, 94.29%, Err 26 (8.7e-06)
374.145 .... 1376 packets received, 7544 bps, 94.30%, Err 26 (8.7e-06)
376.259 .... 1384 packets received, 7545 bps, 94.32%, Err 26 (8.6e-06)
378.361 .... 1392 packets received, 7547 bps, 94.33%, Err 26 (8.6e-06)
381.546 .... 1400 packets received, 7527 bps, 94.08%, Err 27 (8.9e-06)
383.661 .... 1411 packets received, 7544 bps, 94.30%, Err 27 (8.8e-06)
385.820 .... 1419 packets received, 7544 bps, 94.30%, Err 27 (8.8e-06)
387.917 .... 1427 packets received, 7546 bps, 94.32%, Err 28 (9.0e-06)
390.045 .... 1435 packets received, 7546 bps, 94.33%, Err 28 (9.0e-06)
392.143 .... 1443 packets received, 7548 bps, 94.35%, Err 28 (8.9e-06)
394.271 .... 1451 packets received, 7549 bps, 94.36%, Err 28 (8.9e-06)
396.383 .... 1459 packets received, 7550 bps, 94.37%, Err 29 (9.2e-06)
399.033 .... 1462 packets received, 7515 bps, 93.94%, Err 30 (9.4e-06)
401.423 .... 1474 packets received, 7531 bps, 94.14%, Err 30 (9.3e-06)
403.541 .... 1480 packets received, 7522 bps, 94.03%, Err 30 (9.3e-06)
406.470 .... 1486 packets received, 7498 bps, 93.73%, Err 31 (9.5e-06)
408.572 .... 1496 packets received, 7510 bps, 93.87%, Err 31 (9.5e-06)
410.705 .... 1504 packets received, 7511 bps, 93.88%, Err 32 (9.7e-06)
412.838 .... 1512 packets received, 7512 bps, 93.90%, Err 32 (9.7e-06)
414.939 .... 1520 packets received, 7513 bps, 93.91%, Err 32 (9.6e-06)
418.130 .... 1528 packets received, 7495 bps, 93.69%, Err 33 (9.9e-06)
421.319 .... 1539 packets received, 7492 bps, 93.65%, Err 34 (1.0e-05)
423.449 .... 1550 packets received, 7507 bps, 93.84%, Err 34 (1.0e-05)
425.566 .... 1558 packets received, 7508 bps, 93.85%, Err 34 (1.0e-05)
427.682 .... 1566 packets received, 7510 bps, 93.87%, Err 34 (9.9e-06)
429.829 .... 1574 packets received, 7510 bps, 93.88%, Err 34 (9.9e-06)
431.946 .... 1582 packets received, 7511 bps, 93.89%, Err 34 (9.8e-06)
434.048 .... 1590 packets received, 7513 bps, 93.91%, Err 35 (1.0e-05)
436.180 .... 1597 packets received, 7509 bps, 93.86%, Err 35 (1.0e-05)
438.313 .... 1605 packets received, 7510 bps, 93.87%, Err 35 (1.0e-05)
441.228 .... 1612 packets received, 7492 bps, 93.66%, Err 36 (1.0e-05)
443.329 .... 1623 packets received, 7508 bps, 93.85%, Err 36 (1.0e-05)
445.461 .... 1631 packets received, 7509 bps, 93.86%, Err 36 (1.0e-05)
447.593 .... 1639 packets received, 7509 bps, 93.87%, Err 36 (1.0e-05)
449.725 .... 1647 packets received, 7510 bps, 93.88%, Err 36 (1.0e-05)
451.827 .... 1655 packets received, 7512 bps, 93.90%, Err 36 (1.0e-05)
453.943 .... 1663 packets received, 7513 bps, 93.91%, Err 36 (9.9e-06)
456.062 .... 1671 packets received, 7514 bps, 93.92%, Err 36 (9.9e-06)
458.193 .... 1679 packets received, 7515 bps, 93.93%, Err 36 (9.8e-06)
460.309 .... 1687 packets received, 7516 bps, 93.94%, Err 36 (9.8e-06)
462.426 .... 1695 packets received, 7517 bps, 93.96%, Err 36 (9.7e-06)
464.559 .... 1703 packets received, 7517 bps, 93.97%, Err 37 (1.0e-05)
466.660 .... 1710 packets received, 7514 bps, 93.93%, Err 38 (1.0e-05)
468.779 .... 1718 packets received, 7515 bps, 93.94%, Err 38 (1.0e-05)
470.896 .... 1726 packets received, 7516 bps, 93.95%, Err 38 (1.0e-05)
473.044 .... 1734 packets received, 7517 bps, 93.96%, Err 38 (1.0e-05)
475.407 .... 1739 packets received, 7501 bps, 93.76%, Err 40 (1.1e-05)
478.611 .... 1749 packets received, 7493 bps, 93.67%, Err 41 (1.1e-05)
480.728 .... 1759 packets received, 7503 bps, 93.79%, Err 41 (1.1e-05)
482.844 .... 1767 packets received, 7504 bps, 93.80%, Err 41 (1.1e-05)
484.977 .... 1775 packets received, 7505 bps, 93.81%, Err 41 (1.1e-05)
487.080 .... 1783 packets received, 7506 bps, 93.83%, Err 41 (1.1e-05)
489.213 .... 1791 packets received, 7507 bps, 93.84%, Err 41 (1.0e-05)
491.315 .... 1799 packets received, 7508 bps, 93.85%, Err 41 (1.0e-05)
493.464 .... 1807 packets received, 7509 bps, 93.86%, Err 41 (1.0e-05)
495.565 .... 1815 packets received, 7510 bps, 93.87%, Err 41 (1.0e-05)
497.696 .... 1823 packets received, 7511 bps, 93.88%, Err 41 (1.0e-05)
499.814 .... 1831 packets received, 7512 bps, 93.89%, Err 41 (1.0e-05)
501.943 .... 1839 packets received, 7512 bps, 93.90%, Err 41 (1.0e-05)
504.055 .... 1847 packets received, 7513 bps, 93.92%, Err 41 (1.0e-05)
506.183 .... 1855 packets received, 7514 bps, 93.93%, Err 41 (1.0e-05)
508.297 .... 1863 packets received, 7515 bps, 93.94%, Err 41 (1.0e-05)
510.409 .... 1871 packets received, 7516 bps, 93.95%, Err 41 (1.0e-05)
512.538 .... 1879 packets received, 7517 bps, 93.96%, Err 41 (1.0e-05)
514.651 .... 1887 packets received, 7518 bps, 93.97%, Err 41 (1.0e-05)
516.780 .... 1895 packets received, 7519 bps, 93.98%, Err 41 (9.9e-06)
518.893 .... 1903 packets received, 7520 bps, 93.99%, Err 41 (9.9e-06)
521.036 .... 1907 packets received, 7504 bps, 93.80%, Err 42 (1.0e-05)
523.946 .... 1917 packets received, 7502 bps, 93.77%, Err 43 (1.0e-05)
526.074 .... 1928 packets received, 7514 bps, 93.93%, Err 44 (1.0e-05)
528.157 .... 1935 packets received, 7512 bps, 93.90%, Err 44 (1.0e-05)
530.301 .... 1943 packets received, 7512 bps, 93.90%, Err 44 (1.0e-05)
532.398 .... 1951 packets received, 7513 bps, 93.92%, Err 44 (1.0e-05)
534.527 .... 1959 packets received, 7514 bps, 93.93%, Err 44 (1.0e-05)
536.654 .... 1967 packets received, 7515 bps, 93.94%, Err 44 (1.0e-05)
538.768 .... 1975 packets received, 7516 bps, 93.95%, Err 44 (1.0e-05)
540.898 .... 1983 packets received, 7517 bps, 93.96%, Err 44 (1.0e-05)
543.009 .... 1991 packets received, 7518 bps, 93.97%, Err 44 (1.0e-05)
545.121 .... 1999 packets received, 7518 bps, 93.98%, Err 44 (1.0e-05)
547.265 .... 2006 packets received, 7515 bps, 93.94%, Err 45 (1.0e-05)
549.376 .... 2014 packets received, 7516 bps, 93.95%, Err 45 (1.0e-05)
551.504 .... 2022 packets received, 7517 bps, 93.96%, Err 45 (1.0e-05)
553.602 .... 2030 packets received, 7518 bps, 93.97%, Err 45 (1.0e-05)
555.746 .... 2038 packets received, 7518 bps, 93.98%, Err 45 (1.0e-05)
557.874 .... 2046 packets received, 7519 bps, 93.99%, Err 45 (1.0e-05)
559.972 .... 2054 packets received, 7520 bps, 94.00%, Err 45 (1.0e-05)
562.896 .... 2061 packets received, 7507 bps, 93.83%, Err 46 (1.0e-05)
565.040 .... 2072 packets received, 7518 bps, 93.98%, Err 46 (1.0e-05)
567.167 .... 2080 packets received, 7519 bps, 93.98%, Err 46 (1.0e-05)
569.859 .... 2086 packets received, 7505 bps, 93.81%, Err 47 (1.0e-05)
571.974 .... 2097 packets received, 7516 bps, 93.95%, Err 47 (1.0e-05)
574.086 .... 2105 packets received, 7517 bps, 93.97%, Err 47 (1.0e-05)
576.213 .... 2113 packets received, 7518 bps, 93.97%, Err 47 (1.0e-05)
578.327 .... 2121 packets received, 7519 bps, 93.99%, Err 48 (1.0e-05)
580.437 .... 2129 packets received, 7520 bps, 94.00%, Err 48 (1.0e-05)
582.566 .... 2137 packets received, 7520 bps, 94.00%, Err 48 (1.0e-05)
584.695 .... 2145 packets received, 7521 bps, 94.01%, Err 48 (1.0e-05)
586.808 .... 2153 packets received, 7522 bps, 94.02%, Err 48 (1.0e-05)
588.922 .... 2161 packets received, 7523 bps, 94.03%, Err 48 (1.0e-05)
591.049 .... 2169 packets received, 7523 bps, 94.04%, Err 48 (1.0e-05)
594.233 .... 2177 packets received, 7511 bps, 93.88%, Err 49 (1.0e-05)
596.346 .... 2188 packets received, 7522 bps, 94.02%, Err 49 (1.0e-05)
598.474 .... 2196 packets received, 7522 bps, 94.03%, Err 49 (1.0e-05)
600.575 .... 2204 packets received, 7523 bps, 94.04%, Err 49 (1.0e-05)
602.720 .... 2212 packets received, 7524 bps, 94.05%, Err 49 (1.0e-05)
604.822 .... 2220 packets received, 7525 bps, 94.06%, Err 49 (1.0e-05)
606.969 .... 2228 packets received, 7525 bps, 94.06%, Err 49 (1.0e-05)
609.071 .... 2236 packets received, 7526 bps, 94.07%, Err 49 (1.0e-05)
611.739 .... 2242 packets received, 7513 bps, 93.92%, Err 50 (1.0e-05)
613.885 .... 2253 packets received, 7524 bps, 94.05%, Err 50 (1.0e-05)
615.986 .... 2261 packets received, 7525 bps, 94.06%, Err 51 (1.0e-05)
618.102 .... 2268 packets received, 7522 bps, 94.03%, Err 51 (1.0e-05)
620.235 .... 2276 packets received, 7523 bps, 94.03%, Err 51 (1.0e-05)
622.339 .... 2284 packets received, 7523 bps, 94.04%, Err 51 (1.0e-05)
624.455 .... 2292 packets received, 7524 bps, 94.05%, Err 51 (1.0e-05)
626.573 .... 2300 packets received, 7525 bps, 94.06%, Err 51 (1.0e-05)
628.690 .... 2308 packets received, 7526 bps, 94.07%, Err 51 (1.0e-05)
630.836 .... 2316 packets received, 7526 bps, 94.08%, Err 51 (1.0e-05)
632.952 .... 2324 packets received, 7527 bps, 94.08%, Err 51 (1.0e-05)
635.055 .... 2332 packets received, 7528 bps, 94.10%, Err 51 (1.0e-05)
637.186 .... 2336 packets received, 7515 bps, 93.94%, Err 52 (1.0e-05)
639.302 .... 2347 packets received, 7526 bps, 94.07%, Err 52 (1.0e-05)
641.419 .... 2355 packets received, 7526 bps, 94.08%, Err 52 (1.0e-05)
643.537 .... 2363 packets received, 7527 bps, 94.09%, Err 52 (1.0e-05)
645.668 .... 2371 packets received, 7528 bps, 94.10%, Err 52 (1.0e-05)
647.770 .... 2379 packets received, 7528 bps, 94.11%, Err 52 (1.0e-05)
649.901 .... 2387 packets received, 7529 bps, 94.11%, Err 52 (1.0e-05)
652.031 .... 2395 packets received, 7530 bps, 94.12%, Err 53 (1.0e-05)
654.147 .... 2402 packets received, 7527 bps, 94.09%, Err 53 (1.0e-05)
656.279 .... 2410 packets received, 7528 bps, 94.09%, Err 53 (1.0e-05)
658.395 .... 2418 packets received, 7528 bps, 94.10%, Err 53 (1.0e-05)
661.555 .... 2426 packets received, 7517 bps, 93.96%, Err 54 (1.0e-05)
663.685 .... 2437 packets received, 7527 bps, 94.09%, Err 54 (1.0e-05)
665.817 .... 2445 packets received, 7527 bps, 94.09%, Err 54 (1.0e-05)
667.923 .... 2453 packets received, 7528 bps, 94.10%, Err 54 (1.0e-05)
670.054 .... 2461 packets received, 7529 bps, 94.11%, Err 54 (1.0e-05)
672.201 .... 2469 packets received, 7529 bps, 94.11%, Err 54 (1.0e-05)
674.287 .... 2477 packets received, 7530 bps, 94.13%, Err 54 (1.0e-05)
676.419 .... 2485 packets received, 7531 bps, 94.13%, Err 54 (1.0e-05)
678.535 .... 2493 packets received, 7531 bps, 94.14%, Err 54 (1.0e-05)
681.446 .... 2500 packets received, 7520 bps, 94.00%, Err 55 (1.0e-05)
683.563 .... 2511 packets received, 7530 bps, 94.12%, Err 55 (1.0e-05)
685.681 .... 2519 packets received, 7530 bps, 94.13%, Err 55 (1.0e-05)
687.811 .... 2527 packets received, 7531 bps, 94.14%, Err 55 (1.0e-05)
689.927 .... 2535 packets received, 7532 bps, 94.14%, Err 55 (1.0e-05)
692.090 .... 2543 packets received, 7532 bps, 94.15%, Err 55 (9.9e-06)
694.191 .... 2550 packets received, 7530 bps, 94.12%, Err 56 (1.0e-05)
696.293 .... 2558 packets received, 7530 bps, 94.13%, Err 56 (1.0e-05)
698.427 .... 2566 packets received, 7531 bps, 94.13%, Err 56 (1.0e-05)
700.529 .... 2574 packets received, 7532 bps, 94.14%, Err 56 (1.0e-05)
702.675 .... 2582 packets received, 7532 bps, 94.15%, Err 56 (1.0e-05)
704.773 .... 2590 packets received, 7533 bps, 94.16%, Err 56 (9.9e-06)
706.902 .... 2598 packets received, 7533 bps, 94.16%, Err 56 (9.9e-06)
709.014 .... 2606 packets received, 7534 bps, 94.17%, Err 56 (9.9e-06)
711.156 .... 2614 packets received, 7534 bps, 94.18%, Err 56 (9.8e-06)
713.255 .... 2622 packets received, 7535 bps, 94.19%, Err 56 (9.8e-06)
715.398 .... 2630 packets received, 7535 bps, 94.19%, Err 56 (9.8e-06)
717.535 .... 2638 packets received, 7536 bps, 94.20%, Err 56 (9.8e-06)
720.199 .... 2644 packets received, 7525 bps, 94.06%, Err 57 (9.9e-06)
722.308 .... 2655 packets received, 7534 bps, 94.18%, Err 57 (9.9e-06)
724.451 .... 2663 packets received, 7534 bps, 94.18%, Err 57 (9.8e-06)
727.088 .... 2669 packets received, 7524 bps, 94.05%, Err 58 (1.0e-05)
729.216 .... 2680 packets received, 7533 bps, 94.16%, Err 58 (9.9e-06)
732.109 .... 2687 packets received, 7523 bps, 94.03%, Err 59 (1.0e-05)
734.251 .... 2698 packets received, 7532 bps, 94.14%, Err 59 (1.0e-05)
736.348 .... 2706 packets received, 7532 bps, 94.15%, Err 59 (1.0e-05)
738.474 .... 2714 packets received, 7533 bps, 94.16%, Err 59 (1.0e-05)
740.602 .... 2722 packets received, 7533 bps, 94.17%, Err 59 (1.0e-05)
742.729 .... 2730 packets received, 7534 bps, 94.17%, Err 59 (9.9e-06)
744.826 .... 2738 packets received, 7535 bps, 94.18%, Err 59 (9.9e-06)
746.952 .... 2746 packets received, 7535 bps, 94.19%, Err 59 (9.9e-06)
749.079 .... 2754 packets received, 7536 bps, 94.19%, Err 59 (9.9e-06)
751.207 .... 2762 packets received, 7536 bps, 94.20%, Err 59 (9.8e-06)
753.336 .... 2770 packets received, 7536 bps, 94.21%, Err 59 (9.8e-06)
755.446 .... 2778 packets received, 7537 bps, 94.21%, Err 59 (9.8e-06)
757.574 .... 2786 packets received, 7538 bps, 94.22%, Err 59 (9.7e-06)
759.686 .... 2794 packets received, 7538 bps, 94.23%, Err 59 (9.7e-06)
761.794 .... 2802 packets received, 7539 bps, 94.24%, Err 59 (9.7e-06)
763.937 .... 2806 packets received, 7528 bps, 94.10%, Err 60 (9.8e-06)
766.063 .... 2817 packets received, 7537 bps, 94.21%, Err 60 (9.8e-06)
768.175 .... 2825 packets received, 7538 bps, 94.22%, Err 60 (9.8e-06)
770.287 .... 2833 packets received, 7538 bps, 94.23%, Err 60 (9.7e-06)
772.413 .... 2841 packets received, 7539 bps, 94.23%, Err 60 (9.7e-06)
774.510 .... 2849 packets received, 7539 bps, 94.24%, Err 60 (9.7e-06)
776.666 .... 2856 packets received, 7537 bps, 94.21%, Err 61 (9.8e-06)
778.763 .... 2864 packets received, 7538 bps, 94.22%, Err 62 (1.0e-05)
780.890 .... 2871 packets received, 7535 bps, 94.19%, Err 62 (9.9e-06)
783.002 .... 2879 packets received, 7536 bps, 94.20%, Err 62 (9.9e-06)
786.185 .... 2887 packets received, 7526 bps, 94.08%, Err 63 (1.0e-05)
788.328 .... 2898 packets received, 7534 bps, 94.18%, Err 63 (1.0e-05)
790.439 .... 2906 packets received, 7535 bps, 94.19%, Err 63 (1.0e-05)
792.551 .... 2910 packets received, 7525 bps, 94.07%, Err 64 (1.0e-05)
794.679 .... 2921 packets received, 7534 bps, 94.17%, Err 64 (1.0e-05)
796.792 .... 2929 packets received, 7534 bps, 94.18%, Err 64 (1.0e-05)
798.902 .... 2937 packets received, 7535 bps, 94.18%, Err 64 (1.0e-05)
801.015 .... 2945 packets received, 7535 bps, 94.19%, Err 64 (1.0e-05)
803.131 .... 2953 packets received, 7536 bps, 94.20%, Err 64 (1.0e-05)
805.276 .... 2961 packets received, 7536 bps, 94.20%, Err 64 (9.9e-06)
807.376 .... 2969 packets received, 7537 bps, 94.21%, Err 64 (9.9e-06)
809.506 .... 2977 packets received, 7537 bps, 94.22%, Err 64 (9.9e-06)
812.693 .... 2985 packets received, 7528 bps, 94.10%, Err 65 (1.0e-05)
814.811 .... 2996 packets received, 7536 bps, 94.20%, Err 65 (1.0e-05)
817.451 .... 3002 packets received, 7527 bps, 94.08%, Err 66 (1.0e-05)
819.583 .... 3013 packets received, 7535 bps, 94.18%, Err 66 (1.0e-05)
821.699 .... 3021 packets received, 7535 bps, 94.19%, Err 66 (1.0e-05)
823.802 .... 3029 packets received, 7536 bps, 94.20%, Err 66 (1.0e-05)
825.947 .... 3037 packets received, 7536 bps, 94.20%, Err 66 (1.0e-05)
828.064 .... 3045 packets received, 7536 bps, 94.21%, Err 66 (1.0e-05)
830.179 .... 3053 packets received, 7537 bps, 94.21%, Err 66 (9.9e-06)
832.311 .... 3061 packets received, 7537 bps, 94.22%, Err 66 (9.9e-06)
834.426 .... 3069 packets received, 7538 bps, 94.22%, Err 66 (9.9e-06)
836.528 .... 3077 packets received, 7539 bps, 94.23%, Err 66 (9.9e-06)
838.660 .... 3085 packets received, 7539 bps, 94.24%, Err 66 (9.8e-06)
840.776 .... 3093 packets received, 7539 bps, 94.24%, Err 66 (9.8e-06)
842.908 .... 3101 packets received, 7540 bps, 94.25%, Err 67 (9.9e-06)
845.010 .... 3109 packets received, 7540 bps, 94.26%, Err 67 (9.9e-06)
847.141 .... 3117 packets received, 7541 bps, 94.26%, Err 67 (9.9e-06)
849.273 .... 3124 packets received, 7539 bps, 94.23%, Err 68 (1.0e-05)
851.390 .... 3132 packets received, 7539 bps, 94.24%, Err 68 (1.0e-05)
853.522 .... 3140 packets received, 7540 bps, 94.25%, Err 68 (1.0e-05)
855.623 .... 3148 packets received, 7540 bps, 94.25%, Err 68 (9.9e-06)
857.770 .... 3156 packets received, 7541 bps, 94.26%, Err 68 (9.9e-06)
859.872 .... 3164 packets received, 7541 bps, 94.26%, Err 68 (9.9e-06)
862.005 .... 3172 packets received, 7541 bps, 94.27%, Err 68 (9.9e-06)
864.107 .... 3180 packets received, 7542 bps, 94.28%, Err 68 (9.8e-06)
866.252 .... 3188 packets received, 7542 bps, 94.28%, Err 68 (9.8e-06)
868.384 .... 3196 packets received, 7543 bps, 94.28%, Err 68 (9.8e-06)
870.484 .... 3204 packets received, 7543 bps, 94.29%, Err 68 (9.8e-06)
872.603 .... 3208 packets received, 7534 bps, 94.18%, Err 69 (9.9e-06)
874.704 .... 3219 packets received, 7542 bps, 94.28%, Err 69 (9.9e-06)
876.833 .... 3227 packets received, 7542 bps, 94.28%, Err 69 (9.8e-06)
878.950 .... 3235 packets received, 7543 bps, 94.29%, Err 69 (9.8e-06)
881.085 .... 3243 packets received, 7543 bps, 94.29%, Err 69 (9.8e-06)
883.199 .... 3251 packets received, 7544 bps, 94.30%, Err 69 (9.8e-06)
885.347 .... 3259 packets received, 7544 bps, 94.30%, Err 69 (9.7e-06)
887.464 .... 3267 packets received, 7544 bps, 94.30%, Err 69 (9.7e-06)
889.565 .... 3275 packets received, 7545 bps, 94.31%, Err 69 (9.7e-06)
891.711 .... 3283 packets received, 7545 bps, 94.31%, Err 69 (9.7e-06)
893.828 .... 3291 packets received, 7546 bps, 94.32%, Err 69 (9.7e-06)
895.930 .... 3299 packets received, 7546 bps, 94.33%, Err 69 (9.6e-06)
898.063 .... 3307 packets received, 7547 bps, 94.33%, Err 69 (9.6e-06)
900.715 .... 3313 packets received, 7538 bps, 94.22%, Err 70 (9.7e-06)
902.828 .... 3324 packets received, 7545 bps, 94.32%, Err 70 (9.7e-06)
904.941 .... 3332 packets received, 7546 bps, 94.32%, Err 70 (9.7e-06)
907.069 .... 3340 packets received, 7546 bps, 94.33%, Err 70 (9.7e-06)
909.196 .... 3348 packets received, 7546 bps, 94.33%, Err 70 (9.6e-06)
911.323 .... 3356 packets received, 7547 bps, 94.34%, Err 70 (9.6e-06)
913.436 .... 3364 packets received, 7547 bps, 94.34%, Err 70 (9.6e-06)
916.370 .... 3371 packets received, 7539 bps, 94.24%, Err 72 (9.8e-06)
919.006 .... 3378 packets received, 7533 bps, 94.16%, Err 73 (9.9e-06)
921.118 .... 3390 packets received, 7542 bps, 94.28%, Err 73 (9.9e-06)
923.521 .... 3395 packets received, 7534 bps, 94.17%, Err 74 (1.0e-05)
926.171 .... 3404 packets received, 7532 bps, 94.15%, Err 75 (1.0e-05)
928.297 .... 3415 packets received, 7539 bps, 94.24%, Err 75 (1.0e-05)
930.411 .... 3423 packets received, 7540 bps, 94.24%, Err 75 (1.0e-05)
932.798 .... 3428 packets received, 7531 bps, 94.14%, Err 76 (1.0e-05)
934.925 .... 3439 packets received, 7538 bps, 94.23%, Err 76 (1.0e-05)
937.039 .... 3447 packets received, 7539 bps, 94.23%, Err 76 (1.0e-05)
939.166 .... 3455 packets received, 7539 bps, 94.24%, Err 76 (1.0e-05)
941.292 .... 3459 packets received, 7531 bps, 94.13%, Err 77 (1.0e-05)
943.406 .... 3470 packets received, 7538 bps, 94.22%, Err 77 (1.0e-05)
945.519 .... 3478 packets received, 7538 bps, 94.23%, Err 77 (1.0e-05)
947.661 .... 3486 packets received, 7538 bps, 94.23%, Err 77 (1.0e-05)
949.773 .... 3494 packets received, 7539 bps, 94.24%, Err 77 (1.0e-05)
951.901 .... 3502 packets received, 7539 bps, 94.24%, Err 77 (1.0e-05)
955.085 .... 3510 packets received, 7531 bps, 94.14%, Err 79 (1.0e-05)
957.198 .... 3521 packets received, 7538 bps, 94.23%, Err 79 (1.0e-05)
959.313 .... 3529 packets received, 7539 bps, 94.23%, Err 79 (1.0e-05)
961.444 .... 3537 packets received, 7539 bps, 94.24%, Err 79 (1.0e-05)
963.556 .... 3545 packets received, 7539 bps, 94.24%, Err 79 (1.0e-05)
965.689 .... 3553 packets received, 7540 bps, 94.25%, Err 79 (1.0e-05)
967.802 .... 3561 packets received, 7540 bps, 94.25%, Err 79 (1.0e-05)
969.914 .... 3569 packets received, 7541 bps, 94.26%, Err 79 (1.0e-05)
972.040 .... 3577 packets received, 7541 bps, 94.26%, Err 79 (1.0e-05)
974.153 .... 3585 packets received, 7542 bps, 94.27%, Err 79 (1.0e-05)
976.295 .... 3593 packets received, 7542 bps, 94.27%, Err 79 (1.0e-05)
978.407 .... 3601 packets received, 7542 bps, 94.28%, Err 79 (1.0e-05)
980.534 .... 3609 packets received, 7543 bps, 94.28%, Err 79 (1.0e-05)
982.646 .... 3617 packets received, 7543 bps, 94.29%, Err 79 (1.0e-05)
984.773 .... 3625 packets received, 7543 bps, 94.29%, Err 79 (1.0e-05)
986.900 .... 3633 packets received, 7544 bps, 94.30%, Err 79 (1.0e-05)
989.012 .... 3641 packets received, 7544 bps, 94.30%, Err 79 (1.0e-05)
991.139 .... 3649 packets received, 7545 bps, 94.31%, Err 79 (1.0e-05)
993.250 .... 3657 packets received, 7545 bps, 94.31%, Err 79 (9.9e-06)
996.159 .... 3664 packets received, 7537 bps, 94.22%, Err 80 (1.0e-05)
998.272 .... 3675 packets received, 7544 bps, 94.30%, Err 80 (1.0e-05)
1000.413 .... 3683 packets received, 7544 bps, 94.30%, Err 80 (1.0e-05)
1002.557 .... 3691 packets received, 7544 bps, 94.31%, Err 80 (1.0e-05)
1004.656 .... 3699 packets received, 7545 bps, 94.31%, Err 81 (1.0e-05)
1006.788 .... 3707 packets received, 7545 bps, 94.32%, Err 81 (1.0e-05)
1008.889 .... 3715 packets received, 7546 bps, 94.32%, Err 81 (1.0e-05)
1011.020 .... 3723 packets received, 7546 bps, 94.33%, Err 81 (1.0e-05)
1013.137 .... 3727 packets received, 7538 bps, 94.23%, Err 82 (1.0e-05)
1015.253 .... 3738 packets received, 7545 bps, 94.31%, Err 82 (1.0e-05)
1017.384 .... 3746 packets received, 7545 bps, 94.31%, Err 82 (1.0e-05)
1019.502 .... 3754 packets received, 7546 bps, 94.32%, Err 82 (1.0e-05)
1021.634 .... 3762 packets received, 7546 bps, 94.32%, Err 82 (1.0e-05)
1026.677 .... 3770 packets received, 7525 bps, 94.06%, Err 85 (1.0e-05)
1029.592 .... 3781 packets received, 7525 bps, 94.07%, Err 85 (1.0e-05)
1031.709 .... 3789 packets received, 7526 bps, 94.07%, Err 85 (1.0e-05)
1033.826 .... 3797 packets received, 7526 bps, 94.08%, Err 85 (1.0e-05)
1035.958 .... 3805 packets received, 7527 bps, 94.08%, Err 85 (1.0e-05)
1038.074 .... 3813 packets received, 7527 bps, 94.09%, Err 85 (1.0e-05)
1040.175 .... 3821 packets received, 7528 bps, 94.09%, Err 85 (1.0e-05)
1042.304 .... 3829 packets received, 7528 bps, 94.10%, Err 85 (1.0e-05)
1044.422 .... 3837 packets received, 7528 bps, 94.10%, Err 85 (1.0e-05)
1046.567 .... 3845 packets received, 7529 bps, 94.11%, Err 85 (1.0e-05)
1048.682 .... 3853 packets received, 7529 bps, 94.11%, Err 85 (1.0e-05)
1050.814 .... 3861 packets received, 7529 bps, 94.12%, Err 85 (1.0e-05)
1052.963 .... 3869 packets received, 7529 bps, 94.12%, Err 85 (1.0e-05)
1055.097 .... 3877 packets received, 7530 bps, 94.12%, Err 85 (1.0e-05)
1057.213 .... 3885 packets received, 7530 bps, 94.13%, Err 85 (1.0e-05)
1059.347 .... 3893 packets received, 7530 bps, 94.13%, Err 85 (1.0e-05)
1061.495 .... 3901 packets received, 7531 bps, 94.13%, Err 85 (1.0e-05)
1063.612 .... 3909 packets received, 7531 bps, 94.14%, Err 85 (1.0e-05)
1065.744 .... 3917 packets received, 7531 bps, 94.14%, Err 85 (1.0e-05)
1067.876 .... 3925 packets received, 7532 bps, 94.15%, Err 85 (1.0e-05)
1070.024 .... 3933 packets received, 7532 bps, 94.15%, Err 85 (9.9e-06)
1072.155 .... 3941 packets received, 7532 bps, 94.15%, Err 85 (9.9e-06)
1074.271 .... 3949 packets received, 7533 bps, 94.16%, Err 85 (9.9e-06)
1076.418 .... 3957 packets received, 7533 bps, 94.16%, Err 85 (9.9e-06)
1078.549 .... 3965 packets received, 7533 bps, 94.16%, Err 85 (9.9e-06)
1080.683 .... 3973 packets received, 7533 bps, 94.17%, Err 85 (9.8e-06)
1083.591 .... 3979 packets received, 7525 bps, 94.06%, Err 86 (9.9e-06)
1085.722 .... 3991 packets received, 7532 bps, 94.16%, Err 86 (9.9e-06)
1087.870 .... 3999 packets received, 7533 bps, 94.16%, Err 86 (9.9e-06)
1090.002 .... 4007 packets received, 7533 bps, 94.16%, Err 86 (9.9e-06)
1093.179 .... 4014 packets received, 7524 bps, 94.05%, Err 88 (1.0e-05)
1095.323 .... 4026 packets received, 7532 bps, 94.15%, Err 88 (1.0e-05)
1097.440 .... 4034 packets received, 7532 bps, 94.15%, Err 88 (1.0e-05)
1099.586 .... 4042 packets received, 7532 bps, 94.16%, Err 88 (1.0e-05)
1101.732 .... 4050 packets received, 7533 bps, 94.16%, Err 89 (1.0e-05)
1103.845 .... 4057 packets received, 7531 bps, 94.14%, Err 90 (1.0e-05)
1105.972 .... 4065 packets received, 7532 bps, 94.14%, Err 90 (1.0e-05)
1108.636 .... 4071 packets received, 7524 bps, 94.06%, Err 91 (1.0e-05)
1110.748 .... 4082 packets received, 7530 bps, 94.13%, Err 91 (1.0e-05)
1112.876 .... 4090 packets received, 7531 bps, 94.13%, Err 91 (1.0e-05)
1114.977 .... 4098 packets received, 7531 bps, 94.14%, Err 91 (1.0e-05)
1117.631 .... 4104 packets received, 7524 bps, 94.06%, Err 92 (1.0e-05)
1119.779 .... 4115 packets received, 7530 bps, 94.13%, Err 92 (1.0e-05)
1121.891 .... 4123 packets received, 7531 bps, 94.13%, Err 92 (1.0e-05)
1124.033 .... 4131 packets received, 7531 bps, 94.13%, Err 92 (1.0e-05)
1126.143 .... 4139 packets received, 7531 bps, 94.14%, Err 92 (1.0e-05)
1128.239 .... 4147 packets received, 7532 bps, 94.15%, Err 92 (1.0e-05)
1130.383 .... 4155 packets received, 7532 bps, 94.15%, Err 92 (1.0e-05)
1132.496 .... 4163 packets received, 7532 bps, 94.15%, Err 92 (1.0e-05)
1134.638 .... 4171 packets received, 7533 bps, 94.16%, Err 92 (1.0e-05)
1136.734 .... 4179 packets received, 7533 bps, 94.16%, Err 92 (1.0e-05)
1138.861 .... 4187 packets received, 7533 bps, 94.17%, Err 92 (1.0e-05)
1140.959 .... 4195 packets received, 7534 bps, 94.17%, Err 92 (1.0e-05)
1143.099 .... 4203 packets received, 7534 bps, 94.18%, Err 92 (1.0e-05)
1145.198 .... 4211 packets received, 7535 bps, 94.18%, Err 92 (1.0e-05)
1147.341 .... 4219 packets received, 7535 bps, 94.19%, Err 92 (1.0e-05)
1149.453 .... 4227 packets received, 7535 bps, 94.19%, Err 92 (1.0e-05)
1151.566 .... 4235 packets received, 7536 bps, 94.20%, Err 92 (1.0e-05)
1153.709 .... 4242 packets received, 7534 bps, 94.18%, Err 93 (1.0e-05)
1156.629 .... 4249 packets received, 7527 bps, 94.09%, Err 94 (1.0e-05)
1158.742 .... 4260 packets received, 7533 bps, 94.16%, Err 94 (1.0e-05)
1160.870 .... 4268 packets received, 7533 bps, 94.17%, Err 94 (1.0e-05)
1163.794 .... 4275 packets received, 7527 bps, 94.09%, Err 95 (1.0e-05)
1165.891 .... 4286 packets received, 7533 bps, 94.16%, Err 95 (1.0e-05)
1168.037 .... 4294 packets received, 7533 bps, 94.16%, Err 95 (1.0e-05)
1170.135 .... 4302 packets received, 7533 bps, 94.17%, Err 96 (1.0e-05)
1172.264 .... 4310 packets received, 7534 bps, 94.17%, Err 96 (1.0e-05)
1174.378 .... 4318 packets received, 7534 bps, 94.18%, Err 96 (1.0e-05)
1176.503 .... 4326 packets received, 7534 bps, 94.18%, Err 96 (1.0e-05)
1178.631 .... 4334 packets received, 7535 bps, 94.18%, Err 96 (1.0e-05)
1180.759 .... 4342 packets received, 7535 bps, 94.19%, Err 96 (1.0e-05)
1182.872 .... 4350 packets received, 7535 bps, 94.19%, Err 96 (1.0e-05)
1185.000 .... 4358 packets received, 7536 bps, 94.20%, Err 96 (1.0e-05)
1187.097 .... 4366 packets received, 7536 bps, 94.20%, Err 96 (1.0e-05)
1189.238 .... 4374 packets received, 7536 bps, 94.20%, Err 96 (1.0e-05)
1191.354 .... 4382 packets received, 7537 bps, 94.21%, Err 96 (1.0e-05)
1193.482 .... 4390 packets received, 7537 bps, 94.21%, Err 96 (1.0e-05)
1195.611 .... 4398 packets received, 7537 bps, 94.22%, Err 96 (1.0e-05)
1197.724 .... 4406 packets received, 7538 bps, 94.22%, Err 96 (1.0e-05)
1199.836 .... 4414 packets received, 7538 bps, 94.23%, Err 96 (1.0e-05)
1200.020 Quit.
