000.000 =============================================================
000.000                     Station B                               
000.000 -------------------------------------------------------------
000.000 Protocol.lib, version 4.0, jiangyanjun0718@bupt.edu.cn
000.000 Channel: 8000 bps, 270 ms propagation delay, bit error rate 1.0E-05
000.000 Log file "fB.log", TCP port 30014, debug mask 0x00
000.000 Station B is connecting station A (TCP port 30014) ... Done.
000.328 New epoch: Thu May 16 18:54:58 2019
000.328 =================================================================
000.328 
000.328 Designed by CJSoft, build: May 16 2019  17:18:52
002.746 .... 8 packets received, 7642 bps, 95.52%, Err 0 (0.0e+00)
004.921 .... 16 packets received, 7587 bps, 94.84%, Err 0 (0.0e+00)
007.049 .... 24 packets received, 7624 bps, 95.30%, Err 0 (0.0e+00)
009.165 .... 31 packets received, 7414 bps, 92.68%, Err 1 (1.4e-05)
011.296 .... 39 packets received, 7469 bps, 93.36%, Err 1 (1.1e-05)
013.415 .... 47 packets received, 7512 bps, 93.90%, Err 1 (9.6e-06)
015.518 .... 55 packets received, 7552 bps, 94.40%, Err 1 (8.2e-06)
017.637 .... 63 packets received, 7574 bps, 94.68%, Err 1 (7.2e-06)
019.756 .... 71 packets received, 7592 bps, 94.89%, Err 1 (6.4e-06)
021.886 .... 79 packets received, 7602 bps, 95.02%, Err 1 (5.8e-06)
024.018 .... 87 packets received, 7609 bps, 95.11%, Err 1 (5.3e-06)
026.135 .... 95 packets received, 7620 bps, 95.25%, Err 1 (4.8e-06)
028.234 .... 103 packets received, 7634 bps, 95.43%, Err 1 (4.5e-06)
031.440 .... 109 packets received, 7239 bps, 90.49%, Err 3 (1.2e-05)
033.541 .... 121 packets received, 7523 bps, 94.04%, Err 3 (1.1e-05)
035.688 .... 129 packets received, 7530 bps, 94.12%, Err 3 (1.1e-05)
037.805 .... 137 packets received, 7542 bps, 94.27%, Err 3 (1.0e-05)
039.937 .... 140 packets received, 7289 bps, 91.11%, Err 5 (1.6e-05)
042.057 .... 151 packets received, 7460 bps, 93.25%, Err 5 (1.5e-05)
044.190 .... 157 packets received, 7377 bps, 92.21%, Err 5 (1.4e-05)
046.322 .... 163 packets received, 7301 bps, 91.27%, Err 5 (1.4e-05)
048.700 .... 170 packets received, 7239 bps, 90.48%, Err 5 (1.3e-05)
051.093 .... 177 packets received, 7179 bps, 89.74%, Err 5 (1.2e-05)
053.518 .... 184 packets received, 7121 bps, 89.02%, Err 5 (1.2e-05)
055.912 .... 191 packets received, 7072 bps, 88.40%, Err 5 (1.1e-05)
058.029 .... 198 packets received, 7061 bps, 88.27%, Err 5 (1.1e-05)
060.176 .... 204 packets received, 7013 bps, 87.66%, Err 5 (1.0e-05)
062.307 .... 210 packets received, 6970 bps, 87.12%, Err 5 (1.0e-05)
064.716 .... 217 packets received, 6932 bps, 86.65%, Err 5 (9.7e-06)
067.094 .... 224 packets received, 6899 bps, 86.24%, Err 5 (9.4e-06)
069.486 .... 231 packets received, 6868 bps, 85.85%, Err 5 (9.0e-06)
071.632 .... 234 packets received, 6747 bps, 84.34%, Err 7 (1.2e-05)
073.765 .... 245 packets received, 6858 bps, 85.73%, Err 7 (1.2e-05)
075.867 .... 253 packets received, 6884 bps, 86.05%, Err 7 (1.2e-05)
078.013 .... 261 packets received, 6905 bps, 86.31%, Err 7 (1.1e-05)
080.927 .... 268 packets received, 6833 bps, 85.41%, Err 8 (1.2e-05)
083.060 .... 279 packets received, 6930 bps, 86.62%, Err 8 (1.2e-05)
085.178 .... 287 packets received, 6950 bps, 86.87%, Err 8 (1.2e-05)
087.295 .... 295 packets received, 6969 bps, 87.11%, Err 8 (1.2e-05)
089.429 .... 303 packets received, 6986 bps, 87.32%, Err 8 (1.1e-05)
091.546 .... 311 packets received, 7004 bps, 87.54%, Err 8 (1.1e-05)
093.648 .... 319 packets received, 7021 bps, 87.77%, Err 8 (1.1e-05)
095.781 .... 327 packets received, 7036 bps, 87.95%, Err 8 (1.0e-05)
097.884 .... 335 packets received, 7052 bps, 88.16%, Err 8 (1.0e-05)
100.017 .... 343 packets received, 7066 bps, 88.32%, Err 8 (1.0e-05)
103.188 .... 351 packets received, 7007 bps, 87.59%, Err 9 (1.1e-05)
105.314 .... 362 packets received, 7080 bps, 88.50%, Err 9 (1.1e-05)
107.472 .... 370 packets received, 7090 bps, 88.63%, Err 9 (1.1e-05)
109.569 .... 378 packets received, 7104 bps, 88.80%, Err 9 (1.0e-05)
111.695 .... 386 packets received, 7116 bps, 88.95%, Err 9 (1.0e-05)
113.824 .... 394 packets received, 7127 bps, 89.09%, Err 9 (9.9e-06)
115.922 .... 402 packets received, 7139 bps, 89.24%, Err 9 (9.7e-06)
118.050 .... 410 packets received, 7149 bps, 89.37%, Err 9 (9.6e-06)
120.179 .... 418 packets received, 7159 bps, 89.49%, Err 9 (9.4e-06)
122.307 .... 422 packets received, 7101 bps, 88.77%, Err 10 (1.0e-05)
124.405 .... 433 packets received, 7163 bps, 89.54%, Err 10 (1.0e-05)
126.533 .... 441 packets received, 7172 bps, 89.65%, Err 10 (9.9e-06)
128.662 .... 449 packets received, 7181 bps, 89.76%, Err 10 (9.7e-06)
130.775 .... 457 packets received, 7190 bps, 89.87%, Err 10 (9.6e-06)
132.903 .... 465 packets received, 7198 bps, 89.98%, Err 10 (9.4e-06)
135.016 .... 473 packets received, 7207 bps, 90.09%, Err 10 (9.3e-06)
137.129 .... 481 packets received, 7215 bps, 90.19%, Err 10 (9.1e-06)
139.271 .... 489 packets received, 7222 bps, 90.28%, Err 10 (9.0e-06)
141.411 .... 497 packets received, 7229 bps, 90.36%, Err 10 (8.9e-06)
143.508 .... 505 packets received, 7237 bps, 90.47%, Err 10 (8.7e-06)
146.694 .... 509 packets received, 7135 bps, 89.19%, Err 12 (1.0e-05)
148.809 .... 520 packets received, 7186 bps, 89.82%, Err 12 (1.0e-05)
151.733 .... 526 packets received, 7128 bps, 89.10%, Err 14 (1.2e-05)
153.877 .... 536 packets received, 7162 bps, 89.52%, Err 14 (1.1e-05)
156.527 .... 542 packets received, 7119 bps, 88.99%, Err 15 (1.2e-05)
158.657 .... 553 packets received, 7166 bps, 89.57%, Err 15 (1.2e-05)
160.818 .... 561 packets received, 7171 bps, 89.64%, Err 15 (1.2e-05)
162.931 .... 569 packets received, 7179 bps, 89.73%, Err 16 (1.2e-05)
165.075 .... 577 packets received, 7185 bps, 89.81%, Err 16 (1.2e-05)
167.723 .... 583 packets received, 7144 bps, 89.31%, Err 17 (1.3e-05)
169.822 .... 594 packets received, 7189 bps, 89.86%, Err 17 (1.3e-05)
171.966 .... 602 packets received, 7195 bps, 89.93%, Err 17 (1.2e-05)
174.093 .... 610 packets received, 7201 bps, 90.01%, Err 17 (1.2e-05)
176.208 .... 618 packets received, 7207 bps, 90.09%, Err 17 (1.2e-05)
178.322 .... 626 packets received, 7214 bps, 90.17%, Err 17 (1.2e-05)
180.452 .... 634 packets received, 7220 bps, 90.24%, Err 17 (1.2e-05)
182.564 .... 638 packets received, 7181 bps, 89.76%, Err 18 (1.2e-05)
184.693 .... 649 packets received, 7220 bps, 90.25%, Err 18 (1.2e-05)
186.821 .... 657 packets received, 7226 bps, 90.32%, Err 18 (1.2e-05)
188.935 .... 665 packets received, 7231 bps, 90.39%, Err 18 (1.2e-05)
191.051 .... 673 packets received, 7237 bps, 90.46%, Err 18 (1.2e-05)
193.179 .... 681 packets received, 7242 bps, 90.53%, Err 18 (1.2e-05)
195.306 .... 689 packets received, 7247 bps, 90.59%, Err 18 (1.2e-05)
197.418 .... 697 packets received, 7253 bps, 90.66%, Err 19 (1.2e-05)
200.082 .... 702 packets received, 7207 bps, 90.09%, Err 20 (1.3e-05)
202.737 .... 711 packets received, 7204 bps, 90.05%, Err 21 (1.3e-05)
204.855 .... 722 packets received, 7239 bps, 90.49%, Err 21 (1.3e-05)
206.975 .... 730 packets received, 7244 bps, 90.55%, Err 21 (1.3e-05)
209.091 .... 738 packets received, 7249 bps, 90.62%, Err 21 (1.3e-05)
211.195 .... 746 packets received, 7255 bps, 90.69%, Err 21 (1.2e-05)
213.330 .... 754 packets received, 7259 bps, 90.74%, Err 21 (1.2e-05)
215.725 .... 759 packets received, 7226 bps, 90.32%, Err 22 (1.3e-05)
217.845 .... 770 packets received, 7259 bps, 90.74%, Err 22 (1.3e-05)
219.948 .... 778 packets received, 7264 bps, 90.80%, Err 22 (1.3e-05)
222.067 .... 786 packets received, 7269 bps, 90.86%, Err 22 (1.2e-05)
224.201 .... 794 packets received, 7272 bps, 90.91%, Err 22 (1.2e-05)
226.305 .... 802 packets received, 7277 bps, 90.97%, Err 22 (1.2e-05)
229.237 .... 809 packets received, 7247 bps, 90.58%, Err 23 (1.3e-05)
231.338 .... 820 packets received, 7278 bps, 90.98%, Err 23 (1.2e-05)
233.472 .... 828 packets received, 7282 bps, 91.02%, Err 23 (1.2e-05)
235.589 .... 836 packets received, 7286 bps, 91.08%, Err 23 (1.2e-05)
237.708 .... 844 packets received, 7290 bps, 91.13%, Err 23 (1.2e-05)
239.826 .... 852 packets received, 7294 bps, 91.17%, Err 23 (1.2e-05)
241.961 .... 860 packets received, 7297 bps, 91.22%, Err 23 (1.2e-05)
244.076 .... 868 packets received, 7301 bps, 91.27%, Err 23 (1.2e-05)
246.212 .... 876 packets received, 7304 bps, 91.31%, Err 23 (1.2e-05)
248.330 .... 884 packets received, 7308 bps, 91.35%, Err 23 (1.2e-05)
250.449 .... 892 packets received, 7312 bps, 91.40%, Err 23 (1.1e-05)
252.553 .... 900 packets received, 7316 bps, 91.45%, Err 23 (1.1e-05)
255.210 .... 906 packets received, 7288 bps, 91.10%, Err 24 (1.2e-05)
258.401 .... 917 packets received, 7285 bps, 91.06%, Err 25 (1.2e-05)
260.505 .... 928 packets received, 7313 bps, 91.41%, Err 25 (1.2e-05)
262.625 .... 936 packets received, 7316 bps, 91.45%, Err 25 (1.2e-05)
264.776 .... 944 packets received, 7318 bps, 91.48%, Err 25 (1.2e-05)
266.880 .... 952 packets received, 7322 bps, 91.53%, Err 25 (1.2e-05)
268.999 .... 960 packets received, 7325 bps, 91.57%, Err 25 (1.2e-05)
271.120 .... 968 packets received, 7328 bps, 91.60%, Err 25 (1.2e-05)
273.786 .... 974 packets received, 7302 bps, 91.27%, Err 26 (1.2e-05)
275.917 .... 985 packets received, 7327 bps, 91.59%, Err 26 (1.2e-05)
278.018 .... 993 packets received, 7331 bps, 91.63%, Err 26 (1.2e-05)
280.153 .... 1001 packets received, 7333 bps, 91.67%, Err 26 (1.2e-05)
282.271 .... 1009 packets received, 7336 bps, 91.70%, Err 26 (1.2e-05)
284.389 .... 1017 packets received, 7339 bps, 91.74%, Err 26 (1.1e-05)
287.571 .... 1025 packets received, 7315 bps, 91.44%, Err 27 (1.2e-05)
289.689 .... 1036 packets received, 7339 bps, 91.74%, Err 27 (1.2e-05)
291.823 .... 1044 packets received, 7342 bps, 91.77%, Err 27 (1.2e-05)
293.928 .... 1052 packets received, 7345 bps, 91.81%, Err 27 (1.1e-05)
296.045 .... 1060 packets received, 7348 bps, 91.85%, Err 27 (1.1e-05)
298.163 .... 1068 packets received, 7351 bps, 91.88%, Err 27 (1.1e-05)
300.283 .... 1076 packets received, 7353 bps, 91.92%, Err 27 (1.1e-05)
302.412 .... 1084 packets received, 7356 bps, 91.95%, Err 27 (1.1e-05)
304.532 .... 1092 packets received, 7358 bps, 91.98%, Err 27 (1.1e-05)
306.653 .... 1100 packets received, 7361 bps, 92.01%, Err 27 (1.1e-05)
308.774 .... 1108 packets received, 7363 bps, 92.04%, Err 27 (1.1e-05)
310.914 .... 1116 packets received, 7365 bps, 92.07%, Err 27 (1.1e-05)
313.017 .... 1124 packets received, 7368 bps, 92.10%, Err 27 (1.1e-05)
315.138 .... 1132 packets received, 7371 bps, 92.13%, Err 27 (1.1e-05)
317.783 .... 1138 packets received, 7348 bps, 91.85%, Err 28 (1.1e-05)
319.897 .... 1149 packets received, 7370 bps, 92.12%, Err 28 (1.1e-05)
322.022 .... 1157 packets received, 7372 bps, 92.15%, Err 28 (1.1e-05)
324.397 .... 1162 packets received, 7350 bps, 91.87%, Err 29 (1.1e-05)
326.541 .... 1173 packets received, 7370 bps, 92.13%, Err 29 (1.1e-05)
328.654 .... 1181 packets received, 7373 bps, 92.16%, Err 29 (1.1e-05)
330.781 .... 1189 packets received, 7375 bps, 92.19%, Err 29 (1.1e-05)
332.907 .... 1197 packets received, 7377 bps, 92.21%, Err 29 (1.1e-05)
335.021 .... 1205 packets received, 7379 bps, 92.24%, Err 29 (1.1e-05)
337.120 .... 1213 packets received, 7382 bps, 92.28%, Err 29 (1.1e-05)
339.261 .... 1221 packets received, 7384 bps, 92.30%, Err 29 (1.1e-05)
341.359 .... 1229 packets received, 7386 bps, 92.33%, Err 29 (1.1e-05)
343.501 .... 1237 packets received, 7388 bps, 92.35%, Err 29 (1.1e-05)
345.628 .... 1241 packets received, 7366 bps, 92.08%, Err 30 (1.1e-05)
347.740 .... 1252 packets received, 7386 bps, 92.33%, Err 30 (1.1e-05)
349.883 .... 1260 packets received, 7388 bps, 92.35%, Err 30 (1.1e-05)
351.981 .... 1268 packets received, 7390 bps, 92.38%, Err 30 (1.1e-05)
354.109 .... 1276 packets received, 7392 bps, 92.40%, Err 30 (1.1e-05)
356.222 .... 1284 packets received, 7394 bps, 92.43%, Err 30 (1.1e-05)
358.349 .... 1292 packets received, 7396 bps, 92.45%, Err 30 (1.0e-05)
360.461 .... 1300 packets received, 7398 bps, 92.48%, Err 30 (1.0e-05)
362.573 .... 1308 packets received, 7401 bps, 92.51%, Err 30 (1.0e-05)
364.686 .... 1316 packets received, 7403 bps, 92.53%, Err 30 (1.0e-05)
366.814 .... 1324 packets received, 7404 bps, 92.55%, Err 30 (1.0e-05)
368.957 .... 1332 packets received, 7406 bps, 92.57%, Err 30 (1.0e-05)
371.039 .... 1340 packets received, 7408 bps, 92.60%, Err 30 (1.0e-05)
373.166 .... 1348 packets received, 7410 bps, 92.63%, Err 30 (1.0e-05)
375.295 .... 1356 packets received, 7412 bps, 92.65%, Err 30 (1.0e-05)
377.409 .... 1364 packets received, 7414 bps, 92.67%, Err 30 (9.9e-06)
379.525 .... 1372 packets received, 7415 bps, 92.69%, Err 30 (9.9e-06)
381.653 .... 1380 packets received, 7417 bps, 92.71%, Err 30 (9.8e-06)
383.783 .... 1388 packets received, 7418 bps, 92.73%, Err 30 (9.8e-06)
385.911 .... 1396 packets received, 7420 bps, 92.75%, Err 30 (9.7e-06)
388.024 .... 1404 packets received, 7422 bps, 92.77%, Err 30 (9.7e-06)
390.153 .... 1412 packets received, 7423 bps, 92.79%, Err 30 (9.6e-06)
392.266 .... 1420 packets received, 7425 bps, 92.81%, Err 30 (9.6e-06)
394.379 .... 1428 packets received, 7427 bps, 92.84%, Err 30 (9.5e-06)
396.490 .... 1436 packets received, 7429 bps, 92.86%, Err 30 (9.5e-06)
398.634 .... 1444 packets received, 7430 bps, 92.87%, Err 30 (9.4e-06)
400.764 .... 1452 packets received, 7431 bps, 92.89%, Err 30 (9.4e-06)
402.895 .... 1460 packets received, 7433 bps, 92.91%, Err 30 (9.3e-06)
405.027 .... 1468 packets received, 7434 bps, 92.92%, Err 30 (9.3e-06)
407.145 .... 1476 packets received, 7435 bps, 92.94%, Err 30 (9.2e-06)
409.278 .... 1484 packets received, 7437 bps, 92.96%, Err 30 (9.2e-06)
411.412 .... 1492 packets received, 7438 bps, 92.98%, Err 30 (9.1e-06)
413.513 .... 1500 packets received, 7440 bps, 93.00%, Err 30 (9.1e-06)
415.645 .... 1508 packets received, 7441 bps, 93.01%, Err 30 (9.0e-06)
418.037 .... 1513 packets received, 7423 bps, 92.79%, Err 31 (9.3e-06)
420.139 .... 1524 packets received, 7440 bps, 92.99%, Err 31 (9.2e-06)
422.283 .... 1532 packets received, 7441 bps, 93.01%, Err 31 (9.2e-06)
425.182 .... 1538 packets received, 7419 bps, 92.73%, Err 33 (9.7e-06)
427.299 .... 1549 packets received, 7435 bps, 92.93%, Err 33 (9.7e-06)
430.213 .... 1555 packets received, 7413 bps, 92.66%, Err 35 (1.0e-05)
432.361 .... 1566 packets received, 7428 bps, 92.85%, Err 35 (1.0e-05)
434.463 .... 1574 packets received, 7430 bps, 92.87%, Err 35 (1.0e-05)
436.580 .... 1582 packets received, 7431 bps, 92.89%, Err 36 (1.0e-05)
438.728 .... 1590 packets received, 7432 bps, 92.90%, Err 36 (1.0e-05)
440.844 .... 1598 packets received, 7434 bps, 92.92%, Err 36 (1.0e-05)
442.946 .... 1606 packets received, 7436 bps, 92.94%, Err 36 (1.0e-05)
445.890 .... 1613 packets received, 7419 bps, 92.73%, Err 37 (1.0e-05)
447.990 .... 1624 packets received, 7434 bps, 92.93%, Err 37 (1.0e-05)
450.124 .... 1632 packets received, 7435 bps, 92.94%, Err 37 (1.0e-05)
452.242 .... 1640 packets received, 7437 bps, 92.96%, Err 37 (1.0e-05)
454.358 .... 1648 packets received, 7438 bps, 92.98%, Err 37 (1.0e-05)
456.475 .... 1656 packets received, 7440 bps, 92.99%, Err 37 (1.0e-05)
458.606 .... 1664 packets received, 7441 bps, 93.01%, Err 37 (1.0e-05)
460.724 .... 1672 packets received, 7442 bps, 93.03%, Err 37 (1.0e-05)
462.841 .... 1680 packets received, 7443 bps, 93.04%, Err 37 (1.0e-05)
464.942 .... 1684 packets received, 7427 bps, 92.84%, Err 38 (1.0e-05)
467.090 .... 1695 packets received, 7441 bps, 93.02%, Err 38 (1.0e-05)
469.209 .... 1703 packets received, 7443 bps, 93.03%, Err 38 (1.0e-05)
471.311 .... 1711 packets received, 7444 bps, 93.05%, Err 38 (1.0e-05)
474.517 .... 1719 packets received, 7429 bps, 92.86%, Err 39 (1.0e-05)
476.632 .... 1730 packets received, 7443 bps, 93.04%, Err 39 (1.0e-05)
478.749 .... 1738 packets received, 7444 bps, 93.05%, Err 39 (1.0e-05)
480.882 .... 1746 packets received, 7445 bps, 93.07%, Err 39 (1.0e-05)
483.013 .... 1754 packets received, 7446 bps, 93.08%, Err 39 (1.0e-05)
485.131 .... 1762 packets received, 7448 bps, 93.09%, Err 39 (1.0e-05)
487.249 .... 1770 packets received, 7449 bps, 93.11%, Err 39 (1.0e-05)
489.351 .... 1778 packets received, 7450 bps, 93.13%, Err 40 (1.0e-05)
491.499 .... 1786 packets received, 7451 bps, 93.14%, Err 40 (1.0e-05)
493.602 .... 1793 packets received, 7448 bps, 93.11%, Err 41 (1.0e-05)
495.733 .... 1801 packets received, 7449 bps, 93.12%, Err 41 (1.0e-05)
497.865 .... 1809 packets received, 7450 bps, 93.13%, Err 41 (1.0e-05)
499.967 .... 1817 packets received, 7452 bps, 93.15%, Err 41 (1.0e-05)
502.096 .... 1825 packets received, 7453 bps, 93.16%, Err 41 (1.0e-05)
504.193 .... 1833 packets received, 7454 bps, 93.18%, Err 42 (1.0e-05)
506.321 .... 1841 packets received, 7455 bps, 93.19%, Err 42 (1.0e-05)
509.246 .... 1848 packets received, 7441 bps, 93.01%, Err 43 (1.1e-05)
511.359 .... 1859 packets received, 7454 bps, 93.18%, Err 43 (1.1e-05)
513.472 .... 1867 packets received, 7455 bps, 93.19%, Err 43 (1.0e-05)
515.585 .... 1875 packets received, 7457 bps, 93.21%, Err 43 (1.0e-05)
517.714 .... 1883 packets received, 7458 bps, 93.22%, Err 43 (1.0e-05)
519.828 .... 1891 packets received, 7459 bps, 93.23%, Err 43 (1.0e-05)
521.969 .... 1899 packets received, 7460 bps, 93.24%, Err 43 (1.0e-05)
524.114 .... 1907 packets received, 7460 bps, 93.25%, Err 43 (1.0e-05)
526.212 .... 1915 packets received, 7462 bps, 93.27%, Err 43 (1.0e-05)
528.341 .... 1923 packets received, 7463 bps, 93.28%, Err 43 (1.0e-05)
530.454 .... 1931 packets received, 7464 bps, 93.30%, Err 43 (1.0e-05)
532.582 .... 1939 packets received, 7465 bps, 93.31%, Err 43 (1.0e-05)
534.696 .... 1947 packets received, 7466 bps, 93.32%, Err 43 (1.0e-05)
536.823 .... 1955 packets received, 7467 bps, 93.33%, Err 43 (1.0e-05)
538.937 .... 1963 packets received, 7468 bps, 93.35%, Err 43 (1.0e-05)
541.067 .... 1971 packets received, 7469 bps, 93.36%, Err 43 (9.9e-06)
543.208 .... 1979 packets received, 7469 bps, 93.37%, Err 43 (9.9e-06)
545.289 .... 1987 packets received, 7471 bps, 93.39%, Err 43 (9.9e-06)
547.433 .... 1995 packets received, 7472 bps, 93.40%, Err 43 (9.8e-06)
549.560 .... 2003 packets received, 7473 bps, 93.41%, Err 43 (9.8e-06)
551.673 .... 2011 packets received, 7474 bps, 93.42%, Err 43 (9.7e-06)
553.815 .... 2019 packets received, 7474 bps, 93.43%, Err 43 (9.7e-06)
555.914 .... 2027 packets received, 7476 bps, 93.45%, Err 43 (9.7e-06)
558.027 .... 2035 packets received, 7477 bps, 93.46%, Err 43 (9.6e-06)
561.212 .... 2043 packets received, 7463 bps, 93.29%, Err 45 (1.0e-05)
563.341 .... 2053 packets received, 7472 bps, 93.39%, Err 45 (1.0e-05)
565.438 .... 2059 packets received, 7466 bps, 93.32%, Err 45 (1.0e-05)
567.580 .... 2065 packets received, 7459 bps, 93.24%, Err 45 (9.9e-06)
570.764 .... 2071 packets received, 7439 bps, 92.99%, Err 46 (1.0e-05)
572.907 .... 2081 packets received, 7447 bps, 93.09%, Err 46 (1.0e-05)
575.006 .... 2089 packets received, 7448 bps, 93.10%, Err 46 (1.0e-05)
577.132 .... 2097 packets received, 7449 bps, 93.11%, Err 46 (1.0e-05)
579.505 .... 2102 packets received, 7436 bps, 92.95%, Err 47 (1.0e-05)
581.632 .... 2113 packets received, 7448 bps, 93.10%, Err 47 (1.0e-05)
583.746 .... 2121 packets received, 7449 bps, 93.11%, Err 47 (1.0e-05)
585.874 .... 2129 packets received, 7450 bps, 93.12%, Err 47 (1.0e-05)
588.002 .... 2137 packets received, 7451 bps, 93.13%, Err 47 (1.0e-05)
590.130 .... 2145 packets received, 7452 bps, 93.15%, Err 47 (1.0e-05)
592.228 .... 2153 packets received, 7453 bps, 93.16%, Err 47 (9.9e-06)
594.356 .... 2161 packets received, 7454 bps, 93.17%, Err 47 (9.9e-06)
596.484 .... 2169 packets received, 7455 bps, 93.18%, Err 47 (9.9e-06)
598.596 .... 2177 packets received, 7456 bps, 93.20%, Err 47 (9.8e-06)
600.697 .... 2185 packets received, 7457 bps, 93.21%, Err 47 (9.8e-06)
602.843 .... 2193 packets received, 7458 bps, 93.22%, Err 48 (1.0e-05)
604.944 .... 2200 packets received, 7455 bps, 93.19%, Err 48 (9.9e-06)
607.077 .... 2204 packets received, 7443 bps, 93.03%, Err 49 (1.0e-05)
609.194 .... 2215 packets received, 7454 bps, 93.17%, Err 49 (1.0e-05)
611.325 .... 2223 packets received, 7455 bps, 93.18%, Err 49 (1.0e-05)
614.238 .... 2230 packets received, 7443 bps, 93.03%, Err 50 (1.0e-05)
616.354 .... 2237 packets received, 7440 bps, 93.00%, Err 51 (1.0e-05)
618.470 .... 2248 packets received, 7451 bps, 93.14%, Err 51 (1.0e-05)
620.604 .... 2256 packets received, 7452 bps, 93.15%, Err 51 (1.0e-05)
622.722 .... 2264 packets received, 7453 bps, 93.16%, Err 51 (1.0e-05)
624.840 .... 2272 packets received, 7454 bps, 93.17%, Err 51 (1.0e-05)
626.972 .... 2280 packets received, 7455 bps, 93.18%, Err 51 (1.0e-05)
629.089 .... 2288 packets received, 7456 bps, 93.20%, Err 51 (1.0e-05)
631.189 .... 2296 packets received, 7457 bps, 93.21%, Err 51 (1.0e-05)
633.336 .... 2304 packets received, 7457 bps, 93.22%, Err 51 (1.0e-05)
635.438 .... 2312 packets received, 7459 bps, 93.23%, Err 51 (1.0e-05)
637.554 .... 2320 packets received, 7460 bps, 93.24%, Err 51 (1.0e-05)
639.702 .... 2328 packets received, 7460 bps, 93.25%, Err 51 (1.0e-05)
641.818 .... 2336 packets received, 7461 bps, 93.26%, Err 52 (1.0e-05)
643.935 .... 2344 packets received, 7462 bps, 93.27%, Err 52 (1.0e-05)
646.066 .... 2352 packets received, 7463 bps, 93.28%, Err 52 (1.0e-05)
648.182 .... 2360 packets received, 7464 bps, 93.30%, Err 52 (1.0e-05)
650.299 .... 2368 packets received, 7465 bps, 93.31%, Err 52 (1.0e-05)
652.415 .... 2376 packets received, 7465 bps, 93.32%, Err 52 (1.0e-05)
654.546 .... 2384 packets received, 7466 bps, 93.33%, Err 52 (9.9e-06)
656.662 .... 2392 packets received, 7467 bps, 93.34%, Err 52 (9.9e-06)
658.778 .... 2400 packets received, 7468 bps, 93.35%, Err 52 (9.9e-06)
660.910 .... 2408 packets received, 7469 bps, 93.36%, Err 52 (9.8e-06)
663.025 .... 2416 packets received, 7469 bps, 93.37%, Err 52 (9.8e-06)
665.157 .... 2420 packets received, 7458 bps, 93.22%, Err 53 (1.0e-05)
667.264 .... 2431 packets received, 7468 bps, 93.35%, Err 54 (1.0e-05)
669.395 .... 2439 packets received, 7469 bps, 93.36%, Err 54 (1.0e-05)
671.496 .... 2447 packets received, 7470 bps, 93.37%, Err 54 (1.0e-05)
673.628 .... 2455 packets received, 7470 bps, 93.38%, Err 54 (1.0e-05)
675.745 .... 2463 packets received, 7471 bps, 93.39%, Err 54 (1.0e-05)
677.861 .... 2471 packets received, 7472 bps, 93.40%, Err 54 (1.0e-05)
679.991 .... 2479 packets received, 7473 bps, 93.41%, Err 54 (9.9e-06)
682.903 .... 2486 packets received, 7462 bps, 93.27%, Err 55 (1.0e-05)
685.035 .... 2497 packets received, 7472 bps, 93.40%, Err 57 (1.0e-05)
687.151 .... 2504 packets received, 7470 bps, 93.37%, Err 57 (1.0e-05)
689.253 .... 2512 packets received, 7471 bps, 93.38%, Err 57 (1.0e-05)
691.384 .... 2520 packets received, 7471 bps, 93.39%, Err 57 (1.0e-05)
693.517 .... 2528 packets received, 7472 bps, 93.40%, Err 57 (1.0e-05)
695.620 .... 2536 packets received, 7473 bps, 93.41%, Err 57 (1.0e-05)
697.753 .... 2544 packets received, 7473 bps, 93.42%, Err 57 (1.0e-05)
699.887 .... 2552 packets received, 7474 bps, 93.43%, Err 57 (1.0e-05)
702.797 .... 2559 packets received, 7463 bps, 93.29%, Err 58 (1.0e-05)
704.911 .... 2570 packets received, 7473 bps, 93.41%, Err 58 (1.0e-05)
707.024 .... 2578 packets received, 7474 bps, 93.42%, Err 58 (1.0e-05)
709.151 .... 2586 packets received, 7475 bps, 93.43%, Err 58 (1.0e-05)
711.263 .... 2594 packets received, 7475 bps, 93.44%, Err 58 (1.0e-05)
713.377 .... 2602 packets received, 7476 bps, 93.45%, Err 58 (1.0e-05)
716.571 .... 2609 packets received, 7463 bps, 93.29%, Err 61 (1.1e-05)
718.698 .... 2619 packets received, 7469 bps, 93.37%, Err 61 (1.1e-05)
720.827 .... 2627 packets received, 7470 bps, 93.38%, Err 61 (1.1e-05)
722.937 .... 2635 packets received, 7471 bps, 93.39%, Err 61 (1.1e-05)
725.067 .... 2642 packets received, 7469 bps, 93.36%, Err 62 (1.1e-05)
727.165 .... 2650 packets received, 7470 bps, 93.37%, Err 62 (1.1e-05)
729.292 .... 2658 packets received, 7470 bps, 93.38%, Err 62 (1.1e-05)
731.421 .... 2666 packets received, 7471 bps, 93.39%, Err 62 (1.1e-05)
733.563 .... 2674 packets received, 7472 bps, 93.39%, Err 62 (1.1e-05)
735.661 .... 2682 packets received, 7473 bps, 93.41%, Err 62 (1.1e-05)
737.787 .... 2690 packets received, 7473 bps, 93.41%, Err 62 (1.1e-05)
740.955 .... 2698 packets received, 7463 bps, 93.29%, Err 63 (1.1e-05)
743.097 .... 2709 packets received, 7472 bps, 93.40%, Err 63 (1.1e-05)
745.209 .... 2717 packets received, 7473 bps, 93.41%, Err 63 (1.1e-05)
747.335 .... 2725 packets received, 7474 bps, 93.42%, Err 63 (1.1e-05)
749.463 .... 2733 packets received, 7474 bps, 93.43%, Err 63 (1.1e-05)
751.820 .... 2738 packets received, 7464 bps, 93.31%, Err 64 (1.1e-05)
753.948 .... 2749 packets received, 7473 bps, 93.42%, Err 64 (1.1e-05)
756.088 .... 2757 packets received, 7474 bps, 93.42%, Err 64 (1.1e-05)
758.215 .... 2765 packets received, 7474 bps, 93.43%, Err 64 (1.1e-05)
760.326 .... 2773 packets received, 7475 bps, 93.44%, Err 64 (1.1e-05)
762.420 .... 2781 packets received, 7476 bps, 93.45%, Err 64 (1.0e-05)
764.563 .... 2789 packets received, 7477 bps, 93.46%, Err 64 (1.0e-05)
766.675 .... 2797 packets received, 7477 bps, 93.47%, Err 64 (1.0e-05)
768.789 .... 2805 packets received, 7478 bps, 93.48%, Err 64 (1.0e-05)
770.929 .... 2813 packets received, 7479 bps, 93.48%, Err 64 (1.0e-05)
773.026 .... 2821 packets received, 7480 bps, 93.49%, Err 64 (1.0e-05)
775.168 .... 2829 packets received, 7480 bps, 93.50%, Err 64 (1.0e-05)
777.279 .... 2837 packets received, 7481 bps, 93.51%, Err 64 (1.0e-05)
779.406 .... 2845 packets received, 7481 bps, 93.52%, Err 64 (1.0e-05)
781.518 .... 2853 packets received, 7482 bps, 93.53%, Err 64 (1.0e-05)
783.645 .... 2861 packets received, 7483 bps, 93.53%, Err 64 (1.0e-05)
785.773 .... 2869 packets received, 7483 bps, 93.54%, Err 64 (1.0e-05)
787.885 .... 2877 packets received, 7484 bps, 93.55%, Err 64 (1.0e-05)
790.027 .... 2885 packets received, 7485 bps, 93.56%, Err 64 (1.0e-05)
792.153 .... 2893 packets received, 7485 bps, 93.56%, Err 64 (1.0e-05)
794.267 .... 2901 packets received, 7486 bps, 93.57%, Err 64 (1.0e-05)
796.393 .... 2909 packets received, 7486 bps, 93.58%, Err 64 (1.0e-05)
798.504 .... 2917 packets received, 7487 bps, 93.59%, Err 64 (1.0e-05)
800.617 .... 2925 packets received, 7488 bps, 93.60%, Err 64 (1.0e-05)
802.748 .... 2933 packets received, 7488 bps, 93.60%, Err 64 (1.0e-05)
804.863 .... 2941 packets received, 7489 bps, 93.61%, Err 64 (9.9e-06)
806.993 .... 2949 packets received, 7490 bps, 93.62%, Err 64 (9.9e-06)
809.107 .... 2957 packets received, 7490 bps, 93.63%, Err 64 (9.9e-06)
811.237 .... 2965 packets received, 7491 bps, 93.64%, Err 64 (9.9e-06)
813.368 .... 2973 packets received, 7491 bps, 93.64%, Err 64 (9.8e-06)
815.472 .... 2981 packets received, 7492 bps, 93.65%, Err 64 (9.8e-06)
817.589 .... 2989 packets received, 7493 bps, 93.66%, Err 64 (9.8e-06)
819.736 .... 2997 packets received, 7493 bps, 93.66%, Err 64 (9.8e-06)
821.837 .... 3005 packets received, 7494 bps, 93.67%, Err 64 (9.7e-06)
823.969 .... 3013 packets received, 7494 bps, 93.68%, Err 64 (9.7e-06)
826.086 .... 3021 packets received, 7495 bps, 93.69%, Err 64 (9.7e-06)
828.201 .... 3029 packets received, 7496 bps, 93.70%, Err 64 (9.7e-06)
830.332 .... 3037 packets received, 7496 bps, 93.70%, Err 64 (9.6e-06)
832.433 .... 3045 packets received, 7497 bps, 93.71%, Err 64 (9.6e-06)
834.565 .... 3053 packets received, 7497 bps, 93.72%, Err 64 (9.6e-06)
836.696 .... 3061 packets received, 7498 bps, 93.72%, Err 64 (9.6e-06)
838.813 .... 3069 packets received, 7498 bps, 93.73%, Err 64 (9.5e-06)
840.915 .... 3077 packets received, 7499 bps, 93.74%, Err 64 (9.5e-06)
843.583 .... 3083 packets received, 7490 bps, 93.63%, Err 65 (9.6e-06)
845.685 .... 3094 packets received, 7498 bps, 93.73%, Err 65 (9.6e-06)
847.816 .... 3102 packets received, 7499 bps, 93.73%, Err 65 (9.6e-06)
849.949 .... 3110 packets received, 7499 bps, 93.74%, Err 65 (9.6e-06)
852.050 .... 3118 packets received, 7500 bps, 93.75%, Err 66 (9.7e-06)
854.703 .... 3123 packets received, 7488 bps, 93.61%, Err 67 (9.8e-06)
856.819 .... 3134 packets received, 7496 bps, 93.70%, Err 67 (9.8e-06)
858.950 .... 3142 packets received, 7497 bps, 93.71%, Err 67 (9.8e-06)
861.084 .... 3150 packets received, 7497 bps, 93.71%, Err 67 (9.7e-06)
863.201 .... 3158 packets received, 7498 bps, 93.72%, Err 67 (9.7e-06)
865.301 .... 3166 packets received, 7499 bps, 93.73%, Err 67 (9.7e-06)
867.433 .... 3174 packets received, 7499 bps, 93.74%, Err 67 (9.7e-06)
869.535 .... 3182 packets received, 7500 bps, 93.75%, Err 67 (9.6e-06)
871.682 .... 3190 packets received, 7500 bps, 93.75%, Err 67 (9.6e-06)
873.800 .... 3198 packets received, 7501 bps, 93.76%, Err 67 (9.6e-06)
875.913 .... 3206 packets received, 7501 bps, 93.77%, Err 67 (9.6e-06)
879.087 .... 3214 packets received, 7493 bps, 93.66%, Err 68 (9.7e-06)
881.221 .... 3225 packets received, 7500 bps, 93.75%, Err 68 (9.6e-06)
884.395 .... 3233 packets received, 7492 bps, 93.65%, Err 71 (1.0e-05)
886.527 .... 3243 packets received, 7497 bps, 93.71%, Err 71 (1.0e-05)
888.644 .... 3251 packets received, 7497 bps, 93.72%, Err 71 (1.0e-05)
890.760 .... 3259 packets received, 7498 bps, 93.73%, Err 71 (1.0e-05)
892.861 .... 3267 packets received, 7499 bps, 93.73%, Err 71 (9.9e-06)
894.993 .... 3275 packets received, 7499 bps, 93.74%, Err 71 (9.9e-06)
897.127 .... 3283 packets received, 7500 bps, 93.75%, Err 71 (9.9e-06)
899.228 .... 3291 packets received, 7500 bps, 93.75%, Err 71 (9.9e-06)
901.375 .... 3299 packets received, 7501 bps, 93.76%, Err 71 (9.8e-06)
903.502 .... 3307 packets received, 7501 bps, 93.76%, Err 71 (9.8e-06)
906.671 .... 3315 packets received, 7493 bps, 93.66%, Err 72 (9.9e-06)
908.798 .... 3326 packets received, 7500 bps, 93.75%, Err 72 (9.9e-06)
910.910 .... 3334 packets received, 7501 bps, 93.76%, Err 72 (9.9e-06)
913.022 .... 3342 packets received, 7501 bps, 93.77%, Err 72 (9.9e-06)
915.135 .... 3350 packets received, 7502 bps, 93.77%, Err 72 (9.8e-06)
917.277 .... 3358 packets received, 7502 bps, 93.78%, Err 72 (9.8e-06)
919.404 .... 3366 packets received, 7503 bps, 93.78%, Err 72 (9.8e-06)
922.342 .... 3373 packets received, 7494 bps, 93.68%, Err 73 (9.9e-06)
924.455 .... 3384 packets received, 7502 bps, 93.77%, Err 74 (1.0e-05)
926.582 .... 3391 packets received, 7500 bps, 93.75%, Err 74 (1.0e-05)
928.696 .... 3399 packets received, 7500 bps, 93.76%, Err 74 (1.0e-05)
930.809 .... 3407 packets received, 7501 bps, 93.76%, Err 74 (9.9e-06)
932.936 .... 3415 packets received, 7502 bps, 93.77%, Err 74 (9.9e-06)
935.050 .... 3423 packets received, 7502 bps, 93.78%, Err 74 (9.9e-06)
937.176 .... 3431 packets received, 7503 bps, 93.78%, Err 74 (9.9e-06)
939.854 .... 3437 packets received, 7494 bps, 93.68%, Err 75 (1.0e-05)
942.212 .... 3445 packets received, 7493 bps, 93.66%, Err 76 (1.0e-05)
944.354 .... 3456 packets received, 7500 bps, 93.75%, Err 76 (1.0e-05)
946.467 .... 3460 packets received, 7492 bps, 93.65%, Err 77 (1.0e-05)
948.594 .... 3471 packets received, 7499 bps, 93.73%, Err 77 (1.0e-05)
950.721 .... 3479 packets received, 7499 bps, 93.74%, Err 77 (1.0e-05)
952.834 .... 3487 packets received, 7500 bps, 93.75%, Err 77 (1.0e-05)
954.947 .... 3495 packets received, 7500 bps, 93.75%, Err 77 (1.0e-05)
957.060 .... 3503 packets received, 7501 bps, 93.76%, Err 77 (1.0e-05)
959.177 .... 3511 packets received, 7501 bps, 93.77%, Err 77 (1.0e-05)
961.308 .... 3519 packets received, 7502 bps, 93.77%, Err 77 (1.0e-05)
964.495 .... 3527 packets received, 7494 bps, 93.67%, Err 78 (1.0e-05)
966.623 .... 3538 packets received, 7501 bps, 93.76%, Err 78 (1.0e-05)
968.735 .... 3546 packets received, 7501 bps, 93.77%, Err 78 (1.0e-05)
970.846 .... 3554 packets received, 7502 bps, 93.77%, Err 78 (1.0e-05)
972.973 .... 3562 packets received, 7502 bps, 93.78%, Err 78 (1.0e-05)
975.101 .... 3570 packets received, 7503 bps, 93.78%, Err 78 (1.0e-05)
977.474 .... 3575 packets received, 7495 bps, 93.69%, Err 79 (1.0e-05)
979.586 .... 3586 packets received, 7502 bps, 93.77%, Err 79 (1.0e-05)
981.714 .... 3594 packets received, 7502 bps, 93.78%, Err 79 (1.0e-05)
983.825 .... 3602 packets received, 7503 bps, 93.78%, Err 79 (1.0e-05)
985.969 .... 3610 packets received, 7503 bps, 93.79%, Err 79 (1.0e-05)
988.079 .... 3618 packets received, 7504 bps, 93.80%, Err 79 (1.0e-05)
990.206 .... 3626 packets received, 7504 bps, 93.80%, Err 79 (1.0e-05)
992.316 .... 3634 packets received, 7505 bps, 93.81%, Err 79 (1.0e-05)
994.459 .... 3642 packets received, 7505 bps, 93.81%, Err 79 (9.9e-06)
996.572 .... 3650 packets received, 7505 bps, 93.82%, Err 79 (9.9e-06)
999.480 .... 3657 packets received, 7498 bps, 93.72%, Err 80 (1.0e-05)
1001.593 .... 3668 packets received, 7505 bps, 93.81%, Err 80 (1.0e-05)
1003.722 .... 3676 packets received, 7505 bps, 93.81%, Err 81 (1.0e-05)
1005.838 .... 3683 packets received, 7503 bps, 93.79%, Err 81 (1.0e-05)
1007.954 .... 3691 packets received, 7504 bps, 93.80%, Err 81 (1.0e-05)
1010.086 .... 3699 packets received, 7504 bps, 93.80%, Err 81 (1.0e-05)
1012.187 .... 3707 packets received, 7505 bps, 93.81%, Err 81 (1.0e-05)
1014.318 .... 3715 packets received, 7505 bps, 93.82%, Err 81 (1.0e-05)
1016.449 .... 3723 packets received, 7506 bps, 93.82%, Err 81 (1.0e-05)
1018.564 .... 3730 packets received, 7504 bps, 93.80%, Err 82 (1.0e-05)
1020.697 .... 3738 packets received, 7505 bps, 93.81%, Err 82 (1.0e-05)
1022.798 .... 3746 packets received, 7505 bps, 93.82%, Err 82 (1.0e-05)
1024.915 .... 3754 packets received, 7506 bps, 93.82%, Err 82 (1.0e-05)
1027.046 .... 3762 packets received, 7506 bps, 93.83%, Err 82 (1.0e-05)
1029.178 .... 3770 packets received, 7506 bps, 93.83%, Err 82 (1.0e-05)
1031.310 .... 3778 packets received, 7507 bps, 93.84%, Err 82 (9.9e-06)
1033.412 .... 3786 packets received, 7507 bps, 93.84%, Err 82 (9.9e-06)
1036.066 .... 3792 packets received, 7500 bps, 93.75%, Err 83 (1.0e-05)
1038.197 .... 3803 packets received, 7506 bps, 93.83%, Err 83 (1.0e-05)
1040.313 .... 3811 packets received, 7507 bps, 93.84%, Err 83 (1.0e-05)
1042.456 .... 3819 packets received, 7507 bps, 93.84%, Err 83 (1.0e-05)
1044.558 .... 3827 packets received, 7508 bps, 93.85%, Err 83 (9.9e-06)
1047.747 .... 3832 packets received, 7495 bps, 93.68%, Err 85 (1.0e-05)
1050.110 .... 3844 packets received, 7501 bps, 93.76%, Err 85 (1.0e-05)
1052.243 .... 3850 packets received, 7498 bps, 93.72%, Err 85 (1.0e-05)
1054.345 .... 3856 packets received, 7494 bps, 93.68%, Err 85 (1.0e-05)
1056.507 .... 3862 packets received, 7491 bps, 93.63%, Err 85 (1.0e-05)
1058.625 .... 3868 packets received, 7487 bps, 93.59%, Err 85 (1.0e-05)
1060.711 .... 3874 packets received, 7484 bps, 93.55%, Err 85 (1.0e-05)
1062.859 .... 3881 packets received, 7482 bps, 93.53%, Err 85 (1.0e-05)
1064.991 .... 3887 packets received, 7479 bps, 93.49%, Err 85 (1.0e-05)
1067.125 .... 3893 packets received, 7476 bps, 93.44%, Err 85 (1.0e-05)
1069.518 .... 3900 packets received, 7472 bps, 93.40%, Err 85 (9.9e-06)
1071.909 .... 3907 packets received, 7469 bps, 93.36%, Err 86 (1.0e-05)
1074.041 .... 3914 packets received, 7467 bps, 93.34%, Err 86 (1.0e-05)
1076.158 .... 3920 packets received, 7464 bps, 93.30%, Err 86 (1.0e-05)
1078.304 .... 3926 packets received, 7461 bps, 93.26%, Err 86 (1.0e-05)
1080.422 .... 3933 packets received, 7459 bps, 93.24%, Err 86 (1.0e-05)
1082.579 .... 3939 packets received, 7456 bps, 93.20%, Err 86 (9.9e-06)
1084.709 .... 3945 packets received, 7453 bps, 93.16%, Err 86 (9.9e-06)
1087.916 .... 3952 packets received, 7444 bps, 93.05%, Err 87 (1.0e-05)
1090.308 .... 3958 packets received, 7439 bps, 92.98%, Err 89 (1.0e-05)
1092.978 .... 3965 packets received, 7434 bps, 92.92%, Err 90 (1.0e-05)
1095.354 .... 3975 packets received, 7436 bps, 92.95%, Err 90 (1.0e-05)
1097.761 .... 3982 packets received, 7433 bps, 92.91%, Err 90 (1.0e-05)
1099.877 .... 3988 packets received, 7430 bps, 92.87%, Err 90 (1.0e-05)
1102.268 .... 3995 packets received, 7427 bps, 92.83%, Err 90 (1.0e-05)
1105.483 .... 4001 packets received, 7416 bps, 92.70%, Err 91 (1.0e-05)
1107.611 .... 4012 packets received, 7422 bps, 92.78%, Err 91 (1.0e-05)
1109.738 .... 4020 packets received, 7423 bps, 92.79%, Err 91 (1.0e-05)
1111.851 .... 4028 packets received, 7423 bps, 92.79%, Err 91 (1.0e-05)
1113.979 .... 4036 packets received, 7424 bps, 92.80%, Err 91 (1.0e-05)
1116.107 .... 4044 packets received, 7425 bps, 92.81%, Err 91 (1.0e-05)
1119.275 .... 4052 packets received, 7418 bps, 92.73%, Err 93 (1.0e-05)
1121.401 .... 4062 packets received, 7422 bps, 92.78%, Err 93 (1.0e-05)
1123.513 .... 4070 packets received, 7423 bps, 92.79%, Err 93 (1.0e-05)
1125.637 .... 4078 packets received, 7424 bps, 92.79%, Err 93 (1.0e-05)
1127.749 .... 4086 packets received, 7424 bps, 92.80%, Err 93 (1.0e-05)
1129.878 .... 4094 packets received, 7425 bps, 92.81%, Err 93 (1.0e-05)
1132.021 .... 4102 packets received, 7425 bps, 92.81%, Err 93 (1.0e-05)
1134.119 .... 4110 packets received, 7426 bps, 92.82%, Err 93 (1.0e-05)
1136.261 .... 4118 packets received, 7426 bps, 92.83%, Err 93 (1.0e-05)
1138.386 .... 4126 packets received, 7427 bps, 92.83%, Err 93 (1.0e-05)
1140.515 .... 4134 packets received, 7427 bps, 92.84%, Err 93 (1.0e-05)
1142.625 .... 4142 packets received, 7428 bps, 92.85%, Err 93 (1.0e-05)
1144.738 .... 4150 packets received, 7428 bps, 92.86%, Err 93 (1.0e-05)
1146.866 .... 4158 packets received, 7429 bps, 92.86%, Err 93 (1.0e-05)
1148.978 .... 4166 packets received, 7430 bps, 92.87%, Err 93 (1.0e-05)
1151.091 .... 4170 packets received, 7423 bps, 92.79%, Err 94 (1.0e-05)
1153.203 .... 4181 packets received, 7429 bps, 92.86%, Err 94 (1.0e-05)
1155.344 .... 4189 packets received, 7429 bps, 92.87%, Err 94 (1.0e-05)
1157.718 .... 4194 packets received, 7423 bps, 92.79%, Err 95 (1.0e-05)
1159.860 .... 4205 packets received, 7429 bps, 92.86%, Err 95 (1.0e-05)
1162.493 .... 4211 packets received, 7422 bps, 92.78%, Err 96 (1.0e-05)
1164.635 .... 4222 packets received, 7428 bps, 92.85%, Err 96 (1.0e-05)
1166.763 .... 4230 packets received, 7429 bps, 92.86%, Err 96 (1.0e-05)
1168.889 .... 4238 packets received, 7429 bps, 92.86%, Err 96 (1.0e-05)
1170.999 .... 4246 packets received, 7430 bps, 92.87%, Err 96 (1.0e-05)
1173.124 .... 4254 packets received, 7430 bps, 92.88%, Err 96 (1.0e-05)
1175.234 .... 4262 packets received, 7431 bps, 92.89%, Err 96 (1.0e-05)
1177.345 .... 4270 packets received, 7431 bps, 92.89%, Err 96 (1.0e-05)
1179.474 .... 4278 packets received, 7432 bps, 92.90%, Err 96 (1.0e-05)
1181.602 .... 4286 packets received, 7432 bps, 92.91%, Err 96 (1.0e-05)
1183.714 .... 4290 packets received, 7426 bps, 92.83%, Err 97 (1.0e-05)
1185.842 .... 4301 packets received, 7432 bps, 92.90%, Err 97 (1.0e-05)
1187.954 .... 4309 packets received, 7432 bps, 92.90%, Err 97 (1.0e-05)
1190.065 .... 4316 packets received, 7431 bps, 92.89%, Err 98 (1.0e-05)
1192.196 .... 4324 packets received, 7432 bps, 92.90%, Err 98 (1.0e-05)
1194.310 .... 4332 packets received, 7432 bps, 92.90%, Err 98 (1.0e-05)
1196.422 .... 4340 packets received, 7433 bps, 92.91%, Err 98 (1.0e-05)
1198.567 .... 4348 packets received, 7433 bps, 92.91%, Err 98 (1.0e-05)
1200.022 Quit.
