000.000 =============================================================
000.000                     Station A                               
000.000 -------------------------------------------------------------
000.000 Protocol.lib, version 4.0, jiangyanjun0718@bupt.edu.cn
000.000 Channel: 8000 bps, 270 ms propagation delay, bit error rate 1.0E-04
000.000 Log file "fbA.log", TCP port 30015, debug mask 0x00
000.000 Station A is waiting for station B on TCP port 30015 ... Done.
000.327 New epoch: Thu May 16 18:55:00 2019
000.327 =================================================================
000.327 
000.327 Designed by CJSoft, build: May 16 2019  17:18:52
003.820 .... 5 packets received, 3167 bps, 39.59%, Err 5 (1.8e-04)
006.490 .... 12 packets received, 4163 bps, 52.04%, Err 7 (1.4e-04)
008.622 .... 23 packets received, 5862 bps, 73.28%, Err 10 (1.5e-04)
010.739 .... 31 packets received, 6254 bps, 78.17%, Err 10 (1.2e-04)
012.875 .... 39 packets received, 6500 bps, 81.25%, Err 10 (1.0e-04)
015.009 .... 46 packets received, 6533 bps, 81.66%, Err 12 (1.0e-04)
020.054 .... 53 packets received, 5576 bps, 69.70%, Err 16 (1.0e-04)
022.187 .... 66 packets received, 6258 bps, 78.22%, Err 17 (9.7e-05)
025.085 .... 73 packets received, 6103 bps, 76.28%, Err 20 (1.0e-04)
027.491 .... 75 packets received, 5709 bps, 71.36%, Err 22 (1.0e-04)
030.147 .... 85 packets received, 5889 bps, 73.61%, Err 27 (1.1e-04)
032.278 .... 94 packets received, 6075 bps, 75.93%, Err 27 (1.1e-04)
036.265 .... 98 packets received, 5625 bps, 70.32%, Err 30 (1.0e-04)
038.383 .... 109 packets received, 5906 bps, 73.83%, Err 32 (1.1e-04)
041.852 .... 112 packets received, 5559 bps, 69.48%, Err 35 (1.1e-04)
043.970 .... 125 packets received, 5901 bps, 73.76%, Err 39 (1.1e-04)
046.102 .... 132 packets received, 5939 bps, 74.24%, Err 40 (1.1e-04)
048.249 .... 139 packets received, 5973 bps, 74.66%, Err 40 (1.0e-04)
050.352 .... 147 packets received, 6050 bps, 75.62%, Err 40 (1.0e-04)
055.140 .... 153 packets received, 5744 bps, 71.80%, Err 47 (1.1e-04)
057.809 .... 164 packets received, 5870 bps, 73.37%, Err 48 (1.0e-04)
059.925 .... 170 packets received, 5867 bps, 73.34%, Err 48 (1.0e-04)
062.071 .... 176 packets received, 5862 bps, 73.28%, Err 50 (1.0e-04)
064.173 .... 184 packets received, 5926 bps, 74.08%, Err 51 (1.0e-04)
067.394 .... 192 packets received, 5886 bps, 73.57%, Err 53 (9.9e-05)
070.829 .... 203 packets received, 5919 bps, 73.98%, Err 58 (1.0e-04)
073.759 .... 208 packets received, 5822 bps, 72.77%, Err 59 (1.0e-04)
076.167 .... 209 packets received, 5663 bps, 70.79%, Err 62 (1.0e-04)
079.356 .... 217 packets received, 5642 bps, 70.53%, Err 65 (1.0e-04)
082.287 .... 228 packets received, 5715 bps, 71.44%, Err 66 (1.0e-04)
085.725 .... 230 packets received, 5533 bps, 69.16%, Err 69 (1.0e-04)
088.687 .... 242 packets received, 5626 bps, 70.32%, Err 71 (1.0e-04)
090.805 .... 248 packets received, 5630 bps, 70.37%, Err 72 (9.9e-05)
092.938 .... 254 packets received, 5633 bps, 70.41%, Err 74 (1.0e-04)
095.346 .... 263 packets received, 5684 bps, 71.05%, Err 76 (1.0e-04)
098.247 .... 266 packets received, 5578 bps, 69.73%, Err 78 (1.0e-04)
100.897 .... 277 packets received, 5655 bps, 70.69%, Err 81 (1.0e-04)
103.039 .... 282 packets received, 5637 bps, 70.46%, Err 82 (1.0e-04)
105.152 .... 290 packets received, 5680 bps, 71.00%, Err 82 (9.8e-05)
108.351 .... 297 packets received, 5644 bps, 70.55%, Err 86 (1.0e-04)
110.752 .... 299 packets received, 5558 bps, 69.48%, Err 87 (9.9e-05)
112.866 .... 311 packets received, 5673 bps, 70.91%, Err 87 (9.7e-05)
116.081 .... 317 packets received, 5621 bps, 70.27%, Err 90 (9.7e-05)
119.266 .... 325 packets received, 5608 bps, 70.11%, Err 94 (9.9e-05)
124.579 .... 332 packets received, 5484 bps, 68.55%, Err 101 (1.0e-04)
127.244 .... 339 packets received, 5482 bps, 68.52%, Err 102 (1.0e-04)
129.678 .... 347 packets received, 5505 bps, 68.81%, Err 104 (1.0e-04)
132.848 .... 350 packets received, 5420 bps, 67.74%, Err 105 (9.9e-05)
135.236 .... 363 packets received, 5521 bps, 69.01%, Err 106 (9.8e-05)
137.376 .... 369 packets received, 5525 bps, 69.06%, Err 107 (9.8e-05)
142.152 .... 375 packets received, 5425 bps, 67.81%, Err 113 (1.0e-04)
145.093 .... 379 packets received, 5371 bps, 67.14%, Err 117 (1.0e-04)
148.003 .... 389 packets received, 5404 bps, 67.55%, Err 118 (1.0e-04)
151.479 .... 395 packets received, 5361 bps, 67.01%, Err 122 (1.0e-04)
154.390 .... 398 packets received, 5300 bps, 66.25%, Err 122 (9.9e-05)
156.534 .... 408 packets received, 5358 bps, 66.98%, Err 125 (1.0e-04)
161.314 .... 416 packets received, 5301 bps, 66.26%, Err 129 (1.0e-04)
164.775 .... 422 packets received, 5264 bps, 65.80%, Err 134 (1.0e-04)
167.470 .... 429 packets received, 5265 bps, 65.81%, Err 137 (1.0e-04)
170.103 .... 436 packets received, 5268 bps, 65.84%, Err 140 (1.0e-04)
172.201 .... 445 packets received, 5311 bps, 66.38%, Err 142 (1.0e-04)
174.882 .... 448 packets received, 5264 bps, 65.80%, Err 144 (1.0e-04)
177.533 .... 457 packets received, 5289 bps, 66.12%, Err 145 (1.0e-04)
180.978 .... 462 packets received, 5245 bps, 65.56%, Err 149 (1.0e-04)
183.932 .... 467 packets received, 5216 bps, 65.21%, Err 151 (1.0e-04)
186.047 .... 478 packets received, 5278 bps, 65.98%, Err 151 (1.0e-04)
188.192 .... 486 packets received, 5305 bps, 66.32%, Err 151 (1.0e-04)
190.326 .... 493 packets received, 5321 bps, 66.52%, Err 152 (1.0e-04)
193.257 .... 497 packets received, 5283 bps, 66.04%, Err 155 (1.0e-04)
195.922 .... 505 packets received, 5295 bps, 66.18%, Err 156 (1.0e-04)
199.095 .... 514 packets received, 5303 bps, 66.29%, Err 159 (1.0e-04)
201.749 .... 521 packets received, 5304 bps, 66.30%, Err 161 (1.0e-04)
205.235 .... 527 packets received, 5274 bps, 65.92%, Err 167 (1.0e-04)
208.688 .... 529 packets received, 5206 bps, 65.08%, Err 172 (1.0e-04)
211.346 .... 534 packets received, 5189 bps, 64.86%, Err 174 (1.0e-04)
214.002 .... 545 packets received, 5230 bps, 65.37%, Err 176 (1.0e-04)
217.197 .... 547 packets received, 5172 bps, 64.65%, Err 180 (1.0e-04)
220.144 .... 553 packets received, 5158 bps, 64.48%, Err 181 (1.0e-04)
222.263 .... 563 packets received, 5201 bps, 65.02%, Err 182 (1.0e-04)
225.195 .... 569 packets received, 5188 bps, 64.85%, Err 184 (1.0e-04)
227.849 .... 575 packets received, 5182 bps, 64.77%, Err 186 (1.0e-04)
231.043 .... 580 packets received, 5154 bps, 64.43%, Err 191 (1.0e-04)
233.959 .... 584 packets received, 5125 bps, 64.06%, Err 191 (1.0e-04)
236.114 .... 596 packets received, 5182 bps, 64.78%, Err 192 (1.0e-04)
238.232 .... 604 packets received, 5205 bps, 65.07%, Err 194 (1.0e-04)
240.903 .... 608 packets received, 5181 bps, 64.77%, Err 196 (1.0e-04)
243.019 .... 620 packets received, 5238 bps, 65.47%, Err 196 (1.0e-04)
245.425 .... 625 packets received, 5228 bps, 65.35%, Err 201 (1.0e-04)
248.357 .... 628 packets received, 5191 bps, 64.89%, Err 204 (1.0e-04)
251.291 .... 633 packets received, 5171 bps, 64.64%, Err 207 (1.0e-04)
254.191 .... 638 packets received, 5152 bps, 64.40%, Err 211 (1.0e-04)
260.886 .... 645 packets received, 5075 bps, 63.43%, Err 222 (1.1e-04)
264.066 .... 654 packets received, 5083 bps, 63.54%, Err 225 (1.1e-04)
270.178 .... 666 packets received, 5059 bps, 63.24%, Err 231 (1.1e-04)
272.323 .... 674 packets received, 5080 bps, 63.50%, Err 232 (1.1e-04)
277.630 .... 683 packets received, 5049 bps, 63.11%, Err 237 (1.1e-04)
280.563 .... 690 packets received, 5047 bps, 63.09%, Err 240 (1.1e-04)
283.233 .... 693 packets received, 5021 bps, 62.77%, Err 242 (1.1e-04)
285.381 .... 704 packets received, 5063 bps, 63.28%, Err 242 (1.1e-04)
287.789 .... 708 packets received, 5049 bps, 63.11%, Err 243 (1.1e-04)
289.906 .... 718 packets received, 5083 bps, 63.53%, Err 243 (1.0e-04)
292.564 .... 724 packets received, 5078 bps, 63.48%, Err 244 (1.0e-04)
295.234 .... 733 packets received, 5095 bps, 63.69%, Err 245 (1.0e-04)
298.394 .... 743 packets received, 5110 bps, 63.87%, Err 246 (1.0e-04)
301.615 .... 754 packets received, 5130 bps, 64.12%, Err 248 (1.0e-04)
304.295 .... 765 packets received, 5159 bps, 64.48%, Err 249 (1.0e-04)
306.414 .... 770 packets received, 5156 bps, 64.45%, Err 249 (1.0e-04)
308.518 .... 776 packets received, 5161 bps, 64.51%, Err 250 (1.0e-04)
310.684 .... 781 packets received, 5158 bps, 64.48%, Err 251 (1.0e-04)
312.786 .... 785 packets received, 5150 bps, 64.37%, Err 253 (1.0e-04)
316.258 .... 795 packets received, 5158 bps, 64.47%, Err 257 (1.0e-04)
318.906 .... 803 packets received, 5166 bps, 64.58%, Err 258 (1.0e-04)
321.294 .... 809 packets received, 5166 bps, 64.58%, Err 259 (1.0e-04)
323.424 .... 820 packets received, 5202 bps, 65.02%, Err 259 (1.0e-04)
325.582 .... 823 packets received, 5186 bps, 64.83%, Err 260 (1.0e-04)
328.490 .... 828 packets received, 5171 bps, 64.64%, Err 265 (1.0e-04)
331.429 .... 832 packets received, 5150 bps, 64.38%, Err 268 (1.0e-04)
334.368 .... 841 packets received, 5160 bps, 64.50%, Err 271 (1.0e-04)
336.481 .... 851 packets received, 5189 bps, 64.86%, Err 271 (1.0e-04)
338.883 .... 855 packets received, 5176 bps, 64.70%, Err 274 (1.0e-04)
341.517 .... 860 packets received, 5166 bps, 64.58%, Err 275 (1.0e-04)
343.658 .... 868 packets received, 5182 bps, 64.77%, Err 275 (1.0e-04)
346.582 .... 874 packets received, 5173 bps, 64.67%, Err 276 (1.0e-04)
351.360 .... 884 packets received, 5161 bps, 64.52%, Err 280 (1.0e-04)
354.314 .... 890 packets received, 5153 bps, 64.41%, Err 283 (1.0e-04)
356.977 .... 898 packets received, 5160 bps, 64.50%, Err 286 (1.0e-04)
360.190 .... 906 packets received, 5160 bps, 64.50%, Err 288 (1.0e-04)
362.839 .... 914 packets received, 5167 bps, 64.59%, Err 290 (1.0e-04)
365.504 .... 919 packets received, 5158 bps, 64.47%, Err 292 (1.0e-04)
367.906 .... 928 packets received, 5174 bps, 64.68%, Err 293 (1.0e-04)
370.278 .... 932 packets received, 5163 bps, 64.54%, Err 295 (1.0e-04)
373.754 .... 937 packets received, 5142 bps, 64.28%, Err 299 (1.0e-04)
376.695 .... 940 packets received, 5119 bps, 63.98%, Err 301 (1.0e-04)
378.837 .... 949 packets received, 5138 bps, 64.23%, Err 303 (1.0e-04)
380.978 .... 959 packets received, 5163 bps, 64.54%, Err 304 (1.0e-04)
383.088 .... 963 packets received, 5156 bps, 64.45%, Err 307 (1.0e-04)
385.474 .... 965 packets received, 5135 bps, 64.19%, Err 310 (1.0e-04)
388.137 .... 970 packets received, 5126 bps, 64.07%, Err 312 (1.0e-04)
390.281 .... 980 packets received, 5150 bps, 64.38%, Err 313 (1.0e-04)
393.189 .... 985 packets received, 5138 bps, 64.23%, Err 315 (1.0e-04)
395.348 .... 995 packets received, 5162 bps, 64.53%, Err 315 (1.0e-04)
398.260 .... 998 packets received, 5140 bps, 64.25%, Err 319 (1.0e-04)
401.479 .... 1009 packets received, 5155 bps, 64.43%, Err 321 (1.0e-04)
404.132 .... 1018 packets received, 5166 bps, 64.58%, Err 323 (1.0e-04)
406.802 .... 1023 packets received, 5158 bps, 64.47%, Err 326 (1.0e-04)
408.935 .... 1032 packets received, 5176 bps, 64.70%, Err 327 (1.0e-04)
412.648 .... 1034 packets received, 5139 bps, 64.24%, Err 332 (1.0e-04)
415.563 .... 1038 packets received, 5123 bps, 64.03%, Err 333 (1.0e-04)
417.709 .... 1050 packets received, 5155 bps, 64.44%, Err 334 (1.0e-04)
420.360 .... 1054 packets received, 5142 bps, 64.28%, Err 338 (1.0e-04)
422.998 .... 1057 packets received, 5125 bps, 64.06%, Err 338 (1.0e-04)
428.075 .... 1067 packets received, 5112 bps, 63.90%, Err 343 (1.0e-04)
430.468 .... 1075 packets received, 5121 bps, 64.02%, Err 347 (1.0e-04)
433.644 .... 1079 packets received, 5103 bps, 63.78%, Err 348 (1.0e-04)
436.344 .... 1086 packets received, 5104 bps, 63.80%, Err 349 (1.0e-04)
438.477 .... 1096 packets received, 5126 bps, 64.07%, Err 351 (1.0e-04)
441.927 .... 1097 packets received, 5091 bps, 63.63%, Err 354 (1.0e-04)
444.856 .... 1109 packets received, 5112 bps, 63.90%, Err 355 (1.0e-04)
447.004 .... 1116 packets received, 5120 bps, 64.00%, Err 357 (1.0e-04)
451.239 .... 1123 packets received, 5104 bps, 63.79%, Err 363 (1.0e-04)
454.183 .... 1126 packets received, 5084 bps, 63.55%, Err 366 (1.0e-04)
457.083 .... 1133 packets received, 5083 bps, 63.54%, Err 368 (1.0e-04)
460.027 .... 1143 packets received, 5095 bps, 63.69%, Err 371 (1.0e-04)
462.144 .... 1147 packets received, 5089 bps, 63.62%, Err 373 (1.0e-04)
464.813 .... 1154 packets received, 5091 bps, 63.64%, Err 376 (1.0e-04)
466.948 .... 1160 packets received, 5094 bps, 63.68%, Err 379 (1.0e-04)
469.587 .... 1168 packets received, 5100 bps, 63.75%, Err 381 (1.0e-04)
472.763 .... 1174 packets received, 5092 bps, 63.65%, Err 384 (1.0e-04)
475.966 .... 1185 packets received, 5105 bps, 63.81%, Err 388 (1.0e-04)
478.099 .... 1194 packets received, 5121 bps, 64.01%, Err 388 (1.0e-04)
480.230 .... 1202 packets received, 5132 bps, 64.15%, Err 390 (1.0e-04)
483.943 .... 1205 packets received, 5106 bps, 63.82%, Err 396 (1.0e-04)
486.874 .... 1209 packets received, 5092 bps, 63.65%, Err 400 (1.0e-04)
489.284 .... 1211 packets received, 5075 bps, 63.44%, Err 402 (1.0e-04)
492.736 .... 1215 packets received, 5056 bps, 63.20%, Err 405 (1.0e-04)
495.405 .... 1228 packets received, 5083 bps, 63.53%, Err 407 (1.0e-04)
498.595 .... 1239 packets received, 5095 bps, 63.69%, Err 409 (1.0e-04)
501.795 .... 1247 packets received, 5095 bps, 63.69%, Err 412 (1.0e-04)
504.428 .... 1255 packets received, 5101 bps, 63.77%, Err 415 (1.0e-04)
507.660 .... 1265 packets received, 5109 bps, 63.86%, Err 417 (1.0e-04)
511.120 .... 1267 packets received, 5083 bps, 63.53%, Err 421 (1.0e-04)
514.565 .... 1270 packets received, 5060 bps, 63.26%, Err 425 (1.0e-04)
518.288 .... 1281 packets received, 5068 bps, 63.34%, Err 427 (1.0e-04)
520.690 .... 1294 packets received, 5095 bps, 63.69%, Err 428 (1.0e-04)
522.818 .... 1300 packets received, 5098 bps, 63.73%, Err 429 (1.0e-04)
524.933 .... 1308 packets received, 5109 bps, 63.86%, Err 429 (1.0e-04)
527.321 .... 1313 packets received, 5105 bps, 63.81%, Err 431 (1.0e-04)
529.450 .... 1323 packets received, 5123 bps, 64.04%, Err 431 (1.0e-04)
531.854 .... 1327 packets received, 5115 bps, 63.94%, Err 432 (1.0e-04)
534.501 .... 1337 packets received, 5128 bps, 64.11%, Err 435 (1.0e-04)
537.167 .... 1341 packets received, 5118 bps, 63.98%, Err 437 (1.0e-04)
539.297 .... 1349 packets received, 5128 bps, 64.11%, Err 439 (1.0e-04)
541.407 .... 1355 packets received, 5131 bps, 64.14%, Err 442 (1.0e-04)
544.070 .... 1359 packets received, 5121 bps, 64.01%, Err 443 (1.0e-04)
547.024 .... 1369 packets received, 5131 bps, 64.14%, Err 444 (1.0e-04)
549.673 .... 1378 packets received, 5140 bps, 64.25%, Err 447 (1.0e-04)
552.858 .... 1382 packets received, 5125 bps, 64.06%, Err 449 (1.0e-04)
555.277 .... 1392 packets received, 5139 bps, 64.24%, Err 449 (1.0e-04)
557.390 .... 1398 packets received, 5142 bps, 64.28%, Err 449 (1.0e-04)
559.518 .... 1404 packets received, 5144 bps, 64.31%, Err 449 (1.0e-04)
561.952 .... 1411 packets received, 5148 bps, 64.35%, Err 451 (1.0e-04)
564.065 .... 1415 packets received, 5143 bps, 64.29%, Err 451 (1.0e-04)
566.467 .... 1418 packets received, 5132 bps, 64.15%, Err 456 (1.0e-04)
568.580 .... 1426 packets received, 5142 bps, 64.27%, Err 458 (1.0e-04)
571.765 .... 1427 packets received, 5117 bps, 63.96%, Err 465 (1.0e-04)
574.703 .... 1433 packets received, 5112 bps, 63.90%, Err 467 (1.0e-04)
576.846 .... 1443 packets received, 5128 bps, 64.10%, Err 467 (1.0e-04)
580.812 .... 1448 packets received, 5111 bps, 63.89%, Err 469 (1.0e-04)
582.955 .... 1459 packets received, 5131 bps, 64.14%, Err 469 (1.0e-04)
585.084 .... 1467 packets received, 5140 bps, 64.25%, Err 469 (1.0e-04)
588.819 .... 1470 packets received, 5118 bps, 63.97%, Err 473 (1.0e-04)
592.034 .... 1473 packets received, 5101 bps, 63.76%, Err 476 (1.0e-04)
594.162 .... 1487 packets received, 5131 bps, 64.13%, Err 476 (1.0e-04)
598.406 .... 1489 packets received, 5101 bps, 63.76%, Err 480 (1.0e-04)
600.537 .... 1502 packets received, 5127 bps, 64.09%, Err 481 (1.0e-04)
602.667 .... 1505 packets received, 5119 bps, 63.99%, Err 483 (1.0e-04)
605.859 .... 1515 packets received, 5126 bps, 64.08%, Err 485 (1.0e-04)
608.005 .... 1526 packets received, 5145 bps, 64.31%, Err 485 (1.0e-04)
610.398 .... 1531 packets received, 5142 bps, 64.27%, Err 488 (1.0e-04)
613.051 .... 1533 packets received, 5126 bps, 64.08%, Err 491 (1.0e-04)
615.979 .... 1543 packets received, 5135 bps, 64.19%, Err 494 (1.0e-04)
618.358 .... 1545 packets received, 5122 bps, 64.02%, Err 496 (1.0e-04)
621.044 .... 1555 packets received, 5133 bps, 64.16%, Err 496 (1.0e-04)
623.453 .... 1560 packets received, 5129 bps, 64.12%, Err 497 (1.0e-04)
626.383 .... 1567 packets received, 5128 bps, 64.10%, Err 500 (1.0e-04)
629.035 .... 1576 packets received, 5136 bps, 64.20%, Err 501 (1.0e-04)
631.443 .... 1581 packets received, 5133 bps, 64.16%, Err 505 (1.0e-04)
636.212 .... 1590 packets received, 5123 bps, 64.04%, Err 510 (1.0e-04)
638.897 .... 1597 packets received, 5124 bps, 64.05%, Err 513 (1.0e-04)
642.334 .... 1601 packets received, 5109 bps, 63.87%, Err 515 (1.0e-04)
645.279 .... 1612 packets received, 5121 bps, 64.01%, Err 517 (1.0e-04)
648.453 .... 1613 packets received, 5099 bps, 63.74%, Err 520 (1.0e-04)
651.382 .... 1620 packets received, 5098 bps, 63.73%, Err 524 (1.0e-04)
653.514 .... 1629 packets received, 5110 bps, 63.87%, Err 524 (1.0e-04)
655.644 .... 1635 packets received, 5112 bps, 63.90%, Err 525 (1.0e-04)
658.572 .... 1641 packets received, 5108 bps, 63.85%, Err 527 (1.0e-04)
662.297 .... 1646 packets received, 5094 bps, 63.68%, Err 530 (1.0e-04)
667.641 .... 1656 packets received, 5084 bps, 63.55%, Err 536 (1.0e-04)
669.757 .... 1669 packets received, 5108 bps, 63.85%, Err 538 (1.0e-04)
673.483 .... 1672 packets received, 5089 bps, 63.61%, Err 543 (1.0e-04)
676.166 .... 1682 packets received, 5099 bps, 63.74%, Err 544 (1.0e-04)
678.282 .... 1693 packets received, 5116 bps, 63.95%, Err 544 (1.0e-04)
680.397 .... 1701 packets received, 5124 bps, 64.06%, Err 544 (1.0e-04)
682.544 .... 1708 packets received, 5129 bps, 64.12%, Err 546 (1.0e-04)
687.069 .... 1714 packets received, 5113 bps, 63.92%, Err 549 (1.0e-04)
689.445 .... 1727 packets received, 5134 bps, 64.18%, Err 551 (1.0e-04)
691.578 .... 1733 packets received, 5136 bps, 64.20%, Err 552 (1.0e-04)
693.696 .... 1739 packets received, 5138 bps, 64.23%, Err 554 (1.0e-04)
698.498 .... 1745 packets received, 5121 bps, 64.01%, Err 558 (1.0e-04)
701.701 .... 1752 packets received, 5118 bps, 63.97%, Err 563 (1.0e-04)
704.365 .... 1760 packets received, 5122 bps, 64.02%, Err 566 (1.0e-04)
707.029 .... 1766 packets received, 5120 bps, 64.00%, Err 569 (1.0e-04)
709.432 .... 1774 packets received, 5125 bps, 64.07%, Err 572 (1.0e-04)
711.821 .... 1778 packets received, 5120 bps, 64.00%, Err 573 (1.0e-04)
714.739 .... 1783 packets received, 5113 bps, 63.91%, Err 576 (1.0e-04)
717.403 .... 1792 packets received, 5120 bps, 64.00%, Err 577 (1.0e-04)
719.806 .... 1797 packets received, 5117 bps, 63.96%, Err 580 (1.0e-04)
722.761 .... 1799 packets received, 5102 bps, 63.77%, Err 582 (1.0e-04)
724.889 .... 1808 packets received, 5112 bps, 63.90%, Err 584 (1.0e-04)
727.001 .... 1813 packets received, 5111 bps, 63.89%, Err 585 (1.0e-04)
729.667 .... 1819 packets received, 5110 bps, 63.87%, Err 587 (1.0e-04)
731.793 .... 1829 packets received, 5123 bps, 64.03%, Err 588 (1.0e-04)
733.921 .... 1837 packets received, 5130 bps, 64.13%, Err 589 (1.0e-04)
736.842 .... 1844 packets received, 5129 bps, 64.12%, Err 592 (1.0e-04)
738.970 .... 1854 packets received, 5142 bps, 64.28%, Err 592 (1.0e-04)
741.081 .... 1861 packets received, 5147 bps, 64.34%, Err 595 (1.0e-04)
744.020 .... 1868 packets received, 5146 bps, 64.32%, Err 597 (1.0e-04)
746.160 .... 1878 packets received, 5159 bps, 64.48%, Err 597 (1.0e-04)
748.287 .... 1886 packets received, 5166 bps, 64.57%, Err 598 (1.0e-04)
750.906 .... 1889 packets received, 5156 bps, 64.45%, Err 600 (1.0e-04)
753.293 .... 1901 packets received, 5172 bps, 64.65%, Err 601 (1.0e-04)
755.421 .... 1905 packets received, 5169 bps, 64.61%, Err 603 (1.0e-04)
757.565 .... 1906 packets received, 5157 bps, 64.46%, Err 605 (1.0e-04)
759.705 .... 1917 packets received, 5172 bps, 64.65%, Err 608 (1.0e-04)
762.379 .... 1923 packets received, 5170 bps, 64.62%, Err 611 (1.0e-04)
765.549 .... 1934 packets received, 5178 bps, 64.72%, Err 613 (1.0e-04)
767.677 .... 1941 packets received, 5182 bps, 64.78%, Err 615 (1.0e-04)
770.612 .... 1949 packets received, 5184 bps, 64.80%, Err 617 (1.0e-04)
774.620 .... 1957 packets received, 5178 bps, 64.72%, Err 621 (1.0e-04)
776.748 .... 1969 packets received, 5195 bps, 64.94%, Err 621 (1.0e-04)
778.859 .... 1972 packets received, 5189 bps, 64.87%, Err 624 (1.0e-04)
781.278 .... 1979 packets received, 5192 bps, 64.89%, Err 625 (1.0e-04)
783.681 .... 1987 packets received, 5197 bps, 64.96%, Err 627 (1.0e-04)
785.809 .... 1997 packets received, 5209 bps, 65.11%, Err 629 (1.0e-04)
788.975 .... 1998 packets received, 5190 bps, 64.88%, Err 631 (1.0e-04)
791.903 .... 2008 packets received, 5197 bps, 64.96%, Err 634 (1.0e-04)
794.047 .... 2015 packets received, 5201 bps, 65.01%, Err 636 (1.0e-04)
796.175 .... 2023 packets received, 5208 bps, 65.09%, Err 636 (1.0e-04)
798.579 .... 2028 packets received, 5205 bps, 65.06%, Err 638 (1.0e-04)
801.230 .... 2035 packets received, 5205 bps, 65.07%, Err 641 (1.0e-04)
803.880 .... 2040 packets received, 5201 bps, 65.01%, Err 644 (1.0e-04)
806.559 .... 2045 packets received, 5196 bps, 64.96%, Err 645 (1.0e-04)
808.686 .... 2051 packets received, 5198 bps, 64.97%, Err 648 (1.0e-04)
810.816 .... 2060 packets received, 5207 bps, 65.09%, Err 648 (1.0e-04)
812.950 .... 2063 packets received, 5201 bps, 65.01%, Err 651 (1.0e-04)
815.082 .... 2074 packets received, 5215 bps, 65.19%, Err 652 (1.0e-04)
818.303 .... 2079 packets received, 5207 bps, 65.09%, Err 655 (1.0e-04)
821.186 .... 2089 packets received, 5214 bps, 65.17%, Err 658 (1.0e-04)
824.376 .... 2093 packets received, 5203 bps, 65.04%, Err 661 (1.0e-04)
827.306 .... 2104 packets received, 5212 bps, 65.15%, Err 663 (1.0e-04)
829.437 .... 2112 packets received, 5219 bps, 65.23%, Err 664 (1.0e-04)
831.553 .... 2120 packets received, 5225 bps, 65.31%, Err 665 (1.0e-04)
835.556 .... 2124 packets received, 5210 bps, 65.12%, Err 668 (1.0e-04)
837.949 .... 2137 packets received, 5227 bps, 65.33%, Err 669 (1.0e-04)
840.080 .... 2143 packets received, 5228 bps, 65.35%, Err 672 (1.0e-04)
842.733 .... 2146 packets received, 5219 bps, 65.24%, Err 673 (1.0e-04)
844.865 .... 2157 packets received, 5232 bps, 65.40%, Err 674 (1.0e-04)
847.273 .... 2162 packets received, 5230 bps, 65.37%, Err 677 (1.0e-04)
850.463 .... 2166 packets received, 5220 bps, 65.24%, Err 680 (1.0e-04)
853.393 .... 2175 packets received, 5223 bps, 65.29%, Err 682 (1.0e-04)
855.510 .... 2184 packets received, 5232 bps, 65.40%, Err 683 (1.0e-04)
857.626 .... 2191 packets received, 5236 bps, 65.45%, Err 683 (1.0e-04)
860.020 .... 2196 packets received, 5233 bps, 65.41%, Err 684 (9.9e-05)
863.225 .... 2204 packets received, 5233 bps, 65.41%, Err 686 (9.9e-05)
865.357 .... 2215 packets received, 5246 bps, 65.57%, Err 687 (9.9e-05)
868.009 .... 2221 packets received, 5244 bps, 65.55%, Err 689 (9.9e-05)
870.925 .... 2224 packets received, 5233 bps, 65.42%, Err 691 (9.9e-05)
873.883 .... 2235 packets received, 5241 bps, 65.52%, Err 695 (9.9e-05)
876.536 .... 2240 packets received, 5237 bps, 65.46%, Err 697 (9.9e-05)
879.205 .... 2250 packets received, 5245 bps, 65.56%, Err 697 (9.9e-05)
883.731 .... 2254 packets received, 5227 bps, 65.34%, Err 700 (9.9e-05)
886.675 .... 2266 packets received, 5237 bps, 65.47%, Err 705 (9.9e-05)
888.806 .... 2275 packets received, 5246 bps, 65.57%, Err 706 (9.9e-05)
890.907 .... 2278 packets received, 5240 bps, 65.50%, Err 708 (9.9e-05)
894.635 .... 2281 packets received, 5225 bps, 65.31%, Err 715 (1.0e-04)
897.305 .... 2287 packets received, 5223 bps, 65.29%, Err 715 (1.0e-04)
899.436 .... 2297 packets received, 5234 bps, 65.42%, Err 716 (1.0e-04)
903.676 .... 2301 packets received, 5218 bps, 65.23%, Err 723 (1.0e-04)
905.805 .... 2314 packets received, 5235 bps, 65.44%, Err 724 (1.0e-04)
909.553 .... 2316 packets received, 5218 bps, 65.23%, Err 729 (1.0e-04)
912.461 .... 2318 packets received, 5206 bps, 65.08%, Err 729 (1.0e-04)
916.470 .... 2328 packets received, 5206 bps, 65.07%, Err 734 (1.0e-04)
919.148 .... 2337 packets received, 5211 bps, 65.13%, Err 735 (1.0e-04)
921.812 .... 2343 packets received, 5209 bps, 65.11%, Err 738 (1.0e-04)
924.735 .... 2348 packets received, 5203 bps, 65.04%, Err 743 (1.0e-04)
927.692 .... 2353 packets received, 5198 bps, 64.97%, Err 745 (1.0e-04)
931.396 .... 2360 packets received, 5193 bps, 64.91%, Err 751 (1.0e-04)
934.349 .... 2364 packets received, 5185 bps, 64.81%, Err 752 (1.0e-04)
936.462 .... 2375 packets received, 5197 bps, 64.97%, Err 753 (1.0e-04)
939.109 .... 2378 packets received, 5189 bps, 64.86%, Err 756 (1.0e-04)
941.237 .... 2389 packets received, 5201 bps, 65.02%, Err 757 (1.0e-04)
943.381 .... 2397 packets received, 5207 bps, 65.09%, Err 757 (1.0e-04)
945.523 .... 2405 packets received, 5212 bps, 65.16%, Err 757 (1.0e-04)
947.895 .... 2410 packets received, 5210 bps, 65.13%, Err 758 (1.0e-04)
952.167 .... 2418 packets received, 5204 bps, 65.05%, Err 760 (1.0e-04)
954.570 .... 2431 packets received, 5219 bps, 65.24%, Err 760 (1.0e-04)
956.960 .... 2438 packets received, 5221 bps, 65.26%, Err 762 (1.0e-04)
960.144 .... 2439 packets received, 5206 bps, 65.07%, Err 765 (1.0e-04)
963.050 .... 2446 packets received, 5205 bps, 65.06%, Err 770 (1.0e-04)
965.174 .... 2455 packets received, 5212 bps, 65.16%, Err 770 (1.0e-04)
968.632 .... 2456 packets received, 5196 bps, 64.95%, Err 774 (1.0e-04)
971.555 .... 2463 packets received, 5195 bps, 64.94%, Err 778 (1.0e-04)
973.683 .... 2472 packets received, 5203 bps, 65.03%, Err 778 (1.0e-04)
975.795 .... 2480 packets received, 5208 bps, 65.10%, Err 778 (1.0e-04)
977.953 .... 2487 packets received, 5211 bps, 65.14%, Err 779 (1.0e-04)
980.355 .... 2492 packets received, 5209 bps, 65.11%, Err 781 (1.0e-04)
983.800 .... 2497 packets received, 5201 bps, 65.01%, Err 787 (1.0e-04)
986.751 .... 2504 packets received, 5200 bps, 65.00%, Err 789 (1.0e-04)
990.164 .... 2508 packets received, 5190 bps, 64.88%, Err 792 (1.0e-04)
992.826 .... 2516 packets received, 5193 bps, 64.91%, Err 792 (1.0e-04)
994.955 .... 2524 packets received, 5198 bps, 64.98%, Err 793 (1.0e-04)
998.429 .... 2525 packets received, 5182 bps, 64.78%, Err 800 (1.0e-04)
1001.615 .... 2528 packets received, 5172 bps, 64.65%, Err 803 (1.0e-04)
1004.283 .... 2540 packets received, 5183 bps, 64.78%, Err 804 (1.0e-04)
1006.674 .... 2548 packets received, 5187 bps, 64.83%, Err 805 (1.0e-04)
1008.821 .... 2555 packets received, 5190 bps, 64.87%, Err 807 (1.0e-04)
1011.750 .... 2564 packets received, 5193 bps, 64.91%, Err 810 (1.0e-04)
1014.403 .... 2572 packets received, 5196 bps, 64.95%, Err 811 (1.0e-04)
1017.318 .... 2581 packets received, 5199 bps, 64.99%, Err 814 (1.0e-04)
1020.537 .... 2584 packets received, 5189 bps, 64.86%, Err 817 (1.0e-04)
1023.191 .... 2595 packets received, 5197 bps, 64.96%, Err 821 (1.0e-04)
1025.306 .... 2601 packets received, 5198 bps, 64.98%, Err 821 (1.0e-04)
1027.423 .... 2607 packets received, 5200 bps, 64.99%, Err 821 (1.0e-04)
1031.934 .... 2611 packets received, 5185 bps, 64.81%, Err 824 (1.0e-04)
1034.050 .... 2623 packets received, 5198 bps, 64.97%, Err 824 (1.0e-04)
1036.212 .... 2627 packets received, 5195 bps, 64.94%, Err 825 (1.0e-04)
1038.328 .... 2634 packets received, 5198 bps, 64.98%, Err 828 (1.0e-04)
1040.456 .... 2641 packets received, 5201 bps, 65.02%, Err 830 (1.0e-04)
1043.126 .... 2647 packets received, 5200 bps, 65.00%, Err 833 (1.0e-04)
1046.315 .... 2659 packets received, 5208 bps, 65.09%, Err 835 (1.0e-04)
1049.229 .... 2667 packets received, 5209 bps, 65.11%, Err 836 (1.0e-04)
1053.235 .... 2674 packets received, 5202 bps, 65.03%, Err 844 (1.0e-04)
1056.166 .... 2682 packets received, 5204 bps, 65.04%, Err 846 (1.0e-04)
1059.080 .... 2683 packets received, 5191 bps, 64.89%, Err 848 (1.0e-04)
1062.287 .... 2685 packets received, 5179 bps, 64.74%, Err 850 (1.0e-04)
1064.418 .... 2697 packets received, 5192 bps, 64.90%, Err 851 (1.0e-04)
1067.855 .... 2701 packets received, 5183 bps, 64.79%, Err 857 (1.0e-04)
1070.798 .... 2707 packets received, 5180 bps, 64.75%, Err 860 (1.0e-04)
1075.048 .... 2715 packets received, 5175 bps, 64.69%, Err 865 (1.0e-04)
1078.252 .... 2724 packets received, 5177 bps, 64.71%, Err 867 (1.0e-04)
1081.422 .... 2725 packets received, 5163 bps, 64.54%, Err 869 (1.0e-04)
1083.584 .... 2738 packets received, 5178 bps, 64.72%, Err 869 (1.0e-04)
1087.817 .... 2741 packets received, 5163 bps, 64.54%, Err 873 (1.0e-04)
1090.763 .... 2744 packets received, 5155 bps, 64.44%, Err 877 (1.0e-04)
1092.893 .... 2756 packets received, 5167 bps, 64.59%, Err 879 (1.0e-04)
1095.009 .... 2764 packets received, 5172 bps, 64.65%, Err 881 (1.0e-04)
1097.141 .... 2771 packets received, 5175 bps, 64.69%, Err 882 (1.0e-04)
1100.314 .... 2778 packets received, 5173 bps, 64.67%, Err 884 (1.0e-04)
1104.584 .... 2786 packets received, 5168 bps, 64.60%, Err 892 (1.0e-04)
1107.509 .... 2795 packets received, 5171 bps, 64.64%, Err 892 (1.0e-04)
1109.637 .... 2802 packets received, 5174 bps, 64.68%, Err 893 (1.0e-04)
1111.780 .... 2810 packets received, 5179 bps, 64.74%, Err 894 (1.0e-04)
1113.908 .... 2817 packets received, 5182 bps, 64.77%, Err 894 (1.0e-04)
1116.312 .... 2822 packets received, 5180 bps, 64.75%, Err 896 (1.0e-04)
1119.217 .... 2829 packets received, 5179 bps, 64.74%, Err 898 (1.0e-04)
1122.688 .... 2836 packets received, 5176 bps, 64.70%, Err 901 (1.0e-04)
1125.872 .... 2846 packets received, 5180 bps, 64.75%, Err 905 (1.0e-04)
1129.056 .... 2856 packets received, 5183 bps, 64.79%, Err 906 (1.0e-04)
1131.200 .... 2866 packets received, 5191 bps, 64.89%, Err 907 (1.0e-04)
1133.312 .... 2874 packets received, 5196 bps, 64.95%, Err 907 (1.0e-04)
1135.468 .... 2878 packets received, 5194 bps, 64.92%, Err 908 (1.0e-04)
1139.449 .... 2885 packets received, 5188 bps, 64.85%, Err 911 (1.0e-04)
1142.386 .... 2896 packets received, 5194 bps, 64.93%, Err 914 (1.0e-04)
1145.571 .... 2903 packets received, 5193 bps, 64.91%, Err 917 (1.0e-04)
1148.784 .... 2913 packets received, 5196 bps, 64.95%, Err 918 (1.0e-04)
1150.897 .... 2922 packets received, 5202 bps, 65.03%, Err 919 (1.0e-04)
1153.543 .... 2925 packets received, 5196 bps, 64.95%, Err 921 (1.0e-04)
1155.672 .... 2936 packets received, 5206 bps, 65.07%, Err 922 (1.0e-04)
1158.609 .... 2940 packets received, 5199 bps, 64.99%, Err 924 (1.0e-04)
1161.795 .... 2950 packets received, 5203 bps, 65.04%, Err 928 (1.0e-04)
1163.922 .... 2951 packets received, 5195 bps, 64.94%, Err 931 (1.0e-04)
1166.048 .... 2962 packets received, 5205 bps, 65.06%, Err 933 (1.0e-04)
1168.190 .... 2968 packets received, 5206 bps, 65.07%, Err 935 (1.0e-04)
1170.315 .... 2976 packets received, 5210 bps, 65.13%, Err 936 (1.0e-04)
1172.729 .... 2981 packets received, 5208 bps, 65.11%, Err 939 (1.0e-04)
1175.360 .... 2986 packets received, 5206 bps, 65.07%, Err 940 (1.0e-04)
1178.560 .... 2992 packets received, 5202 bps, 65.02%, Err 944 (1.0e-04)
1184.133 .... 3003 packets received, 5196 bps, 64.95%, Err 945 (1.0e-04)
1188.386 .... 3013 packets received, 5195 bps, 64.94%, Err 951 (1.0e-04)
1191.329 .... 3022 packets received, 5198 bps, 64.97%, Err 953 (1.0e-04)
1194.559 .... 3030 packets received, 5197 bps, 64.97%, Err 955 (1.0e-04)
1197.453 .... 3039 packets received, 5200 bps, 65.00%, Err 958 (1.0e-04)
1200.026 Quit.
