000.000 =============================================================
000.000                     Station B                               
000.000 -------------------------------------------------------------
000.000 Protocol.lib, version 4.0, jiangyanjun0718@bupt.edu.cn
000.000 Channel: 8000 bps, 270 ms propagation delay, bit error rate 1.0E-04
000.000 Log file "fbB.log", TCP port 30015, debug mask 0x00
000.000 Station B is connecting station A (TCP port 30015) ... Failed!
000.000 Station B is connecting station A (TCP port 30015) ... Done.
000.327 New epoch: Thu May 16 18:55:00 2019
000.327 =================================================================
000.327 
000.327 Designed by CJSoft, build: May 16 2019  17:18:52
003.298 .... 5 packets received, 3777 bps, 47.22%, Err 3 (1.3e-04)
005.446 .... 15 packets received, 6322 bps, 79.03%, Err 4 (9.8e-05)
009.204 .... 16 packets received, 3803 bps, 47.53%, Err 9 (1.3e-04)
012.660 .... 22 packets received, 3732 bps, 46.65%, Err 11 (1.1e-04)
015.329 .... 33 packets received, 4584 bps, 57.31%, Err 13 (1.1e-04)
020.882 .... 43 packets received, 4339 bps, 54.24%, Err 17 (1.0e-04)
024.073 .... 49 packets received, 4273 bps, 53.41%, Err 19 (1.0e-04)
026.234 .... 57 packets received, 4552 bps, 56.90%, Err 20 (9.7e-05)
029.947 .... 63 packets received, 4395 bps, 54.93%, Err 24 (1.0e-04)
033.151 .... 73 packets received, 4591 bps, 57.39%, Err 29 (1.1e-04)
035.283 .... 81 packets received, 4781 bps, 59.76%, Err 29 (1.0e-04)
037.937 .... 87 packets received, 4770 bps, 59.63%, Err 30 (1.0e-04)
040.855 .... 96 packets received, 4882 bps, 61.03%, Err 34 (1.0e-04)
044.583 .... 102 packets received, 4748 bps, 59.35%, Err 39 (1.1e-04)
047.788 .... 110 packets received, 4773 bps, 59.66%, Err 41 (1.1e-04)
049.921 .... 120 packets received, 4982 bps, 62.27%, Err 41 (1.0e-04)
052.025 .... 124 packets received, 4937 bps, 61.71%, Err 42 (1.0e-04)
056.290 .... 132 packets received, 4853 bps, 60.66%, Err 46 (1.0e-04)
059.495 .... 139 packets received, 4832 bps, 60.41%, Err 50 (1.1e-04)
061.626 .... 148 packets received, 4966 bps, 62.07%, Err 51 (1.0e-04)
063.743 .... 156 packets received, 5059 bps, 63.23%, Err 52 (1.0e-04)
065.875 .... 163 packets received, 5113 bps, 63.91%, Err 52 (9.9e-05)
067.992 .... 167 packets received, 5074 bps, 63.43%, Err 55 (1.0e-04)
070.660 .... 170 packets received, 4969 bps, 62.11%, Err 55 (9.8e-05)
072.778 .... 180 packets received, 5106 bps, 63.83%, Err 56 (9.7e-05)
074.925 .... 187 packets received, 5152 bps, 64.40%, Err 57 (9.6e-05)
078.636 .... 189 packets received, 4959 bps, 61.99%, Err 61 (9.7e-05)
081.044 .... 196 packets received, 4989 bps, 62.36%, Err 65 (1.0e-04)
084.251 .... 201 packets received, 4920 bps, 61.50%, Err 68 (1.0e-04)
086.648 .... 210 packets received, 4997 bps, 62.47%, Err 69 (1.0e-04)
090.391 .... 211 packets received, 4812 bps, 60.15%, Err 73 (1.0e-04)
093.336 .... 217 packets received, 4792 bps, 59.89%, Err 75 (1.0e-04)
097.066 .... 222 packets received, 4712 bps, 58.91%, Err 79 (1.0e-04)
101.845 .... 234 packets received, 4733 bps, 59.16%, Err 85 (1.0e-04)
104.233 .... 242 packets received, 4782 bps, 59.77%, Err 86 (1.0e-04)
106.901 .... 252 packets received, 4854 bps, 60.68%, Err 87 (1.0e-04)
109.033 .... 261 packets received, 4929 bps, 61.61%, Err 91 (1.0e-04)
111.671 .... 267 packets received, 4923 bps, 61.53%, Err 92 (1.0e-04)
113.814 .... 277 packets received, 5010 bps, 62.63%, Err 93 (1.0e-04)
115.958 .... 281 packets received, 4988 bps, 62.35%, Err 94 (1.0e-04)
118.332 .... 289 packets received, 5027 bps, 62.83%, Err 96 (1.0e-04)
120.996 .... 294 packets received, 5001 bps, 62.51%, Err 97 (1.0e-04)
125.252 .... 302 packets received, 4961 bps, 62.02%, Err 103 (1.0e-04)
128.162 .... 308 packets received, 4944 bps, 61.81%, Err 103 (1.0e-04)
131.898 .... 314 packets received, 4897 bps, 61.22%, Err 106 (1.0e-04)
134.025 .... 326 packets received, 5003 bps, 62.54%, Err 108 (1.0e-04)
137.514 .... 327 packets received, 4891 bps, 61.14%, Err 113 (1.0e-04)
140.177 .... 336 packets received, 4930 bps, 61.62%, Err 115 (1.0e-04)
142.290 .... 346 packets received, 5001 bps, 62.51%, Err 116 (1.0e-04)
145.751 .... 347 packets received, 4896 bps, 61.19%, Err 121 (1.0e-04)
148.662 .... 355 packets received, 4910 bps, 61.37%, Err 126 (1.1e-04)
150.805 .... 363 packets received, 4949 bps, 61.86%, Err 126 (1.0e-04)
152.935 .... 369 packets received, 4960 bps, 62.01%, Err 126 (1.0e-04)
155.049 .... 371 packets received, 4919 bps, 61.49%, Err 128 (1.0e-04)
157.193 .... 378 packets received, 4943 bps, 61.79%, Err 129 (1.0e-04)
159.338 .... 388 packets received, 5005 bps, 62.57%, Err 131 (1.0e-04)
162.248 .... 390 packets received, 4941 bps, 61.76%, Err 133 (1.0e-04)
164.652 .... 395 packets received, 4931 bps, 61.63%, Err 137 (1.0e-04)
166.766 .... 406 packets received, 5004 bps, 62.54%, Err 139 (1.0e-04)
168.909 .... 414 packets received, 5037 bps, 62.97%, Err 139 (1.0e-04)
171.039 .... 422 packets received, 5070 bps, 63.38%, Err 139 (1.0e-04)
173.442 .... 427 packets received, 5059 bps, 63.24%, Err 140 (1.0e-04)
176.629 .... 436 packets received, 5072 bps, 63.40%, Err 142 (1.0e-04)
178.759 .... 448 packets received, 5150 bps, 64.37%, Err 142 (9.9e-05)
181.681 .... 455 packets received, 5146 bps, 64.32%, Err 145 (1.0e-04)
184.622 .... 460 packets received, 5119 bps, 63.99%, Err 148 (1.0e-04)
186.751 .... 469 packets received, 5159 bps, 64.49%, Err 149 (1.0e-04)
188.836 .... 472 packets received, 5135 bps, 64.19%, Err 151 (1.0e-04)
191.790 .... 473 packets received, 5066 bps, 63.33%, Err 155 (1.0e-04)
194.453 .... 484 packets received, 5113 bps, 63.91%, Err 158 (1.0e-04)
197.118 .... 487 packets received, 5075 bps, 63.44%, Err 159 (1.0e-04)
200.029 .... 498 packets received, 5114 bps, 63.92%, Err 161 (1.0e-04)
202.686 .... 504 packets received, 5107 bps, 63.84%, Err 164 (1.0e-04)
205.343 .... 507 packets received, 5071 bps, 63.39%, Err 166 (1.0e-04)
207.505 .... 517 packets received, 5117 bps, 63.96%, Err 166 (1.0e-04)
210.146 .... 523 packets received, 5111 bps, 63.89%, Err 168 (1.0e-04)
212.820 .... 530 packets received, 5114 bps, 63.93%, Err 170 (1.0e-04)
214.939 .... 532 packets received, 5083 bps, 63.54%, Err 171 (1.0e-04)
217.059 .... 543 packets received, 5137 bps, 64.22%, Err 171 (9.9e-05)
220.005 .... 548 packets received, 5115 bps, 63.94%, Err 173 (9.8e-05)
222.124 .... 559 packets received, 5168 bps, 64.60%, Err 174 (9.8e-05)
224.258 .... 567 packets received, 5192 bps, 64.90%, Err 175 (9.8e-05)
226.393 .... 574 packets received, 5206 bps, 65.08%, Err 176 (9.7e-05)
228.770 .... 579 packets received, 5197 bps, 64.96%, Err 180 (9.9e-05)
231.441 .... 589 packets received, 5225 bps, 65.32%, Err 181 (9.8e-05)
233.589 .... 595 packets received, 5230 bps, 65.37%, Err 182 (9.8e-05)
236.230 .... 600 packets received, 5215 bps, 65.18%, Err 184 (9.8e-05)
238.871 .... 608 packets received, 5226 bps, 65.32%, Err 185 (9.7e-05)
242.076 .... 619 packets received, 5250 bps, 65.62%, Err 188 (9.7e-05)
244.718 .... 624 packets received, 5235 bps, 65.43%, Err 191 (9.8e-05)
247.392 .... 631 packets received, 5236 bps, 65.45%, Err 197 (1.0e-04)
250.062 .... 635 packets received, 5213 bps, 65.16%, Err 198 (9.9e-05)
253.241 .... 637 packets received, 5163 bps, 64.54%, Err 203 (1.0e-04)
255.909 .... 646 packets received, 5182 bps, 64.77%, Err 204 (1.0e-04)
258.843 .... 653 packets received, 5178 bps, 64.73%, Err 206 (1.0e-04)
262.038 .... 654 packets received, 5123 bps, 64.04%, Err 212 (1.0e-04)
265.234 .... 663 packets received, 5131 bps, 64.13%, Err 215 (1.0e-04)
268.966 .... 668 packets received, 5098 bps, 63.72%, Err 217 (1.0e-04)
271.097 .... 679 packets received, 5141 bps, 64.26%, Err 218 (1.0e-04)
273.214 .... 683 packets received, 5131 bps, 64.13%, Err 219 (1.0e-04)
275.344 .... 689 packets received, 5136 bps, 64.20%, Err 220 (1.0e-04)
277.477 .... 696 packets received, 5148 bps, 64.35%, Err 221 (1.0e-04)
280.671 .... 705 packets received, 5155 bps, 64.44%, Err 225 (1.0e-04)
283.340 .... 710 packets received, 5143 bps, 64.28%, Err 225 (9.9e-05)
285.472 .... 721 packets received, 5183 bps, 64.79%, Err 225 (9.9e-05)
287.605 .... 727 packets received, 5187 bps, 64.84%, Err 226 (9.8e-05)
289.999 .... 731 packets received, 5173 bps, 64.66%, Err 227 (9.8e-05)
292.395 .... 738 packets received, 5180 bps, 64.74%, Err 229 (9.8e-05)
297.687 .... 749 packets received, 5163 bps, 64.54%, Err 234 (9.8e-05)
300.626 .... 757 packets received, 5167 bps, 64.59%, Err 234 (9.7e-05)
302.773 .... 765 packets received, 5185 bps, 64.81%, Err 238 (9.8e-05)
305.972 .... 769 packets received, 5157 bps, 64.46%, Err 240 (9.8e-05)
308.120 .... 780 packets received, 5194 bps, 64.93%, Err 240 (9.7e-05)
313.414 .... 786 packets received, 5146 bps, 64.32%, Err 247 (9.9e-05)
318.783 .... 791 packets received, 5091 bps, 63.64%, Err 253 (9.9e-05)
321.692 .... 795 packets received, 5070 bps, 63.38%, Err 256 (1.0e-04)
324.357 .... 807 packets received, 5105 bps, 63.81%, Err 259 (1.0e-04)
327.037 .... 816 packets received, 5119 bps, 63.99%, Err 261 (1.0e-04)
331.291 .... 823 packets received, 5097 bps, 63.71%, Err 266 (1.0e-04)
336.619 .... 833 packets received, 5077 bps, 63.46%, Err 270 (1.0e-04)
342.205 .... 843 packets received, 5054 bps, 63.17%, Err 275 (1.0e-04)
344.898 .... 855 packets received, 5086 bps, 63.57%, Err 278 (1.0e-04)
349.415 .... 859 packets received, 5043 bps, 63.04%, Err 284 (1.0e-04)
352.047 .... 871 packets received, 5075 bps, 63.44%, Err 284 (1.0e-04)
354.192 .... 874 packets received, 5062 bps, 63.28%, Err 285 (1.0e-04)
356.303 .... 884 packets received, 5090 bps, 63.62%, Err 286 (1.0e-04)
358.982 .... 888 packets received, 5074 bps, 63.43%, Err 287 (1.0e-04)
361.659 .... 898 packets received, 5093 bps, 63.67%, Err 288 (1.0e-04)
363.773 .... 908 packets received, 5120 bps, 64.00%, Err 290 (1.0e-04)
365.901 .... 912 packets received, 5113 bps, 63.91%, Err 292 (1.0e-04)
371.212 .... 922 packets received, 5095 bps, 63.68%, Err 297 (1.0e-04)
374.152 .... 931 packets received, 5104 bps, 63.80%, Err 301 (1.0e-04)
376.296 .... 938 packets received, 5113 bps, 63.91%, Err 302 (1.0e-04)
378.427 .... 944 packets received, 5117 bps, 63.96%, Err 302 (1.0e-04)
381.340 .... 950 packets received, 5110 bps, 63.87%, Err 305 (1.0e-04)
383.484 .... 951 packets received, 5087 bps, 63.58%, Err 308 (1.0e-04)
385.611 .... 962 packets received, 5117 bps, 63.96%, Err 309 (1.0e-04)
387.739 .... 969 packets received, 5126 bps, 64.07%, Err 310 (1.0e-04)
389.867 .... 977 packets received, 5140 bps, 64.25%, Err 311 (1.0e-04)
392.547 .... 979 packets received, 5115 bps, 63.94%, Err 316 (1.0e-04)
395.179 .... 984 packets received, 5107 bps, 63.84%, Err 319 (1.0e-04)
398.657 .... 986 packets received, 5073 bps, 63.41%, Err 322 (1.0e-04)
400.788 .... 998 packets received, 5107 bps, 63.84%, Err 322 (1.0e-04)
403.732 .... 1004 packets received, 5100 bps, 63.75%, Err 325 (1.0e-04)
406.374 .... 1008 packets received, 5087 bps, 63.59%, Err 327 (1.0e-04)
411.191 .... 1018 packets received, 5078 bps, 63.47%, Err 330 (1.0e-04)
414.104 .... 1029 packets received, 5096 bps, 63.70%, Err 332 (1.0e-04)
417.297 .... 1031 packets received, 5067 bps, 63.34%, Err 334 (1.0e-04)
422.891 .... 1041 packets received, 5048 bps, 63.11%, Err 339 (1.0e-04)
425.039 .... 1054 packets received, 5086 bps, 63.57%, Err 339 (1.0e-04)
429.533 .... 1059 packets received, 5056 bps, 63.20%, Err 344 (1.0e-04)
433.276 .... 1064 packets received, 5036 bps, 62.95%, Err 347 (1.0e-04)
435.394 .... 1078 packets received, 5078 bps, 63.47%, Err 350 (1.0e-04)
438.077 .... 1081 packets received, 5060 bps, 63.26%, Err 354 (1.0e-04)
440.209 .... 1084 packets received, 5050 bps, 63.12%, Err 357 (1.0e-04)
443.385 .... 1087 packets received, 5028 bps, 62.84%, Err 359 (1.0e-04)
446.067 .... 1099 packets received, 5052 bps, 63.16%, Err 362 (1.0e-04)
448.984 .... 1100 packets received, 5024 bps, 62.80%, Err 364 (1.0e-04)
451.116 .... 1107 packets received, 5032 bps, 62.90%, Err 366 (1.0e-04)
454.306 .... 1117 packets received, 5042 bps, 63.02%, Err 368 (1.0e-04)
456.975 .... 1127 packets received, 5057 bps, 63.22%, Err 369 (1.0e-04)
460.150 .... 1133 packets received, 5049 bps, 63.11%, Err 371 (1.0e-04)
464.154 .... 1142 packets received, 5045 bps, 63.07%, Err 374 (1.0e-04)
466.272 .... 1155 packets received, 5079 bps, 63.49%, Err 375 (1.0e-04)
468.405 .... 1159 packets received, 5074 bps, 63.42%, Err 377 (1.0e-04)
470.538 .... 1170 packets received, 5099 bps, 63.73%, Err 377 (1.0e-04)
475.046 .... 1176 packets received, 5076 bps, 63.45%, Err 380 (1.0e-04)
479.313 .... 1186 packets received, 5074 bps, 63.42%, Err 384 (1.0e-04)
481.444 .... 1198 packets received, 5102 bps, 63.78%, Err 384 (1.0e-04)
485.157 .... 1200 packets received, 5072 bps, 63.40%, Err 388 (1.0e-04)
487.289 .... 1212 packets received, 5100 bps, 63.75%, Err 391 (1.0e-04)
489.959 .... 1215 packets received, 5085 bps, 63.56%, Err 393 (1.0e-04)
493.150 .... 1225 packets received, 5093 bps, 63.67%, Err 397 (1.0e-04)
496.080 .... 1227 packets received, 5072 bps, 63.39%, Err 401 (1.0e-04)
498.197 .... 1233 packets received, 5075 bps, 63.43%, Err 402 (1.0e-04)
502.729 .... 1241 packets received, 5061 bps, 63.27%, Err 405 (1.0e-04)
505.639 .... 1252 packets received, 5077 bps, 63.46%, Err 407 (1.0e-04)
508.853 .... 1259 packets received, 5073 bps, 63.41%, Err 409 (1.0e-04)
513.095 .... 1267 packets received, 5063 bps, 63.29%, Err 412 (1.0e-04)
516.050 .... 1275 packets received, 5066 bps, 63.32%, Err 415 (1.0e-04)
518.150 .... 1282 packets received, 5073 bps, 63.41%, Err 415 (1.0e-04)
522.160 .... 1286 packets received, 5050 bps, 63.12%, Err 417 (1.0e-04)
525.346 .... 1299 packets received, 5070 bps, 63.37%, Err 420 (1.0e-04)
529.067 .... 1304 packets received, 5053 bps, 63.17%, Err 424 (1.0e-04)
531.992 .... 1309 packets received, 5045 bps, 63.06%, Err 426 (1.0e-04)
534.133 .... 1320 packets received, 5067 bps, 63.33%, Err 427 (1.0e-04)
538.131 .... 1324 packets received, 5044 bps, 63.05%, Err 429 (1.0e-04)
540.275 .... 1337 packets received, 5074 bps, 63.42%, Err 430 (1.0e-04)
542.922 .... 1343 packets received, 5072 bps, 63.39%, Err 434 (1.0e-04)
545.571 .... 1347 packets received, 5062 bps, 63.27%, Err 436 (1.0e-04)
548.248 .... 1354 packets received, 5063 bps, 63.29%, Err 437 (1.0e-04)
551.694 .... 1360 packets received, 5054 bps, 63.17%, Err 442 (1.0e-04)
554.343 .... 1373 packets received, 5078 bps, 63.47%, Err 445 (1.0e-04)
557.039 .... 1376 packets received, 5064 bps, 63.30%, Err 448 (1.0e-04)
560.482 .... 1381 packets received, 5051 bps, 63.14%, Err 454 (1.0e-04)
563.699 .... 1385 packets received, 5037 bps, 62.96%, Err 455 (1.0e-04)
569.055 .... 1395 packets received, 5026 bps, 62.82%, Err 457 (1.0e-04)
571.183 .... 1408 packets received, 5054 bps, 63.17%, Err 457 (1.0e-04)
573.313 .... 1415 packets received, 5060 bps, 63.25%, Err 458 (1.0e-04)
575.439 .... 1423 packets received, 5070 bps, 63.37%, Err 459 (1.0e-04)
579.433 .... 1427 packets received, 5049 bps, 63.11%, Err 464 (1.0e-04)
582.358 .... 1435 packets received, 5052 bps, 63.15%, Err 466 (1.0e-04)
584.456 .... 1440 packets received, 5051 bps, 63.14%, Err 469 (1.0e-04)
587.396 .... 1442 packets received, 5033 bps, 62.91%, Err 472 (1.0e-04)
590.074 .... 1451 packets received, 5041 bps, 63.01%, Err 474 (1.0e-04)
592.172 .... 1458 packets received, 5047 bps, 63.09%, Err 476 (1.0e-04)
595.387 .... 1465 packets received, 5044 bps, 63.05%, Err 479 (1.0e-04)
597.763 .... 1467 packets received, 5031 bps, 62.89%, Err 481 (1.0e-04)
600.431 .... 1477 packets received, 5043 bps, 63.04%, Err 483 (1.0e-04)
603.374 .... 1487 packets received, 5052 bps, 63.15%, Err 485 (1.0e-04)
606.042 .... 1493 packets received, 5050 bps, 63.13%, Err 487 (1.0e-04)
608.404 .... 1504 packets received, 5068 bps, 63.35%, Err 487 (1.0e-04)
610.797 .... 1508 packets received, 5061 bps, 63.26%, Err 489 (1.0e-04)
612.928 .... 1514 packets received, 5064 bps, 63.30%, Err 491 (1.0e-04)
615.060 .... 1524 packets received, 5079 bps, 63.49%, Err 492 (1.0e-04)
617.192 .... 1531 packets received, 5085 bps, 63.56%, Err 495 (1.0e-04)
619.848 .... 1533 packets received, 5070 bps, 63.37%, Err 500 (1.0e-04)
622.502 .... 1543 packets received, 5081 bps, 63.51%, Err 501 (1.0e-04)
624.634 .... 1549 packets received, 5084 bps, 63.54%, Err 501 (1.0e-04)
627.841 .... 1555 packets received, 5077 bps, 63.46%, Err 502 (1.0e-04)
629.971 .... 1565 packets received, 5092 bps, 63.66%, Err 503 (1.0e-04)
632.087 .... 1572 packets received, 5098 bps, 63.73%, Err 505 (1.0e-04)
634.757 .... 1577 packets received, 5093 bps, 63.66%, Err 507 (1.0e-04)
637.410 .... 1584 packets received, 5094 bps, 63.68%, Err 509 (1.0e-04)
639.542 .... 1588 packets received, 5090 bps, 63.62%, Err 510 (1.0e-04)
642.733 .... 1592 packets received, 5077 bps, 63.47%, Err 516 (1.0e-04)
645.647 .... 1598 packets received, 5073 bps, 63.42%, Err 518 (1.0e-04)
647.779 .... 1609 packets received, 5092 bps, 63.64%, Err 519 (1.0e-04)
649.924 .... 1615 packets received, 5094 bps, 63.67%, Err 519 (1.0e-04)
652.040 .... 1618 packets received, 5087 bps, 63.58%, Err 522 (1.0e-04)
654.171 .... 1619 packets received, 5073 bps, 63.41%, Err 523 (1.0e-04)
656.840 .... 1628 packets received, 5081 bps, 63.51%, Err 524 (1.0e-04)
659.770 .... 1632 packets received, 5070 bps, 63.38%, Err 529 (1.0e-04)
662.973 .... 1637 packets received, 5061 bps, 63.27%, Err 534 (1.0e-04)
666.184 .... 1639 packets received, 5043 bps, 63.04%, Err 535 (1.0e-04)
669.358 .... 1645 packets received, 5038 bps, 62.97%, Err 536 (1.0e-04)
672.579 .... 1658 packets received, 5053 bps, 63.16%, Err 540 (1.0e-04)
674.695 .... 1668 packets received, 5068 bps, 63.34%, Err 540 (1.0e-04)
677.087 .... 1673 packets received, 5065 bps, 63.31%, Err 542 (1.0e-04)
679.738 .... 1681 packets received, 5069 bps, 63.36%, Err 546 (1.0e-04)
682.375 .... 1683 packets received, 5056 bps, 63.19%, Err 547 (1.0e-04)
685.581 .... 1694 packets received, 5065 bps, 63.31%, Err 549 (1.0e-04)
688.785 .... 1698 packets received, 5053 bps, 63.16%, Err 551 (1.0e-04)
691.716 .... 1710 packets received, 5067 bps, 63.34%, Err 555 (1.0e-04)
694.386 .... 1712 packets received, 5054 bps, 63.17%, Err 559 (1.0e-04)
697.042 .... 1717 packets received, 5049 bps, 63.11%, Err 561 (1.0e-04)
700.230 .... 1720 packets received, 5035 bps, 62.93%, Err 562 (1.0e-04)
703.156 .... 1731 packets received, 5046 bps, 63.07%, Err 568 (1.0e-04)
705.821 .... 1738 packets received, 5047 bps, 63.09%, Err 569 (1.0e-04)
707.978 .... 1749 packets received, 5064 bps, 63.30%, Err 570 (1.0e-04)
710.089 .... 1756 packets received, 5069 bps, 63.36%, Err 571 (1.0e-04)
713.051 .... 1761 packets received, 5062 bps, 63.28%, Err 576 (1.0e-04)
715.703 .... 1763 packets received, 5049 bps, 63.11%, Err 577 (1.0e-04)
718.352 .... 1768 packets received, 5045 bps, 63.06%, Err 578 (1.0e-04)
720.462 .... 1771 packets received, 5038 bps, 62.98%, Err 580 (1.0e-04)
723.144 .... 1781 packets received, 5048 bps, 63.10%, Err 581 (1.0e-04)
725.287 .... 1785 packets received, 5044 bps, 63.06%, Err 583 (1.0e-04)
727.399 .... 1796 packets received, 5061 bps, 63.26%, Err 584 (1.0e-04)
729.529 .... 1803 packets received, 5066 bps, 63.32%, Err 585 (1.0e-04)
732.206 .... 1809 packets received, 5064 bps, 63.30%, Err 586 (1.0e-04)
734.317 .... 1816 packets received, 5069 bps, 63.36%, Err 589 (1.0e-04)
736.980 .... 1824 packets received, 5073 bps, 63.41%, Err 591 (1.0e-04)
739.108 .... 1833 packets received, 5083 bps, 63.54%, Err 591 (1.0e-04)
741.235 .... 1841 packets received, 5091 bps, 63.63%, Err 591 (1.0e-04)
743.607 .... 1846 packets received, 5088 bps, 63.60%, Err 594 (1.0e-04)
746.267 .... 1848 packets received, 5076 bps, 63.44%, Err 595 (1.0e-04)
748.410 .... 1857 packets received, 5086 bps, 63.57%, Err 598 (1.0e-04)
750.523 .... 1865 packets received, 5093 bps, 63.66%, Err 598 (1.0e-04)
753.737 .... 1873 packets received, 5093 bps, 63.66%, Err 601 (1.0e-04)
756.399 .... 1881 packets received, 5097 bps, 63.71%, Err 604 (1.0e-04)
759.319 .... 1882 packets received, 5080 bps, 63.50%, Err 608 (1.0e-04)
761.983 .... 1893 packets received, 5092 bps, 63.65%, Err 610 (1.0e-04)
766.751 .... 1902 packets received, 5084 bps, 63.55%, Err 616 (1.0e-04)
769.694 .... 1906 packets received, 5075 bps, 63.44%, Err 619 (1.0e-04)
772.357 .... 1915 packets received, 5082 bps, 63.52%, Err 622 (1.0e-04)
775.279 .... 1917 packets received, 5068 bps, 63.35%, Err 625 (1.0e-04)
777.391 .... 1928 packets received, 5083 bps, 63.54%, Err 626 (1.0e-04)
779.549 .... 1934 packets received, 5085 bps, 63.56%, Err 626 (1.0e-04)
781.661 .... 1940 packets received, 5087 bps, 63.58%, Err 626 (1.0e-04)
783.789 .... 1946 packets received, 5089 bps, 63.61%, Err 627 (1.0e-04)
785.900 .... 1952 packets received, 5091 bps, 63.63%, Err 628 (1.0e-04)
788.057 .... 1960 packets received, 5097 bps, 63.72%, Err 628 (1.0e-04)
790.168 .... 1968 packets received, 5105 bps, 63.81%, Err 628 (9.9e-05)
793.359 .... 1973 packets received, 5097 bps, 63.71%, Err 634 (1.0e-04)
796.023 .... 1976 packets received, 5088 bps, 63.59%, Err 637 (1.0e-04)
798.978 .... 1978 packets received, 5074 bps, 63.42%, Err 640 (1.0e-04)
801.644 .... 1986 packets received, 5077 bps, 63.47%, Err 641 (1.0e-04)
803.758 .... 1994 packets received, 5084 bps, 63.56%, Err 642 (1.0e-04)
805.901 .... 2002 packets received, 5091 bps, 63.64%, Err 643 (1.0e-04)
810.157 .... 2007 packets received, 5077 bps, 63.46%, Err 648 (1.0e-04)
813.088 .... 2013 packets received, 5074 bps, 63.42%, Err 651 (1.0e-04)
815.758 .... 2018 packets received, 5070 bps, 63.37%, Err 652 (1.0e-04)
818.426 .... 2026 packets received, 5073 bps, 63.42%, Err 659 (1.0e-04)
820.803 .... 2031 packets received, 5071 bps, 63.39%, Err 660 (1.0e-04)
822.934 .... 2042 packets received, 5085 bps, 63.57%, Err 661 (1.0e-04)
825.051 .... 2050 packets received, 5092 bps, 63.65%, Err 663 (1.0e-04)
827.995 .... 2056 packets received, 5089 bps, 63.61%, Err 665 (1.0e-04)
830.894 .... 2062 packets received, 5086 bps, 63.58%, Err 669 (1.0e-04)
833.026 .... 2073 packets received, 5100 bps, 63.75%, Err 669 (1.0e-04)
835.418 .... 2077 packets received, 5095 bps, 63.69%, Err 670 (1.0e-04)
838.347 .... 2086 packets received, 5099 bps, 63.74%, Err 672 (1.0e-04)
841.552 .... 2090 packets received, 5090 bps, 63.62%, Err 674 (1.0e-04)
843.654 .... 2103 packets received, 5109 bps, 63.86%, Err 674 (1.0e-04)
846.046 .... 2107 packets received, 5104 bps, 63.80%, Err 676 (1.0e-04)
850.847 .... 2115 packets received, 5094 bps, 63.68%, Err 682 (1.0e-04)
856.459 .... 2126 packets received, 5087 bps, 63.59%, Err 685 (1.0e-04)
860.955 .... 2137 packets received, 5087 bps, 63.59%, Err 691 (1.0e-04)
863.900 .... 2141 packets received, 5079 bps, 63.49%, Err 693 (1.0e-04)
866.553 .... 2150 packets received, 5085 bps, 63.56%, Err 695 (1.0e-04)
869.497 .... 2158 packets received, 5086 bps, 63.58%, Err 697 (1.0e-04)
872.152 .... 2168 packets received, 5094 bps, 63.68%, Err 699 (1.0e-04)
874.280 .... 2177 packets received, 5103 bps, 63.79%, Err 699 (1.0e-04)
877.195 .... 2180 packets received, 5093 bps, 63.66%, Err 702 (1.0e-04)
879.865 .... 2188 packets received, 5096 bps, 63.70%, Err 706 (1.0e-04)
882.534 .... 2191 packets received, 5088 bps, 63.60%, Err 708 (1.0e-04)
885.464 .... 2198 packets received, 5087 bps, 63.59%, Err 710 (1.0e-04)
887.596 .... 2206 packets received, 5093 bps, 63.67%, Err 713 (1.0e-04)
889.711 .... 2214 packets received, 5100 bps, 63.75%, Err 713 (1.0e-04)
892.120 .... 2219 packets received, 5097 bps, 63.72%, Err 715 (1.0e-04)
894.512 .... 2227 packets received, 5102 bps, 63.78%, Err 719 (1.0e-04)
899.559 .... 2237 packets received, 5096 bps, 63.70%, Err 724 (1.0e-04)
902.496 .... 2243 packets received, 5093 bps, 63.67%, Err 728 (1.0e-04)
904.610 .... 2253 packets received, 5104 bps, 63.80%, Err 729 (1.0e-04)
907.272 .... 2259 packets received, 5103 bps, 63.78%, Err 730 (1.0e-04)
909.675 .... 2267 packets received, 5107 bps, 63.84%, Err 734 (1.0e-04)
912.599 .... 2270 packets received, 5097 bps, 63.72%, Err 735 (1.0e-04)
914.726 .... 2279 packets received, 5106 bps, 63.82%, Err 739 (1.0e-04)
917.129 .... 2282 packets received, 5099 bps, 63.74%, Err 740 (1.0e-04)
919.240 .... 2287 packets received, 5099 bps, 63.73%, Err 741 (1.0e-04)
921.659 .... 2295 packets received, 5103 bps, 63.79%, Err 746 (1.0e-04)
924.842 .... 2299 packets received, 5094 bps, 63.68%, Err 747 (1.0e-04)
927.263 .... 2309 packets received, 5103 bps, 63.79%, Err 747 (1.0e-04)
931.503 .... 2313 packets received, 5089 bps, 63.61%, Err 751 (1.0e-04)
933.661 .... 2324 packets received, 5101 bps, 63.76%, Err 753 (1.0e-04)
935.789 .... 2331 packets received, 5105 bps, 63.81%, Err 754 (1.0e-04)
937.916 .... 2338 packets received, 5108 bps, 63.85%, Err 757 (1.0e-04)
940.579 .... 2342 packets received, 5103 bps, 63.78%, Err 759 (1.0e-04)
942.967 .... 2351 packets received, 5109 bps, 63.87%, Err 761 (1.0e-04)
945.860 .... 2358 packets received, 5109 bps, 63.86%, Err 763 (1.0e-04)
949.073 .... 2369 packets received, 5115 bps, 63.94%, Err 766 (1.0e-04)
951.202 .... 2379 packets received, 5125 bps, 64.07%, Err 766 (1.0e-04)
955.980 .... 2383 packets received, 5108 bps, 63.85%, Err 771 (1.0e-04)
958.140 .... 2395 packets received, 5122 bps, 64.03%, Err 773 (1.0e-04)
960.266 .... 2402 packets received, 5126 bps, 64.07%, Err 774 (1.0e-04)
962.376 .... 2410 packets received, 5132 bps, 64.15%, Err 774 (1.0e-04)
965.036 .... 2416 packets received, 5130 bps, 64.13%, Err 775 (1.0e-04)
967.179 .... 2427 packets received, 5142 bps, 64.28%, Err 775 (1.0e-04)
969.274 .... 2435 packets received, 5148 bps, 64.35%, Err 775 (1.0e-04)
972.764 .... 2437 packets received, 5134 bps, 64.17%, Err 781 (1.0e-04)
975.672 .... 2444 packets received, 5133 bps, 64.17%, Err 782 (1.0e-04)
978.350 .... 2446 packets received, 5123 bps, 64.04%, Err 784 (1.0e-04)
980.983 .... 2454 packets received, 5126 bps, 64.08%, Err 786 (1.0e-04)
983.631 .... 2456 packets received, 5117 bps, 63.96%, Err 787 (1.0e-04)
986.587 .... 2464 packets received, 5118 bps, 63.97%, Err 792 (1.0e-04)
988.704 .... 2474 packets received, 5128 bps, 64.10%, Err 793 (1.0e-04)
991.357 .... 2480 packets received, 5126 bps, 64.08%, Err 795 (1.0e-04)
993.515 .... 2490 packets received, 5136 bps, 64.20%, Err 795 (1.0e-04)
998.025 .... 2494 packets received, 5121 bps, 64.01%, Err 798 (1.0e-04)
1000.709 .... 2507 packets received, 5134 bps, 64.17%, Err 798 (1.0e-04)
1003.347 .... 2512 packets received, 5130 bps, 64.13%, Err 801 (1.0e-04)
1005.985 .... 2516 packets received, 5125 bps, 64.06%, Err 805 (1.0e-04)
1008.667 .... 2518 packets received, 5116 bps, 63.94%, Err 807 (1.0e-04)
1010.784 .... 2529 packets received, 5127 bps, 64.09%, Err 809 (1.0e-04)
1012.915 .... 2536 packets received, 5130 bps, 64.13%, Err 809 (1.0e-04)
1015.046 .... 2540 packets received, 5128 bps, 64.10%, Err 813 (1.0e-04)
1017.716 .... 2544 packets received, 5122 bps, 64.03%, Err 815 (1.0e-04)
1020.644 .... 2550 packets received, 5120 bps, 64.00%, Err 818 (1.0e-04)
1023.038 .... 2560 packets received, 5128 bps, 64.10%, Err 819 (1.0e-04)
1025.444 .... 2569 packets received, 5134 bps, 64.17%, Err 820 (1.0e-04)
1027.561 .... 2580 packets received, 5145 bps, 64.31%, Err 821 (1.0e-04)
1030.751 .... 2588 packets received, 5145 bps, 64.31%, Err 823 (1.0e-04)
1033.421 .... 2597 packets received, 5150 bps, 64.37%, Err 825 (1.0e-04)
1036.089 .... 2602 packets received, 5146 bps, 64.33%, Err 829 (1.0e-04)
1039.537 .... 2609 packets received, 5143 bps, 64.29%, Err 834 (1.0e-04)
1041.669 .... 2618 packets received, 5150 bps, 64.38%, Err 835 (1.0e-04)
1043.817 .... 2624 packets received, 5151 bps, 64.39%, Err 835 (1.0e-04)
1045.947 .... 2628 packets received, 5149 bps, 64.36%, Err 837 (1.0e-04)
1048.064 .... 2638 packets received, 5158 bps, 64.47%, Err 838 (1.0e-04)
1050.182 .... 2642 packets received, 5155 bps, 64.44%, Err 840 (1.0e-04)
1052.590 .... 2650 packets received, 5159 bps, 64.49%, Err 841 (1.0e-04)
1054.706 .... 2660 packets received, 5168 bps, 64.60%, Err 842 (1.0e-04)
1058.711 .... 2664 packets received, 5156 bps, 64.45%, Err 847 (1.0e-04)
1064.587 .... 2674 packets received, 5147 bps, 64.34%, Err 855 (1.0e-04)
1067.747 .... 2679 packets received, 5141 bps, 64.27%, Err 857 (1.0e-04)
1069.878 .... 2692 packets received, 5156 bps, 64.45%, Err 857 (1.0e-04)
1072.011 .... 2700 packets received, 5161 bps, 64.51%, Err 858 (1.0e-04)
1077.055 .... 2708 packets received, 5152 bps, 64.40%, Err 862 (1.0e-04)
1079.999 .... 2719 packets received, 5159 bps, 64.49%, Err 863 (1.0e-04)
1082.663 .... 2725 packets received, 5157 bps, 64.47%, Err 864 (1.0e-04)
1086.131 .... 2730 packets received, 5150 bps, 64.38%, Err 869 (1.0e-04)
1091.423 .... 2741 packets received, 5146 bps, 64.33%, Err 874 (1.0e-04)
1094.105 .... 2748 packets received, 5147 bps, 64.33%, Err 875 (1.0e-04)
1098.613 .... 2757 packets received, 5142 bps, 64.28%, Err 879 (1.0e-04)
1101.539 .... 2764 packets received, 5142 bps, 64.27%, Err 882 (1.0e-04)
1103.681 .... 2773 packets received, 5148 bps, 64.35%, Err 882 (1.0e-04)
1108.198 .... 2779 packets received, 5138 bps, 64.23%, Err 886 (1.0e-04)
1111.137 .... 2785 packets received, 5136 bps, 64.20%, Err 890 (1.0e-04)
1113.786 .... 2791 packets received, 5135 bps, 64.18%, Err 893 (1.0e-04)
1118.308 .... 2797 packets received, 5125 bps, 64.06%, Err 901 (1.0e-04)
1120.972 .... 2800 packets received, 5118 bps, 63.98%, Err 902 (1.0e-04)
1123.898 .... 2807 packets received, 5118 bps, 63.97%, Err 905 (1.0e-04)
1126.560 .... 2812 packets received, 5115 bps, 63.93%, Err 907 (1.0e-04)
1128.704 .... 2825 packets received, 5129 bps, 64.11%, Err 907 (1.0e-04)
1130.832 .... 2832 packets received, 5132 bps, 64.14%, Err 909 (1.0e-04)
1134.001 .... 2839 packets received, 5130 bps, 64.12%, Err 913 (1.0e-04)
1136.677 .... 2843 packets received, 5125 bps, 64.06%, Err 916 (1.0e-04)
1139.847 .... 2848 packets received, 5120 bps, 64.00%, Err 918 (1.0e-04)
1141.973 .... 2860 packets received, 5132 bps, 64.15%, Err 918 (1.0e-04)
1144.117 .... 2866 packets received, 5133 bps, 64.16%, Err 918 (1.0e-04)
1146.245 .... 2869 packets received, 5129 bps, 64.11%, Err 919 (1.0e-04)
1148.356 .... 2879 packets received, 5137 bps, 64.21%, Err 920 (1.0e-04)
1150.469 .... 2883 packets received, 5135 bps, 64.18%, Err 921 (1.0e-04)
1152.611 .... 2893 packets received, 5143 bps, 64.29%, Err 922 (1.0e-04)
1157.661 .... 2901 packets received, 5135 bps, 64.18%, Err 926 (1.0e-04)
1160.600 .... 2909 packets received, 5136 bps, 64.20%, Err 929 (1.0e-04)
1163.279 .... 2916 packets received, 5136 bps, 64.20%, Err 930 (1.0e-04)
1165.393 .... 2926 packets received, 5145 bps, 64.31%, Err 932 (1.0e-04)
1169.129 .... 2929 packets received, 5133 bps, 64.17%, Err 936 (1.0e-04)
1171.765 .... 2936 packets received, 5134 bps, 64.18%, Err 938 (1.0e-04)
1173.921 .... 2946 packets received, 5142 bps, 64.28%, Err 939 (1.0e-04)
1176.050 .... 2954 packets received, 5147 bps, 64.33%, Err 939 (1.0e-04)
1179.234 .... 2960 packets received, 5143 bps, 64.29%, Err 942 (1.0e-04)
1182.403 .... 2965 packets received, 5138 bps, 64.23%, Err 946 (1.0e-04)
1185.327 .... 2972 packets received, 5138 bps, 64.22%, Err 949 (1.0e-04)
1187.452 .... 2981 packets received, 5144 bps, 64.30%, Err 949 (1.0e-04)
1190.119 .... 2986 packets received, 5141 bps, 64.26%, Err 952 (1.0e-04)
1193.059 .... 2992 packets received, 5139 bps, 64.23%, Err 955 (1.0e-04)
1195.724 .... 2998 packets received, 5137 bps, 64.22%, Err 955 (1.0e-04)
1198.907 .... 3006 packets received, 5137 bps, 64.22%, Err 958 (1.0e-04)
1200.025 Quit.
