000.000 =============================================================
000.000                     Station A                               
000.000 -------------------------------------------------------------
000.000 Protocol.lib, version 4.0, jiangyanjun0718@bupt.edu.cn
000.000 Channel: 8000 bps, 270 ms propagation delay, bit error rate 0
000.000 Log file "uA.log", TCP port 30012, debug mask 0x00
000.000 Station A is waiting for station B on TCP port 30012 ... Done.
000.327 New epoch: Thu May 16 18:54:58 2019
000.327 =================================================================
000.327 
000.327 Designed by CJSoft, build: May 16 2019  17:18:52
003.433 .... 8 packets received, 7696 bps, 96.20%, Err 0 (0.0e+00)
005.546 .... 16 packets received, 7725 bps, 96.56%, Err 0 (0.0e+00)
007.676 .... 24 packets received, 7714 bps, 96.42%, Err 0 (0.0e+00)
009.777 .... 32 packets received, 7735 bps, 96.68%, Err 0 (0.0e+00)
011.910 .... 40 packets received, 7724 bps, 96.55%, Err 0 (0.0e+00)
014.030 .... 48 packets received, 7725 bps, 96.56%, Err 0 (0.0e+00)
016.149 .... 56 packets received, 7726 bps, 96.57%, Err 0 (0.0e+00)
018.252 .... 64 packets received, 7734 bps, 96.67%, Err 0 (0.0e+00)
020.370 .... 72 packets received, 7734 bps, 96.67%, Err 0 (0.0e+00)
022.499 .... 80 packets received, 7730 bps, 96.63%, Err 0 (0.0e+00)
024.632 .... 88 packets received, 7726 bps, 96.57%, Err 0 (0.0e+00)
026.762 .... 96 packets received, 7723 bps, 96.54%, Err 0 (0.0e+00)
028.863 .... 104 packets received, 7729 bps, 96.61%, Err 0 (0.0e+00)
030.996 .... 112 packets received, 7725 bps, 96.56%, Err 0 (0.0e+00)
033.098 .... 120 packets received, 7730 bps, 96.62%, Err 0 (0.0e+00)
035.243 .... 128 packets received, 7724 bps, 96.55%, Err 0 (0.0e+00)
037.344 .... 136 packets received, 7728 bps, 96.60%, Err 0 (0.0e+00)
039.491 .... 144 packets received, 7723 bps, 96.54%, Err 0 (0.0e+00)
041.580 .... 152 packets received, 7729 bps, 96.61%, Err 0 (0.0e+00)
043.714 .... 160 packets received, 7726 bps, 96.58%, Err 0 (0.0e+00)
045.816 .... 168 packets received, 7730 bps, 96.62%, Err 0 (0.0e+00)
047.948 .... 176 packets received, 7728 bps, 96.60%, Err 0 (0.0e+00)
050.080 .... 184 packets received, 7726 bps, 96.57%, Err 0 (0.0e+00)
052.198 .... 192 packets received, 7726 bps, 96.58%, Err 0 (0.0e+00)
054.317 .... 200 packets received, 7726 bps, 96.58%, Err 0 (0.0e+00)
056.419 .... 208 packets received, 7729 bps, 96.61%, Err 0 (0.0e+00)
058.551 .... 216 packets received, 7727 bps, 96.59%, Err 0 (0.0e+00)
060.652 .... 224 packets received, 7730 bps, 96.62%, Err 0 (0.0e+00)
062.783 .... 232 packets received, 7728 bps, 96.61%, Err 0 (0.0e+00)
064.915 .... 240 packets received, 7727 bps, 96.59%, Err 0 (0.0e+00)
067.018 .... 248 packets received, 7729 bps, 96.61%, Err 0 (0.0e+00)
069.149 .... 256 packets received, 7728 bps, 96.60%, Err 0 (0.0e+00)
071.264 .... 264 packets received, 7728 bps, 96.60%, Err 0 (0.0e+00)
073.411 .... 272 packets received, 7725 bps, 96.57%, Err 0 (0.0e+00)
075.513 .... 280 packets received, 7727 bps, 96.59%, Err 0 (0.0e+00)
077.614 .... 288 packets received, 7729 bps, 96.62%, Err 0 (0.0e+00)
079.746 .... 296 packets received, 7728 bps, 96.60%, Err 0 (0.0e+00)
081.878 .... 304 packets received, 7727 bps, 96.59%, Err 0 (0.0e+00)
083.995 .... 312 packets received, 7727 bps, 96.59%, Err 0 (0.0e+00)
086.098 .... 320 packets received, 7729 bps, 96.61%, Err 0 (0.0e+00)
088.218 .... 328 packets received, 7729 bps, 96.61%, Err 0 (0.0e+00)
090.334 .... 336 packets received, 7729 bps, 96.61%, Err 0 (0.0e+00)
092.453 .... 344 packets received, 7729 bps, 96.62%, Err 0 (0.0e+00)
094.570 .... 352 packets received, 7729 bps, 96.62%, Err 0 (0.0e+00)
096.703 .... 360 packets received, 7728 bps, 96.60%, Err 0 (0.0e+00)
098.835 .... 368 packets received, 7727 bps, 96.59%, Err 0 (0.0e+00)
104.474 .... 375 packets received, 7444 bps, 93.05%, Err 0 (0.0e+00)
108.498 .... 376 packets received, 7184 bps, 89.80%, Err 0 (0.0e+00)
112.660 .... 377 packets received, 6934 bps, 86.67%, Err 0 (0.0e+00)
116.703 .... 378 packets received, 6708 bps, 83.86%, Err 0 (0.0e+00)
120.761 .... 379 packets received, 6498 bps, 81.22%, Err 0 (0.0e+00)
124.880 .... 380 packets received, 6298 bps, 78.72%, Err 0 (0.0e+00)
129.014 .... 381 packets received, 6110 bps, 76.37%, Err 0 (0.0e+00)
133.164 .... 382 packets received, 5933 bps, 74.16%, Err 0 (0.0e+00)
137.312 .... 383 packets received, 5767 bps, 72.09%, Err 0 (0.0e+00)
141.427 .... 384 packets received, 5612 bps, 70.16%, Err 0 (0.0e+00)
145.546 .... 385 packets received, 5466 bps, 68.33%, Err 0 (0.0e+00)
149.696 .... 386 packets received, 5327 bps, 66.59%, Err 0 (0.0e+00)
153.755 .... 387 packets received, 5199 bps, 64.99%, Err 0 (0.0e+00)
157.860 .... 388 packets received, 5076 bps, 63.45%, Err 0 (0.0e+00)
161.889 .... 389 packets received, 4961 bps, 62.01%, Err 0 (0.0e+00)
165.994 .... 390 packets received, 4850 bps, 60.62%, Err 0 (0.0e+00)
170.160 .... 391 packets received, 4742 bps, 59.28%, Err 0 (0.0e+00)
174.293 .... 392 packets received, 4641 bps, 58.01%, Err 0 (0.0e+00)
178.353 .... 393 packets received, 4546 bps, 56.82%, Err 0 (0.0e+00)
182.412 .... 394 packets received, 4455 bps, 55.69%, Err 0 (0.0e+00)
186.469 .... 395 packets received, 4369 bps, 54.61%, Err 0 (0.0e+00)
190.606 .... 396 packets received, 4284 bps, 53.55%, Err 0 (0.0e+00)
194.663 .... 397 packets received, 4205 bps, 52.56%, Err 0 (0.0e+00)
198.719 .... 398 packets received, 4129 bps, 51.61%, Err 0 (0.0e+00)
200.804 .... 400 packets received, 4106 bps, 51.33%, Err 0 (0.0e+00)
202.906 .... 408 packets received, 4145 bps, 51.81%, Err 0 (0.0e+00)
205.024 .... 416 packets received, 4182 bps, 52.28%, Err 0 (0.0e+00)
207.144 .... 424 packets received, 4219 bps, 52.73%, Err 0 (0.0e+00)
209.276 .... 432 packets received, 4254 bps, 53.18%, Err 0 (0.0e+00)
211.393 .... 440 packets received, 4289 bps, 53.62%, Err 0 (0.0e+00)
213.513 .... 448 packets received, 4324 bps, 54.04%, Err 0 (0.0e+00)
215.648 .... 456 packets received, 4357 bps, 54.46%, Err 0 (0.0e+00)
217.768 .... 464 packets received, 4390 bps, 54.87%, Err 0 (0.0e+00)
219.886 .... 472 packets received, 4422 bps, 55.28%, Err 0 (0.0e+00)
221.990 .... 480 packets received, 4454 bps, 55.68%, Err 0 (0.0e+00)
224.124 .... 488 packets received, 4485 bps, 56.07%, Err 0 (0.0e+00)
226.243 .... 496 packets received, 4516 bps, 56.45%, Err 0 (0.0e+00)
228.362 .... 504 packets received, 4546 bps, 56.82%, Err 0 (0.0e+00)
230.464 .... 512 packets received, 4576 bps, 57.20%, Err 0 (0.0e+00)
232.597 .... 520 packets received, 4604 bps, 57.55%, Err 0 (0.0e+00)
234.717 .... 528 packets received, 4633 bps, 57.91%, Err 0 (0.0e+00)
236.834 .... 536 packets received, 4661 bps, 58.26%, Err 0 (0.0e+00)
238.952 .... 544 packets received, 4688 bps, 58.60%, Err 0 (0.0e+00)
241.086 .... 552 packets received, 4715 bps, 58.93%, Err 0 (0.0e+00)
243.191 .... 560 packets received, 4741 bps, 59.27%, Err 0 (0.0e+00)
245.322 .... 568 packets received, 4767 bps, 59.59%, Err 0 (0.0e+00)
247.440 .... 576 packets received, 4793 bps, 59.91%, Err 0 (0.0e+00)
249.559 .... 584 packets received, 4818 bps, 60.22%, Err 0 (0.0e+00)
251.678 .... 592 packets received, 4842 bps, 60.53%, Err 0 (0.0e+00)
253.797 .... 600 packets received, 4867 bps, 60.83%, Err 0 (0.0e+00)
255.930 .... 608 packets received, 4890 bps, 61.13%, Err 0 (0.0e+00)
258.032 .... 616 packets received, 4914 bps, 61.43%, Err 0 (0.0e+00)
260.167 .... 624 packets received, 4937 bps, 61.71%, Err 0 (0.0e+00)
262.286 .... 632 packets received, 4959 bps, 61.99%, Err 0 (0.0e+00)
264.391 .... 640 packets received, 4982 bps, 62.28%, Err 0 (0.0e+00)
266.527 .... 648 packets received, 5004 bps, 62.55%, Err 0 (0.0e+00)
268.646 .... 656 packets received, 5025 bps, 62.82%, Err 0 (0.0e+00)
270.766 .... 664 packets received, 5047 bps, 63.08%, Err 0 (0.0e+00)
272.897 .... 672 packets received, 5067 bps, 63.34%, Err 0 (0.0e+00)
274.999 .... 680 packets received, 5088 bps, 63.60%, Err 0 (0.0e+00)
277.114 .... 688 packets received, 5109 bps, 63.86%, Err 0 (0.0e+00)
279.232 .... 696 packets received, 5129 bps, 64.11%, Err 0 (0.0e+00)
281.366 .... 704 packets received, 5148 bps, 64.35%, Err 0 (0.0e+00)
283.483 .... 712 packets received, 5168 bps, 64.59%, Err 0 (0.0e+00)
285.615 .... 720 packets received, 5186 bps, 64.83%, Err 0 (0.0e+00)
287.717 .... 728 packets received, 5206 bps, 65.07%, Err 0 (0.0e+00)
289.851 .... 736 packets received, 5224 bps, 65.30%, Err 0 (0.0e+00)
291.953 .... 744 packets received, 5242 bps, 65.53%, Err 0 (0.0e+00)
294.088 .... 752 packets received, 5260 bps, 65.75%, Err 0 (0.0e+00)
296.190 .... 760 packets received, 5278 bps, 65.98%, Err 0 (0.0e+00)
298.307 .... 768 packets received, 5296 bps, 66.20%, Err 0 (0.0e+00)
300.424 .... 776 packets received, 5313 bps, 66.41%, Err 0 (0.0e+00)
304.454 .... 777 packets received, 5249 bps, 65.62%, Err 0 (0.0e+00)
308.536 .... 778 packets received, 5186 bps, 64.83%, Err 0 (0.0e+00)
312.654 .... 779 packets received, 5124 bps, 64.05%, Err 0 (0.0e+00)
316.698 .... 780 packets received, 5065 bps, 63.31%, Err 0 (0.0e+00)
320.891 .... 781 packets received, 5005 bps, 62.56%, Err 0 (0.0e+00)
324.964 .... 782 packets received, 4948 bps, 61.85%, Err 0 (0.0e+00)
329.052 .... 783 packets received, 4893 bps, 61.16%, Err 0 (0.0e+00)
333.122 .... 784 packets received, 4839 bps, 60.49%, Err 0 (0.0e+00)
337.257 .... 785 packets received, 4785 bps, 59.82%, Err 0 (0.0e+00)
341.374 .... 786 packets received, 4734 bps, 59.17%, Err 0 (0.0e+00)
345.430 .... 787 packets received, 4684 bps, 58.55%, Err 0 (0.0e+00)
349.623 .... 788 packets received, 4633 bps, 57.91%, Err 0 (0.0e+00)
353.726 .... 789 packets received, 4585 bps, 57.31%, Err 0 (0.0e+00)
357.859 .... 790 packets received, 4538 bps, 56.72%, Err 0 (0.0e+00)
361.885 .... 791 packets received, 4493 bps, 56.16%, Err 0 (0.0e+00)
365.941 .... 792 packets received, 4448 bps, 55.60%, Err 0 (0.0e+00)
370.182 .... 793 packets received, 4403 bps, 55.03%, Err 0 (0.0e+00)
374.237 .... 794 packets received, 4360 bps, 54.50%, Err 0 (0.0e+00)
378.281 .... 795 packets received, 4319 bps, 53.99%, Err 0 (0.0e+00)
382.366 .... 796 packets received, 4278 bps, 53.48%, Err 0 (0.0e+00)
386.433 .... 797 packets received, 4238 bps, 52.98%, Err 0 (0.0e+00)
390.505 .... 798 packets received, 4199 bps, 52.49%, Err 0 (0.0e+00)
394.608 .... 799 packets received, 4161 bps, 52.01%, Err 0 (0.0e+00)
398.681 .... 800 packets received, 4123 bps, 51.54%, Err 0 (0.0e+00)
400.795 .... 802 packets received, 4111 bps, 51.39%, Err 0 (0.0e+00)
402.957 .... 810 packets received, 4130 bps, 51.63%, Err 0 (0.0e+00)
405.073 .... 818 packets received, 4149 bps, 51.86%, Err 0 (0.0e+00)
407.176 .... 826 packets received, 4168 bps, 52.10%, Err 0 (0.0e+00)
409.309 .... 834 packets received, 4186 bps, 52.33%, Err 0 (0.0e+00)
411.427 .... 842 packets received, 4205 bps, 52.56%, Err 0 (0.0e+00)
413.544 .... 850 packets received, 4223 bps, 52.78%, Err 0 (0.0e+00)
415.660 .... 858 packets received, 4241 bps, 53.01%, Err 0 (0.0e+00)
417.792 .... 866 packets received, 4258 bps, 53.23%, Err 0 (0.0e+00)
419.924 .... 874 packets received, 4276 bps, 53.45%, Err 0 (0.0e+00)
422.039 .... 882 packets received, 4293 bps, 53.67%, Err 0 (0.0e+00)
424.153 .... 890 packets received, 4311 bps, 53.88%, Err 0 (0.0e+00)
426.256 .... 898 packets received, 4328 bps, 54.10%, Err 0 (0.0e+00)
428.403 .... 906 packets received, 4344 bps, 54.30%, Err 0 (0.0e+00)
430.520 .... 914 packets received, 4361 bps, 54.51%, Err 0 (0.0e+00)
432.637 .... 922 packets received, 4378 bps, 54.72%, Err 0 (0.0e+00)
434.755 .... 930 packets received, 4394 bps, 54.93%, Err 0 (0.0e+00)
436.871 .... 938 packets received, 4410 bps, 55.13%, Err 0 (0.0e+00)
439.004 .... 946 packets received, 4426 bps, 55.33%, Err 0 (0.0e+00)
441.105 .... 954 packets received, 4442 bps, 55.53%, Err 0 (0.0e+00)
443.222 .... 962 packets received, 4458 bps, 55.73%, Err 0 (0.0e+00)
445.354 .... 970 packets received, 4474 bps, 55.92%, Err 0 (0.0e+00)
447.470 .... 978 packets received, 4489 bps, 56.12%, Err 0 (0.0e+00)
449.588 .... 986 packets received, 4505 bps, 56.31%, Err 0 (0.0e+00)
451.705 .... 994 packets received, 4520 bps, 56.50%, Err 0 (0.0e+00)
453.851 .... 1002 packets received, 4535 bps, 56.68%, Err 0 (0.0e+00)
455.938 .... 1010 packets received, 4550 bps, 56.87%, Err 0 (0.0e+00)
458.085 .... 1018 packets received, 4564 bps, 57.05%, Err 0 (0.0e+00)
460.187 .... 1026 packets received, 4579 bps, 57.24%, Err 0 (0.0e+00)
462.303 .... 1034 packets received, 4594 bps, 57.42%, Err 0 (0.0e+00)
464.437 .... 1042 packets received, 4608 bps, 57.60%, Err 0 (0.0e+00)
466.568 .... 1050 packets received, 4622 bps, 57.77%, Err 0 (0.0e+00)
468.671 .... 1058 packets received, 4636 bps, 57.95%, Err 0 (0.0e+00)
470.789 .... 1066 packets received, 4650 bps, 58.13%, Err 0 (0.0e+00)
472.921 .... 1074 packets received, 4664 bps, 58.30%, Err 0 (0.0e+00)
475.024 .... 1082 packets received, 4678 bps, 58.47%, Err 0 (0.0e+00)
477.169 .... 1090 packets received, 4691 bps, 58.64%, Err 0 (0.0e+00)
479.271 .... 1098 packets received, 4705 bps, 58.81%, Err 0 (0.0e+00)
481.405 .... 1106 packets received, 4718 bps, 58.97%, Err 0 (0.0e+00)
483.520 .... 1114 packets received, 4731 bps, 59.14%, Err 0 (0.0e+00)
485.653 .... 1122 packets received, 4744 bps, 59.30%, Err 0 (0.0e+00)
487.769 .... 1130 packets received, 4757 bps, 59.47%, Err 0 (0.0e+00)
489.902 .... 1138 packets received, 4770 bps, 59.63%, Err 0 (0.0e+00)
491.990 .... 1146 packets received, 4783 bps, 59.79%, Err 0 (0.0e+00)
494.107 .... 1154 packets received, 4796 bps, 59.95%, Err 0 (0.0e+00)
496.224 .... 1162 packets received, 4808 bps, 60.11%, Err 0 (0.0e+00)
498.372 .... 1170 packets received, 4821 bps, 60.26%, Err 0 (0.0e+00)
500.488 .... 1178 packets received, 4833 bps, 60.41%, Err 0 (0.0e+00)
504.591 .... 1179 packets received, 4798 bps, 59.97%, Err 0 (0.0e+00)
508.711 .... 1180 packets received, 4763 bps, 59.53%, Err 0 (0.0e+00)
512.828 .... 1181 packets received, 4728 bps, 59.10%, Err 0 (0.0e+00)
516.964 .... 1182 packets received, 4694 bps, 58.68%, Err 0 (0.0e+00)
521.143 .... 1183 packets received, 4661 bps, 58.26%, Err 0 (0.0e+00)
525.278 .... 1184 packets received, 4628 bps, 57.85%, Err 0 (0.0e+00)
529.337 .... 1185 packets received, 4596 bps, 57.45%, Err 0 (0.0e+00)
533.364 .... 1186 packets received, 4565 bps, 57.06%, Err 0 (0.0e+00)
537.467 .... 1187 packets received, 4534 bps, 56.68%, Err 0 (0.0e+00)
541.541 .... 1188 packets received, 4504 bps, 56.30%, Err 0 (0.0e+00)
545.719 .... 1189 packets received, 4473 bps, 55.91%, Err 0 (0.0e+00)
549.850 .... 1190 packets received, 4443 bps, 55.54%, Err 0 (0.0e+00)
553.953 .... 1191 packets received, 4414 bps, 55.17%, Err 0 (0.0e+00)
557.966 .... 1192 packets received, 4385 bps, 54.82%, Err 0 (0.0e+00)
562.053 .... 1193 packets received, 4357 bps, 54.46%, Err 0 (0.0e+00)
566.126 .... 1194 packets received, 4329 bps, 54.12%, Err 0 (0.0e+00)
570.273 .... 1195 packets received, 4301 bps, 53.77%, Err 0 (0.0e+00)
574.300 .... 1196 packets received, 4275 bps, 53.43%, Err 0 (0.0e+00)
578.388 .... 1197 packets received, 4248 bps, 53.10%, Err 0 (0.0e+00)
582.444 .... 1198 packets received, 4222 bps, 52.77%, Err 0 (0.0e+00)
586.517 .... 1199 packets received, 4196 bps, 52.45%, Err 0 (0.0e+00)
590.681 .... 1200 packets received, 4170 bps, 52.12%, Err 0 (0.0e+00)
594.816 .... 1201 packets received, 4144 bps, 51.80%, Err 0 (0.0e+00)
598.934 .... 1202 packets received, 4119 bps, 51.49%, Err 0 (0.0e+00)
601.050 .... 1205 packets received, 4115 bps, 51.44%, Err 0 (0.0e+00)
603.180 .... 1213 packets received, 4127 bps, 51.59%, Err 0 (0.0e+00)
605.297 .... 1221 packets received, 4140 bps, 51.75%, Err 0 (0.0e+00)
607.415 .... 1229 packets received, 4153 bps, 51.91%, Err 0 (0.0e+00)
609.531 .... 1237 packets received, 4165 bps, 52.06%, Err 0 (0.0e+00)
611.663 .... 1245 packets received, 4177 bps, 52.22%, Err 0 (0.0e+00)
613.794 .... 1253 packets received, 4190 bps, 52.37%, Err 0 (0.0e+00)
615.909 .... 1261 packets received, 4202 bps, 52.52%, Err 0 (0.0e+00)
618.025 .... 1269 packets received, 4214 bps, 52.68%, Err 0 (0.0e+00)
620.143 .... 1277 packets received, 4226 bps, 52.83%, Err 0 (0.0e+00)
622.277 .... 1285 packets received, 4238 bps, 52.97%, Err 0 (0.0e+00)
624.394 .... 1293 packets received, 4250 bps, 53.12%, Err 0 (0.0e+00)
626.496 .... 1301 packets received, 4262 bps, 53.27%, Err 0 (0.0e+00)
628.628 .... 1309 packets received, 4273 bps, 53.42%, Err 0 (0.0e+00)
630.744 .... 1317 packets received, 4285 bps, 53.56%, Err 0 (0.0e+00)
632.860 .... 1325 packets received, 4297 bps, 53.71%, Err 0 (0.0e+00)
634.993 .... 1333 packets received, 4308 bps, 53.85%, Err 0 (0.0e+00)
637.094 .... 1341 packets received, 4320 bps, 54.00%, Err 0 (0.0e+00)
639.225 .... 1349 packets received, 4331 bps, 54.14%, Err 0 (0.0e+00)
641.342 .... 1357 packets received, 4342 bps, 54.28%, Err 0 (0.0e+00)
643.460 .... 1365 packets received, 4353 bps, 54.42%, Err 0 (0.0e+00)
645.591 .... 1373 packets received, 4364 bps, 54.55%, Err 0 (0.0e+00)
647.709 .... 1381 packets received, 4375 bps, 54.69%, Err 0 (0.0e+00)
649.825 .... 1389 packets received, 4386 bps, 54.83%, Err 0 (0.0e+00)
651.970 .... 1397 packets received, 4397 bps, 54.96%, Err 0 (0.0e+00)
654.086 .... 1405 packets received, 4408 bps, 55.10%, Err 0 (0.0e+00)
656.187 .... 1413 packets received, 4419 bps, 55.24%, Err 0 (0.0e+00)
658.303 .... 1421 packets received, 4430 bps, 55.37%, Err 0 (0.0e+00)
660.419 .... 1429 packets received, 4440 bps, 55.50%, Err 0 (0.0e+00)
662.549 .... 1437 packets received, 4451 bps, 55.63%, Err 0 (0.0e+00)
664.666 .... 1445 packets received, 4461 bps, 55.76%, Err 0 (0.0e+00)
666.768 .... 1453 packets received, 4472 bps, 55.90%, Err 0 (0.0e+00)
668.904 .... 1461 packets received, 4482 bps, 56.02%, Err 0 (0.0e+00)
671.035 .... 1469 packets received, 4492 bps, 56.15%, Err 0 (0.0e+00)
673.137 .... 1477 packets received, 4502 bps, 56.28%, Err 0 (0.0e+00)
675.269 .... 1485 packets received, 4513 bps, 56.41%, Err 0 (0.0e+00)
677.385 .... 1493 packets received, 4523 bps, 56.53%, Err 0 (0.0e+00)
679.502 .... 1501 packets received, 4533 bps, 56.66%, Err 0 (0.0e+00)
681.615 .... 1509 packets received, 4543 bps, 56.78%, Err 0 (0.0e+00)
683.731 .... 1517 packets received, 4553 bps, 56.91%, Err 0 (0.0e+00)
685.850 .... 1525 packets received, 4562 bps, 57.03%, Err 0 (0.0e+00)
687.994 .... 1533 packets received, 4572 bps, 57.15%, Err 0 (0.0e+00)
690.110 .... 1541 packets received, 4582 bps, 57.27%, Err 0 (0.0e+00)
692.228 .... 1549 packets received, 4591 bps, 57.39%, Err 0 (0.0e+00)
694.344 .... 1557 packets received, 4601 bps, 57.51%, Err 0 (0.0e+00)
696.462 .... 1565 packets received, 4611 bps, 57.63%, Err 0 (0.0e+00)
698.596 .... 1573 packets received, 4620 bps, 57.75%, Err 0 (0.0e+00)
704.604 .... 1581 packets received, 4604 bps, 57.55%, Err 0 (0.0e+00)
708.646 .... 1582 packets received, 4580 bps, 57.26%, Err 0 (0.0e+00)
712.672 .... 1583 packets received, 4557 bps, 56.97%, Err 0 (0.0e+00)
716.800 .... 1584 packets received, 4534 bps, 56.67%, Err 0 (0.0e+00)
720.903 .... 1585 packets received, 4511 bps, 56.39%, Err 0 (0.0e+00)
724.991 .... 1586 packets received, 4488 bps, 56.10%, Err 0 (0.0e+00)
729.078 .... 1587 packets received, 4466 bps, 55.82%, Err 0 (0.0e+00)
733.089 .... 1588 packets received, 4444 bps, 55.55%, Err 0 (0.0e+00)
737.175 .... 1589 packets received, 4422 bps, 55.28%, Err 0 (0.0e+00)
741.215 .... 1590 packets received, 4401 bps, 55.01%, Err 0 (0.0e+00)
745.362 .... 1591 packets received, 4379 bps, 54.74%, Err 0 (0.0e+00)
749.432 .... 1592 packets received, 4358 bps, 54.48%, Err 0 (0.0e+00)
753.611 .... 1593 packets received, 4337 bps, 54.21%, Err 0 (0.0e+00)
757.651 .... 1594 packets received, 4316 bps, 53.95%, Err 0 (0.0e+00)
761.702 .... 1595 packets received, 4296 bps, 53.70%, Err 0 (0.0e+00)
765.850 .... 1596 packets received, 4275 bps, 53.44%, Err 0 (0.0e+00)
769.968 .... 1597 packets received, 4255 bps, 53.19%, Err 0 (0.0e+00)
774.036 .... 1598 packets received, 4235 bps, 52.94%, Err 0 (0.0e+00)
778.150 .... 1599 packets received, 4215 bps, 52.69%, Err 0 (0.0e+00)
782.191 .... 1600 packets received, 4196 bps, 52.45%, Err 0 (0.0e+00)
786.261 .... 1601 packets received, 4177 bps, 52.21%, Err 0 (0.0e+00)
790.332 .... 1602 packets received, 4158 bps, 51.98%, Err 0 (0.0e+00)
794.420 .... 1603 packets received, 4139 bps, 51.74%, Err 0 (0.0e+00)
798.650 .... 1604 packets received, 4120 bps, 51.50%, Err 0 (0.0e+00)
800.794 .... 1606 packets received, 4114 bps, 51.42%, Err 0 (0.0e+00)
802.909 .... 1614 packets received, 4124 bps, 51.54%, Err 0 (0.0e+00)
805.037 .... 1622 packets received, 4133 bps, 51.66%, Err 0 (0.0e+00)
807.149 .... 1630 packets received, 4143 bps, 51.78%, Err 0 (0.0e+00)
809.263 .... 1638 packets received, 4152 bps, 51.90%, Err 0 (0.0e+00)
811.391 .... 1646 packets received, 4161 bps, 52.02%, Err 0 (0.0e+00)
813.522 .... 1654 packets received, 4171 bps, 52.13%, Err 0 (0.0e+00)
815.641 .... 1662 packets received, 4180 bps, 52.25%, Err 0 (0.0e+00)
817.758 .... 1670 packets received, 4189 bps, 52.36%, Err 0 (0.0e+00)
819.890 .... 1678 packets received, 4198 bps, 52.48%, Err 0 (0.0e+00)
822.006 .... 1686 packets received, 4207 bps, 52.59%, Err 0 (0.0e+00)
824.137 .... 1694 packets received, 4216 bps, 52.70%, Err 0 (0.0e+00)
826.223 .... 1702 packets received, 4226 bps, 52.82%, Err 0 (0.0e+00)
828.370 .... 1710 packets received, 4234 bps, 52.93%, Err 0 (0.0e+00)
830.485 .... 1718 packets received, 4243 bps, 53.04%, Err 0 (0.0e+00)
832.602 .... 1726 packets received, 4252 bps, 53.15%, Err 0 (0.0e+00)
834.718 .... 1734 packets received, 4261 bps, 53.26%, Err 0 (0.0e+00)
836.850 .... 1742 packets received, 4270 bps, 53.37%, Err 0 (0.0e+00)
838.951 .... 1750 packets received, 4279 bps, 53.48%, Err 0 (0.0e+00)
841.069 .... 1758 packets received, 4287 bps, 53.59%, Err 0 (0.0e+00)
843.200 .... 1766 packets received, 4296 bps, 53.70%, Err 0 (0.0e+00)
845.317 .... 1774 packets received, 4305 bps, 53.81%, Err 0 (0.0e+00)
847.448 .... 1782 packets received, 4313 bps, 53.91%, Err 0 (0.0e+00)
849.565 .... 1790 packets received, 4322 bps, 54.02%, Err 0 (0.0e+00)
851.681 .... 1798 packets received, 4330 bps, 54.13%, Err 0 (0.0e+00)
853.798 .... 1806 packets received, 4339 bps, 54.23%, Err 0 (0.0e+00)
855.899 .... 1814 packets received, 4347 bps, 54.34%, Err 0 (0.0e+00)
858.031 .... 1822 packets received, 4355 bps, 54.44%, Err 0 (0.0e+00)
860.163 .... 1830 packets received, 4364 bps, 54.55%, Err 0 (0.0e+00)
862.295 .... 1838 packets received, 4372 bps, 54.65%, Err 0 (0.0e+00)
864.397 .... 1846 packets received, 4380 bps, 54.75%, Err 0 (0.0e+00)
866.528 .... 1854 packets received, 4388 bps, 54.86%, Err 0 (0.0e+00)
868.644 .... 1862 packets received, 4397 bps, 54.96%, Err 0 (0.0e+00)
870.745 .... 1870 packets received, 4405 bps, 55.06%, Err 0 (0.0e+00)
872.879 .... 1878 packets received, 4413 bps, 55.16%, Err 0 (0.0e+00)
874.980 .... 1886 packets received, 4421 bps, 55.26%, Err 0 (0.0e+00)
877.125 .... 1894 packets received, 4429 bps, 55.36%, Err 0 (0.0e+00)
879.226 .... 1902 packets received, 4437 bps, 55.46%, Err 0 (0.0e+00)
881.359 .... 1910 packets received, 4445 bps, 55.56%, Err 0 (0.0e+00)
883.475 .... 1918 packets received, 4453 bps, 55.66%, Err 0 (0.0e+00)
885.593 .... 1926 packets received, 4461 bps, 55.76%, Err 0 (0.0e+00)
887.709 .... 1934 packets received, 4468 bps, 55.86%, Err 0 (0.0e+00)
889.826 .... 1942 packets received, 4476 bps, 55.95%, Err 0 (0.0e+00)
891.957 .... 1950 packets received, 4484 bps, 56.05%, Err 0 (0.0e+00)
894.074 .... 1958 packets received, 4492 bps, 56.15%, Err 0 (0.0e+00)
896.190 .... 1966 packets received, 4499 bps, 56.24%, Err 0 (0.0e+00)
898.338 .... 1974 packets received, 4507 bps, 56.33%, Err 0 (0.0e+00)
900.440 .... 1982 packets received, 4514 bps, 56.43%, Err 0 (0.0e+00)
904.435 .... 1983 packets received, 4497 bps, 56.21%, Err 0 (0.0e+00)
908.508 .... 1984 packets received, 4479 bps, 55.99%, Err 0 (0.0e+00)
912.548 .... 1985 packets received, 4461 bps, 55.77%, Err 0 (0.0e+00)
916.619 .... 1986 packets received, 4444 bps, 55.55%, Err 0 (0.0e+00)
920.749 .... 1987 packets received, 4426 bps, 55.32%, Err 0 (0.0e+00)
924.822 .... 1988 packets received, 4409 bps, 55.11%, Err 0 (0.0e+00)
928.834 .... 1989 packets received, 4392 bps, 54.90%, Err 0 (0.0e+00)
932.936 .... 1990 packets received, 4375 bps, 54.68%, Err 0 (0.0e+00)
936.977 .... 1991 packets received, 4358 bps, 54.47%, Err 0 (0.0e+00)
941.047 .... 1992 packets received, 4341 bps, 54.27%, Err 0 (0.0e+00)
945.227 .... 1993 packets received, 4324 bps, 54.05%, Err 0 (0.0e+00)
949.299 .... 1994 packets received, 4308 bps, 53.85%, Err 0 (0.0e+00)
953.417 .... 1995 packets received, 4291 bps, 53.64%, Err 0 (0.0e+00)
957.474 .... 1996 packets received, 4275 bps, 53.44%, Err 0 (0.0e+00)
961.517 .... 1997 packets received, 4259 bps, 53.24%, Err 0 (0.0e+00)
965.676 .... 1998 packets received, 4243 bps, 53.04%, Err 0 (0.0e+00)
969.730 .... 1999 packets received, 4227 bps, 52.84%, Err 0 (0.0e+00)
973.770 .... 2000 packets received, 4212 bps, 52.65%, Err 0 (0.0e+00)
977.810 .... 2001 packets received, 4197 bps, 52.46%, Err 0 (0.0e+00)
982.035 .... 2002 packets received, 4181 bps, 52.26%, Err 0 (0.0e+00)
986.076 .... 2003 packets received, 4166 bps, 52.07%, Err 0 (0.0e+00)
990.221 .... 2004 packets received, 4150 bps, 51.88%, Err 0 (0.0e+00)
994.398 .... 2005 packets received, 4135 bps, 51.68%, Err 0 (0.0e+00)
998.501 .... 2006 packets received, 4120 bps, 51.50%, Err 0 (0.0e+00)
1000.536 .... 2007 packets received, 4113 bps, 51.42%, Err 0 (0.0e+00)
1002.649 .... 2015 packets received, 4121 bps, 51.51%, Err 0 (0.0e+00)
1004.779 .... 2023 packets received, 4129 bps, 51.61%, Err 0 (0.0e+00)
1006.895 .... 2031 packets received, 4136 bps, 51.70%, Err 0 (0.0e+00)
1009.027 .... 2039 packets received, 4144 bps, 51.80%, Err 0 (0.0e+00)
1011.143 .... 2047 packets received, 4151 bps, 51.89%, Err 0 (0.0e+00)
1013.275 .... 2055 packets received, 4159 bps, 51.99%, Err 0 (0.0e+00)
1015.375 .... 2063 packets received, 4166 bps, 52.08%, Err 0 (0.0e+00)
1017.522 .... 2071 packets received, 4174 bps, 52.17%, Err 0 (0.0e+00)
1019.640 .... 2079 packets received, 4181 bps, 52.26%, Err 0 (0.0e+00)
1021.758 .... 2087 packets received, 4189 bps, 52.36%, Err 0 (0.0e+00)
1023.873 .... 2095 packets received, 4196 bps, 52.45%, Err 0 (0.0e+00)
1025.989 .... 2103 packets received, 4203 bps, 52.54%, Err 0 (0.0e+00)
1028.105 .... 2111 packets received, 4210 bps, 52.63%, Err 0 (0.0e+00)
1030.236 .... 2119 packets received, 4218 bps, 52.72%, Err 0 (0.0e+00)
1032.368 .... 2127 packets received, 4225 bps, 52.81%, Err 0 (0.0e+00)
1034.485 .... 2135 packets received, 4232 bps, 52.90%, Err 0 (0.0e+00)
1036.601 .... 2143 packets received, 4239 bps, 52.99%, Err 0 (0.0e+00)
1038.733 .... 2151 packets received, 4246 bps, 53.08%, Err 0 (0.0e+00)
1040.847 .... 2159 packets received, 4253 bps, 53.17%, Err 0 (0.0e+00)
1042.947 .... 2167 packets received, 4261 bps, 53.26%, Err 0 (0.0e+00)
1045.080 .... 2175 packets received, 4268 bps, 53.34%, Err 0 (0.0e+00)
1047.195 .... 2183 packets received, 4275 bps, 53.43%, Err 0 (0.0e+00)
1049.311 .... 2191 packets received, 4282 bps, 53.52%, Err 0 (0.0e+00)
1051.444 .... 2199 packets received, 4289 bps, 53.61%, Err 0 (0.0e+00)
1053.547 .... 2207 packets received, 4296 bps, 53.69%, Err 0 (0.0e+00)
1055.680 .... 2215 packets received, 4302 bps, 53.78%, Err 0 (0.0e+00)
1057.797 .... 2223 packets received, 4309 bps, 53.87%, Err 0 (0.0e+00)
1059.930 .... 2231 packets received, 4316 bps, 53.95%, Err 0 (0.0e+00)
1062.032 .... 2239 packets received, 4323 bps, 54.04%, Err 0 (0.0e+00)
1064.149 .... 2247 packets received, 4330 bps, 54.12%, Err 0 (0.0e+00)
1066.281 .... 2255 packets received, 4336 bps, 54.21%, Err 0 (0.0e+00)
1068.397 .... 2263 packets received, 4343 bps, 54.29%, Err 0 (0.0e+00)
1070.529 .... 2271 packets received, 4350 bps, 54.37%, Err 0 (0.0e+00)
1072.645 .... 2279 packets received, 4357 bps, 54.46%, Err 0 (0.0e+00)
1074.776 .... 2287 packets received, 4363 bps, 54.54%, Err 0 (0.0e+00)
1076.895 .... 2295 packets received, 4370 bps, 54.62%, Err 0 (0.0e+00)
1078.994 .... 2303 packets received, 4377 bps, 54.71%, Err 0 (0.0e+00)
1081.112 .... 2311 packets received, 4383 bps, 54.79%, Err 0 (0.0e+00)
1083.238 .... 2319 packets received, 4390 bps, 54.87%, Err 0 (0.0e+00)
1085.369 .... 2327 packets received, 4396 bps, 54.95%, Err 0 (0.0e+00)
1087.486 .... 2335 packets received, 4403 bps, 55.03%, Err 0 (0.0e+00)
1089.587 .... 2343 packets received, 4409 bps, 55.12%, Err 0 (0.0e+00)
1091.736 .... 2351 packets received, 4416 bps, 55.19%, Err 0 (0.0e+00)
1093.837 .... 2359 packets received, 4422 bps, 55.28%, Err 0 (0.0e+00)
1095.967 .... 2367 packets received, 4428 bps, 55.36%, Err 0 (0.0e+00)
1098.083 .... 2375 packets received, 4435 bps, 55.44%, Err 0 (0.0e+00)
1100.199 .... 2383 packets received, 4441 bps, 55.51%, Err 0 (0.0e+00)
1104.488 .... 2385 packets received, 4428 bps, 55.35%, Err 0 (0.0e+00)
1108.697 .... 2386 packets received, 4413 bps, 55.16%, Err 0 (0.0e+00)
1112.846 .... 2387 packets received, 4398 bps, 54.98%, Err 0 (0.0e+00)
1116.918 .... 2388 packets received, 4384 bps, 54.80%, Err 0 (0.0e+00)
1121.003 .... 2389 packets received, 4370 bps, 54.62%, Err 0 (0.0e+00)
1125.116 .... 2390 packets received, 4355 bps, 54.44%, Err 0 (0.0e+00)
1129.204 .... 2391 packets received, 4341 bps, 54.27%, Err 0 (0.0e+00)
1133.399 .... 2392 packets received, 4327 bps, 54.09%, Err 0 (0.0e+00)
1137.499 .... 2393 packets received, 4313 bps, 53.92%, Err 0 (0.0e+00)
1141.633 .... 2394 packets received, 4300 bps, 53.74%, Err 0 (0.0e+00)
1145.719 .... 2395 packets received, 4286 bps, 53.57%, Err 0 (0.0e+00)
1149.866 .... 2396 packets received, 4272 bps, 53.40%, Err 0 (0.0e+00)
1154.030 .... 2397 packets received, 4259 bps, 53.23%, Err 0 (0.0e+00)
1158.085 .... 2398 packets received, 4245 bps, 53.07%, Err 0 (0.0e+00)
1162.263 .... 2399 packets received, 4232 bps, 52.90%, Err 0 (0.0e+00)
1166.443 .... 2400 packets received, 4219 bps, 52.73%, Err 0 (0.0e+00)
1170.556 .... 2401 packets received, 4205 bps, 52.57%, Err 0 (0.0e+00)
1174.637 .... 2402 packets received, 4193 bps, 52.41%, Err 0 (0.0e+00)
1178.738 .... 2403 packets received, 4180 bps, 52.25%, Err 0 (0.0e+00)
1182.856 .... 2404 packets received, 4167 bps, 52.09%, Err 0 (0.0e+00)
1186.914 .... 2405 packets received, 4154 bps, 51.93%, Err 0 (0.0e+00)
1191.094 .... 2406 packets received, 4141 bps, 51.77%, Err 0 (0.0e+00)
1195.105 .... 2407 packets received, 4129 bps, 51.62%, Err 0 (0.0e+00)
1199.119 .... 2408 packets received, 4117 bps, 51.46%, Err 0 (0.0e+00)
1200.022 Quit.
