000.000 =============================================================
000.000                     Station B                               
000.000 -------------------------------------------------------------
000.000 Protocol.lib, version 4.0, jiangyanjun0718@bupt.edu.cn
000.000 Channel: 8000 bps, 270 ms propagation delay, bit error rate 0
000.000 Log file "uB.log", TCP port 30012, debug mask 0x00
000.000 Station B is connecting station A (TCP port 30012) ... Done.
000.327 New epoch: Thu May 16 18:54:58 2019
000.327 =================================================================
000.327 
000.327 Designed by CJSoft, build: May 16 2019  17:18:52
002.728 .... 8 packets received, 7754 bps, 96.92%, Err 0 (0.0e+00)
004.827 .... 16 packets received, 7780 bps, 97.25%, Err 0 (0.0e+00)
006.972 .... 24 packets received, 7732 bps, 96.65%, Err 0 (0.0e+00)
009.073 .... 32 packets received, 7748 bps, 96.86%, Err 0 (0.0e+00)
011.204 .... 40 packets received, 7736 bps, 96.70%, Err 0 (0.0e+00)
013.322 .... 48 packets received, 7736 bps, 96.70%, Err 0 (0.0e+00)
015.457 .... 56 packets received, 7727 bps, 96.59%, Err 0 (0.0e+00)
017.575 .... 64 packets received, 7728 bps, 96.60%, Err 0 (0.0e+00)
019.680 .... 72 packets received, 7734 bps, 96.68%, Err 0 (0.0e+00)
021.799 .... 80 packets received, 7734 bps, 96.68%, Err 0 (0.0e+00)
023.917 .... 88 packets received, 7734 bps, 96.68%, Err 0 (0.0e+00)
026.049 .... 96 packets received, 7730 bps, 96.63%, Err 0 (0.0e+00)
028.163 .... 104 packets received, 7732 bps, 96.65%, Err 0 (0.0e+00)
030.277 .... 112 packets received, 7733 bps, 96.66%, Err 0 (0.0e+00)
032.408 .... 120 packets received, 7730 bps, 96.63%, Err 0 (0.0e+00)
034.523 .... 128 packets received, 7731 bps, 96.64%, Err 0 (0.0e+00)
036.639 .... 136 packets received, 7732 bps, 96.65%, Err 0 (0.0e+00)
038.756 .... 144 packets received, 7732 bps, 96.65%, Err 0 (0.0e+00)
040.890 .... 152 packets received, 7729 bps, 96.62%, Err 0 (0.0e+00)
043.009 .... 160 packets received, 7729 bps, 96.62%, Err 0 (0.0e+00)
045.126 .... 168 packets received, 7730 bps, 96.62%, Err 0 (0.0e+00)
047.242 .... 176 packets received, 7730 bps, 96.63%, Err 0 (0.0e+00)
049.374 .... 184 packets received, 7728 bps, 96.61%, Err 0 (0.0e+00)
051.491 .... 192 packets received, 7729 bps, 96.61%, Err 0 (0.0e+00)
053.594 .... 200 packets received, 7731 bps, 96.64%, Err 0 (0.0e+00)
055.712 .... 208 packets received, 7732 bps, 96.64%, Err 0 (0.0e+00)
057.830 .... 216 packets received, 7732 bps, 96.65%, Err 0 (0.0e+00)
059.962 .... 224 packets received, 7730 bps, 96.62%, Err 0 (0.0e+00)
062.078 .... 232 packets received, 7730 bps, 96.63%, Err 0 (0.0e+00)
064.210 .... 240 packets received, 7729 bps, 96.61%, Err 0 (0.0e+00)
066.311 .... 248 packets received, 7731 bps, 96.64%, Err 0 (0.0e+00)
068.443 .... 256 packets received, 7730 bps, 96.62%, Err 0 (0.0e+00)
070.575 .... 264 packets received, 7728 bps, 96.60%, Err 0 (0.0e+00)
072.691 .... 272 packets received, 7729 bps, 96.61%, Err 0 (0.0e+00)
074.809 .... 280 packets received, 7729 bps, 96.61%, Err 0 (0.0e+00)
076.925 .... 288 packets received, 7729 bps, 96.62%, Err 0 (0.0e+00)
079.057 .... 296 packets received, 7728 bps, 96.60%, Err 0 (0.0e+00)
081.174 .... 304 packets received, 7728 bps, 96.60%, Err 0 (0.0e+00)
083.304 .... 312 packets received, 7727 bps, 96.59%, Err 0 (0.0e+00)
085.406 .... 320 packets received, 7729 bps, 96.61%, Err 0 (0.0e+00)
087.526 .... 328 packets received, 7729 bps, 96.61%, Err 0 (0.0e+00)
089.628 .... 336 packets received, 7731 bps, 96.63%, Err 0 (0.0e+00)
091.761 .... 344 packets received, 7729 bps, 96.62%, Err 0 (0.0e+00)
093.879 .... 352 packets received, 7730 bps, 96.62%, Err 0 (0.0e+00)
095.996 .... 360 packets received, 7730 bps, 96.62%, Err 0 (0.0e+00)
098.130 .... 368 packets received, 7729 bps, 96.61%, Err 0 (0.0e+00)
100.232 .... 376 packets received, 7730 bps, 96.63%, Err 0 (0.0e+00)
102.376 .... 384 packets received, 7728 bps, 96.60%, Err 0 (0.0e+00)
104.474 .... 392 packets received, 7730 bps, 96.62%, Err 0 (0.0e+00)
106.616 .... 400 packets received, 7728 bps, 96.60%, Err 0 (0.0e+00)
108.728 .... 408 packets received, 7729 bps, 96.61%, Err 0 (0.0e+00)
110.855 .... 416 packets received, 7728 bps, 96.60%, Err 0 (0.0e+00)
112.982 .... 424 packets received, 7728 bps, 96.60%, Err 0 (0.0e+00)
115.096 .... 432 packets received, 7728 bps, 96.60%, Err 0 (0.0e+00)
117.209 .... 440 packets received, 7729 bps, 96.61%, Err 0 (0.0e+00)
119.350 .... 448 packets received, 7727 bps, 96.59%, Err 0 (0.0e+00)
121.450 .... 456 packets received, 7729 bps, 96.61%, Err 0 (0.0e+00)
123.577 .... 464 packets received, 7728 bps, 96.60%, Err 0 (0.0e+00)
125.690 .... 472 packets received, 7729 bps, 96.61%, Err 0 (0.0e+00)
127.819 .... 480 packets received, 7728 bps, 96.60%, Err 0 (0.0e+00)
129.947 .... 488 packets received, 7728 bps, 96.59%, Err 0 (0.0e+00)
132.061 .... 496 packets received, 7728 bps, 96.60%, Err 0 (0.0e+00)
134.174 .... 504 packets received, 7728 bps, 96.60%, Err 0 (0.0e+00)
136.286 .... 512 packets received, 7729 bps, 96.61%, Err 0 (0.0e+00)
138.413 .... 520 packets received, 7728 bps, 96.61%, Err 0 (0.0e+00)
140.540 .... 528 packets received, 7728 bps, 96.60%, Err 0 (0.0e+00)
142.651 .... 536 packets received, 7729 bps, 96.61%, Err 0 (0.0e+00)
144.765 .... 544 packets received, 7729 bps, 96.61%, Err 0 (0.0e+00)
146.909 .... 552 packets received, 7728 bps, 96.59%, Err 0 (0.0e+00)
149.009 .... 560 packets received, 7729 bps, 96.61%, Err 0 (0.0e+00)
151.137 .... 568 packets received, 7728 bps, 96.60%, Err 0 (0.0e+00)
153.266 .... 576 packets received, 7728 bps, 96.60%, Err 0 (0.0e+00)
155.378 .... 584 packets received, 7728 bps, 96.60%, Err 0 (0.0e+00)
157.522 .... 592 packets received, 7727 bps, 96.59%, Err 0 (0.0e+00)
159.622 .... 600 packets received, 7728 bps, 96.60%, Err 0 (0.0e+00)
161.736 .... 608 packets received, 7728 bps, 96.60%, Err 0 (0.0e+00)
163.850 .... 616 packets received, 7729 bps, 96.61%, Err 0 (0.0e+00)
165.963 .... 624 packets received, 7729 bps, 96.61%, Err 0 (0.0e+00)
168.106 .... 632 packets received, 7728 bps, 96.60%, Err 0 (0.0e+00)
170.222 .... 640 packets received, 7728 bps, 96.60%, Err 0 (0.0e+00)
172.349 .... 648 packets received, 7728 bps, 96.60%, Err 0 (0.0e+00)
174.461 .... 656 packets received, 7728 bps, 96.60%, Err 0 (0.0e+00)
176.606 .... 664 packets received, 7727 bps, 96.59%, Err 0 (0.0e+00)
178.706 .... 672 packets received, 7728 bps, 96.60%, Err 0 (0.0e+00)
180.805 .... 680 packets received, 7729 bps, 96.61%, Err 0 (0.0e+00)
182.947 .... 688 packets received, 7728 bps, 96.60%, Err 0 (0.0e+00)
185.045 .... 696 packets received, 7729 bps, 96.61%, Err 0 (0.0e+00)
187.174 .... 704 packets received, 7728 bps, 96.60%, Err 0 (0.0e+00)
189.303 .... 712 packets received, 7728 bps, 96.60%, Err 0 (0.0e+00)
191.433 .... 720 packets received, 7728 bps, 96.59%, Err 0 (0.0e+00)
193.560 .... 728 packets received, 7727 bps, 96.59%, Err 0 (0.0e+00)
195.673 .... 736 packets received, 7728 bps, 96.59%, Err 0 (0.0e+00)
197.784 .... 744 packets received, 7728 bps, 96.60%, Err 0 (0.0e+00)
199.898 .... 752 packets received, 7728 bps, 96.60%, Err 0 (0.0e+00)
202.029 .... 760 packets received, 7728 bps, 96.60%, Err 0 (0.0e+00)
204.148 .... 768 packets received, 7728 bps, 96.60%, Err 0 (0.0e+00)
206.267 .... 776 packets received, 7728 bps, 96.60%, Err 0 (0.0e+00)
208.385 .... 784 packets received, 7728 bps, 96.60%, Err 0 (0.0e+00)
210.503 .... 792 packets received, 7728 bps, 96.60%, Err 0 (0.0e+00)
212.638 .... 800 packets received, 7727 bps, 96.59%, Err 0 (0.0e+00)
214.759 .... 808 packets received, 7727 bps, 96.59%, Err 0 (0.0e+00)
216.878 .... 816 packets received, 7727 bps, 96.59%, Err 0 (0.0e+00)
218.998 .... 824 packets received, 7728 bps, 96.59%, Err 0 (0.0e+00)
221.116 .... 832 packets received, 7728 bps, 96.59%, Err 0 (0.0e+00)
223.219 .... 840 packets received, 7728 bps, 96.60%, Err 0 (0.0e+00)
225.338 .... 848 packets received, 7728 bps, 96.60%, Err 0 (0.0e+00)
227.471 .... 856 packets received, 7728 bps, 96.60%, Err 0 (0.0e+00)
229.588 .... 864 packets received, 7728 bps, 96.60%, Err 0 (0.0e+00)
231.690 .... 872 packets received, 7728 bps, 96.61%, Err 0 (0.0e+00)
233.825 .... 880 packets received, 7728 bps, 96.60%, Err 0 (0.0e+00)
235.958 .... 888 packets received, 7728 bps, 96.59%, Err 0 (0.0e+00)
238.061 .... 896 packets received, 7728 bps, 96.60%, Err 0 (0.0e+00)
240.195 .... 904 packets received, 7728 bps, 96.60%, Err 0 (0.0e+00)
242.328 .... 912 packets received, 7727 bps, 96.59%, Err 0 (0.0e+00)
244.430 .... 920 packets received, 7728 bps, 96.60%, Err 0 (0.0e+00)
246.550 .... 928 packets received, 7728 bps, 96.60%, Err 0 (0.0e+00)
248.668 .... 936 packets received, 7728 bps, 96.60%, Err 0 (0.0e+00)
250.788 .... 944 packets received, 7728 bps, 96.60%, Err 0 (0.0e+00)
252.906 .... 952 packets received, 7728 bps, 96.60%, Err 0 (0.0e+00)
255.025 .... 960 packets received, 7728 bps, 96.60%, Err 0 (0.0e+00)
257.143 .... 968 packets received, 7728 bps, 96.60%, Err 0 (0.0e+00)
259.277 .... 976 packets received, 7728 bps, 96.60%, Err 0 (0.0e+00)
261.397 .... 984 packets received, 7728 bps, 96.60%, Err 0 (0.0e+00)
263.516 .... 992 packets received, 7728 bps, 96.60%, Err 0 (0.0e+00)
265.635 .... 1000 packets received, 7728 bps, 96.60%, Err 0 (0.0e+00)
267.770 .... 1008 packets received, 7727 bps, 96.59%, Err 0 (0.0e+00)
269.859 .... 1016 packets received, 7728 bps, 96.60%, Err 0 (0.0e+00)
271.981 .... 1024 packets received, 7728 bps, 96.60%, Err 0 (0.0e+00)
274.108 .... 1032 packets received, 7728 bps, 96.60%, Err 0 (0.0e+00)
276.209 .... 1040 packets received, 7728 bps, 96.61%, Err 0 (0.0e+00)
278.341 .... 1048 packets received, 7728 bps, 96.60%, Err 0 (0.0e+00)
280.475 .... 1056 packets received, 7728 bps, 96.60%, Err 0 (0.0e+00)
282.594 .... 1064 packets received, 7728 bps, 96.60%, Err 0 (0.0e+00)
284.711 .... 1072 packets received, 7728 bps, 96.60%, Err 0 (0.0e+00)
286.813 .... 1080 packets received, 7728 bps, 96.60%, Err 0 (0.0e+00)
288.946 .... 1088 packets received, 7728 bps, 96.60%, Err 0 (0.0e+00)
291.079 .... 1096 packets received, 7728 bps, 96.60%, Err 0 (0.0e+00)
293.182 .... 1104 packets received, 7728 bps, 96.60%, Err 0 (0.0e+00)
295.301 .... 1112 packets received, 7728 bps, 96.60%, Err 0 (0.0e+00)
297.433 .... 1120 packets received, 7728 bps, 96.60%, Err 0 (0.0e+00)
299.534 .... 1128 packets received, 7728 bps, 96.60%, Err 0 (0.0e+00)
301.692 .... 1136 packets received, 7727 bps, 96.59%, Err 0 (0.0e+00)
303.799 .... 1144 packets received, 7728 bps, 96.60%, Err 0 (0.0e+00)
305.915 .... 1152 packets received, 7728 bps, 96.60%, Err 0 (0.0e+00)
308.033 .... 1160 packets received, 7728 bps, 96.60%, Err 0 (0.0e+00)
310.151 .... 1168 packets received, 7728 bps, 96.60%, Err 0 (0.0e+00)
312.273 .... 1176 packets received, 7728 bps, 96.60%, Err 0 (0.0e+00)
314.388 .... 1184 packets received, 7728 bps, 96.60%, Err 0 (0.0e+00)
316.514 .... 1192 packets received, 7728 bps, 96.60%, Err 0 (0.0e+00)
318.641 .... 1200 packets received, 7728 bps, 96.60%, Err 0 (0.0e+00)
320.768 .... 1208 packets received, 7728 bps, 96.59%, Err 0 (0.0e+00)
322.866 .... 1216 packets received, 7728 bps, 96.60%, Err 0 (0.0e+00)
324.980 .... 1224 packets received, 7728 bps, 96.60%, Err 0 (0.0e+00)
327.124 .... 1232 packets received, 7728 bps, 96.60%, Err 0 (0.0e+00)
329.236 .... 1240 packets received, 7728 bps, 96.60%, Err 0 (0.0e+00)
331.363 .... 1248 packets received, 7728 bps, 96.60%, Err 0 (0.0e+00)
333.459 .... 1256 packets received, 7728 bps, 96.60%, Err 0 (0.0e+00)
335.603 .... 1264 packets received, 7728 bps, 96.60%, Err 0 (0.0e+00)
337.715 .... 1272 packets received, 7728 bps, 96.60%, Err 0 (0.0e+00)
339.842 .... 1280 packets received, 7728 bps, 96.60%, Err 0 (0.0e+00)
341.939 .... 1288 packets received, 7728 bps, 96.60%, Err 0 (0.0e+00)
344.067 .... 1296 packets received, 7728 bps, 96.60%, Err 0 (0.0e+00)
346.195 .... 1304 packets received, 7728 bps, 96.60%, Err 0 (0.0e+00)
348.322 .... 1312 packets received, 7728 bps, 96.60%, Err 0 (0.0e+00)
350.451 .... 1320 packets received, 7728 bps, 96.59%, Err 0 (0.0e+00)
352.548 .... 1328 packets received, 7728 bps, 96.60%, Err 0 (0.0e+00)
354.675 .... 1336 packets received, 7728 bps, 96.60%, Err 0 (0.0e+00)
356.819 .... 1344 packets received, 7727 bps, 96.59%, Err 0 (0.0e+00)
358.931 .... 1352 packets received, 7728 bps, 96.59%, Err 0 (0.0e+00)
361.044 .... 1360 packets received, 7728 bps, 96.60%, Err 0 (0.0e+00)
363.171 .... 1368 packets received, 7728 bps, 96.59%, Err 0 (0.0e+00)
365.268 .... 1376 packets received, 7728 bps, 96.60%, Err 0 (0.0e+00)
367.412 .... 1384 packets received, 7728 bps, 96.59%, Err 0 (0.0e+00)
369.524 .... 1392 packets received, 7728 bps, 96.60%, Err 0 (0.0e+00)
371.665 .... 1400 packets received, 7727 bps, 96.59%, Err 0 (0.0e+00)
373.777 .... 1408 packets received, 7727 bps, 96.59%, Err 0 (0.0e+00)
375.891 .... 1416 packets received, 7728 bps, 96.59%, Err 0 (0.0e+00)
378.005 .... 1424 packets received, 7728 bps, 96.60%, Err 0 (0.0e+00)
380.117 .... 1432 packets received, 7728 bps, 96.60%, Err 0 (0.0e+00)
382.244 .... 1440 packets received, 7728 bps, 96.60%, Err 0 (0.0e+00)
384.384 .... 1448 packets received, 7727 bps, 96.59%, Err 0 (0.0e+00)
386.464 .... 1456 packets received, 7728 bps, 96.60%, Err 0 (0.0e+00)
388.606 .... 1464 packets received, 7728 bps, 96.60%, Err 0 (0.0e+00)
390.705 .... 1472 packets received, 7728 bps, 96.60%, Err 0 (0.0e+00)
392.847 .... 1480 packets received, 7728 bps, 96.60%, Err 0 (0.0e+00)
394.945 .... 1488 packets received, 7728 bps, 96.60%, Err 0 (0.0e+00)
397.088 .... 1496 packets received, 7728 bps, 96.60%, Err 0 (0.0e+00)
399.187 .... 1504 packets received, 7728 bps, 96.60%, Err 0 (0.0e+00)
401.332 .... 1512 packets received, 7728 bps, 96.59%, Err 0 (0.0e+00)
403.449 .... 1520 packets received, 7728 bps, 96.60%, Err 0 (0.0e+00)
405.550 .... 1528 packets received, 7728 bps, 96.60%, Err 0 (0.0e+00)
407.697 .... 1536 packets received, 7728 bps, 96.59%, Err 0 (0.0e+00)
409.800 .... 1544 packets received, 7728 bps, 96.60%, Err 0 (0.0e+00)
411.932 .... 1552 packets received, 7728 bps, 96.60%, Err 0 (0.0e+00)
414.049 .... 1560 packets received, 7728 bps, 96.60%, Err 0 (0.0e+00)
416.150 .... 1568 packets received, 7728 bps, 96.60%, Err 0 (0.0e+00)
418.268 .... 1576 packets received, 7728 bps, 96.60%, Err 0 (0.0e+00)
420.384 .... 1584 packets received, 7728 bps, 96.60%, Err 0 (0.0e+00)
422.529 .... 1592 packets received, 7728 bps, 96.60%, Err 0 (0.0e+00)
424.630 .... 1600 packets received, 7728 bps, 96.60%, Err 0 (0.0e+00)
426.763 .... 1608 packets received, 7728 bps, 96.60%, Err 0 (0.0e+00)
428.895 .... 1616 packets received, 7728 bps, 96.59%, Err 0 (0.0e+00)
430.996 .... 1624 packets received, 7728 bps, 96.60%, Err 0 (0.0e+00)
433.113 .... 1632 packets received, 7728 bps, 96.60%, Err 0 (0.0e+00)
435.245 .... 1640 packets received, 7728 bps, 96.60%, Err 0 (0.0e+00)
437.347 .... 1648 packets received, 7728 bps, 96.60%, Err 0 (0.0e+00)
439.480 .... 1656 packets received, 7728 bps, 96.60%, Err 0 (0.0e+00)
441.596 .... 1664 packets received, 7728 bps, 96.60%, Err 0 (0.0e+00)
443.728 .... 1672 packets received, 7728 bps, 96.60%, Err 0 (0.0e+00)
445.844 .... 1680 packets received, 7728 bps, 96.60%, Err 0 (0.0e+00)
447.944 .... 1688 packets received, 7728 bps, 96.60%, Err 0 (0.0e+00)
450.093 .... 1696 packets received, 7728 bps, 96.60%, Err 0 (0.0e+00)
452.195 .... 1704 packets received, 7728 bps, 96.60%, Err 0 (0.0e+00)
454.311 .... 1712 packets received, 7728 bps, 96.60%, Err 0 (0.0e+00)
456.444 .... 1720 packets received, 7728 bps, 96.60%, Err 0 (0.0e+00)
458.546 .... 1728 packets received, 7728 bps, 96.60%, Err 0 (0.0e+00)
460.678 .... 1736 packets received, 7728 bps, 96.60%, Err 0 (0.0e+00)
462.795 .... 1744 packets received, 7728 bps, 96.60%, Err 0 (0.0e+00)
464.927 .... 1752 packets received, 7728 bps, 96.60%, Err 0 (0.0e+00)
467.044 .... 1760 packets received, 7728 bps, 96.60%, Err 0 (0.0e+00)
469.163 .... 1768 packets received, 7728 bps, 96.60%, Err 0 (0.0e+00)
471.265 .... 1776 packets received, 7728 bps, 96.60%, Err 0 (0.0e+00)
473.397 .... 1784 packets received, 7728 bps, 96.60%, Err 0 (0.0e+00)
475.515 .... 1792 packets received, 7728 bps, 96.60%, Err 0 (0.0e+00)
477.645 .... 1800 packets received, 7728 bps, 96.60%, Err 0 (0.0e+00)
479.761 .... 1808 packets received, 7728 bps, 96.60%, Err 0 (0.0e+00)
481.879 .... 1816 packets received, 7728 bps, 96.60%, Err 0 (0.0e+00)
484.010 .... 1824 packets received, 7728 bps, 96.60%, Err 0 (0.0e+00)
486.127 .... 1832 packets received, 7728 bps, 96.60%, Err 0 (0.0e+00)
488.245 .... 1840 packets received, 7728 bps, 96.60%, Err 0 (0.0e+00)
490.348 .... 1848 packets received, 7728 bps, 96.60%, Err 0 (0.0e+00)
492.481 .... 1856 packets received, 7728 bps, 96.60%, Err 0 (0.0e+00)
494.598 .... 1864 packets received, 7728 bps, 96.60%, Err 0 (0.0e+00)
496.730 .... 1872 packets received, 7728 bps, 96.60%, Err 0 (0.0e+00)
498.833 .... 1880 packets received, 7728 bps, 96.60%, Err 0 (0.0e+00)
500.963 .... 1888 packets received, 7728 bps, 96.60%, Err 0 (0.0e+00)
503.091 .... 1896 packets received, 7728 bps, 96.60%, Err 0 (0.0e+00)
505.204 .... 1904 packets received, 7728 bps, 96.60%, Err 0 (0.0e+00)
507.317 .... 1912 packets received, 7728 bps, 96.60%, Err 0 (0.0e+00)
509.446 .... 1920 packets received, 7728 bps, 96.60%, Err 0 (0.0e+00)
511.558 .... 1928 packets received, 7728 bps, 96.60%, Err 0 (0.0e+00)
513.686 .... 1936 packets received, 7728 bps, 96.60%, Err 0 (0.0e+00)
515.814 .... 1944 packets received, 7728 bps, 96.60%, Err 0 (0.0e+00)
517.928 .... 1952 packets received, 7728 bps, 96.60%, Err 0 (0.0e+00)
520.041 .... 1960 packets received, 7728 bps, 96.60%, Err 0 (0.0e+00)
522.168 .... 1968 packets received, 7728 bps, 96.60%, Err 0 (0.0e+00)
524.268 .... 1976 packets received, 7728 bps, 96.60%, Err 0 (0.0e+00)
526.411 .... 1984 packets received, 7728 bps, 96.60%, Err 0 (0.0e+00)
528.510 .... 1992 packets received, 7728 bps, 96.60%, Err 0 (0.0e+00)
530.623 .... 2000 packets received, 7728 bps, 96.60%, Err 0 (0.0e+00)
532.751 .... 2008 packets received, 7728 bps, 96.60%, Err 0 (0.0e+00)
534.864 .... 2016 packets received, 7728 bps, 96.60%, Err 0 (0.0e+00)
536.991 .... 2024 packets received, 7728 bps, 96.60%, Err 0 (0.0e+00)
539.105 .... 2032 packets received, 7728 bps, 96.60%, Err 0 (0.0e+00)
541.235 .... 2040 packets received, 7728 bps, 96.60%, Err 0 (0.0e+00)
543.361 .... 2048 packets received, 7728 bps, 96.60%, Err 0 (0.0e+00)
545.489 .... 2056 packets received, 7728 bps, 96.60%, Err 0 (0.0e+00)
547.587 .... 2064 packets received, 7728 bps, 96.60%, Err 0 (0.0e+00)
549.713 .... 2072 packets received, 7728 bps, 96.60%, Err 0 (0.0e+00)
551.855 .... 2080 packets received, 7728 bps, 96.60%, Err 0 (0.0e+00)
553.984 .... 2088 packets received, 7728 bps, 96.60%, Err 0 (0.0e+00)
556.082 .... 2096 packets received, 7728 bps, 96.60%, Err 0 (0.0e+00)
558.212 .... 2104 packets received, 7728 bps, 96.60%, Err 0 (0.0e+00)
560.324 .... 2112 packets received, 7728 bps, 96.60%, Err 0 (0.0e+00)
562.451 .... 2120 packets received, 7728 bps, 96.60%, Err 0 (0.0e+00)
564.565 .... 2128 packets received, 7728 bps, 96.60%, Err 0 (0.0e+00)
566.707 .... 2136 packets received, 7728 bps, 96.59%, Err 0 (0.0e+00)
568.804 .... 2144 packets received, 7728 bps, 96.60%, Err 0 (0.0e+00)
570.917 .... 2152 packets received, 7728 bps, 96.60%, Err 0 (0.0e+00)
573.045 .... 2160 packets received, 7728 bps, 96.60%, Err 0 (0.0e+00)
575.159 .... 2168 packets received, 7728 bps, 96.60%, Err 0 (0.0e+00)
577.271 .... 2176 packets received, 7728 bps, 96.60%, Err 0 (0.0e+00)
579.413 .... 2184 packets received, 7728 bps, 96.60%, Err 0 (0.0e+00)
581.509 .... 2192 packets received, 7728 bps, 96.60%, Err 0 (0.0e+00)
583.654 .... 2200 packets received, 7728 bps, 96.60%, Err 0 (0.0e+00)
585.752 .... 2208 packets received, 7728 bps, 96.60%, Err 0 (0.0e+00)
587.895 .... 2216 packets received, 7728 bps, 96.60%, Err 0 (0.0e+00)
590.008 .... 2224 packets received, 7728 bps, 96.60%, Err 0 (0.0e+00)
592.136 .... 2232 packets received, 7728 bps, 96.60%, Err 0 (0.0e+00)
594.249 .... 2240 packets received, 7728 bps, 96.60%, Err 0 (0.0e+00)
596.361 .... 2248 packets received, 7728 bps, 96.60%, Err 0 (0.0e+00)
598.489 .... 2256 packets received, 7728 bps, 96.60%, Err 0 (0.0e+00)
600.605 .... 2264 packets received, 7728 bps, 96.60%, Err 0 (0.0e+00)
602.735 .... 2272 packets received, 7728 bps, 96.60%, Err 0 (0.0e+00)
604.852 .... 2280 packets received, 7728 bps, 96.60%, Err 0 (0.0e+00)
606.954 .... 2288 packets received, 7728 bps, 96.60%, Err 0 (0.0e+00)
609.086 .... 2296 packets received, 7728 bps, 96.60%, Err 0 (0.0e+00)
611.218 .... 2304 packets received, 7728 bps, 96.60%, Err 0 (0.0e+00)
613.319 .... 2312 packets received, 7728 bps, 96.60%, Err 0 (0.0e+00)
615.450 .... 2320 packets received, 7728 bps, 96.60%, Err 0 (0.0e+00)
617.566 .... 2328 packets received, 7728 bps, 96.60%, Err 0 (0.0e+00)
619.699 .... 2336 packets received, 7728 bps, 96.60%, Err 0 (0.0e+00)
621.818 .... 2344 packets received, 7728 bps, 96.60%, Err 0 (0.0e+00)
623.949 .... 2352 packets received, 7728 bps, 96.60%, Err 0 (0.0e+00)
626.051 .... 2360 packets received, 7728 bps, 96.60%, Err 0 (0.0e+00)
628.183 .... 2368 packets received, 7728 bps, 96.60%, Err 0 (0.0e+00)
630.300 .... 2376 packets received, 7728 bps, 96.60%, Err 0 (0.0e+00)
632.416 .... 2384 packets received, 7728 bps, 96.60%, Err 0 (0.0e+00)
634.533 .... 2392 packets received, 7728 bps, 96.60%, Err 0 (0.0e+00)
636.649 .... 2400 packets received, 7728 bps, 96.60%, Err 0 (0.0e+00)
638.750 .... 2408 packets received, 7728 bps, 96.60%, Err 0 (0.0e+00)
640.884 .... 2416 packets received, 7728 bps, 96.60%, Err 0 (0.0e+00)
643.014 .... 2424 packets received, 7728 bps, 96.60%, Err 0 (0.0e+00)
645.116 .... 2432 packets received, 7728 bps, 96.60%, Err 0 (0.0e+00)
647.248 .... 2440 packets received, 7728 bps, 96.60%, Err 0 (0.0e+00)
649.365 .... 2448 packets received, 7728 bps, 96.60%, Err 0 (0.0e+00)
651.495 .... 2456 packets received, 7728 bps, 96.60%, Err 0 (0.0e+00)
653.612 .... 2464 packets received, 7728 bps, 96.60%, Err 0 (0.0e+00)
655.713 .... 2472 packets received, 7728 bps, 96.60%, Err 0 (0.0e+00)
657.843 .... 2480 packets received, 7728 bps, 96.60%, Err 0 (0.0e+00)
659.974 .... 2488 packets received, 7728 bps, 96.60%, Err 0 (0.0e+00)
662.105 .... 2496 packets received, 7728 bps, 96.60%, Err 0 (0.0e+00)
664.209 .... 2504 packets received, 7728 bps, 96.60%, Err 0 (0.0e+00)
666.338 .... 2512 packets received, 7728 bps, 96.60%, Err 0 (0.0e+00)
668.460 .... 2520 packets received, 7728 bps, 96.60%, Err 0 (0.0e+00)
670.560 .... 2528 packets received, 7728 bps, 96.60%, Err 0 (0.0e+00)
672.692 .... 2536 packets received, 7728 bps, 96.60%, Err 0 (0.0e+00)
674.809 .... 2544 packets received, 7728 bps, 96.60%, Err 0 (0.0e+00)
676.910 .... 2552 packets received, 7728 bps, 96.60%, Err 0 (0.0e+00)
679.056 .... 2560 packets received, 7728 bps, 96.60%, Err 0 (0.0e+00)
681.170 .... 2568 packets received, 7728 bps, 96.60%, Err 0 (0.0e+00)
683.271 .... 2576 packets received, 7728 bps, 96.60%, Err 0 (0.0e+00)
685.404 .... 2584 packets received, 7728 bps, 96.60%, Err 0 (0.0e+00)
687.520 .... 2592 packets received, 7728 bps, 96.60%, Err 0 (0.0e+00)
689.651 .... 2600 packets received, 7728 bps, 96.60%, Err 0 (0.0e+00)
691.753 .... 2608 packets received, 7728 bps, 96.60%, Err 0 (0.0e+00)
693.870 .... 2616 packets received, 7728 bps, 96.60%, Err 0 (0.0e+00)
696.033 .... 2624 packets received, 7728 bps, 96.60%, Err 0 (0.0e+00)
698.136 .... 2632 packets received, 7728 bps, 96.60%, Err 0 (0.0e+00)
700.253 .... 2640 packets received, 7728 bps, 96.60%, Err 0 (0.0e+00)
702.353 .... 2648 packets received, 7728 bps, 96.60%, Err 0 (0.0e+00)
704.497 .... 2656 packets received, 7728 bps, 96.60%, Err 0 (0.0e+00)
706.595 .... 2664 packets received, 7728 bps, 96.60%, Err 0 (0.0e+00)
708.738 .... 2672 packets received, 7728 bps, 96.60%, Err 0 (0.0e+00)
710.850 .... 2680 packets received, 7728 bps, 96.60%, Err 0 (0.0e+00)
712.979 .... 2688 packets received, 7728 bps, 96.60%, Err 0 (0.0e+00)
715.083 .... 2696 packets received, 7728 bps, 96.60%, Err 0 (0.0e+00)
717.198 .... 2704 packets received, 7728 bps, 96.60%, Err 0 (0.0e+00)
719.311 .... 2712 packets received, 7728 bps, 96.60%, Err 0 (0.0e+00)
721.454 .... 2720 packets received, 7728 bps, 96.60%, Err 0 (0.0e+00)
723.580 .... 2728 packets received, 7728 bps, 96.60%, Err 0 (0.0e+00)
725.680 .... 2736 packets received, 7728 bps, 96.60%, Err 0 (0.0e+00)
727.823 .... 2744 packets received, 7728 bps, 96.60%, Err 0 (0.0e+00)
729.920 .... 2752 packets received, 7728 bps, 96.60%, Err 0 (0.0e+00)
732.079 .... 2760 packets received, 7728 bps, 96.60%, Err 0 (0.0e+00)
734.190 .... 2768 packets received, 7728 bps, 96.60%, Err 0 (0.0e+00)
736.287 .... 2776 packets received, 7728 bps, 96.60%, Err 0 (0.0e+00)
738.398 .... 2784 packets received, 7728 bps, 96.60%, Err 0 (0.0e+00)
740.526 .... 2792 packets received, 7728 bps, 96.60%, Err 0 (0.0e+00)
742.652 .... 2800 packets received, 7728 bps, 96.60%, Err 0 (0.0e+00)
744.780 .... 2808 packets received, 7728 bps, 96.60%, Err 0 (0.0e+00)
746.891 .... 2816 packets received, 7728 bps, 96.60%, Err 0 (0.0e+00)
749.018 .... 2824 packets received, 7728 bps, 96.60%, Err 0 (0.0e+00)
751.161 .... 2832 packets received, 7728 bps, 96.60%, Err 0 (0.0e+00)
753.259 .... 2840 packets received, 7728 bps, 96.60%, Err 0 (0.0e+00)
755.385 .... 2848 packets received, 7728 bps, 96.60%, Err 0 (0.0e+00)
757.497 .... 2856 packets received, 7728 bps, 96.60%, Err 0 (0.0e+00)
759.624 .... 2864 packets received, 7728 bps, 96.60%, Err 0 (0.0e+00)
761.718 .... 2872 packets received, 7728 bps, 96.60%, Err 0 (0.0e+00)
763.846 .... 2880 packets received, 7728 bps, 96.60%, Err 0 (0.0e+00)
765.972 .... 2888 packets received, 7728 bps, 96.60%, Err 0 (0.0e+00)
768.114 .... 2896 packets received, 7728 bps, 96.60%, Err 0 (0.0e+00)
770.211 .... 2904 packets received, 7728 bps, 96.60%, Err 0 (0.0e+00)
772.336 .... 2912 packets received, 7728 bps, 96.60%, Err 0 (0.0e+00)
774.464 .... 2920 packets received, 7728 bps, 96.60%, Err 0 (0.0e+00)
776.574 .... 2928 packets received, 7728 bps, 96.60%, Err 0 (0.0e+00)
778.687 .... 2936 packets received, 7728 bps, 96.60%, Err 0 (0.0e+00)
780.814 .... 2944 packets received, 7728 bps, 96.60%, Err 0 (0.0e+00)
782.941 .... 2952 packets received, 7728 bps, 96.60%, Err 0 (0.0e+00)
785.068 .... 2960 packets received, 7728 bps, 96.60%, Err 0 (0.0e+00)
787.180 .... 2968 packets received, 7728 bps, 96.60%, Err 0 (0.0e+00)
789.292 .... 2976 packets received, 7728 bps, 96.60%, Err 0 (0.0e+00)
791.404 .... 2984 packets received, 7728 bps, 96.60%, Err 0 (0.0e+00)
793.532 .... 2992 packets received, 7728 bps, 96.60%, Err 0 (0.0e+00)
795.659 .... 3000 packets received, 7728 bps, 96.60%, Err 0 (0.0e+00)
797.786 .... 3008 packets received, 7728 bps, 96.60%, Err 0 (0.0e+00)
799.898 .... 3016 packets received, 7728 bps, 96.60%, Err 0 (0.0e+00)
802.012 .... 3024 packets received, 7728 bps, 96.60%, Err 0 (0.0e+00)
804.157 .... 3032 packets received, 7728 bps, 96.60%, Err 0 (0.0e+00)
806.273 .... 3040 packets received, 7728 bps, 96.60%, Err 0 (0.0e+00)
808.402 .... 3048 packets received, 7728 bps, 96.60%, Err 0 (0.0e+00)
810.501 .... 3056 packets received, 7728 bps, 96.60%, Err 0 (0.0e+00)
812.632 .... 3064 packets received, 7728 bps, 96.60%, Err 0 (0.0e+00)
814.735 .... 3072 packets received, 7728 bps, 96.60%, Err 0 (0.0e+00)
816.852 .... 3080 packets received, 7728 bps, 96.60%, Err 0 (0.0e+00)
818.968 .... 3088 packets received, 7728 bps, 96.60%, Err 0 (0.0e+00)
821.101 .... 3096 packets received, 7728 bps, 96.60%, Err 0 (0.0e+00)
823.232 .... 3104 packets received, 7728 bps, 96.60%, Err 0 (0.0e+00)
825.349 .... 3112 packets received, 7728 bps, 96.60%, Err 0 (0.0e+00)
827.449 .... 3120 packets received, 7728 bps, 96.60%, Err 0 (0.0e+00)
829.581 .... 3128 packets received, 7728 bps, 96.60%, Err 0 (0.0e+00)
831.713 .... 3136 packets received, 7728 bps, 96.60%, Err 0 (0.0e+00)
833.814 .... 3144 packets received, 7728 bps, 96.60%, Err 0 (0.0e+00)
835.930 .... 3152 packets received, 7728 bps, 96.60%, Err 0 (0.0e+00)
838.048 .... 3160 packets received, 7728 bps, 96.60%, Err 0 (0.0e+00)
840.178 .... 3168 packets received, 7728 bps, 96.60%, Err 0 (0.0e+00)
842.309 .... 3176 packets received, 7728 bps, 96.60%, Err 0 (0.0e+00)
844.411 .... 3184 packets received, 7728 bps, 96.60%, Err 0 (0.0e+00)
846.543 .... 3192 packets received, 7728 bps, 96.60%, Err 0 (0.0e+00)
848.674 .... 3200 packets received, 7728 bps, 96.60%, Err 0 (0.0e+00)
850.776 .... 3208 packets received, 7728 bps, 96.60%, Err 0 (0.0e+00)
852.895 .... 3216 packets received, 7728 bps, 96.60%, Err 0 (0.0e+00)
855.026 .... 3224 packets received, 7728 bps, 96.60%, Err 0 (0.0e+00)
857.141 .... 3232 packets received, 7728 bps, 96.60%, Err 0 (0.0e+00)
859.257 .... 3240 packets received, 7728 bps, 96.60%, Err 0 (0.0e+00)
861.375 .... 3248 packets received, 7728 bps, 96.60%, Err 0 (0.0e+00)
863.508 .... 3256 packets received, 7728 bps, 96.60%, Err 0 (0.0e+00)
865.623 .... 3264 packets received, 7728 bps, 96.60%, Err 0 (0.0e+00)
867.741 .... 3272 packets received, 7728 bps, 96.60%, Err 0 (0.0e+00)
869.855 .... 3280 packets received, 7728 bps, 96.60%, Err 0 (0.0e+00)
871.989 .... 3288 packets received, 7728 bps, 96.60%, Err 0 (0.0e+00)
874.091 .... 3296 packets received, 7728 bps, 96.60%, Err 0 (0.0e+00)
876.234 .... 3304 packets received, 7728 bps, 96.60%, Err 0 (0.0e+00)
878.336 .... 3312 packets received, 7728 bps, 96.60%, Err 0 (0.0e+00)
880.456 .... 3320 packets received, 7728 bps, 96.60%, Err 0 (0.0e+00)
882.586 .... 3328 packets received, 7728 bps, 96.60%, Err 0 (0.0e+00)
884.687 .... 3336 packets received, 7728 bps, 96.60%, Err 0 (0.0e+00)
886.804 .... 3344 packets received, 7728 bps, 96.60%, Err 0 (0.0e+00)
888.951 .... 3352 packets received, 7728 bps, 96.60%, Err 0 (0.0e+00)
891.066 .... 3360 packets received, 7728 bps, 96.60%, Err 0 (0.0e+00)
893.183 .... 3368 packets received, 7728 bps, 96.60%, Err 0 (0.0e+00)
895.285 .... 3376 packets received, 7728 bps, 96.60%, Err 0 (0.0e+00)
897.434 .... 3384 packets received, 7728 bps, 96.60%, Err 0 (0.0e+00)
899.551 .... 3392 packets received, 7728 bps, 96.60%, Err 0 (0.0e+00)
901.651 .... 3400 packets received, 7728 bps, 96.60%, Err 0 (0.0e+00)
903.777 .... 3408 packets received, 7728 bps, 96.60%, Err 0 (0.0e+00)
905.906 .... 3416 packets received, 7728 bps, 96.60%, Err 0 (0.0e+00)
908.004 .... 3424 packets received, 7728 bps, 96.60%, Err 0 (0.0e+00)
910.131 .... 3432 packets received, 7728 bps, 96.60%, Err 0 (0.0e+00)
912.272 .... 3440 packets received, 7728 bps, 96.60%, Err 0 (0.0e+00)
914.385 .... 3448 packets received, 7728 bps, 96.60%, Err 0 (0.0e+00)
916.512 .... 3456 packets received, 7728 bps, 96.60%, Err 0 (0.0e+00)
918.623 .... 3464 packets received, 7728 bps, 96.60%, Err 0 (0.0e+00)
920.764 .... 3472 packets received, 7728 bps, 96.60%, Err 0 (0.0e+00)
922.847 .... 3480 packets received, 7728 bps, 96.60%, Err 0 (0.0e+00)
924.990 .... 3488 packets received, 7728 bps, 96.60%, Err 0 (0.0e+00)
927.088 .... 3496 packets received, 7728 bps, 96.60%, Err 0 (0.0e+00)
929.233 .... 3504 packets received, 7728 bps, 96.60%, Err 0 (0.0e+00)
931.330 .... 3512 packets received, 7728 bps, 96.60%, Err 0 (0.0e+00)
933.457 .... 3520 packets received, 7728 bps, 96.60%, Err 0 (0.0e+00)
935.569 .... 3528 packets received, 7728 bps, 96.60%, Err 0 (0.0e+00)
937.712 .... 3536 packets received, 7728 bps, 96.60%, Err 0 (0.0e+00)
939.809 .... 3544 packets received, 7728 bps, 96.60%, Err 0 (0.0e+00)
941.951 .... 3552 packets received, 7728 bps, 96.60%, Err 0 (0.0e+00)
944.049 .... 3560 packets received, 7728 bps, 96.60%, Err 0 (0.0e+00)
946.192 .... 3568 packets received, 7728 bps, 96.60%, Err 0 (0.0e+00)
948.303 .... 3576 packets received, 7728 bps, 96.60%, Err 0 (0.0e+00)
950.446 .... 3584 packets received, 7728 bps, 96.60%, Err 0 (0.0e+00)
952.542 .... 3592 packets received, 7728 bps, 96.60%, Err 0 (0.0e+00)
954.671 .... 3600 packets received, 7728 bps, 96.60%, Err 0 (0.0e+00)
956.769 .... 3608 packets received, 7728 bps, 96.60%, Err 0 (0.0e+00)
958.884 .... 3616 packets received, 7728 bps, 96.60%, Err 0 (0.0e+00)
961.012 .... 3624 packets received, 7728 bps, 96.60%, Err 0 (0.0e+00)
963.152 .... 3632 packets received, 7728 bps, 96.60%, Err 0 (0.0e+00)
965.278 .... 3640 packets received, 7728 bps, 96.60%, Err 0 (0.0e+00)
967.374 .... 3648 packets received, 7728 bps, 96.60%, Err 0 (0.0e+00)
969.501 .... 3656 packets received, 7728 bps, 96.60%, Err 0 (0.0e+00)
971.611 .... 3664 packets received, 7728 bps, 96.60%, Err 0 (0.0e+00)
973.739 .... 3672 packets received, 7728 bps, 96.60%, Err 0 (0.0e+00)
975.851 .... 3680 packets received, 7728 bps, 96.60%, Err 0 (0.0e+00)
977.979 .... 3688 packets received, 7728 bps, 96.60%, Err 0 (0.0e+00)
980.091 .... 3696 packets received, 7728 bps, 96.60%, Err 0 (0.0e+00)
982.204 .... 3704 packets received, 7728 bps, 96.60%, Err 0 (0.0e+00)
984.344 .... 3712 packets received, 7728 bps, 96.60%, Err 0 (0.0e+00)
986.472 .... 3720 packets received, 7728 bps, 96.60%, Err 0 (0.0e+00)
988.583 .... 3728 packets received, 7728 bps, 96.60%, Err 0 (0.0e+00)
990.711 .... 3736 packets received, 7728 bps, 96.60%, Err 0 (0.0e+00)
992.821 .... 3744 packets received, 7728 bps, 96.60%, Err 0 (0.0e+00)
994.933 .... 3752 packets received, 7728 bps, 96.60%, Err 0 (0.0e+00)
997.077 .... 3760 packets received, 7728 bps, 96.60%, Err 0 (0.0e+00)
999.174 .... 3768 packets received, 7728 bps, 96.60%, Err 0 (0.0e+00)
1001.302 .... 3776 packets received, 7728 bps, 96.60%, Err 0 (0.0e+00)
1003.431 .... 3784 packets received, 7728 bps, 96.60%, Err 0 (0.0e+00)
1005.547 .... 3792 packets received, 7728 bps, 96.60%, Err 0 (0.0e+00)
1007.678 .... 3800 packets received, 7728 bps, 96.60%, Err 0 (0.0e+00)
1009.779 .... 3808 packets received, 7728 bps, 96.60%, Err 0 (0.0e+00)
1011.895 .... 3816 packets received, 7728 bps, 96.60%, Err 0 (0.0e+00)
1014.011 .... 3824 packets received, 7728 bps, 96.60%, Err 0 (0.0e+00)
1016.159 .... 3832 packets received, 7728 bps, 96.60%, Err 0 (0.0e+00)
1018.258 .... 3840 packets received, 7728 bps, 96.60%, Err 0 (0.0e+00)
1020.390 .... 3848 packets received, 7728 bps, 96.60%, Err 0 (0.0e+00)
1022.507 .... 3856 packets received, 7728 bps, 96.60%, Err 0 (0.0e+00)
1024.639 .... 3864 packets received, 7728 bps, 96.60%, Err 0 (0.0e+00)
1026.754 .... 3872 packets received, 7728 bps, 96.60%, Err 0 (0.0e+00)
1028.871 .... 3880 packets received, 7728 bps, 96.60%, Err 0 (0.0e+00)
1030.987 .... 3888 packets received, 7728 bps, 96.60%, Err 0 (0.0e+00)
1033.120 .... 3896 packets received, 7728 bps, 96.60%, Err 0 (0.0e+00)
1035.222 .... 3904 packets received, 7728 bps, 96.60%, Err 0 (0.0e+00)
1037.337 .... 3912 packets received, 7728 bps, 96.60%, Err 0 (0.0e+00)
1039.469 .... 3920 packets received, 7728 bps, 96.60%, Err 0 (0.0e+00)
1041.583 .... 3928 packets received, 7728 bps, 96.60%, Err 0 (0.0e+00)
1043.715 .... 3936 packets received, 7728 bps, 96.60%, Err 0 (0.0e+00)
1045.832 .... 3944 packets received, 7728 bps, 96.60%, Err 0 (0.0e+00)
1047.947 .... 3952 packets received, 7728 bps, 96.60%, Err 0 (0.0e+00)
1050.079 .... 3960 packets received, 7728 bps, 96.60%, Err 0 (0.0e+00)
1052.197 .... 3968 packets received, 7728 bps, 96.60%, Err 0 (0.0e+00)
1054.299 .... 3976 packets received, 7728 bps, 96.60%, Err 0 (0.0e+00)
1056.436 .... 3984 packets received, 7728 bps, 96.60%, Err 0 (0.0e+00)
1058.552 .... 3992 packets received, 7728 bps, 96.60%, Err 0 (0.0e+00)
1060.667 .... 4000 packets received, 7728 bps, 96.60%, Err 0 (0.0e+00)
1062.798 .... 4008 packets received, 7728 bps, 96.60%, Err 0 (0.0e+00)
1064.914 .... 4016 packets received, 7728 bps, 96.60%, Err 0 (0.0e+00)
1067.032 .... 4024 packets received, 7728 bps, 96.60%, Err 0 (0.0e+00)
1069.134 .... 4032 packets received, 7728 bps, 96.60%, Err 0 (0.0e+00)
1071.265 .... 4040 packets received, 7728 bps, 96.60%, Err 0 (0.0e+00)
1073.382 .... 4048 packets received, 7728 bps, 96.60%, Err 0 (0.0e+00)
1075.513 .... 4056 packets received, 7728 bps, 96.60%, Err 0 (0.0e+00)
1077.629 .... 4064 packets received, 7728 bps, 96.60%, Err 0 (0.0e+00)
1079.745 .... 4072 packets received, 7728 bps, 96.60%, Err 0 (0.0e+00)
1081.876 .... 4080 packets received, 7728 bps, 96.60%, Err 0 (0.0e+00)
1083.974 .... 4088 packets received, 7728 bps, 96.60%, Err 0 (0.0e+00)
1086.106 .... 4096 packets received, 7728 bps, 96.60%, Err 0 (0.0e+00)
1088.223 .... 4104 packets received, 7728 bps, 96.60%, Err 0 (0.0e+00)
1090.354 .... 4112 packets received, 7728 bps, 96.60%, Err 0 (0.0e+00)
1092.456 .... 4120 packets received, 7728 bps, 96.60%, Err 0 (0.0e+00)
1094.588 .... 4128 packets received, 7728 bps, 96.60%, Err 0 (0.0e+00)
1096.733 .... 4136 packets received, 7728 bps, 96.60%, Err 0 (0.0e+00)
1098.834 .... 4144 packets received, 7728 bps, 96.60%, Err 0 (0.0e+00)
1100.934 .... 4152 packets received, 7728 bps, 96.60%, Err 0 (0.0e+00)
1103.079 .... 4160 packets received, 7728 bps, 96.60%, Err 0 (0.0e+00)
1105.191 .... 4168 packets received, 7728 bps, 96.60%, Err 0 (0.0e+00)
1107.320 .... 4176 packets received, 7728 bps, 96.60%, Err 0 (0.0e+00)
1109.433 .... 4184 packets received, 7728 bps, 96.60%, Err 0 (0.0e+00)
1111.545 .... 4192 packets received, 7728 bps, 96.60%, Err 0 (0.0e+00)
1113.658 .... 4200 packets received, 7728 bps, 96.60%, Err 0 (0.0e+00)
1115.771 .... 4208 packets received, 7728 bps, 96.60%, Err 0 (0.0e+00)
1117.914 .... 4216 packets received, 7728 bps, 96.60%, Err 0 (0.0e+00)
1120.025 .... 4224 packets received, 7728 bps, 96.60%, Err 0 (0.0e+00)
1122.152 .... 4232 packets received, 7728 bps, 96.60%, Err 0 (0.0e+00)
1124.262 .... 4240 packets received, 7728 bps, 96.60%, Err 0 (0.0e+00)
1126.387 .... 4248 packets received, 7728 bps, 96.60%, Err 0 (0.0e+00)
1128.514 .... 4256 packets received, 7728 bps, 96.60%, Err 0 (0.0e+00)
1130.627 .... 4264 packets received, 7728 bps, 96.60%, Err 0 (0.0e+00)
1132.756 .... 4272 packets received, 7728 bps, 96.60%, Err 0 (0.0e+00)
1134.868 .... 4280 packets received, 7728 bps, 96.60%, Err 0 (0.0e+00)
1136.994 .... 4288 packets received, 7728 bps, 96.60%, Err 0 (0.0e+00)
1139.121 .... 4296 packets received, 7728 bps, 96.60%, Err 0 (0.0e+00)
1141.235 .... 4304 packets received, 7728 bps, 96.60%, Err 0 (0.0e+00)
1143.345 .... 4312 packets received, 7728 bps, 96.60%, Err 0 (0.0e+00)
1145.458 .... 4320 packets received, 7728 bps, 96.60%, Err 0 (0.0e+00)
1147.586 .... 4328 packets received, 7728 bps, 96.60%, Err 0 (0.0e+00)
1149.728 .... 4336 packets received, 7728 bps, 96.60%, Err 0 (0.0e+00)
1151.826 .... 4344 packets received, 7728 bps, 96.60%, Err 0 (0.0e+00)
1153.954 .... 4352 packets received, 7728 bps, 96.60%, Err 0 (0.0e+00)
1156.094 .... 4360 packets received, 7728 bps, 96.60%, Err 0 (0.0e+00)
1158.192 .... 4368 packets received, 7728 bps, 96.60%, Err 0 (0.0e+00)
1160.320 .... 4376 packets received, 7728 bps, 96.60%, Err 0 (0.0e+00)
1162.432 .... 4384 packets received, 7728 bps, 96.60%, Err 0 (0.0e+00)
1164.559 .... 4392 packets received, 7728 bps, 96.60%, Err 0 (0.0e+00)
1166.686 .... 4400 packets received, 7728 bps, 96.60%, Err 0 (0.0e+00)
1168.797 .... 4408 packets received, 7728 bps, 96.60%, Err 0 (0.0e+00)
1170.908 .... 4416 packets received, 7728 bps, 96.60%, Err 0 (0.0e+00)
1173.032 .... 4424 packets received, 7728 bps, 96.60%, Err 0 (0.0e+00)
1175.173 .... 4432 packets received, 7728 bps, 96.60%, Err 0 (0.0e+00)
1177.284 .... 4440 packets received, 7728 bps, 96.60%, Err 0 (0.0e+00)
1179.397 .... 4448 packets received, 7728 bps, 96.60%, Err 0 (0.0e+00)
1181.510 .... 4456 packets received, 7728 bps, 96.60%, Err 0 (0.0e+00)
1183.652 .... 4464 packets received, 7728 bps, 96.60%, Err 0 (0.0e+00)
1185.765 .... 4472 packets received, 7728 bps, 96.60%, Err 0 (0.0e+00)
1187.908 .... 4480 packets received, 7728 bps, 96.60%, Err 0 (0.0e+00)
1189.988 .... 4488 packets received, 7728 bps, 96.60%, Err 0 (0.0e+00)
1192.135 .... 4496 packets received, 7728 bps, 96.60%, Err 0 (0.0e+00)
1194.234 .... 4504 packets received, 7728 bps, 96.60%, Err 0 (0.0e+00)
1196.346 .... 4512 packets received, 7728 bps, 96.60%, Err 0 (0.0e+00)
1198.489 .... 4520 packets received, 7728 bps, 96.60%, Err 0 (0.0e+00)
1200.020 Quit.
