000.000 =============================================================
000.000                     Station A                               
000.000 -------------------------------------------------------------
000.000 Protocol.lib, version 4.0, jiangyanjun0718@bupt.edu.cn
000.000 Channel: 8000 bps, 270 ms propagation delay, bit error rate 0
000.000 Log file "ufA.log", TCP port 30013, debug mask 0x00
000.000 Station A is waiting for station B on TCP port 30013 ... Done.
000.328 New epoch: Thu May 16 18:55:00 2019
000.328 =================================================================
000.328 
000.328 Designed by CJSoft, build: May 16 2019  17:18:52
002.763 .... 8 packets received, 7638 bps, 95.48%, Err 0 (0.0e+00)
004.895 .... 16 packets received, 7661 bps, 95.77%, Err 0 (0.0e+00)
007.058 .... 24 packets received, 7632 bps, 95.40%, Err 0 (0.0e+00)
009.219 .... 32 packets received, 7620 bps, 95.24%, Err 0 (0.0e+00)
011.353 .... 40 packets received, 7631 bps, 95.39%, Err 0 (0.0e+00)
013.457 .... 48 packets received, 7657 bps, 95.71%, Err 0 (0.0e+00)
015.591 .... 56 packets received, 7660 bps, 95.75%, Err 0 (0.0e+00)
017.726 .... 64 packets received, 7662 bps, 95.77%, Err 0 (0.0e+00)
019.839 .... 72 packets received, 7672 bps, 95.90%, Err 0 (0.0e+00)
021.956 .... 80 packets received, 7678 bps, 95.98%, Err 0 (0.0e+00)
024.089 .... 88 packets received, 7679 bps, 95.98%, Err 0 (0.0e+00)
026.203 .... 96 packets received, 7685 bps, 96.06%, Err 0 (0.0e+00)
028.321 .... 104 packets received, 7688 bps, 96.11%, Err 0 (0.0e+00)
030.423 .... 112 packets received, 7696 bps, 96.20%, Err 0 (0.0e+00)
032.569 .... 120 packets received, 7692 bps, 96.15%, Err 0 (0.0e+00)
034.685 .... 128 packets received, 7695 bps, 96.19%, Err 0 (0.0e+00)
036.802 .... 136 packets received, 7698 bps, 96.22%, Err 0 (0.0e+00)
038.921 .... 144 packets received, 7699 bps, 96.24%, Err 0 (0.0e+00)
041.024 .... 152 packets received, 7704 bps, 96.30%, Err 0 (0.0e+00)
043.156 .... 160 packets received, 7703 bps, 96.29%, Err 0 (0.0e+00)
045.304 .... 168 packets received, 7700 bps, 96.24%, Err 0 (0.0e+00)
047.404 .... 176 packets received, 7704 bps, 96.30%, Err 0 (0.0e+00)
049.522 .... 184 packets received, 7706 bps, 96.32%, Err 0 (0.0e+00)
051.641 .... 192 packets received, 7707 bps, 96.33%, Err 0 (0.0e+00)
053.758 .... 200 packets received, 7708 bps, 96.35%, Err 0 (0.0e+00)
055.891 .... 208 packets received, 7707 bps, 96.34%, Err 0 (0.0e+00)
057.993 .... 216 packets received, 7710 bps, 96.38%, Err 0 (0.0e+00)
060.123 .... 224 packets received, 7709 bps, 96.37%, Err 0 (0.0e+00)
062.225 .... 232 packets received, 7712 bps, 96.40%, Err 0 (0.0e+00)
064.357 .... 240 packets received, 7711 bps, 96.39%, Err 0 (0.0e+00)
066.489 .... 248 packets received, 7711 bps, 96.38%, Err 0 (0.0e+00)
068.606 .... 256 packets received, 7711 bps, 96.39%, Err 0 (0.0e+00)
070.722 .... 264 packets received, 7712 bps, 96.41%, Err 0 (0.0e+00)
072.839 .... 272 packets received, 7713 bps, 96.42%, Err 0 (0.0e+00)
074.971 .... 280 packets received, 7712 bps, 96.40%, Err 0 (0.0e+00)
077.072 .... 288 packets received, 7715 bps, 96.43%, Err 0 (0.0e+00)
079.188 .... 296 packets received, 7716 bps, 96.44%, Err 0 (0.0e+00)
081.334 .... 304 packets received, 7713 bps, 96.42%, Err 0 (0.0e+00)
083.452 .... 312 packets received, 7714 bps, 96.42%, Err 0 (0.0e+00)
085.572 .... 320 packets received, 7714 bps, 96.43%, Err 0 (0.0e+00)
087.674 .... 328 packets received, 7716 bps, 96.45%, Err 0 (0.0e+00)
089.807 .... 336 packets received, 7715 bps, 96.44%, Err 0 (0.0e+00)
091.910 .... 344 packets received, 7717 bps, 96.46%, Err 0 (0.0e+00)
094.027 .... 352 packets received, 7718 bps, 96.47%, Err 0 (0.0e+00)
096.161 .... 360 packets received, 7717 bps, 96.46%, Err 0 (0.0e+00)
098.263 .... 368 packets received, 7718 bps, 96.48%, Err 0 (0.0e+00)
100.407 .... 376 packets received, 7717 bps, 96.46%, Err 0 (0.0e+00)
102.519 .... 384 packets received, 7718 bps, 96.47%, Err 0 (0.0e+00)
104.646 .... 392 packets received, 7717 bps, 96.47%, Err 0 (0.0e+00)
106.759 .... 400 packets received, 7718 bps, 96.48%, Err 0 (0.0e+00)
108.886 .... 408 packets received, 7718 bps, 96.47%, Err 0 (0.0e+00)
110.982 .... 416 packets received, 7720 bps, 96.50%, Err 0 (0.0e+00)
113.126 .... 424 packets received, 7718 bps, 96.48%, Err 0 (0.0e+00)
115.224 .... 432 packets received, 7720 bps, 96.50%, Err 0 (0.0e+00)
117.381 .... 440 packets received, 7718 bps, 96.47%, Err 0 (0.0e+00)
119.495 .... 448 packets received, 7718 bps, 96.48%, Err 0 (0.0e+00)
121.607 .... 456 packets received, 7719 bps, 96.48%, Err 0 (0.0e+00)
123.721 .... 464 packets received, 7719 bps, 96.49%, Err 0 (0.0e+00)
125.834 .... 472 packets received, 7720 bps, 96.50%, Err 0 (0.0e+00)
127.947 .... 480 packets received, 7720 bps, 96.51%, Err 0 (0.0e+00)
130.076 .... 488 packets received, 7720 bps, 96.50%, Err 0 (0.0e+00)
132.190 .... 496 packets received, 7721 bps, 96.51%, Err 0 (0.0e+00)
134.332 .... 504 packets received, 7719 bps, 96.49%, Err 0 (0.0e+00)
136.443 .... 512 packets received, 7720 bps, 96.50%, Err 0 (0.0e+00)
138.585 .... 520 packets received, 7719 bps, 96.49%, Err 0 (0.0e+00)
140.667 .... 528 packets received, 7721 bps, 96.51%, Err 0 (0.0e+00)
142.795 .... 536 packets received, 7721 bps, 96.51%, Err 0 (0.0e+00)
144.924 .... 544 packets received, 7720 bps, 96.51%, Err 0 (0.0e+00)
147.039 .... 552 packets received, 7721 bps, 96.51%, Err 0 (0.0e+00)
149.168 .... 560 packets received, 7720 bps, 96.51%, Err 0 (0.0e+00)
151.265 .... 568 packets received, 7722 bps, 96.52%, Err 0 (0.0e+00)
153.409 .... 576 packets received, 7721 bps, 96.51%, Err 0 (0.0e+00)
155.537 .... 584 packets received, 7720 bps, 96.50%, Err 0 (0.0e+00)
157.637 .... 592 packets received, 7721 bps, 96.52%, Err 0 (0.0e+00)
159.766 .... 600 packets received, 7721 bps, 96.51%, Err 0 (0.0e+00)
161.865 .... 608 packets received, 7722 bps, 96.53%, Err 0 (0.0e+00)
163.993 .... 616 packets received, 7722 bps, 96.52%, Err 0 (0.0e+00)
166.122 .... 624 packets received, 7722 bps, 96.52%, Err 0 (0.0e+00)
168.237 .... 632 packets received, 7722 bps, 96.52%, Err 0 (0.0e+00)
170.364 .... 640 packets received, 7722 bps, 96.52%, Err 0 (0.0e+00)
172.492 .... 648 packets received, 7721 bps, 96.52%, Err 0 (0.0e+00)
174.606 .... 656 packets received, 7722 bps, 96.52%, Err 0 (0.0e+00)
176.722 .... 664 packets received, 7722 bps, 96.52%, Err 0 (0.0e+00)
178.851 .... 672 packets received, 7722 bps, 96.52%, Err 0 (0.0e+00)
180.963 .... 680 packets received, 7722 bps, 96.53%, Err 0 (0.0e+00)
183.091 .... 688 packets received, 7722 bps, 96.52%, Err 0 (0.0e+00)
185.205 .... 696 packets received, 7722 bps, 96.53%, Err 0 (0.0e+00)
187.319 .... 704 packets received, 7722 bps, 96.53%, Err 0 (0.0e+00)
189.452 .... 712 packets received, 7722 bps, 96.52%, Err 0 (0.0e+00)
191.567 .... 720 packets received, 7722 bps, 96.53%, Err 0 (0.0e+00)
193.686 .... 728 packets received, 7722 bps, 96.53%, Err 0 (0.0e+00)
195.784 .... 736 packets received, 7723 bps, 96.54%, Err 0 (0.0e+00)
197.929 .... 744 packets received, 7722 bps, 96.53%, Err 0 (0.0e+00)
200.029 .... 752 packets received, 7723 bps, 96.54%, Err 0 (0.0e+00)
202.148 .... 760 packets received, 7723 bps, 96.54%, Err 0 (0.0e+00)
204.283 .... 768 packets received, 7723 bps, 96.53%, Err 0 (0.0e+00)
206.401 .... 776 packets received, 7723 bps, 96.54%, Err 0 (0.0e+00)
208.519 .... 784 packets received, 7723 bps, 96.54%, Err 0 (0.0e+00)
210.653 .... 792 packets received, 7723 bps, 96.53%, Err 0 (0.0e+00)
212.743 .... 800 packets received, 7724 bps, 96.55%, Err 0 (0.0e+00)
214.863 .... 808 packets received, 7724 bps, 96.55%, Err 0 (0.0e+00)
217.013 .... 816 packets received, 7723 bps, 96.53%, Err 0 (0.0e+00)
219.116 .... 824 packets received, 7723 bps, 96.54%, Err 0 (0.0e+00)
221.250 .... 832 packets received, 7723 bps, 96.54%, Err 0 (0.0e+00)
223.353 .... 840 packets received, 7724 bps, 96.55%, Err 0 (0.0e+00)
225.471 .... 848 packets received, 7724 bps, 96.55%, Err 0 (0.0e+00)
227.619 .... 856 packets received, 7723 bps, 96.54%, Err 0 (0.0e+00)
229.708 .... 864 packets received, 7724 bps, 96.55%, Err 0 (0.0e+00)
231.841 .... 872 packets received, 7724 bps, 96.54%, Err 0 (0.0e+00)
233.958 .... 880 packets received, 7724 bps, 96.55%, Err 0 (0.0e+00)
236.077 .... 888 packets received, 7724 bps, 96.55%, Err 0 (0.0e+00)
238.195 .... 896 packets received, 7724 bps, 96.55%, Err 0 (0.0e+00)
240.328 .... 904 packets received, 7723 bps, 96.54%, Err 0 (0.0e+00)
242.445 .... 912 packets received, 7724 bps, 96.55%, Err 0 (0.0e+00)
244.550 .... 920 packets received, 7724 bps, 96.55%, Err 0 (0.0e+00)
246.667 .... 928 packets received, 7724 bps, 96.55%, Err 0 (0.0e+00)
248.787 .... 936 packets received, 7724 bps, 96.55%, Err 0 (0.0e+00)
250.922 .... 944 packets received, 7724 bps, 96.55%, Err 0 (0.0e+00)
253.025 .... 952 packets received, 7724 bps, 96.56%, Err 0 (0.0e+00)
255.143 .... 960 packets received, 7725 bps, 96.56%, Err 0 (0.0e+00)
257.292 .... 968 packets received, 7724 bps, 96.55%, Err 0 (0.0e+00)
259.397 .... 976 packets received, 7724 bps, 96.55%, Err 0 (0.0e+00)
261.531 .... 984 packets received, 7724 bps, 96.55%, Err 0 (0.0e+00)
263.651 .... 992 packets received, 7724 bps, 96.55%, Err 0 (0.0e+00)
265.770 .... 1000 packets received, 7724 bps, 96.55%, Err 0 (0.0e+00)
267.874 .... 1008 packets received, 7724 bps, 96.55%, Err 0 (0.0e+00)
270.009 .... 1016 packets received, 7724 bps, 96.55%, Err 0 (0.0e+00)
272.123 .... 1024 packets received, 7724 bps, 96.55%, Err 0 (0.0e+00)
274.239 .... 1032 packets received, 7724 bps, 96.55%, Err 0 (0.0e+00)
276.372 .... 1040 packets received, 7724 bps, 96.55%, Err 0 (0.0e+00)
278.475 .... 1048 packets received, 7724 bps, 96.56%, Err 0 (0.0e+00)
280.594 .... 1056 packets received, 7725 bps, 96.56%, Err 0 (0.0e+00)
282.711 .... 1064 packets received, 7725 bps, 96.56%, Err 0 (0.0e+00)
284.843 .... 1072 packets received, 7724 bps, 96.55%, Err 0 (0.0e+00)
286.945 .... 1080 packets received, 7725 bps, 96.56%, Err 0 (0.0e+00)
289.064 .... 1088 packets received, 7725 bps, 96.56%, Err 0 (0.0e+00)
291.198 .... 1096 packets received, 7725 bps, 96.56%, Err 0 (0.0e+00)
293.316 .... 1104 packets received, 7725 bps, 96.56%, Err 0 (0.0e+00)
295.433 .... 1112 packets received, 7725 bps, 96.56%, Err 0 (0.0e+00)
297.549 .... 1120 packets received, 7725 bps, 96.56%, Err 0 (0.0e+00)
299.692 .... 1128 packets received, 7724 bps, 96.55%, Err 0 (0.0e+00)
301.813 .... 1136 packets received, 7724 bps, 96.55%, Err 0 (0.0e+00)
303.945 .... 1144 packets received, 7724 bps, 96.55%, Err 0 (0.0e+00)
306.048 .... 1152 packets received, 7725 bps, 96.56%, Err 0 (0.0e+00)
308.166 .... 1160 packets received, 7725 bps, 96.56%, Err 0 (0.0e+00)
310.273 .... 1168 packets received, 7725 bps, 96.56%, Err 0 (0.0e+00)
312.403 .... 1176 packets received, 7725 bps, 96.56%, Err 0 (0.0e+00)
314.514 .... 1184 packets received, 7725 bps, 96.56%, Err 0 (0.0e+00)
316.626 .... 1192 packets received, 7725 bps, 96.56%, Err 0 (0.0e+00)
318.768 .... 1200 packets received, 7725 bps, 96.56%, Err 0 (0.0e+00)
320.881 .... 1208 packets received, 7725 bps, 96.56%, Err 0 (0.0e+00)
323.010 .... 1216 packets received, 7725 bps, 96.56%, Err 0 (0.0e+00)
325.124 .... 1224 packets received, 7725 bps, 96.56%, Err 0 (0.0e+00)
327.236 .... 1232 packets received, 7725 bps, 96.56%, Err 0 (0.0e+00)
329.363 .... 1240 packets received, 7725 bps, 96.56%, Err 0 (0.0e+00)
331.475 .... 1248 packets received, 7725 bps, 96.56%, Err 0 (0.0e+00)
333.603 .... 1256 packets received, 7725 bps, 96.56%, Err 0 (0.0e+00)
335.746 .... 1264 packets received, 7724 bps, 96.56%, Err 0 (0.0e+00)
337.842 .... 1272 packets received, 7725 bps, 96.56%, Err 0 (0.0e+00)
339.955 .... 1280 packets received, 7725 bps, 96.56%, Err 0 (0.0e+00)
342.083 .... 1288 packets received, 7725 bps, 96.56%, Err 0 (0.0e+00)
344.210 .... 1296 packets received, 7725 bps, 96.56%, Err 0 (0.0e+00)
346.322 .... 1304 packets received, 7725 bps, 96.56%, Err 0 (0.0e+00)
348.435 .... 1312 packets received, 7725 bps, 96.57%, Err 0 (0.0e+00)
350.563 .... 1320 packets received, 7725 bps, 96.56%, Err 0 (0.0e+00)
352.675 .... 1328 packets received, 7725 bps, 96.57%, Err 0 (0.0e+00)
354.818 .... 1336 packets received, 7725 bps, 96.56%, Err 0 (0.0e+00)
356.931 .... 1344 packets received, 7725 bps, 96.56%, Err 0 (0.0e+00)
359.028 .... 1352 packets received, 7725 bps, 96.57%, Err 0 (0.0e+00)
361.171 .... 1360 packets received, 7725 bps, 96.56%, Err 0 (0.0e+00)
363.268 .... 1368 packets received, 7726 bps, 96.57%, Err 0 (0.0e+00)
365.412 .... 1376 packets received, 7725 bps, 96.56%, Err 0 (0.0e+00)
367.508 .... 1384 packets received, 7726 bps, 96.57%, Err 0 (0.0e+00)
369.650 .... 1392 packets received, 7725 bps, 96.56%, Err 0 (0.0e+00)
371.777 .... 1400 packets received, 7725 bps, 96.56%, Err 0 (0.0e+00)
373.891 .... 1408 packets received, 7725 bps, 96.56%, Err 0 (0.0e+00)
376.005 .... 1416 packets received, 7725 bps, 96.57%, Err 0 (0.0e+00)
378.117 .... 1424 packets received, 7725 bps, 96.57%, Err 0 (0.0e+00)
380.244 .... 1432 packets received, 7725 bps, 96.57%, Err 0 (0.0e+00)
382.369 .... 1440 packets received, 7725 bps, 96.57%, Err 0 (0.0e+00)
384.479 .... 1448 packets received, 7725 bps, 96.57%, Err 0 (0.0e+00)
386.591 .... 1456 packets received, 7726 bps, 96.57%, Err 0 (0.0e+00)
388.704 .... 1464 packets received, 7726 bps, 96.57%, Err 0 (0.0e+00)
390.863 .... 1472 packets received, 7725 bps, 96.56%, Err 0 (0.0e+00)
392.959 .... 1480 packets received, 7726 bps, 96.57%, Err 0 (0.0e+00)
395.072 .... 1488 packets received, 7726 bps, 96.57%, Err 0 (0.0e+00)
397.202 .... 1496 packets received, 7725 bps, 96.57%, Err 0 (0.0e+00)
399.316 .... 1504 packets received, 7726 bps, 96.57%, Err 0 (0.0e+00)
401.449 .... 1512 packets received, 7725 bps, 96.57%, Err 0 (0.0e+00)
403.565 .... 1520 packets received, 7725 bps, 96.57%, Err 0 (0.0e+00)
405.682 .... 1528 packets received, 7726 bps, 96.57%, Err 0 (0.0e+00)
407.800 .... 1536 packets received, 7726 bps, 96.57%, Err 0 (0.0e+00)
409.916 .... 1544 packets received, 7726 bps, 96.57%, Err 0 (0.0e+00)
412.049 .... 1552 packets received, 7725 bps, 96.57%, Err 0 (0.0e+00)
414.151 .... 1560 packets received, 7726 bps, 96.57%, Err 0 (0.0e+00)
416.283 .... 1568 packets received, 7726 bps, 96.57%, Err 0 (0.0e+00)
418.384 .... 1576 packets received, 7726 bps, 96.57%, Err 0 (0.0e+00)
420.529 .... 1584 packets received, 7726 bps, 96.57%, Err 0 (0.0e+00)
422.645 .... 1592 packets received, 7726 bps, 96.57%, Err 0 (0.0e+00)
424.747 .... 1600 packets received, 7726 bps, 96.57%, Err 0 (0.0e+00)
426.879 .... 1608 packets received, 7726 bps, 96.57%, Err 0 (0.0e+00)
429.011 .... 1616 packets received, 7726 bps, 96.57%, Err 0 (0.0e+00)
431.128 .... 1624 packets received, 7726 bps, 96.57%, Err 0 (0.0e+00)
433.245 .... 1632 packets received, 7726 bps, 96.57%, Err 0 (0.0e+00)
435.363 .... 1640 packets received, 7726 bps, 96.57%, Err 0 (0.0e+00)
437.464 .... 1648 packets received, 7726 bps, 96.58%, Err 0 (0.0e+00)
439.596 .... 1656 packets received, 7726 bps, 96.57%, Err 0 (0.0e+00)
441.712 .... 1664 packets received, 7726 bps, 96.57%, Err 0 (0.0e+00)
443.844 .... 1672 packets received, 7726 bps, 96.57%, Err 0 (0.0e+00)
445.944 .... 1680 packets received, 7726 bps, 96.58%, Err 0 (0.0e+00)
448.078 .... 1688 packets received, 7726 bps, 96.57%, Err 0 (0.0e+00)
450.195 .... 1696 packets received, 7726 bps, 96.57%, Err 0 (0.0e+00)
452.327 .... 1704 packets received, 7726 bps, 96.57%, Err 0 (0.0e+00)
454.444 .... 1712 packets received, 7726 bps, 96.57%, Err 0 (0.0e+00)
456.561 .... 1720 packets received, 7726 bps, 96.57%, Err 0 (0.0e+00)
458.678 .... 1728 packets received, 7726 bps, 96.57%, Err 0 (0.0e+00)
460.795 .... 1736 packets received, 7726 bps, 96.58%, Err 0 (0.0e+00)
462.912 .... 1744 packets received, 7726 bps, 96.58%, Err 0 (0.0e+00)
465.029 .... 1752 packets received, 7726 bps, 96.58%, Err 0 (0.0e+00)
467.148 .... 1760 packets received, 7726 bps, 96.58%, Err 0 (0.0e+00)
469.281 .... 1768 packets received, 7726 bps, 96.57%, Err 0 (0.0e+00)
471.413 .... 1776 packets received, 7726 bps, 96.57%, Err 0 (0.0e+00)
473.530 .... 1784 packets received, 7726 bps, 96.57%, Err 0 (0.0e+00)
475.630 .... 1792 packets received, 7726 bps, 96.58%, Err 0 (0.0e+00)
477.761 .... 1800 packets received, 7726 bps, 96.57%, Err 0 (0.0e+00)
479.879 .... 1808 packets received, 7726 bps, 96.58%, Err 0 (0.0e+00)
482.010 .... 1816 packets received, 7726 bps, 96.57%, Err 0 (0.0e+00)
484.127 .... 1824 packets received, 7726 bps, 96.57%, Err 0 (0.0e+00)
486.245 .... 1832 packets received, 7726 bps, 96.57%, Err 0 (0.0e+00)
488.363 .... 1840 packets received, 7726 bps, 96.58%, Err 0 (0.0e+00)
490.466 .... 1848 packets received, 7726 bps, 96.58%, Err 0 (0.0e+00)
492.598 .... 1856 packets received, 7726 bps, 96.58%, Err 0 (0.0e+00)
494.715 .... 1864 packets received, 7726 bps, 96.58%, Err 0 (0.0e+00)
496.848 .... 1872 packets received, 7726 bps, 96.57%, Err 0 (0.0e+00)
498.963 .... 1880 packets received, 7726 bps, 96.58%, Err 0 (0.0e+00)
501.091 .... 1888 packets received, 7726 bps, 96.57%, Err 0 (0.0e+00)
503.204 .... 1896 packets received, 7726 bps, 96.58%, Err 0 (0.0e+00)
505.317 .... 1904 packets received, 7726 bps, 96.58%, Err 0 (0.0e+00)
507.445 .... 1912 packets received, 7726 bps, 96.58%, Err 0 (0.0e+00)
509.558 .... 1920 packets received, 7726 bps, 96.58%, Err 0 (0.0e+00)
511.686 .... 1928 packets received, 7726 bps, 96.58%, Err 0 (0.0e+00)
513.798 .... 1936 packets received, 7726 bps, 96.58%, Err 0 (0.0e+00)
515.928 .... 1944 packets received, 7726 bps, 96.58%, Err 0 (0.0e+00)
518.041 .... 1952 packets received, 7726 bps, 96.58%, Err 0 (0.0e+00)
520.169 .... 1960 packets received, 7726 bps, 96.58%, Err 0 (0.0e+00)
522.283 .... 1968 packets received, 7726 bps, 96.58%, Err 0 (0.0e+00)
524.412 .... 1976 packets received, 7726 bps, 96.58%, Err 0 (0.0e+00)
526.525 .... 1984 packets received, 7726 bps, 96.58%, Err 0 (0.0e+00)
528.623 .... 1992 packets received, 7726 bps, 96.58%, Err 0 (0.0e+00)
530.767 .... 2000 packets received, 7726 bps, 96.58%, Err 0 (0.0e+00)
532.880 .... 2008 packets received, 7726 bps, 96.58%, Err 0 (0.0e+00)
534.991 .... 2016 packets received, 7726 bps, 96.58%, Err 0 (0.0e+00)
537.121 .... 2024 packets received, 7726 bps, 96.58%, Err 0 (0.0e+00)
539.251 .... 2032 packets received, 7726 bps, 96.58%, Err 0 (0.0e+00)
541.346 .... 2040 packets received, 7726 bps, 96.58%, Err 0 (0.0e+00)
543.489 .... 2048 packets received, 7726 bps, 96.58%, Err 0 (0.0e+00)
545.586 .... 2056 packets received, 7726 bps, 96.58%, Err 0 (0.0e+00)
547.729 .... 2064 packets received, 7726 bps, 96.58%, Err 0 (0.0e+00)
549.855 .... 2072 packets received, 7726 bps, 96.58%, Err 0 (0.0e+00)
551.984 .... 2080 packets received, 7726 bps, 96.57%, Err 0 (0.0e+00)
554.097 .... 2088 packets received, 7726 bps, 96.58%, Err 0 (0.0e+00)
556.211 .... 2096 packets received, 7726 bps, 96.58%, Err 0 (0.0e+00)
558.309 .... 2104 packets received, 7726 bps, 96.58%, Err 0 (0.0e+00)
560.436 .... 2112 packets received, 7726 bps, 96.58%, Err 0 (0.0e+00)
562.565 .... 2120 packets received, 7726 bps, 96.58%, Err 0 (0.0e+00)
564.692 .... 2128 packets received, 7726 bps, 96.58%, Err 0 (0.0e+00)
566.789 .... 2136 packets received, 7727 bps, 96.58%, Err 0 (0.0e+00)
568.917 .... 2144 packets received, 7726 bps, 96.58%, Err 0 (0.0e+00)
571.045 .... 2152 packets received, 7726 bps, 96.58%, Err 0 (0.0e+00)
573.159 .... 2160 packets received, 7726 bps, 96.58%, Err 0 (0.0e+00)
575.270 .... 2168 packets received, 7727 bps, 96.58%, Err 0 (0.0e+00)
577.413 .... 2176 packets received, 7726 bps, 96.58%, Err 0 (0.0e+00)
579.525 .... 2184 packets received, 7726 bps, 96.58%, Err 0 (0.0e+00)
581.623 .... 2192 packets received, 7727 bps, 96.58%, Err 0 (0.0e+00)
583.752 .... 2200 packets received, 7727 bps, 96.58%, Err 0 (0.0e+00)
585.880 .... 2208 packets received, 7726 bps, 96.58%, Err 0 (0.0e+00)
588.008 .... 2216 packets received, 7726 bps, 96.58%, Err 0 (0.0e+00)
590.121 .... 2224 packets received, 7726 bps, 96.58%, Err 0 (0.0e+00)
592.249 .... 2232 packets received, 7726 bps, 96.58%, Err 0 (0.0e+00)
594.346 .... 2240 packets received, 7727 bps, 96.58%, Err 0 (0.0e+00)
596.474 .... 2248 packets received, 7727 bps, 96.58%, Err 0 (0.0e+00)
598.605 .... 2256 packets received, 7726 bps, 96.58%, Err 0 (0.0e+00)
600.720 .... 2264 packets received, 7726 bps, 96.58%, Err 0 (0.0e+00)
602.852 .... 2272 packets received, 7726 bps, 96.58%, Err 0 (0.0e+00)
604.954 .... 2280 packets received, 7727 bps, 96.58%, Err 0 (0.0e+00)
607.086 .... 2288 packets received, 7726 bps, 96.58%, Err 0 (0.0e+00)
609.187 .... 2296 packets received, 7727 bps, 96.58%, Err 0 (0.0e+00)
611.303 .... 2304 packets received, 7727 bps, 96.58%, Err 0 (0.0e+00)
613.450 .... 2312 packets received, 7726 bps, 96.58%, Err 0 (0.0e+00)
615.551 .... 2320 packets received, 7727 bps, 96.58%, Err 0 (0.0e+00)
617.683 .... 2328 packets received, 7726 bps, 96.58%, Err 0 (0.0e+00)
619.803 .... 2336 packets received, 7726 bps, 96.58%, Err 0 (0.0e+00)
621.934 .... 2344 packets received, 7726 bps, 96.58%, Err 0 (0.0e+00)
624.051 .... 2352 packets received, 7726 bps, 96.58%, Err 0 (0.0e+00)
626.168 .... 2360 packets received, 7726 bps, 96.58%, Err 0 (0.0e+00)
628.284 .... 2368 packets received, 7727 bps, 96.58%, Err 0 (0.0e+00)
630.401 .... 2376 packets received, 7727 bps, 96.58%, Err 0 (0.0e+00)
632.517 .... 2384 packets received, 7727 bps, 96.58%, Err 0 (0.0e+00)
634.649 .... 2392 packets received, 7726 bps, 96.58%, Err 0 (0.0e+00)
636.765 .... 2400 packets received, 7727 bps, 96.58%, Err 0 (0.0e+00)
638.882 .... 2408 packets received, 7727 bps, 96.58%, Err 0 (0.0e+00)
640.999 .... 2416 packets received, 7727 bps, 96.58%, Err 0 (0.0e+00)
643.132 .... 2424 packets received, 7726 bps, 96.58%, Err 0 (0.0e+00)
645.248 .... 2432 packets received, 7727 bps, 96.58%, Err 0 (0.0e+00)
647.349 .... 2440 packets received, 7727 bps, 96.58%, Err 0 (0.0e+00)
649.480 .... 2448 packets received, 7727 bps, 96.58%, Err 0 (0.0e+00)
651.597 .... 2456 packets received, 7727 bps, 96.58%, Err 0 (0.0e+00)
653.728 .... 2464 packets received, 7727 bps, 96.58%, Err 0 (0.0e+00)
655.844 .... 2472 packets received, 7727 bps, 96.58%, Err 0 (0.0e+00)
657.959 .... 2480 packets received, 7727 bps, 96.58%, Err 0 (0.0e+00)
660.090 .... 2488 packets received, 7727 bps, 96.58%, Err 0 (0.0e+00)
662.205 .... 2496 packets received, 7727 bps, 96.58%, Err 0 (0.0e+00)
664.322 .... 2504 packets received, 7727 bps, 96.58%, Err 0 (0.0e+00)
666.444 .... 2512 packets received, 7727 bps, 96.58%, Err 0 (0.0e+00)
668.560 .... 2520 packets received, 7727 bps, 96.58%, Err 0 (0.0e+00)
670.692 .... 2528 packets received, 7727 bps, 96.58%, Err 0 (0.0e+00)
672.809 .... 2536 packets received, 7727 bps, 96.58%, Err 0 (0.0e+00)
674.925 .... 2544 packets received, 7727 bps, 96.58%, Err 0 (0.0e+00)
677.041 .... 2552 packets received, 7727 bps, 96.58%, Err 0 (0.0e+00)
679.155 .... 2560 packets received, 7727 bps, 96.58%, Err 0 (0.0e+00)
681.286 .... 2568 packets received, 7727 bps, 96.58%, Err 0 (0.0e+00)
683.389 .... 2576 packets received, 7727 bps, 96.59%, Err 0 (0.0e+00)
685.519 .... 2584 packets received, 7727 bps, 96.58%, Err 0 (0.0e+00)
687.636 .... 2592 packets received, 7727 bps, 96.58%, Err 0 (0.0e+00)
689.769 .... 2600 packets received, 7727 bps, 96.58%, Err 0 (0.0e+00)
691.885 .... 2608 packets received, 7727 bps, 96.58%, Err 0 (0.0e+00)
694.002 .... 2616 packets received, 7727 bps, 96.58%, Err 0 (0.0e+00)
696.120 .... 2624 packets received, 7727 bps, 96.58%, Err 0 (0.0e+00)
698.253 .... 2632 packets received, 7727 bps, 96.58%, Err 0 (0.0e+00)
700.368 .... 2640 packets received, 7727 bps, 96.58%, Err 0 (0.0e+00)
702.482 .... 2648 packets received, 7727 bps, 96.58%, Err 0 (0.0e+00)
704.610 .... 2656 packets received, 7727 bps, 96.58%, Err 0 (0.0e+00)
706.723 .... 2664 packets received, 7727 bps, 96.58%, Err 0 (0.0e+00)
708.850 .... 2672 packets received, 7727 bps, 96.58%, Err 0 (0.0e+00)
710.948 .... 2680 packets received, 7727 bps, 96.59%, Err 0 (0.0e+00)
713.083 .... 2688 packets received, 7727 bps, 96.58%, Err 0 (0.0e+00)
715.213 .... 2696 packets received, 7727 bps, 96.58%, Err 0 (0.0e+00)
717.311 .... 2704 packets received, 7727 bps, 96.59%, Err 0 (0.0e+00)
719.423 .... 2712 packets received, 7727 bps, 96.59%, Err 0 (0.0e+00)
721.565 .... 2720 packets received, 7727 bps, 96.58%, Err 0 (0.0e+00)
723.680 .... 2728 packets received, 7727 bps, 96.58%, Err 0 (0.0e+00)
725.808 .... 2736 packets received, 7727 bps, 96.58%, Err 0 (0.0e+00)
727.920 .... 2744 packets received, 7727 bps, 96.58%, Err 0 (0.0e+00)
730.049 .... 2752 packets received, 7727 bps, 96.58%, Err 0 (0.0e+00)
732.175 .... 2760 packets received, 7727 bps, 96.58%, Err 0 (0.0e+00)
734.302 .... 2768 packets received, 7727 bps, 96.58%, Err 0 (0.0e+00)
736.382 .... 2776 packets received, 7727 bps, 96.59%, Err 0 (0.0e+00)
738.526 .... 2784 packets received, 7727 bps, 96.58%, Err 0 (0.0e+00)
740.637 .... 2792 packets received, 7727 bps, 96.59%, Err 0 (0.0e+00)
742.765 .... 2800 packets received, 7727 bps, 96.58%, Err 0 (0.0e+00)
744.875 .... 2808 packets received, 7727 bps, 96.59%, Err 0 (0.0e+00)
747.004 .... 2816 packets received, 7727 bps, 96.58%, Err 0 (0.0e+00)
749.115 .... 2824 packets received, 7727 bps, 96.59%, Err 0 (0.0e+00)
751.244 .... 2832 packets received, 7727 bps, 96.58%, Err 0 (0.0e+00)
753.370 .... 2840 packets received, 7727 bps, 96.58%, Err 0 (0.0e+00)
755.482 .... 2848 packets received, 7727 bps, 96.59%, Err 0 (0.0e+00)
757.609 .... 2856 packets received, 7727 bps, 96.58%, Err 0 (0.0e+00)
759.718 .... 2864 packets received, 7727 bps, 96.59%, Err 0 (0.0e+00)
761.845 .... 2872 packets received, 7727 bps, 96.59%, Err 0 (0.0e+00)
763.973 .... 2880 packets received, 7727 bps, 96.58%, Err 0 (0.0e+00)
766.099 .... 2888 packets received, 7727 bps, 96.58%, Err 0 (0.0e+00)
768.210 .... 2896 packets received, 7727 bps, 96.58%, Err 0 (0.0e+00)
770.321 .... 2904 packets received, 7727 bps, 96.59%, Err 0 (0.0e+00)
772.449 .... 2912 packets received, 7727 bps, 96.58%, Err 0 (0.0e+00)
774.559 .... 2920 packets received, 7727 bps, 96.59%, Err 0 (0.0e+00)
776.671 .... 2928 packets received, 7727 bps, 96.59%, Err 0 (0.0e+00)
778.798 .... 2936 packets received, 7727 bps, 96.59%, Err 0 (0.0e+00)
780.910 .... 2944 packets received, 7727 bps, 96.59%, Err 0 (0.0e+00)
783.037 .... 2952 packets received, 7727 bps, 96.59%, Err 0 (0.0e+00)
785.150 .... 2960 packets received, 7727 bps, 96.59%, Err 0 (0.0e+00)
787.276 .... 2968 packets received, 7727 bps, 96.59%, Err 0 (0.0e+00)
789.403 .... 2976 packets received, 7727 bps, 96.59%, Err 0 (0.0e+00)
791.532 .... 2984 packets received, 7727 bps, 96.58%, Err 0 (0.0e+00)
793.628 .... 2992 packets received, 7727 bps, 96.59%, Err 0 (0.0e+00)
795.755 .... 3000 packets received, 7727 bps, 96.59%, Err 0 (0.0e+00)
797.882 .... 3008 packets received, 7727 bps, 96.59%, Err 0 (0.0e+00)
800.012 .... 3016 packets received, 7727 bps, 96.59%, Err 0 (0.0e+00)
802.141 .... 3024 packets received, 7727 bps, 96.58%, Err 0 (0.0e+00)
804.242 .... 3032 packets received, 7727 bps, 96.59%, Err 0 (0.0e+00)
806.371 .... 3040 packets received, 7727 bps, 96.59%, Err 0 (0.0e+00)
808.470 .... 3048 packets received, 7727 bps, 96.59%, Err 0 (0.0e+00)
810.601 .... 3056 packets received, 7727 bps, 96.59%, Err 0 (0.0e+00)
812.719 .... 3064 packets received, 7727 bps, 96.59%, Err 0 (0.0e+00)
814.852 .... 3072 packets received, 7727 bps, 96.59%, Err 0 (0.0e+00)
816.953 .... 3080 packets received, 7727 bps, 96.59%, Err 0 (0.0e+00)
819.070 .... 3088 packets received, 7727 bps, 96.59%, Err 0 (0.0e+00)
821.202 .... 3096 packets received, 7727 bps, 96.59%, Err 0 (0.0e+00)
823.318 .... 3104 packets received, 7727 bps, 96.59%, Err 0 (0.0e+00)
825.449 .... 3112 packets received, 7727 bps, 96.59%, Err 0 (0.0e+00)
827.551 .... 3120 packets received, 7727 bps, 96.59%, Err 0 (0.0e+00)
829.667 .... 3128 packets received, 7727 bps, 96.59%, Err 0 (0.0e+00)
831.783 .... 3136 packets received, 7727 bps, 96.59%, Err 0 (0.0e+00)
833.930 .... 3144 packets received, 7727 bps, 96.59%, Err 0 (0.0e+00)
836.032 .... 3152 packets received, 7727 bps, 96.59%, Err 0 (0.0e+00)
838.163 .... 3160 packets received, 7727 bps, 96.59%, Err 0 (0.0e+00)
840.294 .... 3168 packets received, 7727 bps, 96.59%, Err 0 (0.0e+00)
842.426 .... 3176 packets received, 7727 bps, 96.58%, Err 0 (0.0e+00)
844.512 .... 3184 packets received, 7727 bps, 96.59%, Err 0 (0.0e+00)
846.644 .... 3192 packets received, 7727 bps, 96.59%, Err 0 (0.0e+00)
848.761 .... 3200 packets received, 7727 bps, 96.59%, Err 0 (0.0e+00)
850.878 .... 3208 packets received, 7727 bps, 96.59%, Err 0 (0.0e+00)
852.995 .... 3216 packets received, 7727 bps, 96.59%, Err 0 (0.0e+00)
855.110 .... 3224 packets received, 7727 bps, 96.59%, Err 0 (0.0e+00)
857.242 .... 3232 packets received, 7727 bps, 96.59%, Err 0 (0.0e+00)
859.360 .... 3240 packets received, 7727 bps, 96.59%, Err 0 (0.0e+00)
861.493 .... 3248 packets received, 7727 bps, 96.59%, Err 0 (0.0e+00)
863.593 .... 3256 packets received, 7727 bps, 96.59%, Err 0 (0.0e+00)
865.710 .... 3264 packets received, 7727 bps, 96.59%, Err 0 (0.0e+00)
867.840 .... 3272 packets received, 7727 bps, 96.59%, Err 0 (0.0e+00)
869.943 .... 3280 packets received, 7727 bps, 96.59%, Err 0 (0.0e+00)
872.076 .... 3288 packets received, 7727 bps, 96.59%, Err 0 (0.0e+00)
874.219 .... 3296 packets received, 7727 bps, 96.59%, Err 0 (0.0e+00)
876.321 .... 3304 packets received, 7727 bps, 96.59%, Err 0 (0.0e+00)
878.437 .... 3312 packets received, 7727 bps, 96.59%, Err 0 (0.0e+00)
880.555 .... 3320 packets received, 7727 bps, 96.59%, Err 0 (0.0e+00)
882.672 .... 3328 packets received, 7727 bps, 96.59%, Err 0 (0.0e+00)
884.789 .... 3336 packets received, 7727 bps, 96.59%, Err 0 (0.0e+00)
886.920 .... 3344 packets received, 7727 bps, 96.59%, Err 0 (0.0e+00)
889.051 .... 3352 packets received, 7727 bps, 96.59%, Err 0 (0.0e+00)
891.168 .... 3360 packets received, 7727 bps, 96.59%, Err 0 (0.0e+00)
893.269 .... 3368 packets received, 7727 bps, 96.59%, Err 0 (0.0e+00)
895.403 .... 3376 packets received, 7727 bps, 96.59%, Err 0 (0.0e+00)
897.520 .... 3384 packets received, 7727 bps, 96.59%, Err 0 (0.0e+00)
899.651 .... 3392 packets received, 7727 bps, 96.59%, Err 0 (0.0e+00)
901.747 .... 3400 packets received, 7727 bps, 96.59%, Err 0 (0.0e+00)
903.891 .... 3408 packets received, 7727 bps, 96.59%, Err 0 (0.0e+00)
906.004 .... 3416 packets received, 7727 bps, 96.59%, Err 0 (0.0e+00)
908.115 .... 3424 packets received, 7727 bps, 96.59%, Err 0 (0.0e+00)
910.242 .... 3432 packets received, 7727 bps, 96.59%, Err 0 (0.0e+00)
912.370 .... 3440 packets received, 7727 bps, 96.59%, Err 0 (0.0e+00)
914.481 .... 3448 packets received, 7727 bps, 96.59%, Err 0 (0.0e+00)
916.593 .... 3456 packets received, 7727 bps, 96.59%, Err 0 (0.0e+00)
918.719 .... 3464 packets received, 7727 bps, 96.59%, Err 0 (0.0e+00)
920.847 .... 3472 packets received, 7727 bps, 96.59%, Err 0 (0.0e+00)
922.960 .... 3480 packets received, 7727 bps, 96.59%, Err 0 (0.0e+00)
925.073 .... 3488 packets received, 7727 bps, 96.59%, Err 0 (0.0e+00)
927.187 .... 3496 packets received, 7727 bps, 96.59%, Err 0 (0.0e+00)
929.314 .... 3504 packets received, 7727 bps, 96.59%, Err 0 (0.0e+00)
931.442 .... 3512 packets received, 7727 bps, 96.59%, Err 0 (0.0e+00)
933.554 .... 3520 packets received, 7727 bps, 96.59%, Err 0 (0.0e+00)
935.681 .... 3528 packets received, 7727 bps, 96.59%, Err 0 (0.0e+00)
937.809 .... 3536 packets received, 7727 bps, 96.59%, Err 0 (0.0e+00)
939.921 .... 3544 packets received, 7727 bps, 96.59%, Err 0 (0.0e+00)
942.033 .... 3552 packets received, 7727 bps, 96.59%, Err 0 (0.0e+00)
944.146 .... 3560 packets received, 7727 bps, 96.59%, Err 0 (0.0e+00)
946.303 .... 3568 packets received, 7727 bps, 96.59%, Err 0 (0.0e+00)
948.415 .... 3576 packets received, 7727 bps, 96.59%, Err 0 (0.0e+00)
950.527 .... 3584 packets received, 7727 bps, 96.59%, Err 0 (0.0e+00)
952.625 .... 3592 packets received, 7727 bps, 96.59%, Err 0 (0.0e+00)
954.769 .... 3600 packets received, 7727 bps, 96.59%, Err 0 (0.0e+00)
956.883 .... 3608 packets received, 7727 bps, 96.59%, Err 0 (0.0e+00)
959.012 .... 3616 packets received, 7727 bps, 96.59%, Err 0 (0.0e+00)
961.121 .... 3624 packets received, 7727 bps, 96.59%, Err 0 (0.0e+00)
963.263 .... 3632 packets received, 7727 bps, 96.59%, Err 0 (0.0e+00)
965.358 .... 3640 packets received, 7727 bps, 96.59%, Err 0 (0.0e+00)
967.470 .... 3648 packets received, 7727 bps, 96.59%, Err 0 (0.0e+00)
969.611 .... 3656 packets received, 7727 bps, 96.59%, Err 0 (0.0e+00)
971.708 .... 3664 packets received, 7727 bps, 96.59%, Err 0 (0.0e+00)
973.851 .... 3672 packets received, 7727 bps, 96.59%, Err 0 (0.0e+00)
975.964 .... 3680 packets received, 7727 bps, 96.59%, Err 0 (0.0e+00)
978.091 .... 3688 packets received, 7727 bps, 96.59%, Err 0 (0.0e+00)
980.203 .... 3696 packets received, 7727 bps, 96.59%, Err 0 (0.0e+00)
982.344 .... 3704 packets received, 7727 bps, 96.59%, Err 0 (0.0e+00)
984.457 .... 3712 packets received, 7727 bps, 96.59%, Err 0 (0.0e+00)
986.583 .... 3720 packets received, 7727 bps, 96.59%, Err 0 (0.0e+00)
988.680 .... 3728 packets received, 7727 bps, 96.59%, Err 0 (0.0e+00)
990.790 .... 3736 packets received, 7727 bps, 96.59%, Err 0 (0.0e+00)
992.918 .... 3744 packets received, 7727 bps, 96.59%, Err 0 (0.0e+00)
995.047 .... 3752 packets received, 7727 bps, 96.59%, Err 0 (0.0e+00)
997.159 .... 3760 packets received, 7727 bps, 96.59%, Err 0 (0.0e+00)
999.287 .... 3768 packets received, 7727 bps, 96.59%, Err 0 (0.0e+00)
1001.400 .... 3776 packets received, 7727 bps, 96.59%, Err 0 (0.0e+00)
1003.531 .... 3784 packets received, 7727 bps, 96.59%, Err 0 (0.0e+00)
1005.647 .... 3792 packets received, 7727 bps, 96.59%, Err 0 (0.0e+00)
1007.764 .... 3800 packets received, 7727 bps, 96.59%, Err 0 (0.0e+00)
1009.864 .... 3808 packets received, 7727 bps, 96.59%, Err 0 (0.0e+00)
1012.011 .... 3816 packets received, 7727 bps, 96.59%, Err 0 (0.0e+00)
1014.128 .... 3824 packets received, 7727 bps, 96.59%, Err 0 (0.0e+00)
1016.243 .... 3832 packets received, 7727 bps, 96.59%, Err 0 (0.0e+00)
1018.360 .... 3840 packets received, 7727 bps, 96.59%, Err 0 (0.0e+00)
1020.507 .... 3848 packets received, 7727 bps, 96.59%, Err 0 (0.0e+00)
1022.608 .... 3856 packets received, 7727 bps, 96.59%, Err 0 (0.0e+00)
1024.723 .... 3864 packets received, 7727 bps, 96.59%, Err 0 (0.0e+00)
1026.840 .... 3872 packets received, 7727 bps, 96.59%, Err 0 (0.0e+00)
1028.956 .... 3880 packets received, 7727 bps, 96.59%, Err 0 (0.0e+00)
1031.074 .... 3888 packets received, 7727 bps, 96.59%, Err 0 (0.0e+00)
1033.191 .... 3896 packets received, 7727 bps, 96.59%, Err 0 (0.0e+00)
1035.307 .... 3904 packets received, 7727 bps, 96.59%, Err 0 (0.0e+00)
1037.423 .... 3912 packets received, 7727 bps, 96.59%, Err 0 (0.0e+00)
1039.568 .... 3920 packets received, 7727 bps, 96.59%, Err 0 (0.0e+00)
1041.684 .... 3928 packets received, 7727 bps, 96.59%, Err 0 (0.0e+00)
1043.801 .... 3936 packets received, 7727 bps, 96.59%, Err 0 (0.0e+00)
1045.931 .... 3944 packets received, 7727 bps, 96.59%, Err 0 (0.0e+00)
1048.033 .... 3952 packets received, 7727 bps, 96.59%, Err 0 (0.0e+00)
1050.151 .... 3960 packets received, 7727 bps, 96.59%, Err 0 (0.0e+00)
1052.268 .... 3968 packets received, 7727 bps, 96.59%, Err 0 (0.0e+00)
1054.400 .... 3976 packets received, 7727 bps, 96.59%, Err 0 (0.0e+00)
1056.533 .... 3984 packets received, 7727 bps, 96.59%, Err 0 (0.0e+00)
1058.666 .... 3992 packets received, 7727 bps, 96.59%, Err 0 (0.0e+00)
1060.767 .... 4000 packets received, 7727 bps, 96.59%, Err 0 (0.0e+00)
1062.868 .... 4008 packets received, 7727 bps, 96.59%, Err 0 (0.0e+00)
1065.002 .... 4016 packets received, 7727 bps, 96.59%, Err 0 (0.0e+00)
1067.119 .... 4024 packets received, 7727 bps, 96.59%, Err 0 (0.0e+00)
1069.250 .... 4032 packets received, 7727 bps, 96.59%, Err 0 (0.0e+00)
1071.367 .... 4040 packets received, 7727 bps, 96.59%, Err 0 (0.0e+00)
1073.483 .... 4048 packets received, 7727 bps, 96.59%, Err 0 (0.0e+00)
1075.598 .... 4056 packets received, 7727 bps, 96.59%, Err 0 (0.0e+00)
1077.714 .... 4064 packets received, 7727 bps, 96.59%, Err 0 (0.0e+00)
1079.846 .... 4072 packets received, 7727 bps, 96.59%, Err 0 (0.0e+00)
1081.959 .... 4080 packets received, 7727 bps, 96.59%, Err 0 (0.0e+00)
1084.075 .... 4088 packets received, 7727 bps, 96.59%, Err 0 (0.0e+00)
1086.207 .... 4096 packets received, 7727 bps, 96.59%, Err 0 (0.0e+00)
1088.308 .... 4104 packets received, 7727 bps, 96.59%, Err 0 (0.0e+00)
1090.425 .... 4112 packets received, 7727 bps, 96.59%, Err 0 (0.0e+00)
1092.557 .... 4120 packets received, 7727 bps, 96.59%, Err 0 (0.0e+00)
1094.702 .... 4128 packets received, 7727 bps, 96.59%, Err 0 (0.0e+00)
1096.803 .... 4136 packets received, 7727 bps, 96.59%, Err 0 (0.0e+00)
1098.903 .... 4144 packets received, 7727 bps, 96.59%, Err 0 (0.0e+00)
1101.033 .... 4152 packets received, 7727 bps, 96.59%, Err 0 (0.0e+00)
1103.161 .... 4160 packets received, 7727 bps, 96.59%, Err 0 (0.0e+00)
1105.289 .... 4168 packets received, 7727 bps, 96.59%, Err 0 (0.0e+00)
1107.402 .... 4176 packets received, 7727 bps, 96.59%, Err 0 (0.0e+00)
1109.529 .... 4184 packets received, 7727 bps, 96.59%, Err 0 (0.0e+00)
1111.627 .... 4192 packets received, 7727 bps, 96.59%, Err 0 (0.0e+00)
1113.770 .... 4200 packets received, 7727 bps, 96.59%, Err 0 (0.0e+00)
1115.868 .... 4208 packets received, 7727 bps, 96.59%, Err 0 (0.0e+00)
1118.009 .... 4216 packets received, 7727 bps, 96.59%, Err 0 (0.0e+00)
1120.106 .... 4224 packets received, 7727 bps, 96.59%, Err 0 (0.0e+00)
1122.247 .... 4232 packets received, 7727 bps, 96.59%, Err 0 (0.0e+00)
1124.372 .... 4240 packets received, 7727 bps, 96.59%, Err 0 (0.0e+00)
1126.484 .... 4248 packets received, 7727 bps, 96.59%, Err 0 (0.0e+00)
1128.612 .... 4256 packets received, 7727 bps, 96.59%, Err 0 (0.0e+00)
1130.725 .... 4264 packets received, 7727 bps, 96.59%, Err 0 (0.0e+00)
1132.837 .... 4272 packets received, 7727 bps, 96.59%, Err 0 (0.0e+00)
1134.963 .... 4280 packets received, 7727 bps, 96.59%, Err 0 (0.0e+00)
1137.090 .... 4288 packets received, 7727 bps, 96.59%, Err 0 (0.0e+00)
1139.189 .... 4296 packets received, 7727 bps, 96.59%, Err 0 (0.0e+00)
1141.314 .... 4304 packets received, 7727 bps, 96.59%, Err 0 (0.0e+00)
1143.427 .... 4312 packets received, 7727 bps, 96.59%, Err 0 (0.0e+00)
1145.556 .... 4320 packets received, 7727 bps, 96.59%, Err 0 (0.0e+00)
1147.667 .... 4328 packets received, 7727 bps, 96.59%, Err 0 (0.0e+00)
1149.811 .... 4336 packets received, 7727 bps, 96.59%, Err 0 (0.0e+00)
1151.923 .... 4344 packets received, 7727 bps, 96.59%, Err 0 (0.0e+00)
1154.048 .... 4352 packets received, 7727 bps, 96.59%, Err 0 (0.0e+00)
1156.161 .... 4360 packets received, 7727 bps, 96.59%, Err 0 (0.0e+00)
1158.289 .... 4368 packets received, 7727 bps, 96.59%, Err 0 (0.0e+00)
1160.401 .... 4376 packets received, 7727 bps, 96.59%, Err 0 (0.0e+00)
1162.528 .... 4384 packets received, 7727 bps, 96.59%, Err 0 (0.0e+00)
1164.629 .... 4392 packets received, 7727 bps, 96.59%, Err 0 (0.0e+00)
1166.786 .... 4400 packets received, 7727 bps, 96.59%, Err 0 (0.0e+00)
1168.869 .... 4408 packets received, 7727 bps, 96.59%, Err 0 (0.0e+00)
1170.983 .... 4416 packets received, 7727 bps, 96.59%, Err 0 (0.0e+00)
1173.127 .... 4424 packets received, 7727 bps, 96.59%, Err 0 (0.0e+00)
1175.237 .... 4432 packets received, 7727 bps, 96.59%, Err 0 (0.0e+00)
1177.367 .... 4440 packets received, 7727 bps, 96.59%, Err 0 (0.0e+00)
1179.479 .... 4448 packets received, 7727 bps, 96.59%, Err 0 (0.0e+00)
1181.606 .... 4456 packets received, 7727 bps, 96.59%, Err 0 (0.0e+00)
1183.719 .... 4464 packets received, 7727 bps, 96.59%, Err 0 (0.0e+00)
1185.862 .... 4472 packets received, 7727 bps, 96.59%, Err 0 (0.0e+00)
1187.972 .... 4480 packets received, 7727 bps, 96.59%, Err 0 (0.0e+00)
1190.089 .... 4488 packets received, 7727 bps, 96.59%, Err 0 (0.0e+00)
1192.203 .... 4496 packets received, 7727 bps, 96.59%, Err 0 (0.0e+00)
1194.315 .... 4504 packets received, 7727 bps, 96.59%, Err 0 (0.0e+00)
1196.427 .... 4512 packets received, 7727 bps, 96.59%, Err 0 (0.0e+00)
1198.586 .... 4520 packets received, 7727 bps, 96.59%, Err 0 (0.0e+00)
1200.025 Quit.
