000.000 =============================================================
000.000                     Station B                               
000.000 -------------------------------------------------------------
000.000 Protocol.lib, version 4.0, jiangyanjun0718@bupt.edu.cn
000.000 Channel: 8000 bps, 270 ms propagation delay, bit error rate 0
000.000 Log file "ufB.log", TCP port 30013, debug mask 0x00
000.000 Station B is connecting station A (TCP port 30013) ... Failed!
000.000 Station B is connecting station A (TCP port 30013) ... Done.
000.328 New epoch: Thu May 16 18:55:00 2019
000.328 =================================================================
000.328 
000.328 Designed by CJSoft, build: May 16 2019  17:18:52
002.763 .... 8 packets received, 7585 bps, 94.81%, Err 0 (0.0e+00)
004.911 .... 16 packets received, 7606 bps, 95.08%, Err 0 (0.0e+00)
007.073 .... 24 packets received, 7597 bps, 94.96%, Err 0 (0.0e+00)
009.203 .... 32 packets received, 7620 bps, 95.26%, Err 0 (0.0e+00)
011.322 .... 40 packets received, 7643 bps, 95.53%, Err 0 (0.0e+00)
013.426 .... 48 packets received, 7666 bps, 95.83%, Err 0 (0.0e+00)
015.560 .... 56 packets received, 7668 bps, 95.85%, Err 0 (0.0e+00)
017.679 .... 64 packets received, 7676 bps, 95.95%, Err 0 (0.0e+00)
019.778 .... 72 packets received, 7690 bps, 96.13%, Err 0 (0.0e+00)
021.910 .... 80 packets received, 7689 bps, 96.12%, Err 0 (0.0e+00)
024.027 .... 88 packets received, 7694 bps, 96.17%, Err 0 (0.0e+00)
026.142 .... 96 packets received, 7698 bps, 96.23%, Err 0 (0.0e+00)
028.259 .... 104 packets received, 7701 bps, 96.27%, Err 0 (0.0e+00)
030.393 .... 112 packets received, 7700 bps, 96.25%, Err 0 (0.0e+00)
032.523 .... 120 packets received, 7699 bps, 96.24%, Err 0 (0.0e+00)
034.639 .... 128 packets received, 7702 bps, 96.27%, Err 0 (0.0e+00)
036.742 .... 136 packets received, 7707 bps, 96.34%, Err 0 (0.0e+00)
038.859 .... 144 packets received, 7709 bps, 96.36%, Err 0 (0.0e+00)
040.994 .... 152 packets received, 7707 bps, 96.34%, Err 0 (0.0e+00)
043.111 .... 160 packets received, 7709 bps, 96.36%, Err 0 (0.0e+00)
045.258 .... 168 packets received, 7705 bps, 96.31%, Err 0 (0.0e+00)
047.374 .... 176 packets received, 7707 bps, 96.33%, Err 0 (0.0e+00)
049.476 .... 184 packets received, 7711 bps, 96.38%, Err 0 (0.0e+00)
051.594 .... 192 packets received, 7711 bps, 96.39%, Err 0 (0.0e+00)
053.712 .... 200 packets received, 7712 bps, 96.41%, Err 0 (0.0e+00)
055.830 .... 208 packets received, 7713 bps, 96.42%, Err 0 (0.0e+00)
057.962 .... 216 packets received, 7712 bps, 96.40%, Err 0 (0.0e+00)
060.062 .... 224 packets received, 7715 bps, 96.44%, Err 0 (0.0e+00)
062.179 .... 232 packets received, 7716 bps, 96.45%, Err 0 (0.0e+00)
064.296 .... 240 packets received, 7717 bps, 96.46%, Err 0 (0.0e+00)
066.443 .... 248 packets received, 7714 bps, 96.43%, Err 0 (0.0e+00)
068.559 .... 256 packets received, 7715 bps, 96.44%, Err 0 (0.0e+00)
070.660 .... 264 packets received, 7718 bps, 96.47%, Err 0 (0.0e+00)
072.793 .... 272 packets received, 7717 bps, 96.46%, Err 0 (0.0e+00)
074.910 .... 280 packets received, 7717 bps, 96.47%, Err 0 (0.0e+00)
077.026 .... 288 packets received, 7718 bps, 96.47%, Err 0 (0.0e+00)
079.158 .... 296 packets received, 7717 bps, 96.46%, Err 0 (0.0e+00)
081.273 .... 304 packets received, 7718 bps, 96.47%, Err 0 (0.0e+00)
083.391 .... 312 packets received, 7718 bps, 96.48%, Err 0 (0.0e+00)
085.510 .... 320 packets received, 7719 bps, 96.48%, Err 0 (0.0e+00)
087.628 .... 328 packets received, 7719 bps, 96.49%, Err 0 (0.0e+00)
089.761 .... 336 packets received, 7718 bps, 96.48%, Err 0 (0.0e+00)
091.864 .... 344 packets received, 7720 bps, 96.50%, Err 0 (0.0e+00)
093.996 .... 352 packets received, 7719 bps, 96.49%, Err 0 (0.0e+00)
096.115 .... 360 packets received, 7719 bps, 96.49%, Err 0 (0.0e+00)
098.232 .... 368 packets received, 7720 bps, 96.50%, Err 0 (0.0e+00)
100.361 .... 376 packets received, 7719 bps, 96.49%, Err 0 (0.0e+00)
102.458 .... 384 packets received, 7721 bps, 96.51%, Err 0 (0.0e+00)
104.585 .... 392 packets received, 7721 bps, 96.51%, Err 0 (0.0e+00)
106.713 .... 400 packets received, 7720 bps, 96.50%, Err 0 (0.0e+00)
108.840 .... 408 packets received, 7720 bps, 96.50%, Err 0 (0.0e+00)
110.951 .... 416 packets received, 7721 bps, 96.51%, Err 0 (0.0e+00)
113.080 .... 424 packets received, 7720 bps, 96.50%, Err 0 (0.0e+00)
115.178 .... 432 packets received, 7722 bps, 96.52%, Err 0 (0.0e+00)
117.335 .... 440 packets received, 7720 bps, 96.49%, Err 0 (0.0e+00)
119.450 .... 448 packets received, 7720 bps, 96.50%, Err 0 (0.0e+00)
121.546 .... 456 packets received, 7722 bps, 96.52%, Err 0 (0.0e+00)
123.659 .... 464 packets received, 7722 bps, 96.53%, Err 0 (0.0e+00)
125.803 .... 472 packets received, 7721 bps, 96.51%, Err 0 (0.0e+00)
127.916 .... 480 packets received, 7721 bps, 96.52%, Err 0 (0.0e+00)
130.030 .... 488 packets received, 7722 bps, 96.52%, Err 0 (0.0e+00)
132.159 .... 496 packets received, 7721 bps, 96.52%, Err 0 (0.0e+00)
134.271 .... 504 packets received, 7722 bps, 96.53%, Err 0 (0.0e+00)
136.397 .... 512 packets received, 7722 bps, 96.52%, Err 0 (0.0e+00)
138.494 .... 520 packets received, 7723 bps, 96.54%, Err 0 (0.0e+00)
140.636 .... 528 packets received, 7722 bps, 96.53%, Err 0 (0.0e+00)
142.734 .... 536 packets received, 7723 bps, 96.54%, Err 0 (0.0e+00)
144.863 .... 544 packets received, 7723 bps, 96.54%, Err 0 (0.0e+00)
146.994 .... 552 packets received, 7722 bps, 96.53%, Err 0 (0.0e+00)
149.121 .... 560 packets received, 7722 bps, 96.53%, Err 0 (0.0e+00)
151.219 .... 568 packets received, 7723 bps, 96.54%, Err 0 (0.0e+00)
153.333 .... 576 packets received, 7724 bps, 96.55%, Err 0 (0.0e+00)
155.476 .... 584 packets received, 7723 bps, 96.53%, Err 0 (0.0e+00)
157.575 .... 592 packets received, 7724 bps, 96.55%, Err 0 (0.0e+00)
159.705 .... 600 packets received, 7723 bps, 96.54%, Err 0 (0.0e+00)
161.820 .... 608 packets received, 7724 bps, 96.55%, Err 0 (0.0e+00)
163.947 .... 616 packets received, 7723 bps, 96.54%, Err 0 (0.0e+00)
166.061 .... 624 packets received, 7724 bps, 96.55%, Err 0 (0.0e+00)
168.191 .... 632 packets received, 7723 bps, 96.54%, Err 0 (0.0e+00)
170.318 .... 640 packets received, 7723 bps, 96.54%, Err 0 (0.0e+00)
172.415 .... 648 packets received, 7724 bps, 96.55%, Err 0 (0.0e+00)
174.560 .... 656 packets received, 7723 bps, 96.54%, Err 0 (0.0e+00)
176.660 .... 664 packets received, 7724 bps, 96.55%, Err 0 (0.0e+00)
178.774 .... 672 packets received, 7724 bps, 96.55%, Err 0 (0.0e+00)
180.917 .... 680 packets received, 7723 bps, 96.54%, Err 0 (0.0e+00)
183.029 .... 688 packets received, 7724 bps, 96.55%, Err 0 (0.0e+00)
185.143 .... 696 packets received, 7724 bps, 96.55%, Err 0 (0.0e+00)
187.257 .... 704 packets received, 7724 bps, 96.56%, Err 0 (0.0e+00)
189.402 .... 712 packets received, 7723 bps, 96.54%, Err 0 (0.0e+00)
191.529 .... 720 packets received, 7723 bps, 96.54%, Err 0 (0.0e+00)
193.641 .... 728 packets received, 7724 bps, 96.54%, Err 0 (0.0e+00)
195.769 .... 736 packets received, 7723 bps, 96.54%, Err 0 (0.0e+00)
197.883 .... 744 packets received, 7724 bps, 96.55%, Err 0 (0.0e+00)
199.998 .... 752 packets received, 7724 bps, 96.55%, Err 0 (0.0e+00)
202.102 .... 760 packets received, 7725 bps, 96.56%, Err 0 (0.0e+00)
204.221 .... 768 packets received, 7725 bps, 96.56%, Err 0 (0.0e+00)
206.354 .... 776 packets received, 7724 bps, 96.55%, Err 0 (0.0e+00)
208.473 .... 784 packets received, 7724 bps, 96.55%, Err 0 (0.0e+00)
210.577 .... 792 packets received, 7725 bps, 96.56%, Err 0 (0.0e+00)
212.697 .... 800 packets received, 7725 bps, 96.56%, Err 0 (0.0e+00)
214.832 .... 808 packets received, 7724 bps, 96.55%, Err 0 (0.0e+00)
216.936 .... 816 packets received, 7725 bps, 96.56%, Err 0 (0.0e+00)
219.070 .... 824 packets received, 7725 bps, 96.56%, Err 0 (0.0e+00)
221.204 .... 832 packets received, 7724 bps, 96.55%, Err 0 (0.0e+00)
223.322 .... 840 packets received, 7724 bps, 96.55%, Err 0 (0.0e+00)
225.440 .... 848 packets received, 7724 bps, 96.55%, Err 0 (0.0e+00)
227.573 .... 856 packets received, 7724 bps, 96.55%, Err 0 (0.0e+00)
229.677 .... 864 packets received, 7724 bps, 96.56%, Err 0 (0.0e+00)
231.779 .... 872 packets received, 7725 bps, 96.56%, Err 0 (0.0e+00)
233.912 .... 880 packets received, 7725 bps, 96.56%, Err 0 (0.0e+00)
236.030 .... 888 packets received, 7725 bps, 96.56%, Err 0 (0.0e+00)
238.149 .... 896 packets received, 7725 bps, 96.56%, Err 0 (0.0e+00)
240.297 .... 904 packets received, 7724 bps, 96.55%, Err 0 (0.0e+00)
242.387 .... 912 packets received, 7725 bps, 96.56%, Err 0 (0.0e+00)
244.519 .... 920 packets received, 7725 bps, 96.56%, Err 0 (0.0e+00)
246.637 .... 928 packets received, 7725 bps, 96.56%, Err 0 (0.0e+00)
248.757 .... 936 packets received, 7725 bps, 96.56%, Err 0 (0.0e+00)
250.860 .... 944 packets received, 7725 bps, 96.57%, Err 0 (0.0e+00)
252.979 .... 952 packets received, 7725 bps, 96.57%, Err 0 (0.0e+00)
255.112 .... 960 packets received, 7725 bps, 96.56%, Err 0 (0.0e+00)
257.231 .... 968 packets received, 7725 bps, 96.56%, Err 0 (0.0e+00)
259.335 .... 976 packets received, 7726 bps, 96.57%, Err 0 (0.0e+00)
261.471 .... 984 packets received, 7725 bps, 96.56%, Err 0 (0.0e+00)
263.605 .... 992 packets received, 7725 bps, 96.56%, Err 0 (0.0e+00)
265.708 .... 1000 packets received, 7725 bps, 96.57%, Err 0 (0.0e+00)
267.843 .... 1008 packets received, 7725 bps, 96.56%, Err 0 (0.0e+00)
269.950 .... 1016 packets received, 7725 bps, 96.57%, Err 0 (0.0e+00)
272.062 .... 1024 packets received, 7725 bps, 96.57%, Err 0 (0.0e+00)
274.178 .... 1032 packets received, 7726 bps, 96.57%, Err 0 (0.0e+00)
276.310 .... 1040 packets received, 7725 bps, 96.57%, Err 0 (0.0e+00)
278.445 .... 1048 packets received, 7725 bps, 96.56%, Err 0 (0.0e+00)
280.548 .... 1056 packets received, 7725 bps, 96.57%, Err 0 (0.0e+00)
282.681 .... 1064 packets received, 7725 bps, 96.56%, Err 0 (0.0e+00)
284.798 .... 1072 packets received, 7725 bps, 96.56%, Err 0 (0.0e+00)
286.915 .... 1080 packets received, 7725 bps, 96.57%, Err 0 (0.0e+00)
289.033 .... 1088 packets received, 7725 bps, 96.57%, Err 0 (0.0e+00)
291.152 .... 1096 packets received, 7725 bps, 96.57%, Err 0 (0.0e+00)
293.270 .... 1104 packets received, 7725 bps, 96.57%, Err 0 (0.0e+00)
295.403 .... 1112 packets received, 7725 bps, 96.56%, Err 0 (0.0e+00)
297.518 .... 1120 packets received, 7725 bps, 96.57%, Err 0 (0.0e+00)
299.646 .... 1128 packets received, 7725 bps, 96.56%, Err 0 (0.0e+00)
301.768 .... 1136 packets received, 7725 bps, 96.56%, Err 0 (0.0e+00)
303.869 .... 1144 packets received, 7726 bps, 96.57%, Err 0 (0.0e+00)
306.017 .... 1152 packets received, 7725 bps, 96.56%, Err 0 (0.0e+00)
308.135 .... 1160 packets received, 7725 bps, 96.56%, Err 0 (0.0e+00)
310.227 .... 1168 packets received, 7726 bps, 96.57%, Err 0 (0.0e+00)
312.341 .... 1176 packets received, 7726 bps, 96.57%, Err 0 (0.0e+00)
314.468 .... 1184 packets received, 7726 bps, 96.57%, Err 0 (0.0e+00)
316.595 .... 1192 packets received, 7726 bps, 96.57%, Err 0 (0.0e+00)
318.707 .... 1200 packets received, 7726 bps, 96.57%, Err 0 (0.0e+00)
320.835 .... 1208 packets received, 7726 bps, 96.57%, Err 0 (0.0e+00)
322.948 .... 1216 packets received, 7726 bps, 96.57%, Err 0 (0.0e+00)
325.078 .... 1224 packets received, 7726 bps, 96.57%, Err 0 (0.0e+00)
327.190 .... 1232 packets received, 7726 bps, 96.57%, Err 0 (0.0e+00)
329.317 .... 1240 packets received, 7726 bps, 96.57%, Err 0 (0.0e+00)
331.413 .... 1248 packets received, 7726 bps, 96.58%, Err 0 (0.0e+00)
333.557 .... 1256 packets received, 7726 bps, 96.57%, Err 0 (0.0e+00)
335.669 .... 1264 packets received, 7726 bps, 96.57%, Err 0 (0.0e+00)
337.811 .... 1272 packets received, 7725 bps, 96.57%, Err 0 (0.0e+00)
339.909 .... 1280 packets received, 7726 bps, 96.57%, Err 0 (0.0e+00)
342.021 .... 1288 packets received, 7726 bps, 96.58%, Err 0 (0.0e+00)
344.148 .... 1296 packets received, 7726 bps, 96.57%, Err 0 (0.0e+00)
346.276 .... 1304 packets received, 7726 bps, 96.57%, Err 0 (0.0e+00)
348.390 .... 1312 packets received, 7726 bps, 96.57%, Err 0 (0.0e+00)
350.517 .... 1320 packets received, 7726 bps, 96.57%, Err 0 (0.0e+00)
352.629 .... 1328 packets received, 7726 bps, 96.57%, Err 0 (0.0e+00)
354.773 .... 1336 packets received, 7725 bps, 96.57%, Err 0 (0.0e+00)
356.870 .... 1344 packets received, 7726 bps, 96.57%, Err 0 (0.0e+00)
358.983 .... 1352 packets received, 7726 bps, 96.58%, Err 0 (0.0e+00)
361.109 .... 1360 packets received, 7726 bps, 96.58%, Err 0 (0.0e+00)
363.238 .... 1368 packets received, 7726 bps, 96.57%, Err 0 (0.0e+00)
365.335 .... 1376 packets received, 7726 bps, 96.58%, Err 0 (0.0e+00)
367.478 .... 1384 packets received, 7726 bps, 96.57%, Err 0 (0.0e+00)
369.604 .... 1392 packets received, 7726 bps, 96.57%, Err 0 (0.0e+00)
371.731 .... 1400 packets received, 7726 bps, 96.57%, Err 0 (0.0e+00)
373.830 .... 1408 packets received, 7726 bps, 96.58%, Err 0 (0.0e+00)
375.944 .... 1416 packets received, 7726 bps, 96.58%, Err 0 (0.0e+00)
378.056 .... 1424 packets received, 7726 bps, 96.58%, Err 0 (0.0e+00)
380.183 .... 1432 packets received, 7726 bps, 96.58%, Err 0 (0.0e+00)
382.308 .... 1440 packets received, 7726 bps, 96.58%, Err 0 (0.0e+00)
384.433 .... 1448 packets received, 7726 bps, 96.58%, Err 0 (0.0e+00)
386.545 .... 1456 packets received, 7726 bps, 96.58%, Err 0 (0.0e+00)
388.674 .... 1464 packets received, 7726 bps, 96.58%, Err 0 (0.0e+00)
390.802 .... 1472 packets received, 7726 bps, 96.57%, Err 0 (0.0e+00)
392.914 .... 1480 packets received, 7726 bps, 96.58%, Err 0 (0.0e+00)
395.042 .... 1488 packets received, 7726 bps, 96.57%, Err 0 (0.0e+00)
397.140 .... 1496 packets received, 7726 bps, 96.58%, Err 0 (0.0e+00)
399.270 .... 1504 packets received, 7726 bps, 96.58%, Err 0 (0.0e+00)
401.387 .... 1512 packets received, 7726 bps, 96.58%, Err 0 (0.0e+00)
403.519 .... 1520 packets received, 7726 bps, 96.58%, Err 0 (0.0e+00)
405.621 .... 1528 packets received, 7726 bps, 96.58%, Err 0 (0.0e+00)
407.753 .... 1536 packets received, 7726 bps, 96.58%, Err 0 (0.0e+00)
409.886 .... 1544 packets received, 7726 bps, 96.57%, Err 0 (0.0e+00)
412.003 .... 1552 packets received, 7726 bps, 96.58%, Err 0 (0.0e+00)
414.104 .... 1560 packets received, 7726 bps, 96.58%, Err 0 (0.0e+00)
416.237 .... 1568 packets received, 7726 bps, 96.58%, Err 0 (0.0e+00)
418.354 .... 1576 packets received, 7726 bps, 96.58%, Err 0 (0.0e+00)
420.483 .... 1584 packets received, 7726 bps, 96.58%, Err 0 (0.0e+00)
422.583 .... 1592 packets received, 7726 bps, 96.58%, Err 0 (0.0e+00)
424.716 .... 1600 packets received, 7726 bps, 96.58%, Err 0 (0.0e+00)
426.833 .... 1608 packets received, 7726 bps, 96.58%, Err 0 (0.0e+00)
428.950 .... 1616 packets received, 7726 bps, 96.58%, Err 0 (0.0e+00)
431.067 .... 1624 packets received, 7726 bps, 96.58%, Err 0 (0.0e+00)
433.200 .... 1632 packets received, 7726 bps, 96.58%, Err 0 (0.0e+00)
435.317 .... 1640 packets received, 7726 bps, 96.58%, Err 0 (0.0e+00)
437.419 .... 1648 packets received, 7727 bps, 96.58%, Err 0 (0.0e+00)
439.550 .... 1656 packets received, 7726 bps, 96.58%, Err 0 (0.0e+00)
441.666 .... 1664 packets received, 7726 bps, 96.58%, Err 0 (0.0e+00)
443.798 .... 1672 packets received, 7726 bps, 96.58%, Err 0 (0.0e+00)
445.913 .... 1680 packets received, 7726 bps, 96.58%, Err 0 (0.0e+00)
448.032 .... 1688 packets received, 7726 bps, 96.58%, Err 0 (0.0e+00)
450.149 .... 1696 packets received, 7726 bps, 96.58%, Err 0 (0.0e+00)
452.266 .... 1704 packets received, 7727 bps, 96.58%, Err 0 (0.0e+00)
454.398 .... 1712 packets received, 7726 bps, 96.58%, Err 0 (0.0e+00)
456.500 .... 1720 packets received, 7727 bps, 96.58%, Err 0 (0.0e+00)
458.632 .... 1728 packets received, 7726 bps, 96.58%, Err 0 (0.0e+00)
460.764 .... 1736 packets received, 7726 bps, 96.58%, Err 0 (0.0e+00)
462.866 .... 1744 packets received, 7727 bps, 96.58%, Err 0 (0.0e+00)
464.998 .... 1752 packets received, 7726 bps, 96.58%, Err 0 (0.0e+00)
467.102 .... 1760 packets received, 7727 bps, 96.58%, Err 0 (0.0e+00)
469.219 .... 1768 packets received, 7727 bps, 96.58%, Err 0 (0.0e+00)
471.336 .... 1776 packets received, 7727 bps, 96.58%, Err 0 (0.0e+00)
473.469 .... 1784 packets received, 7727 bps, 96.58%, Err 0 (0.0e+00)
475.599 .... 1792 packets received, 7726 bps, 96.58%, Err 0 (0.0e+00)
477.700 .... 1800 packets received, 7727 bps, 96.58%, Err 0 (0.0e+00)
479.833 .... 1808 packets received, 7727 bps, 96.58%, Err 0 (0.0e+00)
481.934 .... 1816 packets received, 7727 bps, 96.59%, Err 0 (0.0e+00)
484.081 .... 1824 packets received, 7726 bps, 96.58%, Err 0 (0.0e+00)
486.183 .... 1832 packets received, 7727 bps, 96.58%, Err 0 (0.0e+00)
488.302 .... 1840 packets received, 7727 bps, 96.58%, Err 0 (0.0e+00)
490.420 .... 1848 packets received, 7727 bps, 96.58%, Err 0 (0.0e+00)
492.552 .... 1856 packets received, 7727 bps, 96.58%, Err 0 (0.0e+00)
494.654 .... 1864 packets received, 7727 bps, 96.59%, Err 0 (0.0e+00)
496.787 .... 1872 packets received, 7727 bps, 96.58%, Err 0 (0.0e+00)
498.901 .... 1880 packets received, 7727 bps, 96.58%, Err 0 (0.0e+00)
501.045 .... 1888 packets received, 7726 bps, 96.58%, Err 0 (0.0e+00)
503.158 .... 1896 packets received, 7727 bps, 96.58%, Err 0 (0.0e+00)
505.271 .... 1904 packets received, 7727 bps, 96.58%, Err 0 (0.0e+00)
507.384 .... 1912 packets received, 7727 bps, 96.58%, Err 0 (0.0e+00)
509.512 .... 1920 packets received, 7727 bps, 96.58%, Err 0 (0.0e+00)
511.656 .... 1928 packets received, 7726 bps, 96.58%, Err 0 (0.0e+00)
513.752 .... 1936 packets received, 7727 bps, 96.58%, Err 0 (0.0e+00)
515.882 .... 1944 packets received, 7727 bps, 96.58%, Err 0 (0.0e+00)
517.995 .... 1952 packets received, 7727 bps, 96.58%, Err 0 (0.0e+00)
520.123 .... 1960 packets received, 7727 bps, 96.58%, Err 0 (0.0e+00)
522.237 .... 1968 packets received, 7727 bps, 96.58%, Err 0 (0.0e+00)
524.335 .... 1976 packets received, 7727 bps, 96.59%, Err 0 (0.0e+00)
526.464 .... 1984 packets received, 7727 bps, 96.59%, Err 0 (0.0e+00)
528.576 .... 1992 packets received, 7727 bps, 96.59%, Err 0 (0.0e+00)
530.705 .... 2000 packets received, 7727 bps, 96.59%, Err 0 (0.0e+00)
532.818 .... 2008 packets received, 7727 bps, 96.59%, Err 0 (0.0e+00)
534.976 .... 2016 packets received, 7726 bps, 96.58%, Err 0 (0.0e+00)
537.075 .... 2024 packets received, 7727 bps, 96.58%, Err 0 (0.0e+00)
539.189 .... 2032 packets received, 7727 bps, 96.58%, Err 0 (0.0e+00)
541.300 .... 2040 packets received, 7727 bps, 96.59%, Err 0 (0.0e+00)
543.443 .... 2048 packets received, 7727 bps, 96.58%, Err 0 (0.0e+00)
545.556 .... 2056 packets received, 7727 bps, 96.58%, Err 0 (0.0e+00)
547.667 .... 2064 packets received, 7727 bps, 96.59%, Err 0 (0.0e+00)
549.779 .... 2072 packets received, 7727 bps, 96.59%, Err 0 (0.0e+00)
551.907 .... 2080 packets received, 7727 bps, 96.59%, Err 0 (0.0e+00)
554.036 .... 2088 packets received, 7727 bps, 96.58%, Err 0 (0.0e+00)
556.150 .... 2096 packets received, 7727 bps, 96.59%, Err 0 (0.0e+00)
558.263 .... 2104 packets received, 7727 bps, 96.59%, Err 0 (0.0e+00)
560.390 .... 2112 packets received, 7727 bps, 96.59%, Err 0 (0.0e+00)
562.511 .... 2120 packets received, 7727 bps, 96.59%, Err 0 (0.0e+00)
564.628 .... 2128 packets received, 7727 bps, 96.59%, Err 0 (0.0e+00)
566.758 .... 2136 packets received, 7727 bps, 96.58%, Err 0 (0.0e+00)
568.871 .... 2144 packets received, 7727 bps, 96.59%, Err 0 (0.0e+00)
570.983 .... 2152 packets received, 7727 bps, 96.59%, Err 0 (0.0e+00)
573.098 .... 2160 packets received, 7727 bps, 96.59%, Err 0 (0.0e+00)
575.240 .... 2168 packets received, 7727 bps, 96.58%, Err 0 (0.0e+00)
577.336 .... 2176 packets received, 7727 bps, 96.59%, Err 0 (0.0e+00)
579.463 .... 2184 packets received, 7727 bps, 96.59%, Err 0 (0.0e+00)
581.577 .... 2192 packets received, 7727 bps, 96.59%, Err 0 (0.0e+00)
583.721 .... 2200 packets received, 7727 bps, 96.58%, Err 0 (0.0e+00)
585.819 .... 2208 packets received, 7727 bps, 96.59%, Err 0 (0.0e+00)
587.962 .... 2216 packets received, 7727 bps, 96.58%, Err 0 (0.0e+00)
590.074 .... 2224 packets received, 7727 bps, 96.59%, Err 0 (0.0e+00)
592.203 .... 2232 packets received, 7727 bps, 96.58%, Err 0 (0.0e+00)
594.300 .... 2240 packets received, 7727 bps, 96.59%, Err 0 (0.0e+00)
596.443 .... 2248 packets received, 7727 bps, 96.58%, Err 0 (0.0e+00)
598.544 .... 2256 packets received, 7727 bps, 96.59%, Err 0 (0.0e+00)
600.674 .... 2264 packets received, 7727 bps, 96.59%, Err 0 (0.0e+00)
602.775 .... 2272 packets received, 7727 bps, 96.59%, Err 0 (0.0e+00)
604.923 .... 2280 packets received, 7727 bps, 96.58%, Err 0 (0.0e+00)
607.040 .... 2288 packets received, 7727 bps, 96.59%, Err 0 (0.0e+00)
609.156 .... 2296 packets received, 7727 bps, 96.59%, Err 0 (0.0e+00)
611.257 .... 2304 packets received, 7727 bps, 96.59%, Err 0 (0.0e+00)
613.404 .... 2312 packets received, 7727 bps, 96.58%, Err 0 (0.0e+00)
615.520 .... 2320 packets received, 7727 bps, 96.59%, Err 0 (0.0e+00)
617.637 .... 2328 packets received, 7727 bps, 96.59%, Err 0 (0.0e+00)
619.741 .... 2336 packets received, 7727 bps, 96.59%, Err 0 (0.0e+00)
621.873 .... 2344 packets received, 7727 bps, 96.59%, Err 0 (0.0e+00)
623.990 .... 2352 packets received, 7727 bps, 96.59%, Err 0 (0.0e+00)
626.122 .... 2360 packets received, 7727 bps, 96.59%, Err 0 (0.0e+00)
628.238 .... 2368 packets received, 7727 bps, 96.59%, Err 0 (0.0e+00)
630.355 .... 2376 packets received, 7727 bps, 96.59%, Err 0 (0.0e+00)
632.471 .... 2384 packets received, 7727 bps, 96.59%, Err 0 (0.0e+00)
634.588 .... 2392 packets received, 7727 bps, 96.59%, Err 0 (0.0e+00)
636.719 .... 2400 packets received, 7727 bps, 96.59%, Err 0 (0.0e+00)
638.836 .... 2408 packets received, 7727 bps, 96.59%, Err 0 (0.0e+00)
640.953 .... 2416 packets received, 7727 bps, 96.59%, Err 0 (0.0e+00)
643.070 .... 2424 packets received, 7727 bps, 96.59%, Err 0 (0.0e+00)
645.202 .... 2432 packets received, 7727 bps, 96.59%, Err 0 (0.0e+00)
647.303 .... 2440 packets received, 7727 bps, 96.59%, Err 0 (0.0e+00)
649.434 .... 2448 packets received, 7727 bps, 96.59%, Err 0 (0.0e+00)
651.536 .... 2456 packets received, 7727 bps, 96.59%, Err 0 (0.0e+00)
653.682 .... 2464 packets received, 7727 bps, 96.59%, Err 0 (0.0e+00)
655.797 .... 2472 packets received, 7727 bps, 96.59%, Err 0 (0.0e+00)
657.928 .... 2480 packets received, 7727 bps, 96.59%, Err 0 (0.0e+00)
660.029 .... 2488 packets received, 7727 bps, 96.59%, Err 0 (0.0e+00)
662.174 .... 2496 packets received, 7727 bps, 96.58%, Err 0 (0.0e+00)
664.261 .... 2504 packets received, 7727 bps, 96.59%, Err 0 (0.0e+00)
666.383 .... 2512 packets received, 7727 bps, 96.59%, Err 0 (0.0e+00)
668.498 .... 2520 packets received, 7727 bps, 96.59%, Err 0 (0.0e+00)
670.615 .... 2528 packets received, 7727 bps, 96.59%, Err 0 (0.0e+00)
672.763 .... 2536 packets received, 7727 bps, 96.59%, Err 0 (0.0e+00)
674.880 .... 2544 packets received, 7727 bps, 96.59%, Err 0 (0.0e+00)
676.979 .... 2552 packets received, 7727 bps, 96.59%, Err 0 (0.0e+00)
679.109 .... 2560 packets received, 7727 bps, 96.59%, Err 0 (0.0e+00)
681.240 .... 2568 packets received, 7727 bps, 96.59%, Err 0 (0.0e+00)
683.343 .... 2576 packets received, 7727 bps, 96.59%, Err 0 (0.0e+00)
685.473 .... 2584 packets received, 7727 bps, 96.59%, Err 0 (0.0e+00)
687.590 .... 2592 packets received, 7727 bps, 96.59%, Err 0 (0.0e+00)
689.707 .... 2600 packets received, 7727 bps, 96.59%, Err 0 (0.0e+00)
691.839 .... 2608 packets received, 7727 bps, 96.59%, Err 0 (0.0e+00)
693.956 .... 2616 packets received, 7727 bps, 96.59%, Err 0 (0.0e+00)
696.059 .... 2624 packets received, 7727 bps, 96.59%, Err 0 (0.0e+00)
698.192 .... 2632 packets received, 7727 bps, 96.59%, Err 0 (0.0e+00)
700.322 .... 2640 packets received, 7727 bps, 96.59%, Err 0 (0.0e+00)
702.436 .... 2648 packets received, 7727 bps, 96.59%, Err 0 (0.0e+00)
704.549 .... 2656 packets received, 7727 bps, 96.59%, Err 0 (0.0e+00)
706.677 .... 2664 packets received, 7727 bps, 96.59%, Err 0 (0.0e+00)
708.789 .... 2672 packets received, 7727 bps, 96.59%, Err 0 (0.0e+00)
710.902 .... 2680 packets received, 7727 bps, 96.59%, Err 0 (0.0e+00)
713.051 .... 2688 packets received, 7727 bps, 96.59%, Err 0 (0.0e+00)
715.151 .... 2696 packets received, 7727 bps, 96.59%, Err 0 (0.0e+00)
717.281 .... 2704 packets received, 7727 bps, 96.59%, Err 0 (0.0e+00)
719.393 .... 2712 packets received, 7727 bps, 96.59%, Err 0 (0.0e+00)
721.503 .... 2720 packets received, 7727 bps, 96.59%, Err 0 (0.0e+00)
723.619 .... 2728 packets received, 7727 bps, 96.59%, Err 0 (0.0e+00)
725.762 .... 2736 packets received, 7727 bps, 96.59%, Err 0 (0.0e+00)
727.859 .... 2744 packets received, 7727 bps, 96.59%, Err 0 (0.0e+00)
729.988 .... 2752 packets received, 7727 bps, 96.59%, Err 0 (0.0e+00)
732.114 .... 2760 packets received, 7727 bps, 96.59%, Err 0 (0.0e+00)
734.241 .... 2768 packets received, 7727 bps, 96.59%, Err 0 (0.0e+00)
736.367 .... 2776 packets received, 7727 bps, 96.59%, Err 0 (0.0e+00)
738.480 .... 2784 packets received, 7727 bps, 96.59%, Err 0 (0.0e+00)
740.591 .... 2792 packets received, 7727 bps, 96.59%, Err 0 (0.0e+00)
742.719 .... 2800 packets received, 7727 bps, 96.59%, Err 0 (0.0e+00)
744.814 .... 2808 packets received, 7727 bps, 96.59%, Err 0 (0.0e+00)
746.941 .... 2816 packets received, 7727 bps, 96.59%, Err 0 (0.0e+00)
749.069 .... 2824 packets received, 7727 bps, 96.59%, Err 0 (0.0e+00)
751.182 .... 2832 packets received, 7727 bps, 96.59%, Err 0 (0.0e+00)
753.309 .... 2840 packets received, 7727 bps, 96.59%, Err 0 (0.0e+00)
755.421 .... 2848 packets received, 7727 bps, 96.59%, Err 0 (0.0e+00)
757.550 .... 2856 packets received, 7727 bps, 96.59%, Err 0 (0.0e+00)
759.674 .... 2864 packets received, 7727 bps, 96.59%, Err 0 (0.0e+00)
761.799 .... 2872 packets received, 7727 bps, 96.59%, Err 0 (0.0e+00)
763.911 .... 2880 packets received, 7727 bps, 96.59%, Err 0 (0.0e+00)
766.024 .... 2888 packets received, 7727 bps, 96.59%, Err 0 (0.0e+00)
768.149 .... 2896 packets received, 7727 bps, 96.59%, Err 0 (0.0e+00)
770.290 .... 2904 packets received, 7727 bps, 96.59%, Err 0 (0.0e+00)
772.403 .... 2912 packets received, 7727 bps, 96.59%, Err 0 (0.0e+00)
774.513 .... 2920 packets received, 7727 bps, 96.59%, Err 0 (0.0e+00)
776.641 .... 2928 packets received, 7727 bps, 96.59%, Err 0 (0.0e+00)
778.752 .... 2936 packets received, 7727 bps, 96.59%, Err 0 (0.0e+00)
780.895 .... 2944 packets received, 7727 bps, 96.59%, Err 0 (0.0e+00)
782.992 .... 2952 packets received, 7727 bps, 96.59%, Err 0 (0.0e+00)
785.104 .... 2960 packets received, 7727 bps, 96.59%, Err 0 (0.0e+00)
787.215 .... 2968 packets received, 7727 bps, 96.59%, Err 0 (0.0e+00)
789.373 .... 2976 packets received, 7727 bps, 96.59%, Err 0 (0.0e+00)
791.470 .... 2984 packets received, 7727 bps, 96.59%, Err 0 (0.0e+00)
793.583 .... 2992 packets received, 7727 bps, 96.59%, Err 0 (0.0e+00)
795.694 .... 3000 packets received, 7727 bps, 96.59%, Err 0 (0.0e+00)
797.836 .... 3008 packets received, 7727 bps, 96.59%, Err 0 (0.0e+00)
799.951 .... 3016 packets received, 7727 bps, 96.59%, Err 0 (0.0e+00)
802.065 .... 3024 packets received, 7727 bps, 96.59%, Err 0 (0.0e+00)
804.196 .... 3032 packets received, 7727 bps, 96.59%, Err 0 (0.0e+00)
806.295 .... 3040 packets received, 7727 bps, 96.59%, Err 0 (0.0e+00)
808.424 .... 3048 packets received, 7727 bps, 96.59%, Err 0 (0.0e+00)
810.555 .... 3056 packets received, 7727 bps, 96.59%, Err 0 (0.0e+00)
812.673 .... 3064 packets received, 7727 bps, 96.59%, Err 0 (0.0e+00)
814.775 .... 3072 packets received, 7727 bps, 96.59%, Err 0 (0.0e+00)
816.907 .... 3080 packets received, 7727 bps, 96.59%, Err 0 (0.0e+00)
819.024 .... 3088 packets received, 7727 bps, 96.59%, Err 0 (0.0e+00)
821.155 .... 3096 packets received, 7727 bps, 96.59%, Err 0 (0.0e+00)
823.257 .... 3104 packets received, 7727 bps, 96.59%, Err 0 (0.0e+00)
825.373 .... 3112 packets received, 7727 bps, 96.59%, Err 0 (0.0e+00)
827.505 .... 3120 packets received, 7727 bps, 96.59%, Err 0 (0.0e+00)
829.621 .... 3128 packets received, 7727 bps, 96.59%, Err 0 (0.0e+00)
831.752 .... 3136 packets received, 7727 bps, 96.59%, Err 0 (0.0e+00)
833.853 .... 3144 packets received, 7727 bps, 96.59%, Err 0 (0.0e+00)
835.986 .... 3152 packets received, 7727 bps, 96.59%, Err 0 (0.0e+00)
838.102 .... 3160 packets received, 7727 bps, 96.59%, Err 0 (0.0e+00)
840.233 .... 3168 packets received, 7727 bps, 96.59%, Err 0 (0.0e+00)
842.334 .... 3176 packets received, 7727 bps, 96.59%, Err 0 (0.0e+00)
844.466 .... 3184 packets received, 7727 bps, 96.59%, Err 0 (0.0e+00)
846.597 .... 3192 packets received, 7727 bps, 96.59%, Err 0 (0.0e+00)
848.699 .... 3200 packets received, 7727 bps, 96.59%, Err 0 (0.0e+00)
850.816 .... 3208 packets received, 7727 bps, 96.59%, Err 0 (0.0e+00)
852.965 .... 3216 packets received, 7727 bps, 96.59%, Err 0 (0.0e+00)
855.080 .... 3224 packets received, 7727 bps, 96.59%, Err 0 (0.0e+00)
857.196 .... 3232 packets received, 7727 bps, 96.59%, Err 0 (0.0e+00)
859.299 .... 3240 packets received, 7727 bps, 96.59%, Err 0 (0.0e+00)
861.431 .... 3248 packets received, 7727 bps, 96.59%, Err 0 (0.0e+00)
863.547 .... 3256 packets received, 7727 bps, 96.59%, Err 0 (0.0e+00)
865.679 .... 3264 packets received, 7727 bps, 96.59%, Err 0 (0.0e+00)
867.810 .... 3272 packets received, 7727 bps, 96.59%, Err 0 (0.0e+00)
869.912 .... 3280 packets received, 7727 bps, 96.59%, Err 0 (0.0e+00)
872.030 .... 3288 packets received, 7727 bps, 96.59%, Err 0 (0.0e+00)
874.158 .... 3296 packets received, 7727 bps, 96.59%, Err 0 (0.0e+00)
876.275 .... 3304 packets received, 7727 bps, 96.59%, Err 0 (0.0e+00)
878.391 .... 3312 packets received, 7727 bps, 96.59%, Err 0 (0.0e+00)
880.509 .... 3320 packets received, 7727 bps, 96.59%, Err 0 (0.0e+00)
882.626 .... 3328 packets received, 7727 bps, 96.59%, Err 0 (0.0e+00)
884.758 .... 3336 packets received, 7727 bps, 96.59%, Err 0 (0.0e+00)
886.859 .... 3344 packets received, 7727 bps, 96.59%, Err 0 (0.0e+00)
888.990 .... 3352 packets received, 7727 bps, 96.59%, Err 0 (0.0e+00)
891.107 .... 3360 packets received, 7727 bps, 96.59%, Err 0 (0.0e+00)
893.239 .... 3368 packets received, 7727 bps, 96.59%, Err 0 (0.0e+00)
895.357 .... 3376 packets received, 7727 bps, 96.59%, Err 0 (0.0e+00)
897.459 .... 3384 packets received, 7727 bps, 96.59%, Err 0 (0.0e+00)
899.574 .... 3392 packets received, 7728 bps, 96.59%, Err 0 (0.0e+00)
901.716 .... 3400 packets received, 7727 bps, 96.59%, Err 0 (0.0e+00)
903.814 .... 3408 packets received, 7728 bps, 96.59%, Err 0 (0.0e+00)
905.958 .... 3416 packets received, 7727 bps, 96.59%, Err 0 (0.0e+00)
908.069 .... 3424 packets received, 7727 bps, 96.59%, Err 0 (0.0e+00)
910.181 .... 3432 packets received, 7727 bps, 96.59%, Err 0 (0.0e+00)
912.308 .... 3440 packets received, 7727 bps, 96.59%, Err 0 (0.0e+00)
914.435 .... 3448 packets received, 7727 bps, 96.59%, Err 0 (0.0e+00)
916.547 .... 3456 packets received, 7727 bps, 96.59%, Err 0 (0.0e+00)
918.688 .... 3464 packets received, 7727 bps, 96.59%, Err 0 (0.0e+00)
920.801 .... 3472 packets received, 7727 bps, 96.59%, Err 0 (0.0e+00)
922.914 .... 3480 packets received, 7727 bps, 96.59%, Err 0 (0.0e+00)
925.027 .... 3488 packets received, 7727 bps, 96.59%, Err 0 (0.0e+00)
927.156 .... 3496 packets received, 7727 bps, 96.59%, Err 0 (0.0e+00)
929.268 .... 3504 packets received, 7727 bps, 96.59%, Err 0 (0.0e+00)
931.396 .... 3512 packets received, 7727 bps, 96.59%, Err 0 (0.0e+00)
933.523 .... 3520 packets received, 7727 bps, 96.59%, Err 0 (0.0e+00)
935.620 .... 3528 packets received, 7728 bps, 96.59%, Err 0 (0.0e+00)
937.763 .... 3536 packets received, 7727 bps, 96.59%, Err 0 (0.0e+00)
939.875 .... 3544 packets received, 7727 bps, 96.59%, Err 0 (0.0e+00)
941.987 .... 3552 packets received, 7727 bps, 96.59%, Err 0 (0.0e+00)
944.101 .... 3560 packets received, 7727 bps, 96.59%, Err 0 (0.0e+00)
946.227 .... 3568 packets received, 7727 bps, 96.59%, Err 0 (0.0e+00)
948.354 .... 3576 packets received, 7727 bps, 96.59%, Err 0 (0.0e+00)
950.481 .... 3584 packets received, 7727 bps, 96.59%, Err 0 (0.0e+00)
952.595 .... 3592 packets received, 7727 bps, 96.59%, Err 0 (0.0e+00)
954.707 .... 3600 packets received, 7727 bps, 96.59%, Err 0 (0.0e+00)
956.837 .... 3608 packets received, 7727 bps, 96.59%, Err 0 (0.0e+00)
958.951 .... 3616 packets received, 7727 bps, 96.59%, Err 0 (0.0e+00)
961.060 .... 3624 packets received, 7728 bps, 96.59%, Err 0 (0.0e+00)
963.202 .... 3632 packets received, 7727 bps, 96.59%, Err 0 (0.0e+00)
965.312 .... 3640 packets received, 7727 bps, 96.59%, Err 0 (0.0e+00)
967.439 .... 3648 packets received, 7727 bps, 96.59%, Err 0 (0.0e+00)
969.535 .... 3656 packets received, 7728 bps, 96.59%, Err 0 (0.0e+00)
971.662 .... 3664 packets received, 7728 bps, 96.59%, Err 0 (0.0e+00)
973.774 .... 3672 packets received, 7728 bps, 96.59%, Err 0 (0.0e+00)
975.918 .... 3680 packets received, 7727 bps, 96.59%, Err 0 (0.0e+00)
978.029 .... 3688 packets received, 7727 bps, 96.59%, Err 0 (0.0e+00)
980.158 .... 3696 packets received, 7727 bps, 96.59%, Err 0 (0.0e+00)
982.284 .... 3704 packets received, 7727 bps, 96.59%, Err 0 (0.0e+00)
984.381 .... 3712 packets received, 7728 bps, 96.59%, Err 0 (0.0e+00)
986.537 .... 3720 packets received, 7727 bps, 96.59%, Err 0 (0.0e+00)
988.634 .... 3728 packets received, 7727 bps, 96.59%, Err 0 (0.0e+00)
990.759 .... 3736 packets received, 7727 bps, 96.59%, Err 0 (0.0e+00)
992.857 .... 3744 packets received, 7728 bps, 96.59%, Err 0 (0.0e+00)
995.001 .... 3752 packets received, 7727 bps, 96.59%, Err 0 (0.0e+00)
997.097 .... 3760 packets received, 7728 bps, 96.59%, Err 0 (0.0e+00)
999.225 .... 3768 packets received, 7728 bps, 96.59%, Err 0 (0.0e+00)
1001.354 .... 3776 packets received, 7727 bps, 96.59%, Err 0 (0.0e+00)
1003.455 .... 3784 packets received, 7728 bps, 96.59%, Err 0 (0.0e+00)
1005.586 .... 3792 packets received, 7728 bps, 96.59%, Err 0 (0.0e+00)
1007.718 .... 3800 packets received, 7727 bps, 96.59%, Err 0 (0.0e+00)
1009.818 .... 3808 packets received, 7728 bps, 96.59%, Err 0 (0.0e+00)
1011.950 .... 3816 packets received, 7727 bps, 96.59%, Err 0 (0.0e+00)
1014.082 .... 3824 packets received, 7727 bps, 96.59%, Err 0 (0.0e+00)
1016.197 .... 3832 packets received, 7727 bps, 96.59%, Err 0 (0.0e+00)
1018.300 .... 3840 packets received, 7728 bps, 96.59%, Err 0 (0.0e+00)
1020.430 .... 3848 packets received, 7727 bps, 96.59%, Err 0 (0.0e+00)
1022.562 .... 3856 packets received, 7727 bps, 96.59%, Err 0 (0.0e+00)
1024.693 .... 3864 packets received, 7727 bps, 96.59%, Err 0 (0.0e+00)
1026.778 .... 3872 packets received, 7728 bps, 96.59%, Err 0 (0.0e+00)
1028.895 .... 3880 packets received, 7728 bps, 96.60%, Err 0 (0.0e+00)
1031.043 .... 3888 packets received, 7727 bps, 96.59%, Err 0 (0.0e+00)
1033.160 .... 3896 packets received, 7727 bps, 96.59%, Err 0 (0.0e+00)
1035.276 .... 3904 packets received, 7727 bps, 96.59%, Err 0 (0.0e+00)
1037.392 .... 3912 packets received, 7727 bps, 96.59%, Err 0 (0.0e+00)
1039.522 .... 3920 packets received, 7727 bps, 96.59%, Err 0 (0.0e+00)
1041.623 .... 3928 packets received, 7728 bps, 96.59%, Err 0 (0.0e+00)
1043.756 .... 3936 packets received, 7727 bps, 96.59%, Err 0 (0.0e+00)
1045.855 .... 3944 packets received, 7728 bps, 96.60%, Err 0 (0.0e+00)
1047.987 .... 3952 packets received, 7728 bps, 96.59%, Err 0 (0.0e+00)
1050.120 .... 3960 packets received, 7727 bps, 96.59%, Err 0 (0.0e+00)
1052.222 .... 3968 packets received, 7728 bps, 96.59%, Err 0 (0.0e+00)
1054.339 .... 3976 packets received, 7728 bps, 96.59%, Err 0 (0.0e+00)
1056.487 .... 3984 packets received, 7727 bps, 96.59%, Err 0 (0.0e+00)
1058.604 .... 3992 packets received, 7727 bps, 96.59%, Err 0 (0.0e+00)
1060.722 .... 4000 packets received, 7727 bps, 96.59%, Err 0 (0.0e+00)
1062.822 .... 4008 packets received, 7728 bps, 96.59%, Err 0 (0.0e+00)
1064.940 .... 4016 packets received, 7728 bps, 96.59%, Err 0 (0.0e+00)
1067.057 .... 4024 packets received, 7728 bps, 96.60%, Err 0 (0.0e+00)
1069.204 .... 4032 packets received, 7727 bps, 96.59%, Err 0 (0.0e+00)
1071.321 .... 4040 packets received, 7727 bps, 96.59%, Err 0 (0.0e+00)
1073.421 .... 4048 packets received, 7728 bps, 96.59%, Err 0 (0.0e+00)
1075.552 .... 4056 packets received, 7728 bps, 96.59%, Err 0 (0.0e+00)
1077.653 .... 4064 packets received, 7728 bps, 96.60%, Err 0 (0.0e+00)
1079.787 .... 4072 packets received, 7728 bps, 96.59%, Err 0 (0.0e+00)
1081.913 .... 4080 packets received, 7728 bps, 96.59%, Err 0 (0.0e+00)
1084.029 .... 4088 packets received, 7728 bps, 96.59%, Err 0 (0.0e+00)
1086.161 .... 4096 packets received, 7727 bps, 96.59%, Err 0 (0.0e+00)
1088.278 .... 4104 packets received, 7727 bps, 96.59%, Err 0 (0.0e+00)
1090.380 .... 4112 packets received, 7728 bps, 96.60%, Err 0 (0.0e+00)
1092.511 .... 4120 packets received, 7728 bps, 96.59%, Err 0 (0.0e+00)
1094.656 .... 4128 packets received, 7727 bps, 96.59%, Err 0 (0.0e+00)
1096.742 .... 4136 packets received, 7728 bps, 96.60%, Err 0 (0.0e+00)
1098.888 .... 4144 packets received, 7727 bps, 96.59%, Err 0 (0.0e+00)
1101.003 .... 4152 packets received, 7727 bps, 96.59%, Err 0 (0.0e+00)
1103.099 .... 4160 packets received, 7728 bps, 96.60%, Err 0 (0.0e+00)
1105.243 .... 4168 packets received, 7727 bps, 96.59%, Err 0 (0.0e+00)
1107.341 .... 4176 packets received, 7728 bps, 96.60%, Err 0 (0.0e+00)
1109.468 .... 4184 packets received, 7728 bps, 96.59%, Err 0 (0.0e+00)
1111.596 .... 4192 packets received, 7728 bps, 96.59%, Err 0 (0.0e+00)
1113.709 .... 4200 packets received, 7728 bps, 96.59%, Err 0 (0.0e+00)
1115.837 .... 4208 packets received, 7728 bps, 96.59%, Err 0 (0.0e+00)
1117.963 .... 4216 packets received, 7727 bps, 96.59%, Err 0 (0.0e+00)
1120.075 .... 4224 packets received, 7728 bps, 96.59%, Err 0 (0.0e+00)
1122.216 .... 4232 packets received, 7727 bps, 96.59%, Err 0 (0.0e+00)
1124.296 .... 4240 packets received, 7728 bps, 96.60%, Err 0 (0.0e+00)
1126.423 .... 4248 packets received, 7728 bps, 96.60%, Err 0 (0.0e+00)
1128.566 .... 4256 packets received, 7727 bps, 96.59%, Err 0 (0.0e+00)
1130.695 .... 4264 packets received, 7727 bps, 96.59%, Err 0 (0.0e+00)
1132.792 .... 4272 packets received, 7728 bps, 96.59%, Err 0 (0.0e+00)
1134.917 .... 4280 packets received, 7728 bps, 96.59%, Err 0 (0.0e+00)
1137.029 .... 4288 packets received, 7728 bps, 96.59%, Err 0 (0.0e+00)
1139.158 .... 4296 packets received, 7728 bps, 96.59%, Err 0 (0.0e+00)
1141.283 .... 4304 packets received, 7727 bps, 96.59%, Err 0 (0.0e+00)
1143.381 .... 4312 packets received, 7728 bps, 96.60%, Err 0 (0.0e+00)
1145.510 .... 4320 packets received, 7728 bps, 96.59%, Err 0 (0.0e+00)
1147.621 .... 4328 packets received, 7728 bps, 96.60%, Err 0 (0.0e+00)
1149.735 .... 4336 packets received, 7728 bps, 96.60%, Err 0 (0.0e+00)
1151.877 .... 4344 packets received, 7728 bps, 96.59%, Err 0 (0.0e+00)
1154.002 .... 4352 packets received, 7728 bps, 96.59%, Err 0 (0.0e+00)
1156.115 .... 4360 packets received, 7728 bps, 96.59%, Err 0 (0.0e+00)
1158.228 .... 4368 packets received, 7728 bps, 96.60%, Err 0 (0.0e+00)
1160.355 .... 4376 packets received, 7728 bps, 96.59%, Err 0 (0.0e+00)
1162.483 .... 4384 packets received, 7728 bps, 96.59%, Err 0 (0.0e+00)
1164.598 .... 4392 packets received, 7728 bps, 96.59%, Err 0 (0.0e+00)
1166.725 .... 4400 packets received, 7727 bps, 96.59%, Err 0 (0.0e+00)
1168.838 .... 4408 packets received, 7728 bps, 96.59%, Err 0 (0.0e+00)
1170.937 .... 4416 packets received, 7728 bps, 96.60%, Err 0 (0.0e+00)
1173.081 .... 4424 packets received, 7728 bps, 96.59%, Err 0 (0.0e+00)
1175.191 .... 4432 packets received, 7728 bps, 96.59%, Err 0 (0.0e+00)
1177.321 .... 4440 packets received, 7728 bps, 96.59%, Err 0 (0.0e+00)
1179.433 .... 4448 packets received, 7728 bps, 96.59%, Err 0 (0.0e+00)
1181.560 .... 4456 packets received, 7728 bps, 96.59%, Err 0 (0.0e+00)
1183.673 .... 4464 packets received, 7728 bps, 96.59%, Err 0 (0.0e+00)
1185.801 .... 4472 packets received, 7728 bps, 96.59%, Err 0 (0.0e+00)
1187.911 .... 4480 packets received, 7728 bps, 96.59%, Err 0 (0.0e+00)
1190.027 .... 4488 packets received, 7728 bps, 96.60%, Err 0 (0.0e+00)
1192.157 .... 4496 packets received, 7728 bps, 96.59%, Err 0 (0.0e+00)
1194.269 .... 4504 packets received, 7728 bps, 96.60%, Err 0 (0.0e+00)
1196.397 .... 4512 packets received, 7728 bps, 96.59%, Err 0 (0.0e+00)
1198.495 .... 4520 packets received, 7728 bps, 96.60%, Err 0 (0.0e+00)
1200.025 Quit.
