000.000 =============================================================
000.000                     Station A                               
000.000 -------------------------------------------------------------
000.000 Protocol.lib, version 4.0, jiangyanjun0718@bupt.edu.cn
000.000 Channel: 8000 bps, 270 ms propagation delay, bit error rate 1.0E-05
000.000 Log file "A.log", TCP port 30011, debug mask 0x00
000.000 Station A is waiting for station B on TCP port 30011 ... Done.
000.679 New epoch: Tue May  7 21:45:59 2019
000.679 =================================================================
000.679 
000.679 Designed by CJSoft, build: May  7 2019  21:45:55
003.481 .... 7 packets received, 6570 bps, 82.13%, Err 1 (5.2e-05)
005.555 .... 15 packets received, 7218 bps, 90.23%, Err 1 (2.8e-05)
007.684 .... 23 packets received, 7377 bps, 92.22%, Err 1 (1.9e-05)
009.793 .... 31 packets received, 7474 bps, 93.43%, Err 1 (1.4e-05)
011.912 .... 39 packets received, 7526 bps, 94.07%, Err 1 (1.2e-05)
014.049 .... 47 packets received, 7549 bps, 94.37%, Err 1 (9.6e-06)
016.155 .... 55 packets received, 7582 bps, 94.78%, Err 1 (8.3e-06)
018.281 .... 63 packets received, 7598 bps, 94.97%, Err 1 (7.3e-06)
020.407 .... 71 packets received, 7610 bps, 95.12%, Err 1 (6.5e-06)
022.535 .... 79 packets received, 7619 bps, 95.23%, Err 1 (5.8e-06)
024.644 .... 87 packets received, 7632 bps, 95.40%, Err 1 (5.3e-06)
026.768 .... 95 packets received, 7639 bps, 95.49%, Err 1 (4.9e-06)
028.880 .... 103 packets received, 7648 bps, 95.60%, Err 1 (4.5e-06)
031.015 .... 111 packets received, 7650 bps, 95.63%, Err 1 (4.2e-06)
033.130 .... 115 packets received, 7399 bps, 92.49%, Err 2 (7.8e-06)
035.261 .... 126 packets received, 7598 bps, 94.98%, Err 2 (7.3e-06)
037.369 .... 134 packets received, 7608 bps, 95.10%, Err 2 (6.9e-06)
039.510 .... 142 packets received, 7611 bps, 95.13%, Err 3 (9.8e-06)
041.618 .... 150 packets received, 7619 bps, 95.24%, Err 3 (9.2e-06)
043.748 .... 158 packets received, 7623 bps, 95.29%, Err 3 (8.8e-06)
045.866 .... 166 packets received, 7628 bps, 95.35%, Err 3 (8.4e-06)
047.974 .... 174 packets received, 7635 bps, 95.43%, Err 3 (8.0e-06)
050.110 .... 182 packets received, 7636 bps, 95.45%, Err 3 (7.6e-06)
052.218 .... 190 packets received, 7642 bps, 95.52%, Err 3 (7.3e-06)
054.345 .... 198 packets received, 7644 bps, 95.55%, Err 3 (7.0e-06)
056.460 .... 206 packets received, 7648 bps, 95.60%, Err 3 (6.8e-06)
058.585 .... 214 packets received, 7651 bps, 95.63%, Err 3 (6.5e-06)
060.698 .... 222 packets received, 7654 bps, 95.68%, Err 3 (6.3e-06)
062.826 .... 230 packets received, 7656 bps, 95.70%, Err 3 (6.1e-06)
064.951 .... 238 packets received, 7658 bps, 95.72%, Err 3 (5.9e-06)
067.052 .... 246 packets received, 7662 bps, 95.78%, Err 3 (5.7e-06)
070.246 .... 254 packets received, 7545 bps, 94.31%, Err 4 (7.2e-06)
072.380 .... 265 packets received, 7635 bps, 95.44%, Err 4 (7.0e-06)
074.496 .... 272 packets received, 7610 bps, 95.13%, Err 5 (8.5e-06)
076.617 .... 279 packets received, 7586 bps, 94.83%, Err 6 (9.9e-06)
078.739 .... 287 packets received, 7590 bps, 94.88%, Err 6 (9.7e-06)
080.857 .... 295 packets received, 7594 bps, 94.92%, Err 6 (9.4e-06)
082.968 .... 303 packets received, 7598 bps, 94.98%, Err 6 (9.2e-06)
085.104 .... 311 packets received, 7600 bps, 95.00%, Err 6 (8.9e-06)
087.229 .... 319 packets received, 7603 bps, 95.04%, Err 6 (8.7e-06)
089.349 .... 327 packets received, 7606 bps, 95.07%, Err 6 (8.5e-06)
091.469 .... 335 packets received, 7609 bps, 95.11%, Err 7 (9.7e-06)
093.583 .... 342 packets received, 7590 bps, 94.87%, Err 8 (1.1e-05)
095.716 .... 350 packets received, 7592 bps, 94.90%, Err 8 (1.1e-05)
097.812 .... 358 packets received, 7597 bps, 94.96%, Err 8 (1.0e-05)
099.954 .... 366 packets received, 7598 bps, 94.97%, Err 8 (1.0e-05)
104.516 .... 369 packets received, 7322 bps, 91.52%, Err 8 (1.0e-05)
108.757 .... 370 packets received, 7052 bps, 88.15%, Err 8 (1.0e-05)
112.863 .... 371 packets received, 6811 bps, 85.13%, Err 8 (1.0e-05)
117.037 .... 372 packets received, 6583 bps, 82.28%, Err 8 (9.9e-06)
121.207 .... 373 packets received, 6371 bps, 79.63%, Err 8 (9.9e-06)
125.285 .... 374 packets received, 6178 bps, 77.22%, Err 8 (9.9e-06)
129.370 .... 375 packets received, 5997 bps, 74.96%, Err 8 (9.8e-06)
133.375 .... 376 packets received, 5830 bps, 72.88%, Err 8 (9.8e-06)
137.459 .... 377 packets received, 5671 bps, 70.88%, Err 8 (9.8e-06)
141.636 .... 378 packets received, 5516 bps, 68.95%, Err 8 (9.7e-06)
145.703 .... 379 packets received, 5375 bps, 67.19%, Err 8 (9.7e-06)
149.770 .... 380 packets received, 5242 bps, 65.52%, Err 8 (9.7e-06)
153.888 .... 381 packets received, 5114 bps, 63.92%, Err 8 (9.6e-06)
158.110 .... 382 packets received, 4989 bps, 62.36%, Err 8 (9.6e-06)
162.239 .... 383 packets received, 4874 bps, 60.92%, Err 8 (9.6e-06)
166.375 .... 384 packets received, 4764 bps, 59.55%, Err 8 (9.5e-06)
170.435 .... 385 packets received, 4662 bps, 58.27%, Err 8 (9.5e-06)
174.565 .... 386 packets received, 4563 bps, 57.03%, Err 8 (9.5e-06)
178.620 .... 387 packets received, 4470 bps, 55.87%, Err 8 (9.4e-06)
182.749 .... 388 packets received, 4379 bps, 54.74%, Err 8 (9.4e-06)
186.789 .... 389 packets received, 4295 bps, 53.69%, Err 8 (9.4e-06)
190.968 .... 390 packets received, 4211 bps, 52.64%, Err 8 (9.4e-06)
195.037 .... 391 packets received, 4133 bps, 51.67%, Err 8 (9.3e-06)
199.183 ** WARNING: System too busy, sleep 15 ms, but be awakened 66 ms later
199.238 .... 392 packets received, 4056 bps, 50.70%, Err 8 (9.3e-06)
201.331 .... 396 packets received, 4054 bps, 50.68%, Err 8 (9.2e-06)
203.445 .... 404 packets received, 4093 bps, 51.16%, Err 8 (9.0e-06)
205.603 .... 412 packets received, 4130 bps, 51.63%, Err 8 (8.8e-06)
207.713 .... 420 packets received, 4167 bps, 52.09%, Err 8 (8.7e-06)
209.837 .... 428 packets received, 4203 bps, 52.54%, Err 8 (8.5e-06)
211.932 .... 436 packets received, 4239 bps, 52.99%, Err 8 (8.4e-06)
214.053 .... 444 packets received, 4274 bps, 53.43%, Err 8 (8.2e-06)
216.191 .... 452 packets received, 4308 bps, 53.85%, Err 8 (8.1e-06)
218.304 .... 460 packets received, 4341 bps, 54.27%, Err 8 (7.9e-06)
220.415 .... 468 packets received, 4374 bps, 54.68%, Err 8 (7.8e-06)
223.335 .... 475 packets received, 4381 bps, 54.77%, Err 9 (8.6e-06)
225.459 .... 486 packets received, 4440 bps, 55.50%, Err 9 (8.5e-06)
227.855 .... 491 packets received, 4438 bps, 55.48%, Err 10 (9.2e-06)
229.948 .... 502 packets received, 4496 bps, 56.20%, Err 10 (9.1e-06)
232.072 .... 510 packets received, 4526 bps, 56.58%, Err 10 (8.9e-06)
234.209 .... 518 packets received, 4555 bps, 56.94%, Err 10 (8.8e-06)
236.334 .... 526 packets received, 4583 bps, 57.29%, Err 10 (8.7e-06)
238.443 .... 534 packets received, 4612 bps, 57.65%, Err 10 (8.6e-06)
240.567 .... 538 packets received, 4605 bps, 57.56%, Err 11 (9.3e-06)
242.695 .... 549 packets received, 4658 bps, 58.22%, Err 11 (9.1e-06)
244.790 .... 557 packets received, 4685 bps, 58.56%, Err 11 (9.0e-06)
246.933 .... 565 packets received, 4711 bps, 58.88%, Err 11 (8.9e-06)
249.311 .... 570 packets received, 4707 bps, 58.84%, Err 12 (9.6e-06)
251.427 .... 581 packets received, 4757 bps, 59.46%, Err 12 (9.4e-06)
253.546 .... 589 packets received, 4782 bps, 59.78%, Err 12 (9.3e-06)
255.652 .... 597 packets received, 4807 bps, 60.09%, Err 12 (9.2e-06)
257.785 .... 605 packets received, 4831 bps, 60.39%, Err 12 (9.1e-06)
259.911 .... 613 packets received, 4854 bps, 60.68%, Err 12 (9.0e-06)
262.025 .... 621 packets received, 4878 bps, 60.97%, Err 12 (8.8e-06)
264.137 .... 629 packets received, 4901 bps, 61.26%, Err 12 (8.7e-06)
266.259 .... 637 packets received, 4924 bps, 61.55%, Err 12 (8.6e-06)
268.915 .... 643 packets received, 4921 bps, 61.51%, Err 13 (9.2e-06)
271.037 .... 654 packets received, 4966 bps, 62.07%, Err 13 (9.1e-06)
273.175 .... 662 packets received, 4987 bps, 62.33%, Err 13 (9.0e-06)
275.305 .... 670 packets received, 5008 bps, 62.60%, Err 13 (8.9e-06)
277.675 .... 675 packets received, 5002 bps, 62.52%, Err 14 (9.4e-06)
279.819 .... 686 packets received, 5044 bps, 63.05%, Err 14 (9.3e-06)
282.206 .... 691 packets received, 5038 bps, 62.97%, Err 15 (9.9e-06)
284.361 .... 702 packets received, 5079 bps, 63.49%, Err 15 (9.8e-06)
286.485 .... 710 packets received, 5099 bps, 63.73%, Err 15 (9.7e-06)
288.613 .... 718 packets received, 5118 bps, 63.97%, Err 15 (9.6e-06)
290.755 .... 726 packets received, 5137 bps, 64.21%, Err 15 (9.5e-06)
292.891 .... 734 packets received, 5155 bps, 64.44%, Err 15 (9.4e-06)
295.021 .... 742 packets received, 5174 bps, 64.67%, Err 15 (9.3e-06)
297.145 .... 750 packets received, 5192 bps, 64.90%, Err 15 (9.2e-06)
299.249 .... 758 packets received, 5210 bps, 65.13%, Err 15 (9.1e-06)
304.383 .... 763 packets received, 5156 bps, 64.45%, Err 15 (9.0e-06)
309.385 .... 764 packets received, 5079 bps, 63.48%, Err 16 (9.6e-06)
312.494 .... 765 packets received, 5035 bps, 62.93%, Err 16 (9.6e-06)
316.727 .... 766 packets received, 4973 bps, 62.17%, Err 16 (9.6e-06)
320.938 .... 767 packets received, 4914 bps, 61.43%, Err 16 (9.5e-06)
325.041 .... 768 packets received, 4858 bps, 60.73%, Err 16 (9.5e-06)
329.111 .... 769 packets received, 4804 bps, 60.05%, Err 16 (9.5e-06)
333.159 .... 770 packets received, 4752 bps, 59.40%, Err 16 (9.5e-06)
337.165 .... 771 packets received, 4701 bps, 58.77%, Err 16 (9.5e-06)
341.300 .... 772 packets received, 4650 bps, 58.13%, Err 16 (9.5e-06)
345.453 .... 773 packets received, 4600 bps, 57.50%, Err 16 (9.4e-06)
349.551 .... 774 packets received, 4552 bps, 56.90%, Err 16 (9.4e-06)
353.743 .... 775 packets received, 4503 bps, 56.29%, Err 16 (9.4e-06)
357.840 .... 776 packets received, 4457 bps, 55.72%, Err 16 (9.4e-06)
361.878 .... 777 packets received, 4413 bps, 55.16%, Err 16 (9.4e-06)
365.884 .... 778 packets received, 4370 bps, 54.63%, Err 16 (9.4e-06)
369.941 .... 779 packets received, 4328 bps, 54.10%, Err 16 (9.4e-06)
374.049 .... 780 packets received, 4286 bps, 53.57%, Err 16 (9.3e-06)
378.097 .... 781 packets received, 4245 bps, 53.06%, Err 16 (9.3e-06)
382.209 .... 782 packets received, 4204 bps, 52.56%, Err 16 (9.3e-06)
386.300 .... 783 packets received, 4165 bps, 52.06%, Err 16 (9.3e-06)
390.380 .... 784 packets received, 4127 bps, 51.58%, Err 16 (9.3e-06)
394.411 .... 785 packets received, 4090 bps, 51.12%, Err 16 (9.3e-06)
398.458 .... 786 packets received, 4053 bps, 50.66%, Err 16 (9.2e-06)
400.553 .... 787 packets received, 4037 bps, 50.46%, Err 16 (9.2e-06)
402.668 .... 795 packets received, 4057 bps, 50.71%, Err 16 (9.1e-06)
405.851 .... 803 packets received, 4065 bps, 50.81%, Err 17 (9.6e-06)
407.980 .... 814 packets received, 4099 bps, 51.24%, Err 18 (1.0e-05)
410.093 .... 821 packets received, 4113 bps, 51.41%, Err 18 (9.9e-06)
412.194 .... 829 packets received, 4132 bps, 51.65%, Err 18 (9.8e-06)
414.329 .... 836 packets received, 4145 bps, 51.82%, Err 19 (1.0e-05)
416.451 .... 844 packets received, 4164 bps, 52.04%, Err 19 (1.0e-05)
418.571 .... 852 packets received, 4182 bps, 52.27%, Err 19 (1.0e-05)
420.706 .... 859 packets received, 4195 bps, 52.43%, Err 20 (1.1e-05)
422.801 .... 867 packets received, 4213 bps, 52.66%, Err 20 (1.0e-05)
424.923 .... 875 packets received, 4230 bps, 52.88%, Err 20 (1.0e-05)
427.066 .... 882 packets received, 4243 bps, 53.03%, Err 21 (1.1e-05)
429.203 .... 890 packets received, 4260 bps, 53.25%, Err 21 (1.1e-05)
431.295 .... 894 packets received, 4258 bps, 53.22%, Err 22 (1.1e-05)
433.444 .... 905 packets received, 4289 bps, 53.61%, Err 22 (1.1e-05)
435.538 .... 912 packets received, 4301 bps, 53.77%, Err 23 (1.1e-05)
437.659 .... 919 packets received, 4313 bps, 53.92%, Err 24 (1.2e-05)
439.789 .... 927 packets received, 4330 bps, 54.12%, Err 24 (1.2e-05)
441.922 .... 935 packets received, 4346 bps, 54.32%, Err 24 (1.2e-05)
444.026 .... 943 packets received, 4362 bps, 54.53%, Err 24 (1.2e-05)
446.154 .... 951 packets received, 4378 bps, 54.73%, Err 24 (1.1e-05)
448.279 .... 959 packets received, 4394 bps, 54.93%, Err 24 (1.1e-05)
450.408 .... 967 packets received, 4410 bps, 55.12%, Err 24 (1.1e-05)
452.521 .... 975 packets received, 4425 bps, 55.32%, Err 24 (1.1e-05)
454.618 .... 983 packets received, 4441 bps, 55.51%, Err 24 (1.1e-05)
456.763 .... 991 packets received, 4456 bps, 55.70%, Err 24 (1.1e-05)
458.884 .... 999 packets received, 4471 bps, 55.89%, Err 24 (1.1e-05)
461.053 .... 1007 packets received, 4486 bps, 56.07%, Err 24 (1.1e-05)
463.123 .... 1015 packets received, 4501 bps, 56.26%, Err 24 (1.1e-05)
465.249 .... 1023 packets received, 4516 bps, 56.45%, Err 24 (1.1e-05)
467.355 .... 1031 packets received, 4531 bps, 56.63%, Err 24 (1.1e-05)
469.479 .... 1039 packets received, 4545 bps, 56.81%, Err 24 (1.0e-05)
470.506 ** WARNING: System too busy, sleep 15 ms, but be awakened 72 ms later
471.588 .... 1047 packets received, 4559 bps, 56.99%, Err 24 (1.0e-05)
473.727 .... 1055 packets received, 4573 bps, 57.17%, Err 24 (1.0e-05)
475.834 .... 1063 packets received, 4588 bps, 57.35%, Err 24 (1.0e-05)
477.954 .... 1071 packets received, 4602 bps, 57.52%, Err 24 (1.0e-05)
480.072 .... 1079 packets received, 4616 bps, 57.69%, Err 24 (1.0e-05)
482.203 .... 1087 packets received, 4629 bps, 57.86%, Err 24 (1.0e-05)
484.314 .... 1095 packets received, 4643 bps, 58.04%, Err 24 (1.0e-05)
486.422 .... 1103 packets received, 4656 bps, 58.21%, Err 24 (9.9e-06)
488.555 .... 1111 packets received, 4670 bps, 58.37%, Err 24 (9.8e-06)
491.468 .... 1118 packets received, 4671 bps, 58.39%, Err 25 (1.0e-05)
493.574 .... 1129 packets received, 4697 bps, 58.71%, Err 25 (1.0e-05)
495.715 .... 1137 packets received, 4710 bps, 58.87%, Err 25 (1.0e-05)
497.839 .... 1145 packets received, 4723 bps, 59.03%, Err 25 (9.9e-06)
499.958 .... 1153 packets received, 4735 bps, 59.19%, Err 25 (9.9e-06)
504.513 .... 1156 packets received, 4705 bps, 58.81%, Err 25 (9.9e-06)
508.631 .... 1157 packets received, 4671 bps, 58.38%, Err 25 (9.8e-06)
512.767 .... 1158 packets received, 4637 bps, 57.96%, Err 25 (9.8e-06)
516.905 .... 1159 packets received, 4604 bps, 57.54%, Err 25 (9.8e-06)
520.973 .... 1160 packets received, 4571 bps, 57.14%, Err 25 (9.8e-06)
525.073 .... 1161 packets received, 4540 bps, 56.75%, Err 25 (9.8e-06)
529.150 .... 1162 packets received, 4508 bps, 56.36%, Err 25 (9.8e-06)
533.243 .... 1163 packets received, 4478 bps, 55.97%, Err 25 (9.8e-06)
537.258 .... 1164 packets received, 4448 bps, 55.60%, Err 25 (9.8e-06)
541.425 .... 1165 packets received, 4417 bps, 55.22%, Err 25 (9.8e-06)
545.443 .... 1166 packets received, 4388 bps, 54.86%, Err 25 (9.8e-06)
549.690 .... 1167 packets received, 4358 bps, 54.48%, Err 25 (9.7e-06)
553.734 .... 1168 packets received, 4330 bps, 54.13%, Err 25 (9.7e-06)
557.796 .... 1169 packets received, 4302 bps, 53.78%, Err 25 (9.7e-06)
561.889 .... 1170 packets received, 4274 bps, 53.43%, Err 25 (9.7e-06)
565.999 .... 1171 packets received, 4247 bps, 53.09%, Err 25 (9.7e-06)
570.030 .... 1172 packets received, 4220 bps, 52.75%, Err 25 (9.7e-06)
574.052 .... 1173 packets received, 4194 bps, 52.43%, Err 25 (9.7e-06)
578.213 .... 1174 packets received, 4168 bps, 52.10%, Err 25 (9.7e-06)
582.294 .... 1175 packets received, 4142 bps, 51.77%, Err 25 (9.7e-06)
586.391 .... 1176 packets received, 4116 bps, 51.45%, Err 25 (9.6e-06)
590.448 .... 1177 packets received, 4091 bps, 51.14%, Err 25 (9.6e-06)
594.569 .... 1178 packets received, 4067 bps, 50.83%, Err 25 (9.6e-06)
598.629 .... 1179 packets received, 4042 bps, 50.53%, Err 25 (9.6e-06)
600.790 .... 1181 packets received, 4035 bps, 50.43%, Err 25 (9.6e-06)
602.943 .... 1189 packets received, 4047 bps, 50.59%, Err 25 (9.5e-06)
605.064 .... 1197 packets received, 4060 bps, 50.75%, Err 25 (9.5e-06)
607.184 .... 1205 packets received, 4073 bps, 50.91%, Err 25 (9.4e-06)
609.338 .... 1213 packets received, 4086 bps, 51.07%, Err 25 (9.3e-06)
611.431 .... 1221 packets received, 4098 bps, 51.23%, Err 25 (9.3e-06)
613.558 .... 1228 packets received, 4108 bps, 51.35%, Err 26 (9.6e-06)
615.692 .... 1232 packets received, 4107 bps, 51.33%, Err 27 (9.9e-06)
617.837 .... 1243 packets received, 4129 bps, 51.61%, Err 27 (9.8e-06)
619.977 .... 1251 packets received, 4141 bps, 51.76%, Err 27 (9.8e-06)
622.104 .... 1259 packets received, 4153 bps, 51.92%, Err 27 (9.7e-06)
624.237 .... 1267 packets received, 4165 bps, 52.07%, Err 27 (9.7e-06)
626.387 .... 1275 packets received, 4177 bps, 52.22%, Err 27 (9.6e-06)
628.520 .... 1283 packets received, 4189 bps, 52.37%, Err 27 (9.5e-06)
630.635 .... 1290 packets received, 4198 bps, 52.47%, Err 28 (9.8e-06)
632.770 .... 1298 packets received, 4210 bps, 52.62%, Err 28 (9.8e-06)
634.895 .... 1306 packets received, 4221 bps, 52.77%, Err 28 (9.7e-06)
637.044 .... 1314 packets received, 4233 bps, 52.91%, Err 28 (9.7e-06)
639.186 .... 1318 packets received, 4232 bps, 52.89%, Err 30 (1.0e-05)
641.302 .... 1328 packets received, 4250 bps, 53.12%, Err 30 (1.0e-05)
643.430 .... 1334 packets received, 4255 bps, 53.18%, Err 31 (1.1e-05)
645.574 .... 1340 packets received, 4260 bps, 53.24%, Err 31 (1.0e-05)
647.717 .... 1346 packets received, 4264 bps, 53.31%, Err 31 (1.0e-05)
649.848 .... 1352 packets received, 4269 bps, 53.37%, Err 31 (1.0e-05)
652.231 .... 1359 packets received, 4276 bps, 53.45%, Err 31 (1.0e-05)
654.627 .... 1366 packets received, 4282 bps, 53.53%, Err 31 (1.0e-05)
656.763 .... 1372 packets received, 4287 bps, 53.59%, Err 31 (1.0e-05)
658.895 .... 1378 packets received, 4292 bps, 53.65%, Err 31 (1.0e-05)
661.039 .... 1384 packets received, 4296 bps, 53.70%, Err 31 (1.0e-05)
663.163 .... 1390 packets received, 4301 bps, 53.76%, Err 31 (1.0e-05)
665.307 .... 1396 packets received, 4306 bps, 53.82%, Err 31 (9.9e-06)
667.415 .... 1402 packets received, 4311 bps, 53.88%, Err 31 (9.9e-06)
669.552 .... 1408 packets received, 4315 bps, 53.94%, Err 31 (9.8e-06)
671.664 .... 1414 packets received, 4320 bps, 54.00%, Err 32 (1.0e-05)
673.781 .... 1422 packets received, 4331 bps, 54.13%, Err 32 (1.0e-05)
675.907 .... 1430 packets received, 4341 bps, 54.27%, Err 32 (1.0e-05)
678.032 .... 1438 packets received, 4352 bps, 54.40%, Err 32 (9.9e-06)
680.146 .... 1446 packets received, 4362 bps, 54.53%, Err 32 (9.9e-06)
682.273 .... 1454 packets received, 4373 bps, 54.66%, Err 32 (9.8e-06)
682.709 ** WARNING: System too busy, sleep 15 ms, but be awakened 72 ms later
684.424 .... 1462 packets received, 4383 bps, 54.79%, Err 32 (9.8e-06)
686.525 .... 1470 packets received, 4394 bps, 54.92%, Err 32 (9.7e-06)
688.648 .... 1478 packets received, 4404 bps, 55.05%, Err 32 (9.7e-06)
690.759 .... 1486 packets received, 4414 bps, 55.18%, Err 32 (9.6e-06)
693.678 .... 1493 packets received, 4416 bps, 55.20%, Err 34 (1.0e-05)
695.807 .... 1504 packets received, 4435 bps, 55.44%, Err 34 (1.0e-05)
697.412 ** WARNING: System too busy, sleep 15 ms, but be awakened 79 ms later
697.942 .... 1512 packets received, 4445 bps, 55.56%, Err 34 (1.0e-05)
700.023 Quit.
