000.000 =============================================================
000.000                     Station A                               
000.000 -------------------------------------------------------------
000.000 Protocol.lib, version 4.0, jiangyanjun0718@bupt.edu.cn
000.000 Channel: 8000 bps, 270 ms propagation delay, bit error rate 1.0E-05
000.000 Log file "fA.log", TCP port 30014, debug mask 0x00
000.000 Station A is waiting for station B on TCP port 30014 ... Done.
000.717 New epoch: Tue May  7 21:45:59 2019
000.717 =================================================================
000.717 
000.717 Designed by CJSoft, build: May  7 2019  21:45:55
003.136 .... 7 packets received, 6696 bps, 83.70%, Err 1 (5.2e-05)
005.266 .... 15 packets received, 7193 bps, 89.91%, Err 1 (2.8e-05)
007.384 .... 23 packets received, 7373 bps, 92.16%, Err 1 (1.9e-05)
009.497 .... 31 packets received, 7467 bps, 93.34%, Err 1 (1.4e-05)
011.617 .... 39 packets received, 7520 bps, 94.00%, Err 1 (1.2e-05)
013.734 .... 47 packets received, 7556 bps, 94.45%, Err 1 (9.6e-06)
015.859 .... 55 packets received, 7578 bps, 94.73%, Err 1 (8.3e-06)
017.982 .... 63 packets received, 7595 bps, 94.94%, Err 1 (7.3e-06)
020.094 .... 71 packets received, 7613 bps, 95.17%, Err 1 (6.5e-06)
022.236 .... 79 packets received, 7617 bps, 95.21%, Err 1 (5.8e-06)
024.349 .... 87 packets received, 7629 bps, 95.37%, Err 1 (5.3e-06)
026.476 .... 95 packets received, 7635 bps, 95.44%, Err 1 (4.9e-06)
028.589 .... 103 packets received, 7645 bps, 95.56%, Err 1 (4.5e-06)
030.728 .... 111 packets received, 7646 bps, 95.57%, Err 1 (4.2e-06)
033.632 .... 118 packets received, 7405 bps, 92.56%, Err 2 (7.6e-06)
035.767 .... 129 packets received, 7598 bps, 94.97%, Err 2 (7.1e-06)
037.880 .... 137 packets received, 7607 bps, 95.08%, Err 2 (6.7e-06)
040.014 .... 144 packets received, 7558 bps, 94.48%, Err 3 (9.6e-06)
042.129 .... 152 packets received, 7568 bps, 94.60%, Err 3 (9.1e-06)
044.250 .... 160 packets received, 7576 bps, 94.69%, Err 3 (8.6e-06)
046.378 .... 168 packets received, 7581 bps, 94.77%, Err 3 (8.2e-06)
048.492 .... 176 packets received, 7589 bps, 94.86%, Err 3 (7.9e-06)
050.609 .... 184 packets received, 7595 bps, 94.94%, Err 3 (7.5e-06)
052.748 .... 192 packets received, 7598 bps, 94.97%, Err 3 (7.2e-06)
054.848 .... 200 packets received, 7606 bps, 95.07%, Err 3 (6.9e-06)
056.965 .... 208 packets received, 7611 bps, 95.14%, Err 3 (6.7e-06)
059.347 .... 213 packets received, 7476 bps, 93.45%, Err 4 (8.5e-06)
061.484 .... 224 packets received, 7584 bps, 94.80%, Err 4 (8.2e-06)
063.602 .... 232 packets received, 7589 bps, 94.86%, Err 4 (8.0e-06)
065.726 .... 240 packets received, 7593 bps, 94.92%, Err 4 (7.7e-06)
067.831 .... 248 packets received, 7599 bps, 94.99%, Err 4 (7.5e-06)
069.947 .... 256 packets received, 7604 bps, 95.05%, Err 4 (7.2e-06)
072.612 .... 262 packets received, 7492 bps, 93.65%, Err 5 (8.7e-06)
074.749 .... 269 packets received, 7470 bps, 93.37%, Err 6 (1.0e-05)
076.851 .... 280 packets received, 7560 bps, 94.49%, Err 6 (9.9e-06)
078.985 .... 288 packets received, 7563 bps, 94.54%, Err 6 (9.6e-06)
081.102 .... 296 packets received, 7567 bps, 94.59%, Err 6 (9.3e-06)
083.230 .... 304 packets received, 7571 bps, 94.64%, Err 6 (9.1e-06)
085.326 .... 312 packets received, 7577 bps, 94.71%, Err 6 (8.9e-06)
087.451 .... 320 packets received, 7580 bps, 94.75%, Err 6 (8.7e-06)
089.579 .... 328 packets received, 7583 bps, 94.79%, Err 6 (8.4e-06)
092.489 .... 335 packets received, 7499 bps, 93.73%, Err 8 (1.1e-05)
094.631 .... 345 packets received, 7546 bps, 94.32%, Err 8 (1.1e-05)
096.740 .... 353 packets received, 7551 bps, 94.38%, Err 8 (1.0e-05)
098.853 .... 361 packets received, 7555 bps, 94.44%, Err 8 (1.0e-05)
100.994 .... 369 packets received, 7557 bps, 94.46%, Err 8 (1.0e-05)
103.109 .... 377 packets received, 7561 bps, 94.51%, Err 8 (9.8e-06)
105.212 .... 385 packets received, 7566 bps, 94.57%, Err 8 (9.6e-06)
107.331 .... 393 packets received, 7569 bps, 94.61%, Err 8 (9.4e-06)
109.460 .... 401 packets received, 7572 bps, 94.64%, Err 8 (9.2e-06)
111.580 .... 405 packets received, 7500 bps, 93.76%, Err 9 (1.0e-05)
113.718 .... 416 packets received, 7558 bps, 94.48%, Err 9 (1.0e-05)
115.830 .... 424 packets received, 7562 bps, 94.52%, Err 9 (9.8e-06)
117.958 .... 432 packets received, 7564 bps, 94.55%, Err 9 (9.6e-06)
120.606 .... 438 packets received, 7500 bps, 93.74%, Err 10 (1.0e-05)
122.709 .... 449 packets received, 7555 bps, 94.44%, Err 10 (1.0e-05)
124.847 .... 457 packets received, 7557 bps, 94.46%, Err 10 (1.0e-05)
126.955 .... 465 packets received, 7560 bps, 94.51%, Err 10 (9.9e-06)
129.084 .... 473 packets received, 7563 bps, 94.53%, Err 10 (9.7e-06)
131.225 .... 481 packets received, 7564 bps, 94.55%, Err 10 (9.6e-06)
133.359 .... 489 packets received, 7566 bps, 94.58%, Err 10 (9.4e-06)
135.474 .... 497 packets received, 7569 bps, 94.61%, Err 10 (9.3e-06)
137.601 .... 505 packets received, 7571 bps, 94.64%, Err 10 (9.1e-06)
139.728 .... 513 packets received, 7573 bps, 94.66%, Err 10 (9.0e-06)
141.854 .... 521 packets received, 7575 bps, 94.69%, Err 10 (8.9e-06)
143.975 .... 529 packets received, 7577 bps, 94.72%, Err 11 (9.6e-06)
146.082 .... 536 packets received, 7566 bps, 94.57%, Err 11 (9.5e-06)
148.221 .... 544 packets received, 7567 bps, 94.59%, Err 11 (9.3e-06)
150.336 .... 552 packets received, 7570 bps, 94.62%, Err 12 (1.0e-05)
152.477 .... 559 packets received, 7558 bps, 94.47%, Err 12 (9.9e-06)
154.598 .... 567 packets received, 7560 bps, 94.50%, Err 12 (9.8e-06)
156.702 .... 575 packets received, 7563 bps, 94.54%, Err 12 (9.6e-06)
158.834 .... 583 packets received, 7565 bps, 94.56%, Err 12 (9.5e-06)
161.469 .... 589 packets received, 7517 bps, 93.96%, Err 13 (1.0e-05)
163.591 .... 600 packets received, 7557 bps, 94.47%, Err 13 (1.0e-05)
165.716 .... 608 packets received, 7559 bps, 94.49%, Err 13 (9.9e-06)
167.823 .... 616 packets received, 7562 bps, 94.53%, Err 13 (9.7e-06)
169.964 .... 624 packets received, 7563 bps, 94.54%, Err 13 (9.6e-06)
172.072 .... 632 packets received, 7566 bps, 94.57%, Err 13 (9.5e-06)
174.192 .... 640 packets received, 7568 bps, 94.60%, Err 13 (9.4e-06)
176.324 .... 648 packets received, 7569 bps, 94.62%, Err 13 (9.3e-06)
178.446 .... 656 packets received, 7571 bps, 94.64%, Err 13 (9.1e-06)
180.562 .... 664 packets received, 7573 bps, 94.66%, Err 13 (9.0e-06)
183.739 .... 672 packets received, 7531 bps, 94.14%, Err 14 (9.6e-06)
185.861 .... 683 packets received, 7566 bps, 94.58%, Err 14 (9.5e-06)
187.988 .... 691 packets received, 7568 bps, 94.60%, Err 14 (9.3e-06)
190.123 .... 699 packets received, 7569 bps, 94.62%, Err 14 (9.2e-06)
193.031 .... 706 packets received, 7529 bps, 94.12%, Err 15 (9.8e-06)
195.147 .... 717 packets received, 7563 bps, 94.54%, Err 15 (9.6e-06)
197.805 .... 723 packets received, 7524 bps, 94.04%, Err 16 (1.0e-05)
199.920 .... 734 packets received, 7557 bps, 94.46%, Err 16 (1.0e-05)
202.034 .... 742 packets received, 7559 bps, 94.49%, Err 16 (9.9e-06)
204.163 .... 750 packets received, 7560 bps, 94.50%, Err 16 (9.8e-06)
206.292 .... 758 packets received, 7562 bps, 94.52%, Err 16 (9.7e-06)
208.394 .... 766 packets received, 7564 bps, 94.55%, Err 16 (9.6e-06)
210.533 .... 774 packets received, 7565 bps, 94.56%, Err 16 (9.5e-06)
212.654 .... 782 packets received, 7567 bps, 94.58%, Err 16 (9.4e-06)
214.772 .... 790 packets received, 7568 bps, 94.60%, Err 16 (9.3e-06)
216.919 .... 798 packets received, 7569 bps, 94.61%, Err 16 (9.3e-06)
219.058 .... 802 packets received, 7532 bps, 94.15%, Err 17 (9.7e-06)
221.133 .... 813 packets received, 7564 bps, 94.54%, Err 17 (9.6e-06)
223.245 .... 821 packets received, 7565 bps, 94.57%, Err 17 (9.6e-06)
225.376 .... 829 packets received, 7567 bps, 94.58%, Err 17 (9.5e-06)
227.498 .... 837 packets received, 7568 bps, 94.60%, Err 17 (9.4e-06)
229.616 .... 845 packets received, 7570 bps, 94.62%, Err 17 (9.3e-06)
231.725 .... 853 packets received, 7571 bps, 94.64%, Err 17 (9.2e-06)
233.833 .... 861 packets received, 7573 bps, 94.66%, Err 17 (9.1e-06)
235.969 .... 865 packets received, 7539 bps, 94.24%, Err 18 (9.6e-06)
239.141 .... 876 packets received, 7533 bps, 94.17%, Err 19 (1.0e-05)
241.271 .... 887 packets received, 7560 bps, 94.50%, Err 19 (9.9e-06)
243.657 .... 892 packets received, 7528 bps, 94.10%, Err 20 (1.0e-05)
245.780 .... 903 packets received, 7555 bps, 94.44%, Err 20 (1.0e-05)
247.896 .... 911 packets received, 7557 bps, 94.46%, Err 20 (1.0e-05)
250.555 .... 917 packets received, 7525 bps, 94.07%, Err 21 (1.1e-05)
252.677 .... 928 packets received, 7551 bps, 94.39%, Err 21 (1.0e-05)
254.784 .... 936 packets received, 7553 bps, 94.42%, Err 21 (1.0e-05)
256.920 .... 940 packets received, 7522 bps, 94.03%, Err 22 (1.1e-05)
259.027 .... 951 packets received, 7548 bps, 94.35%, Err 22 (1.1e-05)
261.158 .... 959 packets received, 7549 bps, 94.37%, Err 22 (1.1e-05)
263.301 .... 967 packets received, 7550 bps, 94.38%, Err 22 (1.0e-05)
265.402 .... 975 packets received, 7552 bps, 94.40%, Err 22 (1.0e-05)
267.504 .... 982 packets received, 7546 bps, 94.33%, Err 23 (1.1e-05)
269.635 .... 990 packets received, 7547 bps, 94.34%, Err 23 (1.1e-05)
271.745 .... 998 packets received, 7549 bps, 94.36%, Err 23 (1.1e-05)
273.875 .... 1006 packets received, 7550 bps, 94.38%, Err 23 (1.1e-05)
276.016 .... 1014 packets received, 7551 bps, 94.39%, Err 23 (1.0e-05)
278.117 .... 1022 packets received, 7553 bps, 94.41%, Err 23 (1.0e-05)
280.242 .... 1030 packets received, 7554 bps, 94.43%, Err 23 (1.0e-05)
282.362 .... 1038 packets received, 7555 bps, 94.44%, Err 23 (1.0e-05)
284.472 .... 1046 packets received, 7557 bps, 94.46%, Err 23 (1.0e-05)
286.591 .... 1054 packets received, 7558 bps, 94.48%, Err 23 (1.0e-05)
288.706 .... 1062 packets received, 7560 bps, 94.49%, Err 23 (1.0e-05)
290.850 .... 1070 packets received, 7560 bps, 94.50%, Err 23 (9.9e-06)
292.954 .... 1078 packets received, 7562 bps, 94.52%, Err 23 (9.8e-06)
295.083 .... 1086 packets received, 7563 bps, 94.53%, Err 23 (9.8e-06)
297.192 .... 1094 packets received, 7564 bps, 94.55%, Err 23 (9.7e-06)
299.343 .... 1102 packets received, 7565 bps, 94.56%, Err 23 (9.6e-06)
301.446 .... 1110 packets received, 7566 bps, 94.58%, Err 23 (9.6e-06)
303.572 .... 1118 packets received, 7567 bps, 94.59%, Err 23 (9.5e-06)
305.690 .... 1126 packets received, 7568 bps, 94.60%, Err 23 (9.4e-06)
307.814 .... 1134 packets received, 7569 bps, 94.62%, Err 23 (9.4e-06)
309.942 .... 1142 packets received, 7570 bps, 94.63%, Err 23 (9.3e-06)
312.069 .... 1150 packets received, 7571 bps, 94.64%, Err 23 (9.2e-06)
314.173 .... 1158 packets received, 7573 bps, 94.66%, Err 23 (9.2e-06)
316.288 .... 1166 packets received, 7574 bps, 94.67%, Err 23 (9.1e-06)
319.476 .... 1174 packets received, 7549 bps, 94.37%, Err 24 (9.4e-06)
321.617 .... 1185 packets received, 7569 bps, 94.62%, Err 24 (9.4e-06)
323.719 .... 1193 packets received, 7571 bps, 94.63%, Err 24 (9.3e-06)
325.848 .... 1201 packets received, 7572 bps, 94.64%, Err 24 (9.2e-06)
327.968 .... 1209 packets received, 7573 bps, 94.66%, Err 24 (9.2e-06)
330.092 .... 1217 packets received, 7573 bps, 94.67%, Err 24 (9.1e-06)
332.211 .... 1225 packets received, 7575 bps, 94.68%, Err 24 (9.1e-06)
334.328 .... 1233 packets received, 7576 bps, 94.69%, Err 24 (9.0e-06)
336.446 .... 1241 packets received, 7577 bps, 94.71%, Err 24 (8.9e-06)
338.571 .... 1249 packets received, 7577 bps, 94.72%, Err 24 (8.9e-06)
340.686 .... 1257 packets received, 7578 bps, 94.73%, Err 24 (8.8e-06)
342.811 .... 1265 packets received, 7579 bps, 94.74%, Err 24 (8.8e-06)
344.931 .... 1273 packets received, 7580 bps, 94.75%, Err 24 (8.7e-06)
347.045 .... 1281 packets received, 7581 bps, 94.77%, Err 24 (8.7e-06)
349.168 .... 1289 packets received, 7582 bps, 94.78%, Err 24 (8.6e-06)
352.333 .... 1297 packets received, 7560 bps, 94.51%, Err 25 (8.9e-06)
354.473 .... 1308 packets received, 7578 bps, 94.73%, Err 25 (8.8e-06)
356.596 .... 1316 packets received, 7579 bps, 94.74%, Err 26 (9.1e-06)
358.719 .... 1324 packets received, 7580 bps, 94.75%, Err 26 (9.1e-06)
360.824 .... 1332 packets received, 7581 bps, 94.77%, Err 26 (9.0e-06)
362.938 .... 1340 packets received, 7582 bps, 94.78%, Err 26 (9.0e-06)
365.868 .... 1347 packets received, 7561 bps, 94.51%, Err 27 (9.2e-06)
367.983 .... 1358 packets received, 7578 bps, 94.73%, Err 27 (9.2e-06)
370.115 .... 1366 packets received, 7579 bps, 94.74%, Err 27 (9.1e-06)
372.220 .... 1374 packets received, 7580 bps, 94.75%, Err 28 (9.4e-06)
374.354 .... 1381 packets received, 7575 bps, 94.69%, Err 28 (9.4e-06)
376.477 .... 1389 packets received, 7576 bps, 94.70%, Err 28 (9.3e-06)
378.580 .... 1396 packets received, 7572 bps, 94.65%, Err 29 (9.6e-06)
380.713 .... 1404 packets received, 7572 bps, 94.66%, Err 29 (9.5e-06)
382.855 .... 1412 packets received, 7573 bps, 94.66%, Err 30 (9.8e-06)
384.965 .... 1419 packets received, 7569 bps, 94.61%, Err 30 (9.8e-06)
387.334 .... 1424 packets received, 7549 bps, 94.36%, Err 31 (1.0e-05)
389.478 .... 1435 packets received, 7565 bps, 94.56%, Err 31 (1.0e-05)
391.596 .... 1443 packets received, 7566 bps, 94.57%, Err 31 (9.9e-06)
393.700 .... 1451 packets received, 7567 bps, 94.59%, Err 31 (9.9e-06)
395.842 .... 1459 packets received, 7568 bps, 94.59%, Err 31 (9.8e-06)
397.954 .... 1467 packets received, 7569 bps, 94.61%, Err 31 (9.8e-06)
400.082 .... 1475 packets received, 7569 bps, 94.62%, Err 31 (9.7e-06)
402.198 .... 1483 packets received, 7570 bps, 94.63%, Err 31 (9.7e-06)
404.322 .... 1487 packets received, 7551 bps, 94.38%, Err 32 (9.9e-06)
406.432 .... 1498 packets received, 7567 bps, 94.59%, Err 32 (9.9e-06)
408.549 .... 1506 packets received, 7568 bps, 94.60%, Err 32 (9.8e-06)
410.674 .... 1514 packets received, 7569 bps, 94.61%, Err 32 (9.8e-06)
412.811 .... 1522 packets received, 7569 bps, 94.61%, Err 32 (9.7e-06)
414.927 .... 1530 packets received, 7570 bps, 94.62%, Err 32 (9.7e-06)
417.048 .... 1538 packets received, 7571 bps, 94.63%, Err 32 (9.6e-06)
419.158 .... 1546 packets received, 7572 bps, 94.65%, Err 32 (9.6e-06)
421.348 .... 1554 packets received, 7571 bps, 94.64%, Err 32 (9.5e-06)
423.474 .... 1562 packets received, 7572 bps, 94.65%, Err 32 (9.5e-06)
426.601 .... 1570 packets received, 7555 bps, 94.43%, Err 33 (9.7e-06)
428.694 .... 1581 packets received, 7570 bps, 94.63%, Err 33 (9.6e-06)
430.838 .... 1589 packets received, 7571 bps, 94.64%, Err 33 (9.6e-06)
432.955 .... 1597 packets received, 7572 bps, 94.65%, Err 33 (9.5e-06)
435.073 .... 1604 packets received, 7568 bps, 94.60%, Err 34 (9.8e-06)
437.204 .... 1608 packets received, 7550 bps, 94.37%, Err 35 (1.0e-05)
439.303 .... 1619 packets received, 7565 bps, 94.56%, Err 35 (1.0e-05)
441.424 .... 1627 packets received, 7566 bps, 94.57%, Err 35 (9.9e-06)
443.571 .... 1635 packets received, 7566 bps, 94.57%, Err 35 (9.9e-06)
446.480 .... 1642 packets received, 7549 bps, 94.36%, Err 36 (1.0e-05)
448.608 .... 1653 packets received, 7563 bps, 94.54%, Err 36 (1.0e-05)
450.707 .... 1661 packets received, 7564 bps, 94.55%, Err 36 (1.0e-05)
452.844 .... 1669 packets received, 7565 bps, 94.56%, Err 36 (1.0e-05)
454.961 .... 1677 packets received, 7566 bps, 94.57%, Err 36 (9.9e-06)
457.085 .... 1685 packets received, 7566 bps, 94.58%, Err 36 (9.9e-06)
460.256 .... 1693 packets received, 7550 bps, 94.37%, Err 37 (1.0e-05)
462.382 .... 1704 packets received, 7564 bps, 94.55%, Err 37 (1.0e-05)
464.531 .... 1708 packets received, 7546 bps, 94.33%, Err 38 (1.0e-05)
466.645 .... 1719 packets received, 7560 bps, 94.51%, Err 38 (1.0e-05)
468.779 .... 1727 packets received, 7561 bps, 94.51%, Err 38 (1.0e-05)
470.872 .... 1735 packets received, 7562 bps, 94.53%, Err 38 (1.0e-05)
473.012 .... 1743 packets received, 7563 bps, 94.53%, Err 38 (1.0e-05)
475.122 .... 1751 packets received, 7563 bps, 94.54%, Err 38 (1.0e-05)
477.245 .... 1759 packets received, 7564 bps, 94.55%, Err 38 (1.0e-05)
479.359 .... 1767 packets received, 7565 bps, 94.56%, Err 38 (9.9e-06)
482.537 .... 1775 packets received, 7549 bps, 94.36%, Err 39 (1.0e-05)
484.678 .... 1786 packets received, 7562 bps, 94.53%, Err 39 (1.0e-05)
486.795 .... 1794 packets received, 7563 bps, 94.54%, Err 39 (1.0e-05)
488.915 .... 1802 packets received, 7564 bps, 94.55%, Err 39 (1.0e-05)
491.012 .... 1810 packets received, 7565 bps, 94.56%, Err 39 (9.9e-06)
493.151 .... 1818 packets received, 7565 bps, 94.57%, Err 39 (9.9e-06)
495.259 .... 1826 packets received, 7566 bps, 94.58%, Err 39 (9.9e-06)
497.368 .... 1834 packets received, 7567 bps, 94.59%, Err 39 (9.8e-06)
500.291 .... 1841 packets received, 7551 bps, 94.39%, Err 40 (1.0e-05)
502.414 .... 1852 packets received, 7564 bps, 94.55%, Err 40 (1.0e-05)
504.533 .... 1860 packets received, 7565 bps, 94.56%, Err 40 (9.9e-06)
506.662 .... 1868 packets received, 7566 bps, 94.57%, Err 40 (9.9e-06)
509.588 .... 1875 packets received, 7550 bps, 94.38%, Err 41 (1.0e-05)
511.710 .... 1886 packets received, 7563 bps, 94.54%, Err 41 (1.0e-05)
514.334 .... 1892 packets received, 7548 bps, 94.35%, Err 42 (1.0e-05)
516.485 .... 1903 packets received, 7560 bps, 94.51%, Err 42 (1.0e-05)
518.599 .... 1911 packets received, 7561 bps, 94.52%, Err 42 (1.0e-05)
520.998 .... 1916 packets received, 7546 bps, 94.33%, Err 43 (1.0e-05)
523.098 .... 1927 packets received, 7559 bps, 94.49%, Err 43 (1.0e-05)
525.228 .... 1935 packets received, 7559 bps, 94.49%, Err 43 (1.0e-05)
527.349 .... 1943 packets received, 7560 bps, 94.50%, Err 43 (1.0e-05)
529.479 .... 1951 packets received, 7561 bps, 94.51%, Err 44 (1.0e-05)
531.578 .... 1959 packets received, 7562 bps, 94.52%, Err 44 (1.0e-05)
533.698 .... 1967 packets received, 7562 bps, 94.53%, Err 44 (1.0e-05)
535.824 .... 1975 packets received, 7563 bps, 94.53%, Err 44 (1.0e-05)
537.948 .... 1983 packets received, 7563 bps, 94.54%, Err 44 (1.0e-05)
540.079 .... 1991 packets received, 7564 bps, 94.55%, Err 44 (1.0e-05)
542.755 .... 1996 packets received, 7545 bps, 94.32%, Err 45 (1.0e-05)
544.842 .... 2008 packets received, 7562 bps, 94.52%, Err 45 (1.0e-05)
546.968 .... 2016 packets received, 7562 bps, 94.53%, Err 45 (1.0e-05)
549.078 .... 2024 packets received, 7563 bps, 94.54%, Err 45 (1.0e-05)
551.200 .... 2032 packets received, 7564 bps, 94.55%, Err 45 (1.0e-05)
553.339 .... 2040 packets received, 7564 bps, 94.55%, Err 45 (1.0e-05)
555.458 .... 2044 packets received, 7550 bps, 94.37%, Err 46 (1.0e-05)
557.576 .... 2055 packets received, 7562 bps, 94.52%, Err 46 (1.0e-05)
559.681 .... 2063 packets received, 7562 bps, 94.53%, Err 46 (1.0e-05)
561.811 .... 2071 packets received, 7563 bps, 94.54%, Err 46 (1.0e-05)
563.945 .... 2078 packets received, 7560 bps, 94.50%, Err 47 (1.0e-05)
566.071 .... 2086 packets received, 7560 bps, 94.50%, Err 47 (1.0e-05)
568.188 .... 2094 packets received, 7561 bps, 94.51%, Err 47 (1.0e-05)
570.336 .... 2102 packets received, 7561 bps, 94.51%, Err 47 (1.0e-05)
572.435 .... 2110 packets received, 7562 bps, 94.53%, Err 47 (1.0e-05)
574.559 .... 2118 packets received, 7563 bps, 94.53%, Err 48 (1.0e-05)
576.666 .... 2125 packets received, 7560 bps, 94.50%, Err 48 (1.0e-05)
578.797 .... 2133 packets received, 7560 bps, 94.50%, Err 48 (1.0e-05)
581.458 .... 2139 packets received, 7547 bps, 94.34%, Err 49 (1.1e-05)
583.561 .... 2150 packets received, 7558 bps, 94.48%, Err 49 (1.1e-05)
585.700 .... 2158 packets received, 7559 bps, 94.48%, Err 49 (1.0e-05)
587.808 .... 2166 packets received, 7559 bps, 94.49%, Err 49 (1.0e-05)
589.913 .... 2174 packets received, 7560 bps, 94.50%, Err 49 (1.0e-05)
592.028 .... 2182 packets received, 7561 bps, 94.51%, Err 49 (1.0e-05)
594.162 .... 2190 packets received, 7561 bps, 94.52%, Err 49 (1.0e-05)
596.281 .... 2197 packets received, 7558 bps, 94.48%, Err 50 (1.0e-05)
598.407 .... 2205 packets received, 7559 bps, 94.49%, Err 50 (1.0e-05)
600.527 .... 2213 packets received, 7560 bps, 94.50%, Err 50 (1.0e-05)
602.656 .... 2221 packets received, 7560 bps, 94.50%, Err 50 (1.0e-05)
605.834 .... 2229 packets received, 7547 bps, 94.34%, Err 51 (1.1e-05)
607.959 .... 2240 packets received, 7558 bps, 94.48%, Err 51 (1.0e-05)
610.124 .... 2248 packets received, 7558 bps, 94.48%, Err 51 (1.0e-05)
612.230 .... 2256 packets received, 7559 bps, 94.49%, Err 51 (1.0e-05)
614.403 .... 2264 packets received, 7559 bps, 94.49%, Err 51 (1.0e-05)
616.505 .... 2272 packets received, 7560 bps, 94.50%, Err 51 (1.0e-05)
618.640 .... 2279 packets received, 7557 bps, 94.46%, Err 52 (1.1e-05)
620.751 .... 2287 packets received, 7557 bps, 94.47%, Err 52 (1.0e-05)
623.703 .... 2293 packets received, 7541 bps, 94.27%, Err 53 (1.1e-05)
625.821 .... 2305 packets received, 7555 bps, 94.44%, Err 53 (1.1e-05)
627.968 .... 2313 packets received, 7555 bps, 94.44%, Err 53 (1.1e-05)
630.088 .... 2321 packets received, 7556 bps, 94.45%, Err 53 (1.1e-05)
632.236 .... 2329 packets received, 7556 bps, 94.45%, Err 53 (1.0e-05)
635.420 .... 2337 packets received, 7544 bps, 94.30%, Err 54 (1.1e-05)
637.552 .... 2348 packets received, 7554 bps, 94.43%, Err 54 (1.1e-05)
639.679 .... 2356 packets received, 7555 bps, 94.43%, Err 54 (1.1e-05)
641.819 .... 2364 packets received, 7555 bps, 94.44%, Err 54 (1.1e-05)
643.941 .... 2372 packets received, 7556 bps, 94.45%, Err 54 (1.0e-05)
646.059 .... 2380 packets received, 7556 bps, 94.45%, Err 54 (1.0e-05)
648.173 .... 2388 packets received, 7557 bps, 94.46%, Err 54 (1.0e-05)
650.288 .... 2396 packets received, 7557 bps, 94.47%, Err 54 (1.0e-05)
652.672 .... 2400 packets received, 7542 bps, 94.28%, Err 55 (1.1e-05)
654.803 .... 2412 packets received, 7555 bps, 94.44%, Err 55 (1.1e-05)
656.919 .... 2420 packets received, 7556 bps, 94.45%, Err 55 (1.0e-05)
659.321 .... 2425 packets received, 7544 bps, 94.30%, Err 56 (1.1e-05)
661.478 .... 2436 packets received, 7553 bps, 94.42%, Err 56 (1.1e-05)
663.608 .... 2444 packets received, 7554 bps, 94.42%, Err 56 (1.1e-05)
665.714 .... 2451 packets received, 7552 bps, 94.39%, Err 57 (1.1e-05)
667.824 .... 2459 packets received, 7552 bps, 94.40%, Err 57 (1.1e-05)
669.962 .... 2467 packets received, 7553 bps, 94.41%, Err 57 (1.1e-05)
672.065 .... 2475 packets received, 7553 bps, 94.42%, Err 57 (1.1e-05)
674.201 .... 2483 packets received, 7554 bps, 94.42%, Err 57 (1.1e-05)
676.300 .... 2491 packets received, 7554 bps, 94.43%, Err 57 (1.1e-05)
678.456 .... 2499 packets received, 7555 bps, 94.43%, Err 57 (1.1e-05)
680.549 .... 2507 packets received, 7555 bps, 94.44%, Err 57 (1.0e-05)
682.708 ** WARNING: System too busy, sleep 15 ms, but be awakened 74 ms later
682.723 .... 2515 packets received, 7555 bps, 94.44%, Err 57 (1.0e-05)
684.854 .... 2523 packets received, 7556 bps, 94.45%, Err 57 (1.0e-05)
687.049 .... 2531 packets received, 7556 bps, 94.44%, Err 57 (1.0e-05)
689.142 .... 2539 packets received, 7556 bps, 94.45%, Err 57 (1.0e-05)
691.259 .... 2547 packets received, 7557 bps, 94.46%, Err 57 (1.0e-05)
693.413 .... 2555 packets received, 7557 bps, 94.46%, Err 57 (1.0e-05)
695.490 .... 2563 packets received, 7558 bps, 94.48%, Err 57 (1.0e-05)
697.405 ** WARNING: System too busy, sleep 15 ms, but be awakened 76 ms later
697.686 .... 2571 packets received, 7558 bps, 94.47%, Err 57 (1.0e-05)
699.769 .... 2579 packets received, 7559 bps, 94.48%, Err 58 (1.0e-05)
700.021 Quit.
