000.000 =============================================================
000.000                     Station A                               
000.000 -------------------------------------------------------------
000.000 Protocol.lib, version 4.0, jiangyanjun0718@bupt.edu.cn
000.000 Channel: 8000 bps, 270 ms propagation delay, bit error rate 1.0E-04
000.000 Log file "fbA.log", TCP port 30015, debug mask 0x00
000.000 Station A is waiting for station B on TCP port 30015 ... Done.
000.729 New epoch: Tue May  7 21:45:59 2019
000.729 =================================================================
000.729 
000.729 Designed by CJSoft, build: May  7 2019  21:45:55
003.156 .... 7 packets received, 6702 bps, 83.78%, Err 1 (5.2e-05)
005.282 .... 14 packets received, 6723 bps, 84.03%, Err 5 (1.4e-04)
009.567 .... 18 packets received, 4312 bps, 53.89%, Err 9 (1.3e-04)
013.844 .... 28 packets received, 4471 bps, 55.88%, Err 12 (1.1e-04)
015.954 .... 39 packets received, 5347 bps, 66.84%, Err 13 (1.1e-04)
018.881 .... 44 packets received, 5044 bps, 63.05%, Err 14 (9.7e-05)
021.029 .... 54 packets received, 5526 bps, 69.08%, Err 15 (9.2e-05)
024.747 .... 57 packets received, 4920 bps, 61.49%, Err 18 (9.4e-05)
026.885 .... 63 packets received, 4988 bps, 62.35%, Err 23 (1.1e-04)
029.035 .... 71 packets received, 5190 bps, 64.87%, Err 23 (1.0e-04)
031.947 .... 75 packets received, 4966 bps, 62.08%, Err 25 (1.0e-04)
034.363 .... 83 packets received, 5098 bps, 63.72%, Err 29 (1.1e-04)
037.019 .... 87 packets received, 4949 bps, 61.86%, Err 33 (1.1e-04)
039.699 .... 93 packets received, 4924 bps, 61.55%, Err 37 (1.2e-04)
042.901 .... 95 packets received, 4645 bps, 58.07%, Err 38 (1.1e-04)
045.326 .... 107 packets received, 4946 bps, 61.82%, Err 38 (1.1e-04)
049.316 .... 110 packets received, 4664 bps, 58.30%, Err 44 (1.1e-04)
052.491 .... 118 packets received, 4695 bps, 58.69%, Err 45 (1.1e-04)
054.893 .... 125 packets received, 4752 bps, 59.40%, Err 46 (1.1e-04)
057.028 .... 136 packets received, 4973 bps, 62.16%, Err 48 (1.1e-04)
059.156 .... 143 packets received, 5037 bps, 62.97%, Err 48 (1.0e-04)
061.281 .... 150 packets received, 5098 bps, 63.72%, Err 49 (1.0e-04)
063.678 .... 155 packets received, 5066 bps, 63.32%, Err 51 (1.0e-04)
067.132 .... 160 packets received, 4956 bps, 61.95%, Err 54 (1.0e-04)
069.266 .... 171 packets received, 5131 bps, 64.14%, Err 55 (1.0e-04)
073.254 .... 174 packets received, 4933 bps, 61.66%, Err 61 (1.1e-04)
075.926 .... 183 packets received, 5003 bps, 62.54%, Err 62 (1.0e-04)
078.601 .... 193 packets received, 5095 bps, 63.68%, Err 63 (1.0e-04)
081.520 .... 198 packets received, 5037 bps, 62.96%, Err 65 (1.0e-04)
083.643 .... 208 packets received, 5156 bps, 64.44%, Err 66 (1.0e-04)
086.852 .... 214 packets received, 5106 bps, 63.82%, Err 70 (1.0e-04)
090.049 .... 219 packets received, 5038 bps, 62.97%, Err 73 (1.0e-04)
092.166 .... 230 packets received, 5168 bps, 64.60%, Err 74 (1.0e-04)
095.119 .... 234 packets received, 5093 bps, 63.66%, Err 76 (1.0e-04)
098.045 .... 240 packets received, 5066 bps, 63.32%, Err 79 (1.0e-04)
100.447 .... 249 packets received, 5129 bps, 64.11%, Err 81 (1.0e-04)
102.564 .... 260 packets received, 5244 bps, 65.55%, Err 82 (1.0e-04)
105.776 .... 261 packets received, 5102 bps, 63.78%, Err 85 (1.0e-04)
108.415 .... 271 packets received, 5168 bps, 64.60%, Err 87 (1.0e-04)
112.666 .... 277 packets received, 5081 bps, 63.51%, Err 93 (1.0e-04)
115.354 .... 279 packets received, 4997 bps, 62.47%, Err 94 (1.0e-04)
118.005 .... 290 packets received, 5077 bps, 63.46%, Err 96 (1.0e-04)
120.132 .... 301 packets received, 5175 bps, 64.69%, Err 96 (1.0e-04)
123.330 .... 307 packets received, 5140 bps, 64.25%, Err 97 (9.9e-05)
125.452 .... 317 packets received, 5217 bps, 65.22%, Err 97 (9.7e-05)
129.708 .... 322 packets received, 5124 bps, 64.05%, Err 105 (1.0e-04)
132.643 .... 325 packets received, 5057 bps, 63.21%, Err 107 (1.0e-04)
135.317 .... 331 packets received, 5048 bps, 63.09%, Err 110 (1.0e-04)
137.971 .... 335 packets received, 5010 bps, 62.62%, Err 110 (1.0e-04)
140.088 .... 346 packets received, 5095 bps, 63.69%, Err 112 (1.0e-04)
144.890 .... 351 packets received, 4996 bps, 62.46%, Err 117 (1.0e-04)
148.105 .... 356 packets received, 4957 bps, 61.96%, Err 120 (1.0e-04)
151.566 .... 362 packets received, 4924 bps, 61.56%, Err 125 (1.0e-04)
154.489 .... 369 packets received, 4924 bps, 61.55%, Err 128 (1.0e-04)
157.678 .... 371 packets received, 4850 bps, 60.63%, Err 132 (1.1e-04)
160.619 .... 374 packets received, 4799 bps, 59.99%, Err 133 (1.0e-04)
163.534 .... 381 packets received, 4801 bps, 60.02%, Err 137 (1.1e-04)
166.455 .... 386 packets received, 4778 bps, 59.73%, Err 138 (1.0e-04)
168.608 .... 397 packets received, 4851 bps, 60.64%, Err 138 (1.0e-04)
170.734 .... 405 packets received, 4887 bps, 61.09%, Err 139 (1.0e-04)
172.861 .... 412 packets received, 4910 bps, 61.38%, Err 139 (1.0e-04)
176.591 .... 415 packets received, 4841 bps, 60.51%, Err 142 (1.0e-04)
179.502 .... 426 packets received, 4888 bps, 61.10%, Err 143 (1.0e-04)
184.569 .... 434 packets received, 4842 bps, 60.53%, Err 147 (1.0e-04)
186.680 .... 440 packets received, 4854 bps, 60.67%, Err 152 (1.0e-04)
188.834 .... 441 packets received, 4809 bps, 60.11%, Err 155 (1.0e-04)
192.024 .... 446 packets received, 4782 bps, 59.78%, Err 158 (1.0e-04)
194.441 .... 457 packets received, 4839 bps, 60.48%, Err 160 (1.0e-04)
197.365 .... 465 packets received, 4850 bps, 60.63%, Err 162 (1.0e-04)
199.183 ** WARNING: System too busy, sleep 15 ms, but be awakened 66 ms later
200.025 .... 473 packets received, 4868 bps, 60.85%, Err 164 (1.0e-04)
202.143 .... 480 packets received, 4888 bps, 61.10%, Err 165 (1.0e-04)
204.258 .... 491 packets received, 4948 bps, 61.85%, Err 165 (1.0e-04)
209.313 .... 498 packets received, 4896 bps, 61.21%, Err 170 (1.0e-04)
212.221 .... 502 packets received, 4868 bps, 60.85%, Err 173 (1.0e-04)
215.429 .... 512 packets received, 4890 bps, 61.13%, Err 175 (1.0e-04)
217.835 .... 523 packets received, 4940 bps, 61.75%, Err 176 (1.0e-04)
219.946 .... 529 packets received, 4949 bps, 61.86%, Err 176 (1.0e-04)
222.351 .... 533 packets received, 4932 bps, 61.65%, Err 180 (1.0e-04)
224.478 .... 543 packets received, 4977 bps, 62.21%, Err 180 (1.0e-04)
226.609 .... 551 packets received, 5002 bps, 62.53%, Err 180 (1.0e-04)
228.738 .... 554 packets received, 4982 bps, 62.28%, Err 184 (1.0e-04)
231.393 .... 558 packets received, 4961 bps, 62.01%, Err 185 (1.0e-04)
235.372 .... 565 packets received, 4937 bps, 61.72%, Err 189 (1.0e-04)
237.512 .... 572 packets received, 4953 bps, 61.92%, Err 193 (1.0e-04)
240.154 .... 576 packets received, 4933 bps, 61.66%, Err 196 (1.0e-04)
243.105 .... 581 packets received, 4915 bps, 61.44%, Err 201 (1.0e-04)
245.781 .... 584 packets received, 4886 bps, 61.08%, Err 204 (1.0e-04)
250.046 .... 590 packets received, 4852 bps, 60.65%, Err 209 (1.0e-04)
253.767 .... 597 packets received, 4837 bps, 60.47%, Err 212 (1.0e-04)
256.702 .... 601 packets received, 4814 bps, 60.17%, Err 214 (1.0e-04)
258.839 .... 611 packets received, 4853 bps, 60.67%, Err 219 (1.1e-04)
260.965 .... 615 packets received, 4845 bps, 60.57%, Err 220 (1.1e-04)
263.098 .... 619 packets received, 4837 bps, 60.46%, Err 222 (1.1e-04)
265.211 .... 627 packets received, 4860 bps, 60.76%, Err 222 (1.0e-04)
269.996 .... 633 packets received, 4820 bps, 60.25%, Err 226 (1.0e-04)
273.191 .... 646 packets received, 4861 bps, 60.76%, Err 228 (1.0e-04)
276.130 .... 655 packets received, 4876 bps, 60.95%, Err 229 (1.0e-04)
279.306 .... 666 packets received, 4901 bps, 61.27%, Err 230 (1.0e-04)
282.515 .... 677 packets received, 4925 bps, 61.57%, Err 231 (1.0e-04)
285.698 .... 688 packets received, 4950 bps, 61.87%, Err 233 (1.0e-04)
289.162 .... 693 packets received, 4926 bps, 61.57%, Err 237 (1.0e-04)
291.810 .... 701 packets received, 4937 bps, 61.71%, Err 239 (1.0e-04)
294.756 .... 705 packets received, 4915 bps, 61.44%, Err 242 (1.0e-04)
296.892 .... 714 packets received, 4942 bps, 61.78%, Err 242 (1.0e-04)
299.040 .... 722 packets received, 4962 bps, 62.02%, Err 243 (1.0e-04)
304.083 .... 730 packets received, 4933 bps, 61.66%, Err 247 (1.0e-04)
307.814 .... 739 packets received, 4933 bps, 61.66%, Err 251 (1.0e-04)
310.763 .... 746 packets received, 4932 bps, 61.66%, Err 254 (1.0e-04)
313.953 .... 755 packets received, 4941 bps, 61.76%, Err 255 (1.0e-04)
317.410 .... 759 packets received, 4913 bps, 61.41%, Err 258 (1.0e-04)
320.350 .... 770 packets received, 4938 bps, 61.73%, Err 258 (1.0e-04)
322.464 .... 778 packets received, 4957 bps, 61.96%, Err 258 (1.0e-04)
324.600 .... 786 packets received, 4975 bps, 62.18%, Err 260 (1.0e-04)
327.536 .... 792 packets received, 4968 bps, 62.10%, Err 262 (1.0e-04)
329.631 .... 802 packets received, 4998 bps, 62.48%, Err 262 (1.0e-04)
332.852 .... 808 packets received, 4987 bps, 62.33%, Err 265 (1.0e-04)
337.898 .... 819 packets received, 4979 bps, 62.24%, Err 271 (1.0e-04)
341.364 .... 822 packets received, 4946 bps, 61.83%, Err 273 (1.0e-04)
345.073 .... 832 packets received, 4952 bps, 61.91%, Err 277 (1.0e-04)
348.008 .... 841 packets received, 4964 bps, 62.05%, Err 279 (1.0e-04)
351.194 .... 845 packets received, 4942 bps, 61.77%, Err 280 (1.0e-04)
353.333 .... 858 packets received, 4988 bps, 62.34%, Err 281 (1.0e-04)
357.330 .... 862 packets received, 4955 bps, 61.93%, Err 287 (1.0e-04)
359.994 .... 867 packets received, 4946 bps, 61.83%, Err 288 (1.0e-04)
362.663 .... 874 packets received, 4949 bps, 61.87%, Err 289 (1.0e-04)
364.776 .... 882 packets received, 4966 bps, 62.07%, Err 291 (1.0e-04)
367.430 .... 891 packets received, 4980 bps, 62.25%, Err 294 (1.0e-04)
370.096 .... 901 packets received, 5000 bps, 62.50%, Err 296 (1.0e-04)
372.220 .... 907 packets received, 5004 bps, 62.55%, Err 296 (1.0e-04)
376.728 .... 911 packets received, 4966 bps, 62.07%, Err 303 (1.0e-04)
382.328 .... 922 packets received, 4952 bps, 61.90%, Err 309 (1.0e-04)
385.262 .... 925 packets received, 4930 bps, 61.63%, Err 310 (1.0e-04)
388.468 .... 932 packets received, 4926 bps, 61.58%, Err 311 (1.0e-04)
391.401 .... 943 packets received, 4947 bps, 61.84%, Err 313 (1.0e-04)
393.522 .... 953 packets received, 4973 bps, 62.16%, Err 313 (1.0e-04)
397.782 .... 958 packets received, 4945 bps, 61.81%, Err 317 (1.0e-04)
400.705 .... 968 packets received, 4960 bps, 62.00%, Err 320 (1.0e-04)
403.096 .... 977 packets received, 4976 bps, 62.20%, Err 323 (1.0e-04)
405.233 .... 988 packets received, 5006 bps, 62.57%, Err 323 (1.0e-04)
407.634 .... 993 packets received, 5001 bps, 62.52%, Err 324 (1.0e-04)
410.015 .... 1001 packets received, 5012 bps, 62.65%, Err 325 (9.9e-05)
412.936 .... 1007 packets received, 5007 bps, 62.58%, Err 329 (1.0e-04)
419.316 .... 1014 packets received, 4965 bps, 62.06%, Err 336 (1.0e-04)
422.520 .... 1029 packets received, 5000 bps, 62.50%, Err 338 (1.0e-04)
425.177 .... 1038 packets received, 5012 bps, 62.65%, Err 340 (1.0e-04)
427.300 .... 1045 packets received, 5021 bps, 62.76%, Err 342 (1.0e-04)
430.220 .... 1054 packets received, 5029 bps, 62.87%, Err 346 (1.0e-04)
432.894 .... 1057 packets received, 5012 bps, 62.65%, Err 348 (1.0e-04)
435.556 .... 1061 packets received, 5001 bps, 62.51%, Err 352 (1.0e-04)
437.707 .... 1072 packets received, 5027 bps, 62.84%, Err 356 (1.0e-04)
441.182 .... 1073 packets received, 4992 bps, 62.41%, Err 360 (1.0e-04)
444.073 .... 1083 packets received, 5006 bps, 62.58%, Err 362 (1.0e-04)
447.536 .... 1086 packets received, 4981 bps, 62.26%, Err 367 (1.0e-04)
450.203 .... 1094 packets received, 4988 bps, 62.35%, Err 372 (1.0e-04)
453.148 .... 1100 packets received, 4983 bps, 62.28%, Err 374 (1.0e-04)
456.610 .... 1104 packets received, 4963 bps, 62.03%, Err 377 (1.0e-04)
459.265 .... 1115 packets received, 4983 bps, 62.29%, Err 378 (1.0e-04)
462.445 .... 1122 packets received, 4980 bps, 62.25%, Err 380 (1.0e-04)
464.605 .... 1132 packets received, 5001 bps, 62.51%, Err 381 (1.0e-04)
468.318 .... 1135 packets received, 4974 bps, 62.18%, Err 386 (1.0e-04)
470.511 ** WARNING: System too busy, sleep 15 ms, but be awakened 68 ms later
471.249 .... 1139 packets received, 4961 bps, 62.01%, Err 390 (1.0e-04)
473.932 .... 1146 packets received, 4963 bps, 62.04%, Err 392 (1.0e-04)
476.592 .... 1157 packets received, 4982 bps, 62.28%, Err 393 (1.0e-04)
479.788 .... 1163 packets received, 4975 bps, 62.19%, Err 398 (1.0e-04)
483.243 .... 1166 packets received, 4952 bps, 61.90%, Err 400 (1.0e-04)
485.353 .... 1177 packets received, 4977 bps, 62.21%, Err 401 (1.0e-04)
487.489 .... 1185 packets received, 4989 bps, 62.36%, Err 402 (1.0e-04)
490.424 .... 1192 packets received, 4988 bps, 62.35%, Err 404 (1.0e-04)
492.554 .... 1202 packets received, 5008 bps, 62.60%, Err 404 (1.0e-04)
494.693 .... 1209 packets received, 5016 bps, 62.69%, Err 405 (1.0e-04)
496.823 .... 1213 packets received, 5010 bps, 62.63%, Err 408 (1.0e-04)
498.931 .... 1214 packets received, 4993 bps, 62.42%, Err 410 (1.0e-04)
501.603 .... 1223 packets received, 5004 bps, 62.54%, Err 412 (1.0e-04)
504.533 .... 1226 packets received, 4987 bps, 62.33%, Err 417 (1.0e-04)
507.191 .... 1230 packets received, 4977 bps, 62.21%, Err 418 (1.0e-04)
509.319 .... 1239 packets received, 4992 bps, 62.40%, Err 420 (1.0e-04)
511.717 .... 1243 packets received, 4985 bps, 62.31%, Err 421 (1.0e-04)
513.848 .... 1253 packets received, 5004 bps, 62.55%, Err 421 (1.0e-04)
515.981 .... 1261 packets received, 5015 bps, 62.69%, Err 421 (1.0e-04)
518.899 .... 1268 packets received, 5014 bps, 62.68%, Err 422 (1.0e-04)
522.088 .... 1276 packets received, 5015 bps, 62.69%, Err 425 (1.0e-04)
525.027 .... 1286 packets received, 5026 bps, 62.83%, Err 430 (1.0e-04)
529.546 .... 1294 packets received, 5014 bps, 62.68%, Err 440 (1.0e-04)
532.476 .... 1300 packets received, 5010 bps, 62.62%, Err 442 (1.0e-04)
535.116 .... 1303 packets received, 4996 bps, 62.45%, Err 442 (1.0e-04)
537.274 .... 1316 packets received, 5026 bps, 62.82%, Err 442 (1.0e-04)
539.391 .... 1322 packets received, 5029 bps, 62.86%, Err 443 (1.0e-04)
541.523 .... 1330 packets received, 5039 bps, 62.99%, Err 443 (1.0e-04)
545.008 .... 1332 packets received, 5015 bps, 62.68%, Err 446 (1.0e-04)
547.906 .... 1344 packets received, 5033 bps, 62.91%, Err 449 (1.0e-04)
550.056 .... 1353 packets received, 5047 bps, 63.09%, Err 449 (1.0e-04)
553.761 .... 1355 packets received, 5020 bps, 62.76%, Err 454 (1.0e-04)
556.973 .... 1366 packets received, 5032 bps, 62.90%, Err 457 (1.0e-04)
559.382 .... 1371 packets received, 5029 bps, 62.86%, Err 459 (1.0e-04)
561.503 .... 1382 packets received, 5050 bps, 63.12%, Err 459 (1.0e-04)
563.637 .... 1390 packets received, 5060 bps, 63.25%, Err 459 (1.0e-04)
566.832 .... 1397 packets received, 5057 bps, 63.21%, Err 463 (1.0e-04)
569.221 .... 1405 packets received, 5064 bps, 63.30%, Err 466 (1.0e-04)
571.885 .... 1409 packets received, 5055 bps, 63.19%, Err 468 (1.0e-04)
574.520 .... 1415 packets received, 5053 bps, 63.16%, Err 468 (1.0e-04)
576.654 .... 1423 packets received, 5063 bps, 63.28%, Err 468 (1.0e-04)
579.594 .... 1427 packets received, 5051 bps, 63.14%, Err 470 (1.0e-04)
581.696 .... 1439 packets received, 5075 bps, 63.44%, Err 470 (1.0e-04)
584.637 .... 1443 packets received, 5064 bps, 63.30%, Err 474 (1.0e-04)
587.567 .... 1454 packets received, 5077 bps, 63.46%, Err 475 (1.0e-04)
590.752 .... 1460 packets received, 5070 bps, 63.38%, Err 480 (1.0e-04)
594.208 .... 1466 packets received, 5061 bps, 63.27%, Err 482 (1.0e-04)
596.360 .... 1475 packets received, 5074 bps, 63.43%, Err 482 (1.0e-04)
598.468 .... 1481 packets received, 5077 bps, 63.46%, Err 486 (1.0e-04)
600.590 .... 1487 packets received, 5079 bps, 63.49%, Err 487 (1.0e-04)
602.720 .... 1493 packets received, 5082 bps, 63.52%, Err 488 (1.0e-04)
605.112 .... 1498 packets received, 5079 bps, 63.48%, Err 489 (1.0e-04)
607.238 .... 1509 packets received, 5098 bps, 63.72%, Err 490 (1.0e-04)
611.743 .... 1515 packets received, 5080 bps, 63.50%, Err 494 (1.0e-04)
615.240 .... 1524 packets received, 5081 bps, 63.52%, Err 497 (1.0e-04)
618.175 .... 1533 packets received, 5087 bps, 63.59%, Err 499 (1.0e-04)
621.875 .... 1540 packets received, 5080 bps, 63.50%, Err 506 (1.0e-04)
627.194 .... 1546 packets received, 5056 bps, 63.21%, Err 509 (1.0e-04)
630.136 .... 1548 packets received, 5039 bps, 62.99%, Err 510 (1.0e-04)
632.267 .... 1564 packets received, 5074 bps, 63.43%, Err 510 (1.0e-04)
634.390 .... 1570 packets received, 5077 bps, 63.46%, Err 511 (1.0e-04)
636.539 .... 1576 packets received, 5079 bps, 63.48%, Err 512 (1.0e-04)
638.656 .... 1582 packets received, 5081 bps, 63.51%, Err 512 (1.0e-04)
640.789 .... 1588 packets received, 5083 bps, 63.54%, Err 512 (1.0e-04)
642.921 .... 1593 packets received, 5082 bps, 63.53%, Err 514 (1.0e-04)
645.048 .... 1600 packets received, 5088 bps, 63.60%, Err 515 (1.0e-04)
648.244 .... 1605 packets received, 5079 bps, 63.48%, Err 518 (1.0e-04)
650.915 .... 1615 packets received, 5089 bps, 63.62%, Err 523 (1.0e-04)
653.595 .... 1617 packets received, 5075 bps, 63.43%, Err 525 (1.0e-04)
656.258 .... 1622 packets received, 5070 bps, 63.37%, Err 528 (1.0e-04)
659.179 .... 1631 packets received, 5075 bps, 63.44%, Err 529 (1.0e-04)
662.110 .... 1639 packets received, 5077 bps, 63.47%, Err 532 (1.0e-04)
664.503 .... 1648 packets received, 5087 bps, 63.59%, Err 533 (1.0e-04)
666.883 .... 1656 packets received, 5093 bps, 63.67%, Err 535 (1.0e-04)
669.552 .... 1661 packets received, 5088 bps, 63.60%, Err 537 (1.0e-04)
671.692 .... 1668 packets received, 5093 bps, 63.67%, Err 540 (1.0e-04)
673.843 .... 1673 packets received, 5092 bps, 63.66%, Err 541 (1.0e-04)
676.472 .... 1676 packets received, 5082 bps, 63.52%, Err 542 (1.0e-04)
678.870 .... 1688 packets received, 5100 bps, 63.75%, Err 542 (1.0e-04)
681.003 .... 1694 packets received, 5102 bps, 63.78%, Err 543 (1.0e-04)
682.708 ** WARNING: System too busy, sleep 15 ms, but be awakened 72 ms later
684.728 .... 1696 packets received, 5080 bps, 63.50%, Err 548 (1.0e-04)
687.663 .... 1707 packets received, 5091 bps, 63.64%, Err 552 (1.0e-04)
689.778 .... 1715 packets received, 5099 bps, 63.74%, Err 552 (1.0e-04)
691.922 .... 1723 packets received, 5107 bps, 63.84%, Err 552 (1.0e-04)
695.133 .... 1731 packets received, 5107 bps, 63.84%, Err 556 (1.0e-04)
697.265 .... 1732 packets received, 5095 bps, 63.68%, Err 557 (1.0e-04)
697.400 ** WARNING: System too busy, sleep 15 ms, but be awakened 71 ms later
700.021 Quit.
