000.000 =============================================================
000.000                     Station A                               
000.000 -------------------------------------------------------------
000.000 Protocol.lib, version 4.0, jiangyanjun0718@bupt.edu.cn
000.000 Channel: 8000 bps, 270 ms propagation delay, bit error rate 0
000.000 Log file "uA.log", TCP port 30012, debug mask 0x00
000.000 Station A is waiting for station B on TCP port 30012 ... Done.
000.690 New epoch: Tue May  7 21:45:59 2019
000.690 =================================================================
000.690 
000.690 Designed by CJSoft, build: May  7 2019  21:45:55
003.439 .... 8 packets received, 7678 bps, 95.97%, Err 0 (0.0e+00)
005.557 .... 16 packets received, 7706 bps, 96.33%, Err 0 (0.0e+00)
007.684 .... 24 packets received, 7705 bps, 96.32%, Err 0 (0.0e+00)
009.783 .... 32 packets received, 7730 bps, 96.63%, Err 0 (0.0e+00)
011.902 .... 40 packets received, 7730 bps, 96.63%, Err 0 (0.0e+00)
014.031 .... 48 packets received, 7725 bps, 96.56%, Err 0 (0.0e+00)
016.147 .... 56 packets received, 7727 bps, 96.59%, Err 0 (0.0e+00)
018.272 .... 64 packets received, 7725 bps, 96.56%, Err 0 (0.0e+00)
020.399 .... 72 packets received, 7723 bps, 96.53%, Err 0 (0.0e+00)
022.514 .... 80 packets received, 7725 bps, 96.56%, Err 0 (0.0e+00)
024.651 .... 88 packets received, 7720 bps, 96.50%, Err 0 (0.0e+00)
026.760 .... 96 packets received, 7724 bps, 96.55%, Err 0 (0.0e+00)
028.883 .... 104 packets received, 7723 bps, 96.54%, Err 0 (0.0e+00)
031.015 .... 112 packets received, 7720 bps, 96.51%, Err 0 (0.0e+00)
033.124 .... 120 packets received, 7724 bps, 96.55%, Err 0 (0.0e+00)
035.267 .... 128 packets received, 7719 bps, 96.48%, Err 0 (0.0e+00)
037.369 .... 136 packets received, 7723 bps, 96.54%, Err 0 (0.0e+00)
039.509 .... 144 packets received, 7719 bps, 96.49%, Err 0 (0.0e+00)
041.615 .... 152 packets received, 7723 bps, 96.53%, Err 0 (0.0e+00)
043.741 .... 160 packets received, 7722 bps, 96.52%, Err 0 (0.0e+00)
045.850 .... 168 packets received, 7724 bps, 96.55%, Err 0 (0.0e+00)
047.974 .... 176 packets received, 7723 bps, 96.54%, Err 0 (0.0e+00)
050.079 .... 184 packets received, 7726 bps, 96.58%, Err 0 (0.0e+00)
052.202 .... 192 packets received, 7726 bps, 96.57%, Err 0 (0.0e+00)
054.329 .... 200 packets received, 7725 bps, 96.56%, Err 0 (0.0e+00)
056.487 .... 208 packets received, 7720 bps, 96.50%, Err 0 (0.0e+00)
058.570 .... 216 packets received, 7725 bps, 96.56%, Err 0 (0.0e+00)
060.681 .... 224 packets received, 7726 bps, 96.58%, Err 0 (0.0e+00)
062.823 .... 232 packets received, 7724 bps, 96.54%, Err 0 (0.0e+00)
064.921 .... 240 packets received, 7726 bps, 96.58%, Err 0 (0.0e+00)
067.052 .... 248 packets received, 7725 bps, 96.56%, Err 0 (0.0e+00)
069.188 .... 256 packets received, 7723 bps, 96.54%, Err 0 (0.0e+00)
071.291 .... 264 packets received, 7725 bps, 96.57%, Err 0 (0.0e+00)
073.427 .... 272 packets received, 7724 bps, 96.55%, Err 0 (0.0e+00)
075.519 .... 280 packets received, 7727 bps, 96.59%, Err 0 (0.0e+00)
077.661 .... 288 packets received, 7725 bps, 96.56%, Err 0 (0.0e+00)
079.768 .... 296 packets received, 7726 bps, 96.58%, Err 0 (0.0e+00)
081.891 .... 304 packets received, 7726 bps, 96.57%, Err 0 (0.0e+00)
084.026 .... 312 packets received, 7724 bps, 96.56%, Err 0 (0.0e+00)
086.144 .... 320 packets received, 7725 bps, 96.56%, Err 0 (0.0e+00)
088.246 .... 328 packets received, 7726 bps, 96.58%, Err 0 (0.0e+00)
090.368 .... 336 packets received, 7726 bps, 96.58%, Err 0 (0.0e+00)
092.488 .... 344 packets received, 7726 bps, 96.58%, Err 0 (0.0e+00)
094.602 .... 352 packets received, 7727 bps, 96.59%, Err 0 (0.0e+00)
096.737 .... 360 packets received, 7726 bps, 96.57%, Err 0 (0.0e+00)
098.868 .... 368 packets received, 7725 bps, 96.56%, Err 0 (0.0e+00)
104.501 .... 375 packets received, 7442 bps, 93.03%, Err 0 (0.0e+00)
108.634 .... 376 packets received, 7175 bps, 89.68%, Err 0 (0.0e+00)
112.714 .... 377 packets received, 6930 bps, 86.63%, Err 0 (0.0e+00)
116.754 .... 378 packets received, 6706 bps, 83.82%, Err 0 (0.0e+00)
120.831 .... 379 packets received, 6494 bps, 81.17%, Err 0 (0.0e+00)
124.894 .... 380 packets received, 6297 bps, 78.71%, Err 0 (0.0e+00)
129.115 .... 381 packets received, 6105 bps, 76.31%, Err 0 (0.0e+00)
133.168 .... 382 packets received, 5933 bps, 74.16%, Err 0 (0.0e+00)
137.316 .... 383 packets received, 5767 bps, 72.09%, Err 0 (0.0e+00)
141.367 .... 384 packets received, 5615 bps, 70.19%, Err 0 (0.0e+00)
145.557 .... 385 packets received, 5466 bps, 68.32%, Err 0 (0.0e+00)
149.602 .... 386 packets received, 5331 bps, 66.63%, Err 0 (0.0e+00)
153.720 .... 387 packets received, 5200 bps, 65.00%, Err 0 (0.0e+00)
157.925 .... 388 packets received, 5074 bps, 63.42%, Err 0 (0.0e+00)
161.997 .... 389 packets received, 4958 bps, 61.97%, Err 0 (0.0e+00)
166.079 .... 390 packets received, 4847 bps, 60.59%, Err 0 (0.0e+00)
170.091 .... 391 packets received, 4744 bps, 59.30%, Err 0 (0.0e+00)
174.239 .... 392 packets received, 4642 bps, 58.03%, Err 0 (0.0e+00)
178.382 .... 393 packets received, 4545 bps, 56.82%, Err 0 (0.0e+00)
182.361 .... 394 packets received, 4457 bps, 55.71%, Err 0 (0.0e+00)
186.552 .... 395 packets received, 4367 bps, 54.59%, Err 0 (0.0e+00)
190.638 .... 396 packets received, 4284 bps, 53.54%, Err 0 (0.0e+00)
194.724 .... 397 packets received, 4204 bps, 52.54%, Err 0 (0.0e+00)
198.841 .... 398 packets received, 4126 bps, 51.58%, Err 0 (0.0e+00)
201.064 .... 401 packets received, 4111 bps, 51.39%, Err 0 (0.0e+00)
203.198 .... 409 packets received, 4149 bps, 51.86%, Err 0 (0.0e+00)
205.306 .... 417 packets received, 4186 bps, 52.33%, Err 0 (0.0e+00)
207.431 .... 425 packets received, 4223 bps, 52.78%, Err 0 (0.0e+00)
209.567 .... 433 packets received, 4258 bps, 53.23%, Err 0 (0.0e+00)
211.664 .... 441 packets received, 4293 bps, 53.67%, Err 0 (0.0e+00)
213.788 .... 449 packets received, 4328 bps, 54.10%, Err 0 (0.0e+00)
215.902 .... 457 packets received, 4361 bps, 54.52%, Err 0 (0.0e+00)
218.025 .... 465 packets received, 4394 bps, 54.93%, Err 0 (0.0e+00)
220.131 .... 473 packets received, 4427 bps, 55.34%, Err 0 (0.0e+00)
222.269 .... 481 packets received, 4458 bps, 55.73%, Err 0 (0.0e+00)
224.399 .... 489 packets received, 4489 bps, 56.11%, Err 0 (0.0e+00)
226.500 .... 497 packets received, 4520 bps, 56.50%, Err 0 (0.0e+00)
228.628 .... 505 packets received, 4550 bps, 56.87%, Err 0 (0.0e+00)
230.750 .... 513 packets received, 4579 bps, 57.24%, Err 0 (0.0e+00)
232.867 .... 521 packets received, 4608 bps, 57.60%, Err 0 (0.0e+00)
234.974 .... 529 packets received, 4636 bps, 57.96%, Err 0 (0.0e+00)
237.121 .... 537 packets received, 4664 bps, 58.30%, Err 0 (0.0e+00)
239.237 .... 545 packets received, 4691 bps, 58.64%, Err 0 (0.0e+00)
241.360 .... 553 packets received, 4718 bps, 58.97%, Err 0 (0.0e+00)
243.484 .... 561 packets received, 4744 bps, 59.30%, Err 0 (0.0e+00)
245.593 .... 569 packets received, 4770 bps, 59.63%, Err 0 (0.0e+00)
247.707 .... 577 packets received, 4796 bps, 59.95%, Err 0 (0.0e+00)
249.836 .... 585 packets received, 4821 bps, 60.26%, Err 0 (0.0e+00)
251.952 .... 593 packets received, 4845 bps, 60.57%, Err 0 (0.0e+00)
254.073 .... 601 packets received, 4869 bps, 60.87%, Err 0 (0.0e+00)
256.201 .... 609 packets received, 4893 bps, 61.16%, Err 0 (0.0e+00)
258.316 .... 617 packets received, 4917 bps, 61.46%, Err 0 (0.0e+00)
260.440 .... 625 packets received, 4940 bps, 61.74%, Err 0 (0.0e+00)
262.551 .... 633 packets received, 4962 bps, 62.03%, Err 0 (0.0e+00)
264.673 .... 641 packets received, 4985 bps, 62.31%, Err 0 (0.0e+00)
266.786 .... 649 packets received, 5007 bps, 62.58%, Err 0 (0.0e+00)
268.899 .... 657 packets received, 5028 bps, 62.85%, Err 0 (0.0e+00)
271.023 .... 665 packets received, 5049 bps, 63.12%, Err 0 (0.0e+00)
273.149 .... 673 packets received, 5070 bps, 63.38%, Err 0 (0.0e+00)
275.273 .... 681 packets received, 5091 bps, 63.63%, Err 0 (0.0e+00)
277.421 .... 689 packets received, 5110 bps, 63.88%, Err 0 (0.0e+00)
279.510 .... 697 packets received, 5131 bps, 64.14%, Err 0 (0.0e+00)
281.623 .... 705 packets received, 5151 bps, 64.38%, Err 0 (0.0e+00)
283.742 .... 713 packets received, 5170 bps, 64.63%, Err 0 (0.0e+00)
285.888 .... 721 packets received, 5189 bps, 64.86%, Err 0 (0.0e+00)
288.011 .... 729 packets received, 5207 bps, 65.09%, Err 0 (0.0e+00)
290.127 .... 737 packets received, 5226 bps, 65.32%, Err 0 (0.0e+00)
292.240 .... 745 packets received, 5244 bps, 65.55%, Err 0 (0.0e+00)
294.358 .... 753 packets received, 5262 bps, 65.78%, Err 0 (0.0e+00)
296.470 .... 761 packets received, 5280 bps, 66.00%, Err 0 (0.0e+00)
298.591 .... 769 packets received, 5298 bps, 66.22%, Err 0 (0.0e+00)
304.593 .... 777 packets received, 5247 bps, 65.59%, Err 0 (0.0e+00)
308.790 .... 778 packets received, 5182 bps, 64.77%, Err 0 (0.0e+00)
312.885 .... 779 packets received, 5120 bps, 64.00%, Err 0 (0.0e+00)
316.928 .... 780 packets received, 5061 bps, 63.27%, Err 0 (0.0e+00)
321.056 .... 781 packets received, 5002 bps, 62.53%, Err 0 (0.0e+00)
325.119 .... 782 packets received, 4946 bps, 61.82%, Err 0 (0.0e+00)
329.255 .... 783 packets received, 4890 bps, 61.12%, Err 0 (0.0e+00)
333.332 .... 784 packets received, 4836 bps, 60.45%, Err 0 (0.0e+00)
337.462 .... 785 packets received, 4783 bps, 59.78%, Err 0 (0.0e+00)
341.507 .... 786 packets received, 4732 bps, 59.15%, Err 0 (0.0e+00)
345.586 .... 787 packets received, 4682 bps, 58.52%, Err 0 (0.0e+00)
349.629 .... 788 packets received, 4633 bps, 57.91%, Err 0 (0.0e+00)
353.648 .... 789 packets received, 4586 bps, 57.33%, Err 0 (0.0e+00)
357.723 .... 790 packets received, 4539 bps, 56.74%, Err 0 (0.0e+00)
361.936 .... 791 packets received, 4492 bps, 56.15%, Err 0 (0.0e+00)
366.042 .... 792 packets received, 4447 bps, 55.59%, Err 0 (0.0e+00)
370.319 .... 793 packets received, 4401 bps, 55.01%, Err 0 (0.0e+00)
374.354 .... 794 packets received, 4359 bps, 54.49%, Err 0 (0.0e+00)
378.496 .... 795 packets received, 4317 bps, 53.96%, Err 0 (0.0e+00)
382.582 .... 796 packets received, 4276 bps, 53.45%, Err 0 (0.0e+00)
386.709 .... 797 packets received, 4235 bps, 52.94%, Err 0 (0.0e+00)
390.910 .... 798 packets received, 4195 bps, 52.43%, Err 0 (0.0e+00)
395.025 .... 799 packets received, 4156 bps, 51.95%, Err 0 (0.0e+00)
399.144 .... 800 packets received, 4118 bps, 51.48%, Err 0 (0.0e+00)
401.338 .... 804 packets received, 4116 bps, 51.45%, Err 0 (0.0e+00)
403.442 .... 812 packets received, 4135 bps, 51.69%, Err 0 (0.0e+00)
405.568 .... 820 packets received, 4154 bps, 51.93%, Err 0 (0.0e+00)
407.697 .... 828 packets received, 4173 bps, 52.16%, Err 0 (0.0e+00)
409.810 .... 836 packets received, 4191 bps, 52.39%, Err 0 (0.0e+00)
411.929 .... 844 packets received, 4209 bps, 52.62%, Err 0 (0.0e+00)
414.049 .... 852 packets received, 4228 bps, 52.84%, Err 0 (0.0e+00)
416.171 .... 860 packets received, 4245 bps, 53.07%, Err 0 (0.0e+00)
418.296 .... 868 packets received, 4263 bps, 53.29%, Err 0 (0.0e+00)
420.397 .... 876 packets received, 4281 bps, 53.51%, Err 0 (0.0e+00)
422.551 .... 884 packets received, 4298 bps, 53.72%, Err 0 (0.0e+00)
424.647 .... 892 packets received, 4315 bps, 53.94%, Err 0 (0.0e+00)
426.778 .... 900 packets received, 4332 bps, 54.15%, Err 0 (0.0e+00)
428.886 .... 908 packets received, 4349 bps, 54.36%, Err 0 (0.0e+00)
431.026 .... 916 packets received, 4366 bps, 54.57%, Err 0 (0.0e+00)
433.135 .... 924 packets received, 4382 bps, 54.78%, Err 0 (0.0e+00)
435.255 .... 932 packets received, 4399 bps, 54.98%, Err 0 (0.0e+00)
437.378 .... 940 packets received, 4415 bps, 55.18%, Err 0 (0.0e+00)
439.505 .... 948 packets received, 4431 bps, 55.38%, Err 0 (0.0e+00)
441.631 .... 956 packets received, 4446 bps, 55.58%, Err 0 (0.0e+00)
443.743 .... 964 packets received, 4462 bps, 55.78%, Err 0 (0.0e+00)
445.859 .... 972 packets received, 4478 bps, 55.97%, Err 0 (0.0e+00)
447.986 .... 980 packets received, 4493 bps, 56.17%, Err 0 (0.0e+00)
450.093 .... 988 packets received, 4509 bps, 56.36%, Err 0 (0.0e+00)
452.234 .... 996 packets received, 4524 bps, 56.54%, Err 0 (0.0e+00)
454.344 .... 1004 packets received, 4539 bps, 56.73%, Err 0 (0.0e+00)
456.455 .... 1012 packets received, 4554 bps, 56.92%, Err 0 (0.0e+00)
458.569 .... 1020 packets received, 4568 bps, 57.10%, Err 0 (0.0e+00)
460.723 .... 1028 packets received, 4583 bps, 57.28%, Err 0 (0.0e+00)
462.825 .... 1036 packets received, 4597 bps, 57.47%, Err 0 (0.0e+00)
464.939 .... 1044 packets received, 4612 bps, 57.65%, Err 0 (0.0e+00)
467.068 .... 1052 packets received, 4626 bps, 57.82%, Err 0 (0.0e+00)
469.189 .... 1060 packets received, 4640 bps, 58.00%, Err 0 (0.0e+00)
470.511 ** WARNING: System too busy, sleep 15 ms, but be awakened 69 ms later
471.311 .... 1068 packets received, 4654 bps, 58.17%, Err 0 (0.0e+00)
473.456 .... 1076 packets received, 4667 bps, 58.34%, Err 0 (0.0e+00)
475.568 .... 1084 packets received, 4681 bps, 58.51%, Err 0 (0.0e+00)
477.672 .... 1092 packets received, 4695 bps, 58.68%, Err 0 (0.0e+00)
479.817 .... 1100 packets received, 4708 bps, 58.85%, Err 0 (0.0e+00)
481.936 .... 1108 packets received, 4721 bps, 59.02%, Err 0 (0.0e+00)
484.047 .... 1116 packets received, 4735 bps, 59.18%, Err 0 (0.0e+00)
486.172 .... 1124 packets received, 4748 bps, 59.34%, Err 0 (0.0e+00)
488.286 .... 1132 packets received, 4761 bps, 59.51%, Err 0 (0.0e+00)
490.409 .... 1140 packets received, 4773 bps, 59.67%, Err 0 (0.0e+00)
492.537 .... 1148 packets received, 4786 bps, 59.83%, Err 0 (0.0e+00)
494.637 .... 1156 packets received, 4799 bps, 59.99%, Err 0 (0.0e+00)
496.761 .... 1164 packets received, 4811 bps, 60.14%, Err 0 (0.0e+00)
498.892 .... 1172 packets received, 4824 bps, 60.30%, Err 0 (0.0e+00)
504.465 .... 1179 packets received, 4799 bps, 59.99%, Err 0 (0.0e+00)
508.569 .... 1180 packets received, 4764 bps, 59.55%, Err 0 (0.0e+00)
512.640 .... 1181 packets received, 4730 bps, 59.13%, Err 0 (0.0e+00)
516.688 .... 1182 packets received, 4697 bps, 58.71%, Err 0 (0.0e+00)
520.752 .... 1183 packets received, 4664 bps, 58.30%, Err 0 (0.0e+00)
524.822 .... 1184 packets received, 4632 bps, 57.90%, Err 0 (0.0e+00)
528.917 .... 1185 packets received, 4600 bps, 57.50%, Err 0 (0.0e+00)
532.958 .... 1186 packets received, 4569 bps, 57.11%, Err 0 (0.0e+00)
537.018 .... 1187 packets received, 4538 bps, 56.72%, Err 0 (0.0e+00)
541.148 .... 1188 packets received, 4507 bps, 56.34%, Err 0 (0.0e+00)
545.179 .... 1189 packets received, 4477 bps, 55.97%, Err 0 (0.0e+00)
549.297 .... 1190 packets received, 4447 bps, 55.59%, Err 0 (0.0e+00)
553.529 .... 1191 packets received, 4417 bps, 55.21%, Err 0 (0.0e+00)
557.685 .... 1192 packets received, 4388 bps, 54.85%, Err 0 (0.0e+00)
561.767 .... 1193 packets received, 4359 bps, 54.49%, Err 0 (0.0e+00)
565.952 .... 1194 packets received, 4331 bps, 54.13%, Err 0 (0.0e+00)
569.977 .... 1195 packets received, 4304 bps, 53.80%, Err 0 (0.0e+00)
574.052 .... 1196 packets received, 4277 bps, 53.46%, Err 0 (0.0e+00)
578.084 .... 1197 packets received, 4250 bps, 53.13%, Err 0 (0.0e+00)
582.104 .... 1198 packets received, 4224 bps, 52.80%, Err 0 (0.0e+00)
586.383 .... 1199 packets received, 4197 bps, 52.46%, Err 0 (0.0e+00)
590.609 .... 1200 packets received, 4170 bps, 52.13%, Err 0 (0.0e+00)
594.744 .... 1201 packets received, 4145 bps, 51.81%, Err 0 (0.0e+00)
598.922 .... 1202 packets received, 4119 bps, 51.49%, Err 0 (0.0e+00)
601.070 .... 1205 packets received, 4115 bps, 51.43%, Err 0 (0.0e+00)
603.286 .... 1213 packets received, 4127 bps, 51.58%, Err 0 (0.0e+00)
605.356 .... 1221 packets received, 4140 bps, 51.75%, Err 0 (0.0e+00)
607.497 .... 1229 packets received, 4152 bps, 51.90%, Err 0 (0.0e+00)
609.613 .... 1237 packets received, 4165 bps, 52.06%, Err 0 (0.0e+00)
611.744 .... 1245 packets received, 4177 bps, 52.21%, Err 0 (0.0e+00)
613.873 .... 1253 packets received, 4189 bps, 52.36%, Err 0 (0.0e+00)
615.985 .... 1261 packets received, 4201 bps, 52.52%, Err 0 (0.0e+00)
618.096 .... 1269 packets received, 4214 bps, 52.67%, Err 0 (0.0e+00)
620.231 .... 1277 packets received, 4226 bps, 52.82%, Err 0 (0.0e+00)
622.357 .... 1285 packets received, 4237 bps, 52.97%, Err 0 (0.0e+00)
624.478 .... 1293 packets received, 4249 bps, 53.12%, Err 0 (0.0e+00)
626.591 .... 1301 packets received, 4261 bps, 53.26%, Err 0 (0.0e+00)
628.699 .... 1309 packets received, 4273 bps, 53.41%, Err 0 (0.0e+00)
630.809 .... 1317 packets received, 4285 bps, 53.56%, Err 0 (0.0e+00)
632.942 .... 1325 packets received, 4296 bps, 53.70%, Err 0 (0.0e+00)
635.059 .... 1333 packets received, 4308 bps, 53.85%, Err 0 (0.0e+00)
637.166 .... 1341 packets received, 4319 bps, 53.99%, Err 0 (0.0e+00)
639.298 .... 1349 packets received, 4330 bps, 54.13%, Err 0 (0.0e+00)
641.428 .... 1357 packets received, 4342 bps, 54.27%, Err 0 (0.0e+00)
643.541 .... 1365 packets received, 4353 bps, 54.41%, Err 0 (0.0e+00)
645.653 .... 1373 packets received, 4364 bps, 54.55%, Err 0 (0.0e+00)
647.795 .... 1381 packets received, 4375 bps, 54.69%, Err 0 (0.0e+00)
649.910 .... 1389 packets received, 4386 bps, 54.82%, Err 0 (0.0e+00)
652.024 .... 1397 packets received, 4397 bps, 54.96%, Err 0 (0.0e+00)
654.144 .... 1405 packets received, 4408 bps, 55.09%, Err 0 (0.0e+00)
656.277 .... 1413 packets received, 4418 bps, 55.23%, Err 0 (0.0e+00)
658.391 .... 1421 packets received, 4429 bps, 55.36%, Err 0 (0.0e+00)
660.492 .... 1429 packets received, 4440 bps, 55.50%, Err 0 (0.0e+00)
662.612 .... 1437 packets received, 4450 bps, 55.63%, Err 0 (0.0e+00)
664.743 .... 1445 packets received, 4461 bps, 55.76%, Err 0 (0.0e+00)
666.868 .... 1453 packets received, 4471 bps, 55.89%, Err 0 (0.0e+00)
668.983 .... 1461 packets received, 4481 bps, 56.02%, Err 0 (0.0e+00)
671.105 .... 1469 packets received, 4492 bps, 56.15%, Err 0 (0.0e+00)
673.252 .... 1477 packets received, 4502 bps, 56.27%, Err 0 (0.0e+00)
675.354 .... 1485 packets received, 4512 bps, 56.40%, Err 0 (0.0e+00)
677.484 .... 1493 packets received, 4522 bps, 56.52%, Err 0 (0.0e+00)
679.597 .... 1501 packets received, 4532 bps, 56.65%, Err 0 (0.0e+00)
681.716 .... 1509 packets received, 4542 bps, 56.78%, Err 0 (0.0e+00)
682.709 ** WARNING: System too busy, sleep 15 ms, but be awakened 73 ms later
683.854 .... 1517 packets received, 4552 bps, 56.90%, Err 0 (0.0e+00)
685.955 .... 1525 packets received, 4562 bps, 57.02%, Err 0 (0.0e+00)
688.076 .... 1533 packets received, 4572 bps, 57.14%, Err 0 (0.0e+00)
690.215 .... 1541 packets received, 4581 bps, 57.26%, Err 0 (0.0e+00)
692.312 .... 1549 packets received, 4591 bps, 57.39%, Err 0 (0.0e+00)
694.438 .... 1557 packets received, 4600 bps, 57.51%, Err 0 (0.0e+00)
696.548 .... 1565 packets received, 4610 bps, 57.63%, Err 0 (0.0e+00)
697.412 ** WARNING: System too busy, sleep 15 ms, but be awakened 79 ms later
698.692 .... 1573 packets received, 4619 bps, 57.74%, Err 0 (0.0e+00)
700.023 Quit.
